ARM GAS  C:\Users\JEPPES~1\AppData\Local\Temp\cc0NL9eE.s 			page 1


   1              		.cpu cortex-m0
   2              		.fpu softvfp
   3              		.eabi_attribute 20, 1
   4              		.eabi_attribute 21, 1
   5              		.eabi_attribute 23, 3
   6              		.eabi_attribute 24, 1
   7              		.eabi_attribute 25, 1
   8              		.eabi_attribute 26, 1
   9              		.eabi_attribute 30, 1
  10              		.eabi_attribute 34, 0
  11              		.eabi_attribute 18, 4
  12              		.code	16
  13              		.file	"data.c"
  14              		.text
  15              	.Ltext0:
  16              		.cfi_sections	.debug_frame
  17              		.section	.text.data_init,"ax",%progbits
  18              		.align	2
  19              		.global	data_init
  20              		.code	16
  21              		.thumb_func
  22              		.type	data_init, %function
  23              	data_init:
  24              	.LFB34:
  25              		.file 1 ".\\data.c"
   1:.\data.c      **** /* ========================================
   2:.\data.c      ****  *
   3:.\data.c      ****  * File: data.c
   4:.\data.c      ****  * Description: 
   5:.\data.c      ****  *
   6:.\data.c      ****  * University: AARHUS UNIVERSITY SCHOOL OF ENGINEERING
   7:.\data.c      ****  * Project: F16 - E3PRJ3-02 Semesterprojekt 3 [240501U178]
   8:.\data.c      ****  * Group: 1
   9:.\data.c      ****  * 
  10:.\data.c      ****  * Author: 
  11:.\data.c      ****  * Matriculation number: 
  12:.\data.c      ****  *
  13:.\data.c      ****  * Version: 1.0
  14:.\data.c      ****  * Date: 13-05-2016
  15:.\data.c      ****  *
  16:.\data.c      ****  * ========================================
  17:.\data.c      **** */
  18:.\data.c      **** 
  19:.\data.c      **** #include "data.h"
  20:.\data.c      **** 
  21:.\data.c      **** void data_init(void)
  22:.\data.c      **** {
  26              		.loc 1 22 0
  27              		.cfi_startproc
  23:.\data.c      ****     dataZ.calibratedZ = 1;
  28              		.loc 1 23 0
  29 0000 054B     		ldr	r3, .L2
  30 0002 0122     		mov	r2, #1
  31 0004 1A70     		strb	r2, [r3]
  24:.\data.c      ****     dataZ.interruptZ = 0;
  32              		.loc 1 24 0
  33 0006 0022     		mov	r2, #0
ARM GAS  C:\Users\JEPPES~1\AppData\Local\Temp\cc0NL9eE.s 			page 2


  34 0008 5A70     		strb	r2, [r3, #1]
  25:.\data.c      ****     dataZ.isrStopZ = 0;
  35              		.loc 1 25 0
  36 000a 9A70     		strb	r2, [r3, #2]
  26:.\data.c      ****     dataZ.zFlag = 0;
  37              		.loc 1 26 0
  38 000c DA70     		strb	r2, [r3, #3]
  27:.\data.c      ****     dataZ.zMax = 3000;
  39              		.loc 1 27 0
  40 000e 0349     		ldr	r1, .L2+4
  41 0010 5960     		str	r1, [r3, #4]
  28:.\data.c      ****     dataZ.zPos = 0;
  42              		.loc 1 28 0
  43 0012 9A60     		str	r2, [r3, #8]
  29:.\data.c      **** }
  44              		.loc 1 29 0
  45              		@ sp needed
  46 0014 7047     		bx	lr
  47              	.L3:
  48 0016 C046     		.align	2
  49              	.L2:
  50 0018 00000000 		.word	dataZ
  51 001c B80B0000 		.word	3000
  52              		.cfi_endproc
  53              	.LFE34:
  54              		.size	data_init, .-data_init
  55              		.comm	dataZ,12,4
  56              		.text
  57              	.Letext0:
  58              		.file 2 "Generated_Source\\PSoC4/cytypes.h"
  59              		.file 3 ".\\data.h"
  60              		.section	.debug_info,"",%progbits
  61              	.Ldebug_info0:
  62 0000 13010000 		.4byte	0x113
  63 0004 0400     		.2byte	0x4
  64 0006 00000000 		.4byte	.Ldebug_abbrev0
  65 000a 04       		.byte	0x4
  66 000b 01       		.uleb128 0x1
  67 000c F5000000 		.4byte	.LASF21
  68 0010 01       		.byte	0x1
  69 0011 A1000000 		.4byte	.LASF22
  70 0015 C9000000 		.4byte	.LASF23
  71 0019 00000000 		.4byte	.Ldebug_ranges0+0
  72 001d 00000000 		.4byte	0
  73 0021 00000000 		.4byte	.Ldebug_line0
  74 0025 02       		.uleb128 0x2
  75 0026 01       		.byte	0x1
  76 0027 06       		.byte	0x6
  77 0028 BD000000 		.4byte	.LASF0
  78 002c 02       		.uleb128 0x2
  79 002d 01       		.byte	0x1
  80 002e 08       		.byte	0x8
  81 002f 62000000 		.4byte	.LASF1
  82 0033 02       		.uleb128 0x2
  83 0034 02       		.byte	0x2
  84 0035 05       		.byte	0x5
  85 0036 7E000000 		.4byte	.LASF2
ARM GAS  C:\Users\JEPPES~1\AppData\Local\Temp\cc0NL9eE.s 			page 3


  86 003a 02       		.uleb128 0x2
  87 003b 02       		.byte	0x2
  88 003c 07       		.byte	0x7
  89 003d AA000000 		.4byte	.LASF3
  90 0041 02       		.uleb128 0x2
  91 0042 04       		.byte	0x4
  92 0043 05       		.byte	0x5
  93 0044 75000000 		.4byte	.LASF4
  94 0048 02       		.uleb128 0x2
  95 0049 04       		.byte	0x4
  96 004a 07       		.byte	0x7
  97 004b 88000000 		.4byte	.LASF5
  98 004f 02       		.uleb128 0x2
  99 0050 08       		.byte	0x8
 100 0051 05       		.byte	0x5
 101 0052 00000000 		.4byte	.LASF6
 102 0056 02       		.uleb128 0x2
 103 0057 08       		.byte	0x8
 104 0058 07       		.byte	0x7
 105 0059 38000000 		.4byte	.LASF7
 106 005d 03       		.uleb128 0x3
 107 005e 04       		.byte	0x4
 108 005f 05       		.byte	0x5
 109 0060 696E7400 		.ascii	"int\000"
 110 0064 02       		.uleb128 0x2
 111 0065 04       		.byte	0x4
 112 0066 07       		.byte	0x7
 113 0067 15000000 		.4byte	.LASF8
 114 006b 04       		.uleb128 0x4
 115 006c 2C000000 		.4byte	.LASF9
 116 0070 02       		.byte	0x2
 117 0071 3801     		.2byte	0x138
 118 0073 2C000000 		.4byte	0x2c
 119 0077 04       		.uleb128 0x4
 120 0078 0E000000 		.4byte	.LASF10
 121 007c 02       		.byte	0x2
 122 007d 3A01     		.2byte	0x13a
 123 007f 48000000 		.4byte	0x48
 124 0083 02       		.uleb128 0x2
 125 0084 04       		.byte	0x4
 126 0085 04       		.byte	0x4
 127 0086 8F010000 		.4byte	.LASF11
 128 008a 02       		.uleb128 0x2
 129 008b 08       		.byte	0x8
 130 008c 04       		.byte	0x4
 131 008d 9A000000 		.4byte	.LASF12
 132 0091 02       		.uleb128 0x2
 133 0092 01       		.byte	0x1
 134 0093 08       		.byte	0x8
 135 0094 70000000 		.4byte	.LASF13
 136 0098 02       		.uleb128 0x2
 137 0099 04       		.byte	0x4
 138 009a 07       		.byte	0x7
 139 009b 9B010000 		.4byte	.LASF14
 140 009f 05       		.uleb128 0x5
 141 00a0 ED000000 		.4byte	.LASF24
 142 00a4 0C       		.byte	0xc
ARM GAS  C:\Users\JEPPES~1\AppData\Local\Temp\cc0NL9eE.s 			page 4


 143 00a5 03       		.byte	0x3
 144 00a6 18       		.byte	0x18
 145 00a7 F4000000 		.4byte	0xf4
 146 00ab 06       		.uleb128 0x6
 147 00ac 83010000 		.4byte	.LASF15
 148 00b0 03       		.byte	0x3
 149 00b1 19       		.byte	0x19
 150 00b2 6B000000 		.4byte	0x6b
 151 00b6 00       		.byte	0
 152 00b7 06       		.uleb128 0x6
 153 00b8 A4010000 		.4byte	.LASF16
 154 00bc 03       		.byte	0x3
 155 00bd 1A       		.byte	0x1a
 156 00be 6B000000 		.4byte	0x6b
 157 00c2 01       		.byte	0x1
 158 00c3 06       		.uleb128 0x6
 159 00c4 4F000000 		.4byte	.LASF17
 160 00c8 03       		.byte	0x3
 161 00c9 1B       		.byte	0x1b
 162 00ca 6B000000 		.4byte	0x6b
 163 00ce 02       		.byte	0x2
 164 00cf 06       		.uleb128 0x6
 165 00d0 32000000 		.4byte	.LASF18
 166 00d4 03       		.byte	0x3
 167 00d5 1C       		.byte	0x1c
 168 00d6 6B000000 		.4byte	0x6b
 169 00da 03       		.byte	0x3
 170 00db 06       		.uleb128 0x6
 171 00dc 22000000 		.4byte	.LASF19
 172 00e0 03       		.byte	0x3
 173 00e1 1D       		.byte	0x1d
 174 00e2 77000000 		.4byte	0x77
 175 00e6 04       		.byte	0x4
 176 00e7 06       		.uleb128 0x6
 177 00e8 27000000 		.4byte	.LASF20
 178 00ec 03       		.byte	0x3
 179 00ed 1E       		.byte	0x1e
 180 00ee 77000000 		.4byte	0x77
 181 00f2 08       		.byte	0x8
 182 00f3 00       		.byte	0
 183 00f4 07       		.uleb128 0x7
 184 00f5 58000000 		.4byte	.LASF25
 185 00f9 01       		.byte	0x1
 186 00fa 15       		.byte	0x15
 187 00fb 00000000 		.4byte	.LFB34
 188 00ff 20000000 		.4byte	.LFE34-.LFB34
 189 0103 01       		.uleb128 0x1
 190 0104 9C       		.byte	0x9c
 191 0105 08       		.uleb128 0x8
 192 0106 95010000 		.4byte	.LASF26
 193 010a 03       		.byte	0x3
 194 010b 1F       		.byte	0x1f
 195 010c 9F000000 		.4byte	0x9f
 196 0110 05       		.uleb128 0x5
 197 0111 03       		.byte	0x3
 198 0112 00000000 		.4byte	dataZ
 199 0116 00       		.byte	0
ARM GAS  C:\Users\JEPPES~1\AppData\Local\Temp\cc0NL9eE.s 			page 5


 200              		.section	.debug_abbrev,"",%progbits
 201              	.Ldebug_abbrev0:
 202 0000 01       		.uleb128 0x1
 203 0001 11       		.uleb128 0x11
 204 0002 01       		.byte	0x1
 205 0003 25       		.uleb128 0x25
 206 0004 0E       		.uleb128 0xe
 207 0005 13       		.uleb128 0x13
 208 0006 0B       		.uleb128 0xb
 209 0007 03       		.uleb128 0x3
 210 0008 0E       		.uleb128 0xe
 211 0009 1B       		.uleb128 0x1b
 212 000a 0E       		.uleb128 0xe
 213 000b 55       		.uleb128 0x55
 214 000c 17       		.uleb128 0x17
 215 000d 11       		.uleb128 0x11
 216 000e 01       		.uleb128 0x1
 217 000f 10       		.uleb128 0x10
 218 0010 17       		.uleb128 0x17
 219 0011 00       		.byte	0
 220 0012 00       		.byte	0
 221 0013 02       		.uleb128 0x2
 222 0014 24       		.uleb128 0x24
 223 0015 00       		.byte	0
 224 0016 0B       		.uleb128 0xb
 225 0017 0B       		.uleb128 0xb
 226 0018 3E       		.uleb128 0x3e
 227 0019 0B       		.uleb128 0xb
 228 001a 03       		.uleb128 0x3
 229 001b 0E       		.uleb128 0xe
 230 001c 00       		.byte	0
 231 001d 00       		.byte	0
 232 001e 03       		.uleb128 0x3
 233 001f 24       		.uleb128 0x24
 234 0020 00       		.byte	0
 235 0021 0B       		.uleb128 0xb
 236 0022 0B       		.uleb128 0xb
 237 0023 3E       		.uleb128 0x3e
 238 0024 0B       		.uleb128 0xb
 239 0025 03       		.uleb128 0x3
 240 0026 08       		.uleb128 0x8
 241 0027 00       		.byte	0
 242 0028 00       		.byte	0
 243 0029 04       		.uleb128 0x4
 244 002a 16       		.uleb128 0x16
 245 002b 00       		.byte	0
 246 002c 03       		.uleb128 0x3
 247 002d 0E       		.uleb128 0xe
 248 002e 3A       		.uleb128 0x3a
 249 002f 0B       		.uleb128 0xb
 250 0030 3B       		.uleb128 0x3b
 251 0031 05       		.uleb128 0x5
 252 0032 49       		.uleb128 0x49
 253 0033 13       		.uleb128 0x13
 254 0034 00       		.byte	0
 255 0035 00       		.byte	0
 256 0036 05       		.uleb128 0x5
ARM GAS  C:\Users\JEPPES~1\AppData\Local\Temp\cc0NL9eE.s 			page 6


 257 0037 13       		.uleb128 0x13
 258 0038 01       		.byte	0x1
 259 0039 03       		.uleb128 0x3
 260 003a 0E       		.uleb128 0xe
 261 003b 0B       		.uleb128 0xb
 262 003c 0B       		.uleb128 0xb
 263 003d 3A       		.uleb128 0x3a
 264 003e 0B       		.uleb128 0xb
 265 003f 3B       		.uleb128 0x3b
 266 0040 0B       		.uleb128 0xb
 267 0041 01       		.uleb128 0x1
 268 0042 13       		.uleb128 0x13
 269 0043 00       		.byte	0
 270 0044 00       		.byte	0
 271 0045 06       		.uleb128 0x6
 272 0046 0D       		.uleb128 0xd
 273 0047 00       		.byte	0
 274 0048 03       		.uleb128 0x3
 275 0049 0E       		.uleb128 0xe
 276 004a 3A       		.uleb128 0x3a
 277 004b 0B       		.uleb128 0xb
 278 004c 3B       		.uleb128 0x3b
 279 004d 0B       		.uleb128 0xb
 280 004e 49       		.uleb128 0x49
 281 004f 13       		.uleb128 0x13
 282 0050 38       		.uleb128 0x38
 283 0051 0B       		.uleb128 0xb
 284 0052 00       		.byte	0
 285 0053 00       		.byte	0
 286 0054 07       		.uleb128 0x7
 287 0055 2E       		.uleb128 0x2e
 288 0056 00       		.byte	0
 289 0057 3F       		.uleb128 0x3f
 290 0058 19       		.uleb128 0x19
 291 0059 03       		.uleb128 0x3
 292 005a 0E       		.uleb128 0xe
 293 005b 3A       		.uleb128 0x3a
 294 005c 0B       		.uleb128 0xb
 295 005d 3B       		.uleb128 0x3b
 296 005e 0B       		.uleb128 0xb
 297 005f 27       		.uleb128 0x27
 298 0060 19       		.uleb128 0x19
 299 0061 11       		.uleb128 0x11
 300 0062 01       		.uleb128 0x1
 301 0063 12       		.uleb128 0x12
 302 0064 06       		.uleb128 0x6
 303 0065 40       		.uleb128 0x40
 304 0066 18       		.uleb128 0x18
 305 0067 9742     		.uleb128 0x2117
 306 0069 19       		.uleb128 0x19
 307 006a 00       		.byte	0
 308 006b 00       		.byte	0
 309 006c 08       		.uleb128 0x8
 310 006d 34       		.uleb128 0x34
 311 006e 00       		.byte	0
 312 006f 03       		.uleb128 0x3
 313 0070 0E       		.uleb128 0xe
ARM GAS  C:\Users\JEPPES~1\AppData\Local\Temp\cc0NL9eE.s 			page 7


 314 0071 3A       		.uleb128 0x3a
 315 0072 0B       		.uleb128 0xb
 316 0073 3B       		.uleb128 0x3b
 317 0074 0B       		.uleb128 0xb
 318 0075 49       		.uleb128 0x49
 319 0076 13       		.uleb128 0x13
 320 0077 3F       		.uleb128 0x3f
 321 0078 19       		.uleb128 0x19
 322 0079 02       		.uleb128 0x2
 323 007a 18       		.uleb128 0x18
 324 007b 00       		.byte	0
 325 007c 00       		.byte	0
 326 007d 00       		.byte	0
 327              		.section	.debug_aranges,"",%progbits
 328 0000 1C000000 		.4byte	0x1c
 329 0004 0200     		.2byte	0x2
 330 0006 00000000 		.4byte	.Ldebug_info0
 331 000a 04       		.byte	0x4
 332 000b 00       		.byte	0
 333 000c 0000     		.2byte	0
 334 000e 0000     		.2byte	0
 335 0010 00000000 		.4byte	.LFB34
 336 0014 20000000 		.4byte	.LFE34-.LFB34
 337 0018 00000000 		.4byte	0
 338 001c 00000000 		.4byte	0
 339              		.section	.debug_ranges,"",%progbits
 340              	.Ldebug_ranges0:
 341 0000 00000000 		.4byte	.LFB34
 342 0004 20000000 		.4byte	.LFE34
 343 0008 00000000 		.4byte	0
 344 000c 00000000 		.4byte	0
 345              		.section	.debug_line,"",%progbits
 346              	.Ldebug_line0:
 347 0000 6B000000 		.section	.debug_str,"MS",%progbits,1
 347      02004F00 
 347      00000201 
 347      FB0E0D00 
 347      01010101 
 348              	.LASF6:
 349 0000 6C6F6E67 		.ascii	"long long int\000"
 349      206C6F6E 
 349      6720696E 
 349      7400
 350              	.LASF10:
 351 000e 75696E74 		.ascii	"uint32\000"
 351      333200
 352              	.LASF8:
 353 0015 756E7369 		.ascii	"unsigned int\000"
 353      676E6564 
 353      20696E74 
 353      00
 354              	.LASF19:
 355 0022 7A4D6178 		.ascii	"zMax\000"
 355      00
 356              	.LASF20:
 357 0027 7A506F73 		.ascii	"zPos\000"
 357      00
ARM GAS  C:\Users\JEPPES~1\AppData\Local\Temp\cc0NL9eE.s 			page 8


 358              	.LASF9:
 359 002c 75696E74 		.ascii	"uint8\000"
 359      3800
 360              	.LASF18:
 361 0032 7A466C61 		.ascii	"zFlag\000"
 361      6700
 362              	.LASF7:
 363 0038 6C6F6E67 		.ascii	"long long unsigned int\000"
 363      206C6F6E 
 363      6720756E 
 363      7369676E 
 363      65642069 
 364              	.LASF17:
 365 004f 69737253 		.ascii	"isrStopZ\000"
 365      746F705A 
 365      00
 366              	.LASF25:
 367 0058 64617461 		.ascii	"data_init\000"
 367      5F696E69 
 367      7400
 368              	.LASF1:
 369 0062 756E7369 		.ascii	"unsigned char\000"
 369      676E6564 
 369      20636861 
 369      7200
 370              	.LASF13:
 371 0070 63686172 		.ascii	"char\000"
 371      00
 372              	.LASF4:
 373 0075 6C6F6E67 		.ascii	"long int\000"
 373      20696E74 
 373      00
 374              	.LASF2:
 375 007e 73686F72 		.ascii	"short int\000"
 375      7420696E 
 375      7400
 376              	.LASF5:
 377 0088 6C6F6E67 		.ascii	"long unsigned int\000"
 377      20756E73 
 377      69676E65 
 377      6420696E 
 377      7400
 378              	.LASF12:
 379 009a 646F7562 		.ascii	"double\000"
 379      6C6500
 380              	.LASF22:
 381 00a1 2E5C6461 		.ascii	".\\data.c\000"
 381      74612E63 
 381      00
 382              	.LASF3:
 383 00aa 73686F72 		.ascii	"short unsigned int\000"
 383      7420756E 
 383      7369676E 
 383      65642069 
 383      6E7400
 384              	.LASF0:
 385 00bd 7369676E 		.ascii	"signed char\000"
ARM GAS  C:\Users\JEPPES~1\AppData\Local\Temp\cc0NL9eE.s 			page 9


 385      65642063 
 385      68617200 
 386              	.LASF23:
 387 00c9 433A5C45 		.ascii	"C:\\E3PRJ3-Gruppe1\\PSoC\\PSoC4Z.cydsn\000"
 387      3350524A 
 387      332D4772 
 387      75707065 
 387      315C5053 
 388              	.LASF24:
 389 00ed 44617461 		.ascii	"DataZ_T\000"
 389      5A5F5400 
 390              	.LASF21:
 391 00f5 474E5520 		.ascii	"GNU C 4.9.3 20150303 (release) [ARM/embedded-4_9-br"
 391      4320342E 
 391      392E3320 
 391      32303135 
 391      30333033 
 392 0128 616E6368 		.ascii	"anch revision 221220] -mcpu=cortex-m0 -mthumb -g -O"
 392      20726576 
 392      6973696F 
 392      6E203232 
 392      31323230 
 393 015b 67202D66 		.ascii	"g -ffunction-sections -ffat-lto-objects\000"
 393      66756E63 
 393      74696F6E 
 393      2D736563 
 393      74696F6E 
 394              	.LASF15:
 395 0183 63616C69 		.ascii	"calibratedZ\000"
 395      62726174 
 395      65645A00 
 396              	.LASF11:
 397 018f 666C6F61 		.ascii	"float\000"
 397      7400
 398              	.LASF26:
 399 0195 64617461 		.ascii	"dataZ\000"
 399      5A00
 400              	.LASF14:
 401 019b 73697A65 		.ascii	"sizetype\000"
 401      74797065 
 401      00
 402              	.LASF16:
 403 01a4 696E7465 		.ascii	"interruptZ\000"
 403      72727570 
 403      745A00
 404              		.ident	"GCC: (GNU Tools for ARM Embedded Processors) 4.9.3 20150303 (release) [ARM/embedded-4_9-br
