ARM GAS  C:\Users\JEPPES~1\AppData\Local\Temp\ccyJ8pUE.s 			page 1


   1              		.cpu cortex-m0
   2              		.fpu softvfp
   3              		.eabi_attribute 20, 1
   4              		.eabi_attribute 21, 1
   5              		.eabi_attribute 23, 3
   6              		.eabi_attribute 24, 1
   7              		.eabi_attribute 25, 1
   8              		.eabi_attribute 26, 1
   9              		.eabi_attribute 30, 1
  10              		.eabi_attribute 34, 0
  11              		.eabi_attribute 18, 4
  12              		.code	16
  13              		.file	"i2c.c"
  14              		.text
  15              	.Ltext0:
  16              		.cfi_sections	.debug_frame
  17              		.section	.text.i2c_init,"ax",%progbits
  18              		.align	2
  19              		.global	i2c_init
  20              		.code	16
  21              		.thumb_func
  22              		.type	i2c_init, %function
  23              	i2c_init:
  24              	.LFB34:
  25              		.file 1 ".\\i2c.c"
   1:.\i2c.c       **** /* ========================================
   2:.\i2c.c       ****  *
   3:.\i2c.c       ****  * File: i2c.c
   4:.\i2c.c       ****  * Description: 
   5:.\i2c.c       ****  *
   6:.\i2c.c       ****  * University: AARHUS UNIVERSITY SCHOOL OF ENGINEERING
   7:.\i2c.c       ****  * Project: F16 - E3PRJ3-02 Semesterprojekt 3 [240501U178]
   8:.\i2c.c       ****  * Group: 1
   9:.\i2c.c       ****  * 
  10:.\i2c.c       ****  * Author: Jeppe Stærk
  11:.\i2c.c       ****  * Matriculation number: 201271201
  12:.\i2c.c       ****  *
  13:.\i2c.c       ****  * Version: 1.0
  14:.\i2c.c       ****  * Date: 13-05-2016
  15:.\i2c.c       ****  *
  16:.\i2c.c       ****  * ========================================
  17:.\i2c.c       **** */
  18:.\i2c.c       **** 
  19:.\i2c.c       **** #include "i2c.h"
  20:.\i2c.c       **** #include "data.h"
  21:.\i2c.c       **** #include "queue.h"
  22:.\i2c.c       **** 
  23:.\i2c.c       **** uint8 i2cTxBuffer[I2C_BUFFER_SIZE] = {I2C_PACKET_SOP, I2C_STS_CMD_FAIL, I2C_STS_CMD_FAIL, I2C_PACKE
  24:.\i2c.c       **** uint8 i2cRxBuffer[I2C_BUFFER_SIZE];
  25:.\i2c.c       **** 
  26:.\i2c.c       **** void i2c_init()
  27:.\i2c.c       **** {
  26              		.loc 1 27 0
  27              		.cfi_startproc
  28 0000 08B5     		push	{r3, lr}
  29              		.cfi_def_cfa_offset 8
  30              		.cfi_offset 3, -8
ARM GAS  C:\Users\JEPPES~1\AppData\Local\Temp\ccyJ8pUE.s 			page 2


  31              		.cfi_offset 14, -4
  28:.\i2c.c       ****     I2CS_I2CSlaveInitReadBuf(i2cTxBuffer, I2C_BUFFER_SIZE);
  32              		.loc 1 28 0
  33 0002 0948     		ldr	r0, .L2
  34 0004 0421     		mov	r1, #4
  35 0006 FFF7FEFF 		bl	I2CS_I2CSlaveInitReadBuf
  36              	.LVL0:
  29:.\i2c.c       ****     I2CS_I2CSlaveClearReadBuf();
  37              		.loc 1 29 0
  38 000a FFF7FEFF 		bl	I2CS_I2CSlaveClearReadBuf
  39              	.LVL1:
  30:.\i2c.c       ****     I2CS_I2CSlaveClearReadStatus();
  40              		.loc 1 30 0
  41 000e FFF7FEFF 		bl	I2CS_I2CSlaveClearReadStatus
  42              	.LVL2:
  31:.\i2c.c       ****     
  32:.\i2c.c       ****     I2CS_I2CSlaveInitWriteBuf(i2cRxBuffer, I2C_BUFFER_SIZE);
  43              		.loc 1 32 0
  44 0012 0648     		ldr	r0, .L2+4
  45 0014 0421     		mov	r1, #4
  46 0016 FFF7FEFF 		bl	I2CS_I2CSlaveInitWriteBuf
  47              	.LVL3:
  33:.\i2c.c       ****     I2CS_I2CSlaveClearWriteBuf();
  48              		.loc 1 33 0
  49 001a FFF7FEFF 		bl	I2CS_I2CSlaveClearWriteBuf
  50              	.LVL4:
  34:.\i2c.c       ****     I2CS_I2CSlaveClearWriteStatus();
  51              		.loc 1 34 0
  52 001e FFF7FEFF 		bl	I2CS_I2CSlaveClearWriteStatus
  53              	.LVL5:
  35:.\i2c.c       ****     
  36:.\i2c.c       ****     I2CS_Start();
  54              		.loc 1 36 0
  55 0022 FFF7FEFF 		bl	I2CS_Start
  56              	.LVL6:
  37:.\i2c.c       **** }
  57              		.loc 1 37 0
  58              		@ sp needed
  59 0026 08BD     		pop	{r3, pc}
  60              	.L3:
  61              		.align	2
  62              	.L2:
  63 0028 00000000 		.word	.LANCHOR0
  64 002c 00000000 		.word	i2cRxBuffer
  65              		.cfi_endproc
  66              	.LFE34:
  67              		.size	i2c_init, .-i2c_init
  68              		.section	.text.i2c_rx,"ax",%progbits
  69              		.align	2
  70              		.global	i2c_rx
  71              		.code	16
  72              		.thumb_func
  73              		.type	i2c_rx, %function
  74              	i2c_rx:
  75              	.LFB35:
  38:.\i2c.c       **** 
  39:.\i2c.c       **** void i2c_rx()
ARM GAS  C:\Users\JEPPES~1\AppData\Local\Temp\ccyJ8pUE.s 			page 3


  40:.\i2c.c       **** {
  76              		.loc 1 40 0
  77              		.cfi_startproc
  78 0000 00B5     		push	{lr}
  79              		.cfi_def_cfa_offset 4
  80              		.cfi_offset 14, -4
  81 0002 83B0     		sub	sp, sp, #12
  82              		.cfi_def_cfa_offset 16
  41:.\i2c.c       ****   if(0u != (I2CS_I2CSlaveStatus() & I2CS_I2C_SSTAT_WR_CMPLT))
  83              		.loc 1 41 0
  84 0004 FFF7FEFF 		bl	I2CS_I2CSlaveStatus
  85              	.LVL7:
  86 0008 C306     		lsl	r3, r0, #27
  87 000a 14D5     		bpl	.L4
  42:.\i2c.c       ****   {
  43:.\i2c.c       ****     if(I2C_BUFFER_SIZE == I2CS_I2CSlaveGetWriteBufSize())
  88              		.loc 1 43 0
  89 000c FFF7FEFF 		bl	I2CS_I2CSlaveGetWriteBufSize
  90              	.LVL8:
  91 0010 0428     		cmp	r0, #4
  92 0012 0CD1     		bne	.L6
  44:.\i2c.c       ****     {
  45:.\i2c.c       ****       if((i2cRxBuffer[I2C_PACKET_SOP_POS] == I2C_PACKET_SOP) && (i2cRxBuffer[I2C_PACKET_EOP_POS] ==
  93              		.loc 1 45 0
  94 0014 094B     		ldr	r3, .L7
  95 0016 1B78     		ldrb	r3, [r3]
  96 0018 BE2B     		cmp	r3, #190
  97 001a 08D1     		bne	.L6
  98              		.loc 1 45 0 is_stmt 0 discriminator 1
  99 001c 074B     		ldr	r3, .L7
 100 001e DB78     		ldrb	r3, [r3, #3]
 101 0020 EF2B     		cmp	r3, #239
 102 0022 04D1     		bne	.L6
 103              	.LBB2:
  46:.\i2c.c       ****       {    
  47:.\i2c.c       ****         struct Data action;
  48:.\i2c.c       ****         action.cmd_ = i2cRxBuffer[I2C_PACKET_CMD_POS];
 104              		.loc 1 48 0 is_stmt 1
 105 0024 054B     		ldr	r3, .L7
 106 0026 5878     		ldrb	r0, [r3, #1]
  49:.\i2c.c       ****         action.val_ = i2cRxBuffer[I2C_PACKET_VAL_POS];
 107              		.loc 1 49 0
 108 0028 9978     		ldrb	r1, [r3, #2]
  50:.\i2c.c       ****         
  51:.\i2c.c       ****         pushQueue(action);
 109              		.loc 1 51 0
 110 002a FFF7FEFF 		bl	pushQueue
 111              	.LVL9:
 112              	.L6:
 113              	.LBE2:
  52:.\i2c.c       ****       }
  53:.\i2c.c       ****     }
  54:.\i2c.c       ****     
  55:.\i2c.c       ****     I2CS_I2CSlaveClearWriteBuf();
 114              		.loc 1 55 0
 115 002e FFF7FEFF 		bl	I2CS_I2CSlaveClearWriteBuf
 116              	.LVL10:
ARM GAS  C:\Users\JEPPES~1\AppData\Local\Temp\ccyJ8pUE.s 			page 4


  56:.\i2c.c       ****     (void) I2CS_I2CSlaveClearWriteStatus();
 117              		.loc 1 56 0
 118 0032 FFF7FEFF 		bl	I2CS_I2CSlaveClearWriteStatus
 119              	.LVL11:
 120              	.L4:
  57:.\i2c.c       ****   }
  58:.\i2c.c       **** }
 121              		.loc 1 58 0
 122 0036 03B0     		add	sp, sp, #12
 123              		@ sp needed
 124 0038 00BD     		pop	{pc}
 125              	.L8:
 126 003a C046     		.align	2
 127              	.L7:
 128 003c 00000000 		.word	i2cRxBuffer
 129              		.cfi_endproc
 130              	.LFE35:
 131              		.size	i2c_rx, .-i2c_rx
 132              		.section	.text.i2c_tx,"ax",%progbits
 133              		.align	2
 134              		.global	i2c_tx
 135              		.code	16
 136              		.thumb_func
 137              		.type	i2c_tx, %function
 138              	i2c_tx:
 139              	.LFB36:
  59:.\i2c.c       **** 
  60:.\i2c.c       **** void i2c_tx()
  61:.\i2c.c       **** {
 140              		.loc 1 61 0
 141              		.cfi_startproc
 142 0000 08B5     		push	{r3, lr}
 143              		.cfi_def_cfa_offset 8
 144              		.cfi_offset 3, -8
 145              		.cfi_offset 14, -4
  62:.\i2c.c       ****     if(0u != (I2CS_I2CSlaveStatus() & I2CS_I2C_SSTAT_RD_CMPLT))
 146              		.loc 1 62 0
 147 0002 FFF7FEFF 		bl	I2CS_I2CSlaveStatus
 148              	.LVL12:
 149 0006 C307     		lsl	r3, r0, #31
 150 0008 03D5     		bpl	.L9
  63:.\i2c.c       ****     {
  64:.\i2c.c       ****         I2CS_I2CSlaveClearReadBuf();
 151              		.loc 1 64 0
 152 000a FFF7FEFF 		bl	I2CS_I2CSlaveClearReadBuf
 153              	.LVL13:
  65:.\i2c.c       ****         (void) I2CS_I2CSlaveClearReadStatus();   
 154              		.loc 1 65 0
 155 000e FFF7FEFF 		bl	I2CS_I2CSlaveClearReadStatus
 156              	.LVL14:
 157              	.L9:
  66:.\i2c.c       ****     }   
  67:.\i2c.c       **** }
 158              		.loc 1 67 0
 159              		@ sp needed
 160 0012 08BD     		pop	{r3, pc}
 161              		.cfi_endproc
ARM GAS  C:\Users\JEPPES~1\AppData\Local\Temp\ccyJ8pUE.s 			page 5


 162              	.LFE36:
 163              		.size	i2c_tx, .-i2c_tx
 164              		.comm	dataZ,12,4
 165              		.comm	i2cRxBuffer,4,4
 166              		.global	i2cTxBuffer
 167              		.data
 168              		.align	2
 169              		.set	.LANCHOR0,. + 0
 170              		.type	i2cTxBuffer, %object
 171              		.size	i2cTxBuffer, 4
 172              	i2cTxBuffer:
 173 0000 BE       		.byte	-66
 174 0001 EE       		.byte	-18
 175 0002 EE       		.byte	-18
 176 0003 EF       		.byte	-17
 177              		.text
 178              	.Letext0:
 179              		.file 2 "Generated_Source\\PSoC4/cytypes.h"
 180              		.file 3 ".\\data.h"
 181              		.file 4 ".\\queue.h"
 182              		.file 5 "Generated_Source\\PSoC4/I2CS_I2C.h"
 183              		.file 6 "Generated_Source\\PSoC4/I2CS.h"
 184              		.section	.debug_info,"",%progbits
 185              	.Ldebug_info0:
 186 0000 ED020000 		.4byte	0x2ed
 187 0004 0400     		.2byte	0x4
 188 0006 00000000 		.4byte	.Ldebug_abbrev0
 189 000a 04       		.byte	0x4
 190 000b 01       		.uleb128 0x1
 191 000c E4010000 		.4byte	.LASF41
 192 0010 01       		.byte	0x1
 193 0011 C1020000 		.4byte	.LASF42
 194 0015 72020000 		.4byte	.LASF43
 195 0019 00000000 		.4byte	.Ldebug_ranges0+0
 196 001d 00000000 		.4byte	0
 197 0021 00000000 		.4byte	.Ldebug_line0
 198 0025 02       		.uleb128 0x2
 199 0026 01       		.byte	0x1
 200 0027 06       		.byte	0x6
 201 0028 B5020000 		.4byte	.LASF0
 202 002c 02       		.uleb128 0x2
 203 002d 01       		.byte	0x1
 204 002e 08       		.byte	0x8
 205 002f 84000000 		.4byte	.LASF1
 206 0033 02       		.uleb128 0x2
 207 0034 02       		.byte	0x2
 208 0035 05       		.byte	0x5
 209 0036 FC000000 		.4byte	.LASF2
 210 003a 02       		.uleb128 0x2
 211 003b 02       		.byte	0x2
 212 003c 07       		.byte	0x7
 213 003d 3B000000 		.4byte	.LASF3
 214 0041 02       		.uleb128 0x2
 215 0042 04       		.byte	0x4
 216 0043 05       		.byte	0x5
 217 0044 9C020000 		.4byte	.LASF4
 218 0048 02       		.uleb128 0x2
ARM GAS  C:\Users\JEPPES~1\AppData\Local\Temp\ccyJ8pUE.s 			page 6


 219 0049 04       		.byte	0x4
 220 004a 07       		.byte	0x7
 221 004b 99000000 		.4byte	.LASF5
 222 004f 02       		.uleb128 0x2
 223 0050 08       		.byte	0x8
 224 0051 05       		.byte	0x5
 225 0052 95010000 		.4byte	.LASF6
 226 0056 02       		.uleb128 0x2
 227 0057 08       		.byte	0x8
 228 0058 07       		.byte	0x7
 229 0059 62010000 		.4byte	.LASF7
 230 005d 03       		.uleb128 0x3
 231 005e 04       		.byte	0x4
 232 005f 05       		.byte	0x5
 233 0060 696E7400 		.ascii	"int\000"
 234 0064 02       		.uleb128 0x2
 235 0065 04       		.byte	0x4
 236 0066 07       		.byte	0x7
 237 0067 49010000 		.4byte	.LASF8
 238 006b 04       		.uleb128 0x4
 239 006c AB000000 		.4byte	.LASF9
 240 0070 02       		.byte	0x2
 241 0071 3801     		.2byte	0x138
 242 0073 2C000000 		.4byte	0x2c
 243 0077 04       		.uleb128 0x4
 244 0078 0D010000 		.4byte	.LASF10
 245 007c 02       		.byte	0x2
 246 007d 3A01     		.2byte	0x13a
 247 007f 48000000 		.4byte	0x48
 248 0083 02       		.uleb128 0x2
 249 0084 04       		.byte	0x4
 250 0085 04       		.byte	0x4
 251 0086 76000000 		.4byte	.LASF11
 252 008a 02       		.uleb128 0x2
 253 008b 08       		.byte	0x8
 254 008c 04       		.byte	0x4
 255 008d F0000000 		.4byte	.LASF12
 256 0091 02       		.uleb128 0x2
 257 0092 01       		.byte	0x1
 258 0093 08       		.byte	0x8
 259 0094 A5020000 		.4byte	.LASF13
 260 0098 02       		.uleb128 0x2
 261 0099 04       		.byte	0x4
 262 009a 07       		.byte	0x7
 263 009b 80010000 		.4byte	.LASF14
 264 009f 05       		.uleb128 0x5
 265 00a0 7C000000 		.4byte	.LASF21
 266 00a4 0C       		.byte	0xc
 267 00a5 03       		.byte	0x3
 268 00a6 18       		.byte	0x18
 269 00a7 F4000000 		.4byte	0xf4
 270 00ab 06       		.uleb128 0x6
 271 00ac 89010000 		.4byte	.LASF15
 272 00b0 03       		.byte	0x3
 273 00b1 19       		.byte	0x19
 274 00b2 6B000000 		.4byte	0x6b
 275 00b6 00       		.byte	0
ARM GAS  C:\Users\JEPPES~1\AppData\Local\Temp\ccyJ8pUE.s 			page 7


 276 00b7 06       		.uleb128 0x6
 277 00b8 AA020000 		.4byte	.LASF16
 278 00bc 03       		.byte	0x3
 279 00bd 1A       		.byte	0x1a
 280 00be 6B000000 		.4byte	0x6b
 281 00c2 01       		.byte	0x1
 282 00c3 06       		.uleb128 0x6
 283 00c4 C9020000 		.4byte	.LASF17
 284 00c8 03       		.byte	0x3
 285 00c9 1B       		.byte	0x1b
 286 00ca 6B000000 		.4byte	0x6b
 287 00ce 02       		.byte	0x2
 288 00cf 06       		.uleb128 0x6
 289 00d0 96020000 		.4byte	.LASF18
 290 00d4 03       		.byte	0x3
 291 00d5 1C       		.byte	0x1c
 292 00d6 6B000000 		.4byte	0x6b
 293 00da 03       		.byte	0x3
 294 00db 06       		.uleb128 0x6
 295 00dc 24000000 		.4byte	.LASF19
 296 00e0 03       		.byte	0x3
 297 00e1 1D       		.byte	0x1d
 298 00e2 77000000 		.4byte	0x77
 299 00e6 04       		.byte	0x4
 300 00e7 06       		.uleb128 0x6
 301 00e8 EB000000 		.4byte	.LASF20
 302 00ec 03       		.byte	0x3
 303 00ed 1E       		.byte	0x1e
 304 00ee 77000000 		.4byte	0x77
 305 00f2 08       		.byte	0x8
 306 00f3 00       		.byte	0
 307 00f4 05       		.uleb128 0x5
 308 00f5 F7000000 		.4byte	.LASF22
 309 00f9 08       		.byte	0x8
 310 00fa 04       		.byte	0x4
 311 00fb 18       		.byte	0x18
 312 00fc 19010000 		.4byte	0x119
 313 0100 06       		.uleb128 0x6
 314 0101 DF010000 		.4byte	.LASF23
 315 0105 04       		.byte	0x4
 316 0106 1A       		.byte	0x1a
 317 0107 5D000000 		.4byte	0x5d
 318 010b 00       		.byte	0
 319 010c 06       		.uleb128 0x6
 320 010d C0010000 		.4byte	.LASF24
 321 0111 04       		.byte	0x4
 322 0112 1B       		.byte	0x1b
 323 0113 5D000000 		.4byte	0x5d
 324 0117 04       		.byte	0x4
 325 0118 00       		.byte	0
 326 0119 07       		.uleb128 0x7
 327 011a B1000000 		.4byte	.LASF25
 328 011e 01       		.byte	0x1
 329 011f 1A       		.byte	0x1a
 330 0120 00000000 		.4byte	.LFB34
 331 0124 30000000 		.4byte	.LFE34-.LFB34
 332 0128 01       		.uleb128 0x1
ARM GAS  C:\Users\JEPPES~1\AppData\Local\Temp\ccyJ8pUE.s 			page 8


 333 0129 9C       		.byte	0x9c
 334 012a 94010000 		.4byte	0x194
 335 012e 08       		.uleb128 0x8
 336 012f 0A000000 		.4byte	.LVL0
 337 0133 67020000 		.4byte	0x267
 338 0137 4A010000 		.4byte	0x14a
 339 013b 09       		.uleb128 0x9
 340 013c 01       		.uleb128 0x1
 341 013d 51       		.byte	0x51
 342 013e 01       		.uleb128 0x1
 343 013f 34       		.byte	0x34
 344 0140 09       		.uleb128 0x9
 345 0141 01       		.uleb128 0x1
 346 0142 50       		.byte	0x50
 347 0143 05       		.uleb128 0x5
 348 0144 03       		.byte	0x3
 349 0145 00000000 		.4byte	.LANCHOR0
 350 0149 00       		.byte	0
 351 014a 0A       		.uleb128 0xa
 352 014b 0E000000 		.4byte	.LVL1
 353 014f 83020000 		.4byte	0x283
 354 0153 0A       		.uleb128 0xa
 355 0154 12000000 		.4byte	.LVL2
 356 0158 8A020000 		.4byte	0x28a
 357 015c 08       		.uleb128 0x8
 358 015d 1A000000 		.4byte	.LVL3
 359 0161 95020000 		.4byte	0x295
 360 0165 78010000 		.4byte	0x178
 361 0169 09       		.uleb128 0x9
 362 016a 01       		.uleb128 0x1
 363 016b 51       		.byte	0x51
 364 016c 01       		.uleb128 0x1
 365 016d 34       		.byte	0x34
 366 016e 09       		.uleb128 0x9
 367 016f 01       		.uleb128 0x1
 368 0170 50       		.byte	0x50
 369 0171 05       		.uleb128 0x5
 370 0172 03       		.byte	0x3
 371 0173 00000000 		.4byte	i2cRxBuffer
 372 0177 00       		.byte	0
 373 0178 0A       		.uleb128 0xa
 374 0179 1E000000 		.4byte	.LVL4
 375 017d AB020000 		.4byte	0x2ab
 376 0181 0A       		.uleb128 0xa
 377 0182 22000000 		.4byte	.LVL5
 378 0186 B2020000 		.4byte	0x2b2
 379 018a 0A       		.uleb128 0xa
 380 018b 26000000 		.4byte	.LVL6
 381 018f BD020000 		.4byte	0x2bd
 382 0193 00       		.byte	0
 383 0194 07       		.uleb128 0x7
 384 0195 06010000 		.4byte	.LASF26
 385 0199 01       		.byte	0x1
 386 019a 27       		.byte	0x27
 387 019b 00000000 		.4byte	.LFB35
 388 019f 40000000 		.4byte	.LFE35-.LFB35
 389 01a3 01       		.uleb128 0x1
ARM GAS  C:\Users\JEPPES~1\AppData\Local\Temp\ccyJ8pUE.s 			page 9


 390 01a4 9C       		.byte	0x9c
 391 01a5 F3010000 		.4byte	0x1f3
 392 01a9 0B       		.uleb128 0xb
 393 01aa 24000000 		.4byte	.LBB2
 394 01ae 0A000000 		.4byte	.LBE2-.LBB2
 395 01b2 CE010000 		.4byte	0x1ce
 396 01b6 0C       		.uleb128 0xc
 397 01b7 92000000 		.4byte	.LASF44
 398 01bb 01       		.byte	0x1
 399 01bc 2F       		.byte	0x2f
 400 01bd F4000000 		.4byte	0xf4
 401 01c1 02       		.uleb128 0x2
 402 01c2 91       		.byte	0x91
 403 01c3 70       		.sleb128 -16
 404 01c4 0A       		.uleb128 0xa
 405 01c5 2E000000 		.4byte	.LVL9
 406 01c9 C4020000 		.4byte	0x2c4
 407 01cd 00       		.byte	0
 408 01ce 0A       		.uleb128 0xa
 409 01cf 08000000 		.4byte	.LVL7
 410 01d3 DA020000 		.4byte	0x2da
 411 01d7 0A       		.uleb128 0xa
 412 01d8 10000000 		.4byte	.LVL8
 413 01dc E5020000 		.4byte	0x2e5
 414 01e0 0A       		.uleb128 0xa
 415 01e1 32000000 		.4byte	.LVL10
 416 01e5 AB020000 		.4byte	0x2ab
 417 01e9 0A       		.uleb128 0xa
 418 01ea 36000000 		.4byte	.LVL11
 419 01ee B2020000 		.4byte	0x2b2
 420 01f2 00       		.byte	0
 421 01f3 07       		.uleb128 0x7
 422 01f4 79010000 		.4byte	.LASF27
 423 01f8 01       		.byte	0x1
 424 01f9 3C       		.byte	0x3c
 425 01fa 00000000 		.4byte	.LFB36
 426 01fe 14000000 		.4byte	.LFE36-.LFB36
 427 0202 01       		.uleb128 0x1
 428 0203 9C       		.byte	0x9c
 429 0204 24020000 		.4byte	0x224
 430 0208 0A       		.uleb128 0xa
 431 0209 06000000 		.4byte	.LVL12
 432 020d DA020000 		.4byte	0x2da
 433 0211 0A       		.uleb128 0xa
 434 0212 0E000000 		.4byte	.LVL13
 435 0216 83020000 		.4byte	0x283
 436 021a 0A       		.uleb128 0xa
 437 021b 12000000 		.4byte	.LVL14
 438 021f 8A020000 		.4byte	0x28a
 439 0223 00       		.byte	0
 440 0224 0D       		.uleb128 0xd
 441 0225 6B000000 		.4byte	0x6b
 442 0229 34020000 		.4byte	0x234
 443 022d 0E       		.uleb128 0xe
 444 022e 98000000 		.4byte	0x98
 445 0232 03       		.byte	0x3
 446 0233 00       		.byte	0
ARM GAS  C:\Users\JEPPES~1\AppData\Local\Temp\ccyJ8pUE.s 			page 10


 447 0234 0F       		.uleb128 0xf
 448 0235 56010000 		.4byte	.LASF28
 449 0239 01       		.byte	0x1
 450 023a 17       		.byte	0x17
 451 023b 24020000 		.4byte	0x224
 452 023f 05       		.uleb128 0x5
 453 0240 03       		.byte	0x3
 454 0241 00000000 		.4byte	i2cTxBuffer
 455 0245 0F       		.uleb128 0xf
 456 0246 29000000 		.4byte	.LASF29
 457 024a 01       		.byte	0x1
 458 024b 18       		.byte	0x18
 459 024c 24020000 		.4byte	0x224
 460 0250 05       		.uleb128 0x5
 461 0251 03       		.byte	0x3
 462 0252 00000000 		.4byte	i2cRxBuffer
 463 0256 0F       		.uleb128 0xf
 464 0257 35000000 		.4byte	.LASF30
 465 025b 03       		.byte	0x3
 466 025c 1F       		.byte	0x1f
 467 025d 9F000000 		.4byte	0x9f
 468 0261 05       		.uleb128 0x5
 469 0262 03       		.byte	0x3
 470 0263 00000000 		.4byte	dataZ
 471 0267 10       		.uleb128 0x10
 472 0268 0B000000 		.4byte	.LASF31
 473 026c 05       		.byte	0x5
 474 026d DF       		.byte	0xdf
 475 026e 7D020000 		.4byte	0x27d
 476 0272 11       		.uleb128 0x11
 477 0273 7D020000 		.4byte	0x27d
 478 0277 11       		.uleb128 0x11
 479 0278 77000000 		.4byte	0x77
 480 027c 00       		.byte	0
 481 027d 12       		.uleb128 0x12
 482 027e 04       		.byte	0x4
 483 027f 6B000000 		.4byte	0x6b
 484 0283 13       		.uleb128 0x13
 485 0284 C5010000 		.4byte	.LASF33
 486 0288 05       		.byte	0x5
 487 0289 E3       		.byte	0xe3
 488 028a 14       		.uleb128 0x14
 489 028b BA000000 		.4byte	.LASF35
 490 028f 05       		.byte	0x5
 491 0290 D7       		.byte	0xd7
 492 0291 77000000 		.4byte	0x77
 493 0295 10       		.uleb128 0x10
 494 0296 2F010000 		.4byte	.LASF32
 495 029a 05       		.byte	0x5
 496 029b E0       		.byte	0xe0
 497 029c AB020000 		.4byte	0x2ab
 498 02a0 11       		.uleb128 0x11
 499 02a1 7D020000 		.4byte	0x27d
 500 02a5 11       		.uleb128 0x11
 501 02a6 77000000 		.4byte	0x77
 502 02aa 00       		.byte	0
 503 02ab 13       		.uleb128 0x13
ARM GAS  C:\Users\JEPPES~1\AppData\Local\Temp\ccyJ8pUE.s 			page 11


 504 02ac 14010000 		.4byte	.LASF34
 505 02b0 05       		.byte	0x5
 506 02b1 E4       		.byte	0xe4
 507 02b2 14       		.uleb128 0x14
 508 02b3 58000000 		.4byte	.LASF36
 509 02b7 05       		.byte	0x5
 510 02b8 D8       		.byte	0xd8
 511 02b9 77000000 		.4byte	0x77
 512 02bd 13       		.uleb128 0x13
 513 02be 00000000 		.4byte	.LASF37
 514 02c2 06       		.byte	0x6
 515 02c3 68       		.byte	0x68
 516 02c4 10       		.uleb128 0x10
 517 02c5 4E000000 		.4byte	.LASF38
 518 02c9 04       		.byte	0x4
 519 02ca 23       		.byte	0x23
 520 02cb D5020000 		.4byte	0x2d5
 521 02cf 11       		.uleb128 0x11
 522 02d0 D5020000 		.4byte	0x2d5
 523 02d4 00       		.byte	0
 524 02d5 15       		.uleb128 0x15
 525 02d6 F4000000 		.4byte	0xf4
 526 02da 14       		.uleb128 0x14
 527 02db D7000000 		.4byte	.LASF39
 528 02df 05       		.byte	0x5
 529 02e0 D6       		.byte	0xd6
 530 02e1 77000000 		.4byte	0x77
 531 02e5 14       		.uleb128 0x14
 532 02e6 A3010000 		.4byte	.LASF40
 533 02ea 05       		.byte	0x5
 534 02eb E2       		.byte	0xe2
 535 02ec 77000000 		.4byte	0x77
 536 02f0 00       		.byte	0
 537              		.section	.debug_abbrev,"",%progbits
 538              	.Ldebug_abbrev0:
 539 0000 01       		.uleb128 0x1
 540 0001 11       		.uleb128 0x11
 541 0002 01       		.byte	0x1
 542 0003 25       		.uleb128 0x25
 543 0004 0E       		.uleb128 0xe
 544 0005 13       		.uleb128 0x13
 545 0006 0B       		.uleb128 0xb
 546 0007 03       		.uleb128 0x3
 547 0008 0E       		.uleb128 0xe
 548 0009 1B       		.uleb128 0x1b
 549 000a 0E       		.uleb128 0xe
 550 000b 55       		.uleb128 0x55
 551 000c 17       		.uleb128 0x17
 552 000d 11       		.uleb128 0x11
 553 000e 01       		.uleb128 0x1
 554 000f 10       		.uleb128 0x10
 555 0010 17       		.uleb128 0x17
 556 0011 00       		.byte	0
 557 0012 00       		.byte	0
 558 0013 02       		.uleb128 0x2
 559 0014 24       		.uleb128 0x24
 560 0015 00       		.byte	0
ARM GAS  C:\Users\JEPPES~1\AppData\Local\Temp\ccyJ8pUE.s 			page 12


 561 0016 0B       		.uleb128 0xb
 562 0017 0B       		.uleb128 0xb
 563 0018 3E       		.uleb128 0x3e
 564 0019 0B       		.uleb128 0xb
 565 001a 03       		.uleb128 0x3
 566 001b 0E       		.uleb128 0xe
 567 001c 00       		.byte	0
 568 001d 00       		.byte	0
 569 001e 03       		.uleb128 0x3
 570 001f 24       		.uleb128 0x24
 571 0020 00       		.byte	0
 572 0021 0B       		.uleb128 0xb
 573 0022 0B       		.uleb128 0xb
 574 0023 3E       		.uleb128 0x3e
 575 0024 0B       		.uleb128 0xb
 576 0025 03       		.uleb128 0x3
 577 0026 08       		.uleb128 0x8
 578 0027 00       		.byte	0
 579 0028 00       		.byte	0
 580 0029 04       		.uleb128 0x4
 581 002a 16       		.uleb128 0x16
 582 002b 00       		.byte	0
 583 002c 03       		.uleb128 0x3
 584 002d 0E       		.uleb128 0xe
 585 002e 3A       		.uleb128 0x3a
 586 002f 0B       		.uleb128 0xb
 587 0030 3B       		.uleb128 0x3b
 588 0031 05       		.uleb128 0x5
 589 0032 49       		.uleb128 0x49
 590 0033 13       		.uleb128 0x13
 591 0034 00       		.byte	0
 592 0035 00       		.byte	0
 593 0036 05       		.uleb128 0x5
 594 0037 13       		.uleb128 0x13
 595 0038 01       		.byte	0x1
 596 0039 03       		.uleb128 0x3
 597 003a 0E       		.uleb128 0xe
 598 003b 0B       		.uleb128 0xb
 599 003c 0B       		.uleb128 0xb
 600 003d 3A       		.uleb128 0x3a
 601 003e 0B       		.uleb128 0xb
 602 003f 3B       		.uleb128 0x3b
 603 0040 0B       		.uleb128 0xb
 604 0041 01       		.uleb128 0x1
 605 0042 13       		.uleb128 0x13
 606 0043 00       		.byte	0
 607 0044 00       		.byte	0
 608 0045 06       		.uleb128 0x6
 609 0046 0D       		.uleb128 0xd
 610 0047 00       		.byte	0
 611 0048 03       		.uleb128 0x3
 612 0049 0E       		.uleb128 0xe
 613 004a 3A       		.uleb128 0x3a
 614 004b 0B       		.uleb128 0xb
 615 004c 3B       		.uleb128 0x3b
 616 004d 0B       		.uleb128 0xb
 617 004e 49       		.uleb128 0x49
ARM GAS  C:\Users\JEPPES~1\AppData\Local\Temp\ccyJ8pUE.s 			page 13


 618 004f 13       		.uleb128 0x13
 619 0050 38       		.uleb128 0x38
 620 0051 0B       		.uleb128 0xb
 621 0052 00       		.byte	0
 622 0053 00       		.byte	0
 623 0054 07       		.uleb128 0x7
 624 0055 2E       		.uleb128 0x2e
 625 0056 01       		.byte	0x1
 626 0057 3F       		.uleb128 0x3f
 627 0058 19       		.uleb128 0x19
 628 0059 03       		.uleb128 0x3
 629 005a 0E       		.uleb128 0xe
 630 005b 3A       		.uleb128 0x3a
 631 005c 0B       		.uleb128 0xb
 632 005d 3B       		.uleb128 0x3b
 633 005e 0B       		.uleb128 0xb
 634 005f 27       		.uleb128 0x27
 635 0060 19       		.uleb128 0x19
 636 0061 11       		.uleb128 0x11
 637 0062 01       		.uleb128 0x1
 638 0063 12       		.uleb128 0x12
 639 0064 06       		.uleb128 0x6
 640 0065 40       		.uleb128 0x40
 641 0066 18       		.uleb128 0x18
 642 0067 9742     		.uleb128 0x2117
 643 0069 19       		.uleb128 0x19
 644 006a 01       		.uleb128 0x1
 645 006b 13       		.uleb128 0x13
 646 006c 00       		.byte	0
 647 006d 00       		.byte	0
 648 006e 08       		.uleb128 0x8
 649 006f 898201   		.uleb128 0x4109
 650 0072 01       		.byte	0x1
 651 0073 11       		.uleb128 0x11
 652 0074 01       		.uleb128 0x1
 653 0075 31       		.uleb128 0x31
 654 0076 13       		.uleb128 0x13
 655 0077 01       		.uleb128 0x1
 656 0078 13       		.uleb128 0x13
 657 0079 00       		.byte	0
 658 007a 00       		.byte	0
 659 007b 09       		.uleb128 0x9
 660 007c 8A8201   		.uleb128 0x410a
 661 007f 00       		.byte	0
 662 0080 02       		.uleb128 0x2
 663 0081 18       		.uleb128 0x18
 664 0082 9142     		.uleb128 0x2111
 665 0084 18       		.uleb128 0x18
 666 0085 00       		.byte	0
 667 0086 00       		.byte	0
 668 0087 0A       		.uleb128 0xa
 669 0088 898201   		.uleb128 0x4109
 670 008b 00       		.byte	0
 671 008c 11       		.uleb128 0x11
 672 008d 01       		.uleb128 0x1
 673 008e 31       		.uleb128 0x31
 674 008f 13       		.uleb128 0x13
ARM GAS  C:\Users\JEPPES~1\AppData\Local\Temp\ccyJ8pUE.s 			page 14


 675 0090 00       		.byte	0
 676 0091 00       		.byte	0
 677 0092 0B       		.uleb128 0xb
 678 0093 0B       		.uleb128 0xb
 679 0094 01       		.byte	0x1
 680 0095 11       		.uleb128 0x11
 681 0096 01       		.uleb128 0x1
 682 0097 12       		.uleb128 0x12
 683 0098 06       		.uleb128 0x6
 684 0099 01       		.uleb128 0x1
 685 009a 13       		.uleb128 0x13
 686 009b 00       		.byte	0
 687 009c 00       		.byte	0
 688 009d 0C       		.uleb128 0xc
 689 009e 34       		.uleb128 0x34
 690 009f 00       		.byte	0
 691 00a0 03       		.uleb128 0x3
 692 00a1 0E       		.uleb128 0xe
 693 00a2 3A       		.uleb128 0x3a
 694 00a3 0B       		.uleb128 0xb
 695 00a4 3B       		.uleb128 0x3b
 696 00a5 0B       		.uleb128 0xb
 697 00a6 49       		.uleb128 0x49
 698 00a7 13       		.uleb128 0x13
 699 00a8 02       		.uleb128 0x2
 700 00a9 18       		.uleb128 0x18
 701 00aa 00       		.byte	0
 702 00ab 00       		.byte	0
 703 00ac 0D       		.uleb128 0xd
 704 00ad 01       		.uleb128 0x1
 705 00ae 01       		.byte	0x1
 706 00af 49       		.uleb128 0x49
 707 00b0 13       		.uleb128 0x13
 708 00b1 01       		.uleb128 0x1
 709 00b2 13       		.uleb128 0x13
 710 00b3 00       		.byte	0
 711 00b4 00       		.byte	0
 712 00b5 0E       		.uleb128 0xe
 713 00b6 21       		.uleb128 0x21
 714 00b7 00       		.byte	0
 715 00b8 49       		.uleb128 0x49
 716 00b9 13       		.uleb128 0x13
 717 00ba 2F       		.uleb128 0x2f
 718 00bb 0B       		.uleb128 0xb
 719 00bc 00       		.byte	0
 720 00bd 00       		.byte	0
 721 00be 0F       		.uleb128 0xf
 722 00bf 34       		.uleb128 0x34
 723 00c0 00       		.byte	0
 724 00c1 03       		.uleb128 0x3
 725 00c2 0E       		.uleb128 0xe
 726 00c3 3A       		.uleb128 0x3a
 727 00c4 0B       		.uleb128 0xb
 728 00c5 3B       		.uleb128 0x3b
 729 00c6 0B       		.uleb128 0xb
 730 00c7 49       		.uleb128 0x49
 731 00c8 13       		.uleb128 0x13
ARM GAS  C:\Users\JEPPES~1\AppData\Local\Temp\ccyJ8pUE.s 			page 15


 732 00c9 3F       		.uleb128 0x3f
 733 00ca 19       		.uleb128 0x19
 734 00cb 02       		.uleb128 0x2
 735 00cc 18       		.uleb128 0x18
 736 00cd 00       		.byte	0
 737 00ce 00       		.byte	0
 738 00cf 10       		.uleb128 0x10
 739 00d0 2E       		.uleb128 0x2e
 740 00d1 01       		.byte	0x1
 741 00d2 3F       		.uleb128 0x3f
 742 00d3 19       		.uleb128 0x19
 743 00d4 03       		.uleb128 0x3
 744 00d5 0E       		.uleb128 0xe
 745 00d6 3A       		.uleb128 0x3a
 746 00d7 0B       		.uleb128 0xb
 747 00d8 3B       		.uleb128 0x3b
 748 00d9 0B       		.uleb128 0xb
 749 00da 27       		.uleb128 0x27
 750 00db 19       		.uleb128 0x19
 751 00dc 3C       		.uleb128 0x3c
 752 00dd 19       		.uleb128 0x19
 753 00de 01       		.uleb128 0x1
 754 00df 13       		.uleb128 0x13
 755 00e0 00       		.byte	0
 756 00e1 00       		.byte	0
 757 00e2 11       		.uleb128 0x11
 758 00e3 05       		.uleb128 0x5
 759 00e4 00       		.byte	0
 760 00e5 49       		.uleb128 0x49
 761 00e6 13       		.uleb128 0x13
 762 00e7 00       		.byte	0
 763 00e8 00       		.byte	0
 764 00e9 12       		.uleb128 0x12
 765 00ea 0F       		.uleb128 0xf
 766 00eb 00       		.byte	0
 767 00ec 0B       		.uleb128 0xb
 768 00ed 0B       		.uleb128 0xb
 769 00ee 49       		.uleb128 0x49
 770 00ef 13       		.uleb128 0x13
 771 00f0 00       		.byte	0
 772 00f1 00       		.byte	0
 773 00f2 13       		.uleb128 0x13
 774 00f3 2E       		.uleb128 0x2e
 775 00f4 00       		.byte	0
 776 00f5 3F       		.uleb128 0x3f
 777 00f6 19       		.uleb128 0x19
 778 00f7 03       		.uleb128 0x3
 779 00f8 0E       		.uleb128 0xe
 780 00f9 3A       		.uleb128 0x3a
 781 00fa 0B       		.uleb128 0xb
 782 00fb 3B       		.uleb128 0x3b
 783 00fc 0B       		.uleb128 0xb
 784 00fd 27       		.uleb128 0x27
 785 00fe 19       		.uleb128 0x19
 786 00ff 3C       		.uleb128 0x3c
 787 0100 19       		.uleb128 0x19
 788 0101 00       		.byte	0
ARM GAS  C:\Users\JEPPES~1\AppData\Local\Temp\ccyJ8pUE.s 			page 16


 789 0102 00       		.byte	0
 790 0103 14       		.uleb128 0x14
 791 0104 2E       		.uleb128 0x2e
 792 0105 00       		.byte	0
 793 0106 3F       		.uleb128 0x3f
 794 0107 19       		.uleb128 0x19
 795 0108 03       		.uleb128 0x3
 796 0109 0E       		.uleb128 0xe
 797 010a 3A       		.uleb128 0x3a
 798 010b 0B       		.uleb128 0xb
 799 010c 3B       		.uleb128 0x3b
 800 010d 0B       		.uleb128 0xb
 801 010e 27       		.uleb128 0x27
 802 010f 19       		.uleb128 0x19
 803 0110 49       		.uleb128 0x49
 804 0111 13       		.uleb128 0x13
 805 0112 3C       		.uleb128 0x3c
 806 0113 19       		.uleb128 0x19
 807 0114 00       		.byte	0
 808 0115 00       		.byte	0
 809 0116 15       		.uleb128 0x15
 810 0117 26       		.uleb128 0x26
 811 0118 00       		.byte	0
 812 0119 49       		.uleb128 0x49
 813 011a 13       		.uleb128 0x13
 814 011b 00       		.byte	0
 815 011c 00       		.byte	0
 816 011d 00       		.byte	0
 817              		.section	.debug_aranges,"",%progbits
 818 0000 2C000000 		.4byte	0x2c
 819 0004 0200     		.2byte	0x2
 820 0006 00000000 		.4byte	.Ldebug_info0
 821 000a 04       		.byte	0x4
 822 000b 00       		.byte	0
 823 000c 0000     		.2byte	0
 824 000e 0000     		.2byte	0
 825 0010 00000000 		.4byte	.LFB34
 826 0014 30000000 		.4byte	.LFE34-.LFB34
 827 0018 00000000 		.4byte	.LFB35
 828 001c 40000000 		.4byte	.LFE35-.LFB35
 829 0020 00000000 		.4byte	.LFB36
 830 0024 14000000 		.4byte	.LFE36-.LFB36
 831 0028 00000000 		.4byte	0
 832 002c 00000000 		.4byte	0
 833              		.section	.debug_ranges,"",%progbits
 834              	.Ldebug_ranges0:
 835 0000 00000000 		.4byte	.LFB34
 836 0004 30000000 		.4byte	.LFE34
 837 0008 00000000 		.4byte	.LFB35
 838 000c 40000000 		.4byte	.LFE35
 839 0010 00000000 		.4byte	.LFB36
 840 0014 14000000 		.4byte	.LFE36
 841 0018 00000000 		.4byte	0
 842 001c 00000000 		.4byte	0
 843              		.section	.debug_line,"",%progbits
 844              	.Ldebug_line0:
 845 0000 C2000000 		.section	.debug_str,"MS",%progbits,1
ARM GAS  C:\Users\JEPPES~1\AppData\Local\Temp\ccyJ8pUE.s 			page 17


 845      02007300 
 845      00000201 
 845      FB0E0D00 
 845      01010101 
 846              	.LASF37:
 847 0000 49324353 		.ascii	"I2CS_Start\000"
 847      5F537461 
 847      727400
 848              	.LASF31:
 849 000b 49324353 		.ascii	"I2CS_I2CSlaveInitReadBuf\000"
 849      5F493243 
 849      536C6176 
 849      65496E69 
 849      74526561 
 850              	.LASF19:
 851 0024 7A4D6178 		.ascii	"zMax\000"
 851      00
 852              	.LASF29:
 853 0029 69326352 		.ascii	"i2cRxBuffer\000"
 853      78427566 
 853      66657200 
 854              	.LASF30:
 855 0035 64617461 		.ascii	"dataZ\000"
 855      5A00
 856              	.LASF3:
 857 003b 73686F72 		.ascii	"short unsigned int\000"
 857      7420756E 
 857      7369676E 
 857      65642069 
 857      6E7400
 858              	.LASF38:
 859 004e 70757368 		.ascii	"pushQueue\000"
 859      51756575 
 859      6500
 860              	.LASF36:
 861 0058 49324353 		.ascii	"I2CS_I2CSlaveClearWriteStatus\000"
 861      5F493243 
 861      536C6176 
 861      65436C65 
 861      61725772 
 862              	.LASF11:
 863 0076 666C6F61 		.ascii	"float\000"
 863      7400
 864              	.LASF21:
 865 007c 44617461 		.ascii	"DataZ_T\000"
 865      5A5F5400 
 866              	.LASF1:
 867 0084 756E7369 		.ascii	"unsigned char\000"
 867      676E6564 
 867      20636861 
 867      7200
 868              	.LASF44:
 869 0092 61637469 		.ascii	"action\000"
 869      6F6E00
 870              	.LASF5:
 871 0099 6C6F6E67 		.ascii	"long unsigned int\000"
 871      20756E73 
ARM GAS  C:\Users\JEPPES~1\AppData\Local\Temp\ccyJ8pUE.s 			page 18


 871      69676E65 
 871      6420696E 
 871      7400
 872              	.LASF9:
 873 00ab 75696E74 		.ascii	"uint8\000"
 873      3800
 874              	.LASF25:
 875 00b1 6932635F 		.ascii	"i2c_init\000"
 875      696E6974 
 875      00
 876              	.LASF35:
 877 00ba 49324353 		.ascii	"I2CS_I2CSlaveClearReadStatus\000"
 877      5F493243 
 877      536C6176 
 877      65436C65 
 877      61725265 
 878              	.LASF39:
 879 00d7 49324353 		.ascii	"I2CS_I2CSlaveStatus\000"
 879      5F493243 
 879      536C6176 
 879      65537461 
 879      74757300 
 880              	.LASF20:
 881 00eb 7A506F73 		.ascii	"zPos\000"
 881      00
 882              	.LASF12:
 883 00f0 646F7562 		.ascii	"double\000"
 883      6C6500
 884              	.LASF22:
 885 00f7 44617461 		.ascii	"Data\000"
 885      00
 886              	.LASF2:
 887 00fc 73686F72 		.ascii	"short int\000"
 887      7420696E 
 887      7400
 888              	.LASF26:
 889 0106 6932635F 		.ascii	"i2c_rx\000"
 889      727800
 890              	.LASF10:
 891 010d 75696E74 		.ascii	"uint32\000"
 891      333200
 892              	.LASF34:
 893 0114 49324353 		.ascii	"I2CS_I2CSlaveClearWriteBuf\000"
 893      5F493243 
 893      536C6176 
 893      65436C65 
 893      61725772 
 894              	.LASF32:
 895 012f 49324353 		.ascii	"I2CS_I2CSlaveInitWriteBuf\000"
 895      5F493243 
 895      536C6176 
 895      65496E69 
 895      74577269 
 896              	.LASF8:
 897 0149 756E7369 		.ascii	"unsigned int\000"
 897      676E6564 
 897      20696E74 
ARM GAS  C:\Users\JEPPES~1\AppData\Local\Temp\ccyJ8pUE.s 			page 19


 897      00
 898              	.LASF28:
 899 0156 69326354 		.ascii	"i2cTxBuffer\000"
 899      78427566 
 899      66657200 
 900              	.LASF7:
 901 0162 6C6F6E67 		.ascii	"long long unsigned int\000"
 901      206C6F6E 
 901      6720756E 
 901      7369676E 
 901      65642069 
 902              	.LASF27:
 903 0179 6932635F 		.ascii	"i2c_tx\000"
 903      747800
 904              	.LASF14:
 905 0180 73697A65 		.ascii	"sizetype\000"
 905      74797065 
 905      00
 906              	.LASF15:
 907 0189 63616C69 		.ascii	"calibratedZ\000"
 907      62726174 
 907      65645A00 
 908              	.LASF6:
 909 0195 6C6F6E67 		.ascii	"long long int\000"
 909      206C6F6E 
 909      6720696E 
 909      7400
 910              	.LASF40:
 911 01a3 49324353 		.ascii	"I2CS_I2CSlaveGetWriteBufSize\000"
 911      5F493243 
 911      536C6176 
 911      65476574 
 911      57726974 
 912              	.LASF24:
 913 01c0 76616C5F 		.ascii	"val_\000"
 913      00
 914              	.LASF33:
 915 01c5 49324353 		.ascii	"I2CS_I2CSlaveClearReadBuf\000"
 915      5F493243 
 915      536C6176 
 915      65436C65 
 915      61725265 
 916              	.LASF23:
 917 01df 636D645F 		.ascii	"cmd_\000"
 917      00
 918              	.LASF41:
 919 01e4 474E5520 		.ascii	"GNU C 4.9.3 20150303 (release) [ARM/embedded-4_9-br"
 919      4320342E 
 919      392E3320 
 919      32303135 
 919      30333033 
 920 0217 616E6368 		.ascii	"anch revision 221220] -mcpu=cortex-m0 -mthumb -g -O"
 920      20726576 
 920      6973696F 
 920      6E203232 
 920      31323230 
 921 024a 67202D66 		.ascii	"g -ffunction-sections -ffat-lto-objects\000"
ARM GAS  C:\Users\JEPPES~1\AppData\Local\Temp\ccyJ8pUE.s 			page 20


 921      66756E63 
 921      74696F6E 
 921      2D736563 
 921      74696F6E 
 922              	.LASF43:
 923 0272 433A5C45 		.ascii	"C:\\E3PRJ3-Gruppe1\\PSoC\\PSoC4Z.cydsn\000"
 923      3350524A 
 923      332D4772 
 923      75707065 
 923      315C5053 
 924              	.LASF18:
 925 0296 7A466C61 		.ascii	"zFlag\000"
 925      6700
 926              	.LASF4:
 927 029c 6C6F6E67 		.ascii	"long int\000"
 927      20696E74 
 927      00
 928              	.LASF13:
 929 02a5 63686172 		.ascii	"char\000"
 929      00
 930              	.LASF16:
 931 02aa 696E7465 		.ascii	"interruptZ\000"
 931      72727570 
 931      745A00
 932              	.LASF0:
 933 02b5 7369676E 		.ascii	"signed char\000"
 933      65642063 
 933      68617200 
 934              	.LASF42:
 935 02c1 2E5C6932 		.ascii	".\\i2c.c\000"
 935      632E6300 
 936              	.LASF17:
 937 02c9 69737253 		.ascii	"isrStopZ\000"
 937      746F705A 
 937      00
 938              		.ident	"GCC: (GNU Tools for ARM Embedded Processors) 4.9.3 20150303 (release) [ARM/embedded-4_9-br
