ARM GAS  C:\Users\JEPPES~1\AppData\Local\Temp\ccUj0KL0.s 			page 1


   1              		.cpu cortex-m0
   2              		.fpu softvfp
   3              		.eabi_attribute 20, 1
   4              		.eabi_attribute 21, 1
   5              		.eabi_attribute 23, 3
   6              		.eabi_attribute 24, 1
   7              		.eabi_attribute 25, 1
   8              		.eabi_attribute 26, 1
   9              		.eabi_attribute 30, 1
  10              		.eabi_attribute 34, 0
  11              		.eabi_attribute 18, 4
  12              		.code	16
  13              		.file	"led.c"
  14              		.text
  15              	.Ltext0:
  16              		.cfi_sections	.debug_frame
  17              		.section	.text.setLed,"ax",%progbits
  18              		.align	2
  19              		.global	setLed
  20              		.code	16
  21              		.thumb_func
  22              		.type	setLed, %function
  23              	setLed:
  24              	.LFB34:
  25              		.file 1 ".\\led.c"
   1:.\led.c       **** /* ========================================
   2:.\led.c       ****  *
   3:.\led.c       ****  * File: handler.c
   4:.\led.c       ****  * Description: 
   5:.\led.c       ****  *
   6:.\led.c       ****  * University: AARHUS UNIVERSITY SCHOOL OF ENGINEERING
   7:.\led.c       ****  * Project: F16 - E3PRJ3-02 Semesterprojekt 3 [240501U178]
   8:.\led.c       ****  * Group: 1
   9:.\led.c       ****  * 
  10:.\led.c       ****  * Author: 
  11:.\led.c       ****  * Matriculation number: 
  12:.\led.c       ****  *
  13:.\led.c       ****  * Version: 1.0
  14:.\led.c       ****  * Date: 13-05-2016
  15:.\led.c       ****  *
  16:.\led.c       ****  * ========================================
  17:.\led.c       **** */
  18:.\led.c       **** 
  19:.\led.c       **** #include "led.h"
  20:.\led.c       **** 
  21:.\led.c       **** void setLed(uint8 red, uint8 green, uint8 blue)
  22:.\led.c       **** {
  26              		.loc 1 22 0
  27              		.cfi_startproc
  28              	.LVL0:
  29 0000 38B5     		push	{r3, r4, r5, lr}
  30              		.cfi_def_cfa_offset 16
  31              		.cfi_offset 3, -16
  32              		.cfi_offset 4, -12
  33              		.cfi_offset 5, -8
  34              		.cfi_offset 14, -4
  35 0002 0D1C     		mov	r5, r1
ARM GAS  C:\Users\JEPPES~1\AppData\Local\Temp\ccUj0KL0.s 			page 2


  36 0004 141C     		mov	r4, r2
  23:.\led.c       ****     red ? LED_Red_Write(0u) : LED_Red_Write(1u);
  37              		.loc 1 23 0
  38 0006 0028     		cmp	r0, #0
  39 0008 03D0     		beq	.L2
  40              		.loc 1 23 0 is_stmt 0 discriminator 1
  41 000a 0020     		mov	r0, #0
  42              	.LVL1:
  43 000c FFF7FEFF 		bl	LED_Red_Write
  44              	.LVL2:
  45 0010 02E0     		b	.L3
  46              	.LVL3:
  47              	.L2:
  48              		.loc 1 23 0 discriminator 2
  49 0012 0120     		mov	r0, #1
  50              	.LVL4:
  51 0014 FFF7FEFF 		bl	LED_Red_Write
  52              	.LVL5:
  53              	.L3:
  24:.\led.c       ****     green ? LED_Green_Write(0u) : LED_Green_Write(1u);
  54              		.loc 1 24 0 is_stmt 1
  55 0018 002D     		cmp	r5, #0
  56 001a 03D0     		beq	.L4
  57              		.loc 1 24 0 is_stmt 0 discriminator 1
  58 001c 0020     		mov	r0, #0
  59 001e FFF7FEFF 		bl	LED_Green_Write
  60              	.LVL6:
  61 0022 02E0     		b	.L5
  62              	.L4:
  63              		.loc 1 24 0 discriminator 2
  64 0024 0120     		mov	r0, #1
  65 0026 FFF7FEFF 		bl	LED_Green_Write
  66              	.LVL7:
  67              	.L5:
  25:.\led.c       ****     blue ? LED_Blue_Write(0u) : LED_Blue_Write(1u);
  68              		.loc 1 25 0 is_stmt 1
  69 002a 002C     		cmp	r4, #0
  70 002c 03D0     		beq	.L6
  71              		.loc 1 25 0 is_stmt 0 discriminator 1
  72 002e 0020     		mov	r0, #0
  73 0030 FFF7FEFF 		bl	LED_Blue_Write
  74              	.LVL8:
  75 0034 02E0     		b	.L1
  76              	.L6:
  77              		.loc 1 25 0 discriminator 2
  78 0036 0120     		mov	r0, #1
  79 0038 FFF7FEFF 		bl	LED_Blue_Write
  80              	.LVL9:
  81              	.L1:
  26:.\led.c       **** }
  82              		.loc 1 26 0 is_stmt 1
  83              		@ sp needed
  84 003c 38BD     		pop	{r3, r4, r5, pc}
  85              		.cfi_endproc
  86              	.LFE34:
  87              		.size	setLed, .-setLed
  88 003e C046     		.section	.text.toggelLed,"ax",%progbits
ARM GAS  C:\Users\JEPPES~1\AppData\Local\Temp\ccUj0KL0.s 			page 3


  89              		.align	2
  90              		.global	toggelLed
  91              		.code	16
  92              		.thumb_func
  93              		.type	toggelLed, %function
  94              	toggelLed:
  95              	.LFB35:
  27:.\led.c       **** 
  28:.\led.c       **** void toggelLed(uint8 red, uint8 green, uint8 blue)
  29:.\led.c       **** {
  96              		.loc 1 29 0
  97              		.cfi_startproc
  98              	.LVL10:
  99 0000 38B5     		push	{r3, r4, r5, lr}
 100              		.cfi_def_cfa_offset 16
 101              		.cfi_offset 3, -16
 102              		.cfi_offset 4, -12
 103              		.cfi_offset 5, -8
 104              		.cfi_offset 14, -4
 105 0002 0D1C     		mov	r5, r1
 106 0004 141C     		mov	r4, r2
  30:.\led.c       ****     red ? LED_Red_Write(~LED_Red_Read()) : LED_Red_Write(1u);
 107              		.loc 1 30 0
 108 0006 0028     		cmp	r0, #0
 109 0008 06D0     		beq	.L9
 110              		.loc 1 30 0 is_stmt 0 discriminator 1
 111 000a FFF7FEFF 		bl	LED_Red_Read
 112              	.LVL11:
 113 000e C043     		mvn	r0, r0
 114 0010 C0B2     		uxtb	r0, r0
 115 0012 FFF7FEFF 		bl	LED_Red_Write
 116              	.LVL12:
 117 0016 02E0     		b	.L10
 118              	.LVL13:
 119              	.L9:
 120              		.loc 1 30 0 discriminator 2
 121 0018 0120     		mov	r0, #1
 122              	.LVL14:
 123 001a FFF7FEFF 		bl	LED_Red_Write
 124              	.LVL15:
 125              	.L10:
  31:.\led.c       ****     green ? LED_Green_Write(~LED_Red_Read()) : LED_Green_Write(1u);
 126              		.loc 1 31 0 is_stmt 1
 127 001e 002D     		cmp	r5, #0
 128 0020 06D0     		beq	.L11
 129              		.loc 1 31 0 is_stmt 0 discriminator 1
 130 0022 FFF7FEFF 		bl	LED_Red_Read
 131              	.LVL16:
 132 0026 C043     		mvn	r0, r0
 133 0028 C0B2     		uxtb	r0, r0
 134 002a FFF7FEFF 		bl	LED_Green_Write
 135              	.LVL17:
 136 002e 02E0     		b	.L12
 137              	.L11:
 138              		.loc 1 31 0 discriminator 2
 139 0030 0120     		mov	r0, #1
 140 0032 FFF7FEFF 		bl	LED_Green_Write
ARM GAS  C:\Users\JEPPES~1\AppData\Local\Temp\ccUj0KL0.s 			page 4


 141              	.LVL18:
 142              	.L12:
  32:.\led.c       ****     blue ? LED_Blue_Write(~LED_Red_Read()) : LED_Blue_Write(1u);
 143              		.loc 1 32 0 is_stmt 1
 144 0036 002C     		cmp	r4, #0
 145 0038 06D0     		beq	.L13
 146              		.loc 1 32 0 is_stmt 0 discriminator 1
 147 003a FFF7FEFF 		bl	LED_Red_Read
 148              	.LVL19:
 149 003e C043     		mvn	r0, r0
 150 0040 C0B2     		uxtb	r0, r0
 151 0042 FFF7FEFF 		bl	LED_Blue_Write
 152              	.LVL20:
 153 0046 02E0     		b	.L8
 154              	.L13:
 155              		.loc 1 32 0 discriminator 2
 156 0048 0120     		mov	r0, #1
 157 004a FFF7FEFF 		bl	LED_Blue_Write
 158              	.LVL21:
 159              	.L8:
  33:.\led.c       **** }
 160              		.loc 1 33 0 is_stmt 1
 161              		@ sp needed
 162 004e 38BD     		pop	{r3, r4, r5, pc}
 163              		.cfi_endproc
 164              	.LFE35:
 165              		.size	toggelLed, .-toggelLed
 166              		.comm	i2c_rxBuffer,4,4
 167              		.comm	i2c_txBuffer,4,4
 168              		.comm	backOfQueuePtr,4,4
 169              		.comm	frontOfQueuePtr,4,4
 170              		.text
 171              	.Letext0:
 172              		.file 2 ".\\queue.h"
 173              		.file 3 ".\\i2c.h"
 174              		.file 4 "Generated_Source\\PSoC4/LED_Red.h"
 175              		.file 5 "Generated_Source\\PSoC4/LED_Green.h"
 176              		.file 6 "Generated_Source\\PSoC4/LED_Blue.h"
 177              		.file 7 "Generated_Source\\PSoC4/cytypes.h"
 178              		.section	.debug_info,"",%progbits
 179              	.Ldebug_info0:
 180 0000 D1020000 		.4byte	0x2d1
 181 0004 0400     		.2byte	0x4
 182 0006 00000000 		.4byte	.Ldebug_abbrev0
 183 000a 04       		.byte	0x4
 184 000b 01       		.uleb128 0x1
 185 000c 0A010000 		.4byte	.LASF30
 186 0010 01       		.byte	0x1
 187 0011 ED010000 		.4byte	.LASF31
 188 0015 98010000 		.4byte	.LASF32
 189 0019 00000000 		.4byte	.Ldebug_ranges0+0
 190 001d 00000000 		.4byte	0
 191 0021 00000000 		.4byte	.Ldebug_line0
 192 0025 02       		.uleb128 0x2
 193 0026 01       		.byte	0x1
 194 0027 06       		.byte	0x6
 195 0028 F5010000 		.4byte	.LASF0
ARM GAS  C:\Users\JEPPES~1\AppData\Local\Temp\ccUj0KL0.s 			page 5


 196 002c 02       		.uleb128 0x2
 197 002d 01       		.byte	0x1
 198 002e 08       		.byte	0x8
 199 002f 6F000000 		.4byte	.LASF1
 200 0033 02       		.uleb128 0x2
 201 0034 02       		.byte	0x2
 202 0035 05       		.byte	0x5
 203 0036 BC010000 		.4byte	.LASF2
 204 003a 02       		.uleb128 0x2
 205 003b 02       		.byte	0x2
 206 003c 07       		.byte	0x7
 207 003d 15000000 		.4byte	.LASF3
 208 0041 02       		.uleb128 0x2
 209 0042 04       		.byte	0x4
 210 0043 05       		.byte	0x5
 211 0044 E4010000 		.4byte	.LASF4
 212 0048 02       		.uleb128 0x2
 213 0049 04       		.byte	0x4
 214 004a 07       		.byte	0x7
 215 004b 47000000 		.4byte	.LASF5
 216 004f 02       		.uleb128 0x2
 217 0050 08       		.byte	0x8
 218 0051 05       		.byte	0x5
 219 0052 F2000000 		.4byte	.LASF6
 220 0056 02       		.uleb128 0x2
 221 0057 08       		.byte	0x8
 222 0058 07       		.byte	0x7
 223 0059 BC000000 		.4byte	.LASF7
 224 005d 03       		.uleb128 0x3
 225 005e 04       		.byte	0x4
 226 005f 05       		.byte	0x5
 227 0060 696E7400 		.ascii	"int\000"
 228 0064 02       		.uleb128 0x2
 229 0065 04       		.byte	0x4
 230 0066 07       		.byte	0x7
 231 0067 93000000 		.4byte	.LASF8
 232 006b 04       		.uleb128 0x4
 233 006c 59000000 		.4byte	.LASF33
 234 0070 07       		.byte	0x7
 235 0071 3801     		.2byte	0x138
 236 0073 2C000000 		.4byte	0x2c
 237 0077 02       		.uleb128 0x2
 238 0078 04       		.byte	0x4
 239 0079 04       		.byte	0x4
 240 007a 34000000 		.4byte	.LASF9
 241 007e 02       		.uleb128 0x2
 242 007f 08       		.byte	0x8
 243 0080 04       		.byte	0x4
 244 0081 7D000000 		.4byte	.LASF10
 245 0085 02       		.uleb128 0x2
 246 0086 01       		.byte	0x1
 247 0087 08       		.byte	0x8
 248 0088 06000000 		.4byte	.LASF11
 249 008c 02       		.uleb128 0x2
 250 008d 04       		.byte	0x4
 251 008e 07       		.byte	0x7
 252 008f E3000000 		.4byte	.LASF12
ARM GAS  C:\Users\JEPPES~1\AppData\Local\Temp\ccUj0KL0.s 			page 6


 253 0093 05       		.uleb128 0x5
 254 0094 10000000 		.4byte	.LASF15
 255 0098 08       		.byte	0x8
 256 0099 02       		.byte	0x2
 257 009a 1A       		.byte	0x1a
 258 009b B8000000 		.4byte	0xb8
 259 009f 06       		.uleb128 0x6
 260 00a0 05010000 		.4byte	.LASF13
 261 00a4 02       		.byte	0x2
 262 00a5 1C       		.byte	0x1c
 263 00a6 5D000000 		.4byte	0x5d
 264 00aa 00       		.byte	0
 265 00ab 06       		.uleb128 0x6
 266 00ac 00010000 		.4byte	.LASF14
 267 00b0 02       		.byte	0x2
 268 00b1 1D       		.byte	0x1d
 269 00b2 5D000000 		.4byte	0x5d
 270 00b6 04       		.byte	0x4
 271 00b7 00       		.byte	0
 272 00b8 05       		.uleb128 0x5
 273 00b9 0B000000 		.4byte	.LASF16
 274 00bd 0C       		.byte	0xc
 275 00be 02       		.byte	0x2
 276 00bf 20       		.byte	0x20
 277 00c0 DD000000 		.4byte	0xdd
 278 00c4 06       		.uleb128 0x6
 279 00c5 00000000 		.4byte	.LASF17
 280 00c9 02       		.byte	0x2
 281 00ca 22       		.byte	0x22
 282 00cb 93000000 		.4byte	0x93
 283 00cf 00       		.byte	0
 284 00d0 06       		.uleb128 0x6
 285 00d1 EC000000 		.4byte	.LASF18
 286 00d5 02       		.byte	0x2
 287 00d6 23       		.byte	0x23
 288 00d7 DD000000 		.4byte	0xdd
 289 00db 08       		.byte	0x8
 290 00dc 00       		.byte	0
 291 00dd 07       		.uleb128 0x7
 292 00de 04       		.byte	0x4
 293 00df B8000000 		.4byte	0xb8
 294 00e3 08       		.uleb128 0x8
 295 00e4 28000000 		.4byte	.LASF21
 296 00e8 01       		.byte	0x1
 297 00e9 15       		.byte	0x15
 298 00ea 00000000 		.4byte	.LFB34
 299 00ee 3E000000 		.4byte	.LFE34-.LFB34
 300 00f2 01       		.uleb128 0x1
 301 00f3 9C       		.byte	0x9c
 302 00f4 94010000 		.4byte	0x194
 303 00f8 09       		.uleb128 0x9
 304 00f9 72656400 		.ascii	"red\000"
 305 00fd 01       		.byte	0x1
 306 00fe 15       		.byte	0x15
 307 00ff 6B000000 		.4byte	0x6b
 308 0103 00000000 		.4byte	.LLST0
 309 0107 0A       		.uleb128 0xa
ARM GAS  C:\Users\JEPPES~1\AppData\Local\Temp\ccUj0KL0.s 			page 7


 310 0108 5F000000 		.4byte	.LASF19
 311 010c 01       		.byte	0x1
 312 010d 15       		.byte	0x15
 313 010e 6B000000 		.4byte	0x6b
 314 0112 3A000000 		.4byte	.LLST1
 315 0116 0A       		.uleb128 0xa
 316 0117 2F000000 		.4byte	.LASF20
 317 011b 01       		.byte	0x1
 318 011c 15       		.byte	0x15
 319 011d 6B000000 		.4byte	0x6b
 320 0121 74000000 		.4byte	.LLST2
 321 0125 0B       		.uleb128 0xb
 322 0126 10000000 		.4byte	.LVL2
 323 012a 96020000 		.4byte	0x296
 324 012e 38010000 		.4byte	0x138
 325 0132 0C       		.uleb128 0xc
 326 0133 01       		.uleb128 0x1
 327 0134 50       		.byte	0x50
 328 0135 01       		.uleb128 0x1
 329 0136 30       		.byte	0x30
 330 0137 00       		.byte	0
 331 0138 0B       		.uleb128 0xb
 332 0139 18000000 		.4byte	.LVL5
 333 013d 96020000 		.4byte	0x296
 334 0141 4B010000 		.4byte	0x14b
 335 0145 0C       		.uleb128 0xc
 336 0146 01       		.uleb128 0x1
 337 0147 50       		.byte	0x50
 338 0148 01       		.uleb128 0x1
 339 0149 31       		.byte	0x31
 340 014a 00       		.byte	0
 341 014b 0B       		.uleb128 0xb
 342 014c 22000000 		.4byte	.LVL6
 343 0150 A7020000 		.4byte	0x2a7
 344 0154 5E010000 		.4byte	0x15e
 345 0158 0C       		.uleb128 0xc
 346 0159 01       		.uleb128 0x1
 347 015a 50       		.byte	0x50
 348 015b 01       		.uleb128 0x1
 349 015c 30       		.byte	0x30
 350 015d 00       		.byte	0
 351 015e 0B       		.uleb128 0xb
 352 015f 2A000000 		.4byte	.LVL7
 353 0163 A7020000 		.4byte	0x2a7
 354 0167 71010000 		.4byte	0x171
 355 016b 0C       		.uleb128 0xc
 356 016c 01       		.uleb128 0x1
 357 016d 50       		.byte	0x50
 358 016e 01       		.uleb128 0x1
 359 016f 31       		.byte	0x31
 360 0170 00       		.byte	0
 361 0171 0B       		.uleb128 0xb
 362 0172 34000000 		.4byte	.LVL8
 363 0176 B8020000 		.4byte	0x2b8
 364 017a 84010000 		.4byte	0x184
 365 017e 0C       		.uleb128 0xc
 366 017f 01       		.uleb128 0x1
ARM GAS  C:\Users\JEPPES~1\AppData\Local\Temp\ccUj0KL0.s 			page 8


 367 0180 50       		.byte	0x50
 368 0181 01       		.uleb128 0x1
 369 0182 30       		.byte	0x30
 370 0183 00       		.byte	0
 371 0184 0D       		.uleb128 0xd
 372 0185 3C000000 		.4byte	.LVL9
 373 0189 B8020000 		.4byte	0x2b8
 374 018d 0C       		.uleb128 0xc
 375 018e 01       		.uleb128 0x1
 376 018f 50       		.byte	0x50
 377 0190 01       		.uleb128 0x1
 378 0191 31       		.byte	0x31
 379 0192 00       		.byte	0
 380 0193 00       		.byte	0
 381 0194 08       		.uleb128 0x8
 382 0195 65000000 		.4byte	.LASF22
 383 0199 01       		.byte	0x1
 384 019a 1C       		.byte	0x1c
 385 019b 00000000 		.4byte	.LFB35
 386 019f 50000000 		.4byte	.LFE35-.LFB35
 387 01a3 01       		.uleb128 0x1
 388 01a4 9C       		.byte	0x9c
 389 01a5 42020000 		.4byte	0x242
 390 01a9 09       		.uleb128 0x9
 391 01aa 72656400 		.ascii	"red\000"
 392 01ae 01       		.byte	0x1
 393 01af 1C       		.byte	0x1c
 394 01b0 6B000000 		.4byte	0x6b
 395 01b4 AE000000 		.4byte	.LLST3
 396 01b8 0A       		.uleb128 0xa
 397 01b9 5F000000 		.4byte	.LASF19
 398 01bd 01       		.byte	0x1
 399 01be 1C       		.byte	0x1c
 400 01bf 6B000000 		.4byte	0x6b
 401 01c3 E8000000 		.4byte	.LLST4
 402 01c7 0A       		.uleb128 0xa
 403 01c8 2F000000 		.4byte	.LASF20
 404 01cc 01       		.byte	0x1
 405 01cd 1C       		.byte	0x1c
 406 01ce 6B000000 		.4byte	0x6b
 407 01d2 22010000 		.4byte	.LLST5
 408 01d6 0E       		.uleb128 0xe
 409 01d7 0E000000 		.4byte	.LVL11
 410 01db C9020000 		.4byte	0x2c9
 411 01df 0E       		.uleb128 0xe
 412 01e0 16000000 		.4byte	.LVL12
 413 01e4 96020000 		.4byte	0x296
 414 01e8 0B       		.uleb128 0xb
 415 01e9 1E000000 		.4byte	.LVL15
 416 01ed 96020000 		.4byte	0x296
 417 01f1 FB010000 		.4byte	0x1fb
 418 01f5 0C       		.uleb128 0xc
 419 01f6 01       		.uleb128 0x1
 420 01f7 50       		.byte	0x50
 421 01f8 01       		.uleb128 0x1
 422 01f9 31       		.byte	0x31
 423 01fa 00       		.byte	0
ARM GAS  C:\Users\JEPPES~1\AppData\Local\Temp\ccUj0KL0.s 			page 9


 424 01fb 0E       		.uleb128 0xe
 425 01fc 26000000 		.4byte	.LVL16
 426 0200 C9020000 		.4byte	0x2c9
 427 0204 0E       		.uleb128 0xe
 428 0205 2E000000 		.4byte	.LVL17
 429 0209 A7020000 		.4byte	0x2a7
 430 020d 0B       		.uleb128 0xb
 431 020e 36000000 		.4byte	.LVL18
 432 0212 A7020000 		.4byte	0x2a7
 433 0216 20020000 		.4byte	0x220
 434 021a 0C       		.uleb128 0xc
 435 021b 01       		.uleb128 0x1
 436 021c 50       		.byte	0x50
 437 021d 01       		.uleb128 0x1
 438 021e 31       		.byte	0x31
 439 021f 00       		.byte	0
 440 0220 0E       		.uleb128 0xe
 441 0221 3E000000 		.4byte	.LVL19
 442 0225 C9020000 		.4byte	0x2c9
 443 0229 0E       		.uleb128 0xe
 444 022a 46000000 		.4byte	.LVL20
 445 022e B8020000 		.4byte	0x2b8
 446 0232 0D       		.uleb128 0xd
 447 0233 4E000000 		.4byte	.LVL21
 448 0237 B8020000 		.4byte	0x2b8
 449 023b 0C       		.uleb128 0xc
 450 023c 01       		.uleb128 0x1
 451 023d 50       		.byte	0x50
 452 023e 01       		.uleb128 0x1
 453 023f 31       		.byte	0x31
 454 0240 00       		.byte	0
 455 0241 00       		.byte	0
 456 0242 0F       		.uleb128 0xf
 457 0243 D3000000 		.4byte	.LASF23
 458 0247 02       		.byte	0x2
 459 0248 26       		.byte	0x26
 460 0249 DD000000 		.4byte	0xdd
 461 024d 05       		.uleb128 0x5
 462 024e 03       		.byte	0x3
 463 024f 00000000 		.4byte	frontOfQueuePtr
 464 0253 0F       		.uleb128 0xf
 465 0254 84000000 		.4byte	.LASF24
 466 0258 02       		.byte	0x2
 467 0259 27       		.byte	0x27
 468 025a DD000000 		.4byte	0xdd
 469 025e 05       		.uleb128 0x5
 470 025f 03       		.byte	0x3
 471 0260 00000000 		.4byte	backOfQueuePtr
 472 0264 10       		.uleb128 0x10
 473 0265 6B000000 		.4byte	0x6b
 474 0269 74020000 		.4byte	0x274
 475 026d 11       		.uleb128 0x11
 476 026e 8C000000 		.4byte	0x8c
 477 0272 03       		.byte	0x3
 478 0273 00       		.byte	0
 479 0274 0F       		.uleb128 0xf
 480 0275 A0000000 		.4byte	.LASF25
ARM GAS  C:\Users\JEPPES~1\AppData\Local\Temp\ccUj0KL0.s 			page 10


 481 0279 03       		.byte	0x3
 482 027a 32       		.byte	0x32
 483 027b 64020000 		.4byte	0x264
 484 027f 05       		.uleb128 0x5
 485 0280 03       		.byte	0x3
 486 0281 00000000 		.4byte	i2c_txBuffer
 487 0285 0F       		.uleb128 0xf
 488 0286 01020000 		.4byte	.LASF26
 489 028a 03       		.byte	0x3
 490 028b 33       		.byte	0x33
 491 028c 64020000 		.4byte	0x264
 492 0290 05       		.uleb128 0x5
 493 0291 03       		.byte	0x3
 494 0292 00000000 		.4byte	i2c_rxBuffer
 495 0296 12       		.uleb128 0x12
 496 0297 C6010000 		.4byte	.LASF27
 497 029b 04       		.byte	0x4
 498 029c 33       		.byte	0x33
 499 029d A7020000 		.4byte	0x2a7
 500 02a1 13       		.uleb128 0x13
 501 02a2 6B000000 		.4byte	0x6b
 502 02a6 00       		.byte	0
 503 02a7 12       		.uleb128 0x12
 504 02a8 D4010000 		.4byte	.LASF28
 505 02ac 05       		.byte	0x5
 506 02ad 33       		.byte	0x33
 507 02ae B8020000 		.4byte	0x2b8
 508 02b2 13       		.uleb128 0x13
 509 02b3 6B000000 		.4byte	0x6b
 510 02b7 00       		.byte	0
 511 02b8 12       		.uleb128 0x12
 512 02b9 AD000000 		.4byte	.LASF29
 513 02bd 06       		.byte	0x6
 514 02be 33       		.byte	0x33
 515 02bf C9020000 		.4byte	0x2c9
 516 02c3 13       		.uleb128 0x13
 517 02c4 6B000000 		.4byte	0x6b
 518 02c8 00       		.byte	0
 519 02c9 14       		.uleb128 0x14
 520 02ca 3A000000 		.4byte	.LASF34
 521 02ce 04       		.byte	0x4
 522 02cf 32       		.byte	0x32
 523 02d0 6B000000 		.4byte	0x6b
 524 02d4 00       		.byte	0
 525              		.section	.debug_abbrev,"",%progbits
 526              	.Ldebug_abbrev0:
 527 0000 01       		.uleb128 0x1
 528 0001 11       		.uleb128 0x11
 529 0002 01       		.byte	0x1
 530 0003 25       		.uleb128 0x25
 531 0004 0E       		.uleb128 0xe
 532 0005 13       		.uleb128 0x13
 533 0006 0B       		.uleb128 0xb
 534 0007 03       		.uleb128 0x3
 535 0008 0E       		.uleb128 0xe
 536 0009 1B       		.uleb128 0x1b
 537 000a 0E       		.uleb128 0xe
ARM GAS  C:\Users\JEPPES~1\AppData\Local\Temp\ccUj0KL0.s 			page 11


 538 000b 55       		.uleb128 0x55
 539 000c 17       		.uleb128 0x17
 540 000d 11       		.uleb128 0x11
 541 000e 01       		.uleb128 0x1
 542 000f 10       		.uleb128 0x10
 543 0010 17       		.uleb128 0x17
 544 0011 00       		.byte	0
 545 0012 00       		.byte	0
 546 0013 02       		.uleb128 0x2
 547 0014 24       		.uleb128 0x24
 548 0015 00       		.byte	0
 549 0016 0B       		.uleb128 0xb
 550 0017 0B       		.uleb128 0xb
 551 0018 3E       		.uleb128 0x3e
 552 0019 0B       		.uleb128 0xb
 553 001a 03       		.uleb128 0x3
 554 001b 0E       		.uleb128 0xe
 555 001c 00       		.byte	0
 556 001d 00       		.byte	0
 557 001e 03       		.uleb128 0x3
 558 001f 24       		.uleb128 0x24
 559 0020 00       		.byte	0
 560 0021 0B       		.uleb128 0xb
 561 0022 0B       		.uleb128 0xb
 562 0023 3E       		.uleb128 0x3e
 563 0024 0B       		.uleb128 0xb
 564 0025 03       		.uleb128 0x3
 565 0026 08       		.uleb128 0x8
 566 0027 00       		.byte	0
 567 0028 00       		.byte	0
 568 0029 04       		.uleb128 0x4
 569 002a 16       		.uleb128 0x16
 570 002b 00       		.byte	0
 571 002c 03       		.uleb128 0x3
 572 002d 0E       		.uleb128 0xe
 573 002e 3A       		.uleb128 0x3a
 574 002f 0B       		.uleb128 0xb
 575 0030 3B       		.uleb128 0x3b
 576 0031 05       		.uleb128 0x5
 577 0032 49       		.uleb128 0x49
 578 0033 13       		.uleb128 0x13
 579 0034 00       		.byte	0
 580 0035 00       		.byte	0
 581 0036 05       		.uleb128 0x5
 582 0037 13       		.uleb128 0x13
 583 0038 01       		.byte	0x1
 584 0039 03       		.uleb128 0x3
 585 003a 0E       		.uleb128 0xe
 586 003b 0B       		.uleb128 0xb
 587 003c 0B       		.uleb128 0xb
 588 003d 3A       		.uleb128 0x3a
 589 003e 0B       		.uleb128 0xb
 590 003f 3B       		.uleb128 0x3b
 591 0040 0B       		.uleb128 0xb
 592 0041 01       		.uleb128 0x1
 593 0042 13       		.uleb128 0x13
 594 0043 00       		.byte	0
ARM GAS  C:\Users\JEPPES~1\AppData\Local\Temp\ccUj0KL0.s 			page 12


 595 0044 00       		.byte	0
 596 0045 06       		.uleb128 0x6
 597 0046 0D       		.uleb128 0xd
 598 0047 00       		.byte	0
 599 0048 03       		.uleb128 0x3
 600 0049 0E       		.uleb128 0xe
 601 004a 3A       		.uleb128 0x3a
 602 004b 0B       		.uleb128 0xb
 603 004c 3B       		.uleb128 0x3b
 604 004d 0B       		.uleb128 0xb
 605 004e 49       		.uleb128 0x49
 606 004f 13       		.uleb128 0x13
 607 0050 38       		.uleb128 0x38
 608 0051 0B       		.uleb128 0xb
 609 0052 00       		.byte	0
 610 0053 00       		.byte	0
 611 0054 07       		.uleb128 0x7
 612 0055 0F       		.uleb128 0xf
 613 0056 00       		.byte	0
 614 0057 0B       		.uleb128 0xb
 615 0058 0B       		.uleb128 0xb
 616 0059 49       		.uleb128 0x49
 617 005a 13       		.uleb128 0x13
 618 005b 00       		.byte	0
 619 005c 00       		.byte	0
 620 005d 08       		.uleb128 0x8
 621 005e 2E       		.uleb128 0x2e
 622 005f 01       		.byte	0x1
 623 0060 3F       		.uleb128 0x3f
 624 0061 19       		.uleb128 0x19
 625 0062 03       		.uleb128 0x3
 626 0063 0E       		.uleb128 0xe
 627 0064 3A       		.uleb128 0x3a
 628 0065 0B       		.uleb128 0xb
 629 0066 3B       		.uleb128 0x3b
 630 0067 0B       		.uleb128 0xb
 631 0068 27       		.uleb128 0x27
 632 0069 19       		.uleb128 0x19
 633 006a 11       		.uleb128 0x11
 634 006b 01       		.uleb128 0x1
 635 006c 12       		.uleb128 0x12
 636 006d 06       		.uleb128 0x6
 637 006e 40       		.uleb128 0x40
 638 006f 18       		.uleb128 0x18
 639 0070 9742     		.uleb128 0x2117
 640 0072 19       		.uleb128 0x19
 641 0073 01       		.uleb128 0x1
 642 0074 13       		.uleb128 0x13
 643 0075 00       		.byte	0
 644 0076 00       		.byte	0
 645 0077 09       		.uleb128 0x9
 646 0078 05       		.uleb128 0x5
 647 0079 00       		.byte	0
 648 007a 03       		.uleb128 0x3
 649 007b 08       		.uleb128 0x8
 650 007c 3A       		.uleb128 0x3a
 651 007d 0B       		.uleb128 0xb
ARM GAS  C:\Users\JEPPES~1\AppData\Local\Temp\ccUj0KL0.s 			page 13


 652 007e 3B       		.uleb128 0x3b
 653 007f 0B       		.uleb128 0xb
 654 0080 49       		.uleb128 0x49
 655 0081 13       		.uleb128 0x13
 656 0082 02       		.uleb128 0x2
 657 0083 17       		.uleb128 0x17
 658 0084 00       		.byte	0
 659 0085 00       		.byte	0
 660 0086 0A       		.uleb128 0xa
 661 0087 05       		.uleb128 0x5
 662 0088 00       		.byte	0
 663 0089 03       		.uleb128 0x3
 664 008a 0E       		.uleb128 0xe
 665 008b 3A       		.uleb128 0x3a
 666 008c 0B       		.uleb128 0xb
 667 008d 3B       		.uleb128 0x3b
 668 008e 0B       		.uleb128 0xb
 669 008f 49       		.uleb128 0x49
 670 0090 13       		.uleb128 0x13
 671 0091 02       		.uleb128 0x2
 672 0092 17       		.uleb128 0x17
 673 0093 00       		.byte	0
 674 0094 00       		.byte	0
 675 0095 0B       		.uleb128 0xb
 676 0096 898201   		.uleb128 0x4109
 677 0099 01       		.byte	0x1
 678 009a 11       		.uleb128 0x11
 679 009b 01       		.uleb128 0x1
 680 009c 31       		.uleb128 0x31
 681 009d 13       		.uleb128 0x13
 682 009e 01       		.uleb128 0x1
 683 009f 13       		.uleb128 0x13
 684 00a0 00       		.byte	0
 685 00a1 00       		.byte	0
 686 00a2 0C       		.uleb128 0xc
 687 00a3 8A8201   		.uleb128 0x410a
 688 00a6 00       		.byte	0
 689 00a7 02       		.uleb128 0x2
 690 00a8 18       		.uleb128 0x18
 691 00a9 9142     		.uleb128 0x2111
 692 00ab 18       		.uleb128 0x18
 693 00ac 00       		.byte	0
 694 00ad 00       		.byte	0
 695 00ae 0D       		.uleb128 0xd
 696 00af 898201   		.uleb128 0x4109
 697 00b2 01       		.byte	0x1
 698 00b3 11       		.uleb128 0x11
 699 00b4 01       		.uleb128 0x1
 700 00b5 31       		.uleb128 0x31
 701 00b6 13       		.uleb128 0x13
 702 00b7 00       		.byte	0
 703 00b8 00       		.byte	0
 704 00b9 0E       		.uleb128 0xe
 705 00ba 898201   		.uleb128 0x4109
 706 00bd 00       		.byte	0
 707 00be 11       		.uleb128 0x11
 708 00bf 01       		.uleb128 0x1
ARM GAS  C:\Users\JEPPES~1\AppData\Local\Temp\ccUj0KL0.s 			page 14


 709 00c0 31       		.uleb128 0x31
 710 00c1 13       		.uleb128 0x13
 711 00c2 00       		.byte	0
 712 00c3 00       		.byte	0
 713 00c4 0F       		.uleb128 0xf
 714 00c5 34       		.uleb128 0x34
 715 00c6 00       		.byte	0
 716 00c7 03       		.uleb128 0x3
 717 00c8 0E       		.uleb128 0xe
 718 00c9 3A       		.uleb128 0x3a
 719 00ca 0B       		.uleb128 0xb
 720 00cb 3B       		.uleb128 0x3b
 721 00cc 0B       		.uleb128 0xb
 722 00cd 49       		.uleb128 0x49
 723 00ce 13       		.uleb128 0x13
 724 00cf 3F       		.uleb128 0x3f
 725 00d0 19       		.uleb128 0x19
 726 00d1 02       		.uleb128 0x2
 727 00d2 18       		.uleb128 0x18
 728 00d3 00       		.byte	0
 729 00d4 00       		.byte	0
 730 00d5 10       		.uleb128 0x10
 731 00d6 01       		.uleb128 0x1
 732 00d7 01       		.byte	0x1
 733 00d8 49       		.uleb128 0x49
 734 00d9 13       		.uleb128 0x13
 735 00da 01       		.uleb128 0x1
 736 00db 13       		.uleb128 0x13
 737 00dc 00       		.byte	0
 738 00dd 00       		.byte	0
 739 00de 11       		.uleb128 0x11
 740 00df 21       		.uleb128 0x21
 741 00e0 00       		.byte	0
 742 00e1 49       		.uleb128 0x49
 743 00e2 13       		.uleb128 0x13
 744 00e3 2F       		.uleb128 0x2f
 745 00e4 0B       		.uleb128 0xb
 746 00e5 00       		.byte	0
 747 00e6 00       		.byte	0
 748 00e7 12       		.uleb128 0x12
 749 00e8 2E       		.uleb128 0x2e
 750 00e9 01       		.byte	0x1
 751 00ea 3F       		.uleb128 0x3f
 752 00eb 19       		.uleb128 0x19
 753 00ec 03       		.uleb128 0x3
 754 00ed 0E       		.uleb128 0xe
 755 00ee 3A       		.uleb128 0x3a
 756 00ef 0B       		.uleb128 0xb
 757 00f0 3B       		.uleb128 0x3b
 758 00f1 0B       		.uleb128 0xb
 759 00f2 27       		.uleb128 0x27
 760 00f3 19       		.uleb128 0x19
 761 00f4 3C       		.uleb128 0x3c
 762 00f5 19       		.uleb128 0x19
 763 00f6 01       		.uleb128 0x1
 764 00f7 13       		.uleb128 0x13
 765 00f8 00       		.byte	0
ARM GAS  C:\Users\JEPPES~1\AppData\Local\Temp\ccUj0KL0.s 			page 15


 766 00f9 00       		.byte	0
 767 00fa 13       		.uleb128 0x13
 768 00fb 05       		.uleb128 0x5
 769 00fc 00       		.byte	0
 770 00fd 49       		.uleb128 0x49
 771 00fe 13       		.uleb128 0x13
 772 00ff 00       		.byte	0
 773 0100 00       		.byte	0
 774 0101 14       		.uleb128 0x14
 775 0102 2E       		.uleb128 0x2e
 776 0103 00       		.byte	0
 777 0104 3F       		.uleb128 0x3f
 778 0105 19       		.uleb128 0x19
 779 0106 03       		.uleb128 0x3
 780 0107 0E       		.uleb128 0xe
 781 0108 3A       		.uleb128 0x3a
 782 0109 0B       		.uleb128 0xb
 783 010a 3B       		.uleb128 0x3b
 784 010b 0B       		.uleb128 0xb
 785 010c 27       		.uleb128 0x27
 786 010d 19       		.uleb128 0x19
 787 010e 49       		.uleb128 0x49
 788 010f 13       		.uleb128 0x13
 789 0110 3C       		.uleb128 0x3c
 790 0111 19       		.uleb128 0x19
 791 0112 00       		.byte	0
 792 0113 00       		.byte	0
 793 0114 00       		.byte	0
 794              		.section	.debug_loc,"",%progbits
 795              	.Ldebug_loc0:
 796              	.LLST0:
 797 0000 00000000 		.4byte	.LVL0
 798 0004 0C000000 		.4byte	.LVL1
 799 0008 0100     		.2byte	0x1
 800 000a 50       		.byte	0x50
 801 000b 0C000000 		.4byte	.LVL1
 802 000f 12000000 		.4byte	.LVL3
 803 0013 0400     		.2byte	0x4
 804 0015 F3       		.byte	0xf3
 805 0016 01       		.uleb128 0x1
 806 0017 50       		.byte	0x50
 807 0018 9F       		.byte	0x9f
 808 0019 12000000 		.4byte	.LVL3
 809 001d 14000000 		.4byte	.LVL4
 810 0021 0100     		.2byte	0x1
 811 0023 50       		.byte	0x50
 812 0024 14000000 		.4byte	.LVL4
 813 0028 3E000000 		.4byte	.LFE34
 814 002c 0400     		.2byte	0x4
 815 002e F3       		.byte	0xf3
 816 002f 01       		.uleb128 0x1
 817 0030 50       		.byte	0x50
 818 0031 9F       		.byte	0x9f
 819 0032 00000000 		.4byte	0
 820 0036 00000000 		.4byte	0
 821              	.LLST1:
 822 003a 00000000 		.4byte	.LVL0
ARM GAS  C:\Users\JEPPES~1\AppData\Local\Temp\ccUj0KL0.s 			page 16


 823 003e 0F000000 		.4byte	.LVL2-1
 824 0042 0100     		.2byte	0x1
 825 0044 51       		.byte	0x51
 826 0045 0F000000 		.4byte	.LVL2-1
 827 0049 12000000 		.4byte	.LVL3
 828 004d 0400     		.2byte	0x4
 829 004f F3       		.byte	0xf3
 830 0050 01       		.uleb128 0x1
 831 0051 51       		.byte	0x51
 832 0052 9F       		.byte	0x9f
 833 0053 12000000 		.4byte	.LVL3
 834 0057 17000000 		.4byte	.LVL5-1
 835 005b 0100     		.2byte	0x1
 836 005d 51       		.byte	0x51
 837 005e 17000000 		.4byte	.LVL5-1
 838 0062 3E000000 		.4byte	.LFE34
 839 0066 0400     		.2byte	0x4
 840 0068 F3       		.byte	0xf3
 841 0069 01       		.uleb128 0x1
 842 006a 51       		.byte	0x51
 843 006b 9F       		.byte	0x9f
 844 006c 00000000 		.4byte	0
 845 0070 00000000 		.4byte	0
 846              	.LLST2:
 847 0074 00000000 		.4byte	.LVL0
 848 0078 0F000000 		.4byte	.LVL2-1
 849 007c 0100     		.2byte	0x1
 850 007e 52       		.byte	0x52
 851 007f 0F000000 		.4byte	.LVL2-1
 852 0083 12000000 		.4byte	.LVL3
 853 0087 0400     		.2byte	0x4
 854 0089 F3       		.byte	0xf3
 855 008a 01       		.uleb128 0x1
 856 008b 52       		.byte	0x52
 857 008c 9F       		.byte	0x9f
 858 008d 12000000 		.4byte	.LVL3
 859 0091 17000000 		.4byte	.LVL5-1
 860 0095 0100     		.2byte	0x1
 861 0097 52       		.byte	0x52
 862 0098 17000000 		.4byte	.LVL5-1
 863 009c 3E000000 		.4byte	.LFE34
 864 00a0 0400     		.2byte	0x4
 865 00a2 F3       		.byte	0xf3
 866 00a3 01       		.uleb128 0x1
 867 00a4 52       		.byte	0x52
 868 00a5 9F       		.byte	0x9f
 869 00a6 00000000 		.4byte	0
 870 00aa 00000000 		.4byte	0
 871              	.LLST3:
 872 00ae 00000000 		.4byte	.LVL10
 873 00b2 0D000000 		.4byte	.LVL11-1
 874 00b6 0100     		.2byte	0x1
 875 00b8 50       		.byte	0x50
 876 00b9 0D000000 		.4byte	.LVL11-1
 877 00bd 18000000 		.4byte	.LVL13
 878 00c1 0400     		.2byte	0x4
 879 00c3 F3       		.byte	0xf3
ARM GAS  C:\Users\JEPPES~1\AppData\Local\Temp\ccUj0KL0.s 			page 17


 880 00c4 01       		.uleb128 0x1
 881 00c5 50       		.byte	0x50
 882 00c6 9F       		.byte	0x9f
 883 00c7 18000000 		.4byte	.LVL13
 884 00cb 1A000000 		.4byte	.LVL14
 885 00cf 0100     		.2byte	0x1
 886 00d1 50       		.byte	0x50
 887 00d2 1A000000 		.4byte	.LVL14
 888 00d6 50000000 		.4byte	.LFE35
 889 00da 0400     		.2byte	0x4
 890 00dc F3       		.byte	0xf3
 891 00dd 01       		.uleb128 0x1
 892 00de 50       		.byte	0x50
 893 00df 9F       		.byte	0x9f
 894 00e0 00000000 		.4byte	0
 895 00e4 00000000 		.4byte	0
 896              	.LLST4:
 897 00e8 00000000 		.4byte	.LVL10
 898 00ec 0D000000 		.4byte	.LVL11-1
 899 00f0 0100     		.2byte	0x1
 900 00f2 51       		.byte	0x51
 901 00f3 0D000000 		.4byte	.LVL11-1
 902 00f7 18000000 		.4byte	.LVL13
 903 00fb 0400     		.2byte	0x4
 904 00fd F3       		.byte	0xf3
 905 00fe 01       		.uleb128 0x1
 906 00ff 51       		.byte	0x51
 907 0100 9F       		.byte	0x9f
 908 0101 18000000 		.4byte	.LVL13
 909 0105 1D000000 		.4byte	.LVL15-1
 910 0109 0100     		.2byte	0x1
 911 010b 51       		.byte	0x51
 912 010c 1D000000 		.4byte	.LVL15-1
 913 0110 50000000 		.4byte	.LFE35
 914 0114 0400     		.2byte	0x4
 915 0116 F3       		.byte	0xf3
 916 0117 01       		.uleb128 0x1
 917 0118 51       		.byte	0x51
 918 0119 9F       		.byte	0x9f
 919 011a 00000000 		.4byte	0
 920 011e 00000000 		.4byte	0
 921              	.LLST5:
 922 0122 00000000 		.4byte	.LVL10
 923 0126 0D000000 		.4byte	.LVL11-1
 924 012a 0100     		.2byte	0x1
 925 012c 52       		.byte	0x52
 926 012d 0D000000 		.4byte	.LVL11-1
 927 0131 18000000 		.4byte	.LVL13
 928 0135 0400     		.2byte	0x4
 929 0137 F3       		.byte	0xf3
 930 0138 01       		.uleb128 0x1
 931 0139 52       		.byte	0x52
 932 013a 9F       		.byte	0x9f
 933 013b 18000000 		.4byte	.LVL13
 934 013f 1D000000 		.4byte	.LVL15-1
 935 0143 0100     		.2byte	0x1
 936 0145 52       		.byte	0x52
ARM GAS  C:\Users\JEPPES~1\AppData\Local\Temp\ccUj0KL0.s 			page 18


 937 0146 1D000000 		.4byte	.LVL15-1
 938 014a 50000000 		.4byte	.LFE35
 939 014e 0400     		.2byte	0x4
 940 0150 F3       		.byte	0xf3
 941 0151 01       		.uleb128 0x1
 942 0152 52       		.byte	0x52
 943 0153 9F       		.byte	0x9f
 944 0154 00000000 		.4byte	0
 945 0158 00000000 		.4byte	0
 946              		.section	.debug_aranges,"",%progbits
 947 0000 24000000 		.4byte	0x24
 948 0004 0200     		.2byte	0x2
 949 0006 00000000 		.4byte	.Ldebug_info0
 950 000a 04       		.byte	0x4
 951 000b 00       		.byte	0
 952 000c 0000     		.2byte	0
 953 000e 0000     		.2byte	0
 954 0010 00000000 		.4byte	.LFB34
 955 0014 3E000000 		.4byte	.LFE34-.LFB34
 956 0018 00000000 		.4byte	.LFB35
 957 001c 50000000 		.4byte	.LFE35-.LFB35
 958 0020 00000000 		.4byte	0
 959 0024 00000000 		.4byte	0
 960              		.section	.debug_ranges,"",%progbits
 961              	.Ldebug_ranges0:
 962 0000 00000000 		.4byte	.LFB34
 963 0004 3E000000 		.4byte	.LFE34
 964 0008 00000000 		.4byte	.LFB35
 965 000c 50000000 		.4byte	.LFE35
 966 0010 00000000 		.4byte	0
 967 0014 00000000 		.4byte	0
 968              		.section	.debug_line,"",%progbits
 969              	.Ldebug_line0:
 970 0000 F8000000 		.section	.debug_str,"MS",%progbits,1
 970      02008400 
 970      00000201 
 970      FB0E0D00 
 970      01010101 
 971              	.LASF17:
 972 0000 64617461 		.ascii	"data_\000"
 972      5F00
 973              	.LASF11:
 974 0006 63686172 		.ascii	"char\000"
 974      00
 975              	.LASF16:
 976 000b 4E6F6465 		.ascii	"Node\000"
 976      00
 977              	.LASF15:
 978 0010 44617461 		.ascii	"Data\000"
 978      00
 979              	.LASF3:
 980 0015 73686F72 		.ascii	"short unsigned int\000"
 980      7420756E 
 980      7369676E 
 980      65642069 
 980      6E7400
 981              	.LASF21:
ARM GAS  C:\Users\JEPPES~1\AppData\Local\Temp\ccUj0KL0.s 			page 19


 982 0028 7365744C 		.ascii	"setLed\000"
 982      656400
 983              	.LASF20:
 984 002f 626C7565 		.ascii	"blue\000"
 984      00
 985              	.LASF9:
 986 0034 666C6F61 		.ascii	"float\000"
 986      7400
 987              	.LASF34:
 988 003a 4C45445F 		.ascii	"LED_Red_Read\000"
 988      5265645F 
 988      52656164 
 988      00
 989              	.LASF5:
 990 0047 6C6F6E67 		.ascii	"long unsigned int\000"
 990      20756E73 
 990      69676E65 
 990      6420696E 
 990      7400
 991              	.LASF33:
 992 0059 75696E74 		.ascii	"uint8\000"
 992      3800
 993              	.LASF19:
 994 005f 67726565 		.ascii	"green\000"
 994      6E00
 995              	.LASF22:
 996 0065 746F6767 		.ascii	"toggelLed\000"
 996      656C4C65 
 996      6400
 997              	.LASF1:
 998 006f 756E7369 		.ascii	"unsigned char\000"
 998      676E6564 
 998      20636861 
 998      7200
 999              	.LASF10:
 1000 007d 646F7562 		.ascii	"double\000"
 1000      6C6500
 1001              	.LASF24:
 1002 0084 6261636B 		.ascii	"backOfQueuePtr\000"
 1002      4F665175 
 1002      65756550 
 1002      747200
 1003              	.LASF8:
 1004 0093 756E7369 		.ascii	"unsigned int\000"
 1004      676E6564 
 1004      20696E74 
 1004      00
 1005              	.LASF25:
 1006 00a0 6932635F 		.ascii	"i2c_txBuffer\000"
 1006      74784275 
 1006      66666572 
 1006      00
 1007              	.LASF29:
 1008 00ad 4C45445F 		.ascii	"LED_Blue_Write\000"
 1008      426C7565 
 1008      5F577269 
 1008      746500
ARM GAS  C:\Users\JEPPES~1\AppData\Local\Temp\ccUj0KL0.s 			page 20


 1009              	.LASF7:
 1010 00bc 6C6F6E67 		.ascii	"long long unsigned int\000"
 1010      206C6F6E 
 1010      6720756E 
 1010      7369676E 
 1010      65642069 
 1011              	.LASF23:
 1012 00d3 66726F6E 		.ascii	"frontOfQueuePtr\000"
 1012      744F6651 
 1012      75657565 
 1012      50747200 
 1013              	.LASF12:
 1014 00e3 73697A65 		.ascii	"sizetype\000"
 1014      74797065 
 1014      00
 1015              	.LASF18:
 1016 00ec 6E657874 		.ascii	"next_\000"
 1016      5F00
 1017              	.LASF6:
 1018 00f2 6C6F6E67 		.ascii	"long long int\000"
 1018      206C6F6E 
 1018      6720696E 
 1018      7400
 1019              	.LASF14:
 1020 0100 76616C5F 		.ascii	"val_\000"
 1020      00
 1021              	.LASF13:
 1022 0105 636D645F 		.ascii	"cmd_\000"
 1022      00
 1023              	.LASF30:
 1024 010a 474E5520 		.ascii	"GNU C 4.9.3 20150303 (release) [ARM/embedded-4_9-br"
 1024      4320342E 
 1024      392E3320 
 1024      32303135 
 1024      30333033 
 1025 013d 616E6368 		.ascii	"anch revision 221220] -mcpu=cortex-m0 -mthumb -g -O"
 1025      20726576 
 1025      6973696F 
 1025      6E203232 
 1025      31323230 
 1026 0170 67202D66 		.ascii	"g -ffunction-sections -ffat-lto-objects\000"
 1026      66756E63 
 1026      74696F6E 
 1026      2D736563 
 1026      74696F6E 
 1027              	.LASF32:
 1028 0198 433A5C45 		.ascii	"C:\\E3PRJ3-Gruppe1\\PSoC\\PSoC4Z.cydsn\000"
 1028      3350524A 
 1028      332D4772 
 1028      75707065 
 1028      315C5053 
 1029              	.LASF2:
 1030 01bc 73686F72 		.ascii	"short int\000"
 1030      7420696E 
 1030      7400
 1031              	.LASF27:
 1032 01c6 4C45445F 		.ascii	"LED_Red_Write\000"
ARM GAS  C:\Users\JEPPES~1\AppData\Local\Temp\ccUj0KL0.s 			page 21


 1032      5265645F 
 1032      57726974 
 1032      6500
 1033              	.LASF28:
 1034 01d4 4C45445F 		.ascii	"LED_Green_Write\000"
 1034      47726565 
 1034      6E5F5772 
 1034      69746500 
 1035              	.LASF4:
 1036 01e4 6C6F6E67 		.ascii	"long int\000"
 1036      20696E74 
 1036      00
 1037              	.LASF31:
 1038 01ed 2E5C6C65 		.ascii	".\\led.c\000"
 1038      642E6300 
 1039              	.LASF0:
 1040 01f5 7369676E 		.ascii	"signed char\000"
 1040      65642063 
 1040      68617200 
 1041              	.LASF26:
 1042 0201 6932635F 		.ascii	"i2c_rxBuffer\000"
 1042      72784275 
 1042      66666572 
 1042      00
 1043              		.ident	"GCC: (GNU Tools for ARM Embedded Processors) 4.9.3 20150303 (release) [ARM/embedded-4_9-br
