ARM GAS  C:\Users\JEPPES~1\AppData\Local\Temp\ccSQfTSA.s 			page 1


   1              		.cpu cortex-m0
   2              		.fpu softvfp
   3              		.eabi_attribute 20, 1
   4              		.eabi_attribute 21, 1
   5              		.eabi_attribute 23, 3
   6              		.eabi_attribute 24, 1
   7              		.eabi_attribute 25, 1
   8              		.eabi_attribute 26, 1
   9              		.eabi_attribute 30, 1
  10              		.eabi_attribute 34, 0
  11              		.eabi_attribute 18, 4
  12              		.code	16
  13              		.file	"main.c"
  14              		.text
  15              	.Ltext0:
  16              		.cfi_sections	.debug_frame
  17              		.section	.text.main,"ax",%progbits
  18              		.align	2
  19              		.global	main
  20              		.code	16
  21              		.thumb_func
  22              		.type	main, %function
  23              	main:
  24              	.LFB34:
  25              		.file 1 ".\\main.c"
   1:.\main.c      **** /* ========================================
   2:.\main.c      ****  *
   3:.\main.c      ****  * File: main.c
   4:.\main.c      ****  * Description: 
   5:.\main.c      ****  *
   6:.\main.c      ****  * University: AARHUS UNIVERSITY SCHOOL OF ENGINEERING
   7:.\main.c      ****  * Project: F16 - E3PRJ3-02 Semesterprojekt 3 [240501U178]
   8:.\main.c      ****  * Group: 1
   9:.\main.c      ****  * 
  10:.\main.c      ****  * Author: 
  11:.\main.c      ****  * Matriculation number: 
  12:.\main.c      ****  *
  13:.\main.c      ****  * Version: 1.0
  14:.\main.c      ****  * Date: 13-05-2016
  15:.\main.c      ****  *
  16:.\main.c      ****  * ========================================
  17:.\main.c      **** */
  18:.\main.c      **** 
  19:.\main.c      **** #include <project.h>
  20:.\main.c      **** #include "handler.h"
  21:.\main.c      **** #include "i2c.h"
  22:.\main.c      **** #include "led.h"
  23:.\main.c      **** #include "queue.h"
  24:.\main.c      **** #include "z.h"
  25:.\main.c      **** 
  26:.\main.c      **** int main()
  27:.\main.c      **** {
  26              		.loc 1 27 0
  27              		.cfi_startproc
  28 0000 00B5     		push	{lr}
  29              		.cfi_def_cfa_offset 4
  30              		.cfi_offset 14, -4
ARM GAS  C:\Users\JEPPES~1\AppData\Local\Temp\ccSQfTSA.s 			page 2


  31 0002 83B0     		sub	sp, sp, #12
  32              		.cfi_def_cfa_offset 16
  28:.\main.c      ****     CyGlobalIntEnable;
  33              		.loc 1 28 0
  34              	@ 28 ".\main.c" 1
  35 0004 62B6     		CPSIE   i
  36              	@ 0 "" 2
  29:.\main.c      **** 
  30:.\main.c      ****     queue_init();
  37              		.loc 1 30 0
  38              		.code	16
  39 0006 FFF7FEFF 		bl	queue_init
  40              	.LVL0:
  31:.\main.c      ****     z_init();
  41              		.loc 1 31 0
  42 000a FFF7FEFF 		bl	z_init
  43              	.LVL1:
  32:.\main.c      ****     i2c_init();
  44              		.loc 1 32 0
  45 000e FFF7FEFF 		bl	i2c_init
  46              	.LVL2:
  47              	.L7:
  33:.\main.c      ****     
  34:.\main.c      ****     for(;;)
  35:.\main.c      ****     {
  36:.\main.c      ****         if(SW2_Read() == 0u)
  48              		.loc 1 36 0
  49 0012 FFF7FEFF 		bl	SW2_Read
  50              	.LVL3:
  51 0016 0028     		cmp	r0, #0
  52 0018 18D1     		bne	.L5
  37:.\main.c      ****         {
  38:.\main.c      ****             CyDelay(5u);
  53              		.loc 1 38 0
  54 001a 0530     		add	r0, r0, #5
  55 001c FFF7FEFF 		bl	CyDelay
  56              	.LVL4:
  39:.\main.c      ****             if(SW2_Read() == 0u)
  57              		.loc 1 39 0
  58 0020 FFF7FEFF 		bl	SW2_Read
  59              	.LVL5:
  60 0024 0028     		cmp	r0, #0
  61 0026 01D1     		bne	.L4
  40:.\main.c      ****             {
  41:.\main.c      ****                 calibrateZ();
  62              		.loc 1 41 0
  63 0028 FFF7FEFF 		bl	calibrateZ
  64              	.LVL6:
  65              	.L4:
  42:.\main.c      ****             }
  43:.\main.c      ****             while(SW2_Read() == 0u)
  66              		.loc 1 43 0 discriminator 1
  67 002c FFF7FEFF 		bl	SW2_Read
  68              	.LVL7:
  69 0030 0028     		cmp	r0, #0
  70 0032 FBD0     		beq	.L4
  71 0034 0AE0     		b	.L5
ARM GAS  C:\Users\JEPPES~1\AppData\Local\Temp\ccSQfTSA.s 			page 3


  72              	.L6:
  73              	.LBB2:
  44:.\main.c      ****             {
  45:.\main.c      ****                 ; /* Wait till button released */
  46:.\main.c      ****             }
  47:.\main.c      ****         }
  48:.\main.c      ****                         
  49:.\main.c      ****         while(isEmptyQueue() != 1)
  50:.\main.c      ****         {
  51:.\main.c      ****             struct Data action;
  52:.\main.c      ****             action = frontQueue();
  74              		.loc 1 52 0
  75 0036 6846     		mov	r0, sp
  76 0038 FFF7FEFF 		bl	frontQueue
  77              	.LVL8:
  53:.\main.c      ****             handler(action.cmd_, action.val_);
  78              		.loc 1 53 0
  79 003c 009B     		ldr	r3, [sp]
  80 003e D8B2     		uxtb	r0, r3
  81 0040 6B46     		mov	r3, sp
  82 0042 1979     		ldrb	r1, [r3, #4]
  83 0044 FFF7FEFF 		bl	handler
  84              	.LVL9:
  54:.\main.c      ****             popQueue();
  85              		.loc 1 54 0
  86 0048 FFF7FEFF 		bl	popQueue
  87              	.LVL10:
  88              	.L5:
  89              	.LBE2:
  49:.\main.c      ****         {
  90              		.loc 1 49 0
  91 004c FFF7FEFF 		bl	isEmptyQueue
  92              	.LVL11:
  93 0050 0128     		cmp	r0, #1
  94 0052 F0D1     		bne	.L6
  55:.\main.c      ****         }
  56:.\main.c      ****                 
  57:.\main.c      ****         i2c_tx();
  95              		.loc 1 57 0
  96 0054 FFF7FEFF 		bl	i2c_tx
  97              	.LVL12:
  58:.\main.c      ****     }
  98              		.loc 1 58 0
  99 0058 DBE7     		b	.L7
 100              		.cfi_endproc
 101              	.LFE34:
 102              		.size	main, .-main
 103              		.comm	i2cRxBuffer,4,4
 104              		.comm	i2cTxBuffer,4,4
 105              		.comm	backOfQueuePtr,4,4
 106              		.comm	frontOfQueuePtr,4,4
 107 005a C046     		.text
 108              	.Letext0:
 109              		.file 2 "Generated_Source\\PSoC4/cytypes.h"
 110              		.file 3 ".\\queue.h"
 111              		.file 4 ".\\i2c.h"
 112              		.file 5 ".\\z.h"
ARM GAS  C:\Users\JEPPES~1\AppData\Local\Temp\ccSQfTSA.s 			page 4


 113              		.file 6 "Generated_Source\\PSoC4/SW2.h"
 114              		.file 7 ".\\handler.h"
 115              		.file 8 "Generated_Source\\PSoC4/CyLib.h"
 116              		.section	.debug_info,"",%progbits
 117              	.Ldebug_info0:
 118 0000 7D020000 		.4byte	0x27d
 119 0004 0400     		.2byte	0x4
 120 0006 00000000 		.4byte	.Ldebug_abbrev0
 121 000a 04       		.byte	0x4
 122 000b 01       		.uleb128 0x1
 123 000c 48010000 		.4byte	.LASF36
 124 0010 01       		.byte	0x1
 125 0011 AD000000 		.4byte	.LASF37
 126 0015 D6010000 		.4byte	.LASF38
 127 0019 00000000 		.4byte	.Ldebug_ranges0+0
 128 001d 00000000 		.4byte	0
 129 0021 00000000 		.4byte	.Ldebug_line0
 130 0025 02       		.uleb128 0x2
 131 0026 01       		.byte	0x1
 132 0027 06       		.byte	0x6
 133 0028 12020000 		.4byte	.LASF0
 134 002c 02       		.uleb128 0x2
 135 002d 01       		.byte	0x1
 136 002e 08       		.byte	0x8
 137 002f 49000000 		.4byte	.LASF1
 138 0033 02       		.uleb128 0x2
 139 0034 02       		.byte	0x2
 140 0035 05       		.byte	0x5
 141 0036 FA010000 		.4byte	.LASF2
 142 003a 02       		.uleb128 0x2
 143 003b 02       		.byte	0x2
 144 003c 07       		.byte	0x7
 145 003d 1F000000 		.4byte	.LASF3
 146 0041 02       		.uleb128 0x2
 147 0042 04       		.byte	0x4
 148 0043 05       		.byte	0x5
 149 0044 04020000 		.4byte	.LASF4
 150 0048 02       		.uleb128 0x2
 151 0049 04       		.byte	0x4
 152 004a 07       		.byte	0x7
 153 004b 6B000000 		.4byte	.LASF5
 154 004f 02       		.uleb128 0x2
 155 0050 08       		.byte	0x8
 156 0051 05       		.byte	0x5
 157 0052 30010000 		.4byte	.LASF6
 158 0056 02       		.uleb128 0x2
 159 0057 08       		.byte	0x8
 160 0058 07       		.byte	0x7
 161 0059 DB000000 		.4byte	.LASF7
 162 005d 03       		.uleb128 0x3
 163 005e 04       		.byte	0x4
 164 005f 05       		.byte	0x5
 165 0060 696E7400 		.ascii	"int\000"
 166 0064 02       		.uleb128 0x2
 167 0065 04       		.byte	0x4
 168 0066 07       		.byte	0x7
 169 0067 C2000000 		.4byte	.LASF8
ARM GAS  C:\Users\JEPPES~1\AppData\Local\Temp\ccSQfTSA.s 			page 5


 170 006b 04       		.uleb128 0x4
 171 006c 7D000000 		.4byte	.LASF9
 172 0070 02       		.byte	0x2
 173 0071 3801     		.2byte	0x138
 174 0073 2C000000 		.4byte	0x2c
 175 0077 04       		.uleb128 0x4
 176 0078 B6000000 		.4byte	.LASF10
 177 007c 02       		.byte	0x2
 178 007d 3A01     		.2byte	0x13a
 179 007f 48000000 		.4byte	0x48
 180 0083 02       		.uleb128 0x2
 181 0084 04       		.byte	0x4
 182 0085 04       		.byte	0x4
 183 0086 3D000000 		.4byte	.LASF11
 184 008a 02       		.uleb128 0x2
 185 008b 08       		.byte	0x8
 186 008c 04       		.byte	0x4
 187 008d 8C000000 		.4byte	.LASF12
 188 0091 02       		.uleb128 0x2
 189 0092 01       		.byte	0x1
 190 0093 08       		.byte	0x8
 191 0094 0D020000 		.4byte	.LASF13
 192 0098 02       		.uleb128 0x2
 193 0099 04       		.byte	0x4
 194 009a 07       		.byte	0x7
 195 009b 21010000 		.4byte	.LASF14
 196 009f 05       		.uleb128 0x5
 197 00a0 0E000000 		.4byte	.LASF17
 198 00a4 08       		.byte	0x8
 199 00a5 03       		.byte	0x3
 200 00a6 1A       		.byte	0x1a
 201 00a7 C4000000 		.4byte	0xc4
 202 00ab 06       		.uleb128 0x6
 203 00ac 43010000 		.4byte	.LASF15
 204 00b0 03       		.byte	0x3
 205 00b1 1C       		.byte	0x1c
 206 00b2 5D000000 		.4byte	0x5d
 207 00b6 00       		.byte	0
 208 00b7 06       		.uleb128 0x6
 209 00b8 3E010000 		.4byte	.LASF16
 210 00bc 03       		.byte	0x3
 211 00bd 1D       		.byte	0x1d
 212 00be 5D000000 		.4byte	0x5d
 213 00c2 04       		.byte	0x4
 214 00c3 00       		.byte	0
 215 00c4 05       		.uleb128 0x5
 216 00c5 09000000 		.4byte	.LASF18
 217 00c9 0C       		.byte	0xc
 218 00ca 03       		.byte	0x3
 219 00cb 20       		.byte	0x20
 220 00cc E9000000 		.4byte	0xe9
 221 00d0 06       		.uleb128 0x6
 222 00d1 43000000 		.4byte	.LASF19
 223 00d5 03       		.byte	0x3
 224 00d6 22       		.byte	0x22
 225 00d7 9F000000 		.4byte	0x9f
 226 00db 00       		.byte	0
ARM GAS  C:\Users\JEPPES~1\AppData\Local\Temp\ccSQfTSA.s 			page 6


 227 00dc 06       		.uleb128 0x6
 228 00dd 2A010000 		.4byte	.LASF20
 229 00e1 03       		.byte	0x3
 230 00e2 23       		.byte	0x23
 231 00e3 E9000000 		.4byte	0xe9
 232 00e7 08       		.byte	0x8
 233 00e8 00       		.byte	0
 234 00e9 07       		.uleb128 0x7
 235 00ea 04       		.byte	0x4
 236 00eb C4000000 		.4byte	0xc4
 237 00ef 08       		.uleb128 0x8
 238 00f0 BD000000 		.4byte	.LASF39
 239 00f4 01       		.byte	0x1
 240 00f5 1A       		.byte	0x1a
 241 00f6 5D000000 		.4byte	0x5d
 242 00fa 00000000 		.4byte	.LFB34
 243 00fe 5A000000 		.4byte	.LFE34-.LFB34
 244 0102 01       		.uleb128 0x1
 245 0103 9C       		.byte	0x9c
 246 0104 BA010000 		.4byte	0x1ba
 247 0108 09       		.uleb128 0x9
 248 0109 36000000 		.4byte	.LBB2
 249 010d 16000000 		.4byte	.LBE2-.LBB2
 250 0111 5F010000 		.4byte	0x15f
 251 0115 0A       		.uleb128 0xa
 252 0116 57000000 		.4byte	.LASF40
 253 011a 01       		.byte	0x1
 254 011b 33       		.byte	0x33
 255 011c 9F000000 		.4byte	0x9f
 256 0120 02       		.uleb128 0x2
 257 0121 91       		.byte	0x91
 258 0122 70       		.sleb128 -16
 259 0123 0B       		.uleb128 0xb
 260 0124 3C000000 		.4byte	.LVL8
 261 0128 0E020000 		.4byte	0x20e
 262 012c 37010000 		.4byte	0x137
 263 0130 0C       		.uleb128 0xc
 264 0131 01       		.uleb128 0x1
 265 0132 50       		.byte	0x50
 266 0133 02       		.uleb128 0x2
 267 0134 7D       		.byte	0x7d
 268 0135 00       		.sleb128 0
 269 0136 00       		.byte	0
 270 0137 0B       		.uleb128 0xb
 271 0138 48000000 		.4byte	.LVL9
 272 013c 19020000 		.4byte	0x219
 273 0140 55010000 		.4byte	0x155
 274 0144 0C       		.uleb128 0xc
 275 0145 01       		.uleb128 0x1
 276 0146 51       		.byte	0x51
 277 0147 04       		.uleb128 0x4
 278 0148 7D       		.byte	0x7d
 279 0149 04       		.sleb128 4
 280 014a 94       		.byte	0x94
 281 014b 01       		.byte	0x1
 282 014c 0C       		.uleb128 0xc
 283 014d 01       		.uleb128 0x1
ARM GAS  C:\Users\JEPPES~1\AppData\Local\Temp\ccSQfTSA.s 			page 7


 284 014e 50       		.byte	0x50
 285 014f 04       		.uleb128 0x4
 286 0150 7D       		.byte	0x7d
 287 0151 00       		.sleb128 0
 288 0152 94       		.byte	0x94
 289 0153 01       		.byte	0x1
 290 0154 00       		.byte	0
 291 0155 0D       		.uleb128 0xd
 292 0156 4C000000 		.4byte	.LVL10
 293 015a 2F020000 		.4byte	0x22f
 294 015e 00       		.byte	0
 295 015f 0D       		.uleb128 0xd
 296 0160 0A000000 		.4byte	.LVL0
 297 0164 36020000 		.4byte	0x236
 298 0168 0D       		.uleb128 0xd
 299 0169 0E000000 		.4byte	.LVL1
 300 016d 3D020000 		.4byte	0x23d
 301 0171 0D       		.uleb128 0xd
 302 0172 12000000 		.4byte	.LVL2
 303 0176 44020000 		.4byte	0x244
 304 017a 0D       		.uleb128 0xd
 305 017b 16000000 		.4byte	.LVL3
 306 017f 4B020000 		.4byte	0x24b
 307 0183 0D       		.uleb128 0xd
 308 0184 20000000 		.4byte	.LVL4
 309 0188 56020000 		.4byte	0x256
 310 018c 0D       		.uleb128 0xd
 311 018d 24000000 		.4byte	.LVL5
 312 0191 4B020000 		.4byte	0x24b
 313 0195 0D       		.uleb128 0xd
 314 0196 2C000000 		.4byte	.LVL6
 315 019a 67020000 		.4byte	0x267
 316 019e 0D       		.uleb128 0xd
 317 019f 30000000 		.4byte	.LVL7
 318 01a3 4B020000 		.4byte	0x24b
 319 01a7 0D       		.uleb128 0xd
 320 01a8 50000000 		.4byte	.LVL11
 321 01ac 6E020000 		.4byte	0x26e
 322 01b0 0D       		.uleb128 0xd
 323 01b1 58000000 		.4byte	.LVL12
 324 01b5 79020000 		.4byte	0x279
 325 01b9 00       		.byte	0
 326 01ba 0E       		.uleb128 0xe
 327 01bb F9000000 		.4byte	.LASF21
 328 01bf 03       		.byte	0x3
 329 01c0 26       		.byte	0x26
 330 01c1 E9000000 		.4byte	0xe9
 331 01c5 05       		.uleb128 0x5
 332 01c6 03       		.byte	0x3
 333 01c7 00000000 		.4byte	frontOfQueuePtr
 334 01cb 0E       		.uleb128 0xe
 335 01cc 9E000000 		.4byte	.LASF22
 336 01d0 03       		.byte	0x3
 337 01d1 27       		.byte	0x27
 338 01d2 E9000000 		.4byte	0xe9
 339 01d6 05       		.uleb128 0x5
 340 01d7 03       		.byte	0x3
ARM GAS  C:\Users\JEPPES~1\AppData\Local\Temp\ccSQfTSA.s 			page 8


 341 01d8 00000000 		.4byte	backOfQueuePtr
 342 01dc 0F       		.uleb128 0xf
 343 01dd 6B000000 		.4byte	0x6b
 344 01e1 EC010000 		.4byte	0x1ec
 345 01e5 10       		.uleb128 0x10
 346 01e6 98000000 		.4byte	0x98
 347 01ea 03       		.byte	0x3
 348 01eb 00       		.byte	0
 349 01ec 0E       		.uleb128 0xe
 350 01ed CF000000 		.4byte	.LASF23
 351 01f1 04       		.byte	0x4
 352 01f2 31       		.byte	0x31
 353 01f3 DC010000 		.4byte	0x1dc
 354 01f7 05       		.uleb128 0x5
 355 01f8 03       		.byte	0x3
 356 01f9 00000000 		.4byte	i2cTxBuffer
 357 01fd 0E       		.uleb128 0xe
 358 01fe 13000000 		.4byte	.LASF24
 359 0202 04       		.byte	0x4
 360 0203 32       		.byte	0x32
 361 0204 DC010000 		.4byte	0x1dc
 362 0208 05       		.uleb128 0x5
 363 0209 03       		.byte	0x3
 364 020a 00000000 		.4byte	i2cRxBuffer
 365 020e 11       		.uleb128 0x11
 366 020f 1E020000 		.4byte	.LASF29
 367 0213 03       		.byte	0x3
 368 0214 2C       		.byte	0x2c
 369 0215 9F000000 		.4byte	0x9f
 370 0219 12       		.uleb128 0x12
 371 021a 19010000 		.4byte	.LASF31
 372 021e 07       		.byte	0x7
 373 021f 1C       		.byte	0x1c
 374 0220 2F020000 		.4byte	0x22f
 375 0224 13       		.uleb128 0x13
 376 0225 6B000000 		.4byte	0x6b
 377 0229 13       		.uleb128 0x13
 378 022a 6B000000 		.4byte	0x6b
 379 022e 00       		.byte	0
 380 022f 14       		.uleb128 0x14
 381 0230 09010000 		.4byte	.LASF25
 382 0234 03       		.byte	0x3
 383 0235 2B       		.byte	0x2b
 384 0236 14       		.uleb128 0x14
 385 0237 32000000 		.4byte	.LASF26
 386 023b 03       		.byte	0x3
 387 023c 29       		.byte	0x29
 388 023d 14       		.uleb128 0x14
 389 023e F2000000 		.4byte	.LASF27
 390 0242 05       		.byte	0x5
 391 0243 24       		.byte	0x24
 392 0244 14       		.uleb128 0x14
 393 0245 83000000 		.4byte	.LASF28
 394 0249 04       		.byte	0x4
 395 024a 1A       		.byte	0x1a
 396 024b 11       		.uleb128 0x11
 397 024c 00000000 		.4byte	.LASF30
ARM GAS  C:\Users\JEPPES~1\AppData\Local\Temp\ccSQfTSA.s 			page 9


 398 0250 06       		.byte	0x6
 399 0251 32       		.byte	0x32
 400 0252 6B000000 		.4byte	0x6b
 401 0256 12       		.uleb128 0x12
 402 0257 29020000 		.4byte	.LASF32
 403 025b 08       		.byte	0x8
 404 025c 5A       		.byte	0x5a
 405 025d 67020000 		.4byte	0x267
 406 0261 13       		.uleb128 0x13
 407 0262 77000000 		.4byte	0x77
 408 0266 00       		.byte	0
 409 0267 14       		.uleb128 0x14
 410 0268 93000000 		.4byte	.LASF33
 411 026c 05       		.byte	0x5
 412 026d 26       		.byte	0x26
 413 026e 11       		.uleb128 0x11
 414 026f 5E000000 		.4byte	.LASF34
 415 0273 03       		.byte	0x3
 416 0274 2D       		.byte	0x2d
 417 0275 5D000000 		.4byte	0x5d
 418 0279 14       		.uleb128 0x14
 419 027a 12010000 		.4byte	.LASF35
 420 027e 04       		.byte	0x4
 421 027f 1D       		.byte	0x1d
 422 0280 00       		.byte	0
 423              		.section	.debug_abbrev,"",%progbits
 424              	.Ldebug_abbrev0:
 425 0000 01       		.uleb128 0x1
 426 0001 11       		.uleb128 0x11
 427 0002 01       		.byte	0x1
 428 0003 25       		.uleb128 0x25
 429 0004 0E       		.uleb128 0xe
 430 0005 13       		.uleb128 0x13
 431 0006 0B       		.uleb128 0xb
 432 0007 03       		.uleb128 0x3
 433 0008 0E       		.uleb128 0xe
 434 0009 1B       		.uleb128 0x1b
 435 000a 0E       		.uleb128 0xe
 436 000b 55       		.uleb128 0x55
 437 000c 17       		.uleb128 0x17
 438 000d 11       		.uleb128 0x11
 439 000e 01       		.uleb128 0x1
 440 000f 10       		.uleb128 0x10
 441 0010 17       		.uleb128 0x17
 442 0011 00       		.byte	0
 443 0012 00       		.byte	0
 444 0013 02       		.uleb128 0x2
 445 0014 24       		.uleb128 0x24
 446 0015 00       		.byte	0
 447 0016 0B       		.uleb128 0xb
 448 0017 0B       		.uleb128 0xb
 449 0018 3E       		.uleb128 0x3e
 450 0019 0B       		.uleb128 0xb
 451 001a 03       		.uleb128 0x3
 452 001b 0E       		.uleb128 0xe
 453 001c 00       		.byte	0
 454 001d 00       		.byte	0
ARM GAS  C:\Users\JEPPES~1\AppData\Local\Temp\ccSQfTSA.s 			page 10


 455 001e 03       		.uleb128 0x3
 456 001f 24       		.uleb128 0x24
 457 0020 00       		.byte	0
 458 0021 0B       		.uleb128 0xb
 459 0022 0B       		.uleb128 0xb
 460 0023 3E       		.uleb128 0x3e
 461 0024 0B       		.uleb128 0xb
 462 0025 03       		.uleb128 0x3
 463 0026 08       		.uleb128 0x8
 464 0027 00       		.byte	0
 465 0028 00       		.byte	0
 466 0029 04       		.uleb128 0x4
 467 002a 16       		.uleb128 0x16
 468 002b 00       		.byte	0
 469 002c 03       		.uleb128 0x3
 470 002d 0E       		.uleb128 0xe
 471 002e 3A       		.uleb128 0x3a
 472 002f 0B       		.uleb128 0xb
 473 0030 3B       		.uleb128 0x3b
 474 0031 05       		.uleb128 0x5
 475 0032 49       		.uleb128 0x49
 476 0033 13       		.uleb128 0x13
 477 0034 00       		.byte	0
 478 0035 00       		.byte	0
 479 0036 05       		.uleb128 0x5
 480 0037 13       		.uleb128 0x13
 481 0038 01       		.byte	0x1
 482 0039 03       		.uleb128 0x3
 483 003a 0E       		.uleb128 0xe
 484 003b 0B       		.uleb128 0xb
 485 003c 0B       		.uleb128 0xb
 486 003d 3A       		.uleb128 0x3a
 487 003e 0B       		.uleb128 0xb
 488 003f 3B       		.uleb128 0x3b
 489 0040 0B       		.uleb128 0xb
 490 0041 01       		.uleb128 0x1
 491 0042 13       		.uleb128 0x13
 492 0043 00       		.byte	0
 493 0044 00       		.byte	0
 494 0045 06       		.uleb128 0x6
 495 0046 0D       		.uleb128 0xd
 496 0047 00       		.byte	0
 497 0048 03       		.uleb128 0x3
 498 0049 0E       		.uleb128 0xe
 499 004a 3A       		.uleb128 0x3a
 500 004b 0B       		.uleb128 0xb
 501 004c 3B       		.uleb128 0x3b
 502 004d 0B       		.uleb128 0xb
 503 004e 49       		.uleb128 0x49
 504 004f 13       		.uleb128 0x13
 505 0050 38       		.uleb128 0x38
 506 0051 0B       		.uleb128 0xb
 507 0052 00       		.byte	0
 508 0053 00       		.byte	0
 509 0054 07       		.uleb128 0x7
 510 0055 0F       		.uleb128 0xf
 511 0056 00       		.byte	0
ARM GAS  C:\Users\JEPPES~1\AppData\Local\Temp\ccSQfTSA.s 			page 11


 512 0057 0B       		.uleb128 0xb
 513 0058 0B       		.uleb128 0xb
 514 0059 49       		.uleb128 0x49
 515 005a 13       		.uleb128 0x13
 516 005b 00       		.byte	0
 517 005c 00       		.byte	0
 518 005d 08       		.uleb128 0x8
 519 005e 2E       		.uleb128 0x2e
 520 005f 01       		.byte	0x1
 521 0060 3F       		.uleb128 0x3f
 522 0061 19       		.uleb128 0x19
 523 0062 03       		.uleb128 0x3
 524 0063 0E       		.uleb128 0xe
 525 0064 3A       		.uleb128 0x3a
 526 0065 0B       		.uleb128 0xb
 527 0066 3B       		.uleb128 0x3b
 528 0067 0B       		.uleb128 0xb
 529 0068 49       		.uleb128 0x49
 530 0069 13       		.uleb128 0x13
 531 006a 11       		.uleb128 0x11
 532 006b 01       		.uleb128 0x1
 533 006c 12       		.uleb128 0x12
 534 006d 06       		.uleb128 0x6
 535 006e 40       		.uleb128 0x40
 536 006f 18       		.uleb128 0x18
 537 0070 9742     		.uleb128 0x2117
 538 0072 19       		.uleb128 0x19
 539 0073 01       		.uleb128 0x1
 540 0074 13       		.uleb128 0x13
 541 0075 00       		.byte	0
 542 0076 00       		.byte	0
 543 0077 09       		.uleb128 0x9
 544 0078 0B       		.uleb128 0xb
 545 0079 01       		.byte	0x1
 546 007a 11       		.uleb128 0x11
 547 007b 01       		.uleb128 0x1
 548 007c 12       		.uleb128 0x12
 549 007d 06       		.uleb128 0x6
 550 007e 01       		.uleb128 0x1
 551 007f 13       		.uleb128 0x13
 552 0080 00       		.byte	0
 553 0081 00       		.byte	0
 554 0082 0A       		.uleb128 0xa
 555 0083 34       		.uleb128 0x34
 556 0084 00       		.byte	0
 557 0085 03       		.uleb128 0x3
 558 0086 0E       		.uleb128 0xe
 559 0087 3A       		.uleb128 0x3a
 560 0088 0B       		.uleb128 0xb
 561 0089 3B       		.uleb128 0x3b
 562 008a 0B       		.uleb128 0xb
 563 008b 49       		.uleb128 0x49
 564 008c 13       		.uleb128 0x13
 565 008d 02       		.uleb128 0x2
 566 008e 18       		.uleb128 0x18
 567 008f 00       		.byte	0
 568 0090 00       		.byte	0
ARM GAS  C:\Users\JEPPES~1\AppData\Local\Temp\ccSQfTSA.s 			page 12


 569 0091 0B       		.uleb128 0xb
 570 0092 898201   		.uleb128 0x4109
 571 0095 01       		.byte	0x1
 572 0096 11       		.uleb128 0x11
 573 0097 01       		.uleb128 0x1
 574 0098 31       		.uleb128 0x31
 575 0099 13       		.uleb128 0x13
 576 009a 01       		.uleb128 0x1
 577 009b 13       		.uleb128 0x13
 578 009c 00       		.byte	0
 579 009d 00       		.byte	0
 580 009e 0C       		.uleb128 0xc
 581 009f 8A8201   		.uleb128 0x410a
 582 00a2 00       		.byte	0
 583 00a3 02       		.uleb128 0x2
 584 00a4 18       		.uleb128 0x18
 585 00a5 9142     		.uleb128 0x2111
 586 00a7 18       		.uleb128 0x18
 587 00a8 00       		.byte	0
 588 00a9 00       		.byte	0
 589 00aa 0D       		.uleb128 0xd
 590 00ab 898201   		.uleb128 0x4109
 591 00ae 00       		.byte	0
 592 00af 11       		.uleb128 0x11
 593 00b0 01       		.uleb128 0x1
 594 00b1 31       		.uleb128 0x31
 595 00b2 13       		.uleb128 0x13
 596 00b3 00       		.byte	0
 597 00b4 00       		.byte	0
 598 00b5 0E       		.uleb128 0xe
 599 00b6 34       		.uleb128 0x34
 600 00b7 00       		.byte	0
 601 00b8 03       		.uleb128 0x3
 602 00b9 0E       		.uleb128 0xe
 603 00ba 3A       		.uleb128 0x3a
 604 00bb 0B       		.uleb128 0xb
 605 00bc 3B       		.uleb128 0x3b
 606 00bd 0B       		.uleb128 0xb
 607 00be 49       		.uleb128 0x49
 608 00bf 13       		.uleb128 0x13
 609 00c0 3F       		.uleb128 0x3f
 610 00c1 19       		.uleb128 0x19
 611 00c2 02       		.uleb128 0x2
 612 00c3 18       		.uleb128 0x18
 613 00c4 00       		.byte	0
 614 00c5 00       		.byte	0
 615 00c6 0F       		.uleb128 0xf
 616 00c7 01       		.uleb128 0x1
 617 00c8 01       		.byte	0x1
 618 00c9 49       		.uleb128 0x49
 619 00ca 13       		.uleb128 0x13
 620 00cb 01       		.uleb128 0x1
 621 00cc 13       		.uleb128 0x13
 622 00cd 00       		.byte	0
 623 00ce 00       		.byte	0
 624 00cf 10       		.uleb128 0x10
 625 00d0 21       		.uleb128 0x21
ARM GAS  C:\Users\JEPPES~1\AppData\Local\Temp\ccSQfTSA.s 			page 13


 626 00d1 00       		.byte	0
 627 00d2 49       		.uleb128 0x49
 628 00d3 13       		.uleb128 0x13
 629 00d4 2F       		.uleb128 0x2f
 630 00d5 0B       		.uleb128 0xb
 631 00d6 00       		.byte	0
 632 00d7 00       		.byte	0
 633 00d8 11       		.uleb128 0x11
 634 00d9 2E       		.uleb128 0x2e
 635 00da 00       		.byte	0
 636 00db 3F       		.uleb128 0x3f
 637 00dc 19       		.uleb128 0x19
 638 00dd 03       		.uleb128 0x3
 639 00de 0E       		.uleb128 0xe
 640 00df 3A       		.uleb128 0x3a
 641 00e0 0B       		.uleb128 0xb
 642 00e1 3B       		.uleb128 0x3b
 643 00e2 0B       		.uleb128 0xb
 644 00e3 27       		.uleb128 0x27
 645 00e4 19       		.uleb128 0x19
 646 00e5 49       		.uleb128 0x49
 647 00e6 13       		.uleb128 0x13
 648 00e7 3C       		.uleb128 0x3c
 649 00e8 19       		.uleb128 0x19
 650 00e9 00       		.byte	0
 651 00ea 00       		.byte	0
 652 00eb 12       		.uleb128 0x12
 653 00ec 2E       		.uleb128 0x2e
 654 00ed 01       		.byte	0x1
 655 00ee 3F       		.uleb128 0x3f
 656 00ef 19       		.uleb128 0x19
 657 00f0 03       		.uleb128 0x3
 658 00f1 0E       		.uleb128 0xe
 659 00f2 3A       		.uleb128 0x3a
 660 00f3 0B       		.uleb128 0xb
 661 00f4 3B       		.uleb128 0x3b
 662 00f5 0B       		.uleb128 0xb
 663 00f6 27       		.uleb128 0x27
 664 00f7 19       		.uleb128 0x19
 665 00f8 3C       		.uleb128 0x3c
 666 00f9 19       		.uleb128 0x19
 667 00fa 01       		.uleb128 0x1
 668 00fb 13       		.uleb128 0x13
 669 00fc 00       		.byte	0
 670 00fd 00       		.byte	0
 671 00fe 13       		.uleb128 0x13
 672 00ff 05       		.uleb128 0x5
 673 0100 00       		.byte	0
 674 0101 49       		.uleb128 0x49
 675 0102 13       		.uleb128 0x13
 676 0103 00       		.byte	0
 677 0104 00       		.byte	0
 678 0105 14       		.uleb128 0x14
 679 0106 2E       		.uleb128 0x2e
 680 0107 00       		.byte	0
 681 0108 3F       		.uleb128 0x3f
 682 0109 19       		.uleb128 0x19
ARM GAS  C:\Users\JEPPES~1\AppData\Local\Temp\ccSQfTSA.s 			page 14


 683 010a 03       		.uleb128 0x3
 684 010b 0E       		.uleb128 0xe
 685 010c 3A       		.uleb128 0x3a
 686 010d 0B       		.uleb128 0xb
 687 010e 3B       		.uleb128 0x3b
 688 010f 0B       		.uleb128 0xb
 689 0110 27       		.uleb128 0x27
 690 0111 19       		.uleb128 0x19
 691 0112 3C       		.uleb128 0x3c
 692 0113 19       		.uleb128 0x19
 693 0114 00       		.byte	0
 694 0115 00       		.byte	0
 695 0116 00       		.byte	0
 696              		.section	.debug_aranges,"",%progbits
 697 0000 1C000000 		.4byte	0x1c
 698 0004 0200     		.2byte	0x2
 699 0006 00000000 		.4byte	.Ldebug_info0
 700 000a 04       		.byte	0x4
 701 000b 00       		.byte	0
 702 000c 0000     		.2byte	0
 703 000e 0000     		.2byte	0
 704 0010 00000000 		.4byte	.LFB34
 705 0014 5A000000 		.4byte	.LFE34-.LFB34
 706 0018 00000000 		.4byte	0
 707 001c 00000000 		.4byte	0
 708              		.section	.debug_ranges,"",%progbits
 709              	.Ldebug_ranges0:
 710 0000 00000000 		.4byte	.LFB34
 711 0004 5A000000 		.4byte	.LFE34
 712 0008 00000000 		.4byte	0
 713 000c 00000000 		.4byte	0
 714              		.section	.debug_line,"",%progbits
 715              	.Ldebug_line0:
 716 0000 B1000000 		.section	.debug_str,"MS",%progbits,1
 716      02008700 
 716      00000201 
 716      FB0E0D00 
 716      01010101 
 717              	.LASF30:
 718 0000 5357325F 		.ascii	"SW2_Read\000"
 718      52656164 
 718      00
 719              	.LASF18:
 720 0009 4E6F6465 		.ascii	"Node\000"
 720      00
 721              	.LASF17:
 722 000e 44617461 		.ascii	"Data\000"
 722      00
 723              	.LASF24:
 724 0013 69326352 		.ascii	"i2cRxBuffer\000"
 724      78427566 
 724      66657200 
 725              	.LASF3:
 726 001f 73686F72 		.ascii	"short unsigned int\000"
 726      7420756E 
 726      7369676E 
 726      65642069 
ARM GAS  C:\Users\JEPPES~1\AppData\Local\Temp\ccSQfTSA.s 			page 15


 726      6E7400
 727              	.LASF26:
 728 0032 71756575 		.ascii	"queue_init\000"
 728      655F696E 
 728      697400
 729              	.LASF11:
 730 003d 666C6F61 		.ascii	"float\000"
 730      7400
 731              	.LASF19:
 732 0043 64617461 		.ascii	"data_\000"
 732      5F00
 733              	.LASF1:
 734 0049 756E7369 		.ascii	"unsigned char\000"
 734      676E6564 
 734      20636861 
 734      7200
 735              	.LASF40:
 736 0057 61637469 		.ascii	"action\000"
 736      6F6E00
 737              	.LASF34:
 738 005e 6973456D 		.ascii	"isEmptyQueue\000"
 738      70747951 
 738      75657565 
 738      00
 739              	.LASF5:
 740 006b 6C6F6E67 		.ascii	"long unsigned int\000"
 740      20756E73 
 740      69676E65 
 740      6420696E 
 740      7400
 741              	.LASF9:
 742 007d 75696E74 		.ascii	"uint8\000"
 742      3800
 743              	.LASF28:
 744 0083 6932635F 		.ascii	"i2c_init\000"
 744      696E6974 
 744      00
 745              	.LASF12:
 746 008c 646F7562 		.ascii	"double\000"
 746      6C6500
 747              	.LASF33:
 748 0093 63616C69 		.ascii	"calibrateZ\000"
 748      62726174 
 748      655A00
 749              	.LASF22:
 750 009e 6261636B 		.ascii	"backOfQueuePtr\000"
 750      4F665175 
 750      65756550 
 750      747200
 751              	.LASF37:
 752 00ad 2E5C6D61 		.ascii	".\\main.c\000"
 752      696E2E63 
 752      00
 753              	.LASF10:
 754 00b6 75696E74 		.ascii	"uint32\000"
 754      333200
 755              	.LASF39:
ARM GAS  C:\Users\JEPPES~1\AppData\Local\Temp\ccSQfTSA.s 			page 16


 756 00bd 6D61696E 		.ascii	"main\000"
 756      00
 757              	.LASF8:
 758 00c2 756E7369 		.ascii	"unsigned int\000"
 758      676E6564 
 758      20696E74 
 758      00
 759              	.LASF23:
 760 00cf 69326354 		.ascii	"i2cTxBuffer\000"
 760      78427566 
 760      66657200 
 761              	.LASF7:
 762 00db 6C6F6E67 		.ascii	"long long unsigned int\000"
 762      206C6F6E 
 762      6720756E 
 762      7369676E 
 762      65642069 
 763              	.LASF27:
 764 00f2 7A5F696E 		.ascii	"z_init\000"
 764      697400
 765              	.LASF21:
 766 00f9 66726F6E 		.ascii	"frontOfQueuePtr\000"
 766      744F6651 
 766      75657565 
 766      50747200 
 767              	.LASF25:
 768 0109 706F7051 		.ascii	"popQueue\000"
 768      75657565 
 768      00
 769              	.LASF35:
 770 0112 6932635F 		.ascii	"i2c_tx\000"
 770      747800
 771              	.LASF31:
 772 0119 68616E64 		.ascii	"handler\000"
 772      6C657200 
 773              	.LASF14:
 774 0121 73697A65 		.ascii	"sizetype\000"
 774      74797065 
 774      00
 775              	.LASF20:
 776 012a 6E657874 		.ascii	"next_\000"
 776      5F00
 777              	.LASF6:
 778 0130 6C6F6E67 		.ascii	"long long int\000"
 778      206C6F6E 
 778      6720696E 
 778      7400
 779              	.LASF16:
 780 013e 76616C5F 		.ascii	"val_\000"
 780      00
 781              	.LASF15:
 782 0143 636D645F 		.ascii	"cmd_\000"
 782      00
 783              	.LASF36:
 784 0148 474E5520 		.ascii	"GNU C 4.9.3 20150303 (release) [ARM/embedded-4_9-br"
 784      4320342E 
 784      392E3320 
ARM GAS  C:\Users\JEPPES~1\AppData\Local\Temp\ccSQfTSA.s 			page 17


 784      32303135 
 784      30333033 
 785 017b 616E6368 		.ascii	"anch revision 221220] -mcpu=cortex-m0 -mthumb -g -O"
 785      20726576 
 785      6973696F 
 785      6E203232 
 785      31323230 
 786 01ae 67202D66 		.ascii	"g -ffunction-sections -ffat-lto-objects\000"
 786      66756E63 
 786      74696F6E 
 786      2D736563 
 786      74696F6E 
 787              	.LASF38:
 788 01d6 433A5C45 		.ascii	"C:\\E3PRJ3-Gruppe1\\PSoC\\PSoC4Z.cydsn\000"
 788      3350524A 
 788      332D4772 
 788      75707065 
 788      315C5053 
 789              	.LASF2:
 790 01fa 73686F72 		.ascii	"short int\000"
 790      7420696E 
 790      7400
 791              	.LASF4:
 792 0204 6C6F6E67 		.ascii	"long int\000"
 792      20696E74 
 792      00
 793              	.LASF13:
 794 020d 63686172 		.ascii	"char\000"
 794      00
 795              	.LASF0:
 796 0212 7369676E 		.ascii	"signed char\000"
 796      65642063 
 796      68617200 
 797              	.LASF29:
 798 021e 66726F6E 		.ascii	"frontQueue\000"
 798      74517565 
 798      756500
 799              	.LASF32:
 800 0229 43794465 		.ascii	"CyDelay\000"
 800      6C617900 
 801              		.ident	"GCC: (GNU Tools for ARM Embedded Processors) 4.9.3 20150303 (release) [ARM/embedded-4_9-br
