ARM GAS  C:\Users\JEPPES~1\AppData\Local\Temp\ccUtdZh9.s 			page 1


   1              		.cpu cortex-m0
   2              		.fpu softvfp
   3              		.eabi_attribute 20, 1
   4              		.eabi_attribute 21, 1
   5              		.eabi_attribute 23, 3
   6              		.eabi_attribute 24, 1
   7              		.eabi_attribute 25, 1
   8              		.eabi_attribute 26, 1
   9              		.eabi_attribute 30, 1
  10              		.eabi_attribute 34, 0
  11              		.eabi_attribute 18, 4
  12              		.code	16
  13              		.file	"z.c"
  14              		.text
  15              	.Ltext0:
  16              		.cfi_sections	.debug_frame
  17              		.section	.text.z_init,"ax",%progbits
  18              		.align	2
  19              		.global	z_init
  20              		.code	16
  21              		.thumb_func
  22              		.type	z_init, %function
  23              	z_init:
  24              	.LFB34:
  25              		.file 1 ".\\z.c"
   1:.\z.c         **** /* ========================================
   2:.\z.c         ****  *
   3:.\z.c         ****  * File: xy.c
   4:.\z.c         ****  * Description: 
   5:.\z.c         ****  *
   6:.\z.c         ****  * University: AARHUS UNIVERSITY SCHOOL OF ENGINEERING
   7:.\z.c         ****  * Project: F16 - E3PRJ3-02 Semesterprojekt 3 [240501U178]
   8:.\z.c         ****  * Group: 1
   9:.\z.c         ****  * 
  10:.\z.c         ****  * Author: 
  11:.\z.c         ****  * Matriculation number: 
  12:.\z.c         ****  *
  13:.\z.c         ****  * Version: 1.0
  14:.\z.c         ****  * Date: 13-05-2016
  15:.\z.c         ****  *
  16:.\z.c         ****  * ========================================
  17:.\z.c         **** */
  18:.\z.c         **** 
  19:.\z.c         **** #include "z.h"
  20:.\z.c         **** 
  21:.\z.c         **** uint8 calibratedZ = 1;
  22:.\z.c         **** uint8 isrStopZ = 0;
  23:.\z.c         **** uint8 zFlag = 0;
  24:.\z.c         **** uint32 zMax = 3000;
  25:.\z.c         **** uint32 zPos;
  26:.\z.c         **** 
  27:.\z.c         **** void z_init()
  28:.\z.c         **** {
  26              		.loc 1 28 0
  27              		.cfi_startproc
  28 0000 08B5     		push	{r3, lr}
  29              		.cfi_def_cfa_offset 8
ARM GAS  C:\Users\JEPPES~1\AppData\Local\Temp\ccUtdZh9.s 			page 2


  30              		.cfi_offset 3, -8
  31              		.cfi_offset 14, -4
  29:.\z.c         ****     interrupt_Z_StartEx(isr_Z);
  32              		.loc 1 29 0
  33 0002 0248     		ldr	r0, .L2
  34 0004 FFF7FEFF 		bl	interrupt_Z_StartEx
  35              	.LVL0:
  30:.\z.c         **** }
  36              		.loc 1 30 0
  37              		@ sp needed
  38 0008 08BD     		pop	{r3, pc}
  39              	.L3:
  40 000a C046     		.align	2
  41              	.L2:
  42 000c 00000000 		.word	isr_Z
  43              		.cfi_endproc
  44              	.LFE34:
  45              		.size	z_init, .-z_init
  46              		.section	.text.getZPos,"ax",%progbits
  47              		.align	2
  48              		.global	getZPos
  49              		.code	16
  50              		.thumb_func
  51              		.type	getZPos, %function
  52              	getZPos:
  53              	.LFB38:
  31:.\z.c         **** 
  32:.\z.c         **** CY_ISR(isr_Z)
  33:.\z.c         **** {
  34:.\z.c         ****     interrupt_Z_Disable();
  35:.\z.c         ****     uint32 i;
  36:.\z.c         ****     stopZ();
  37:.\z.c         ****     setLed(0,0,1);
  38:.\z.c         ****     for(i = 0; i < interruptSteps; i++)
  39:.\z.c         ****     {
  40:.\z.c         ****         stepZForwards();   
  41:.\z.c         ****     }
  42:.\z.c         ****     zFlag = 1;
  43:.\z.c         ****     setLed(0,0,0);
  44:.\z.c         ****     interrupt_Z_ClearPending();
  45:.\z.c         ****     interrupt_Z_Enable();
  46:.\z.c         **** }
  47:.\z.c         **** 
  48:.\z.c         **** void calibrateZ()
  49:.\z.c         **** {
  50:.\z.c         ****     calibratedZ = 0;
  51:.\z.c         ****     zFlag = 0;
  52:.\z.c         ****     while(interrupt_Z_GetState() == 1 && zFlag == 0)
  53:.\z.c         ****     {
  54:.\z.c         ****         setLed(1,0,0);
  55:.\z.c         ****         stepZBackwards();
  56:.\z.c         ****     }
  57:.\z.c         ****     zPos = 0;
  58:.\z.c         ****     calibratedZ = 1;
  59:.\z.c         ****     setLed(0,0,0);
  60:.\z.c         **** }
  61:.\z.c         **** 
ARM GAS  C:\Users\JEPPES~1\AppData\Local\Temp\ccUtdZh9.s 			page 3


  62:.\z.c         **** void setZPos(uint8 zVal)
  63:.\z.c         **** {
  64:.\z.c         ****     uint32 i;
  65:.\z.c         ****     uint32 zDes = 0;
  66:.\z.c         ****     uint32 zSteps = 0;
  67:.\z.c         ****     
  68:.\z.c         ****     isrStopZ = 0;
  69:.\z.c         ****     
  70:.\z.c         ****     if(calibratedZ == 1)
  71:.\z.c         ****     {
  72:.\z.c         ****         isrStopZ = 0;
  73:.\z.c         ****         zDes = zVal * zMax / resolution;
  74:.\z.c         ****         if(zDes < zPos)
  75:.\z.c         ****         {
  76:.\z.c         ****             setLed(0,1,0);
  77:.\z.c         ****             zSteps = zPos - zDes;
  78:.\z.c         ****             for(i = 0; i < zSteps && isrStopZ == 0; i++)
  79:.\z.c         ****             {
  80:.\z.c         ****                 stepZBackwards();
  81:.\z.c         ****                 zPos--;                
  82:.\z.c         ****             }
  83:.\z.c         ****             setLed(0,0,0);
  84:.\z.c         ****         }
  85:.\z.c         ****         else if(zDes > zPos)
  86:.\z.c         ****         {
  87:.\z.c         ****             setLed(0,1,0);
  88:.\z.c         ****             zSteps = zDes - zPos;
  89:.\z.c         ****             for(i = 0; i < zSteps && isrStopZ == 0; i++)
  90:.\z.c         ****             {
  91:.\z.c         ****                 stepZForwards();
  92:.\z.c         ****                 zPos++;                
  93:.\z.c         ****             }
  94:.\z.c         ****             setLed(0,0,0);
  95:.\z.c         ****         }
  96:.\z.c         ****     }
  97:.\z.c         ****     else
  98:.\z.c         ****     {
  99:.\z.c         ****         calibrateZ();
 100:.\z.c         ****         setZPos(zVal);
 101:.\z.c         ****     }
 102:.\z.c         **** }
 103:.\z.c         **** 
 104:.\z.c         **** uint8 getZPos()
 105:.\z.c         **** {
  54              		.loc 1 105 0
  55              		.cfi_startproc
 106:.\z.c         ****     return zPos;   
  56              		.loc 1 106 0
  57 0000 014B     		ldr	r3, .L5
  58 0002 1878     		ldrb	r0, [r3]
 107:.\z.c         **** }
  59              		.loc 1 107 0
  60              		@ sp needed
  61 0004 7047     		bx	lr
  62              	.L6:
  63 0006 C046     		.align	2
  64              	.L5:
ARM GAS  C:\Users\JEPPES~1\AppData\Local\Temp\ccUtdZh9.s 			page 4


  65 0008 00000000 		.word	zPos
  66              		.cfi_endproc
  67              	.LFE38:
  68              		.size	getZPos, .-getZPos
  69              		.section	.text.getZMax,"ax",%progbits
  70              		.align	2
  71              		.global	getZMax
  72              		.code	16
  73              		.thumb_func
  74              		.type	getZMax, %function
  75              	getZMax:
  76              	.LFB39:
 108:.\z.c         **** 
 109:.\z.c         **** uint8 getZMax()
 110:.\z.c         **** {
  77              		.loc 1 110 0
  78              		.cfi_startproc
 111:.\z.c         ****     return zMax;   
  79              		.loc 1 111 0
  80 0000 014B     		ldr	r3, .L8
  81 0002 1878     		ldrb	r0, [r3]
 112:.\z.c         **** }
  82              		.loc 1 112 0
  83              		@ sp needed
  84 0004 7047     		bx	lr
  85              	.L9:
  86 0006 C046     		.align	2
  87              	.L8:
  88 0008 00000000 		.word	.LANCHOR0
  89              		.cfi_endproc
  90              	.LFE39:
  91              		.size	getZMax, .-getZMax
  92              		.section	.text.stepZForwards,"ax",%progbits
  93              		.align	2
  94              		.global	stepZForwards
  95              		.code	16
  96              		.thumb_func
  97              		.type	stepZForwards, %function
  98              	stepZForwards:
  99              	.LFB40:
 113:.\z.c         **** 
 114:.\z.c         **** 
 115:.\z.c         **** void stepZForwards()
 116:.\z.c         **** {
 100              		.loc 1 116 0
 101              		.cfi_startproc
 102 0000 08B5     		push	{r3, lr}
 103              		.cfi_def_cfa_offset 8
 104              		.cfi_offset 3, -8
 105              		.cfi_offset 14, -4
 117:.\z.c         ****     Pin_1a_Z_Write(1);
 106              		.loc 1 117 0
 107 0002 0120     		mov	r0, #1
 108 0004 FFF7FEFF 		bl	Pin_1a_Z_Write
 109              	.LVL1:
 118:.\z.c         ****     Pin_2a_Z_Write(0);
 110              		.loc 1 118 0
ARM GAS  C:\Users\JEPPES~1\AppData\Local\Temp\ccUtdZh9.s 			page 5


 111 0008 0020     		mov	r0, #0
 112 000a FFF7FEFF 		bl	Pin_2a_Z_Write
 113              	.LVL2:
 119:.\z.c         **** 	Pin_1b_Z_Write(0);
 114              		.loc 1 119 0
 115 000e 0020     		mov	r0, #0
 116 0010 FFF7FEFF 		bl	Pin_1b_Z_Write
 117              	.LVL3:
 120:.\z.c         **** 	Pin_2b_Z_Write(0);
 118              		.loc 1 120 0
 119 0014 0020     		mov	r0, #0
 120 0016 FFF7FEFF 		bl	Pin_2b_Z_Write
 121              	.LVL4:
 121:.\z.c         **** 	CyDelay(stepDelay);
 122              		.loc 1 121 0
 123 001a 0320     		mov	r0, #3
 124 001c FFF7FEFF 		bl	CyDelay
 125              	.LVL5:
 122:.\z.c         **** 
 123:.\z.c         **** 	Pin_1a_Z_Write(0);
 126              		.loc 1 123 0
 127 0020 0020     		mov	r0, #0
 128 0022 FFF7FEFF 		bl	Pin_1a_Z_Write
 129              	.LVL6:
 124:.\z.c         ****     Pin_2a_Z_Write(1);
 130              		.loc 1 124 0
 131 0026 0120     		mov	r0, #1
 132 0028 FFF7FEFF 		bl	Pin_2a_Z_Write
 133              	.LVL7:
 125:.\z.c         **** 	Pin_1b_Z_Write(0);
 134              		.loc 1 125 0
 135 002c 0020     		mov	r0, #0
 136 002e FFF7FEFF 		bl	Pin_1b_Z_Write
 137              	.LVL8:
 126:.\z.c         **** 	Pin_2b_Z_Write(0);
 138              		.loc 1 126 0
 139 0032 0020     		mov	r0, #0
 140 0034 FFF7FEFF 		bl	Pin_2b_Z_Write
 141              	.LVL9:
 127:.\z.c         **** 	CyDelay(stepDelay);
 142              		.loc 1 127 0
 143 0038 0320     		mov	r0, #3
 144 003a FFF7FEFF 		bl	CyDelay
 145              	.LVL10:
 128:.\z.c         **** 
 129:.\z.c         **** 	Pin_1a_Z_Write(0);
 146              		.loc 1 129 0
 147 003e 0020     		mov	r0, #0
 148 0040 FFF7FEFF 		bl	Pin_1a_Z_Write
 149              	.LVL11:
 130:.\z.c         **** 	Pin_2a_Z_Write(0);
 150              		.loc 1 130 0
 151 0044 0020     		mov	r0, #0
 152 0046 FFF7FEFF 		bl	Pin_2a_Z_Write
 153              	.LVL12:
 131:.\z.c         **** 	Pin_1b_Z_Write(1);
 154              		.loc 1 131 0
ARM GAS  C:\Users\JEPPES~1\AppData\Local\Temp\ccUtdZh9.s 			page 6


 155 004a 0120     		mov	r0, #1
 156 004c FFF7FEFF 		bl	Pin_1b_Z_Write
 157              	.LVL13:
 132:.\z.c         **** 	Pin_2b_Z_Write(0);
 158              		.loc 1 132 0
 159 0050 0020     		mov	r0, #0
 160 0052 FFF7FEFF 		bl	Pin_2b_Z_Write
 161              	.LVL14:
 133:.\z.c         **** 	CyDelay(stepDelay);
 162              		.loc 1 133 0
 163 0056 0320     		mov	r0, #3
 164 0058 FFF7FEFF 		bl	CyDelay
 165              	.LVL15:
 134:.\z.c         **** 
 135:.\z.c         **** 	Pin_1a_Z_Write(0);
 166              		.loc 1 135 0
 167 005c 0020     		mov	r0, #0
 168 005e FFF7FEFF 		bl	Pin_1a_Z_Write
 169              	.LVL16:
 136:.\z.c         **** 	Pin_2a_Z_Write(0);
 170              		.loc 1 136 0
 171 0062 0020     		mov	r0, #0
 172 0064 FFF7FEFF 		bl	Pin_2a_Z_Write
 173              	.LVL17:
 137:.\z.c         **** 	Pin_1b_Z_Write(0);
 174              		.loc 1 137 0
 175 0068 0020     		mov	r0, #0
 176 006a FFF7FEFF 		bl	Pin_1b_Z_Write
 177              	.LVL18:
 138:.\z.c         **** 	Pin_2b_Z_Write(1);
 178              		.loc 1 138 0
 179 006e 0120     		mov	r0, #1
 180 0070 FFF7FEFF 		bl	Pin_2b_Z_Write
 181              	.LVL19:
 139:.\z.c         **** 	CyDelay(stepDelay);   
 182              		.loc 1 139 0
 183 0074 0320     		mov	r0, #3
 184 0076 FFF7FEFF 		bl	CyDelay
 185              	.LVL20:
 140:.\z.c         **** }
 186              		.loc 1 140 0
 187              		@ sp needed
 188 007a 08BD     		pop	{r3, pc}
 189              		.cfi_endproc
 190              	.LFE40:
 191              		.size	stepZForwards, .-stepZForwards
 192              		.section	.text.stepZBackwards,"ax",%progbits
 193              		.align	2
 194              		.global	stepZBackwards
 195              		.code	16
 196              		.thumb_func
 197              		.type	stepZBackwards, %function
 198              	stepZBackwards:
 199              	.LFB41:
 141:.\z.c         **** 
 142:.\z.c         **** void stepZBackwards()
 143:.\z.c         **** {
ARM GAS  C:\Users\JEPPES~1\AppData\Local\Temp\ccUtdZh9.s 			page 7


 200              		.loc 1 143 0
 201              		.cfi_startproc
 202 0000 08B5     		push	{r3, lr}
 203              		.cfi_def_cfa_offset 8
 204              		.cfi_offset 3, -8
 205              		.cfi_offset 14, -4
 144:.\z.c         ****     Pin_1a_Z_Write(0);
 206              		.loc 1 144 0
 207 0002 0020     		mov	r0, #0
 208 0004 FFF7FEFF 		bl	Pin_1a_Z_Write
 209              	.LVL21:
 145:.\z.c         **** 	Pin_2a_Z_Write(0);
 210              		.loc 1 145 0
 211 0008 0020     		mov	r0, #0
 212 000a FFF7FEFF 		bl	Pin_2a_Z_Write
 213              	.LVL22:
 146:.\z.c         **** 	Pin_1b_Z_Write(0);
 214              		.loc 1 146 0
 215 000e 0020     		mov	r0, #0
 216 0010 FFF7FEFF 		bl	Pin_1b_Z_Write
 217              	.LVL23:
 147:.\z.c         **** 	Pin_2b_Z_Write(1);
 218              		.loc 1 147 0
 219 0014 0120     		mov	r0, #1
 220 0016 FFF7FEFF 		bl	Pin_2b_Z_Write
 221              	.LVL24:
 148:.\z.c         **** 	CyDelay(stepDelay);
 222              		.loc 1 148 0
 223 001a 0320     		mov	r0, #3
 224 001c FFF7FEFF 		bl	CyDelay
 225              	.LVL25:
 149:.\z.c         **** 
 150:.\z.c         **** 	Pin_1a_Z_Write(0);
 226              		.loc 1 150 0
 227 0020 0020     		mov	r0, #0
 228 0022 FFF7FEFF 		bl	Pin_1a_Z_Write
 229              	.LVL26:
 151:.\z.c         **** 	Pin_2a_Z_Write(0);
 230              		.loc 1 151 0
 231 0026 0020     		mov	r0, #0
 232 0028 FFF7FEFF 		bl	Pin_2a_Z_Write
 233              	.LVL27:
 152:.\z.c         **** 	Pin_1b_Z_Write(1);
 234              		.loc 1 152 0
 235 002c 0120     		mov	r0, #1
 236 002e FFF7FEFF 		bl	Pin_1b_Z_Write
 237              	.LVL28:
 153:.\z.c         **** 	Pin_2b_Z_Write(0);
 238              		.loc 1 153 0
 239 0032 0020     		mov	r0, #0
 240 0034 FFF7FEFF 		bl	Pin_2b_Z_Write
 241              	.LVL29:
 154:.\z.c         **** 	CyDelay(stepDelay);
 242              		.loc 1 154 0
 243 0038 0320     		mov	r0, #3
 244 003a FFF7FEFF 		bl	CyDelay
 245              	.LVL30:
ARM GAS  C:\Users\JEPPES~1\AppData\Local\Temp\ccUtdZh9.s 			page 8


 155:.\z.c         **** 
 156:.\z.c         **** 	Pin_1a_Z_Write(0);
 246              		.loc 1 156 0
 247 003e 0020     		mov	r0, #0
 248 0040 FFF7FEFF 		bl	Pin_1a_Z_Write
 249              	.LVL31:
 157:.\z.c         ****     Pin_2a_Z_Write(1);
 250              		.loc 1 157 0
 251 0044 0120     		mov	r0, #1
 252 0046 FFF7FEFF 		bl	Pin_2a_Z_Write
 253              	.LVL32:
 158:.\z.c         **** 	Pin_1b_Z_Write(0);
 254              		.loc 1 158 0
 255 004a 0020     		mov	r0, #0
 256 004c FFF7FEFF 		bl	Pin_1b_Z_Write
 257              	.LVL33:
 159:.\z.c         **** 	Pin_2b_Z_Write(0);
 258              		.loc 1 159 0
 259 0050 0020     		mov	r0, #0
 260 0052 FFF7FEFF 		bl	Pin_2b_Z_Write
 261              	.LVL34:
 160:.\z.c         **** 	CyDelay(stepDelay);
 262              		.loc 1 160 0
 263 0056 0320     		mov	r0, #3
 264 0058 FFF7FEFF 		bl	CyDelay
 265              	.LVL35:
 161:.\z.c         **** 
 162:.\z.c         **** 	Pin_1a_Z_Write(1);
 266              		.loc 1 162 0
 267 005c 0120     		mov	r0, #1
 268 005e FFF7FEFF 		bl	Pin_1a_Z_Write
 269              	.LVL36:
 163:.\z.c         **** 	Pin_2a_Z_Write(0);
 270              		.loc 1 163 0
 271 0062 0020     		mov	r0, #0
 272 0064 FFF7FEFF 		bl	Pin_2a_Z_Write
 273              	.LVL37:
 164:.\z.c         **** 	Pin_1b_Z_Write(0);
 274              		.loc 1 164 0
 275 0068 0020     		mov	r0, #0
 276 006a FFF7FEFF 		bl	Pin_1b_Z_Write
 277              	.LVL38:
 165:.\z.c         **** 	Pin_2b_Z_Write(0);
 278              		.loc 1 165 0
 279 006e 0020     		mov	r0, #0
 280 0070 FFF7FEFF 		bl	Pin_2b_Z_Write
 281              	.LVL39:
 166:.\z.c         **** 	CyDelay(stepDelay);
 282              		.loc 1 166 0
 283 0074 0320     		mov	r0, #3
 284 0076 FFF7FEFF 		bl	CyDelay
 285              	.LVL40:
 167:.\z.c         **** }
 286              		.loc 1 167 0
 287              		@ sp needed
 288 007a 08BD     		pop	{r3, pc}
 289              		.cfi_endproc
ARM GAS  C:\Users\JEPPES~1\AppData\Local\Temp\ccUtdZh9.s 			page 9


 290              	.LFE41:
 291              		.size	stepZBackwards, .-stepZBackwards
 292              		.section	.text.calibrateZ,"ax",%progbits
 293              		.align	2
 294              		.global	calibrateZ
 295              		.code	16
 296              		.thumb_func
 297              		.type	calibrateZ, %function
 298              	calibrateZ:
 299              	.LFB36:
  49:.\z.c         ****     calibratedZ = 0;
 300              		.loc 1 49 0
 301              		.cfi_startproc
 302 0000 08B5     		push	{r3, lr}
 303              		.cfi_def_cfa_offset 8
 304              		.cfi_offset 3, -8
 305              		.cfi_offset 14, -4
  50:.\z.c         ****     zFlag = 0;
 306              		.loc 1 50 0
 307 0002 0023     		mov	r3, #0
 308 0004 0F4A     		ldr	r2, .L16
 309 0006 1371     		strb	r3, [r2, #4]
  51:.\z.c         ****     while(interrupt_Z_GetState() == 1 && zFlag == 0)
 310              		.loc 1 51 0
 311 0008 0F4A     		ldr	r2, .L16+4
 312 000a 1370     		strb	r3, [r2]
  52:.\z.c         ****     {
 313              		.loc 1 52 0
 314 000c 06E0     		b	.L13
 315              	.L15:
  54:.\z.c         ****         stepZBackwards();
 316              		.loc 1 54 0
 317 000e 0120     		mov	r0, #1
 318 0010 0021     		mov	r1, #0
 319 0012 0022     		mov	r2, #0
 320 0014 FFF7FEFF 		bl	setLed
 321              	.LVL41:
  55:.\z.c         ****     }
 322              		.loc 1 55 0
 323 0018 FFF7FEFF 		bl	stepZBackwards
 324              	.LVL42:
 325              	.L13:
  52:.\z.c         ****     {
 326              		.loc 1 52 0
 327 001c FFF7FEFF 		bl	interrupt_Z_GetState
 328              	.LVL43:
 329 0020 0128     		cmp	r0, #1
 330 0022 03D1     		bne	.L14
  52:.\z.c         ****     {
 331              		.loc 1 52 0 is_stmt 0 discriminator 1
 332 0024 084B     		ldr	r3, .L16+4
 333 0026 1B78     		ldrb	r3, [r3]
 334 0028 002B     		cmp	r3, #0
 335 002a F0D0     		beq	.L15
 336              	.L14:
  57:.\z.c         ****     calibratedZ = 1;
 337              		.loc 1 57 0 is_stmt 1
ARM GAS  C:\Users\JEPPES~1\AppData\Local\Temp\ccUtdZh9.s 			page 10


 338 002c 0022     		mov	r2, #0
 339 002e 074B     		ldr	r3, .L16+8
 340 0030 1A60     		str	r2, [r3]
  58:.\z.c         ****     setLed(0,0,0);
 341              		.loc 1 58 0
 342 0032 0132     		add	r2, r2, #1
 343 0034 034B     		ldr	r3, .L16
 344 0036 1A71     		strb	r2, [r3, #4]
  59:.\z.c         **** }
 345              		.loc 1 59 0
 346 0038 0020     		mov	r0, #0
 347 003a 0021     		mov	r1, #0
 348 003c 0022     		mov	r2, #0
 349 003e FFF7FEFF 		bl	setLed
 350              	.LVL44:
  60:.\z.c         **** 
 351              		.loc 1 60 0
 352              		@ sp needed
 353 0042 08BD     		pop	{r3, pc}
 354              	.L17:
 355              		.align	2
 356              	.L16:
 357 0044 00000000 		.word	.LANCHOR0
 358 0048 00000000 		.word	.LANCHOR1
 359 004c 00000000 		.word	zPos
 360              		.cfi_endproc
 361              	.LFE36:
 362              		.size	calibrateZ, .-calibrateZ
 363              		.global	__aeabi_uidiv
 364              		.section	.text.setZPos,"ax",%progbits
 365              		.align	2
 366              		.global	setZPos
 367              		.code	16
 368              		.thumb_func
 369              		.type	setZPos, %function
 370              	setZPos:
 371              	.LFB37:
  63:.\z.c         ****     uint32 i;
 372              		.loc 1 63 0
 373              		.cfi_startproc
 374              	.LVL45:
 375 0000 38B5     		push	{r3, r4, r5, lr}
 376              		.cfi_def_cfa_offset 16
 377              		.cfi_offset 3, -16
 378              		.cfi_offset 4, -12
 379              		.cfi_offset 5, -8
 380              		.cfi_offset 14, -4
 381 0002 041C     		mov	r4, r0
 382              	.LVL46:
  68:.\z.c         ****     
 383              		.loc 1 68 0
 384 0004 0022     		mov	r2, #0
 385 0006 294B     		ldr	r3, .L28
 386 0008 5A70     		strb	r2, [r3, #1]
  70:.\z.c         ****     {
 387              		.loc 1 70 0
 388 000a 294B     		ldr	r3, .L28+4
ARM GAS  C:\Users\JEPPES~1\AppData\Local\Temp\ccUtdZh9.s 			page 11


 389 000c 1B79     		ldrb	r3, [r3, #4]
 390 000e 012B     		cmp	r3, #1
 391 0010 46D1     		bne	.L19
  73:.\z.c         ****         if(zDes < zPos)
 392              		.loc 1 73 0
 393 0012 274B     		ldr	r3, .L28+4
 394 0014 1868     		ldr	r0, [r3]
 395              	.LVL47:
 396 0016 6043     		mul	r0, r4
 397 0018 FF21     		mov	r1, #255
 398 001a FFF7FEFF 		bl	__aeabi_uidiv
 399              	.LVL48:
 400 001e 041E     		sub	r4, r0, #0
 401              	.LVL49:
  74:.\z.c         ****         {
 402              		.loc 1 74 0
 403 0020 244B     		ldr	r3, .L28+8
 404 0022 1B68     		ldr	r3, [r3]
 405 0024 9C42     		cmp	r4, r3
 406 0026 1CD2     		bcs	.L20
  76:.\z.c         ****             zSteps = zPos - zDes;
 407              		.loc 1 76 0
 408 0028 0020     		mov	r0, #0
 409              	.LVL50:
 410 002a 0121     		mov	r1, #1
 411 002c 0022     		mov	r2, #0
 412 002e FFF7FEFF 		bl	setLed
 413              	.LVL51:
  77:.\z.c         ****             for(i = 0; i < zSteps && isrStopZ == 0; i++)
 414              		.loc 1 77 0
 415 0032 204B     		ldr	r3, .L28+8
 416 0034 1D68     		ldr	r5, [r3]
 417 0036 2D1B     		sub	r5, r5, r4
 418              	.LVL52:
  78:.\z.c         ****             {
 419              		.loc 1 78 0
 420 0038 0024     		mov	r4, #0
 421              	.LVL53:
 422 003a 06E0     		b	.L21
 423              	.LVL54:
 424              	.L23:
  80:.\z.c         ****                 zPos--;                
 425              		.loc 1 80 0 discriminator 4
 426 003c FFF7FEFF 		bl	stepZBackwards
 427              	.LVL55:
  81:.\z.c         ****             }
 428              		.loc 1 81 0 discriminator 4
 429 0040 1C4A     		ldr	r2, .L28+8
 430 0042 1368     		ldr	r3, [r2]
 431 0044 013B     		sub	r3, r3, #1
 432 0046 1360     		str	r3, [r2]
  78:.\z.c         ****             {
 433              		.loc 1 78 0 discriminator 4
 434 0048 0134     		add	r4, r4, #1
 435              	.LVL56:
 436              	.L21:
  78:.\z.c         ****             {
ARM GAS  C:\Users\JEPPES~1\AppData\Local\Temp\ccUtdZh9.s 			page 12


 437              		.loc 1 78 0 is_stmt 0 discriminator 1
 438 004a AC42     		cmp	r4, r5
 439 004c 03D2     		bcs	.L22
  78:.\z.c         ****             {
 440              		.loc 1 78 0 discriminator 3
 441 004e 174B     		ldr	r3, .L28
 442 0050 5B78     		ldrb	r3, [r3, #1]
 443 0052 002B     		cmp	r3, #0
 444 0054 F2D0     		beq	.L23
 445              	.L22:
  83:.\z.c         ****         }
 446              		.loc 1 83 0 is_stmt 1
 447 0056 0020     		mov	r0, #0
 448 0058 0021     		mov	r1, #0
 449 005a 0022     		mov	r2, #0
 450 005c FFF7FEFF 		bl	setLed
 451              	.LVL57:
 452 0060 23E0     		b	.L18
 453              	.LVL58:
 454              	.L20:
  85:.\z.c         ****         {
 455              		.loc 1 85 0
 456 0062 9842     		cmp	r0, r3
 457 0064 21D9     		bls	.L18
  87:.\z.c         ****             zSteps = zDes - zPos;
 458              		.loc 1 87 0
 459 0066 0020     		mov	r0, #0
 460              	.LVL59:
 461 0068 0121     		mov	r1, #1
 462 006a 0022     		mov	r2, #0
 463 006c FFF7FEFF 		bl	setLed
 464              	.LVL60:
  88:.\z.c         ****             for(i = 0; i < zSteps && isrStopZ == 0; i++)
 465              		.loc 1 88 0
 466 0070 104B     		ldr	r3, .L28+8
 467 0072 1D68     		ldr	r5, [r3]
 468 0074 651B     		sub	r5, r4, r5
 469              	.LVL61:
  89:.\z.c         ****             {
 470              		.loc 1 89 0
 471 0076 0024     		mov	r4, #0
 472              	.LVL62:
 473 0078 06E0     		b	.L25
 474              	.LVL63:
 475              	.L27:
  91:.\z.c         ****                 zPos++;                
 476              		.loc 1 91 0 discriminator 4
 477 007a FFF7FEFF 		bl	stepZForwards
 478              	.LVL64:
  92:.\z.c         ****             }
 479              		.loc 1 92 0 discriminator 4
 480 007e 0D4A     		ldr	r2, .L28+8
 481 0080 1368     		ldr	r3, [r2]
 482 0082 0133     		add	r3, r3, #1
 483 0084 1360     		str	r3, [r2]
  89:.\z.c         ****             {
 484              		.loc 1 89 0 discriminator 4
ARM GAS  C:\Users\JEPPES~1\AppData\Local\Temp\ccUtdZh9.s 			page 13


 485 0086 0134     		add	r4, r4, #1
 486              	.LVL65:
 487              	.L25:
  89:.\z.c         ****             {
 488              		.loc 1 89 0 is_stmt 0 discriminator 1
 489 0088 AC42     		cmp	r4, r5
 490 008a 03D2     		bcs	.L26
  89:.\z.c         ****             {
 491              		.loc 1 89 0 discriminator 3
 492 008c 074B     		ldr	r3, .L28
 493 008e 5B78     		ldrb	r3, [r3, #1]
 494 0090 002B     		cmp	r3, #0
 495 0092 F2D0     		beq	.L27
 496              	.L26:
  94:.\z.c         ****         }
 497              		.loc 1 94 0 is_stmt 1
 498 0094 0020     		mov	r0, #0
 499 0096 0021     		mov	r1, #0
 500 0098 0022     		mov	r2, #0
 501 009a FFF7FEFF 		bl	setLed
 502              	.LVL66:
 503 009e 04E0     		b	.L18
 504              	.LVL67:
 505              	.L19:
  99:.\z.c         ****         setZPos(zVal);
 506              		.loc 1 99 0
 507 00a0 FFF7FEFF 		bl	calibrateZ
 508              	.LVL68:
 100:.\z.c         ****     }
 509              		.loc 1 100 0
 510 00a4 201C     		mov	r0, r4
 511 00a6 FFF7FEFF 		bl	setZPos
 512              	.LVL69:
 513              	.L18:
 102:.\z.c         **** 
 514              		.loc 1 102 0
 515              		@ sp needed
 516 00aa 38BD     		pop	{r3, r4, r5, pc}
 517              	.L29:
 518              		.align	2
 519              	.L28:
 520 00ac 00000000 		.word	.LANCHOR1
 521 00b0 00000000 		.word	.LANCHOR0
 522 00b4 00000000 		.word	zPos
 523              		.cfi_endproc
 524              	.LFE37:
 525              		.size	setZPos, .-setZPos
 526              		.section	.text.stopZ,"ax",%progbits
 527              		.align	2
 528              		.global	stopZ
 529              		.code	16
 530              		.thumb_func
 531              		.type	stopZ, %function
 532              	stopZ:
 533              	.LFB42:
 168:.\z.c         **** 
 169:.\z.c         **** void stopZ()
ARM GAS  C:\Users\JEPPES~1\AppData\Local\Temp\ccUtdZh9.s 			page 14


 170:.\z.c         **** {
 534              		.loc 1 170 0
 535              		.cfi_startproc
 536 0000 08B5     		push	{r3, lr}
 537              		.cfi_def_cfa_offset 8
 538              		.cfi_offset 3, -8
 539              		.cfi_offset 14, -4
 171:.\z.c         ****     Pin_1a_Z_Write(0);
 540              		.loc 1 171 0
 541 0002 0020     		mov	r0, #0
 542 0004 FFF7FEFF 		bl	Pin_1a_Z_Write
 543              	.LVL70:
 172:.\z.c         **** 	Pin_2a_Z_Write(0);
 544              		.loc 1 172 0
 545 0008 0020     		mov	r0, #0
 546 000a FFF7FEFF 		bl	Pin_2a_Z_Write
 547              	.LVL71:
 173:.\z.c         **** 	Pin_1b_Z_Write(0);
 548              		.loc 1 173 0
 549 000e 0020     		mov	r0, #0
 550 0010 FFF7FEFF 		bl	Pin_1b_Z_Write
 551              	.LVL72:
 174:.\z.c         **** 	Pin_2b_Z_Write(0);
 552              		.loc 1 174 0
 553 0014 0020     		mov	r0, #0
 554 0016 FFF7FEFF 		bl	Pin_2b_Z_Write
 555              	.LVL73:
 175:.\z.c         **** }
 556              		.loc 1 175 0
 557              		@ sp needed
 558 001a 08BD     		pop	{r3, pc}
 559              		.cfi_endproc
 560              	.LFE42:
 561              		.size	stopZ, .-stopZ
 562              		.section	.text.isr_Z,"ax",%progbits
 563              		.align	2
 564              		.global	isr_Z
 565              		.code	16
 566              		.thumb_func
 567              		.type	isr_Z, %function
 568              	isr_Z:
 569              	.LFB35:
  33:.\z.c         ****     interrupt_Z_Disable();
 570              		.loc 1 33 0
 571              		.cfi_startproc
 572 0000 10B5     		push	{r4, lr}
 573              		.cfi_def_cfa_offset 8
 574              		.cfi_offset 4, -8
 575              		.cfi_offset 14, -4
  34:.\z.c         ****     uint32 i;
 576              		.loc 1 34 0
 577 0002 FFF7FEFF 		bl	interrupt_Z_Disable
 578              	.LVL74:
  36:.\z.c         ****     setLed(0,0,1);
 579              		.loc 1 36 0
 580 0006 FFF7FEFF 		bl	stopZ
 581              	.LVL75:
ARM GAS  C:\Users\JEPPES~1\AppData\Local\Temp\ccUtdZh9.s 			page 15


  37:.\z.c         ****     for(i = 0; i < interruptSteps; i++)
 582              		.loc 1 37 0
 583 000a 0020     		mov	r0, #0
 584 000c 0021     		mov	r1, #0
 585 000e 0122     		mov	r2, #1
 586 0010 FFF7FEFF 		bl	setLed
 587              	.LVL76:
  38:.\z.c         ****     {
 588              		.loc 1 38 0
 589 0014 0024     		mov	r4, #0
 590 0016 02E0     		b	.L32
 591              	.LVL77:
 592              	.L33:
  40:.\z.c         ****     }
 593              		.loc 1 40 0 discriminator 3
 594 0018 FFF7FEFF 		bl	stepZForwards
 595              	.LVL78:
  38:.\z.c         ****     {
 596              		.loc 1 38 0 discriminator 3
 597 001c 0134     		add	r4, r4, #1
 598              	.LVL79:
 599              	.L32:
  38:.\z.c         ****     {
 600              		.loc 1 38 0 is_stmt 0 discriminator 1
 601 001e 312C     		cmp	r4, #49
 602 0020 FAD9     		bls	.L33
  42:.\z.c         ****     setLed(0,0,0);
 603              		.loc 1 42 0 is_stmt 1
 604 0022 0122     		mov	r2, #1
 605 0024 054B     		ldr	r3, .L34
 606 0026 1A70     		strb	r2, [r3]
  43:.\z.c         ****     interrupt_Z_ClearPending();
 607              		.loc 1 43 0
 608 0028 0020     		mov	r0, #0
 609 002a 0021     		mov	r1, #0
 610 002c 0022     		mov	r2, #0
 611 002e FFF7FEFF 		bl	setLed
 612              	.LVL80:
  44:.\z.c         ****     interrupt_Z_Enable();
 613              		.loc 1 44 0
 614 0032 FFF7FEFF 		bl	interrupt_Z_ClearPending
 615              	.LVL81:
  45:.\z.c         **** }
 616              		.loc 1 45 0
 617 0036 FFF7FEFF 		bl	interrupt_Z_Enable
 618              	.LVL82:
  46:.\z.c         **** 
 619              		.loc 1 46 0
 620              		@ sp needed
 621              	.LVL83:
 622 003a 10BD     		pop	{r4, pc}
 623              	.L35:
 624              		.align	2
 625              	.L34:
 626 003c 00000000 		.word	.LANCHOR1
 627              		.cfi_endproc
 628              	.LFE35:
ARM GAS  C:\Users\JEPPES~1\AppData\Local\Temp\ccUtdZh9.s 			page 16


 629              		.size	isr_Z, .-isr_Z
 630              		.comm	zPos,4,4
 631              		.global	zMax
 632              		.global	zFlag
 633              		.global	isrStopZ
 634              		.global	calibratedZ
 635              		.comm	i2cRxBuffer,4,4
 636              		.comm	i2cTxBuffer,4,4
 637              		.comm	backOfQueuePtr,4,4
 638              		.comm	frontOfQueuePtr,4,4
 639              		.data
 640              		.align	2
 641              		.set	.LANCHOR0,. + 0
 642              		.type	zMax, %object
 643              		.size	zMax, 4
 644              	zMax:
 645 0000 B80B0000 		.word	3000
 646              		.type	calibratedZ, %object
 647              		.size	calibratedZ, 1
 648              	calibratedZ:
 649 0004 01       		.byte	1
 650 0005 000000   		.bss
 651              		.set	.LANCHOR1,. + 0
 652              		.type	zFlag, %object
 653              		.size	zFlag, 1
 654              	zFlag:
 655 0000 00       		.space	1
 656              		.type	isrStopZ, %object
 657              		.size	isrStopZ, 1
 658              	isrStopZ:
 659 0001 00       		.space	1
 660              		.text
 661              	.Letext0:
 662              		.file 2 "Generated_Source\\PSoC4/cytypes.h"
 663              		.file 3 ".\\queue.h"
 664              		.file 4 ".\\i2c.h"
 665              		.file 5 "Generated_Source\\PSoC4/interrupt_Z.h"
 666              		.file 6 "Generated_Source\\PSoC4/Pin_1a_Z.h"
 667              		.file 7 "Generated_Source\\PSoC4/Pin_2a_Z.h"
 668              		.file 8 "Generated_Source\\PSoC4/Pin_1b_Z.h"
 669              		.file 9 "Generated_Source\\PSoC4/Pin_2b_Z.h"
 670              		.file 10 "Generated_Source\\PSoC4/CyLib.h"
 671              		.file 11 ".\\led.h"
 672              		.section	.debug_info,"",%progbits
 673              	.Ldebug_info0:
 674 0000 ED070000 		.4byte	0x7ed
 675 0004 0400     		.2byte	0x4
 676 0006 00000000 		.4byte	.Ldebug_abbrev0
 677 000a 04       		.byte	0x4
 678 000b 01       		.uleb128 0x1
 679 000c 02010000 		.4byte	.LASF52
 680 0010 01       		.byte	0x1
 681 0011 FF020000 		.4byte	.LASF53
 682 0015 24020000 		.4byte	.LASF54
 683 0019 00000000 		.4byte	.Ldebug_ranges0+0
 684 001d 00000000 		.4byte	0
 685 0021 00000000 		.4byte	.Ldebug_line0
ARM GAS  C:\Users\JEPPES~1\AppData\Local\Temp\ccUtdZh9.s 			page 17


 686 0025 02       		.uleb128 0x2
 687 0026 01       		.byte	0x1
 688 0027 06       		.byte	0x6
 689 0028 D7020000 		.4byte	.LASF0
 690 002c 02       		.uleb128 0x2
 691 002d 01       		.byte	0x1
 692 002e 08       		.byte	0x8
 693 002f 52000000 		.4byte	.LASF1
 694 0033 02       		.uleb128 0x2
 695 0034 02       		.byte	0x2
 696 0035 05       		.byte	0x5
 697 0036 BF020000 		.4byte	.LASF2
 698 003a 02       		.uleb128 0x2
 699 003b 02       		.byte	0x2
 700 003c 07       		.byte	0x7
 701 003d 72000000 		.4byte	.LASF3
 702 0041 02       		.uleb128 0x2
 703 0042 04       		.byte	0x4
 704 0043 05       		.byte	0x5
 705 0044 C9020000 		.4byte	.LASF4
 706 0048 02       		.uleb128 0x2
 707 0049 04       		.byte	0x4
 708 004a 07       		.byte	0x7
 709 004b 60000000 		.4byte	.LASF5
 710 004f 02       		.uleb128 0x2
 711 0050 08       		.byte	0x8
 712 0051 05       		.byte	0x5
 713 0052 63020000 		.4byte	.LASF6
 714 0056 02       		.uleb128 0x2
 715 0057 08       		.byte	0x8
 716 0058 07       		.byte	0x7
 717 0059 C7010000 		.4byte	.LASF7
 718 005d 03       		.uleb128 0x3
 719 005e 04       		.byte	0x4
 720 005f 05       		.byte	0x5
 721 0060 696E7400 		.ascii	"int\000"
 722 0064 02       		.uleb128 0x2
 723 0065 04       		.byte	0x4
 724 0066 07       		.byte	0x7
 725 0067 90010000 		.4byte	.LASF8
 726 006b 04       		.uleb128 0x4
 727 006c B9020000 		.4byte	.LASF9
 728 0070 02       		.byte	0x2
 729 0071 3801     		.2byte	0x138
 730 0073 2C000000 		.4byte	0x2c
 731 0077 04       		.uleb128 0x4
 732 0078 F3000000 		.4byte	.LASF10
 733 007c 02       		.byte	0x2
 734 007d 3A01     		.2byte	0x13a
 735 007f 48000000 		.4byte	0x48
 736 0083 02       		.uleb128 0x2
 737 0084 04       		.byte	0x4
 738 0085 04       		.byte	0x4
 739 0086 4C000000 		.4byte	.LASF11
 740 008a 02       		.uleb128 0x2
 741 008b 08       		.byte	0x8
 742 008c 04       		.byte	0x4
ARM GAS  C:\Users\JEPPES~1\AppData\Local\Temp\ccUtdZh9.s 			page 18


 743 008d B6000000 		.4byte	.LASF12
 744 0091 02       		.uleb128 0x2
 745 0092 01       		.byte	0x1
 746 0093 08       		.byte	0x8
 747 0094 D2020000 		.4byte	.LASF13
 748 0098 04       		.uleb128 0x4
 749 0099 F5010000 		.4byte	.LASF14
 750 009d 02       		.byte	0x2
 751 009e F401     		.2byte	0x1f4
 752 00a0 A4000000 		.4byte	0xa4
 753 00a4 05       		.uleb128 0x5
 754 00a5 04       		.byte	0x4
 755 00a6 AA000000 		.4byte	0xaa
 756 00aa 06       		.uleb128 0x6
 757 00ab 02       		.uleb128 0x2
 758 00ac 04       		.byte	0x4
 759 00ad 07       		.byte	0x7
 760 00ae 48020000 		.4byte	.LASF15
 761 00b2 07       		.uleb128 0x7
 762 00b3 0B000000 		.4byte	.LASF18
 763 00b7 08       		.byte	0x8
 764 00b8 03       		.byte	0x3
 765 00b9 1A       		.byte	0x1a
 766 00ba D7000000 		.4byte	0xd7
 767 00be 08       		.uleb128 0x8
 768 00bf 7C020000 		.4byte	.LASF16
 769 00c3 03       		.byte	0x3
 770 00c4 1C       		.byte	0x1c
 771 00c5 5D000000 		.4byte	0x5d
 772 00c9 00       		.byte	0
 773 00ca 08       		.uleb128 0x8
 774 00cb 77020000 		.4byte	.LASF17
 775 00cf 03       		.byte	0x3
 776 00d0 1D       		.byte	0x1d
 777 00d1 5D000000 		.4byte	0x5d
 778 00d5 04       		.byte	0x4
 779 00d6 00       		.byte	0
 780 00d7 07       		.uleb128 0x7
 781 00d8 06000000 		.4byte	.LASF19
 782 00dc 0C       		.byte	0xc
 783 00dd 03       		.byte	0x3
 784 00de 20       		.byte	0x20
 785 00df FC000000 		.4byte	0xfc
 786 00e3 08       		.uleb128 0x8
 787 00e4 00000000 		.4byte	.LASF20
 788 00e8 03       		.byte	0x3
 789 00e9 22       		.byte	0x22
 790 00ea B2000000 		.4byte	0xb2
 791 00ee 00       		.byte	0
 792 00ef 08       		.uleb128 0x8
 793 00f0 5D020000 		.4byte	.LASF21
 794 00f4 03       		.byte	0x3
 795 00f5 23       		.byte	0x23
 796 00f6 FC000000 		.4byte	0xfc
 797 00fa 08       		.byte	0x8
 798 00fb 00       		.byte	0
 799 00fc 05       		.uleb128 0x5
ARM GAS  C:\Users\JEPPES~1\AppData\Local\Temp\ccUtdZh9.s 			page 19


 800 00fd 04       		.byte	0x4
 801 00fe D7000000 		.4byte	0xd7
 802 0102 09       		.uleb128 0x9
 803 0103 DE010000 		.4byte	.LASF24
 804 0107 01       		.byte	0x1
 805 0108 1B       		.byte	0x1b
 806 0109 00000000 		.4byte	.LFB34
 807 010d 10000000 		.4byte	.LFE34-.LFB34
 808 0111 01       		.uleb128 0x1
 809 0112 9C       		.byte	0x9c
 810 0113 2B010000 		.4byte	0x12b
 811 0117 0A       		.uleb128 0xa
 812 0118 08000000 		.4byte	.LVL0
 813 011c 4F070000 		.4byte	0x74f
 814 0120 0B       		.uleb128 0xb
 815 0121 01       		.uleb128 0x1
 816 0122 50       		.byte	0x50
 817 0123 05       		.uleb128 0x5
 818 0124 03       		.byte	0x3
 819 0125 00000000 		.4byte	isr_Z
 820 0129 00       		.byte	0
 821 012a 00       		.byte	0
 822 012b 0C       		.uleb128 0xc
 823 012c FA000000 		.4byte	.LASF22
 824 0130 01       		.byte	0x1
 825 0131 68       		.byte	0x68
 826 0132 6B000000 		.4byte	0x6b
 827 0136 00000000 		.4byte	.LFB38
 828 013a 0C000000 		.4byte	.LFE38-.LFB38
 829 013e 01       		.uleb128 0x1
 830 013f 9C       		.byte	0x9c
 831 0140 0C       		.uleb128 0xc
 832 0141 85000000 		.4byte	.LASF23
 833 0145 01       		.byte	0x1
 834 0146 6D       		.byte	0x6d
 835 0147 6B000000 		.4byte	0x6b
 836 014b 00000000 		.4byte	.LFB39
 837 014f 0C000000 		.4byte	.LFE39-.LFB39
 838 0153 01       		.uleb128 0x1
 839 0154 9C       		.byte	0x9c
 840 0155 09       		.uleb128 0x9
 841 0156 E5000000 		.4byte	.LASF25
 842 015a 01       		.byte	0x1
 843 015b 73       		.byte	0x73
 844 015c 00000000 		.4byte	.LFB40
 845 0160 7C000000 		.4byte	.LFE40-.LFB40
 846 0164 01       		.uleb128 0x1
 847 0165 9C       		.byte	0x9c
 848 0166 E3020000 		.4byte	0x2e3
 849 016a 0D       		.uleb128 0xd
 850 016b 08000000 		.4byte	.LVL1
 851 016f 60070000 		.4byte	0x760
 852 0173 7D010000 		.4byte	0x17d
 853 0177 0B       		.uleb128 0xb
 854 0178 01       		.uleb128 0x1
 855 0179 50       		.byte	0x50
 856 017a 01       		.uleb128 0x1
ARM GAS  C:\Users\JEPPES~1\AppData\Local\Temp\ccUtdZh9.s 			page 20


 857 017b 31       		.byte	0x31
 858 017c 00       		.byte	0
 859 017d 0D       		.uleb128 0xd
 860 017e 0E000000 		.4byte	.LVL2
 861 0182 71070000 		.4byte	0x771
 862 0186 90010000 		.4byte	0x190
 863 018a 0B       		.uleb128 0xb
 864 018b 01       		.uleb128 0x1
 865 018c 50       		.byte	0x50
 866 018d 01       		.uleb128 0x1
 867 018e 30       		.byte	0x30
 868 018f 00       		.byte	0
 869 0190 0D       		.uleb128 0xd
 870 0191 14000000 		.4byte	.LVL3
 871 0195 82070000 		.4byte	0x782
 872 0199 A3010000 		.4byte	0x1a3
 873 019d 0B       		.uleb128 0xb
 874 019e 01       		.uleb128 0x1
 875 019f 50       		.byte	0x50
 876 01a0 01       		.uleb128 0x1
 877 01a1 30       		.byte	0x30
 878 01a2 00       		.byte	0
 879 01a3 0D       		.uleb128 0xd
 880 01a4 1A000000 		.4byte	.LVL4
 881 01a8 93070000 		.4byte	0x793
 882 01ac B6010000 		.4byte	0x1b6
 883 01b0 0B       		.uleb128 0xb
 884 01b1 01       		.uleb128 0x1
 885 01b2 50       		.byte	0x50
 886 01b3 01       		.uleb128 0x1
 887 01b4 30       		.byte	0x30
 888 01b5 00       		.byte	0
 889 01b6 0D       		.uleb128 0xd
 890 01b7 20000000 		.4byte	.LVL5
 891 01bb A4070000 		.4byte	0x7a4
 892 01bf C9010000 		.4byte	0x1c9
 893 01c3 0B       		.uleb128 0xb
 894 01c4 01       		.uleb128 0x1
 895 01c5 50       		.byte	0x50
 896 01c6 01       		.uleb128 0x1
 897 01c7 33       		.byte	0x33
 898 01c8 00       		.byte	0
 899 01c9 0D       		.uleb128 0xd
 900 01ca 26000000 		.4byte	.LVL6
 901 01ce 60070000 		.4byte	0x760
 902 01d2 DC010000 		.4byte	0x1dc
 903 01d6 0B       		.uleb128 0xb
 904 01d7 01       		.uleb128 0x1
 905 01d8 50       		.byte	0x50
 906 01d9 01       		.uleb128 0x1
 907 01da 30       		.byte	0x30
 908 01db 00       		.byte	0
 909 01dc 0D       		.uleb128 0xd
 910 01dd 2C000000 		.4byte	.LVL7
 911 01e1 71070000 		.4byte	0x771
 912 01e5 EF010000 		.4byte	0x1ef
 913 01e9 0B       		.uleb128 0xb
ARM GAS  C:\Users\JEPPES~1\AppData\Local\Temp\ccUtdZh9.s 			page 21


 914 01ea 01       		.uleb128 0x1
 915 01eb 50       		.byte	0x50
 916 01ec 01       		.uleb128 0x1
 917 01ed 31       		.byte	0x31
 918 01ee 00       		.byte	0
 919 01ef 0D       		.uleb128 0xd
 920 01f0 32000000 		.4byte	.LVL8
 921 01f4 82070000 		.4byte	0x782
 922 01f8 02020000 		.4byte	0x202
 923 01fc 0B       		.uleb128 0xb
 924 01fd 01       		.uleb128 0x1
 925 01fe 50       		.byte	0x50
 926 01ff 01       		.uleb128 0x1
 927 0200 30       		.byte	0x30
 928 0201 00       		.byte	0
 929 0202 0D       		.uleb128 0xd
 930 0203 38000000 		.4byte	.LVL9
 931 0207 93070000 		.4byte	0x793
 932 020b 15020000 		.4byte	0x215
 933 020f 0B       		.uleb128 0xb
 934 0210 01       		.uleb128 0x1
 935 0211 50       		.byte	0x50
 936 0212 01       		.uleb128 0x1
 937 0213 30       		.byte	0x30
 938 0214 00       		.byte	0
 939 0215 0D       		.uleb128 0xd
 940 0216 3E000000 		.4byte	.LVL10
 941 021a A4070000 		.4byte	0x7a4
 942 021e 28020000 		.4byte	0x228
 943 0222 0B       		.uleb128 0xb
 944 0223 01       		.uleb128 0x1
 945 0224 50       		.byte	0x50
 946 0225 01       		.uleb128 0x1
 947 0226 33       		.byte	0x33
 948 0227 00       		.byte	0
 949 0228 0D       		.uleb128 0xd
 950 0229 44000000 		.4byte	.LVL11
 951 022d 60070000 		.4byte	0x760
 952 0231 3B020000 		.4byte	0x23b
 953 0235 0B       		.uleb128 0xb
 954 0236 01       		.uleb128 0x1
 955 0237 50       		.byte	0x50
 956 0238 01       		.uleb128 0x1
 957 0239 30       		.byte	0x30
 958 023a 00       		.byte	0
 959 023b 0D       		.uleb128 0xd
 960 023c 4A000000 		.4byte	.LVL12
 961 0240 71070000 		.4byte	0x771
 962 0244 4E020000 		.4byte	0x24e
 963 0248 0B       		.uleb128 0xb
 964 0249 01       		.uleb128 0x1
 965 024a 50       		.byte	0x50
 966 024b 01       		.uleb128 0x1
 967 024c 30       		.byte	0x30
 968 024d 00       		.byte	0
 969 024e 0D       		.uleb128 0xd
 970 024f 50000000 		.4byte	.LVL13
ARM GAS  C:\Users\JEPPES~1\AppData\Local\Temp\ccUtdZh9.s 			page 22


 971 0253 82070000 		.4byte	0x782
 972 0257 61020000 		.4byte	0x261
 973 025b 0B       		.uleb128 0xb
 974 025c 01       		.uleb128 0x1
 975 025d 50       		.byte	0x50
 976 025e 01       		.uleb128 0x1
 977 025f 31       		.byte	0x31
 978 0260 00       		.byte	0
 979 0261 0D       		.uleb128 0xd
 980 0262 56000000 		.4byte	.LVL14
 981 0266 93070000 		.4byte	0x793
 982 026a 74020000 		.4byte	0x274
 983 026e 0B       		.uleb128 0xb
 984 026f 01       		.uleb128 0x1
 985 0270 50       		.byte	0x50
 986 0271 01       		.uleb128 0x1
 987 0272 30       		.byte	0x30
 988 0273 00       		.byte	0
 989 0274 0D       		.uleb128 0xd
 990 0275 5C000000 		.4byte	.LVL15
 991 0279 A4070000 		.4byte	0x7a4
 992 027d 87020000 		.4byte	0x287
 993 0281 0B       		.uleb128 0xb
 994 0282 01       		.uleb128 0x1
 995 0283 50       		.byte	0x50
 996 0284 01       		.uleb128 0x1
 997 0285 33       		.byte	0x33
 998 0286 00       		.byte	0
 999 0287 0D       		.uleb128 0xd
 1000 0288 62000000 		.4byte	.LVL16
 1001 028c 60070000 		.4byte	0x760
 1002 0290 9A020000 		.4byte	0x29a
 1003 0294 0B       		.uleb128 0xb
 1004 0295 01       		.uleb128 0x1
 1005 0296 50       		.byte	0x50
 1006 0297 01       		.uleb128 0x1
 1007 0298 30       		.byte	0x30
 1008 0299 00       		.byte	0
 1009 029a 0D       		.uleb128 0xd
 1010 029b 68000000 		.4byte	.LVL17
 1011 029f 71070000 		.4byte	0x771
 1012 02a3 AD020000 		.4byte	0x2ad
 1013 02a7 0B       		.uleb128 0xb
 1014 02a8 01       		.uleb128 0x1
 1015 02a9 50       		.byte	0x50
 1016 02aa 01       		.uleb128 0x1
 1017 02ab 30       		.byte	0x30
 1018 02ac 00       		.byte	0
 1019 02ad 0D       		.uleb128 0xd
 1020 02ae 6E000000 		.4byte	.LVL18
 1021 02b2 82070000 		.4byte	0x782
 1022 02b6 C0020000 		.4byte	0x2c0
 1023 02ba 0B       		.uleb128 0xb
 1024 02bb 01       		.uleb128 0x1
 1025 02bc 50       		.byte	0x50
 1026 02bd 01       		.uleb128 0x1
 1027 02be 30       		.byte	0x30
ARM GAS  C:\Users\JEPPES~1\AppData\Local\Temp\ccUtdZh9.s 			page 23


 1028 02bf 00       		.byte	0
 1029 02c0 0D       		.uleb128 0xd
 1030 02c1 74000000 		.4byte	.LVL19
 1031 02c5 93070000 		.4byte	0x793
 1032 02c9 D3020000 		.4byte	0x2d3
 1033 02cd 0B       		.uleb128 0xb
 1034 02ce 01       		.uleb128 0x1
 1035 02cf 50       		.byte	0x50
 1036 02d0 01       		.uleb128 0x1
 1037 02d1 31       		.byte	0x31
 1038 02d2 00       		.byte	0
 1039 02d3 0A       		.uleb128 0xa
 1040 02d4 7A000000 		.4byte	.LVL20
 1041 02d8 A4070000 		.4byte	0x7a4
 1042 02dc 0B       		.uleb128 0xb
 1043 02dd 01       		.uleb128 0x1
 1044 02de 50       		.byte	0x50
 1045 02df 01       		.uleb128 0x1
 1046 02e0 33       		.byte	0x33
 1047 02e1 00       		.byte	0
 1048 02e2 00       		.byte	0
 1049 02e3 09       		.uleb128 0x9
 1050 02e4 AC010000 		.4byte	.LASF26
 1051 02e8 01       		.byte	0x1
 1052 02e9 8E       		.byte	0x8e
 1053 02ea 00000000 		.4byte	.LFB41
 1054 02ee 7C000000 		.4byte	.LFE41-.LFB41
 1055 02f2 01       		.uleb128 0x1
 1056 02f3 9C       		.byte	0x9c
 1057 02f4 71040000 		.4byte	0x471
 1058 02f8 0D       		.uleb128 0xd
 1059 02f9 08000000 		.4byte	.LVL21
 1060 02fd 60070000 		.4byte	0x760
 1061 0301 0B030000 		.4byte	0x30b
 1062 0305 0B       		.uleb128 0xb
 1063 0306 01       		.uleb128 0x1
 1064 0307 50       		.byte	0x50
 1065 0308 01       		.uleb128 0x1
 1066 0309 30       		.byte	0x30
 1067 030a 00       		.byte	0
 1068 030b 0D       		.uleb128 0xd
 1069 030c 0E000000 		.4byte	.LVL22
 1070 0310 71070000 		.4byte	0x771
 1071 0314 1E030000 		.4byte	0x31e
 1072 0318 0B       		.uleb128 0xb
 1073 0319 01       		.uleb128 0x1
 1074 031a 50       		.byte	0x50
 1075 031b 01       		.uleb128 0x1
 1076 031c 30       		.byte	0x30
 1077 031d 00       		.byte	0
 1078 031e 0D       		.uleb128 0xd
 1079 031f 14000000 		.4byte	.LVL23
 1080 0323 82070000 		.4byte	0x782
 1081 0327 31030000 		.4byte	0x331
 1082 032b 0B       		.uleb128 0xb
 1083 032c 01       		.uleb128 0x1
 1084 032d 50       		.byte	0x50
ARM GAS  C:\Users\JEPPES~1\AppData\Local\Temp\ccUtdZh9.s 			page 24


 1085 032e 01       		.uleb128 0x1
 1086 032f 30       		.byte	0x30
 1087 0330 00       		.byte	0
 1088 0331 0D       		.uleb128 0xd
 1089 0332 1A000000 		.4byte	.LVL24
 1090 0336 93070000 		.4byte	0x793
 1091 033a 44030000 		.4byte	0x344
 1092 033e 0B       		.uleb128 0xb
 1093 033f 01       		.uleb128 0x1
 1094 0340 50       		.byte	0x50
 1095 0341 01       		.uleb128 0x1
 1096 0342 31       		.byte	0x31
 1097 0343 00       		.byte	0
 1098 0344 0D       		.uleb128 0xd
 1099 0345 20000000 		.4byte	.LVL25
 1100 0349 A4070000 		.4byte	0x7a4
 1101 034d 57030000 		.4byte	0x357
 1102 0351 0B       		.uleb128 0xb
 1103 0352 01       		.uleb128 0x1
 1104 0353 50       		.byte	0x50
 1105 0354 01       		.uleb128 0x1
 1106 0355 33       		.byte	0x33
 1107 0356 00       		.byte	0
 1108 0357 0D       		.uleb128 0xd
 1109 0358 26000000 		.4byte	.LVL26
 1110 035c 60070000 		.4byte	0x760
 1111 0360 6A030000 		.4byte	0x36a
 1112 0364 0B       		.uleb128 0xb
 1113 0365 01       		.uleb128 0x1
 1114 0366 50       		.byte	0x50
 1115 0367 01       		.uleb128 0x1
 1116 0368 30       		.byte	0x30
 1117 0369 00       		.byte	0
 1118 036a 0D       		.uleb128 0xd
 1119 036b 2C000000 		.4byte	.LVL27
 1120 036f 71070000 		.4byte	0x771
 1121 0373 7D030000 		.4byte	0x37d
 1122 0377 0B       		.uleb128 0xb
 1123 0378 01       		.uleb128 0x1
 1124 0379 50       		.byte	0x50
 1125 037a 01       		.uleb128 0x1
 1126 037b 30       		.byte	0x30
 1127 037c 00       		.byte	0
 1128 037d 0D       		.uleb128 0xd
 1129 037e 32000000 		.4byte	.LVL28
 1130 0382 82070000 		.4byte	0x782
 1131 0386 90030000 		.4byte	0x390
 1132 038a 0B       		.uleb128 0xb
 1133 038b 01       		.uleb128 0x1
 1134 038c 50       		.byte	0x50
 1135 038d 01       		.uleb128 0x1
 1136 038e 31       		.byte	0x31
 1137 038f 00       		.byte	0
 1138 0390 0D       		.uleb128 0xd
 1139 0391 38000000 		.4byte	.LVL29
 1140 0395 93070000 		.4byte	0x793
 1141 0399 A3030000 		.4byte	0x3a3
ARM GAS  C:\Users\JEPPES~1\AppData\Local\Temp\ccUtdZh9.s 			page 25


 1142 039d 0B       		.uleb128 0xb
 1143 039e 01       		.uleb128 0x1
 1144 039f 50       		.byte	0x50
 1145 03a0 01       		.uleb128 0x1
 1146 03a1 30       		.byte	0x30
 1147 03a2 00       		.byte	0
 1148 03a3 0D       		.uleb128 0xd
 1149 03a4 3E000000 		.4byte	.LVL30
 1150 03a8 A4070000 		.4byte	0x7a4
 1151 03ac B6030000 		.4byte	0x3b6
 1152 03b0 0B       		.uleb128 0xb
 1153 03b1 01       		.uleb128 0x1
 1154 03b2 50       		.byte	0x50
 1155 03b3 01       		.uleb128 0x1
 1156 03b4 33       		.byte	0x33
 1157 03b5 00       		.byte	0
 1158 03b6 0D       		.uleb128 0xd
 1159 03b7 44000000 		.4byte	.LVL31
 1160 03bb 60070000 		.4byte	0x760
 1161 03bf C9030000 		.4byte	0x3c9
 1162 03c3 0B       		.uleb128 0xb
 1163 03c4 01       		.uleb128 0x1
 1164 03c5 50       		.byte	0x50
 1165 03c6 01       		.uleb128 0x1
 1166 03c7 30       		.byte	0x30
 1167 03c8 00       		.byte	0
 1168 03c9 0D       		.uleb128 0xd
 1169 03ca 4A000000 		.4byte	.LVL32
 1170 03ce 71070000 		.4byte	0x771
 1171 03d2 DC030000 		.4byte	0x3dc
 1172 03d6 0B       		.uleb128 0xb
 1173 03d7 01       		.uleb128 0x1
 1174 03d8 50       		.byte	0x50
 1175 03d9 01       		.uleb128 0x1
 1176 03da 31       		.byte	0x31
 1177 03db 00       		.byte	0
 1178 03dc 0D       		.uleb128 0xd
 1179 03dd 50000000 		.4byte	.LVL33
 1180 03e1 82070000 		.4byte	0x782
 1181 03e5 EF030000 		.4byte	0x3ef
 1182 03e9 0B       		.uleb128 0xb
 1183 03ea 01       		.uleb128 0x1
 1184 03eb 50       		.byte	0x50
 1185 03ec 01       		.uleb128 0x1
 1186 03ed 30       		.byte	0x30
 1187 03ee 00       		.byte	0
 1188 03ef 0D       		.uleb128 0xd
 1189 03f0 56000000 		.4byte	.LVL34
 1190 03f4 93070000 		.4byte	0x793
 1191 03f8 02040000 		.4byte	0x402
 1192 03fc 0B       		.uleb128 0xb
 1193 03fd 01       		.uleb128 0x1
 1194 03fe 50       		.byte	0x50
 1195 03ff 01       		.uleb128 0x1
 1196 0400 30       		.byte	0x30
 1197 0401 00       		.byte	0
 1198 0402 0D       		.uleb128 0xd
ARM GAS  C:\Users\JEPPES~1\AppData\Local\Temp\ccUtdZh9.s 			page 26


 1199 0403 5C000000 		.4byte	.LVL35
 1200 0407 A4070000 		.4byte	0x7a4
 1201 040b 15040000 		.4byte	0x415
 1202 040f 0B       		.uleb128 0xb
 1203 0410 01       		.uleb128 0x1
 1204 0411 50       		.byte	0x50
 1205 0412 01       		.uleb128 0x1
 1206 0413 33       		.byte	0x33
 1207 0414 00       		.byte	0
 1208 0415 0D       		.uleb128 0xd
 1209 0416 62000000 		.4byte	.LVL36
 1210 041a 60070000 		.4byte	0x760
 1211 041e 28040000 		.4byte	0x428
 1212 0422 0B       		.uleb128 0xb
 1213 0423 01       		.uleb128 0x1
 1214 0424 50       		.byte	0x50
 1215 0425 01       		.uleb128 0x1
 1216 0426 31       		.byte	0x31
 1217 0427 00       		.byte	0
 1218 0428 0D       		.uleb128 0xd
 1219 0429 68000000 		.4byte	.LVL37
 1220 042d 71070000 		.4byte	0x771
 1221 0431 3B040000 		.4byte	0x43b
 1222 0435 0B       		.uleb128 0xb
 1223 0436 01       		.uleb128 0x1
 1224 0437 50       		.byte	0x50
 1225 0438 01       		.uleb128 0x1
 1226 0439 30       		.byte	0x30
 1227 043a 00       		.byte	0
 1228 043b 0D       		.uleb128 0xd
 1229 043c 6E000000 		.4byte	.LVL38
 1230 0440 82070000 		.4byte	0x782
 1231 0444 4E040000 		.4byte	0x44e
 1232 0448 0B       		.uleb128 0xb
 1233 0449 01       		.uleb128 0x1
 1234 044a 50       		.byte	0x50
 1235 044b 01       		.uleb128 0x1
 1236 044c 30       		.byte	0x30
 1237 044d 00       		.byte	0
 1238 044e 0D       		.uleb128 0xd
 1239 044f 74000000 		.4byte	.LVL39
 1240 0453 93070000 		.4byte	0x793
 1241 0457 61040000 		.4byte	0x461
 1242 045b 0B       		.uleb128 0xb
 1243 045c 01       		.uleb128 0x1
 1244 045d 50       		.byte	0x50
 1245 045e 01       		.uleb128 0x1
 1246 045f 30       		.byte	0x30
 1247 0460 00       		.byte	0
 1248 0461 0A       		.uleb128 0xa
 1249 0462 7A000000 		.4byte	.LVL40
 1250 0466 A4070000 		.4byte	0x7a4
 1251 046a 0B       		.uleb128 0xb
 1252 046b 01       		.uleb128 0x1
 1253 046c 50       		.byte	0x50
 1254 046d 01       		.uleb128 0x1
 1255 046e 33       		.byte	0x33
ARM GAS  C:\Users\JEPPES~1\AppData\Local\Temp\ccUtdZh9.s 			page 27


 1256 046f 00       		.byte	0
 1257 0470 00       		.byte	0
 1258 0471 09       		.uleb128 0x9
 1259 0472 BD000000 		.4byte	.LASF27
 1260 0476 01       		.byte	0x1
 1261 0477 30       		.byte	0x30
 1262 0478 00000000 		.4byte	.LFB36
 1263 047c 50000000 		.4byte	.LFE36-.LFB36
 1264 0480 01       		.uleb128 0x1
 1265 0481 9C       		.byte	0x9c
 1266 0482 CF040000 		.4byte	0x4cf
 1267 0486 0D       		.uleb128 0xd
 1268 0487 18000000 		.4byte	.LVL41
 1269 048b B5070000 		.4byte	0x7b5
 1270 048f A3040000 		.4byte	0x4a3
 1271 0493 0B       		.uleb128 0xb
 1272 0494 01       		.uleb128 0x1
 1273 0495 52       		.byte	0x52
 1274 0496 01       		.uleb128 0x1
 1275 0497 30       		.byte	0x30
 1276 0498 0B       		.uleb128 0xb
 1277 0499 01       		.uleb128 0x1
 1278 049a 51       		.byte	0x51
 1279 049b 01       		.uleb128 0x1
 1280 049c 30       		.byte	0x30
 1281 049d 0B       		.uleb128 0xb
 1282 049e 01       		.uleb128 0x1
 1283 049f 50       		.byte	0x50
 1284 04a0 01       		.uleb128 0x1
 1285 04a1 31       		.byte	0x31
 1286 04a2 00       		.byte	0
 1287 04a3 0E       		.uleb128 0xe
 1288 04a4 1C000000 		.4byte	.LVL42
 1289 04a8 E3020000 		.4byte	0x2e3
 1290 04ac 0E       		.uleb128 0xe
 1291 04ad 20000000 		.4byte	.LVL43
 1292 04b1 D0070000 		.4byte	0x7d0
 1293 04b5 0A       		.uleb128 0xa
 1294 04b6 42000000 		.4byte	.LVL44
 1295 04ba B5070000 		.4byte	0x7b5
 1296 04be 0B       		.uleb128 0xb
 1297 04bf 01       		.uleb128 0x1
 1298 04c0 52       		.byte	0x52
 1299 04c1 01       		.uleb128 0x1
 1300 04c2 30       		.byte	0x30
 1301 04c3 0B       		.uleb128 0xb
 1302 04c4 01       		.uleb128 0x1
 1303 04c5 51       		.byte	0x51
 1304 04c6 01       		.uleb128 0x1
 1305 04c7 30       		.byte	0x30
 1306 04c8 0B       		.uleb128 0xb
 1307 04c9 01       		.uleb128 0x1
 1308 04ca 50       		.byte	0x50
 1309 04cb 01       		.uleb128 0x1
 1310 04cc 30       		.byte	0x30
 1311 04cd 00       		.byte	0
 1312 04ce 00       		.byte	0
ARM GAS  C:\Users\JEPPES~1\AppData\Local\Temp\ccUtdZh9.s 			page 28


 1313 04cf 0F       		.uleb128 0xf
 1314 04d0 B1020000 		.4byte	.LASF28
 1315 04d4 01       		.byte	0x1
 1316 04d5 3E       		.byte	0x3e
 1317 04d6 00000000 		.4byte	.LFB37
 1318 04da B8000000 		.4byte	.LFE37-.LFB37
 1319 04de 01       		.uleb128 0x1
 1320 04df 9C       		.byte	0x9c
 1321 04e0 BE050000 		.4byte	0x5be
 1322 04e4 10       		.uleb128 0x10
 1323 04e5 81020000 		.4byte	.LASF55
 1324 04e9 01       		.byte	0x1
 1325 04ea 3E       		.byte	0x3e
 1326 04eb 6B000000 		.4byte	0x6b
 1327 04ef 00000000 		.4byte	.LLST0
 1328 04f3 11       		.uleb128 0x11
 1329 04f4 6900     		.ascii	"i\000"
 1330 04f6 01       		.byte	0x1
 1331 04f7 40       		.byte	0x40
 1332 04f8 77000000 		.4byte	0x77
 1333 04fc 3A000000 		.4byte	.LLST1
 1334 0500 12       		.uleb128 0x12
 1335 0501 E0000000 		.4byte	.LASF29
 1336 0505 01       		.byte	0x1
 1337 0506 41       		.byte	0x41
 1338 0507 77000000 		.4byte	0x77
 1339 050b 70000000 		.4byte	.LLST2
 1340 050f 12       		.uleb128 0x12
 1341 0510 29000000 		.4byte	.LASF30
 1342 0514 01       		.byte	0x1
 1343 0515 42       		.byte	0x42
 1344 0516 77000000 		.4byte	0x77
 1345 051a BC000000 		.4byte	.LLST3
 1346 051e 0D       		.uleb128 0xd
 1347 051f 32000000 		.4byte	.LVL51
 1348 0523 B5070000 		.4byte	0x7b5
 1349 0527 3B050000 		.4byte	0x53b
 1350 052b 0B       		.uleb128 0xb
 1351 052c 01       		.uleb128 0x1
 1352 052d 52       		.byte	0x52
 1353 052e 01       		.uleb128 0x1
 1354 052f 30       		.byte	0x30
 1355 0530 0B       		.uleb128 0xb
 1356 0531 01       		.uleb128 0x1
 1357 0532 51       		.byte	0x51
 1358 0533 01       		.uleb128 0x1
 1359 0534 31       		.byte	0x31
 1360 0535 0B       		.uleb128 0xb
 1361 0536 01       		.uleb128 0x1
 1362 0537 50       		.byte	0x50
 1363 0538 01       		.uleb128 0x1
 1364 0539 30       		.byte	0x30
 1365 053a 00       		.byte	0
 1366 053b 0E       		.uleb128 0xe
 1367 053c 40000000 		.4byte	.LVL55
 1368 0540 E3020000 		.4byte	0x2e3
 1369 0544 0D       		.uleb128 0xd
ARM GAS  C:\Users\JEPPES~1\AppData\Local\Temp\ccUtdZh9.s 			page 29


 1370 0545 60000000 		.4byte	.LVL57
 1371 0549 B5070000 		.4byte	0x7b5
 1372 054d 61050000 		.4byte	0x561
 1373 0551 0B       		.uleb128 0xb
 1374 0552 01       		.uleb128 0x1
 1375 0553 52       		.byte	0x52
 1376 0554 01       		.uleb128 0x1
 1377 0555 30       		.byte	0x30
 1378 0556 0B       		.uleb128 0xb
 1379 0557 01       		.uleb128 0x1
 1380 0558 51       		.byte	0x51
 1381 0559 01       		.uleb128 0x1
 1382 055a 30       		.byte	0x30
 1383 055b 0B       		.uleb128 0xb
 1384 055c 01       		.uleb128 0x1
 1385 055d 50       		.byte	0x50
 1386 055e 01       		.uleb128 0x1
 1387 055f 30       		.byte	0x30
 1388 0560 00       		.byte	0
 1389 0561 0D       		.uleb128 0xd
 1390 0562 70000000 		.4byte	.LVL60
 1391 0566 B5070000 		.4byte	0x7b5
 1392 056a 7E050000 		.4byte	0x57e
 1393 056e 0B       		.uleb128 0xb
 1394 056f 01       		.uleb128 0x1
 1395 0570 52       		.byte	0x52
 1396 0571 01       		.uleb128 0x1
 1397 0572 30       		.byte	0x30
 1398 0573 0B       		.uleb128 0xb
 1399 0574 01       		.uleb128 0x1
 1400 0575 51       		.byte	0x51
 1401 0576 01       		.uleb128 0x1
 1402 0577 31       		.byte	0x31
 1403 0578 0B       		.uleb128 0xb
 1404 0579 01       		.uleb128 0x1
 1405 057a 50       		.byte	0x50
 1406 057b 01       		.uleb128 0x1
 1407 057c 30       		.byte	0x30
 1408 057d 00       		.byte	0
 1409 057e 0E       		.uleb128 0xe
 1410 057f 7E000000 		.4byte	.LVL64
 1411 0583 55010000 		.4byte	0x155
 1412 0587 0D       		.uleb128 0xd
 1413 0588 9E000000 		.4byte	.LVL66
 1414 058c B5070000 		.4byte	0x7b5
 1415 0590 A4050000 		.4byte	0x5a4
 1416 0594 0B       		.uleb128 0xb
 1417 0595 01       		.uleb128 0x1
 1418 0596 52       		.byte	0x52
 1419 0597 01       		.uleb128 0x1
 1420 0598 30       		.byte	0x30
 1421 0599 0B       		.uleb128 0xb
 1422 059a 01       		.uleb128 0x1
 1423 059b 51       		.byte	0x51
 1424 059c 01       		.uleb128 0x1
 1425 059d 30       		.byte	0x30
 1426 059e 0B       		.uleb128 0xb
ARM GAS  C:\Users\JEPPES~1\AppData\Local\Temp\ccUtdZh9.s 			page 30


 1427 059f 01       		.uleb128 0x1
 1428 05a0 50       		.byte	0x50
 1429 05a1 01       		.uleb128 0x1
 1430 05a2 30       		.byte	0x30
 1431 05a3 00       		.byte	0
 1432 05a4 0E       		.uleb128 0xe
 1433 05a5 A4000000 		.4byte	.LVL68
 1434 05a9 71040000 		.4byte	0x471
 1435 05ad 0A       		.uleb128 0xa
 1436 05ae AA000000 		.4byte	.LVL69
 1437 05b2 CF040000 		.4byte	0x4cf
 1438 05b6 0B       		.uleb128 0xb
 1439 05b7 01       		.uleb128 0x1
 1440 05b8 50       		.byte	0x50
 1441 05b9 02       		.uleb128 0x2
 1442 05ba 74       		.byte	0x74
 1443 05bb 00       		.sleb128 0
 1444 05bc 00       		.byte	0
 1445 05bd 00       		.byte	0
 1446 05be 09       		.uleb128 0x9
 1447 05bf 71020000 		.4byte	.LASF31
 1448 05c3 01       		.byte	0x1
 1449 05c4 A9       		.byte	0xa9
 1450 05c5 00000000 		.4byte	.LFB42
 1451 05c9 1C000000 		.4byte	.LFE42-.LFB42
 1452 05cd 01       		.uleb128 0x1
 1453 05ce 9C       		.byte	0x9c
 1454 05cf 1C060000 		.4byte	0x61c
 1455 05d3 0D       		.uleb128 0xd
 1456 05d4 08000000 		.4byte	.LVL70
 1457 05d8 60070000 		.4byte	0x760
 1458 05dc E6050000 		.4byte	0x5e6
 1459 05e0 0B       		.uleb128 0xb
 1460 05e1 01       		.uleb128 0x1
 1461 05e2 50       		.byte	0x50
 1462 05e3 01       		.uleb128 0x1
 1463 05e4 30       		.byte	0x30
 1464 05e5 00       		.byte	0
 1465 05e6 0D       		.uleb128 0xd
 1466 05e7 0E000000 		.4byte	.LVL71
 1467 05eb 71070000 		.4byte	0x771
 1468 05ef F9050000 		.4byte	0x5f9
 1469 05f3 0B       		.uleb128 0xb
 1470 05f4 01       		.uleb128 0x1
 1471 05f5 50       		.byte	0x50
 1472 05f6 01       		.uleb128 0x1
 1473 05f7 30       		.byte	0x30
 1474 05f8 00       		.byte	0
 1475 05f9 0D       		.uleb128 0xd
 1476 05fa 14000000 		.4byte	.LVL72
 1477 05fe 82070000 		.4byte	0x782
 1478 0602 0C060000 		.4byte	0x60c
 1479 0606 0B       		.uleb128 0xb
 1480 0607 01       		.uleb128 0x1
 1481 0608 50       		.byte	0x50
 1482 0609 01       		.uleb128 0x1
 1483 060a 30       		.byte	0x30
ARM GAS  C:\Users\JEPPES~1\AppData\Local\Temp\ccUtdZh9.s 			page 31


 1484 060b 00       		.byte	0
 1485 060c 0A       		.uleb128 0xa
 1486 060d 1A000000 		.4byte	.LVL73
 1487 0611 93070000 		.4byte	0x793
 1488 0615 0B       		.uleb128 0xb
 1489 0616 01       		.uleb128 0x1
 1490 0617 50       		.byte	0x50
 1491 0618 01       		.uleb128 0x1
 1492 0619 30       		.byte	0x30
 1493 061a 00       		.byte	0
 1494 061b 00       		.byte	0
 1495 061c 09       		.uleb128 0x9
 1496 061d 37000000 		.4byte	.LASF32
 1497 0621 01       		.byte	0x1
 1498 0622 20       		.byte	0x20
 1499 0623 00000000 		.4byte	.LFB35
 1500 0627 40000000 		.4byte	.LFE35-.LFB35
 1501 062b 01       		.uleb128 0x1
 1502 062c 9C       		.byte	0x9c
 1503 062d A6060000 		.4byte	0x6a6
 1504 0631 11       		.uleb128 0x11
 1505 0632 6900     		.ascii	"i\000"
 1506 0634 01       		.byte	0x1
 1507 0635 23       		.byte	0x23
 1508 0636 77000000 		.4byte	0x77
 1509 063a FE000000 		.4byte	.LLST4
 1510 063e 0E       		.uleb128 0xe
 1511 063f 06000000 		.4byte	.LVL74
 1512 0643 DB070000 		.4byte	0x7db
 1513 0647 0E       		.uleb128 0xe
 1514 0648 0A000000 		.4byte	.LVL75
 1515 064c BE050000 		.4byte	0x5be
 1516 0650 0D       		.uleb128 0xd
 1517 0651 14000000 		.4byte	.LVL76
 1518 0655 B5070000 		.4byte	0x7b5
 1519 0659 6D060000 		.4byte	0x66d
 1520 065d 0B       		.uleb128 0xb
 1521 065e 01       		.uleb128 0x1
 1522 065f 52       		.byte	0x52
 1523 0660 01       		.uleb128 0x1
 1524 0661 31       		.byte	0x31
 1525 0662 0B       		.uleb128 0xb
 1526 0663 01       		.uleb128 0x1
 1527 0664 51       		.byte	0x51
 1528 0665 01       		.uleb128 0x1
 1529 0666 30       		.byte	0x30
 1530 0667 0B       		.uleb128 0xb
 1531 0668 01       		.uleb128 0x1
 1532 0669 50       		.byte	0x50
 1533 066a 01       		.uleb128 0x1
 1534 066b 30       		.byte	0x30
 1535 066c 00       		.byte	0
 1536 066d 0E       		.uleb128 0xe
 1537 066e 1C000000 		.4byte	.LVL78
 1538 0672 55010000 		.4byte	0x155
 1539 0676 0D       		.uleb128 0xd
 1540 0677 32000000 		.4byte	.LVL80
ARM GAS  C:\Users\JEPPES~1\AppData\Local\Temp\ccUtdZh9.s 			page 32


 1541 067b B5070000 		.4byte	0x7b5
 1542 067f 93060000 		.4byte	0x693
 1543 0683 0B       		.uleb128 0xb
 1544 0684 01       		.uleb128 0x1
 1545 0685 52       		.byte	0x52
 1546 0686 01       		.uleb128 0x1
 1547 0687 30       		.byte	0x30
 1548 0688 0B       		.uleb128 0xb
 1549 0689 01       		.uleb128 0x1
 1550 068a 51       		.byte	0x51
 1551 068b 01       		.uleb128 0x1
 1552 068c 30       		.byte	0x30
 1553 068d 0B       		.uleb128 0xb
 1554 068e 01       		.uleb128 0x1
 1555 068f 50       		.byte	0x50
 1556 0690 01       		.uleb128 0x1
 1557 0691 30       		.byte	0x30
 1558 0692 00       		.byte	0
 1559 0693 0E       		.uleb128 0xe
 1560 0694 36000000 		.4byte	.LVL81
 1561 0698 E2070000 		.4byte	0x7e2
 1562 069c 0E       		.uleb128 0xe
 1563 069d 3A000000 		.4byte	.LVL82
 1564 06a1 E9070000 		.4byte	0x7e9
 1565 06a5 00       		.byte	0
 1566 06a6 13       		.uleb128 0x13
 1567 06a7 E5010000 		.4byte	.LASF33
 1568 06ab 03       		.byte	0x3
 1569 06ac 26       		.byte	0x26
 1570 06ad FC000000 		.4byte	0xfc
 1571 06b1 05       		.uleb128 0x5
 1572 06b2 03       		.byte	0x3
 1573 06b3 00000000 		.4byte	frontOfQueuePtr
 1574 06b7 13       		.uleb128 0x13
 1575 06b8 C8000000 		.4byte	.LASF34
 1576 06bc 03       		.byte	0x3
 1577 06bd 27       		.byte	0x27
 1578 06be FC000000 		.4byte	0xfc
 1579 06c2 05       		.uleb128 0x5
 1580 06c3 03       		.byte	0x3
 1581 06c4 00000000 		.4byte	backOfQueuePtr
 1582 06c8 14       		.uleb128 0x14
 1583 06c9 6B000000 		.4byte	0x6b
 1584 06cd D8060000 		.4byte	0x6d8
 1585 06d1 15       		.uleb128 0x15
 1586 06d2 AB000000 		.4byte	0xab
 1587 06d6 03       		.byte	0x3
 1588 06d7 00       		.byte	0
 1589 06d8 13       		.uleb128 0x13
 1590 06d9 BB010000 		.4byte	.LASF35
 1591 06dd 04       		.byte	0x4
 1592 06de 31       		.byte	0x31
 1593 06df C8060000 		.4byte	0x6c8
 1594 06e3 05       		.uleb128 0x5
 1595 06e4 03       		.byte	0x3
 1596 06e5 00000000 		.4byte	i2cTxBuffer
 1597 06e9 13       		.uleb128 0x13
ARM GAS  C:\Users\JEPPES~1\AppData\Local\Temp\ccUtdZh9.s 			page 33


 1598 06ea 86020000 		.4byte	.LASF36
 1599 06ee 04       		.byte	0x4
 1600 06ef 32       		.byte	0x32
 1601 06f0 C8060000 		.4byte	0x6c8
 1602 06f4 05       		.uleb128 0x5
 1603 06f5 03       		.byte	0x3
 1604 06f6 00000000 		.4byte	i2cRxBuffer
 1605 06fa 13       		.uleb128 0x13
 1606 06fb 9C000000 		.4byte	.LASF37
 1607 06ff 01       		.byte	0x1
 1608 0700 19       		.byte	0x19
 1609 0701 77000000 		.4byte	0x77
 1610 0705 05       		.uleb128 0x5
 1611 0706 03       		.byte	0x3
 1612 0707 00000000 		.4byte	zPos
 1613 070b 13       		.uleb128 0x13
 1614 070c 10000000 		.4byte	.LASF38
 1615 0710 01       		.byte	0x1
 1616 0711 18       		.byte	0x18
 1617 0712 77000000 		.4byte	0x77
 1618 0716 05       		.uleb128 0x5
 1619 0717 03       		.byte	0x3
 1620 0718 00000000 		.4byte	zMax
 1621 071c 13       		.uleb128 0x13
 1622 071d D7000000 		.4byte	.LASF39
 1623 0721 01       		.byte	0x1
 1624 0722 16       		.byte	0x16
 1625 0723 6B000000 		.4byte	0x6b
 1626 0727 05       		.uleb128 0x5
 1627 0728 03       		.byte	0x3
 1628 0729 00000000 		.4byte	isrStopZ
 1629 072d 13       		.uleb128 0x13
 1630 072e 51020000 		.4byte	.LASF40
 1631 0732 01       		.byte	0x1
 1632 0733 15       		.byte	0x15
 1633 0734 6B000000 		.4byte	0x6b
 1634 0738 05       		.uleb128 0x5
 1635 0739 03       		.byte	0x3
 1636 073a 00000000 		.4byte	calibratedZ
 1637 073e 13       		.uleb128 0x13
 1638 073f AB020000 		.4byte	.LASF41
 1639 0743 01       		.byte	0x1
 1640 0744 17       		.byte	0x17
 1641 0745 6B000000 		.4byte	0x6b
 1642 0749 05       		.uleb128 0x5
 1643 074a 03       		.byte	0x3
 1644 074b 00000000 		.4byte	zFlag
 1645 074f 16       		.uleb128 0x16
 1646 0750 E3020000 		.4byte	.LASF42
 1647 0754 05       		.byte	0x5
 1648 0755 18       		.byte	0x18
 1649 0756 60070000 		.4byte	0x760
 1650 075a 17       		.uleb128 0x17
 1651 075b 98000000 		.4byte	0x98
 1652 075f 00       		.byte	0
 1653 0760 16       		.uleb128 0x16
 1654 0761 3D000000 		.4byte	.LASF43
ARM GAS  C:\Users\JEPPES~1\AppData\Local\Temp\ccUtdZh9.s 			page 34


 1655 0765 06       		.byte	0x6
 1656 0766 33       		.byte	0x33
 1657 0767 71070000 		.4byte	0x771
 1658 076b 17       		.uleb128 0x17
 1659 076c 6B000000 		.4byte	0x6b
 1660 0770 00       		.byte	0
 1661 0771 16       		.uleb128 0x16
 1662 0772 15020000 		.4byte	.LASF44
 1663 0776 07       		.byte	0x7
 1664 0777 33       		.byte	0x33
 1665 0778 82070000 		.4byte	0x782
 1666 077c 17       		.uleb128 0x17
 1667 077d 6B000000 		.4byte	0x6b
 1668 0781 00       		.byte	0
 1669 0782 16       		.uleb128 0x16
 1670 0783 9D010000 		.4byte	.LASF45
 1671 0787 08       		.byte	0x8
 1672 0788 33       		.byte	0x33
 1673 0789 93070000 		.4byte	0x793
 1674 078d 17       		.uleb128 0x17
 1675 078e 6B000000 		.4byte	0x6b
 1676 0792 00       		.byte	0
 1677 0793 16       		.uleb128 0x16
 1678 0794 8D000000 		.4byte	.LASF46
 1679 0798 09       		.byte	0x9
 1680 0799 33       		.byte	0x33
 1681 079a A4070000 		.4byte	0x7a4
 1682 079e 17       		.uleb128 0x17
 1683 079f 6B000000 		.4byte	0x6b
 1684 07a3 00       		.byte	0
 1685 07a4 16       		.uleb128 0x16
 1686 07a5 F7020000 		.4byte	.LASF47
 1687 07a9 0A       		.byte	0xa
 1688 07aa 5A       		.byte	0x5a
 1689 07ab B5070000 		.4byte	0x7b5
 1690 07af 17       		.uleb128 0x17
 1691 07b0 77000000 		.4byte	0x77
 1692 07b4 00       		.byte	0
 1693 07b5 16       		.uleb128 0x16
 1694 07b6 30000000 		.4byte	.LASF48
 1695 07ba 0B       		.byte	0xb
 1696 07bb 1C       		.byte	0x1c
 1697 07bc D0070000 		.4byte	0x7d0
 1698 07c0 17       		.uleb128 0x17
 1699 07c1 6B000000 		.4byte	0x6b
 1700 07c5 17       		.uleb128 0x17
 1701 07c6 6B000000 		.4byte	0x6b
 1702 07ca 17       		.uleb128 0x17
 1703 07cb 6B000000 		.4byte	0x6b
 1704 07cf 00       		.byte	0
 1705 07d0 18       		.uleb128 0x18
 1706 07d1 A1000000 		.4byte	.LASF56
 1707 07d5 05       		.byte	0x5
 1708 07d6 24       		.byte	0x24
 1709 07d7 6B000000 		.4byte	0x6b
 1710 07db 19       		.uleb128 0x19
 1711 07dc 15000000 		.4byte	.LASF49
ARM GAS  C:\Users\JEPPES~1\AppData\Local\Temp\ccUtdZh9.s 			page 35


 1712 07e0 05       		.byte	0x5
 1713 07e1 25       		.byte	0x25
 1714 07e2 19       		.uleb128 0x19
 1715 07e3 92020000 		.4byte	.LASF50
 1716 07e7 05       		.byte	0x5
 1717 07e8 28       		.byte	0x28
 1718 07e9 19       		.uleb128 0x19
 1719 07ea 02020000 		.4byte	.LASF51
 1720 07ee 05       		.byte	0x5
 1721 07ef 23       		.byte	0x23
 1722 07f0 00       		.byte	0
 1723              		.section	.debug_abbrev,"",%progbits
 1724              	.Ldebug_abbrev0:
 1725 0000 01       		.uleb128 0x1
 1726 0001 11       		.uleb128 0x11
 1727 0002 01       		.byte	0x1
 1728 0003 25       		.uleb128 0x25
 1729 0004 0E       		.uleb128 0xe
 1730 0005 13       		.uleb128 0x13
 1731 0006 0B       		.uleb128 0xb
 1732 0007 03       		.uleb128 0x3
 1733 0008 0E       		.uleb128 0xe
 1734 0009 1B       		.uleb128 0x1b
 1735 000a 0E       		.uleb128 0xe
 1736 000b 55       		.uleb128 0x55
 1737 000c 17       		.uleb128 0x17
 1738 000d 11       		.uleb128 0x11
 1739 000e 01       		.uleb128 0x1
 1740 000f 10       		.uleb128 0x10
 1741 0010 17       		.uleb128 0x17
 1742 0011 00       		.byte	0
 1743 0012 00       		.byte	0
 1744 0013 02       		.uleb128 0x2
 1745 0014 24       		.uleb128 0x24
 1746 0015 00       		.byte	0
 1747 0016 0B       		.uleb128 0xb
 1748 0017 0B       		.uleb128 0xb
 1749 0018 3E       		.uleb128 0x3e
 1750 0019 0B       		.uleb128 0xb
 1751 001a 03       		.uleb128 0x3
 1752 001b 0E       		.uleb128 0xe
 1753 001c 00       		.byte	0
 1754 001d 00       		.byte	0
 1755 001e 03       		.uleb128 0x3
 1756 001f 24       		.uleb128 0x24
 1757 0020 00       		.byte	0
 1758 0021 0B       		.uleb128 0xb
 1759 0022 0B       		.uleb128 0xb
 1760 0023 3E       		.uleb128 0x3e
 1761 0024 0B       		.uleb128 0xb
 1762 0025 03       		.uleb128 0x3
 1763 0026 08       		.uleb128 0x8
 1764 0027 00       		.byte	0
 1765 0028 00       		.byte	0
 1766 0029 04       		.uleb128 0x4
 1767 002a 16       		.uleb128 0x16
 1768 002b 00       		.byte	0
ARM GAS  C:\Users\JEPPES~1\AppData\Local\Temp\ccUtdZh9.s 			page 36


 1769 002c 03       		.uleb128 0x3
 1770 002d 0E       		.uleb128 0xe
 1771 002e 3A       		.uleb128 0x3a
 1772 002f 0B       		.uleb128 0xb
 1773 0030 3B       		.uleb128 0x3b
 1774 0031 05       		.uleb128 0x5
 1775 0032 49       		.uleb128 0x49
 1776 0033 13       		.uleb128 0x13
 1777 0034 00       		.byte	0
 1778 0035 00       		.byte	0
 1779 0036 05       		.uleb128 0x5
 1780 0037 0F       		.uleb128 0xf
 1781 0038 00       		.byte	0
 1782 0039 0B       		.uleb128 0xb
 1783 003a 0B       		.uleb128 0xb
 1784 003b 49       		.uleb128 0x49
 1785 003c 13       		.uleb128 0x13
 1786 003d 00       		.byte	0
 1787 003e 00       		.byte	0
 1788 003f 06       		.uleb128 0x6
 1789 0040 15       		.uleb128 0x15
 1790 0041 00       		.byte	0
 1791 0042 27       		.uleb128 0x27
 1792 0043 19       		.uleb128 0x19
 1793 0044 00       		.byte	0
 1794 0045 00       		.byte	0
 1795 0046 07       		.uleb128 0x7
 1796 0047 13       		.uleb128 0x13
 1797 0048 01       		.byte	0x1
 1798 0049 03       		.uleb128 0x3
 1799 004a 0E       		.uleb128 0xe
 1800 004b 0B       		.uleb128 0xb
 1801 004c 0B       		.uleb128 0xb
 1802 004d 3A       		.uleb128 0x3a
 1803 004e 0B       		.uleb128 0xb
 1804 004f 3B       		.uleb128 0x3b
 1805 0050 0B       		.uleb128 0xb
 1806 0051 01       		.uleb128 0x1
 1807 0052 13       		.uleb128 0x13
 1808 0053 00       		.byte	0
 1809 0054 00       		.byte	0
 1810 0055 08       		.uleb128 0x8
 1811 0056 0D       		.uleb128 0xd
 1812 0057 00       		.byte	0
 1813 0058 03       		.uleb128 0x3
 1814 0059 0E       		.uleb128 0xe
 1815 005a 3A       		.uleb128 0x3a
 1816 005b 0B       		.uleb128 0xb
 1817 005c 3B       		.uleb128 0x3b
 1818 005d 0B       		.uleb128 0xb
 1819 005e 49       		.uleb128 0x49
 1820 005f 13       		.uleb128 0x13
 1821 0060 38       		.uleb128 0x38
 1822 0061 0B       		.uleb128 0xb
 1823 0062 00       		.byte	0
 1824 0063 00       		.byte	0
 1825 0064 09       		.uleb128 0x9
ARM GAS  C:\Users\JEPPES~1\AppData\Local\Temp\ccUtdZh9.s 			page 37


 1826 0065 2E       		.uleb128 0x2e
 1827 0066 01       		.byte	0x1
 1828 0067 3F       		.uleb128 0x3f
 1829 0068 19       		.uleb128 0x19
 1830 0069 03       		.uleb128 0x3
 1831 006a 0E       		.uleb128 0xe
 1832 006b 3A       		.uleb128 0x3a
 1833 006c 0B       		.uleb128 0xb
 1834 006d 3B       		.uleb128 0x3b
 1835 006e 0B       		.uleb128 0xb
 1836 006f 27       		.uleb128 0x27
 1837 0070 19       		.uleb128 0x19
 1838 0071 11       		.uleb128 0x11
 1839 0072 01       		.uleb128 0x1
 1840 0073 12       		.uleb128 0x12
 1841 0074 06       		.uleb128 0x6
 1842 0075 40       		.uleb128 0x40
 1843 0076 18       		.uleb128 0x18
 1844 0077 9742     		.uleb128 0x2117
 1845 0079 19       		.uleb128 0x19
 1846 007a 01       		.uleb128 0x1
 1847 007b 13       		.uleb128 0x13
 1848 007c 00       		.byte	0
 1849 007d 00       		.byte	0
 1850 007e 0A       		.uleb128 0xa
 1851 007f 898201   		.uleb128 0x4109
 1852 0082 01       		.byte	0x1
 1853 0083 11       		.uleb128 0x11
 1854 0084 01       		.uleb128 0x1
 1855 0085 31       		.uleb128 0x31
 1856 0086 13       		.uleb128 0x13
 1857 0087 00       		.byte	0
 1858 0088 00       		.byte	0
 1859 0089 0B       		.uleb128 0xb
 1860 008a 8A8201   		.uleb128 0x410a
 1861 008d 00       		.byte	0
 1862 008e 02       		.uleb128 0x2
 1863 008f 18       		.uleb128 0x18
 1864 0090 9142     		.uleb128 0x2111
 1865 0092 18       		.uleb128 0x18
 1866 0093 00       		.byte	0
 1867 0094 00       		.byte	0
 1868 0095 0C       		.uleb128 0xc
 1869 0096 2E       		.uleb128 0x2e
 1870 0097 00       		.byte	0
 1871 0098 3F       		.uleb128 0x3f
 1872 0099 19       		.uleb128 0x19
 1873 009a 03       		.uleb128 0x3
 1874 009b 0E       		.uleb128 0xe
 1875 009c 3A       		.uleb128 0x3a
 1876 009d 0B       		.uleb128 0xb
 1877 009e 3B       		.uleb128 0x3b
 1878 009f 0B       		.uleb128 0xb
 1879 00a0 27       		.uleb128 0x27
 1880 00a1 19       		.uleb128 0x19
 1881 00a2 49       		.uleb128 0x49
 1882 00a3 13       		.uleb128 0x13
ARM GAS  C:\Users\JEPPES~1\AppData\Local\Temp\ccUtdZh9.s 			page 38


 1883 00a4 11       		.uleb128 0x11
 1884 00a5 01       		.uleb128 0x1
 1885 00a6 12       		.uleb128 0x12
 1886 00a7 06       		.uleb128 0x6
 1887 00a8 40       		.uleb128 0x40
 1888 00a9 18       		.uleb128 0x18
 1889 00aa 9742     		.uleb128 0x2117
 1890 00ac 19       		.uleb128 0x19
 1891 00ad 00       		.byte	0
 1892 00ae 00       		.byte	0
 1893 00af 0D       		.uleb128 0xd
 1894 00b0 898201   		.uleb128 0x4109
 1895 00b3 01       		.byte	0x1
 1896 00b4 11       		.uleb128 0x11
 1897 00b5 01       		.uleb128 0x1
 1898 00b6 31       		.uleb128 0x31
 1899 00b7 13       		.uleb128 0x13
 1900 00b8 01       		.uleb128 0x1
 1901 00b9 13       		.uleb128 0x13
 1902 00ba 00       		.byte	0
 1903 00bb 00       		.byte	0
 1904 00bc 0E       		.uleb128 0xe
 1905 00bd 898201   		.uleb128 0x4109
 1906 00c0 00       		.byte	0
 1907 00c1 11       		.uleb128 0x11
 1908 00c2 01       		.uleb128 0x1
 1909 00c3 31       		.uleb128 0x31
 1910 00c4 13       		.uleb128 0x13
 1911 00c5 00       		.byte	0
 1912 00c6 00       		.byte	0
 1913 00c7 0F       		.uleb128 0xf
 1914 00c8 2E       		.uleb128 0x2e
 1915 00c9 01       		.byte	0x1
 1916 00ca 3F       		.uleb128 0x3f
 1917 00cb 19       		.uleb128 0x19
 1918 00cc 03       		.uleb128 0x3
 1919 00cd 0E       		.uleb128 0xe
 1920 00ce 3A       		.uleb128 0x3a
 1921 00cf 0B       		.uleb128 0xb
 1922 00d0 3B       		.uleb128 0x3b
 1923 00d1 0B       		.uleb128 0xb
 1924 00d2 27       		.uleb128 0x27
 1925 00d3 19       		.uleb128 0x19
 1926 00d4 11       		.uleb128 0x11
 1927 00d5 01       		.uleb128 0x1
 1928 00d6 12       		.uleb128 0x12
 1929 00d7 06       		.uleb128 0x6
 1930 00d8 40       		.uleb128 0x40
 1931 00d9 18       		.uleb128 0x18
 1932 00da 9642     		.uleb128 0x2116
 1933 00dc 19       		.uleb128 0x19
 1934 00dd 01       		.uleb128 0x1
 1935 00de 13       		.uleb128 0x13
 1936 00df 00       		.byte	0
 1937 00e0 00       		.byte	0
 1938 00e1 10       		.uleb128 0x10
 1939 00e2 05       		.uleb128 0x5
ARM GAS  C:\Users\JEPPES~1\AppData\Local\Temp\ccUtdZh9.s 			page 39


 1940 00e3 00       		.byte	0
 1941 00e4 03       		.uleb128 0x3
 1942 00e5 0E       		.uleb128 0xe
 1943 00e6 3A       		.uleb128 0x3a
 1944 00e7 0B       		.uleb128 0xb
 1945 00e8 3B       		.uleb128 0x3b
 1946 00e9 0B       		.uleb128 0xb
 1947 00ea 49       		.uleb128 0x49
 1948 00eb 13       		.uleb128 0x13
 1949 00ec 02       		.uleb128 0x2
 1950 00ed 17       		.uleb128 0x17
 1951 00ee 00       		.byte	0
 1952 00ef 00       		.byte	0
 1953 00f0 11       		.uleb128 0x11
 1954 00f1 34       		.uleb128 0x34
 1955 00f2 00       		.byte	0
 1956 00f3 03       		.uleb128 0x3
 1957 00f4 08       		.uleb128 0x8
 1958 00f5 3A       		.uleb128 0x3a
 1959 00f6 0B       		.uleb128 0xb
 1960 00f7 3B       		.uleb128 0x3b
 1961 00f8 0B       		.uleb128 0xb
 1962 00f9 49       		.uleb128 0x49
 1963 00fa 13       		.uleb128 0x13
 1964 00fb 02       		.uleb128 0x2
 1965 00fc 17       		.uleb128 0x17
 1966 00fd 00       		.byte	0
 1967 00fe 00       		.byte	0
 1968 00ff 12       		.uleb128 0x12
 1969 0100 34       		.uleb128 0x34
 1970 0101 00       		.byte	0
 1971 0102 03       		.uleb128 0x3
 1972 0103 0E       		.uleb128 0xe
 1973 0104 3A       		.uleb128 0x3a
 1974 0105 0B       		.uleb128 0xb
 1975 0106 3B       		.uleb128 0x3b
 1976 0107 0B       		.uleb128 0xb
 1977 0108 49       		.uleb128 0x49
 1978 0109 13       		.uleb128 0x13
 1979 010a 02       		.uleb128 0x2
 1980 010b 17       		.uleb128 0x17
 1981 010c 00       		.byte	0
 1982 010d 00       		.byte	0
 1983 010e 13       		.uleb128 0x13
 1984 010f 34       		.uleb128 0x34
 1985 0110 00       		.byte	0
 1986 0111 03       		.uleb128 0x3
 1987 0112 0E       		.uleb128 0xe
 1988 0113 3A       		.uleb128 0x3a
 1989 0114 0B       		.uleb128 0xb
 1990 0115 3B       		.uleb128 0x3b
 1991 0116 0B       		.uleb128 0xb
 1992 0117 49       		.uleb128 0x49
 1993 0118 13       		.uleb128 0x13
 1994 0119 3F       		.uleb128 0x3f
 1995 011a 19       		.uleb128 0x19
 1996 011b 02       		.uleb128 0x2
ARM GAS  C:\Users\JEPPES~1\AppData\Local\Temp\ccUtdZh9.s 			page 40


 1997 011c 18       		.uleb128 0x18
 1998 011d 00       		.byte	0
 1999 011e 00       		.byte	0
 2000 011f 14       		.uleb128 0x14
 2001 0120 01       		.uleb128 0x1
 2002 0121 01       		.byte	0x1
 2003 0122 49       		.uleb128 0x49
 2004 0123 13       		.uleb128 0x13
 2005 0124 01       		.uleb128 0x1
 2006 0125 13       		.uleb128 0x13
 2007 0126 00       		.byte	0
 2008 0127 00       		.byte	0
 2009 0128 15       		.uleb128 0x15
 2010 0129 21       		.uleb128 0x21
 2011 012a 00       		.byte	0
 2012 012b 49       		.uleb128 0x49
 2013 012c 13       		.uleb128 0x13
 2014 012d 2F       		.uleb128 0x2f
 2015 012e 0B       		.uleb128 0xb
 2016 012f 00       		.byte	0
 2017 0130 00       		.byte	0
 2018 0131 16       		.uleb128 0x16
 2019 0132 2E       		.uleb128 0x2e
 2020 0133 01       		.byte	0x1
 2021 0134 3F       		.uleb128 0x3f
 2022 0135 19       		.uleb128 0x19
 2023 0136 03       		.uleb128 0x3
 2024 0137 0E       		.uleb128 0xe
 2025 0138 3A       		.uleb128 0x3a
 2026 0139 0B       		.uleb128 0xb
 2027 013a 3B       		.uleb128 0x3b
 2028 013b 0B       		.uleb128 0xb
 2029 013c 27       		.uleb128 0x27
 2030 013d 19       		.uleb128 0x19
 2031 013e 3C       		.uleb128 0x3c
 2032 013f 19       		.uleb128 0x19
 2033 0140 01       		.uleb128 0x1
 2034 0141 13       		.uleb128 0x13
 2035 0142 00       		.byte	0
 2036 0143 00       		.byte	0
 2037 0144 17       		.uleb128 0x17
 2038 0145 05       		.uleb128 0x5
 2039 0146 00       		.byte	0
 2040 0147 49       		.uleb128 0x49
 2041 0148 13       		.uleb128 0x13
 2042 0149 00       		.byte	0
 2043 014a 00       		.byte	0
 2044 014b 18       		.uleb128 0x18
 2045 014c 2E       		.uleb128 0x2e
 2046 014d 00       		.byte	0
 2047 014e 3F       		.uleb128 0x3f
 2048 014f 19       		.uleb128 0x19
 2049 0150 03       		.uleb128 0x3
 2050 0151 0E       		.uleb128 0xe
 2051 0152 3A       		.uleb128 0x3a
 2052 0153 0B       		.uleb128 0xb
 2053 0154 3B       		.uleb128 0x3b
ARM GAS  C:\Users\JEPPES~1\AppData\Local\Temp\ccUtdZh9.s 			page 41


 2054 0155 0B       		.uleb128 0xb
 2055 0156 27       		.uleb128 0x27
 2056 0157 19       		.uleb128 0x19
 2057 0158 49       		.uleb128 0x49
 2058 0159 13       		.uleb128 0x13
 2059 015a 3C       		.uleb128 0x3c
 2060 015b 19       		.uleb128 0x19
 2061 015c 00       		.byte	0
 2062 015d 00       		.byte	0
 2063 015e 19       		.uleb128 0x19
 2064 015f 2E       		.uleb128 0x2e
 2065 0160 00       		.byte	0
 2066 0161 3F       		.uleb128 0x3f
 2067 0162 19       		.uleb128 0x19
 2068 0163 03       		.uleb128 0x3
 2069 0164 0E       		.uleb128 0xe
 2070 0165 3A       		.uleb128 0x3a
 2071 0166 0B       		.uleb128 0xb
 2072 0167 3B       		.uleb128 0x3b
 2073 0168 0B       		.uleb128 0xb
 2074 0169 27       		.uleb128 0x27
 2075 016a 19       		.uleb128 0x19
 2076 016b 3C       		.uleb128 0x3c
 2077 016c 19       		.uleb128 0x19
 2078 016d 00       		.byte	0
 2079 016e 00       		.byte	0
 2080 016f 00       		.byte	0
 2081              		.section	.debug_loc,"",%progbits
 2082              	.Ldebug_loc0:
 2083              	.LLST0:
 2084 0000 00000000 		.4byte	.LVL45
 2085 0004 16000000 		.4byte	.LVL47
 2086 0008 0100     		.2byte	0x1
 2087 000a 50       		.byte	0x50
 2088 000b 16000000 		.4byte	.LVL47
 2089 000f A0000000 		.4byte	.LVL67
 2090 0013 0400     		.2byte	0x4
 2091 0015 F3       		.byte	0xf3
 2092 0016 01       		.uleb128 0x1
 2093 0017 50       		.byte	0x50
 2094 0018 9F       		.byte	0x9f
 2095 0019 A0000000 		.4byte	.LVL67
 2096 001d A3000000 		.4byte	.LVL68-1
 2097 0021 0100     		.2byte	0x1
 2098 0023 50       		.byte	0x50
 2099 0024 A3000000 		.4byte	.LVL68-1
 2100 0028 B8000000 		.4byte	.LFE37
 2101 002c 0400     		.2byte	0x4
 2102 002e F3       		.byte	0xf3
 2103 002f 01       		.uleb128 0x1
 2104 0030 50       		.byte	0x50
 2105 0031 9F       		.byte	0x9f
 2106 0032 00000000 		.4byte	0
 2107 0036 00000000 		.4byte	0
 2108              	.LLST1:
 2109 003a 38000000 		.4byte	.LVL52
 2110 003e 3C000000 		.4byte	.LVL54
ARM GAS  C:\Users\JEPPES~1\AppData\Local\Temp\ccUtdZh9.s 			page 42


 2111 0042 0200     		.2byte	0x2
 2112 0044 30       		.byte	0x30
 2113 0045 9F       		.byte	0x9f
 2114 0046 3C000000 		.4byte	.LVL54
 2115 004a 62000000 		.4byte	.LVL58
 2116 004e 0100     		.2byte	0x1
 2117 0050 54       		.byte	0x54
 2118 0051 76000000 		.4byte	.LVL61
 2119 0055 7A000000 		.4byte	.LVL63
 2120 0059 0200     		.2byte	0x2
 2121 005b 30       		.byte	0x30
 2122 005c 9F       		.byte	0x9f
 2123 005d 7A000000 		.4byte	.LVL63
 2124 0061 A0000000 		.4byte	.LVL67
 2125 0065 0100     		.2byte	0x1
 2126 0067 54       		.byte	0x54
 2127 0068 00000000 		.4byte	0
 2128 006c 00000000 		.4byte	0
 2129              	.LLST2:
 2130 0070 04000000 		.4byte	.LVL46
 2131 0074 20000000 		.4byte	.LVL49
 2132 0078 0200     		.2byte	0x2
 2133 007a 30       		.byte	0x30
 2134 007b 9F       		.byte	0x9f
 2135 007c 20000000 		.4byte	.LVL49
 2136 0080 2A000000 		.4byte	.LVL50
 2137 0084 0100     		.2byte	0x1
 2138 0086 50       		.byte	0x50
 2139 0087 2A000000 		.4byte	.LVL50
 2140 008b 3A000000 		.4byte	.LVL53
 2141 008f 0100     		.2byte	0x1
 2142 0091 54       		.byte	0x54
 2143 0092 62000000 		.4byte	.LVL58
 2144 0096 68000000 		.4byte	.LVL59
 2145 009a 0100     		.2byte	0x1
 2146 009c 50       		.byte	0x50
 2147 009d 68000000 		.4byte	.LVL59
 2148 00a1 78000000 		.4byte	.LVL62
 2149 00a5 0100     		.2byte	0x1
 2150 00a7 54       		.byte	0x54
 2151 00a8 A0000000 		.4byte	.LVL67
 2152 00ac AA000000 		.4byte	.LVL69
 2153 00b0 0200     		.2byte	0x2
 2154 00b2 30       		.byte	0x30
 2155 00b3 9F       		.byte	0x9f
 2156 00b4 00000000 		.4byte	0
 2157 00b8 00000000 		.4byte	0
 2158              	.LLST3:
 2159 00bc 04000000 		.4byte	.LVL46
 2160 00c0 38000000 		.4byte	.LVL52
 2161 00c4 0200     		.2byte	0x2
 2162 00c6 30       		.byte	0x30
 2163 00c7 9F       		.byte	0x9f
 2164 00c8 38000000 		.4byte	.LVL52
 2165 00cc 62000000 		.4byte	.LVL58
 2166 00d0 0100     		.2byte	0x1
 2167 00d2 55       		.byte	0x55
ARM GAS  C:\Users\JEPPES~1\AppData\Local\Temp\ccUtdZh9.s 			page 43


 2168 00d3 62000000 		.4byte	.LVL58
 2169 00d7 76000000 		.4byte	.LVL61
 2170 00db 0200     		.2byte	0x2
 2171 00dd 30       		.byte	0x30
 2172 00de 9F       		.byte	0x9f
 2173 00df 76000000 		.4byte	.LVL61
 2174 00e3 A0000000 		.4byte	.LVL67
 2175 00e7 0100     		.2byte	0x1
 2176 00e9 55       		.byte	0x55
 2177 00ea A0000000 		.4byte	.LVL67
 2178 00ee AA000000 		.4byte	.LVL69
 2179 00f2 0200     		.2byte	0x2
 2180 00f4 30       		.byte	0x30
 2181 00f5 9F       		.byte	0x9f
 2182 00f6 00000000 		.4byte	0
 2183 00fa 00000000 		.4byte	0
 2184              	.LLST4:
 2185 00fe 14000000 		.4byte	.LVL76
 2186 0102 18000000 		.4byte	.LVL77
 2187 0106 0200     		.2byte	0x2
 2188 0108 30       		.byte	0x30
 2189 0109 9F       		.byte	0x9f
 2190 010a 18000000 		.4byte	.LVL77
 2191 010e 3A000000 		.4byte	.LVL83
 2192 0112 0100     		.2byte	0x1
 2193 0114 54       		.byte	0x54
 2194 0115 00000000 		.4byte	0
 2195 0119 00000000 		.4byte	0
 2196              		.section	.debug_aranges,"",%progbits
 2197 0000 5C000000 		.4byte	0x5c
 2198 0004 0200     		.2byte	0x2
 2199 0006 00000000 		.4byte	.Ldebug_info0
 2200 000a 04       		.byte	0x4
 2201 000b 00       		.byte	0
 2202 000c 0000     		.2byte	0
 2203 000e 0000     		.2byte	0
 2204 0010 00000000 		.4byte	.LFB34
 2205 0014 10000000 		.4byte	.LFE34-.LFB34
 2206 0018 00000000 		.4byte	.LFB38
 2207 001c 0C000000 		.4byte	.LFE38-.LFB38
 2208 0020 00000000 		.4byte	.LFB39
 2209 0024 0C000000 		.4byte	.LFE39-.LFB39
 2210 0028 00000000 		.4byte	.LFB40
 2211 002c 7C000000 		.4byte	.LFE40-.LFB40
 2212 0030 00000000 		.4byte	.LFB41
 2213 0034 7C000000 		.4byte	.LFE41-.LFB41
 2214 0038 00000000 		.4byte	.LFB36
 2215 003c 50000000 		.4byte	.LFE36-.LFB36
 2216 0040 00000000 		.4byte	.LFB37
 2217 0044 B8000000 		.4byte	.LFE37-.LFB37
 2218 0048 00000000 		.4byte	.LFB42
 2219 004c 1C000000 		.4byte	.LFE42-.LFB42
 2220 0050 00000000 		.4byte	.LFB35
 2221 0054 40000000 		.4byte	.LFE35-.LFB35
 2222 0058 00000000 		.4byte	0
 2223 005c 00000000 		.4byte	0
 2224              		.section	.debug_ranges,"",%progbits
ARM GAS  C:\Users\JEPPES~1\AppData\Local\Temp\ccUtdZh9.s 			page 44


 2225              	.Ldebug_ranges0:
 2226 0000 00000000 		.4byte	.LFB34
 2227 0004 10000000 		.4byte	.LFE34
 2228 0008 00000000 		.4byte	.LFB38
 2229 000c 0C000000 		.4byte	.LFE38
 2230 0010 00000000 		.4byte	.LFB39
 2231 0014 0C000000 		.4byte	.LFE39
 2232 0018 00000000 		.4byte	.LFB40
 2233 001c 7C000000 		.4byte	.LFE40
 2234 0020 00000000 		.4byte	.LFB41
 2235 0024 7C000000 		.4byte	.LFE41
 2236 0028 00000000 		.4byte	.LFB36
 2237 002c 50000000 		.4byte	.LFE36
 2238 0030 00000000 		.4byte	.LFB37
 2239 0034 B8000000 		.4byte	.LFE37
 2240 0038 00000000 		.4byte	.LFB42
 2241 003c 1C000000 		.4byte	.LFE42
 2242 0040 00000000 		.4byte	.LFB35
 2243 0044 40000000 		.4byte	.LFE35
 2244 0048 00000000 		.4byte	0
 2245 004c 00000000 		.4byte	0
 2246              		.section	.debug_line,"",%progbits
 2247              	.Ldebug_line0:
 2248 0000 EF010000 		.section	.debug_str,"MS",%progbits,1
 2248      0200B700 
 2248      00000201 
 2248      FB0E0D00 
 2248      01010101 
 2249              	.LASF20:
 2250 0000 64617461 		.ascii	"data_\000"
 2250      5F00
 2251              	.LASF19:
 2252 0006 4E6F6465 		.ascii	"Node\000"
 2252      00
 2253              	.LASF18:
 2254 000b 44617461 		.ascii	"Data\000"
 2254      00
 2255              	.LASF38:
 2256 0010 7A4D6178 		.ascii	"zMax\000"
 2256      00
 2257              	.LASF49:
 2258 0015 696E7465 		.ascii	"interrupt_Z_Disable\000"
 2258      72727570 
 2258      745F5A5F 
 2258      44697361 
 2258      626C6500 
 2259              	.LASF30:
 2260 0029 7A537465 		.ascii	"zSteps\000"
 2260      707300
 2261              	.LASF48:
 2262 0030 7365744C 		.ascii	"setLed\000"
 2262      656400
 2263              	.LASF32:
 2264 0037 6973725F 		.ascii	"isr_Z\000"
 2264      5A00
 2265              	.LASF43:
 2266 003d 50696E5F 		.ascii	"Pin_1a_Z_Write\000"
ARM GAS  C:\Users\JEPPES~1\AppData\Local\Temp\ccUtdZh9.s 			page 45


 2266      31615F5A 
 2266      5F577269 
 2266      746500
 2267              	.LASF11:
 2268 004c 666C6F61 		.ascii	"float\000"
 2268      7400
 2269              	.LASF1:
 2270 0052 756E7369 		.ascii	"unsigned char\000"
 2270      676E6564 
 2270      20636861 
 2270      7200
 2271              	.LASF5:
 2272 0060 6C6F6E67 		.ascii	"long unsigned int\000"
 2272      20756E73 
 2272      69676E65 
 2272      6420696E 
 2272      7400
 2273              	.LASF3:
 2274 0072 73686F72 		.ascii	"short unsigned int\000"
 2274      7420756E 
 2274      7369676E 
 2274      65642069 
 2274      6E7400
 2275              	.LASF23:
 2276 0085 6765745A 		.ascii	"getZMax\000"
 2276      4D617800 
 2277              	.LASF46:
 2278 008d 50696E5F 		.ascii	"Pin_2b_Z_Write\000"
 2278      32625F5A 
 2278      5F577269 
 2278      746500
 2279              	.LASF37:
 2280 009c 7A506F73 		.ascii	"zPos\000"
 2280      00
 2281              	.LASF56:
 2282 00a1 696E7465 		.ascii	"interrupt_Z_GetState\000"
 2282      72727570 
 2282      745F5A5F 
 2282      47657453 
 2282      74617465 
 2283              	.LASF12:
 2284 00b6 646F7562 		.ascii	"double\000"
 2284      6C6500
 2285              	.LASF27:
 2286 00bd 63616C69 		.ascii	"calibrateZ\000"
 2286      62726174 
 2286      655A00
 2287              	.LASF34:
 2288 00c8 6261636B 		.ascii	"backOfQueuePtr\000"
 2288      4F665175 
 2288      65756550 
 2288      747200
 2289              	.LASF39:
 2290 00d7 69737253 		.ascii	"isrStopZ\000"
 2290      746F705A 
 2290      00
 2291              	.LASF29:
ARM GAS  C:\Users\JEPPES~1\AppData\Local\Temp\ccUtdZh9.s 			page 46


 2292 00e0 7A446573 		.ascii	"zDes\000"
 2292      00
 2293              	.LASF25:
 2294 00e5 73746570 		.ascii	"stepZForwards\000"
 2294      5A466F72 
 2294      77617264 
 2294      7300
 2295              	.LASF10:
 2296 00f3 75696E74 		.ascii	"uint32\000"
 2296      333200
 2297              	.LASF22:
 2298 00fa 6765745A 		.ascii	"getZPos\000"
 2298      506F7300 
 2299              	.LASF52:
 2300 0102 474E5520 		.ascii	"GNU C 4.9.3 20150303 (release) [ARM/embedded-4_9-br"
 2300      4320342E 
 2300      392E3320 
 2300      32303135 
 2300      30333033 
 2301 0135 616E6368 		.ascii	"anch revision 221220] -mcpu=cortex-m0 -mthumb -g -O"
 2301      20726576 
 2301      6973696F 
 2301      6E203232 
 2301      31323230 
 2302 0168 67202D66 		.ascii	"g -ffunction-sections -ffat-lto-objects\000"
 2302      66756E63 
 2302      74696F6E 
 2302      2D736563 
 2302      74696F6E 
 2303              	.LASF8:
 2304 0190 756E7369 		.ascii	"unsigned int\000"
 2304      676E6564 
 2304      20696E74 
 2304      00
 2305              	.LASF45:
 2306 019d 50696E5F 		.ascii	"Pin_1b_Z_Write\000"
 2306      31625F5A 
 2306      5F577269 
 2306      746500
 2307              	.LASF26:
 2308 01ac 73746570 		.ascii	"stepZBackwards\000"
 2308      5A426163 
 2308      6B776172 
 2308      647300
 2309              	.LASF35:
 2310 01bb 69326354 		.ascii	"i2cTxBuffer\000"
 2310      78427566 
 2310      66657200 
 2311              	.LASF7:
 2312 01c7 6C6F6E67 		.ascii	"long long unsigned int\000"
 2312      206C6F6E 
 2312      6720756E 
 2312      7369676E 
 2312      65642069 
 2313              	.LASF24:
 2314 01de 7A5F696E 		.ascii	"z_init\000"
 2314      697400
ARM GAS  C:\Users\JEPPES~1\AppData\Local\Temp\ccUtdZh9.s 			page 47


 2315              	.LASF33:
 2316 01e5 66726F6E 		.ascii	"frontOfQueuePtr\000"
 2316      744F6651 
 2316      75657565 
 2316      50747200 
 2317              	.LASF14:
 2318 01f5 63796973 		.ascii	"cyisraddress\000"
 2318      72616464 
 2318      72657373 
 2318      00
 2319              	.LASF51:
 2320 0202 696E7465 		.ascii	"interrupt_Z_Enable\000"
 2320      72727570 
 2320      745F5A5F 
 2320      456E6162 
 2320      6C6500
 2321              	.LASF44:
 2322 0215 50696E5F 		.ascii	"Pin_2a_Z_Write\000"
 2322      32615F5A 
 2322      5F577269 
 2322      746500
 2323              	.LASF54:
 2324 0224 433A5C45 		.ascii	"C:\\E3PRJ3-Gruppe1\\PSoC\\PSoC4Z.cydsn\000"
 2324      3350524A 
 2324      332D4772 
 2324      75707065 
 2324      315C5053 
 2325              	.LASF15:
 2326 0248 73697A65 		.ascii	"sizetype\000"
 2326      74797065 
 2326      00
 2327              	.LASF40:
 2328 0251 63616C69 		.ascii	"calibratedZ\000"
 2328      62726174 
 2328      65645A00 
 2329              	.LASF21:
 2330 025d 6E657874 		.ascii	"next_\000"
 2330      5F00
 2331              	.LASF6:
 2332 0263 6C6F6E67 		.ascii	"long long int\000"
 2332      206C6F6E 
 2332      6720696E 
 2332      7400
 2333              	.LASF31:
 2334 0271 73746F70 		.ascii	"stopZ\000"
 2334      5A00
 2335              	.LASF17:
 2336 0277 76616C5F 		.ascii	"val_\000"
 2336      00
 2337              	.LASF16:
 2338 027c 636D645F 		.ascii	"cmd_\000"
 2338      00
 2339              	.LASF55:
 2340 0281 7A56616C 		.ascii	"zVal\000"
 2340      00
 2341              	.LASF36:
 2342 0286 69326352 		.ascii	"i2cRxBuffer\000"
ARM GAS  C:\Users\JEPPES~1\AppData\Local\Temp\ccUtdZh9.s 			page 48


 2342      78427566 
 2342      66657200 
 2343              	.LASF50:
 2344 0292 696E7465 		.ascii	"interrupt_Z_ClearPending\000"
 2344      72727570 
 2344      745F5A5F 
 2344      436C6561 
 2344      7250656E 
 2345              	.LASF41:
 2346 02ab 7A466C61 		.ascii	"zFlag\000"
 2346      6700
 2347              	.LASF28:
 2348 02b1 7365745A 		.ascii	"setZPos\000"
 2348      506F7300 
 2349              	.LASF9:
 2350 02b9 75696E74 		.ascii	"uint8\000"
 2350      3800
 2351              	.LASF2:
 2352 02bf 73686F72 		.ascii	"short int\000"
 2352      7420696E 
 2352      7400
 2353              	.LASF4:
 2354 02c9 6C6F6E67 		.ascii	"long int\000"
 2354      20696E74 
 2354      00
 2355              	.LASF13:
 2356 02d2 63686172 		.ascii	"char\000"
 2356      00
 2357              	.LASF0:
 2358 02d7 7369676E 		.ascii	"signed char\000"
 2358      65642063 
 2358      68617200 
 2359              	.LASF42:
 2360 02e3 696E7465 		.ascii	"interrupt_Z_StartEx\000"
 2360      72727570 
 2360      745F5A5F 
 2360      53746172 
 2360      74457800 
 2361              	.LASF47:
 2362 02f7 43794465 		.ascii	"CyDelay\000"
 2362      6C617900 
 2363              	.LASF53:
 2364 02ff 2E5C7A2E 		.ascii	".\\z.c\000"
 2364      6300
 2365              		.ident	"GCC: (GNU Tools for ARM Embedded Processors) 4.9.3 20150303 (release) [ARM/embedded-4_9-br
