\BOOKMARK [1][-]{section.1}{\376\377\0001\000\040\000M\000o\000d\000u\000l\000-\000i\000n\000d\000e\000k\000s}{}% 1
\BOOKMARK [2][-]{subsection.1.1}{\376\377\0001\000.\0001\000\040\000M\000o\000d\000u\000l\000e\000r}{section.1}% 2
\BOOKMARK [1][-]{section.2}{\376\377\0002\000\040\000N\000a\000m\000e\000s\000p\000a\000c\000e\000-\000i\000n\000d\000e\000k\000s}{}% 3
\BOOKMARK [2][-]{subsection.2.1}{\376\377\0002\000.\0001\000\040\000O\000v\000e\000r\000s\000i\000g\000t\000\040\000o\000v\000e\000r\000\040\000n\000a\000m\000e\000s\000p\000a\000c\000e\000s}{section.2}% 4
\BOOKMARK [1][-]{section.3}{\376\377\0003\000\040\000H\000i\000e\000r\000a\000r\000k\000i\000s\000k\000\040\000i\000n\000d\000e\000k\000s}{}% 5
\BOOKMARK [2][-]{subsection.3.1}{\376\377\0003\000.\0001\000\040\000K\000l\000a\000s\000s\000e\000h\000i\000e\000r\000a\000r\000k\000i}{section.3}% 6
\BOOKMARK [1][-]{section.4}{\376\377\0004\000\040\000I\000n\000d\000e\000k\000s\000\040\000o\000v\000e\000r\000\040\000d\000a\000t\000a\000s\000t\000r\000u\000k\000t\000u\000r\000e\000r}{}% 7
\BOOKMARK [2][-]{subsection.4.1}{\376\377\0004\000.\0001\000\040\000D\000a\000t\000a\000s\000t\000r\000u\000k\000t\000u\000r\000e\000r}{section.4}% 8
\BOOKMARK [1][-]{section.5}{\376\377\0005\000\040\000F\000i\000l\000-\000i\000n\000d\000e\000k\000s}{}% 9
\BOOKMARK [2][-]{subsection.5.1}{\376\377\0005\000.\0001\000\040\000F\000i\000l\000o\000v\000e\000r\000s\000i\000g\000t}{section.5}% 10
\BOOKMARK [1][-]{section.6}{\376\377\0006\000\040\000M\000o\000d\000u\000l\000-\000d\000o\000k\000u\000m\000e\000n\000t\000a\000t\000i\000o\000n}{}% 11
\BOOKMARK [2][-]{subsection.6.1}{\376\377\0006\000.\0001\000\040\000L\000e\000n\000g\000t\000h\000\040\000c\000o\000n\000s\000t\000a\000n\000t}{section.6}% 12
\BOOKMARK [3][-]{subsubsection.6.1.1}{\376\377\0006\000.\0001\000.\0001\000\040\000D\000e\000t\000a\000l\000j\000e\000r\000e\000t\000\040\000b\000e\000s\000k\000r\000i\000v\000e\000l\000s\000e}{subsection.6.1}% 13
\BOOKMARK [3][-]{subsubsection.6.1.2}{\376\377\0006\000.\0001\000.\0002\000\040\000\043\000D\000e\000f\000i\000n\000e\000-\000d\000o\000k\000u\000m\000e\000n\000t\000a\000t\000i\000o\000n}{subsection.6.1}% 14
\BOOKMARK [1][-]{section.7}{\376\377\0007\000\040\000N\000a\000m\000e\000s\000p\000a\000c\000e\000-\000d\000o\000k\000u\000m\000e\000n\000t\000a\000t\000i\000o\000n}{}% 15
\BOOKMARK [2][-]{subsection.7.1}{\376\377\0007\000.\0001\000\040\000U\000i\000\040\000n\000a\000m\000e\000s\000p\000a\000c\000e\000-\000r\000e\000f\000e\000r\000e\000n\000c\000e}{section.7}% 16
\BOOKMARK [1][-]{section.8}{\376\377\0008\000\040\000D\000a\000t\000a\000s\000t\000r\000u\000k\000t\000u\000r\000-\000d\000o\000c\000u\000m\000e\000n\000t\000a\000t\000i\000o\000n}{}% 17
\BOOKMARK [2][-]{subsection.8.1}{\376\377\0008\000.\0001\000\040\000E\0003\000P\000J\000R\000\040\000K\000l\000a\000s\000s\000e\000-\000r\000e\000f\000e\000r\000e\000n\000c\000e}{section.8}% 18
\BOOKMARK [3][-]{subsubsection.8.1.1}{\376\377\0008\000.\0001\000.\0001\000\040\000D\000e\000t\000a\000l\000j\000e\000r\000e\000t\000\040\000b\000e\000s\000k\000r\000i\000v\000e\000l\000s\000e}{subsection.8.1}% 19
\BOOKMARK [3][-]{subsubsection.8.1.2}{\376\377\0008\000.\0001\000.\0002\000\040\000D\000o\000k\000u\000m\000e\000n\000t\000a\000t\000i\000o\000n\000\040\000a\000f\000\040\000k\000o\000n\000s\000t\000r\000u\000k\000t\000\370\000r\000e\000r\000\040\000o\000g\000\040\000d\000e\000s\000t\000r\000u\000k\000t\000\370\000r\000e\000r}{subsection.8.1}% 20
\BOOKMARK [3][-]{subsubsection.8.1.3}{\376\377\0008\000.\0001\000.\0003\000\040\000D\000o\000k\000u\000m\000e\000n\000t\000a\000t\000i\000o\000n\000\040\000a\000f\000\040\000m\000e\000d\000l\000e\000m\000s\000f\000u\000n\000k\000t\000i\000o\000n\000e\000r}{subsection.8.1}% 21
\BOOKMARK [3][-]{subsubsection.8.1.4}{\376\377\0008\000.\0001\000.\0004\000\040\000F\000e\000l\000t\000-\000d\000o\000k\000u\000m\000e\000n\000t\000a\000t\000i\000o\000n}{subsection.8.1}% 22
\BOOKMARK [2][-]{subsection.8.2}{\376\377\0008\000.\0002\000\040\000E\0003\000P\000J\000R\000\040\000K\000l\000a\000s\000s\000e\000-\000r\000e\000f\000e\000r\000e\000n\000c\000e}{section.8}% 23
\BOOKMARK [3][-]{subsubsection.8.2.1}{\376\377\0008\000.\0002\000.\0001\000\040\000D\000e\000t\000a\000l\000j\000e\000r\000e\000t\000\040\000b\000e\000s\000k\000r\000i\000v\000e\000l\000s\000e}{subsection.8.2}% 24
\BOOKMARK [3][-]{subsubsection.8.2.2}{\376\377\0008\000.\0002\000.\0002\000\040\000D\000o\000k\000u\000m\000e\000n\000t\000a\000t\000i\000o\000n\000\040\000a\000f\000\040\000m\000e\000d\000l\000e\000m\000s\000f\000u\000n\000k\000t\000i\000o\000n\000e\000r}{subsection.8.2}% 25
\BOOKMARK [3][-]{subsubsection.8.2.3}{\376\377\0008\000.\0002\000.\0003\000\040\000F\000e\000l\000t\000-\000d\000o\000k\000u\000m\000e\000n\000t\000a\000t\000i\000o\000n}{subsection.8.2}% 26
\BOOKMARK [2][-]{subsection.8.3}{\376\377\0008\000.\0003\000\040\000L\000i\000g\000h\000t\000\040\000K\000l\000a\000s\000s\000e\000-\000r\000e\000f\000e\000r\000e\000n\000c\000e}{section.8}% 27
\BOOKMARK [3][-]{subsubsection.8.3.1}{\376\377\0008\000.\0003\000.\0001\000\040\000D\000e\000t\000a\000l\000j\000e\000r\000e\000t\000\040\000b\000e\000s\000k\000r\000i\000v\000e\000l\000s\000e}{subsection.8.3}% 28
\BOOKMARK [3][-]{subsubsection.8.3.2}{\376\377\0008\000.\0003\000.\0002\000\040\000D\000o\000k\000u\000m\000e\000n\000t\000a\000t\000i\000o\000n\000\040\000a\000f\000\040\000k\000o\000n\000s\000t\000r\000u\000k\000t\000\370\000r\000e\000r\000\040\000o\000g\000\040\000d\000e\000s\000t\000r\000u\000k\000t\000\370\000r\000e\000r}{subsection.8.3}% 29
\BOOKMARK [2][-]{subsection.8.4}{\376\377\0008\000.\0004\000\040\000M\000a\000i\000n\000D\000i\000s\000p\000l\000a\000y\000\040\000K\000l\000a\000s\000s\000e\000-\000r\000e\000f\000e\000r\000e\000n\000c\000e}{section.8}% 30
\BOOKMARK [3][-]{subsubsection.8.4.1}{\376\377\0008\000.\0004\000.\0001\000\040\000D\000e\000t\000a\000l\000j\000e\000r\000e\000t\000\040\000b\000e\000s\000k\000r\000i\000v\000e\000l\000s\000e}{subsection.8.4}% 31
\BOOKMARK [3][-]{subsubsection.8.4.2}{\376\377\0008\000.\0004\000.\0002\000\040\000D\000o\000k\000u\000m\000e\000n\000t\000a\000t\000i\000o\000n\000\040\000a\000f\000\040\000k\000o\000n\000s\000t\000r\000u\000k\000t\000\370\000r\000e\000r\000\040\000o\000g\000\040\000d\000e\000s\000t\000r\000u\000k\000t\000\370\000r\000e\000r}{subsection.8.4}% 32
\BOOKMARK [3][-]{subsubsection.8.4.3}{\376\377\0008\000.\0004\000.\0003\000\040\000D\000o\000k\000u\000m\000e\000n\000t\000a\000t\000i\000o\000n\000\040\000a\000f\000\040\000m\000e\000d\000l\000e\000m\000s\000f\000u\000n\000k\000t\000i\000o\000n\000e\000r}{subsection.8.4}% 33
\BOOKMARK [3][-]{subsubsection.8.4.4}{\376\377\0008\000.\0004\000.\0004\000\040\000F\000e\000l\000t\000-\000d\000o\000k\000u\000m\000e\000n\000t\000a\000t\000i\000o\000n}{subsection.8.4}% 34
\BOOKMARK [2][-]{subsection.8.5}{\376\377\0008\000.\0005\000\040\000P\000l\000a\000n\000n\000e\000r\000\040\000K\000l\000a\000s\000s\000e\000-\000r\000e\000f\000e\000r\000e\000n\000c\000e}{section.8}% 35
\BOOKMARK [3][-]{subsubsection.8.5.1}{\376\377\0008\000.\0005\000.\0001\000\040\000D\000e\000t\000a\000l\000j\000e\000r\000e\000t\000\040\000b\000e\000s\000k\000r\000i\000v\000e\000l\000s\000e}{subsection.8.5}% 36
\BOOKMARK [3][-]{subsubsection.8.5.2}{\376\377\0008\000.\0005\000.\0002\000\040\000D\000o\000k\000u\000m\000e\000n\000t\000a\000t\000i\000o\000n\000\040\000a\000f\000\040\000k\000o\000n\000s\000t\000r\000u\000k\000t\000\370\000r\000e\000r\000\040\000o\000g\000\040\000d\000e\000s\000t\000r\000u\000k\000t\000\370\000r\000e\000r}{subsection.8.5}% 37
\BOOKMARK [2][-]{subsection.8.6}{\376\377\0008\000.\0006\000\040\000P\000l\000a\000n\000n\000e\000r\000D\000i\000a\000l\000o\000g\000\040\000K\000l\000a\000s\000s\000e\000-\000r\000e\000f\000e\000r\000e\000n\000c\000e}{section.8}% 38
\BOOKMARK [3][-]{subsubsection.8.6.1}{\376\377\0008\000.\0006\000.\0001\000\040\000D\000e\000t\000a\000l\000j\000e\000r\000e\000t\000\040\000b\000e\000s\000k\000r\000i\000v\000e\000l\000s\000e}{subsection.8.6}% 39
\BOOKMARK [3][-]{subsubsection.8.6.2}{\376\377\0008\000.\0006\000.\0002\000\040\000D\000o\000k\000u\000m\000e\000n\000t\000a\000t\000i\000o\000n\000\040\000a\000f\000\040\000k\000o\000n\000s\000t\000r\000u\000k\000t\000\370\000r\000e\000r\000\040\000o\000g\000\040\000d\000e\000s\000t\000r\000u\000k\000t\000\370\000r\000e\000r}{subsection.8.6}% 40
\BOOKMARK [3][-]{subsubsection.8.6.3}{\376\377\0008\000.\0006\000.\0003\000\040\000D\000o\000k\000u\000m\000e\000n\000t\000a\000t\000i\000o\000n\000\040\000a\000f\000\040\000m\000e\000d\000l\000e\000m\000s\000f\000u\000n\000k\000t\000i\000o\000n\000e\000r}{subsection.8.6}% 41
\BOOKMARK [3][-]{subsubsection.8.6.4}{\376\377\0008\000.\0006\000.\0004\000\040\000F\000e\000l\000t\000-\000d\000o\000k\000u\000m\000e\000n\000t\000a\000t\000i\000o\000n}{subsection.8.6}% 42
\BOOKMARK [2][-]{subsection.8.7}{\376\377\0008\000.\0007\000\040\000Q\000D\000i\000a\000l\000o\000g\000\040\000K\000l\000a\000s\000s\000e\000-\000r\000e\000f\000e\000r\000e\000n\000c\000e}{section.8}% 43
\BOOKMARK [2][-]{subsection.8.8}{\376\377\0008\000.\0008\000\040\000Q\000T\000a\000b\000W\000i\000d\000g\000e\000t\000\040\000K\000l\000a\000s\000s\000e\000-\000r\000e\000f\000e\000r\000e\000n\000c\000e}{section.8}% 44
\BOOKMARK [2][-]{subsection.8.9}{\376\377\0008\000.\0009\000\040\000Q\000V\000i\000r\000t\000u\000a\000l\000K\000e\000y\000b\000o\000a\000r\000d\000\040\000K\000l\000a\000s\000s\000e\000-\000r\000e\000f\000e\000r\000e\000n\000c\000e}{section.8}% 45
\BOOKMARK [3][-]{subsubsection.8.9.1}{\376\377\0008\000.\0009\000.\0001\000\040\000D\000e\000t\000a\000l\000j\000e\000r\000e\000t\000\040\000b\000e\000s\000k\000r\000i\000v\000e\000l\000s\000e}{subsection.8.9}% 46
\BOOKMARK [3][-]{subsubsection.8.9.2}{\376\377\0008\000.\0009\000.\0002\000\040\000D\000o\000k\000u\000m\000e\000n\000t\000a\000t\000i\000o\000n\000\040\000a\000f\000\040\000k\000o\000n\000s\000t\000r\000u\000k\000t\000\370\000r\000e\000r\000\040\000o\000g\000\040\000d\000e\000s\000t\000r\000u\000k\000t\000\370\000r\000e\000r}{subsection.8.9}% 47
\BOOKMARK [3][-]{subsubsection.8.9.3}{\376\377\0008\000.\0009\000.\0003\000\040\000D\000o\000k\000u\000m\000e\000n\000t\000a\000t\000i\000o\000n\000\040\000a\000f\000\040\000m\000e\000d\000l\000e\000m\000s\000f\000u\000n\000k\000t\000i\000o\000n\000e\000r}{subsection.8.9}% 48
\BOOKMARK [3][-]{subsubsection.8.9.4}{\376\377\0008\000.\0009\000.\0004\000\040\000F\000e\000l\000t\000-\000d\000o\000k\000u\000m\000e\000n\000t\000a\000t\000i\000o\000n}{subsection.8.9}% 49
\BOOKMARK [2][-]{subsection.8.10}{\376\377\0008\000.\0001\0000\000\040\000Q\000W\000i\000d\000g\000e\000t\000\040\000K\000l\000a\000s\000s\000e\000-\000r\000e\000f\000e\000r\000e\000n\000c\000e}{section.8}% 50
\BOOKMARK [2][-]{subsection.8.11}{\376\377\0008\000.\0001\0001\000\040\000S\000P\000I\000a\000p\000i\000\040\000K\000l\000a\000s\000s\000e\000-\000r\000e\000f\000e\000r\000e\000n\000c\000e}{section.8}% 51
\BOOKMARK [3][-]{subsubsection.8.11.1}{\376\377\0008\000.\0001\0001\000.\0001\000\040\000D\000e\000t\000a\000l\000j\000e\000r\000e\000t\000\040\000b\000e\000s\000k\000r\000i\000v\000e\000l\000s\000e}{subsection.8.11}% 52
\BOOKMARK [3][-]{subsubsection.8.11.2}{\376\377\0008\000.\0001\0001\000.\0002\000\040\000D\000o\000k\000u\000m\000e\000n\000t\000a\000t\000i\000o\000n\000\040\000a\000f\000\040\000k\000o\000n\000s\000t\000r\000u\000k\000t\000\370\000r\000e\000r\000\040\000o\000g\000\040\000d\000e\000s\000t\000r\000u\000k\000t\000\370\000r\000e\000r}{subsection.8.11}% 53
\BOOKMARK [3][-]{subsubsection.8.11.3}{\376\377\0008\000.\0001\0001\000.\0003\000\040\000D\000o\000k\000u\000m\000e\000n\000t\000a\000t\000i\000o\000n\000\040\000a\000f\000\040\000m\000e\000d\000l\000e\000m\000s\000f\000u\000n\000k\000t\000i\000o\000n\000e\000r}{subsection.8.11}% 54
\BOOKMARK [2][-]{subsection.8.12}{\376\377\0008\000.\0001\0002\000\040\000S\000p\000i\000T\000e\000s\000t\000P\000r\000o\000g\000r\000a\000m\000\040\000K\000l\000a\000s\000s\000e\000-\000r\000e\000f\000e\000r\000e\000n\000c\000e}{section.8}% 55
\BOOKMARK [3][-]{subsubsection.8.12.1}{\376\377\0008\000.\0001\0002\000.\0001\000\040\000D\000e\000t\000a\000l\000j\000e\000r\000e\000t\000\040\000b\000e\000s\000k\000r\000i\000v\000e\000l\000s\000e}{subsection.8.12}% 56
\BOOKMARK [3][-]{subsubsection.8.12.2}{\376\377\0008\000.\0001\0002\000.\0002\000\040\000D\000o\000k\000u\000m\000e\000n\000t\000a\000t\000i\000o\000n\000\040\000a\000f\000\040\000k\000o\000n\000s\000t\000r\000u\000k\000t\000\370\000r\000e\000r\000\040\000o\000g\000\040\000d\000e\000s\000t\000r\000u\000k\000t\000\370\000r\000e\000r}{subsection.8.12}% 57
\BOOKMARK [3][-]{subsubsection.8.12.3}{\376\377\0008\000.\0001\0002\000.\0003\000\040\000D\000o\000k\000u\000m\000e\000n\000t\000a\000t\000i\000o\000n\000\040\000a\000f\000\040\000m\000e\000d\000l\000e\000m\000s\000f\000u\000n\000k\000t\000i\000o\000n\000e\000r}{subsection.8.12}% 58
\BOOKMARK [3][-]{subsubsection.8.12.4}{\376\377\0008\000.\0001\0002\000.\0004\000\040\000F\000e\000l\000t\000-\000d\000o\000k\000u\000m\000e\000n\000t\000a\000t\000i\000o\000n}{subsection.8.12}% 59
\BOOKMARK [2][-]{subsection.8.13}{\376\377\0008\000.\0001\0003\000\040\000S\000p\000i\000T\000e\000s\000t\000P\000r\000o\000g\000r\000a\000m\000\040\000K\000l\000a\000s\000s\000e\000-\000r\000e\000f\000e\000r\000e\000n\000c\000e}{section.8}% 60
\BOOKMARK [3][-]{subsubsection.8.13.1}{\376\377\0008\000.\0001\0003\000.\0001\000\040\000D\000e\000t\000a\000l\000j\000e\000r\000e\000t\000\040\000b\000e\000s\000k\000r\000i\000v\000e\000l\000s\000e}{subsection.8.13}% 61
\BOOKMARK [3][-]{subsubsection.8.13.2}{\376\377\0008\000.\0001\0003\000.\0002\000\040\000D\000o\000k\000u\000m\000e\000n\000t\000a\000t\000i\000o\000n\000\040\000a\000f\000\040\000m\000e\000d\000l\000e\000m\000s\000f\000u\000n\000k\000t\000i\000o\000n\000e\000r}{subsection.8.13}% 62
\BOOKMARK [3][-]{subsubsection.8.13.3}{\376\377\0008\000.\0001\0003\000.\0003\000\040\000F\000e\000l\000t\000-\000d\000o\000k\000u\000m\000e\000n\000t\000a\000t\000i\000o\000n}{subsection.8.13}% 63
\BOOKMARK [2][-]{subsection.8.14}{\376\377\0008\000.\0001\0004\000\040\000U\000i\000\137\000E\0003\000P\000J\000R\000\040\000K\000l\000a\000s\000s\000e\000-\000r\000e\000f\000e\000r\000e\000n\000c\000e}{section.8}% 64
\BOOKMARK [3][-]{subsubsection.8.14.1}{\376\377\0008\000.\0001\0004\000.\0001\000\040\000D\000e\000t\000a\000l\000j\000e\000r\000e\000t\000\040\000b\000e\000s\000k\000r\000i\000v\000e\000l\000s\000e}{subsection.8.14}% 65
\BOOKMARK [3][-]{subsubsection.8.14.2}{\376\377\0008\000.\0001\0004\000.\0002\000\040\000D\000o\000k\000u\000m\000e\000n\000t\000a\000t\000i\000o\000n\000\040\000a\000f\000\040\000m\000e\000d\000l\000e\000m\000s\000f\000u\000n\000k\000t\000i\000o\000n\000e\000r}{subsection.8.14}% 66
\BOOKMARK [3][-]{subsubsection.8.14.3}{\376\377\0008\000.\0001\0004\000.\0003\000\040\000F\000e\000l\000t\000-\000d\000o\000k\000u\000m\000e\000n\000t\000a\000t\000i\000o\000n}{subsection.8.14}% 67
\BOOKMARK [2][-]{subsection.8.15}{\376\377\0008\000.\0001\0005\000\040\000U\000i\000\137\000S\000p\000i\000T\000e\000s\000t\000P\000r\000o\000g\000r\000a\000m\000\040\000K\000l\000a\000s\000s\000e\000-\000r\000e\000f\000e\000r\000e\000n\000c\000e}{section.8}% 68
\BOOKMARK [3][-]{subsubsection.8.15.1}{\376\377\0008\000.\0001\0005\000.\0001\000\040\000D\000e\000t\000a\000l\000j\000e\000r\000e\000t\000\040\000b\000e\000s\000k\000r\000i\000v\000e\000l\000s\000e}{subsection.8.15}% 69
\BOOKMARK [3][-]{subsubsection.8.15.2}{\376\377\0008\000.\0001\0005\000.\0002\000\040\000D\000o\000k\000u\000m\000e\000n\000t\000a\000t\000i\000o\000n\000\040\000a\000f\000\040\000m\000e\000d\000l\000e\000m\000s\000f\000u\000n\000k\000t\000i\000o\000n\000e\000r}{subsection.8.15}% 70
\BOOKMARK [3][-]{subsubsection.8.15.3}{\376\377\0008\000.\0001\0005\000.\0003\000\040\000F\000e\000l\000t\000-\000d\000o\000k\000u\000m\000e\000n\000t\000a\000t\000i\000o\000n}{subsection.8.15}% 71
\BOOKMARK [1][-]{section.9}{\376\377\0009\000\040\000F\000i\000l\000-\000d\000o\000k\000u\000m\000e\000n\000t\000a\000t\000i\000o\000n}{}% 72
\BOOKMARK [2][-]{subsection.9.1}{\376\377\0009\000.\0001\000\040\000e\0003\000p\000j\000r\000.\000h\000\040\000f\000i\000l\000r\000e\000f\000e\000r\000e\000n\000c\000e}{section.9}% 73
\BOOKMARK [2][-]{subsection.9.2}{\376\377\0009\000.\0002\000\040\000h\000o\000t\000p\000l\000u\000g\000\137\000p\000s\000o\000c\000\137\000s\000p\000i\000\137\000d\000e\000v\000i\000c\000e\000.\000c\000\040\000f\000i\000l\000r\000e\000f\000e\000r\000e\000n\000c\000e}{section.9}% 74
\BOOKMARK [3][-]{subsubsection.9.2.1}{\376\377\0009\000.\0002\000.\0001\000\040\000F\000u\000n\000k\000t\000i\000o\000n\000s\000-\000d\000o\000k\000u\000m\000e\000n\000t\000a\000t\000i\000o\000n}{subsection.9.2}% 75
\BOOKMARK [3][-]{subsubsection.9.2.2}{\376\377\0009\000.\0002\000.\0002\000\040\000V\000a\000r\000i\000a\000b\000e\000l\000-\000d\000o\000k\000u\000m\000e\000n\000t\000a\000t\000i\000o\000n}{subsection.9.2}% 76
\BOOKMARK [2][-]{subsection.9.3}{\376\377\0009\000.\0003\000\040\000l\000i\000g\000h\000t\000.\000h\000\040\000f\000i\000l\000r\000e\000f\000e\000r\000e\000n\000c\000e}{section.9}% 77
\BOOKMARK [2][-]{subsection.9.4}{\376\377\0009\000.\0004\000\040\000m\000a\000i\000n\000d\000i\000s\000p\000l\000a\000y\000.\000h\000\040\000f\000i\000l\000r\000e\000f\000e\000r\000e\000n\000c\000e}{section.9}% 78
\BOOKMARK [3][-]{subsubsection.9.4.1}{\376\377\0009\000.\0004\000.\0001\000\040\000D\000e\000t\000a\000l\000j\000e\000r\000e\000t\000\040\000b\000e\000s\000k\000r\000i\000v\000e\000l\000s\000e}{subsection.9.4}% 79
\BOOKMARK [2][-]{subsection.9.5}{\376\377\0009\000.\0005\000\040\000p\000l\000a\000n\000n\000e\000r\000.\000h\000\040\000f\000i\000l\000r\000e\000f\000e\000r\000e\000n\000c\000e}{section.9}% 80
\BOOKMARK [2][-]{subsection.9.6}{\376\377\0009\000.\0006\000\040\000p\000l\000a\000n\000n\000e\000r\000d\000i\000a\000l\000o\000g\000.\000h\000\040\000f\000i\000l\000r\000e\000f\000e\000r\000e\000n\000c\000e}{section.9}% 81
\BOOKMARK [3][-]{subsubsection.9.6.1}{\376\377\0009\000.\0006\000.\0001\000\040\000D\000e\000t\000a\000l\000j\000e\000r\000e\000t\000\040\000b\000e\000s\000k\000r\000i\000v\000e\000l\000s\000e}{subsection.9.6}% 82
\BOOKMARK [2][-]{subsection.9.7}{\376\377\0009\000.\0007\000\040\000p\000s\000o\000c\000\137\000s\000p\000i\000\137\000c\000d\000r\000v\000.\000c\000\040\000f\000i\000l\000r\000e\000f\000e\000r\000e\000n\000c\000e}{section.9}% 83
\BOOKMARK [3][-]{subsubsection.9.7.1}{\376\377\0009\000.\0007\000.\0001\000\040\000\043\000D\000e\000f\000i\000n\000e\000-\000d\000o\000k\000u\000m\000e\000n\000t\000a\000t\000i\000o\000n}{subsection.9.7}% 84
\BOOKMARK [3][-]{subsubsection.9.7.2}{\376\377\0009\000.\0007\000.\0002\000\040\000F\000u\000n\000k\000t\000i\000o\000n\000s\000-\000d\000o\000k\000u\000m\000e\000n\000t\000a\000t\000i\000o\000n}{subsection.9.7}% 85
\BOOKMARK [3][-]{subsubsection.9.7.3}{\376\377\0009\000.\0007\000.\0003\000\040\000V\000a\000r\000i\000a\000b\000e\000l\000-\000d\000o\000k\000u\000m\000e\000n\000t\000a\000t\000i\000o\000n}{subsection.9.7}% 86
\BOOKMARK [2][-]{subsection.9.8}{\376\377\0009\000.\0008\000\040\000p\000s\000o\000c\000\137\000s\000p\000i\000\137\000d\000e\000v\000.\000c\000\040\000f\000i\000l\000r\000e\000f\000e\000r\000e\000n\000c\000e}{section.9}% 87
\BOOKMARK [3][-]{subsubsection.9.8.1}{\376\377\0009\000.\0008\000.\0001\000\040\000\043\000D\000e\000f\000i\000n\000e\000-\000d\000o\000k\000u\000m\000e\000n\000t\000a\000t\000i\000o\000n}{subsection.9.8}% 88
\BOOKMARK [3][-]{subsubsection.9.8.2}{\376\377\0009\000.\0008\000.\0002\000\040\000F\000u\000n\000k\000t\000i\000o\000n\000s\000-\000d\000o\000k\000u\000m\000e\000n\000t\000a\000t\000i\000o\000n}{subsection.9.8}% 89
\BOOKMARK [3][-]{subsubsection.9.8.3}{\376\377\0009\000.\0008\000.\0003\000\040\000V\000a\000r\000i\000a\000b\000e\000l\000-\000d\000o\000k\000u\000m\000e\000n\000t\000a\000t\000i\000o\000n}{subsection.9.8}% 90
\BOOKMARK [2][-]{subsection.9.9}{\376\377\0009\000.\0009\000\040\000p\000s\000o\000c\000\137\000s\000p\000i\000\137\000d\000e\000v\000.\000h\000\040\000f\000i\000l\000r\000e\000f\000e\000r\000e\000n\000c\000e}{section.9}% 91
\BOOKMARK [3][-]{subsubsection.9.9.1}{\376\377\0009\000.\0009\000.\0001\000\040\000F\000u\000n\000k\000t\000i\000o\000n\000s\000-\000d\000o\000k\000u\000m\000e\000n\000t\000a\000t\000i\000o\000n}{subsection.9.9}% 92
\BOOKMARK [2][-]{subsection.9.10}{\376\377\0009\000.\0001\0000\000\040\000Q\000V\000i\000r\000t\000u\000a\000l\000K\000e\000y\000b\000o\000a\000r\000d\000.\000h\000\040\000f\000i\000l\000r\000e\000f\000e\000r\000e\000n\000c\000e}{section.9}% 93
\BOOKMARK [2][-]{subsection.9.11}{\376\377\0009\000.\0001\0001\000\040\000s\000p\000i\000a\000p\000i\000.\000h\000\040\000f\000i\000l\000r\000e\000f\000e\000r\000e\000n\000c\000e}{section.9}% 94
\BOOKMARK [2][-]{subsection.9.12}{\376\377\0009\000.\0001\0002\000\040\000s\000p\000i\000a\000p\000i\000.\000h\000\040\000f\000i\000l\000r\000e\000f\000e\000r\000e\000n\000c\000e}{section.9}% 95
\BOOKMARK [3][-]{subsubsection.9.12.1}{\376\377\0009\000.\0001\0002\000.\0001\000\040\000\043\000D\000e\000f\000i\000n\000e\000-\000d\000o\000k\000u\000m\000e\000n\000t\000a\000t\000i\000o\000n}{subsection.9.12}% 96
\BOOKMARK [2][-]{subsection.9.13}{\376\377\0009\000.\0001\0003\000\040\000s\000p\000i\000t\000e\000s\000t\000p\000r\000o\000g\000r\000a\000m\000.\000h\000\040\000f\000i\000l\000r\000e\000f\000e\000r\000e\000n\000c\000e}{section.9}% 97
\BOOKMARK [2][-]{subsection.9.14}{\376\377\0009\000.\0001\0004\000\040\000u\000i\000\137\000e\0003\000p\000j\000r\000.\000h\000\040\000f\000i\000l\000r\000e\000f\000e\000r\000e\000n\000c\000e}{section.9}% 98
\BOOKMARK [2][-]{subsection.9.15}{\376\377\0009\000.\0001\0005\000\040\000u\000i\000\137\000s\000p\000i\000t\000e\000s\000t\000p\000r\000o\000g\000r\000a\000m\000.\000h\000\040\000f\000i\000l\000r\000e\000f\000e\000r\000e\000n\000c\000e}{section.9}% 99
