\BOOKMARK [1][-]{section.1}{\376\377\0001\000\040\000I\000n\000d\000e\000k\000s\000\040\000o\000v\000e\000r\000\040\000d\000a\000t\000a\000s\000t\000r\000u\000k\000t\000u\000r\000e\000r}{}% 1
\BOOKMARK [2][-]{subsection.1.1}{\376\377\0001\000.\0001\000\040\000D\000a\000t\000a\000s\000t\000r\000u\000k\000t\000u\000r\000e\000r}{section.1}% 2
\BOOKMARK [1][-]{section.2}{\376\377\0002\000\040\000F\000i\000l\000-\000i\000n\000d\000e\000k\000s}{}% 3
\BOOKMARK [2][-]{subsection.2.1}{\376\377\0002\000.\0001\000\040\000F\000i\000l\000o\000v\000e\000r\000s\000i\000g\000t}{section.2}% 4
\BOOKMARK [1][-]{section.3}{\376\377\0003\000\040\000D\000a\000t\000a\000s\000t\000r\000u\000k\000t\000u\000r\000-\000d\000o\000c\000u\000m\000e\000n\000t\000a\000t\000i\000o\000n}{}% 5
\BOOKMARK [2][-]{subsection.3.1}{\376\377\0003\000.\0001\000\040\000Q\000u\000e\000u\000e\000\040\000K\000l\000a\000s\000s\000e\000-\000r\000e\000f\000e\000r\000e\000n\000c\000e}{section.3}% 6
\BOOKMARK [3][-]{subsubsection.3.1.1}{\376\377\0003\000.\0001\000.\0001\000\040\000D\000e\000t\000a\000l\000j\000e\000r\000e\000t\000\040\000b\000e\000s\000k\000r\000i\000v\000e\000l\000s\000e}{subsection.3.1}% 7
\BOOKMARK [3][-]{subsubsection.3.1.2}{\376\377\0003\000.\0001\000.\0002\000\040\000D\000o\000k\000u\000m\000e\000n\000t\000a\000t\000i\000o\000n\000\040\000a\000f\000\040\000m\000e\000d\000l\000e\000m\000s\000f\000u\000n\000k\000t\000i\000o\000n\000e\000r}{subsection.3.1}% 8
\BOOKMARK [3][-]{subsubsection.3.1.3}{\376\377\0003\000.\0001\000.\0003\000\040\000F\000e\000l\000t\000-\000d\000o\000k\000u\000m\000e\000n\000t\000a\000t\000i\000o\000n}{subsection.3.1}% 9
\BOOKMARK [2][-]{subsection.3.2}{\376\377\0003\000.\0002\000\040\000S\000e\000n\000s\000o\000r\000D\000a\000t\000a\000\040\000K\000l\000a\000s\000s\000e\000-\000r\000e\000f\000e\000r\000e\000n\000c\000e}{section.3}% 10
\BOOKMARK [3][-]{subsubsection.3.2.1}{\376\377\0003\000.\0002\000.\0001\000\040\000D\000e\000t\000a\000l\000j\000e\000r\000e\000t\000\040\000b\000e\000s\000k\000r\000i\000v\000e\000l\000s\000e}{subsection.3.2}% 11
\BOOKMARK [3][-]{subsubsection.3.2.2}{\376\377\0003\000.\0002\000.\0002\000\040\000D\000o\000k\000u\000m\000e\000n\000t\000a\000t\000i\000o\000n\000\040\000a\000f\000\040\000m\000e\000d\000l\000e\000m\000s\000f\000u\000n\000k\000t\000i\000o\000n\000e\000r}{subsection.3.2}% 12
\BOOKMARK [1][-]{section.4}{\376\377\0004\000\040\000F\000i\000l\000-\000d\000o\000k\000u\000m\000e\000n\000t\000a\000t\000i\000o\000n}{}% 13
\BOOKMARK [2][-]{subsection.4.1}{\376\377\0004\000.\0001\000\040\000C\000i\000r\000c\000u\000l\000a\000r\000M\000e\000a\000n\000.\000c\000\040\000f\000i\000l\000r\000e\000f\000e\000r\000e\000n\000c\000e}{section.4}% 14
\BOOKMARK [3][-]{subsubsection.4.1.1}{\376\377\0004\000.\0001\000.\0001\000\040\000F\000u\000n\000k\000t\000i\000o\000n\000s\000-\000d\000o\000k\000u\000m\000e\000n\000t\000a\000t\000i\000o\000n}{subsection.4.1}% 15
\BOOKMARK [2][-]{subsection.4.2}{\376\377\0004\000.\0002\000\040\000C\000i\000r\000c\000u\000l\000a\000r\000M\000e\000a\000n\000.\000h\000\040\000f\000i\000l\000r\000e\000f\000e\000r\000e\000n\000c\000e}{section.4}% 16
\BOOKMARK [3][-]{subsubsection.4.2.1}{\376\377\0004\000.\0002\000.\0001\000\040\000D\000e\000t\000a\000l\000j\000e\000r\000e\000t\000\040\000b\000e\000s\000k\000r\000i\000v\000e\000l\000s\000e}{subsection.4.2}% 17
\BOOKMARK [3][-]{subsubsection.4.2.2}{\376\377\0004\000.\0002\000.\0002\000\040\000D\000a\000t\000a\000s\000t\000r\000u\000k\000t\000u\000r\000-\000d\000o\000c\000u\000m\000e\000n\000t\000a\000t\000i\000o\000n}{subsection.4.2}% 18
\BOOKMARK [3][-]{subsubsection.4.2.3}{\376\377\0004\000.\0002\000.\0003\000\040\000\043\000D\000e\000f\000i\000n\000e\000-\000d\000o\000k\000u\000m\000e\000n\000t\000a\000t\000i\000o\000n}{subsection.4.2}% 19
\BOOKMARK [3][-]{subsubsection.4.2.4}{\376\377\0004\000.\0002\000.\0004\000\040\000F\000u\000n\000k\000t\000i\000o\000n\000s\000-\000d\000o\000k\000u\000m\000e\000n\000t\000a\000t\000i\000o\000n}{subsection.4.2}% 20
\BOOKMARK [2][-]{subsection.4.3}{\376\377\0004\000.\0003\000\040\000c\000y\000a\000p\000i\000c\000a\000l\000l\000b\000a\000c\000k\000s\000.\000h\000\040\000f\000i\000l\000r\000e\000f\000e\000r\000e\000n\000c\000e}{section.4}% 21
\BOOKMARK [2][-]{subsection.4.4}{\376\377\0004\000.\0004\000\040\000h\000a\000n\000d\000l\000e\000r\000.\000c\000\040\000f\000i\000l\000r\000e\000f\000e\000r\000e\000n\000c\000e}{section.4}% 22
\BOOKMARK [3][-]{subsubsection.4.4.1}{\376\377\0004\000.\0004\000.\0001\000\040\000D\000e\000t\000a\000l\000j\000e\000r\000e\000t\000\040\000b\000e\000s\000k\000r\000i\000v\000e\000l\000s\000e}{subsection.4.4}% 23
\BOOKMARK [3][-]{subsubsection.4.4.2}{\376\377\0004\000.\0004\000.\0002\000\040\000\043\000D\000e\000f\000i\000n\000e\000-\000d\000o\000k\000u\000m\000e\000n\000t\000a\000t\000i\000o\000n}{subsection.4.4}% 24
\BOOKMARK [3][-]{subsubsection.4.4.3}{\376\377\0004\000.\0004\000.\0003\000\040\000F\000u\000n\000k\000t\000i\000o\000n\000s\000-\000d\000o\000k\000u\000m\000e\000n\000t\000a\000t\000i\000o\000n}{subsection.4.4}% 25
\BOOKMARK [2][-]{subsection.4.5}{\376\377\0004\000.\0005\000\040\000h\000a\000n\000d\000l\000e\000r\000.\000h\000\040\000f\000i\000l\000r\000e\000f\000e\000r\000e\000n\000c\000e}{section.4}% 26
\BOOKMARK [3][-]{subsubsection.4.5.1}{\376\377\0004\000.\0005\000.\0001\000\040\000\043\000D\000e\000f\000i\000n\000e\000-\000d\000o\000k\000u\000m\000e\000n\000t\000a\000t\000i\000o\000n}{subsection.4.5}% 27
\BOOKMARK [3][-]{subsubsection.4.5.2}{\376\377\0004\000.\0005\000.\0002\000\040\000F\000u\000n\000k\000t\000i\000o\000n\000s\000-\000d\000o\000k\000u\000m\000e\000n\000t\000a\000t\000i\000o\000n}{subsection.4.5}% 28
\BOOKMARK [2][-]{subsection.4.6}{\376\377\0004\000.\0006\000\040\000i\0002\000c\000.\000c\000\040\000f\000i\000l\000r\000e\000f\000e\000r\000e\000n\000c\000e}{section.4}% 29
\BOOKMARK [3][-]{subsubsection.4.6.1}{\376\377\0004\000.\0006\000.\0001\000\040\000F\000u\000n\000k\000t\000i\000o\000n\000s\000-\000d\000o\000k\000u\000m\000e\000n\000t\000a\000t\000i\000o\000n}{subsection.4.6}% 30
\BOOKMARK [3][-]{subsubsection.4.6.2}{\376\377\0004\000.\0006\000.\0002\000\040\000V\000a\000r\000i\000a\000b\000e\000l\000-\000d\000o\000k\000u\000m\000e\000n\000t\000a\000t\000i\000o\000n}{subsection.4.6}% 31
\BOOKMARK [2][-]{subsection.4.7}{\376\377\0004\000.\0007\000\040\000i\0002\000c\000.\000h\000\040\000f\000i\000l\000r\000e\000f\000e\000r\000e\000n\000c\000e}{section.4}% 32
\BOOKMARK [3][-]{subsubsection.4.7.1}{\376\377\0004\000.\0007\000.\0001\000\040\000\043\000D\000e\000f\000i\000n\000e\000-\000d\000o\000k\000u\000m\000e\000n\000t\000a\000t\000i\000o\000n}{subsection.4.7}% 33
\BOOKMARK [3][-]{subsubsection.4.7.2}{\376\377\0004\000.\0007\000.\0002\000\040\000F\000u\000n\000k\000t\000i\000o\000n\000s\000-\000d\000o\000k\000u\000m\000e\000n\000t\000a\000t\000i\000o\000n}{subsection.4.7}% 34
\BOOKMARK [3][-]{subsubsection.4.7.3}{\376\377\0004\000.\0007\000.\0003\000\040\000V\000a\000r\000i\000a\000b\000e\000l\000-\000d\000o\000k\000u\000m\000e\000n\000t\000a\000t\000i\000o\000n}{subsection.4.7}% 35
\BOOKMARK [2][-]{subsection.4.8}{\376\377\0004\000.\0008\000\040\000L\000u\000m\000e\000n\000S\000e\000n\000s\000o\000r\000.\000c\000\040\000f\000i\000l\000r\000e\000f\000e\000r\000e\000n\000c\000e}{section.4}% 36
\BOOKMARK [3][-]{subsubsection.4.8.1}{\376\377\0004\000.\0008\000.\0001\000\040\000D\000e\000t\000a\000l\000j\000e\000r\000e\000t\000\040\000b\000e\000s\000k\000r\000i\000v\000e\000l\000s\000e}{subsection.4.8}% 37
\BOOKMARK [3][-]{subsubsection.4.8.2}{\376\377\0004\000.\0008\000.\0002\000\040\000\043\000D\000e\000f\000i\000n\000e\000-\000d\000o\000k\000u\000m\000e\000n\000t\000a\000t\000i\000o\000n}{subsection.4.8}% 38
\BOOKMARK [3][-]{subsubsection.4.8.3}{\376\377\0004\000.\0008\000.\0003\000\040\000F\000u\000n\000k\000t\000i\000o\000n\000s\000-\000d\000o\000k\000u\000m\000e\000n\000t\000a\000t\000i\000o\000n}{subsection.4.8}% 39
\BOOKMARK [2][-]{subsection.4.9}{\376\377\0004\000.\0009\000\040\000L\000u\000m\000e\000n\000S\000e\000n\000s\000o\000r\000.\000h\000\040\000f\000i\000l\000r\000e\000f\000e\000r\000e\000n\000c\000e}{section.4}% 40
\BOOKMARK [3][-]{subsubsection.4.9.1}{\376\377\0004\000.\0009\000.\0001\000\040\000F\000u\000n\000k\000t\000i\000o\000n\000s\000-\000d\000o\000k\000u\000m\000e\000n\000t\000a\000t\000i\000o\000n}{subsection.4.9}% 41
\BOOKMARK [2][-]{subsection.4.10}{\376\377\0004\000.\0001\0000\000\040\000l\000u\000x\000.\000c\000\040\000f\000i\000l\000r\000e\000f\000e\000r\000e\000n\000c\000e}{section.4}% 42
\BOOKMARK [3][-]{subsubsection.4.10.1}{\376\377\0004\000.\0001\0000\000.\0001\000\040\000D\000e\000t\000a\000l\000j\000e\000r\000e\000t\000\040\000b\000e\000s\000k\000r\000i\000v\000e\000l\000s\000e}{subsection.4.10}% 43
\BOOKMARK [3][-]{subsubsection.4.10.2}{\376\377\0004\000.\0001\0000\000.\0002\000\040\000\043\000D\000e\000f\000i\000n\000e\000-\000d\000o\000k\000u\000m\000e\000n\000t\000a\000t\000i\000o\000n}{subsection.4.10}% 44
\BOOKMARK [3][-]{subsubsection.4.10.3}{\376\377\0004\000.\0001\0000\000.\0003\000\040\000F\000u\000n\000k\000t\000i\000o\000n\000s\000-\000d\000o\000k\000u\000m\000e\000n\000t\000a\000t\000i\000o\000n}{subsection.4.10}% 45
\BOOKMARK [2][-]{subsection.4.11}{\376\377\0004\000.\0001\0001\000\040\000l\000u\000x\000.\000h\000\040\000f\000i\000l\000r\000e\000f\000e\000r\000e\000n\000c\000e}{section.4}% 46
\BOOKMARK [3][-]{subsubsection.4.11.1}{\376\377\0004\000.\0001\0001\000.\0001\000\040\000D\000e\000t\000a\000l\000j\000e\000r\000e\000t\000\040\000b\000e\000s\000k\000r\000i\000v\000e\000l\000s\000e}{subsection.4.11}% 47
\BOOKMARK [3][-]{subsubsection.4.11.2}{\376\377\0004\000.\0001\0001\000.\0002\000\040\000F\000u\000n\000k\000t\000i\000o\000n\000s\000-\000d\000o\000k\000u\000m\000e\000n\000t\000a\000t\000i\000o\000n}{subsection.4.11}% 48
\BOOKMARK [2][-]{subsection.4.12}{\376\377\0004\000.\0001\0002\000\040\000m\000a\000i\000n\000.\000c\000\040\000f\000i\000l\000r\000e\000f\000e\000r\000e\000n\000c\000e}{section.4}% 49
\BOOKMARK [3][-]{subsubsection.4.12.1}{\376\377\0004\000.\0001\0002\000.\0001\000\040\000D\000e\000t\000a\000l\000j\000e\000r\000e\000t\000\040\000b\000e\000s\000k\000r\000i\000v\000e\000l\000s\000e}{subsection.4.12}% 50
\BOOKMARK [3][-]{subsubsection.4.12.2}{\376\377\0004\000.\0001\0002\000.\0002\000\040\000\043\000D\000e\000f\000i\000n\000e\000-\000d\000o\000k\000u\000m\000e\000n\000t\000a\000t\000i\000o\000n}{subsection.4.12}% 51
\BOOKMARK [3][-]{subsubsection.4.12.3}{\376\377\0004\000.\0001\0002\000.\0003\000\040\000D\000o\000k\000u\000m\000e\000n\000t\000a\000t\000i\000o\000n\000\040\000a\000f\000\040\000e\000n\000u\000m\000e\000r\000a\000t\000i\000o\000n\000s\000-\000t\000y\000p\000e\000r}{subsection.4.12}% 52
\BOOKMARK [3][-]{subsubsection.4.12.4}{\376\377\0004\000.\0001\0002\000.\0004\000\040\000F\000u\000n\000k\000t\000i\000o\000n\000s\000-\000d\000o\000k\000u\000m\000e\000n\000t\000a\000t\000i\000o\000n}{subsection.4.12}% 53
\BOOKMARK [3][-]{subsubsection.4.12.5}{\376\377\0004\000.\0001\0002\000.\0005\000\040\000V\000a\000r\000i\000a\000b\000e\000l\000-\000d\000o\000k\000u\000m\000e\000n\000t\000a\000t\000i\000o\000n}{subsection.4.12}% 54
\BOOKMARK [2][-]{subsection.4.13}{\376\377\0004\000.\0001\0003\000\040\000q\000u\000e\000u\000e\000.\000c\000\040\000f\000i\000l\000r\000e\000f\000e\000r\000e\000n\000c\000e}{section.4}% 55
\BOOKMARK [3][-]{subsubsection.4.13.1}{\376\377\0004\000.\0001\0003\000.\0001\000\040\000D\000e\000t\000a\000l\000j\000e\000r\000e\000t\000\040\000b\000e\000s\000k\000r\000i\000v\000e\000l\000s\000e}{subsection.4.13}% 56
\BOOKMARK [3][-]{subsubsection.4.13.2}{\376\377\0004\000.\0001\0003\000.\0002\000\040\000D\000a\000t\000a\000s\000t\000r\000u\000k\000t\000u\000r\000-\000d\000o\000c\000u\000m\000e\000n\000t\000a\000t\000i\000o\000n}{subsection.4.13}% 57
\BOOKMARK [3][-]{subsubsection.4.13.3}{\376\377\0004\000.\0001\0003\000.\0003\000\040\000F\000u\000n\000k\000t\000i\000o\000n\000s\000-\000d\000o\000k\000u\000m\000e\000n\000t\000a\000t\000i\000o\000n}{subsection.4.13}% 58
\BOOKMARK [2][-]{subsection.4.14}{\376\377\0004\000.\0001\0004\000\040\000q\000u\000e\000u\000e\000.\000h\000\040\000f\000i\000l\000r\000e\000f\000e\000r\000e\000n\000c\000e}{section.4}% 59
\BOOKMARK [3][-]{subsubsection.4.14.1}{\376\377\0004\000.\0001\0004\000.\0001\000\040\000D\000e\000t\000a\000l\000j\000e\000r\000e\000t\000\040\000b\000e\000s\000k\000r\000i\000v\000e\000l\000s\000e}{subsection.4.14}% 60
\BOOKMARK [3][-]{subsubsection.4.14.2}{\376\377\0004\000.\0001\0004\000.\0002\000\040\000D\000a\000t\000a\000s\000t\000r\000u\000k\000t\000u\000r\000-\000d\000o\000c\000u\000m\000e\000n\000t\000a\000t\000i\000o\000n}{subsection.4.14}% 61
\BOOKMARK [3][-]{subsubsection.4.14.3}{\376\377\0004\000.\0001\0004\000.\0003\000\040\000F\000u\000n\000k\000t\000i\000o\000n\000s\000-\000d\000o\000k\000u\000m\000e\000n\000t\000a\000t\000i\000o\000n}{subsection.4.14}% 62
\BOOKMARK [3][-]{subsubsection.4.14.4}{\376\377\0004\000.\0001\0004\000.\0004\000\040\000V\000a\000r\000i\000a\000b\000e\000l\000-\000d\000o\000k\000u\000m\000e\000n\000t\000a\000t\000i\000o\000n}{subsection.4.14}% 63
\BOOKMARK [2][-]{subsection.4.15}{\376\377\0004\000.\0001\0005\000\040\000S\000e\000n\000s\000o\000r\000D\000a\000t\000a\000.\000c\000\040\000f\000i\000l\000r\000e\000f\000e\000r\000e\000n\000c\000e}{section.4}% 64
\BOOKMARK [3][-]{subsubsection.4.15.1}{\376\377\0004\000.\0001\0005\000.\0001\000\040\000D\000e\000t\000a\000l\000j\000e\000r\000e\000t\000\040\000b\000e\000s\000k\000r\000i\000v\000e\000l\000s\000e}{subsection.4.15}% 65
\BOOKMARK [2][-]{subsection.4.16}{\376\377\0004\000.\0001\0006\000\040\000S\000e\000n\000s\000o\000r\000D\000a\000t\000a\000.\000h\000\040\000f\000i\000l\000r\000e\000f\000e\000r\000e\000n\000c\000e}{section.4}% 66
\BOOKMARK [3][-]{subsubsection.4.16.1}{\376\377\0004\000.\0001\0006\000.\0001\000\040\000D\000a\000t\000a\000s\000t\000r\000u\000k\000t\000u\000r\000-\000d\000o\000c\000u\000m\000e\000n\000t\000a\000t\000i\000o\000n}{subsection.4.16}% 67
\BOOKMARK [3][-]{subsubsection.4.16.2}{\376\377\0004\000.\0001\0006\000.\0002\000\040\000V\000a\000r\000i\000a\000b\000e\000l\000-\000d\000o\000k\000u\000m\000e\000n\000t\000a\000t\000i\000o\000n}{subsection.4.16}% 68
