ARM GAS  C:\Users\JEPPES~1\AppData\Local\Temp\ccBlGwXn.s 			page 1


   1              		.cpu cortex-m0
   2              		.fpu softvfp
   3              		.eabi_attribute 20, 1
   4              		.eabi_attribute 21, 1
   5              		.eabi_attribute 23, 3
   6              		.eabi_attribute 24, 1
   7              		.eabi_attribute 25, 1
   8              		.eabi_attribute 26, 1
   9              		.eabi_attribute 30, 1
  10              		.eabi_attribute 34, 0
  11              		.eabi_attribute 18, 4
  12              		.code	16
  13              		.file	"cyfitter_cfg.c"
  14              		.text
  15              	.Ltext0:
  16              		.cfi_sections	.debug_frame
  17              		.section	.text.cfg_write_bytes32,"ax",%progbits
  18              		.align	2
  19              		.code	16
  20              		.thumb_func
  21              		.type	cfg_write_bytes32, %function
  22              	cfg_write_bytes32:
  23              	.LFB3:
  24              		.file 1 ".\\Generated_Source\\PSoC4\\cyfitter_cfg.c"
   1:.\Generated_Source\PSoC4/cyfitter_cfg.c **** /*******************************************************************************
   2:.\Generated_Source\PSoC4/cyfitter_cfg.c **** * File Name: cyfitter_cfg.c
   3:.\Generated_Source\PSoC4/cyfitter_cfg.c **** * 
   4:.\Generated_Source\PSoC4/cyfitter_cfg.c **** * PSoC Creator  3.3 CP2
   5:.\Generated_Source\PSoC4/cyfitter_cfg.c **** *
   6:.\Generated_Source\PSoC4/cyfitter_cfg.c **** * Description:
   7:.\Generated_Source\PSoC4/cyfitter_cfg.c **** * This file contains device initialization code.
   8:.\Generated_Source\PSoC4/cyfitter_cfg.c **** * Except for the user defined sections in CyClockStartupError(), this file should not be modified.
   9:.\Generated_Source\PSoC4/cyfitter_cfg.c **** * This file is automatically generated by PSoC Creator.
  10:.\Generated_Source\PSoC4/cyfitter_cfg.c **** *
  11:.\Generated_Source\PSoC4/cyfitter_cfg.c **** ********************************************************************************
  12:.\Generated_Source\PSoC4/cyfitter_cfg.c **** * Copyright (c) 2007-2015 Cypress Semiconductor.  All rights reserved.
  13:.\Generated_Source\PSoC4/cyfitter_cfg.c **** * You may use this file only in accordance with the license, terms, conditions, 
  14:.\Generated_Source\PSoC4/cyfitter_cfg.c **** * disclaimers, and limitations in the end user license agreement accompanying 
  15:.\Generated_Source\PSoC4/cyfitter_cfg.c **** * the software package with which this file was provided.
  16:.\Generated_Source\PSoC4/cyfitter_cfg.c **** ********************************************************************************/
  17:.\Generated_Source\PSoC4/cyfitter_cfg.c **** 
  18:.\Generated_Source\PSoC4/cyfitter_cfg.c **** #include <string.h>
  19:.\Generated_Source\PSoC4/cyfitter_cfg.c **** #include "cytypes.h"
  20:.\Generated_Source\PSoC4/cyfitter_cfg.c **** #include "cydevice_trm.h"
  21:.\Generated_Source\PSoC4/cyfitter_cfg.c **** #include "cyfitter.h"
  22:.\Generated_Source\PSoC4/cyfitter_cfg.c **** #include "CyLib.h"
  23:.\Generated_Source\PSoC4/cyfitter_cfg.c **** #include "CyLFClk.h"
  24:.\Generated_Source\PSoC4/cyfitter_cfg.c **** #include "cyfitter_cfg.h"
  25:.\Generated_Source\PSoC4/cyfitter_cfg.c **** 
  26:.\Generated_Source\PSoC4/cyfitter_cfg.c **** 
  27:.\Generated_Source\PSoC4/cyfitter_cfg.c **** #if defined(__GNUC__) || defined(__ARMCC_VERSION)
  28:.\Generated_Source\PSoC4/cyfitter_cfg.c ****     #define CYPACKED 
  29:.\Generated_Source\PSoC4/cyfitter_cfg.c ****     #define CYPACKED_ATTR __attribute__ ((packed))
  30:.\Generated_Source\PSoC4/cyfitter_cfg.c ****     #define CYALIGNED __attribute__ ((aligned))
  31:.\Generated_Source\PSoC4/cyfitter_cfg.c ****     #define CY_CFG_UNUSED __attribute__ ((unused))
  32:.\Generated_Source\PSoC4/cyfitter_cfg.c ****     #ifndef CY_CFG_SECTION
  33:.\Generated_Source\PSoC4/cyfitter_cfg.c ****         #define CY_CFG_SECTION __attribute__ ((section(".psocinit")))
ARM GAS  C:\Users\JEPPES~1\AppData\Local\Temp\ccBlGwXn.s 			page 2


  34:.\Generated_Source\PSoC4/cyfitter_cfg.c ****     #endif
  35:.\Generated_Source\PSoC4/cyfitter_cfg.c ****     
  36:.\Generated_Source\PSoC4/cyfitter_cfg.c ****     #if defined(__ARMCC_VERSION)
  37:.\Generated_Source\PSoC4/cyfitter_cfg.c ****         #define CY_CFG_MEMORY_BARRIER() __memory_changed()
  38:.\Generated_Source\PSoC4/cyfitter_cfg.c ****     #else
  39:.\Generated_Source\PSoC4/cyfitter_cfg.c ****         #define CY_CFG_MEMORY_BARRIER() __sync_synchronize()
  40:.\Generated_Source\PSoC4/cyfitter_cfg.c ****     #endif
  41:.\Generated_Source\PSoC4/cyfitter_cfg.c ****     
  42:.\Generated_Source\PSoC4/cyfitter_cfg.c **** #elif defined(__ICCARM__)
  43:.\Generated_Source\PSoC4/cyfitter_cfg.c ****     #include <intrinsics.h>
  44:.\Generated_Source\PSoC4/cyfitter_cfg.c **** 
  45:.\Generated_Source\PSoC4/cyfitter_cfg.c ****     #define CYPACKED __packed
  46:.\Generated_Source\PSoC4/cyfitter_cfg.c ****     #define CYPACKED_ATTR 
  47:.\Generated_Source\PSoC4/cyfitter_cfg.c ****     #define CYALIGNED _Pragma("data_alignment=4")
  48:.\Generated_Source\PSoC4/cyfitter_cfg.c ****     #define CY_CFG_UNUSED _Pragma("diag_suppress=Pe177")
  49:.\Generated_Source\PSoC4/cyfitter_cfg.c ****     #define CY_CFG_SECTION _Pragma("location=\".psocinit\"")
  50:.\Generated_Source\PSoC4/cyfitter_cfg.c ****     
  51:.\Generated_Source\PSoC4/cyfitter_cfg.c ****     #define CY_CFG_MEMORY_BARRIER() __DMB()
  52:.\Generated_Source\PSoC4/cyfitter_cfg.c ****     
  53:.\Generated_Source\PSoC4/cyfitter_cfg.c **** #else
  54:.\Generated_Source\PSoC4/cyfitter_cfg.c ****     #error Unsupported toolchain
  55:.\Generated_Source\PSoC4/cyfitter_cfg.c **** #endif
  56:.\Generated_Source\PSoC4/cyfitter_cfg.c **** 
  57:.\Generated_Source\PSoC4/cyfitter_cfg.c **** 
  58:.\Generated_Source\PSoC4/cyfitter_cfg.c **** CY_CFG_UNUSED
  59:.\Generated_Source\PSoC4/cyfitter_cfg.c **** static void CYMEMZERO(void *s, size_t n);
  60:.\Generated_Source\PSoC4/cyfitter_cfg.c **** CY_CFG_UNUSED
  61:.\Generated_Source\PSoC4/cyfitter_cfg.c **** static void CYMEMZERO(void *s, size_t n)
  62:.\Generated_Source\PSoC4/cyfitter_cfg.c **** {
  63:.\Generated_Source\PSoC4/cyfitter_cfg.c **** 	(void)memset(s, 0, n);
  64:.\Generated_Source\PSoC4/cyfitter_cfg.c **** }
  65:.\Generated_Source\PSoC4/cyfitter_cfg.c **** CY_CFG_UNUSED
  66:.\Generated_Source\PSoC4/cyfitter_cfg.c **** static void CYCONFIGCPY(void *dest, const void *src, size_t n);
  67:.\Generated_Source\PSoC4/cyfitter_cfg.c **** CY_CFG_UNUSED
  68:.\Generated_Source\PSoC4/cyfitter_cfg.c **** static void CYCONFIGCPY(void *dest, const void *src, size_t n)
  69:.\Generated_Source\PSoC4/cyfitter_cfg.c **** {
  70:.\Generated_Source\PSoC4/cyfitter_cfg.c **** 	(void)memcpy(dest, src, n);
  71:.\Generated_Source\PSoC4/cyfitter_cfg.c **** }
  72:.\Generated_Source\PSoC4/cyfitter_cfg.c **** CY_CFG_UNUSED
  73:.\Generated_Source\PSoC4/cyfitter_cfg.c **** static void CYCONFIGCPYCODE(void *dest, const void *src, size_t n);
  74:.\Generated_Source\PSoC4/cyfitter_cfg.c **** CY_CFG_UNUSED
  75:.\Generated_Source\PSoC4/cyfitter_cfg.c **** static void CYCONFIGCPYCODE(void *dest, const void *src, size_t n)
  76:.\Generated_Source\PSoC4/cyfitter_cfg.c **** {
  77:.\Generated_Source\PSoC4/cyfitter_cfg.c **** 	(void)memcpy(dest, src, n);
  78:.\Generated_Source\PSoC4/cyfitter_cfg.c **** }
  79:.\Generated_Source\PSoC4/cyfitter_cfg.c **** 
  80:.\Generated_Source\PSoC4/cyfitter_cfg.c **** 
  81:.\Generated_Source\PSoC4/cyfitter_cfg.c **** 
  82:.\Generated_Source\PSoC4/cyfitter_cfg.c **** /* Clock startup error codes                                                   */
  83:.\Generated_Source\PSoC4/cyfitter_cfg.c **** #define CYCLOCKSTART_NO_ERROR    0u
  84:.\Generated_Source\PSoC4/cyfitter_cfg.c **** #define CYCLOCKSTART_XTAL_ERROR  1u
  85:.\Generated_Source\PSoC4/cyfitter_cfg.c **** #define CYCLOCKSTART_32KHZ_ERROR 2u
  86:.\Generated_Source\PSoC4/cyfitter_cfg.c **** #define CYCLOCKSTART_PLL_ERROR   3u
  87:.\Generated_Source\PSoC4/cyfitter_cfg.c **** 
  88:.\Generated_Source\PSoC4/cyfitter_cfg.c **** #ifdef CY_NEED_CYCLOCKSTARTUPERROR
  89:.\Generated_Source\PSoC4/cyfitter_cfg.c **** /*******************************************************************************
  90:.\Generated_Source\PSoC4/cyfitter_cfg.c **** * Function Name: CyClockStartupError
ARM GAS  C:\Users\JEPPES~1\AppData\Local\Temp\ccBlGwXn.s 			page 3


  91:.\Generated_Source\PSoC4/cyfitter_cfg.c **** ********************************************************************************
  92:.\Generated_Source\PSoC4/cyfitter_cfg.c **** * Summary:
  93:.\Generated_Source\PSoC4/cyfitter_cfg.c **** *  If an error is encountered during clock configuration (crystal startup error,
  94:.\Generated_Source\PSoC4/cyfitter_cfg.c **** *  PLL lock error, etc.), the system will end up here.  Unless reimplemented by
  95:.\Generated_Source\PSoC4/cyfitter_cfg.c **** *  the customer, this function will stop in an infinite loop.
  96:.\Generated_Source\PSoC4/cyfitter_cfg.c **** *
  97:.\Generated_Source\PSoC4/cyfitter_cfg.c **** * Parameters:
  98:.\Generated_Source\PSoC4/cyfitter_cfg.c **** *   void
  99:.\Generated_Source\PSoC4/cyfitter_cfg.c **** *
 100:.\Generated_Source\PSoC4/cyfitter_cfg.c **** * Return:
 101:.\Generated_Source\PSoC4/cyfitter_cfg.c **** *   void
 102:.\Generated_Source\PSoC4/cyfitter_cfg.c **** *
 103:.\Generated_Source\PSoC4/cyfitter_cfg.c **** *******************************************************************************/
 104:.\Generated_Source\PSoC4/cyfitter_cfg.c **** CY_CFG_UNUSED
 105:.\Generated_Source\PSoC4/cyfitter_cfg.c **** static void CyClockStartupError(uint8 errorCode);
 106:.\Generated_Source\PSoC4/cyfitter_cfg.c **** CY_CFG_UNUSED
 107:.\Generated_Source\PSoC4/cyfitter_cfg.c **** static void CyClockStartupError(uint8 errorCode)
 108:.\Generated_Source\PSoC4/cyfitter_cfg.c **** {
 109:.\Generated_Source\PSoC4/cyfitter_cfg.c ****     /* To remove the compiler warning if errorCode not used.                */
 110:.\Generated_Source\PSoC4/cyfitter_cfg.c ****     errorCode = errorCode;
 111:.\Generated_Source\PSoC4/cyfitter_cfg.c **** 
 112:.\Generated_Source\PSoC4/cyfitter_cfg.c ****     /* `#START CyClockStartupError` */
 113:.\Generated_Source\PSoC4/cyfitter_cfg.c **** 
 114:.\Generated_Source\PSoC4/cyfitter_cfg.c ****     /* If we have a clock startup error (bad MHz crystal, PLL lock, etc.),  */
 115:.\Generated_Source\PSoC4/cyfitter_cfg.c ****     /* we will end up here to allow the customer to implement something to  */
 116:.\Generated_Source\PSoC4/cyfitter_cfg.c ****     /* deal with the clock condition.                                       */
 117:.\Generated_Source\PSoC4/cyfitter_cfg.c **** 
 118:.\Generated_Source\PSoC4/cyfitter_cfg.c ****     /* `#END` */
 119:.\Generated_Source\PSoC4/cyfitter_cfg.c **** 
 120:.\Generated_Source\PSoC4/cyfitter_cfg.c ****     /* If nothing else, stop here since the clocks have not started         */
 121:.\Generated_Source\PSoC4/cyfitter_cfg.c ****     /* correctly.                                                           */
 122:.\Generated_Source\PSoC4/cyfitter_cfg.c ****     while(1) {}
 123:.\Generated_Source\PSoC4/cyfitter_cfg.c **** }
 124:.\Generated_Source\PSoC4/cyfitter_cfg.c **** #endif
 125:.\Generated_Source\PSoC4/cyfitter_cfg.c **** 
 126:.\Generated_Source\PSoC4/cyfitter_cfg.c **** #define CY_CFG_BASE_ADDR_COUNT 2u
 127:.\Generated_Source\PSoC4/cyfitter_cfg.c **** CYPACKED typedef struct
 128:.\Generated_Source\PSoC4/cyfitter_cfg.c **** {
 129:.\Generated_Source\PSoC4/cyfitter_cfg.c **** 	uint8 offset;
 130:.\Generated_Source\PSoC4/cyfitter_cfg.c **** 	uint8 value;
 131:.\Generated_Source\PSoC4/cyfitter_cfg.c **** } CYPACKED_ATTR cy_cfg_addrvalue_t;
 132:.\Generated_Source\PSoC4/cyfitter_cfg.c **** 
 133:.\Generated_Source\PSoC4/cyfitter_cfg.c **** 
 134:.\Generated_Source\PSoC4/cyfitter_cfg.c **** 
 135:.\Generated_Source\PSoC4/cyfitter_cfg.c **** /*******************************************************************************
 136:.\Generated_Source\PSoC4/cyfitter_cfg.c **** * Function Name: cfg_write_bytes32
 137:.\Generated_Source\PSoC4/cyfitter_cfg.c **** ********************************************************************************
 138:.\Generated_Source\PSoC4/cyfitter_cfg.c **** * Summary:
 139:.\Generated_Source\PSoC4/cyfitter_cfg.c **** *  This function is used for setting up the chip configuration areas that
 140:.\Generated_Source\PSoC4/cyfitter_cfg.c **** *  contain relatively sparse data.
 141:.\Generated_Source\PSoC4/cyfitter_cfg.c **** *
 142:.\Generated_Source\PSoC4/cyfitter_cfg.c **** * Parameters:
 143:.\Generated_Source\PSoC4/cyfitter_cfg.c **** *   void
 144:.\Generated_Source\PSoC4/cyfitter_cfg.c **** *
 145:.\Generated_Source\PSoC4/cyfitter_cfg.c **** * Return:
 146:.\Generated_Source\PSoC4/cyfitter_cfg.c **** *   void
 147:.\Generated_Source\PSoC4/cyfitter_cfg.c **** *
ARM GAS  C:\Users\JEPPES~1\AppData\Local\Temp\ccBlGwXn.s 			page 4


 148:.\Generated_Source\PSoC4/cyfitter_cfg.c **** *******************************************************************************/
 149:.\Generated_Source\PSoC4/cyfitter_cfg.c **** static void cfg_write_bytes32(const uint32 addr_table[], const cy_cfg_addrvalue_t data_table[]);
 150:.\Generated_Source\PSoC4/cyfitter_cfg.c **** static void cfg_write_bytes32(const uint32 addr_table[], const cy_cfg_addrvalue_t data_table[])
 151:.\Generated_Source\PSoC4/cyfitter_cfg.c **** {
  25              		.loc 1 151 0
  26              		.cfi_startproc
  27              	.LVL0:
  28 0000 F0B5     		push	{r4, r5, r6, r7, lr}
  29              		.cfi_def_cfa_offset 20
  30              		.cfi_offset 4, -20
  31              		.cfi_offset 5, -16
  32              		.cfi_offset 6, -12
  33              		.cfi_offset 7, -8
  34              		.cfi_offset 14, -4
  35              	.LVL1:
 152:.\Generated_Source\PSoC4/cyfitter_cfg.c **** 	/* For 32-bit little-endian architectures */
 153:.\Generated_Source\PSoC4/cyfitter_cfg.c **** 	uint32 i, j = 0u;
  36              		.loc 1 153 0
  37 0002 0025     		mov	r5, #0
 154:.\Generated_Source\PSoC4/cyfitter_cfg.c **** 	for (i = 0u; i < CY_CFG_BASE_ADDR_COUNT; i++)
  38              		.loc 1 154 0
  39 0004 0027     		mov	r7, #0
  40 0006 11E0     		b	.L2
  41              	.LVL2:
  42              	.L5:
  43              	.LBB2:
 155:.\Generated_Source\PSoC4/cyfitter_cfg.c **** 	{
 156:.\Generated_Source\PSoC4/cyfitter_cfg.c **** 		uint32 baseAddr = addr_table[i];
  44              		.loc 1 156 0
  45 0008 BB00     		lsl	r3, r7, #2
  46 000a C658     		ldr	r6, [r0, r3]
  47              	.LVL3:
 157:.\Generated_Source\PSoC4/cyfitter_cfg.c **** 		uint8 count = (uint8)baseAddr;
  48              		.loc 1 157 0
  49 000c F3B2     		uxtb	r3, r6
  50              	.LVL4:
 158:.\Generated_Source\PSoC4/cyfitter_cfg.c **** 		baseAddr &= 0xFFFFFF00u;
  51              		.loc 1 158 0
  52 000e FF22     		mov	r2, #255
  53 0010 9643     		bic	r6, r2
  54              	.LVL5:
 159:.\Generated_Source\PSoC4/cyfitter_cfg.c **** 		while (count != 0u)
  55              		.loc 1 159 0
  56 0012 08E0     		b	.L3
  57              	.L4:
 160:.\Generated_Source\PSoC4/cyfitter_cfg.c **** 		{
 161:.\Generated_Source\PSoC4/cyfitter_cfg.c **** 			CY_SET_XTND_REG8((void CYFAR *)(baseAddr + data_table[j].offset), data_table[j].value);
  58              		.loc 1 161 0
  59 0014 6A00     		lsl	r2, r5, #1
  60 0016 8A18     		add	r2, r1, r2
  61 0018 1478     		ldrb	r4, [r2]
  62 001a A419     		add	r4, r4, r6
  63 001c 5278     		ldrb	r2, [r2, #1]
  64 001e 2270     		strb	r2, [r4]
 162:.\Generated_Source\PSoC4/cyfitter_cfg.c **** 			j++;
  65              		.loc 1 162 0
  66 0020 0135     		add	r5, r5, #1
ARM GAS  C:\Users\JEPPES~1\AppData\Local\Temp\ccBlGwXn.s 			page 5


  67              	.LVL6:
 163:.\Generated_Source\PSoC4/cyfitter_cfg.c **** 			count--;
  68              		.loc 1 163 0
  69 0022 013B     		sub	r3, r3, #1
  70              	.LVL7:
  71 0024 DBB2     		uxtb	r3, r3
  72              	.LVL8:
  73              	.L3:
 159:.\Generated_Source\PSoC4/cyfitter_cfg.c **** 		{
  74              		.loc 1 159 0
  75 0026 002B     		cmp	r3, #0
  76 0028 F4D1     		bne	.L4
  77              	.LBE2:
 154:.\Generated_Source\PSoC4/cyfitter_cfg.c **** 	{
  78              		.loc 1 154 0 discriminator 2
  79 002a 0137     		add	r7, r7, #1
  80              	.LVL9:
  81              	.L2:
 154:.\Generated_Source\PSoC4/cyfitter_cfg.c **** 	{
  82              		.loc 1 154 0 is_stmt 0 discriminator 1
  83 002c 012F     		cmp	r7, #1
  84 002e EBD9     		bls	.L5
 164:.\Generated_Source\PSoC4/cyfitter_cfg.c **** 		}
 165:.\Generated_Source\PSoC4/cyfitter_cfg.c **** 	}
 166:.\Generated_Source\PSoC4/cyfitter_cfg.c **** }
  85              		.loc 1 166 0 is_stmt 1
  86              		@ sp needed
  87              	.LVL10:
  88              	.LVL11:
  89 0030 F0BD     		pop	{r4, r5, r6, r7, pc}
  90              		.cfi_endproc
  91              	.LFE3:
  92              		.size	cfg_write_bytes32, .-cfg_write_bytes32
  93 0032 C046     		.section	.text.CYMEMZERO,"ax",%progbits
  94              		.align	2
  95              		.code	16
  96              		.thumb_func
  97              		.type	CYMEMZERO, %function
  98              	CYMEMZERO:
  99              	.LFB0:
  62:.\Generated_Source\PSoC4/cyfitter_cfg.c **** 	(void)memset(s, 0, n);
 100              		.loc 1 62 0
 101              		.cfi_startproc
 102              	.LVL12:
 103 0000 08B5     		push	{r3, lr}
 104              		.cfi_def_cfa_offset 8
 105              		.cfi_offset 3, -8
 106              		.cfi_offset 14, -4
 107 0002 0A1C     		mov	r2, r1
  63:.\Generated_Source\PSoC4/cyfitter_cfg.c **** }
 108              		.loc 1 63 0
 109 0004 0021     		mov	r1, #0
 110              	.LVL13:
 111 0006 FFF7FEFF 		bl	memset
 112              	.LVL14:
  64:.\Generated_Source\PSoC4/cyfitter_cfg.c **** CY_CFG_UNUSED
 113              		.loc 1 64 0
ARM GAS  C:\Users\JEPPES~1\AppData\Local\Temp\ccBlGwXn.s 			page 6


 114              		@ sp needed
 115 000a 08BD     		pop	{r3, pc}
 116              		.cfi_endproc
 117              	.LFE0:
 118              		.size	CYMEMZERO, .-CYMEMZERO
 119              		.section	.psocinit,"ax",%progbits
 120              		.align	2
 121              		.code	16
 122              		.thumb_func
 123              		.type	ClockSetup, %function
 124              	ClockSetup:
 125              	.LFB4:
 167:.\Generated_Source\PSoC4/cyfitter_cfg.c **** 
 168:.\Generated_Source\PSoC4/cyfitter_cfg.c **** 
 169:.\Generated_Source\PSoC4/cyfitter_cfg.c **** /*******************************************************************************
 170:.\Generated_Source\PSoC4/cyfitter_cfg.c **** * Function Name: ClockSetup
 171:.\Generated_Source\PSoC4/cyfitter_cfg.c **** ********************************************************************************
 172:.\Generated_Source\PSoC4/cyfitter_cfg.c **** *
 173:.\Generated_Source\PSoC4/cyfitter_cfg.c **** * Summary:
 174:.\Generated_Source\PSoC4/cyfitter_cfg.c **** *   Performs the initialization of all of the clocks in the device based on the
 175:.\Generated_Source\PSoC4/cyfitter_cfg.c **** *   settings in the Clock tab of the DWR.  This includes enabling the requested
 176:.\Generated_Source\PSoC4/cyfitter_cfg.c **** *   clocks and setting the necessary dividers to produce the desired frequency. 
 177:.\Generated_Source\PSoC4/cyfitter_cfg.c **** *
 178:.\Generated_Source\PSoC4/cyfitter_cfg.c **** * Parameters:
 179:.\Generated_Source\PSoC4/cyfitter_cfg.c **** *   void
 180:.\Generated_Source\PSoC4/cyfitter_cfg.c **** *
 181:.\Generated_Source\PSoC4/cyfitter_cfg.c **** * Return:
 182:.\Generated_Source\PSoC4/cyfitter_cfg.c **** *   void
 183:.\Generated_Source\PSoC4/cyfitter_cfg.c **** *
 184:.\Generated_Source\PSoC4/cyfitter_cfg.c **** *******************************************************************************/
 185:.\Generated_Source\PSoC4/cyfitter_cfg.c **** static void ClockSetup(void);
 186:.\Generated_Source\PSoC4/cyfitter_cfg.c **** CY_CFG_SECTION
 187:.\Generated_Source\PSoC4/cyfitter_cfg.c **** static void ClockSetup(void)
 188:.\Generated_Source\PSoC4/cyfitter_cfg.c **** {
 126              		.loc 1 188 0
 127              		.cfi_startproc
 128 0000 38B5     		push	{r3, r4, r5, lr}
 129              		.cfi_def_cfa_offset 16
 130              		.cfi_offset 3, -16
 131              		.cfi_offset 4, -12
 132              		.cfi_offset 5, -8
 133              		.cfi_offset 14, -4
 189:.\Generated_Source\PSoC4/cyfitter_cfg.c **** 	/* Enable HALF_EN before trimming for the flash accelerator. */
 190:.\Generated_Source\PSoC4/cyfitter_cfg.c **** 	CY_SET_REG32((void CYXDATA *)(CYREG_CLK_SELECT), (CY_GET_REG32((void *)CYREG_CLK_SELECT) | 0x00040
 134              		.loc 1 190 0
 135 0002 134C     		ldr	r4, .L8
 136 0004 2368     		ldr	r3, [r4]
 137 0006 8022     		mov	r2, #128
 138 0008 D202     		lsl	r2, r2, #11
 139 000a 1343     		orr	r3, r2
 140 000c 2360     		str	r3, [r4]
 191:.\Generated_Source\PSoC4/cyfitter_cfg.c **** 
 192:.\Generated_Source\PSoC4/cyfitter_cfg.c **** 	/* Setup and trim IMO based on desired frequency. */
 193:.\Generated_Source\PSoC4/cyfitter_cfg.c **** 	CySysClkWriteImoFreq(24u);
 141              		.loc 1 193 0
 142 000e 1820     		mov	r0, #24
 143 0010 FFF7FEFF 		bl	CySysClkWriteImoFreq
ARM GAS  C:\Users\JEPPES~1\AppData\Local\Temp\ccBlGwXn.s 			page 7


 144              	.LVL15:
 194:.\Generated_Source\PSoC4/cyfitter_cfg.c **** 
 195:.\Generated_Source\PSoC4/cyfitter_cfg.c **** 	/* Disable HALF_EN since it is not required at this IMO frequency. */
 196:.\Generated_Source\PSoC4/cyfitter_cfg.c **** 	CY_SET_REG32((void CYXDATA *)(CYREG_CLK_SELECT), (CY_GET_REG32((void *)CYREG_CLK_SELECT) & 0xFFFBF
 145              		.loc 1 196 0
 146 0014 2268     		ldr	r2, [r4]
 147 0016 0F4B     		ldr	r3, .L8+4
 148 0018 1340     		and	r3, r2
 149 001a 2360     		str	r3, [r4]
 197:.\Generated_Source\PSoC4/cyfitter_cfg.c **** 	/* CYDEV_CLK_ILO_CONFIG Starting address: CYDEV_CLK_ILO_CONFIG */
 198:.\Generated_Source\PSoC4/cyfitter_cfg.c **** 	CY_SET_XTND_REG32((void CYFAR *)(CYREG_CLK_ILO_CONFIG), 0x80000006u);
 150              		.loc 1 198 0
 151 001c 0E4A     		ldr	r2, .L8+8
 152 001e 0F4B     		ldr	r3, .L8+12
 153 0020 1A60     		str	r2, [r3]
 199:.\Generated_Source\PSoC4/cyfitter_cfg.c **** 
 200:.\Generated_Source\PSoC4/cyfitter_cfg.c **** 
 201:.\Generated_Source\PSoC4/cyfitter_cfg.c **** 	/* CYDEV_CLK_SELECT00 Starting address: CYDEV_CLK_SELECT00 */
 202:.\Generated_Source\PSoC4/cyfitter_cfg.c **** 	CY_SET_XTND_REG32((void CYFAR *)(CYREG_CLK_SELECT02), 0x00000010u);
 154              		.loc 1 202 0
 155 0022 1022     		mov	r2, #16
 156 0024 0E4B     		ldr	r3, .L8+16
 157 0026 1A60     		str	r2, [r3]
 203:.\Generated_Source\PSoC4/cyfitter_cfg.c **** 
 204:.\Generated_Source\PSoC4/cyfitter_cfg.c **** 	/* CYDEV_CLK_IMO_CONFIG Starting address: CYDEV_CLK_IMO_CONFIG */
 205:.\Generated_Source\PSoC4/cyfitter_cfg.c **** 	CY_SET_XTND_REG32((void CYFAR *)(CYREG_CLK_IMO_CONFIG), 0x80000000u);
 158              		.loc 1 205 0
 159 0028 8022     		mov	r2, #128
 160 002a 1206     		lsl	r2, r2, #24
 161 002c 0D4B     		ldr	r3, .L8+20
 162 002e 1A60     		str	r2, [r3]
 206:.\Generated_Source\PSoC4/cyfitter_cfg.c **** 
 207:.\Generated_Source\PSoC4/cyfitter_cfg.c **** 	/* CYDEV_CLK_SELECT Starting address: CYDEV_CLK_SELECT */
 208:.\Generated_Source\PSoC4/cyfitter_cfg.c **** 	CY_SET_XTND_REG32((void CYFAR *)(CYREG_CLK_SELECT), 0x00000000u);
 163              		.loc 1 208 0
 164 0030 0025     		mov	r5, #0
 165 0032 2560     		str	r5, [r4]
 209:.\Generated_Source\PSoC4/cyfitter_cfg.c **** 
 210:.\Generated_Source\PSoC4/cyfitter_cfg.c **** 	/* CYDEV_CLK_DIVIDER_A00 Starting address: CYDEV_CLK_DIVIDER_A00 */
 211:.\Generated_Source\PSoC4/cyfitter_cfg.c **** 	CY_SET_XTND_REG32((void CYFAR *)(CYREG_CLK_DIVIDER_A00), 0x8000000Eu);
 166              		.loc 1 211 0
 167 0034 0C4A     		ldr	r2, .L8+24
 168 0036 0D4B     		ldr	r3, .L8+28
 169 0038 1A60     		str	r2, [r3]
 212:.\Generated_Source\PSoC4/cyfitter_cfg.c **** 
 213:.\Generated_Source\PSoC4/cyfitter_cfg.c **** 	(void)CyIntSetVector(9u, &CySysWdtIsr);
 170              		.loc 1 213 0
 171 003a 0920     		mov	r0, #9
 172 003c 0C49     		ldr	r1, .L8+32
 173 003e FFF7FEFF 		bl	CyIntSetVector
 174              	.LVL16:
 214:.\Generated_Source\PSoC4/cyfitter_cfg.c **** 	CyIntEnable(9u);
 175              		.loc 1 214 0
 176 0042 0920     		mov	r0, #9
 177 0044 FFF7FEFF 		bl	CyIntEnable
 178              	.LVL17:
 215:.\Generated_Source\PSoC4/cyfitter_cfg.c **** 	CY_SET_XTND_REG32((void CYFAR *)(CYREG_WDT_CONFIG), 0x00000000u);
ARM GAS  C:\Users\JEPPES~1\AppData\Local\Temp\ccBlGwXn.s 			page 8


 179              		.loc 1 215 0
 180 0048 0A4B     		ldr	r3, .L8+36
 181 004a 1D60     		str	r5, [r3]
 216:.\Generated_Source\PSoC4/cyfitter_cfg.c **** }
 182              		.loc 1 216 0
 183              		@ sp needed
 184 004c 38BD     		pop	{r3, r4, r5, pc}
 185              	.L9:
 186 004e C046     		.align	2
 187              	.L8:
 188 0050 00010B40 		.word	1074462976
 189 0054 FFFFFBFF 		.word	-262145
 190 0058 06000080 		.word	-2147483642
 191 005c 04010B40 		.word	1074462980
 192 0060 08020240 		.word	1073873416
 193 0064 08010B40 		.word	1074462984
 194 0068 0E000080 		.word	-2147483634
 195 006c 00000240 		.word	1073872896
 196 0070 00000000 		.word	CySysWdtIsr
 197 0074 0C020B40 		.word	1074463244
 198              		.cfi_endproc
 199              	.LFE4:
 200              		.size	ClockSetup, .-ClockSetup
 201              		.align	2
 202              		.global	cyfitter_cfg
 203              		.code	16
 204              		.thumb_func
 205              		.type	cyfitter_cfg, %function
 206              	cyfitter_cfg:
 207              	.LFB6:
 217:.\Generated_Source\PSoC4/cyfitter_cfg.c **** 
 218:.\Generated_Source\PSoC4/cyfitter_cfg.c **** 
 219:.\Generated_Source\PSoC4/cyfitter_cfg.c **** /* Analog API Functions */
 220:.\Generated_Source\PSoC4/cyfitter_cfg.c **** 
 221:.\Generated_Source\PSoC4/cyfitter_cfg.c **** 
 222:.\Generated_Source\PSoC4/cyfitter_cfg.c **** /*******************************************************************************
 223:.\Generated_Source\PSoC4/cyfitter_cfg.c **** * Function Name: AnalogSetDefault
 224:.\Generated_Source\PSoC4/cyfitter_cfg.c **** ********************************************************************************
 225:.\Generated_Source\PSoC4/cyfitter_cfg.c **** *
 226:.\Generated_Source\PSoC4/cyfitter_cfg.c **** * Summary:
 227:.\Generated_Source\PSoC4/cyfitter_cfg.c **** *  Sets up the analog portions of the chip to default values based on chip
 228:.\Generated_Source\PSoC4/cyfitter_cfg.c **** *  configuration options from the project.
 229:.\Generated_Source\PSoC4/cyfitter_cfg.c **** *
 230:.\Generated_Source\PSoC4/cyfitter_cfg.c **** * Parameters:
 231:.\Generated_Source\PSoC4/cyfitter_cfg.c **** *  void
 232:.\Generated_Source\PSoC4/cyfitter_cfg.c **** *
 233:.\Generated_Source\PSoC4/cyfitter_cfg.c **** * Return:
 234:.\Generated_Source\PSoC4/cyfitter_cfg.c **** *  void
 235:.\Generated_Source\PSoC4/cyfitter_cfg.c **** *
 236:.\Generated_Source\PSoC4/cyfitter_cfg.c **** *******************************************************************************/
 237:.\Generated_Source\PSoC4/cyfitter_cfg.c **** static void AnalogSetDefault(void);
 238:.\Generated_Source\PSoC4/cyfitter_cfg.c **** static void AnalogSetDefault(void)
 239:.\Generated_Source\PSoC4/cyfitter_cfg.c **** {
 240:.\Generated_Source\PSoC4/cyfitter_cfg.c **** }
 241:.\Generated_Source\PSoC4/cyfitter_cfg.c **** 
 242:.\Generated_Source\PSoC4/cyfitter_cfg.c **** #define CY_AMUX_UNUSED CYREG_CM0_ROM_DWT
 243:.\Generated_Source\PSoC4/cyfitter_cfg.c **** 
ARM GAS  C:\Users\JEPPES~1\AppData\Local\Temp\ccBlGwXn.s 			page 9


 244:.\Generated_Source\PSoC4/cyfitter_cfg.c **** 
 245:.\Generated_Source\PSoC4/cyfitter_cfg.c **** /*******************************************************************************
 246:.\Generated_Source\PSoC4/cyfitter_cfg.c **** * Function Name: cyfitter_cfg
 247:.\Generated_Source\PSoC4/cyfitter_cfg.c **** ********************************************************************************
 248:.\Generated_Source\PSoC4/cyfitter_cfg.c **** * Summary:
 249:.\Generated_Source\PSoC4/cyfitter_cfg.c **** *  This function is called by the start-up code for the selected device. It
 250:.\Generated_Source\PSoC4/cyfitter_cfg.c **** *  performs all of the necessary device configuration based on the design
 251:.\Generated_Source\PSoC4/cyfitter_cfg.c **** *  settings.  This includes settings from the Design Wide Resources (DWR) such
 252:.\Generated_Source\PSoC4/cyfitter_cfg.c **** *  as Clocks and Pins as well as any component configuration that is necessary.
 253:.\Generated_Source\PSoC4/cyfitter_cfg.c **** *
 254:.\Generated_Source\PSoC4/cyfitter_cfg.c **** * Parameters:  
 255:.\Generated_Source\PSoC4/cyfitter_cfg.c **** *   void
 256:.\Generated_Source\PSoC4/cyfitter_cfg.c **** *
 257:.\Generated_Source\PSoC4/cyfitter_cfg.c **** * Return:
 258:.\Generated_Source\PSoC4/cyfitter_cfg.c **** *   void
 259:.\Generated_Source\PSoC4/cyfitter_cfg.c **** *
 260:.\Generated_Source\PSoC4/cyfitter_cfg.c **** *******************************************************************************/
 261:.\Generated_Source\PSoC4/cyfitter_cfg.c **** CY_CFG_SECTION
 262:.\Generated_Source\PSoC4/cyfitter_cfg.c **** void cyfitter_cfg(void)
 263:.\Generated_Source\PSoC4/cyfitter_cfg.c **** {
 208              		.loc 1 263 0
 209              		.cfi_startproc
 210 0078 10B5     		push	{r4, lr}
 211              		.cfi_def_cfa_offset 8
 212              		.cfi_offset 4, -8
 213              		.cfi_offset 14, -4
 264:.\Generated_Source\PSoC4/cyfitter_cfg.c **** 	/* Disable interrupts by default. Let user enable if/when they want. */
 265:.\Generated_Source\PSoC4/cyfitter_cfg.c **** 	CyGlobalIntDisable;
 214              		.loc 1 265 0
 215              	@ 265 ".\Generated_Source\PSoC4\cyfitter_cfg.c" 1
 216 007a 72B6     		CPSID   i
 217              	@ 0 "" 2
 266:.\Generated_Source\PSoC4/cyfitter_cfg.c **** 
 267:.\Generated_Source\PSoC4/cyfitter_cfg.c **** 	/* Enable the clock in the interrupt controller for the routed interrupts */
 268:.\Generated_Source\PSoC4/cyfitter_cfg.c **** 	CY_SET_REG8((void *)CYREG_UDB_UDBIF_INT_CLK_CTL, 0x01u);
 218              		.loc 1 268 0
 219              		.code	16
 220 007c 0122     		mov	r2, #1
 221 007e 304B     		ldr	r3, .L13
 222 0080 1A70     		strb	r2, [r3]
 223              	.LVL18:
 224              	.LBB3:
 269:.\Generated_Source\PSoC4/cyfitter_cfg.c **** 	{
 270:.\Generated_Source\PSoC4/cyfitter_cfg.c **** 		static const uint32 CYCODE cy_cfg_addr_table[] = {
 271:.\Generated_Source\PSoC4/cyfitter_cfg.c **** 			0x400F4004u, /* Base address: 0x400F4000 Count: 4 */
 272:.\Generated_Source\PSoC4/cyfitter_cfg.c **** 			0x400F4105u, /* Base address: 0x400F4100 Count: 5 */
 273:.\Generated_Source\PSoC4/cyfitter_cfg.c **** 		};
 274:.\Generated_Source\PSoC4/cyfitter_cfg.c **** 
 275:.\Generated_Source\PSoC4/cyfitter_cfg.c **** 		static const cy_cfg_addrvalue_t CYCODE cy_cfg_data_table[] = {
 276:.\Generated_Source\PSoC4/cyfitter_cfg.c **** 			{0x6Bu, 0x80u},
 277:.\Generated_Source\PSoC4/cyfitter_cfg.c **** 			{0x6Fu, 0x20u},
 278:.\Generated_Source\PSoC4/cyfitter_cfg.c **** 			{0xDAu, 0x80u},
 279:.\Generated_Source\PSoC4/cyfitter_cfg.c **** 			{0xDCu, 0x20u},
 280:.\Generated_Source\PSoC4/cyfitter_cfg.c **** 			{0x03u, 0x20u},
 281:.\Generated_Source\PSoC4/cyfitter_cfg.c **** 			{0x07u, 0x80u},
 282:.\Generated_Source\PSoC4/cyfitter_cfg.c **** 			{0x9Fu, 0x80u},
 283:.\Generated_Source\PSoC4/cyfitter_cfg.c **** 			{0xA7u, 0x20u},
ARM GAS  C:\Users\JEPPES~1\AppData\Local\Temp\ccBlGwXn.s 			page 10


 284:.\Generated_Source\PSoC4/cyfitter_cfg.c **** 			{0xC0u, 0x30u},
 285:.\Generated_Source\PSoC4/cyfitter_cfg.c **** 		};
 286:.\Generated_Source\PSoC4/cyfitter_cfg.c **** 
 287:.\Generated_Source\PSoC4/cyfitter_cfg.c **** 
 288:.\Generated_Source\PSoC4/cyfitter_cfg.c **** 
 289:.\Generated_Source\PSoC4/cyfitter_cfg.c **** 		CYPACKED typedef struct {
 290:.\Generated_Source\PSoC4/cyfitter_cfg.c **** 			void CYFAR *address;
 291:.\Generated_Source\PSoC4/cyfitter_cfg.c **** 			uint16 size;
 292:.\Generated_Source\PSoC4/cyfitter_cfg.c **** 		} CYPACKED_ATTR cfg_memset_t;
 293:.\Generated_Source\PSoC4/cyfitter_cfg.c **** 
 294:.\Generated_Source\PSoC4/cyfitter_cfg.c **** 		static const cfg_memset_t CYCODE cfg_memset_list [] = {
 295:.\Generated_Source\PSoC4/cyfitter_cfg.c **** 			/* address, size */
 296:.\Generated_Source\PSoC4/cyfitter_cfg.c **** 			{(void CYFAR *)(CYDEV_UDB_P0_U0_BASE), 1024u},
 297:.\Generated_Source\PSoC4/cyfitter_cfg.c **** 			{(void CYFAR *)(CYDEV_UDB_DSI0_BASE), 1024u},
 298:.\Generated_Source\PSoC4/cyfitter_cfg.c **** 		};
 299:.\Generated_Source\PSoC4/cyfitter_cfg.c **** 
 300:.\Generated_Source\PSoC4/cyfitter_cfg.c **** 		uint8 CYDATA i;
 301:.\Generated_Source\PSoC4/cyfitter_cfg.c **** 
 302:.\Generated_Source\PSoC4/cyfitter_cfg.c **** 		/* Zero out critical memory blocks before beginning configuration */
 303:.\Generated_Source\PSoC4/cyfitter_cfg.c **** 		for (i = 0u; i < (sizeof(cfg_memset_list)/sizeof(cfg_memset_list[0])); i++)
 225              		.loc 1 303 0
 226 0082 0024     		mov	r4, #0
 227 0084 10E0     		b	.L11
 228              	.LVL19:
 229              	.L12:
 230              	.LBB4:
 304:.\Generated_Source\PSoC4/cyfitter_cfg.c **** 		{
 305:.\Generated_Source\PSoC4/cyfitter_cfg.c **** 			const cfg_memset_t CYCODE * CYDATA ms = &cfg_memset_list[i];
 306:.\Generated_Source\PSoC4/cyfitter_cfg.c **** 			CYMEMZERO(ms->address, (size_t)(uint32)(ms->size));
 231              		.loc 1 306 0 discriminator 3
 232 0086 2F48     		ldr	r0, .L13+4
 233 0088 6300     		lsl	r3, r4, #1
 234 008a 1A19     		add	r2, r3, r4
 235 008c 5200     		lsl	r2, r2, #1
 236 008e 8218     		add	r2, r0, r2
 237 0090 9188     		ldrh	r1, [r2, #4]
 238 0092 1B19     		add	r3, r3, r4
 239 0094 5B00     		lsl	r3, r3, #1
 240 0096 1A5A     		ldrh	r2, [r3, r0]
 241 0098 C318     		add	r3, r0, r3
 242 009a 5888     		ldrh	r0, [r3, #2]
 243 009c 0004     		lsl	r0, r0, #16
 244 009e 1043     		orr	r0, r2
 245 00a0 FFF7FEFF 		bl	CYMEMZERO
 246              	.LVL20:
 247              	.LBE4:
 303:.\Generated_Source\PSoC4/cyfitter_cfg.c **** 		{
 248              		.loc 1 303 0 discriminator 3
 249 00a4 0134     		add	r4, r4, #1
 250              	.LVL21:
 251 00a6 E4B2     		uxtb	r4, r4
 252              	.LVL22:
 253              	.L11:
 303:.\Generated_Source\PSoC4/cyfitter_cfg.c **** 		{
 254              		.loc 1 303 0 is_stmt 0 discriminator 1
 255 00a8 012C     		cmp	r4, #1
 256 00aa ECD9     		bls	.L12
ARM GAS  C:\Users\JEPPES~1\AppData\Local\Temp\ccBlGwXn.s 			page 11


 307:.\Generated_Source\PSoC4/cyfitter_cfg.c **** 		}
 308:.\Generated_Source\PSoC4/cyfitter_cfg.c **** 
 309:.\Generated_Source\PSoC4/cyfitter_cfg.c **** 		cfg_write_bytes32(cy_cfg_addr_table, cy_cfg_data_table);
 257              		.loc 1 309 0 is_stmt 1
 258 00ac 2549     		ldr	r1, .L13+4
 259 00ae 081C     		mov	r0, r1
 260 00b0 0C30     		add	r0, r0, #12
 261 00b2 1431     		add	r1, r1, #20
 262 00b4 FFF7FEFF 		bl	cfg_write_bytes32
 263              	.LVL23:
 310:.\Generated_Source\PSoC4/cyfitter_cfg.c **** 
 311:.\Generated_Source\PSoC4/cyfitter_cfg.c **** 		/* HSIOM Starting address: CYDEV_HSIOM_BASE */
 312:.\Generated_Source\PSoC4/cyfitter_cfg.c **** 		CY_SET_XTND_REG32((void CYFAR *)(CYREG_HSIOM_PORT_SEL3), 0x0000EE00u);
 264              		.loc 1 312 0
 265 00b8 EE22     		mov	r2, #238
 266 00ba 1202     		lsl	r2, r2, #8
 267 00bc 224B     		ldr	r3, .L13+8
 268 00be 1A60     		str	r2, [r3]
 313:.\Generated_Source\PSoC4/cyfitter_cfg.c **** 		CY_SET_XTND_REG32((void CYFAR *)(CYREG_HSIOM_PORT_SEL4), 0x000000EEu);
 269              		.loc 1 313 0
 270 00c0 EE22     		mov	r2, #238
 271 00c2 224B     		ldr	r3, .L13+12
 272 00c4 1A60     		str	r2, [r3]
 314:.\Generated_Source\PSoC4/cyfitter_cfg.c **** 
 315:.\Generated_Source\PSoC4/cyfitter_cfg.c **** 		/* UDB_PA_0 Starting address: CYDEV_UDB_PA0_BASE */
 316:.\Generated_Source\PSoC4/cyfitter_cfg.c **** 		CY_SET_XTND_REG32((void CYFAR *)(CYDEV_UDB_PA0_BASE), 0x00990000u);
 273              		.loc 1 316 0
 274 00c6 9923     		mov	r3, #153
 275 00c8 1B04     		lsl	r3, r3, #16
 276 00ca 214A     		ldr	r2, .L13+16
 277 00cc 1360     		str	r3, [r2]
 317:.\Generated_Source\PSoC4/cyfitter_cfg.c **** 
 318:.\Generated_Source\PSoC4/cyfitter_cfg.c **** 		/* UDB_PA_1 Starting address: CYDEV_UDB_PA1_BASE */
 319:.\Generated_Source\PSoC4/cyfitter_cfg.c **** 		CY_SET_XTND_REG32((void CYFAR *)(CYDEV_UDB_PA1_BASE), 0x00990000u);
 278              		.loc 1 319 0
 279 00ce 214A     		ldr	r2, .L13+20
 280 00d0 1360     		str	r3, [r2]
 320:.\Generated_Source\PSoC4/cyfitter_cfg.c **** 
 321:.\Generated_Source\PSoC4/cyfitter_cfg.c **** 		/* UDB_PA_2 Starting address: CYDEV_UDB_PA2_BASE */
 322:.\Generated_Source\PSoC4/cyfitter_cfg.c **** 		CY_SET_XTND_REG32((void CYFAR *)(CYDEV_UDB_PA2_BASE), 0x00990000u);
 281              		.loc 1 322 0
 282 00d2 214A     		ldr	r2, .L13+24
 283 00d4 1360     		str	r3, [r2]
 323:.\Generated_Source\PSoC4/cyfitter_cfg.c **** 
 324:.\Generated_Source\PSoC4/cyfitter_cfg.c **** 		/* UDB_PA_3 Starting address: CYDEV_UDB_PA3_BASE */
 325:.\Generated_Source\PSoC4/cyfitter_cfg.c **** 		CY_SET_XTND_REG32((void CYFAR *)(CYDEV_UDB_PA3_BASE), 0x00990000u);
 284              		.loc 1 325 0
 285 00d6 214A     		ldr	r2, .L13+28
 286 00d8 1360     		str	r3, [r2]
 326:.\Generated_Source\PSoC4/cyfitter_cfg.c **** 
 327:.\Generated_Source\PSoC4/cyfitter_cfg.c **** 		/* INT_SELECT Starting address: CYDEV_CPUSS_INTR_SELECT */
 328:.\Generated_Source\PSoC4/cyfitter_cfg.c **** 		CY_SET_XTND_REG32((void CYFAR *)(CYREG_CPUSS_INTR_SELECT), 0x00000005u);
 287              		.loc 1 328 0
 288 00da 0522     		mov	r2, #5
 289 00dc 204B     		ldr	r3, .L13+32
 290 00de 1A60     		str	r2, [r3]
 329:.\Generated_Source\PSoC4/cyfitter_cfg.c **** 
ARM GAS  C:\Users\JEPPES~1\AppData\Local\Temp\ccBlGwXn.s 			page 12


 330:.\Generated_Source\PSoC4/cyfitter_cfg.c **** 		/* INT_CONFIG Starting address: CYDEV_UDB_INT_CFG */
 331:.\Generated_Source\PSoC4/cyfitter_cfg.c **** 		CY_SET_XTND_REG32((void CYFAR *)(CYREG_UDB_INT_CFG), 0x00000006u);
 291              		.loc 1 331 0
 292 00e0 0132     		add	r2, r2, #1
 293 00e2 204B     		ldr	r3, .L13+36
 294 00e4 1A60     		str	r2, [r3]
 332:.\Generated_Source\PSoC4/cyfitter_cfg.c **** 
 333:.\Generated_Source\PSoC4/cyfitter_cfg.c **** 		/* Enable digital routing */
 334:.\Generated_Source\PSoC4/cyfitter_cfg.c **** 		CY_SET_XTND_REG8((void *)CYREG_UDB_UDBIF_BANK_CTL, CY_GET_XTND_REG8((void *)CYREG_UDB_UDBIF_BANK_
 295              		.loc 1 334 0
 296 00e6 204B     		ldr	r3, .L13+40
 297 00e8 1978     		ldrb	r1, [r3]
 298 00ea 043A     		sub	r2, r2, #4
 299 00ec 0A43     		orr	r2, r1
 300 00ee 1A70     		strb	r2, [r3]
 335:.\Generated_Source\PSoC4/cyfitter_cfg.c **** 
 336:.\Generated_Source\PSoC4/cyfitter_cfg.c **** 		/* Enable UDB array */
 337:.\Generated_Source\PSoC4/cyfitter_cfg.c **** 		CY_SET_XTND_REG8((void *)CYREG_UDB_UDBIF_WAIT_CFG, (uint8)((CY_GET_XTND_REG8((void *)CYREG_UDB_UD
 301              		.loc 1 337 0
 302 00f0 1E48     		ldr	r0, .L13+44
 303 00f2 0278     		ldrb	r2, [r0]
 304 00f4 3C21     		mov	r1, #60
 305 00f6 8A43     		bic	r2, r1
 306 00f8 2839     		sub	r1, r1, #40
 307 00fa 0A43     		orr	r2, r1
 308 00fc 0270     		strb	r2, [r0]
 338:.\Generated_Source\PSoC4/cyfitter_cfg.c **** 		CY_SET_XTND_REG8((void *)CYREG_UDB_UDBIF_BANK_CTL, (uint8)(CY_GET_XTND_REG8((void *)CYREG_UDB_UDB
 309              		.loc 1 338 0
 310 00fe 1978     		ldrb	r1, [r3]
 311 0100 1622     		mov	r2, #22
 312 0102 0A43     		orr	r2, r1
 313 0104 1A70     		strb	r2, [r3]
 314              	.LBE3:
 339:.\Generated_Source\PSoC4/cyfitter_cfg.c **** 	}
 340:.\Generated_Source\PSoC4/cyfitter_cfg.c **** 
 341:.\Generated_Source\PSoC4/cyfitter_cfg.c **** 	/* Perform second pass device configuration. These items must be configured in specific order afte
 342:.\Generated_Source\PSoC4/cyfitter_cfg.c **** 	/* IOPINS0_0 Starting address: CYDEV_PRT0_BASE */
 343:.\Generated_Source\PSoC4/cyfitter_cfg.c **** 	CY_SET_XTND_REG32((void CYFAR *)(CYDEV_PRT0_BASE), 0x0000008Cu);
 315              		.loc 1 343 0
 316 0106 8C22     		mov	r2, #140
 317 0108 194B     		ldr	r3, .L13+48
 318 010a 1A60     		str	r2, [r3]
 344:.\Generated_Source\PSoC4/cyfitter_cfg.c **** 	CY_SET_XTND_REG32((void CYFAR *)(CYREG_PRT0_PC), 0x00400DB6u);
 319              		.loc 1 344 0
 320 010c 194A     		ldr	r2, .L13+52
 321 010e 1A4B     		ldr	r3, .L13+56
 322 0110 1A60     		str	r2, [r3]
 345:.\Generated_Source\PSoC4/cyfitter_cfg.c **** 
 346:.\Generated_Source\PSoC4/cyfitter_cfg.c **** 	/* IOPINS0_1 Starting address: CYDEV_PRT1_BASE */
 347:.\Generated_Source\PSoC4/cyfitter_cfg.c **** 	CY_SET_XTND_REG32((void CYFAR *)(CYDEV_PRT1_BASE), 0x00000040u);
 323              		.loc 1 347 0
 324 0112 4022     		mov	r2, #64
 325 0114 194B     		ldr	r3, .L13+60
 326 0116 1A60     		str	r2, [r3]
 348:.\Generated_Source\PSoC4/cyfitter_cfg.c **** 	CY_SET_XTND_REG32((void CYFAR *)(CYREG_PRT1_PC), 0x00180012u);
 327              		.loc 1 348 0
 328 0118 194A     		ldr	r2, .L13+64
ARM GAS  C:\Users\JEPPES~1\AppData\Local\Temp\ccBlGwXn.s 			page 13


 329 011a 1A4B     		ldr	r3, .L13+68
 330 011c 1A60     		str	r2, [r3]
 349:.\Generated_Source\PSoC4/cyfitter_cfg.c **** 
 350:.\Generated_Source\PSoC4/cyfitter_cfg.c **** 	/* IOPINS0_2 Starting address: CYDEV_PRT2_BASE */
 351:.\Generated_Source\PSoC4/cyfitter_cfg.c **** 	CY_SET_XTND_REG32((void CYFAR *)(CYREG_PRT2_PC), 0x00036DB6u);
 331              		.loc 1 351 0
 332 011e 1A4A     		ldr	r2, .L13+72
 333 0120 1A4B     		ldr	r3, .L13+76
 334 0122 1A60     		str	r2, [r3]
 352:.\Generated_Source\PSoC4/cyfitter_cfg.c **** 
 353:.\Generated_Source\PSoC4/cyfitter_cfg.c **** 	/* IOPINS0_3 Starting address: CYDEV_PRT3_BASE */
 354:.\Generated_Source\PSoC4/cyfitter_cfg.c **** 	CY_SET_XTND_REG32((void CYFAR *)(CYREG_PRT3_PC), 0x00000D80u);
 335              		.loc 1 354 0
 336 0124 D822     		mov	r2, #216
 337 0126 1201     		lsl	r2, r2, #4
 338 0128 194B     		ldr	r3, .L13+80
 339 012a 1A60     		str	r2, [r3]
 355:.\Generated_Source\PSoC4/cyfitter_cfg.c **** 
 356:.\Generated_Source\PSoC4/cyfitter_cfg.c **** 	/* IOPINS0_4 Starting address: CYDEV_PRT4_BASE */
 357:.\Generated_Source\PSoC4/cyfitter_cfg.c **** 	CY_SET_XTND_REG32((void CYFAR *)(CYDEV_PRT4_BASE), 0x00000003u);
 340              		.loc 1 357 0
 341 012c 0322     		mov	r2, #3
 342 012e 194B     		ldr	r3, .L13+84
 343 0130 1A60     		str	r2, [r3]
 358:.\Generated_Source\PSoC4/cyfitter_cfg.c **** 	CY_SET_XTND_REG32((void CYFAR *)(CYREG_PRT4_PC), 0x00000024u);
 344              		.loc 1 358 0
 345 0132 2132     		add	r2, r2, #33
 346 0134 184B     		ldr	r3, .L13+88
 347 0136 1A60     		str	r2, [r3]
 359:.\Generated_Source\PSoC4/cyfitter_cfg.c **** 
 360:.\Generated_Source\PSoC4/cyfitter_cfg.c **** 
 361:.\Generated_Source\PSoC4/cyfitter_cfg.c **** 	/* Setup clocks based on selections from Clock DWR */
 362:.\Generated_Source\PSoC4/cyfitter_cfg.c **** 	ClockSetup();
 348              		.loc 1 362 0
 349 0138 FFF762FF 		bl	ClockSetup
 350              	.LVL24:
 363:.\Generated_Source\PSoC4/cyfitter_cfg.c **** 
 364:.\Generated_Source\PSoC4/cyfitter_cfg.c **** 	/* Perform basic analog initialization to defaults */
 365:.\Generated_Source\PSoC4/cyfitter_cfg.c **** 	AnalogSetDefault();
 366:.\Generated_Source\PSoC4/cyfitter_cfg.c **** 
 367:.\Generated_Source\PSoC4/cyfitter_cfg.c **** }
 351              		.loc 1 367 0
 352              		@ sp needed
 353              	.LVL25:
 354 013c 10BD     		pop	{r4, pc}
 355              	.L14:
 356 013e C046     		.align	2
 357              	.L13:
 358 0140 1C700F40 		.word	1074753564
 359 0144 00000000 		.word	.LANCHOR0
 360 0148 0C000140 		.word	1073807372
 361 014c 10000140 		.word	1073807376
 362 0150 00500F40 		.word	1074745344
 363 0154 10500F40 		.word	1074745360
 364 0158 20500F40 		.word	1074745376
 365 015c 30500F40 		.word	1074745392
 366 0160 20000040 		.word	1073741856
ARM GAS  C:\Users\JEPPES~1\AppData\Local\Temp\ccBlGwXn.s 			page 14


 367 0164 00800F40 		.word	1074757632
 368 0168 00700F40 		.word	1074753536
 369 016c 01700F40 		.word	1074753537
 370 0170 00000440 		.word	1074003968
 371 0174 B60D4000 		.word	4197814
 372 0178 08000440 		.word	1074003976
 373 017c 00010440 		.word	1074004224
 374 0180 12001800 		.word	1572882
 375 0184 08010440 		.word	1074004232
 376 0188 B66D0300 		.word	224694
 377 018c 08020440 		.word	1074004488
 378 0190 08030440 		.word	1074004744
 379 0194 00040440 		.word	1074004992
 380 0198 08040440 		.word	1074005000
 381              		.cfi_endproc
 382              	.LFE6:
 383              		.size	cyfitter_cfg, .-cyfitter_cfg
 384              		.section	.rodata
 385              		.align	2
 386              		.set	.LANCHOR0,. + 0
 387              		.type	cfg_memset_list.4739, %object
 388              		.size	cfg_memset_list.4739, 12
 389              	cfg_memset_list.4739:
 390 0000 00300F40 		.word	1074737152
 391 0004 0004     		.short	1024
 392 0006 00400F40 		.4byte	1074741248
 393 000a 0004     		.short	1024
 394              		.type	cy_cfg_addr_table.4733, %object
 395              		.size	cy_cfg_addr_table.4733, 8
 396              	cy_cfg_addr_table.4733:
 397 000c 04400F40 		.word	1074741252
 398 0010 05410F40 		.word	1074741509
 399              		.type	cy_cfg_data_table.4734, %object
 400              		.size	cy_cfg_data_table.4734, 18
 401              	cy_cfg_data_table.4734:
 402 0014 6B       		.byte	107
 403 0015 80       		.byte	-128
 404 0016 6F       		.byte	111
 405 0017 20       		.byte	32
 406 0018 DA       		.byte	-38
 407 0019 80       		.byte	-128
 408 001a DC       		.byte	-36
 409 001b 20       		.byte	32
 410 001c 03       		.byte	3
 411 001d 20       		.byte	32
 412 001e 07       		.byte	7
 413 001f 80       		.byte	-128
 414 0020 9F       		.byte	-97
 415 0021 80       		.byte	-128
 416 0022 A7       		.byte	-89
 417 0023 20       		.byte	32
 418 0024 C0       		.byte	-64
 419 0025 30       		.byte	48
 420 0026 0000     		.text
 421              	.Letext0:
 422              		.file 2 "c:\\program files (x86)\\cypress\\psoc creator\\3.3\\psoc creator\\import\\gnu\\arm\\4.9.
 423              		.file 3 ".\\Generated_Source\\PSoC4\\cytypes.h"
ARM GAS  C:\Users\JEPPES~1\AppData\Local\Temp\ccBlGwXn.s 			page 15


 424              		.file 4 ".\\Generated_Source\\PSoC4\\CyLib.h"
 425              		.section	.debug_info,"",%progbits
 426              	.Ldebug_info0:
 427 0000 B9030000 		.4byte	0x3b9
 428 0004 0400     		.2byte	0x4
 429 0006 00000000 		.4byte	.Ldebug_abbrev0
 430 000a 04       		.byte	0x4
 431 000b 01       		.uleb128 0x1
 432 000c CF010000 		.4byte	.LASF38
 433 0010 01       		.byte	0x1
 434 0011 94010000 		.4byte	.LASF39
 435 0015 85000000 		.4byte	.LASF40
 436 0019 00000000 		.4byte	.Ldebug_ranges0+0
 437 001d 00000000 		.4byte	0
 438 0021 00000000 		.4byte	.Ldebug_line0
 439 0025 02       		.uleb128 0x2
 440 0026 04       		.byte	0x4
 441 0027 05       		.byte	0x5
 442 0028 696E7400 		.ascii	"int\000"
 443 002c 03       		.uleb128 0x3
 444 002d 06000000 		.4byte	.LASF11
 445 0031 02       		.byte	0x2
 446 0032 D4       		.byte	0xd4
 447 0033 37000000 		.4byte	0x37
 448 0037 04       		.uleb128 0x4
 449 0038 04       		.byte	0x4
 450 0039 07       		.byte	0x7
 451 003a 2F010000 		.4byte	.LASF0
 452 003e 04       		.uleb128 0x4
 453 003f 01       		.byte	0x1
 454 0040 06       		.byte	0x6
 455 0041 8C020000 		.4byte	.LASF1
 456 0045 04       		.uleb128 0x4
 457 0046 01       		.byte	0x1
 458 0047 08       		.byte	0x8
 459 0048 D1000000 		.4byte	.LASF2
 460 004c 04       		.uleb128 0x4
 461 004d 02       		.byte	0x2
 462 004e 05       		.byte	0x5
 463 004f 64020000 		.4byte	.LASF3
 464 0053 04       		.uleb128 0x4
 465 0054 02       		.byte	0x2
 466 0055 07       		.byte	0x7
 467 0056 98020000 		.4byte	.LASF4
 468 005a 04       		.uleb128 0x4
 469 005b 04       		.byte	0x4
 470 005c 05       		.byte	0x5
 471 005d 83020000 		.4byte	.LASF5
 472 0061 04       		.uleb128 0x4
 473 0062 04       		.byte	0x4
 474 0063 07       		.byte	0x7
 475 0064 AF000000 		.4byte	.LASF6
 476 0068 04       		.uleb128 0x4
 477 0069 08       		.byte	0x8
 478 006a 05       		.byte	0x5
 479 006b BC010000 		.4byte	.LASF7
 480 006f 04       		.uleb128 0x4
ARM GAS  C:\Users\JEPPES~1\AppData\Local\Temp\ccBlGwXn.s 			page 16


 481 0070 08       		.byte	0x8
 482 0071 07       		.byte	0x7
 483 0072 51010000 		.4byte	.LASF8
 484 0076 04       		.uleb128 0x4
 485 0077 04       		.byte	0x4
 486 0078 07       		.byte	0x7
 487 0079 8B010000 		.4byte	.LASF9
 488 007d 05       		.uleb128 0x5
 489 007e 04       		.byte	0x4
 490 007f 06       		.uleb128 0x6
 491 0080 04       		.byte	0x4
 492 0081 85000000 		.4byte	0x85
 493 0085 07       		.uleb128 0x7
 494 0086 04       		.uleb128 0x4
 495 0087 01       		.byte	0x1
 496 0088 08       		.byte	0x8
 497 0089 CA010000 		.4byte	.LASF10
 498 008d 08       		.uleb128 0x8
 499 008e C1000000 		.4byte	.LASF12
 500 0092 03       		.byte	0x3
 501 0093 3801     		.2byte	0x138
 502 0095 45000000 		.4byte	0x45
 503 0099 08       		.uleb128 0x8
 504 009a 16010000 		.4byte	.LASF13
 505 009e 03       		.byte	0x3
 506 009f 3901     		.2byte	0x139
 507 00a1 53000000 		.4byte	0x53
 508 00a5 08       		.uleb128 0x8
 509 00a6 28010000 		.4byte	.LASF14
 510 00aa 03       		.byte	0x3
 511 00ab 3A01     		.2byte	0x13a
 512 00ad 61000000 		.4byte	0x61
 513 00b1 04       		.uleb128 0x4
 514 00b2 04       		.byte	0x4
 515 00b3 04       		.byte	0x4
 516 00b4 6A000000 		.4byte	.LASF15
 517 00b8 04       		.uleb128 0x4
 518 00b9 08       		.byte	0x8
 519 00ba 04       		.byte	0x4
 520 00bb E6000000 		.4byte	.LASF16
 521 00bf 08       		.uleb128 0x8
 522 00c0 AA000000 		.4byte	.LASF17
 523 00c4 03       		.byte	0x3
 524 00c5 E201     		.2byte	0x1e2
 525 00c7 CB000000 		.4byte	0xcb
 526 00cb 09       		.uleb128 0x9
 527 00cc 8D000000 		.4byte	0x8d
 528 00d0 08       		.uleb128 0x8
 529 00d1 00000000 		.4byte	.LASF18
 530 00d5 03       		.byte	0x3
 531 00d6 E401     		.2byte	0x1e4
 532 00d8 DC000000 		.4byte	0xdc
 533 00dc 09       		.uleb128 0x9
 534 00dd A5000000 		.4byte	0xa5
 535 00e1 08       		.uleb128 0x8
 536 00e2 68010000 		.4byte	.LASF19
 537 00e6 03       		.byte	0x3
ARM GAS  C:\Users\JEPPES~1\AppData\Local\Temp\ccBlGwXn.s 			page 17


 538 00e7 F401     		.2byte	0x1f4
 539 00e9 7F000000 		.4byte	0x7f
 540 00ed 0A       		.uleb128 0xa
 541 00ee 02       		.byte	0x2
 542 00ef 01       		.byte	0x1
 543 00f0 7F       		.byte	0x7f
 544 00f1 0E010000 		.4byte	0x10e
 545 00f5 0B       		.uleb128 0xb
 546 00f6 5D020000 		.4byte	.LASF20
 547 00fa 01       		.byte	0x1
 548 00fb 81       		.byte	0x81
 549 00fc 8D000000 		.4byte	0x8d
 550 0100 00       		.byte	0
 551 0101 0B       		.uleb128 0xb
 552 0102 1C000000 		.4byte	.LASF21
 553 0106 01       		.byte	0x1
 554 0107 82       		.byte	0x82
 555 0108 8D000000 		.4byte	0x8d
 556 010c 01       		.byte	0x1
 557 010d 00       		.byte	0
 558 010e 03       		.uleb128 0x3
 559 010f 57000000 		.4byte	.LASF22
 560 0113 01       		.byte	0x1
 561 0114 83       		.byte	0x83
 562 0115 ED000000 		.4byte	0xed
 563 0119 0C       		.uleb128 0xc
 564 011a ED000000 		.4byte	.LASF27
 565 011e 01       		.byte	0x1
 566 011f 96       		.byte	0x96
 567 0120 00000000 		.4byte	.LFB3
 568 0124 32000000 		.4byte	.LFE3-.LFB3
 569 0128 01       		.uleb128 0x1
 570 0129 9C       		.byte	0x9c
 571 012a 8B010000 		.4byte	0x18b
 572 012e 0D       		.uleb128 0xd
 573 012f 0B010000 		.4byte	.LASF23
 574 0133 01       		.byte	0x1
 575 0134 96       		.byte	0x96
 576 0135 8B010000 		.4byte	0x18b
 577 0139 01       		.uleb128 0x1
 578 013a 50       		.byte	0x50
 579 013b 0D       		.uleb128 0xd
 580 013c 1D010000 		.4byte	.LASF24
 581 0140 01       		.byte	0x1
 582 0141 96       		.byte	0x96
 583 0142 96010000 		.4byte	0x196
 584 0146 01       		.uleb128 0x1
 585 0147 51       		.byte	0x51
 586 0148 0E       		.uleb128 0xe
 587 0149 6900     		.ascii	"i\000"
 588 014b 01       		.byte	0x1
 589 014c 99       		.byte	0x99
 590 014d A5000000 		.4byte	0xa5
 591 0151 00000000 		.4byte	.LLST0
 592 0155 0E       		.uleb128 0xe
 593 0156 6A00     		.ascii	"j\000"
 594 0158 01       		.byte	0x1
ARM GAS  C:\Users\JEPPES~1\AppData\Local\Temp\ccBlGwXn.s 			page 18


 595 0159 99       		.byte	0x99
 596 015a A5000000 		.4byte	0xa5
 597 015e 1F000000 		.4byte	.LLST1
 598 0162 0F       		.uleb128 0xf
 599 0163 08000000 		.4byte	.LBB2
 600 0167 22000000 		.4byte	.LBE2-.LBB2
 601 016b 10       		.uleb128 0x10
 602 016c 82010000 		.4byte	.LASF25
 603 0170 01       		.byte	0x1
 604 0171 9C       		.byte	0x9c
 605 0172 A5000000 		.4byte	0xa5
 606 0176 3E000000 		.4byte	.LLST2
 607 017a 10       		.uleb128 0x10
 608 017b 22000000 		.4byte	.LASF26
 609 017f 01       		.byte	0x1
 610 0180 9D       		.byte	0x9d
 611 0181 8D000000 		.4byte	0x8d
 612 0185 51000000 		.4byte	.LLST3
 613 0189 00       		.byte	0
 614 018a 00       		.byte	0
 615 018b 06       		.uleb128 0x6
 616 018c 04       		.byte	0x4
 617 018d 91010000 		.4byte	0x191
 618 0191 11       		.uleb128 0x11
 619 0192 A5000000 		.4byte	0xa5
 620 0196 06       		.uleb128 0x6
 621 0197 04       		.byte	0x4
 622 0198 9C010000 		.4byte	0x19c
 623 019c 11       		.uleb128 0x11
 624 019d 0E010000 		.4byte	0x10e
 625 01a1 0C       		.uleb128 0xc
 626 01a2 C7000000 		.4byte	.LASF28
 627 01a6 01       		.byte	0x1
 628 01a7 3D       		.byte	0x3d
 629 01a8 00000000 		.4byte	.LFB0
 630 01ac 0C000000 		.4byte	.LFE0-.LFB0
 631 01b0 01       		.uleb128 0x1
 632 01b1 9C       		.byte	0x9c
 633 01b2 EE010000 		.4byte	0x1ee
 634 01b6 12       		.uleb128 0x12
 635 01b7 7300     		.ascii	"s\000"
 636 01b9 01       		.byte	0x1
 637 01ba 3D       		.byte	0x3d
 638 01bb 7D000000 		.4byte	0x7d
 639 01bf 6F000000 		.4byte	.LLST4
 640 01c3 12       		.uleb128 0x12
 641 01c4 6E00     		.ascii	"n\000"
 642 01c6 01       		.byte	0x1
 643 01c7 3D       		.byte	0x3d
 644 01c8 2C000000 		.4byte	0x2c
 645 01cc 90000000 		.4byte	.LLST5
 646 01d0 13       		.uleb128 0x13
 647 01d1 0A000000 		.4byte	.LVL14
 648 01d5 67030000 		.4byte	0x367
 649 01d9 14       		.uleb128 0x14
 650 01da 01       		.uleb128 0x1
 651 01db 52       		.byte	0x52
ARM GAS  C:\Users\JEPPES~1\AppData\Local\Temp\ccBlGwXn.s 			page 19


 652 01dc 03       		.uleb128 0x3
 653 01dd F3       		.byte	0xf3
 654 01de 01       		.uleb128 0x1
 655 01df 51       		.byte	0x51
 656 01e0 14       		.uleb128 0x14
 657 01e1 01       		.uleb128 0x1
 658 01e2 51       		.byte	0x51
 659 01e3 01       		.uleb128 0x1
 660 01e4 30       		.byte	0x30
 661 01e5 14       		.uleb128 0x14
 662 01e6 01       		.uleb128 0x1
 663 01e7 50       		.byte	0x50
 664 01e8 03       		.uleb128 0x3
 665 01e9 F3       		.byte	0xf3
 666 01ea 01       		.uleb128 0x1
 667 01eb 50       		.byte	0x50
 668 01ec 00       		.byte	0
 669 01ed 00       		.byte	0
 670 01ee 0C       		.uleb128 0xc
 671 01ef 28000000 		.4byte	.LASF29
 672 01f3 01       		.byte	0x1
 673 01f4 BB       		.byte	0xbb
 674 01f5 00000000 		.4byte	.LFB4
 675 01f9 78000000 		.4byte	.LFE4-.LFB4
 676 01fd 01       		.uleb128 0x1
 677 01fe 9C       		.byte	0x9c
 678 01ff 39020000 		.4byte	0x239
 679 0203 15       		.uleb128 0x15
 680 0204 14000000 		.4byte	.LVL15
 681 0208 84030000 		.4byte	0x384
 682 020c 16020000 		.4byte	0x216
 683 0210 14       		.uleb128 0x14
 684 0211 01       		.uleb128 0x1
 685 0212 50       		.byte	0x50
 686 0213 01       		.uleb128 0x1
 687 0214 48       		.byte	0x48
 688 0215 00       		.byte	0
 689 0216 15       		.uleb128 0x15
 690 0217 42000000 		.4byte	.LVL16
 691 021b 95030000 		.4byte	0x395
 692 021f 29020000 		.4byte	0x229
 693 0223 14       		.uleb128 0x14
 694 0224 01       		.uleb128 0x1
 695 0225 50       		.byte	0x50
 696 0226 01       		.uleb128 0x1
 697 0227 39       		.byte	0x39
 698 0228 00       		.byte	0
 699 0229 13       		.uleb128 0x13
 700 022a 48000000 		.4byte	.LVL17
 701 022e AF030000 		.4byte	0x3af
 702 0232 14       		.uleb128 0x14
 703 0233 01       		.uleb128 0x1
 704 0234 50       		.byte	0x50
 705 0235 01       		.uleb128 0x1
 706 0236 39       		.byte	0x39
 707 0237 00       		.byte	0
 708 0238 00       		.byte	0
ARM GAS  C:\Users\JEPPES~1\AppData\Local\Temp\ccBlGwXn.s 			page 20


 709 0239 16       		.uleb128 0x16
 710 023a 3C010000 		.4byte	.LASF41
 711 023e 01       		.byte	0x1
 712 023f 0601     		.2byte	0x106
 713 0241 78000000 		.4byte	.LFB6
 714 0245 24010000 		.4byte	.LFE6-.LFB6
 715 0249 01       		.uleb128 0x1
 716 024a 9C       		.byte	0x9c
 717 024b 3D030000 		.4byte	0x33d
 718 024f 17       		.uleb128 0x17
 719 0250 82000000 		.4byte	.LBB3
 720 0254 84000000 		.4byte	.LBE3-.LBB3
 721 0258 33030000 		.4byte	0x333
 722 025c 18       		.uleb128 0x18
 723 025d 33000000 		.4byte	.LASF30
 724 0261 01       		.byte	0x1
 725 0262 0E01     		.2byte	0x10e
 726 0264 4D030000 		.4byte	0x34d
 727 0268 05       		.uleb128 0x5
 728 0269 03       		.byte	0x3
 729 026a 0C000000 		.4byte	cy_cfg_addr_table.4733
 730 026e 18       		.uleb128 0x18
 731 026f 45000000 		.4byte	.LASF31
 732 0273 01       		.byte	0x1
 733 0274 1301     		.2byte	0x113
 734 0276 62030000 		.4byte	0x362
 735 027a 05       		.uleb128 0x5
 736 027b 03       		.byte	0x3
 737 027c 14000000 		.4byte	cy_cfg_data_table.4734
 738 0280 19       		.uleb128 0x19
 739 0281 06       		.byte	0x6
 740 0282 01       		.byte	0x1
 741 0283 2101     		.2byte	0x121
 742 0285 A4020000 		.4byte	0x2a4
 743 0289 1A       		.uleb128 0x1a
 744 028a 49010000 		.4byte	.LASF32
 745 028e 01       		.byte	0x1
 746 028f 2201     		.2byte	0x122
 747 0291 7D000000 		.4byte	0x7d
 748 0295 00       		.byte	0
 749 0296 1A       		.uleb128 0x1a
 750 0297 80000000 		.4byte	.LASF33
 751 029b 01       		.byte	0x1
 752 029c 2301     		.2byte	0x123
 753 029e 99000000 		.4byte	0x99
 754 02a2 04       		.byte	0x4
 755 02a3 00       		.byte	0
 756 02a4 08       		.uleb128 0x8
 757 02a5 75010000 		.4byte	.LASF34
 758 02a9 01       		.byte	0x1
 759 02aa 2401     		.2byte	0x124
 760 02ac 80020000 		.4byte	0x280
 761 02b0 1B       		.uleb128 0x1b
 762 02b1 A4020000 		.4byte	0x2a4
 763 02b5 C0020000 		.4byte	0x2c0
 764 02b9 1C       		.uleb128 0x1c
 765 02ba 76000000 		.4byte	0x76
ARM GAS  C:\Users\JEPPES~1\AppData\Local\Temp\ccBlGwXn.s 			page 21


 766 02be 01       		.byte	0x1
 767 02bf 00       		.byte	0
 768 02c0 18       		.uleb128 0x18
 769 02c1 70000000 		.4byte	.LASF35
 770 02c5 01       		.byte	0x1
 771 02c6 2601     		.2byte	0x126
 772 02c8 D2020000 		.4byte	0x2d2
 773 02cc 05       		.uleb128 0x5
 774 02cd 03       		.byte	0x3
 775 02ce 00000000 		.4byte	cfg_memset_list.4739
 776 02d2 11       		.uleb128 0x11
 777 02d3 B0020000 		.4byte	0x2b0
 778 02d7 1D       		.uleb128 0x1d
 779 02d8 6900     		.ascii	"i\000"
 780 02da 01       		.byte	0x1
 781 02db 2C01     		.2byte	0x12c
 782 02dd 8D000000 		.4byte	0x8d
 783 02e1 BC000000 		.4byte	.LLST6
 784 02e5 17       		.uleb128 0x17
 785 02e6 86000000 		.4byte	.LBB4
 786 02ea 1E000000 		.4byte	.LBE4-.LBB4
 787 02ee 16030000 		.4byte	0x316
 788 02f2 1D       		.uleb128 0x1d
 789 02f3 6D7300   		.ascii	"ms\000"
 790 02f6 01       		.byte	0x1
 791 02f7 3101     		.2byte	0x131
 792 02f9 01030000 		.4byte	0x301
 793 02fd E6000000 		.4byte	.LLST7
 794 0301 06       		.uleb128 0x6
 795 0302 04       		.byte	0x4
 796 0303 07030000 		.4byte	0x307
 797 0307 11       		.uleb128 0x11
 798 0308 A4020000 		.4byte	0x2a4
 799 030c 1E       		.uleb128 0x1e
 800 030d A4000000 		.4byte	.LVL20
 801 0311 A1010000 		.4byte	0x1a1
 802 0315 00       		.byte	0
 803 0316 13       		.uleb128 0x13
 804 0317 B8000000 		.4byte	.LVL23
 805 031b 19010000 		.4byte	0x119
 806 031f 14       		.uleb128 0x14
 807 0320 01       		.uleb128 0x1
 808 0321 51       		.byte	0x51
 809 0322 05       		.uleb128 0x5
 810 0323 03       		.byte	0x3
 811 0324 14000000 		.4byte	.LANCHOR0+20
 812 0328 14       		.uleb128 0x14
 813 0329 01       		.uleb128 0x1
 814 032a 50       		.byte	0x50
 815 032b 05       		.uleb128 0x5
 816 032c 03       		.byte	0x3
 817 032d 0C000000 		.4byte	.LANCHOR0+12
 818 0331 00       		.byte	0
 819 0332 00       		.byte	0
 820 0333 1E       		.uleb128 0x1e
 821 0334 3C010000 		.4byte	.LVL24
 822 0338 EE010000 		.4byte	0x1ee
ARM GAS  C:\Users\JEPPES~1\AppData\Local\Temp\ccBlGwXn.s 			page 22


 823 033c 00       		.byte	0
 824 033d 1B       		.uleb128 0x1b
 825 033e A5000000 		.4byte	0xa5
 826 0342 4D030000 		.4byte	0x34d
 827 0346 1C       		.uleb128 0x1c
 828 0347 76000000 		.4byte	0x76
 829 034b 01       		.byte	0x1
 830 034c 00       		.byte	0
 831 034d 11       		.uleb128 0x11
 832 034e 3D030000 		.4byte	0x33d
 833 0352 1B       		.uleb128 0x1b
 834 0353 0E010000 		.4byte	0x10e
 835 0357 62030000 		.4byte	0x362
 836 035b 1C       		.uleb128 0x1c
 837 035c 76000000 		.4byte	0x76
 838 0360 08       		.byte	0x8
 839 0361 00       		.byte	0
 840 0362 11       		.uleb128 0x11
 841 0363 52030000 		.4byte	0x352
 842 0367 1F       		.uleb128 0x1f
 843 0368 DF000000 		.4byte	.LASF36
 844 036c 7D000000 		.4byte	0x7d
 845 0370 84030000 		.4byte	0x384
 846 0374 20       		.uleb128 0x20
 847 0375 7D000000 		.4byte	0x7d
 848 0379 20       		.uleb128 0x20
 849 037a 25000000 		.4byte	0x25
 850 037e 20       		.uleb128 0x20
 851 037f 76000000 		.4byte	0x76
 852 0383 00       		.byte	0
 853 0384 21       		.uleb128 0x21
 854 0385 6E020000 		.4byte	.LASF37
 855 0389 04       		.byte	0x4
 856 038a 38       		.byte	0x38
 857 038b 95030000 		.4byte	0x395
 858 038f 20       		.uleb128 0x20
 859 0390 A5000000 		.4byte	0xa5
 860 0394 00       		.byte	0
 861 0395 22       		.uleb128 0x22
 862 0396 0D000000 		.4byte	.LASF42
 863 039a 04       		.byte	0x4
 864 039b 49       		.byte	0x49
 865 039c E1000000 		.4byte	0xe1
 866 03a0 AF030000 		.4byte	0x3af
 867 03a4 20       		.uleb128 0x20
 868 03a5 8D000000 		.4byte	0x8d
 869 03a9 20       		.uleb128 0x20
 870 03aa E1000000 		.4byte	0xe1
 871 03ae 00       		.byte	0
 872 03af 23       		.uleb128 0x23
 873 03b0 FF000000 		.4byte	.LASF43
 874 03b4 04       		.byte	0x4
 875 03b5 4F       		.byte	0x4f
 876 03b6 20       		.uleb128 0x20
 877 03b7 8D000000 		.4byte	0x8d
 878 03bb 00       		.byte	0
 879 03bc 00       		.byte	0
ARM GAS  C:\Users\JEPPES~1\AppData\Local\Temp\ccBlGwXn.s 			page 23


 880              		.section	.debug_abbrev,"",%progbits
 881              	.Ldebug_abbrev0:
 882 0000 01       		.uleb128 0x1
 883 0001 11       		.uleb128 0x11
 884 0002 01       		.byte	0x1
 885 0003 25       		.uleb128 0x25
 886 0004 0E       		.uleb128 0xe
 887 0005 13       		.uleb128 0x13
 888 0006 0B       		.uleb128 0xb
 889 0007 03       		.uleb128 0x3
 890 0008 0E       		.uleb128 0xe
 891 0009 1B       		.uleb128 0x1b
 892 000a 0E       		.uleb128 0xe
 893 000b 55       		.uleb128 0x55
 894 000c 17       		.uleb128 0x17
 895 000d 11       		.uleb128 0x11
 896 000e 01       		.uleb128 0x1
 897 000f 10       		.uleb128 0x10
 898 0010 17       		.uleb128 0x17
 899 0011 00       		.byte	0
 900 0012 00       		.byte	0
 901 0013 02       		.uleb128 0x2
 902 0014 24       		.uleb128 0x24
 903 0015 00       		.byte	0
 904 0016 0B       		.uleb128 0xb
 905 0017 0B       		.uleb128 0xb
 906 0018 3E       		.uleb128 0x3e
 907 0019 0B       		.uleb128 0xb
 908 001a 03       		.uleb128 0x3
 909 001b 08       		.uleb128 0x8
 910 001c 00       		.byte	0
 911 001d 00       		.byte	0
 912 001e 03       		.uleb128 0x3
 913 001f 16       		.uleb128 0x16
 914 0020 00       		.byte	0
 915 0021 03       		.uleb128 0x3
 916 0022 0E       		.uleb128 0xe
 917 0023 3A       		.uleb128 0x3a
 918 0024 0B       		.uleb128 0xb
 919 0025 3B       		.uleb128 0x3b
 920 0026 0B       		.uleb128 0xb
 921 0027 49       		.uleb128 0x49
 922 0028 13       		.uleb128 0x13
 923 0029 00       		.byte	0
 924 002a 00       		.byte	0
 925 002b 04       		.uleb128 0x4
 926 002c 24       		.uleb128 0x24
 927 002d 00       		.byte	0
 928 002e 0B       		.uleb128 0xb
 929 002f 0B       		.uleb128 0xb
 930 0030 3E       		.uleb128 0x3e
 931 0031 0B       		.uleb128 0xb
 932 0032 03       		.uleb128 0x3
 933 0033 0E       		.uleb128 0xe
 934 0034 00       		.byte	0
 935 0035 00       		.byte	0
 936 0036 05       		.uleb128 0x5
ARM GAS  C:\Users\JEPPES~1\AppData\Local\Temp\ccBlGwXn.s 			page 24


 937 0037 0F       		.uleb128 0xf
 938 0038 00       		.byte	0
 939 0039 0B       		.uleb128 0xb
 940 003a 0B       		.uleb128 0xb
 941 003b 00       		.byte	0
 942 003c 00       		.byte	0
 943 003d 06       		.uleb128 0x6
 944 003e 0F       		.uleb128 0xf
 945 003f 00       		.byte	0
 946 0040 0B       		.uleb128 0xb
 947 0041 0B       		.uleb128 0xb
 948 0042 49       		.uleb128 0x49
 949 0043 13       		.uleb128 0x13
 950 0044 00       		.byte	0
 951 0045 00       		.byte	0
 952 0046 07       		.uleb128 0x7
 953 0047 15       		.uleb128 0x15
 954 0048 00       		.byte	0
 955 0049 27       		.uleb128 0x27
 956 004a 19       		.uleb128 0x19
 957 004b 00       		.byte	0
 958 004c 00       		.byte	0
 959 004d 08       		.uleb128 0x8
 960 004e 16       		.uleb128 0x16
 961 004f 00       		.byte	0
 962 0050 03       		.uleb128 0x3
 963 0051 0E       		.uleb128 0xe
 964 0052 3A       		.uleb128 0x3a
 965 0053 0B       		.uleb128 0xb
 966 0054 3B       		.uleb128 0x3b
 967 0055 05       		.uleb128 0x5
 968 0056 49       		.uleb128 0x49
 969 0057 13       		.uleb128 0x13
 970 0058 00       		.byte	0
 971 0059 00       		.byte	0
 972 005a 09       		.uleb128 0x9
 973 005b 35       		.uleb128 0x35
 974 005c 00       		.byte	0
 975 005d 49       		.uleb128 0x49
 976 005e 13       		.uleb128 0x13
 977 005f 00       		.byte	0
 978 0060 00       		.byte	0
 979 0061 0A       		.uleb128 0xa
 980 0062 13       		.uleb128 0x13
 981 0063 01       		.byte	0x1
 982 0064 0B       		.uleb128 0xb
 983 0065 0B       		.uleb128 0xb
 984 0066 3A       		.uleb128 0x3a
 985 0067 0B       		.uleb128 0xb
 986 0068 3B       		.uleb128 0x3b
 987 0069 0B       		.uleb128 0xb
 988 006a 01       		.uleb128 0x1
 989 006b 13       		.uleb128 0x13
 990 006c 00       		.byte	0
 991 006d 00       		.byte	0
 992 006e 0B       		.uleb128 0xb
 993 006f 0D       		.uleb128 0xd
ARM GAS  C:\Users\JEPPES~1\AppData\Local\Temp\ccBlGwXn.s 			page 25


 994 0070 00       		.byte	0
 995 0071 03       		.uleb128 0x3
 996 0072 0E       		.uleb128 0xe
 997 0073 3A       		.uleb128 0x3a
 998 0074 0B       		.uleb128 0xb
 999 0075 3B       		.uleb128 0x3b
 1000 0076 0B       		.uleb128 0xb
 1001 0077 49       		.uleb128 0x49
 1002 0078 13       		.uleb128 0x13
 1003 0079 38       		.uleb128 0x38
 1004 007a 0B       		.uleb128 0xb
 1005 007b 00       		.byte	0
 1006 007c 00       		.byte	0
 1007 007d 0C       		.uleb128 0xc
 1008 007e 2E       		.uleb128 0x2e
 1009 007f 01       		.byte	0x1
 1010 0080 03       		.uleb128 0x3
 1011 0081 0E       		.uleb128 0xe
 1012 0082 3A       		.uleb128 0x3a
 1013 0083 0B       		.uleb128 0xb
 1014 0084 3B       		.uleb128 0x3b
 1015 0085 0B       		.uleb128 0xb
 1016 0086 27       		.uleb128 0x27
 1017 0087 19       		.uleb128 0x19
 1018 0088 11       		.uleb128 0x11
 1019 0089 01       		.uleb128 0x1
 1020 008a 12       		.uleb128 0x12
 1021 008b 06       		.uleb128 0x6
 1022 008c 40       		.uleb128 0x40
 1023 008d 18       		.uleb128 0x18
 1024 008e 9742     		.uleb128 0x2117
 1025 0090 19       		.uleb128 0x19
 1026 0091 01       		.uleb128 0x1
 1027 0092 13       		.uleb128 0x13
 1028 0093 00       		.byte	0
 1029 0094 00       		.byte	0
 1030 0095 0D       		.uleb128 0xd
 1031 0096 05       		.uleb128 0x5
 1032 0097 00       		.byte	0
 1033 0098 03       		.uleb128 0x3
 1034 0099 0E       		.uleb128 0xe
 1035 009a 3A       		.uleb128 0x3a
 1036 009b 0B       		.uleb128 0xb
 1037 009c 3B       		.uleb128 0x3b
 1038 009d 0B       		.uleb128 0xb
 1039 009e 49       		.uleb128 0x49
 1040 009f 13       		.uleb128 0x13
 1041 00a0 02       		.uleb128 0x2
 1042 00a1 18       		.uleb128 0x18
 1043 00a2 00       		.byte	0
 1044 00a3 00       		.byte	0
 1045 00a4 0E       		.uleb128 0xe
 1046 00a5 34       		.uleb128 0x34
 1047 00a6 00       		.byte	0
 1048 00a7 03       		.uleb128 0x3
 1049 00a8 08       		.uleb128 0x8
 1050 00a9 3A       		.uleb128 0x3a
ARM GAS  C:\Users\JEPPES~1\AppData\Local\Temp\ccBlGwXn.s 			page 26


 1051 00aa 0B       		.uleb128 0xb
 1052 00ab 3B       		.uleb128 0x3b
 1053 00ac 0B       		.uleb128 0xb
 1054 00ad 49       		.uleb128 0x49
 1055 00ae 13       		.uleb128 0x13
 1056 00af 02       		.uleb128 0x2
 1057 00b0 17       		.uleb128 0x17
 1058 00b1 00       		.byte	0
 1059 00b2 00       		.byte	0
 1060 00b3 0F       		.uleb128 0xf
 1061 00b4 0B       		.uleb128 0xb
 1062 00b5 01       		.byte	0x1
 1063 00b6 11       		.uleb128 0x11
 1064 00b7 01       		.uleb128 0x1
 1065 00b8 12       		.uleb128 0x12
 1066 00b9 06       		.uleb128 0x6
 1067 00ba 00       		.byte	0
 1068 00bb 00       		.byte	0
 1069 00bc 10       		.uleb128 0x10
 1070 00bd 34       		.uleb128 0x34
 1071 00be 00       		.byte	0
 1072 00bf 03       		.uleb128 0x3
 1073 00c0 0E       		.uleb128 0xe
 1074 00c1 3A       		.uleb128 0x3a
 1075 00c2 0B       		.uleb128 0xb
 1076 00c3 3B       		.uleb128 0x3b
 1077 00c4 0B       		.uleb128 0xb
 1078 00c5 49       		.uleb128 0x49
 1079 00c6 13       		.uleb128 0x13
 1080 00c7 02       		.uleb128 0x2
 1081 00c8 17       		.uleb128 0x17
 1082 00c9 00       		.byte	0
 1083 00ca 00       		.byte	0
 1084 00cb 11       		.uleb128 0x11
 1085 00cc 26       		.uleb128 0x26
 1086 00cd 00       		.byte	0
 1087 00ce 49       		.uleb128 0x49
 1088 00cf 13       		.uleb128 0x13
 1089 00d0 00       		.byte	0
 1090 00d1 00       		.byte	0
 1091 00d2 12       		.uleb128 0x12
 1092 00d3 05       		.uleb128 0x5
 1093 00d4 00       		.byte	0
 1094 00d5 03       		.uleb128 0x3
 1095 00d6 08       		.uleb128 0x8
 1096 00d7 3A       		.uleb128 0x3a
 1097 00d8 0B       		.uleb128 0xb
 1098 00d9 3B       		.uleb128 0x3b
 1099 00da 0B       		.uleb128 0xb
 1100 00db 49       		.uleb128 0x49
 1101 00dc 13       		.uleb128 0x13
 1102 00dd 02       		.uleb128 0x2
 1103 00de 17       		.uleb128 0x17
 1104 00df 00       		.byte	0
 1105 00e0 00       		.byte	0
 1106 00e1 13       		.uleb128 0x13
 1107 00e2 898201   		.uleb128 0x4109
ARM GAS  C:\Users\JEPPES~1\AppData\Local\Temp\ccBlGwXn.s 			page 27


 1108 00e5 01       		.byte	0x1
 1109 00e6 11       		.uleb128 0x11
 1110 00e7 01       		.uleb128 0x1
 1111 00e8 31       		.uleb128 0x31
 1112 00e9 13       		.uleb128 0x13
 1113 00ea 00       		.byte	0
 1114 00eb 00       		.byte	0
 1115 00ec 14       		.uleb128 0x14
 1116 00ed 8A8201   		.uleb128 0x410a
 1117 00f0 00       		.byte	0
 1118 00f1 02       		.uleb128 0x2
 1119 00f2 18       		.uleb128 0x18
 1120 00f3 9142     		.uleb128 0x2111
 1121 00f5 18       		.uleb128 0x18
 1122 00f6 00       		.byte	0
 1123 00f7 00       		.byte	0
 1124 00f8 15       		.uleb128 0x15
 1125 00f9 898201   		.uleb128 0x4109
 1126 00fc 01       		.byte	0x1
 1127 00fd 11       		.uleb128 0x11
 1128 00fe 01       		.uleb128 0x1
 1129 00ff 31       		.uleb128 0x31
 1130 0100 13       		.uleb128 0x13
 1131 0101 01       		.uleb128 0x1
 1132 0102 13       		.uleb128 0x13
 1133 0103 00       		.byte	0
 1134 0104 00       		.byte	0
 1135 0105 16       		.uleb128 0x16
 1136 0106 2E       		.uleb128 0x2e
 1137 0107 01       		.byte	0x1
 1138 0108 3F       		.uleb128 0x3f
 1139 0109 19       		.uleb128 0x19
 1140 010a 03       		.uleb128 0x3
 1141 010b 0E       		.uleb128 0xe
 1142 010c 3A       		.uleb128 0x3a
 1143 010d 0B       		.uleb128 0xb
 1144 010e 3B       		.uleb128 0x3b
 1145 010f 05       		.uleb128 0x5
 1146 0110 27       		.uleb128 0x27
 1147 0111 19       		.uleb128 0x19
 1148 0112 11       		.uleb128 0x11
 1149 0113 01       		.uleb128 0x1
 1150 0114 12       		.uleb128 0x12
 1151 0115 06       		.uleb128 0x6
 1152 0116 40       		.uleb128 0x40
 1153 0117 18       		.uleb128 0x18
 1154 0118 9742     		.uleb128 0x2117
 1155 011a 19       		.uleb128 0x19
 1156 011b 01       		.uleb128 0x1
 1157 011c 13       		.uleb128 0x13
 1158 011d 00       		.byte	0
 1159 011e 00       		.byte	0
 1160 011f 17       		.uleb128 0x17
 1161 0120 0B       		.uleb128 0xb
 1162 0121 01       		.byte	0x1
 1163 0122 11       		.uleb128 0x11
 1164 0123 01       		.uleb128 0x1
ARM GAS  C:\Users\JEPPES~1\AppData\Local\Temp\ccBlGwXn.s 			page 28


 1165 0124 12       		.uleb128 0x12
 1166 0125 06       		.uleb128 0x6
 1167 0126 01       		.uleb128 0x1
 1168 0127 13       		.uleb128 0x13
 1169 0128 00       		.byte	0
 1170 0129 00       		.byte	0
 1171 012a 18       		.uleb128 0x18
 1172 012b 34       		.uleb128 0x34
 1173 012c 00       		.byte	0
 1174 012d 03       		.uleb128 0x3
 1175 012e 0E       		.uleb128 0xe
 1176 012f 3A       		.uleb128 0x3a
 1177 0130 0B       		.uleb128 0xb
 1178 0131 3B       		.uleb128 0x3b
 1179 0132 05       		.uleb128 0x5
 1180 0133 49       		.uleb128 0x49
 1181 0134 13       		.uleb128 0x13
 1182 0135 02       		.uleb128 0x2
 1183 0136 18       		.uleb128 0x18
 1184 0137 00       		.byte	0
 1185 0138 00       		.byte	0
 1186 0139 19       		.uleb128 0x19
 1187 013a 13       		.uleb128 0x13
 1188 013b 01       		.byte	0x1
 1189 013c 0B       		.uleb128 0xb
 1190 013d 0B       		.uleb128 0xb
 1191 013e 3A       		.uleb128 0x3a
 1192 013f 0B       		.uleb128 0xb
 1193 0140 3B       		.uleb128 0x3b
 1194 0141 05       		.uleb128 0x5
 1195 0142 01       		.uleb128 0x1
 1196 0143 13       		.uleb128 0x13
 1197 0144 00       		.byte	0
 1198 0145 00       		.byte	0
 1199 0146 1A       		.uleb128 0x1a
 1200 0147 0D       		.uleb128 0xd
 1201 0148 00       		.byte	0
 1202 0149 03       		.uleb128 0x3
 1203 014a 0E       		.uleb128 0xe
 1204 014b 3A       		.uleb128 0x3a
 1205 014c 0B       		.uleb128 0xb
 1206 014d 3B       		.uleb128 0x3b
 1207 014e 05       		.uleb128 0x5
 1208 014f 49       		.uleb128 0x49
 1209 0150 13       		.uleb128 0x13
 1210 0151 38       		.uleb128 0x38
 1211 0152 0B       		.uleb128 0xb
 1212 0153 00       		.byte	0
 1213 0154 00       		.byte	0
 1214 0155 1B       		.uleb128 0x1b
 1215 0156 01       		.uleb128 0x1
 1216 0157 01       		.byte	0x1
 1217 0158 49       		.uleb128 0x49
 1218 0159 13       		.uleb128 0x13
 1219 015a 01       		.uleb128 0x1
 1220 015b 13       		.uleb128 0x13
 1221 015c 00       		.byte	0
ARM GAS  C:\Users\JEPPES~1\AppData\Local\Temp\ccBlGwXn.s 			page 29


 1222 015d 00       		.byte	0
 1223 015e 1C       		.uleb128 0x1c
 1224 015f 21       		.uleb128 0x21
 1225 0160 00       		.byte	0
 1226 0161 49       		.uleb128 0x49
 1227 0162 13       		.uleb128 0x13
 1228 0163 2F       		.uleb128 0x2f
 1229 0164 0B       		.uleb128 0xb
 1230 0165 00       		.byte	0
 1231 0166 00       		.byte	0
 1232 0167 1D       		.uleb128 0x1d
 1233 0168 34       		.uleb128 0x34
 1234 0169 00       		.byte	0
 1235 016a 03       		.uleb128 0x3
 1236 016b 08       		.uleb128 0x8
 1237 016c 3A       		.uleb128 0x3a
 1238 016d 0B       		.uleb128 0xb
 1239 016e 3B       		.uleb128 0x3b
 1240 016f 05       		.uleb128 0x5
 1241 0170 49       		.uleb128 0x49
 1242 0171 13       		.uleb128 0x13
 1243 0172 02       		.uleb128 0x2
 1244 0173 17       		.uleb128 0x17
 1245 0174 00       		.byte	0
 1246 0175 00       		.byte	0
 1247 0176 1E       		.uleb128 0x1e
 1248 0177 898201   		.uleb128 0x4109
 1249 017a 00       		.byte	0
 1250 017b 11       		.uleb128 0x11
 1251 017c 01       		.uleb128 0x1
 1252 017d 31       		.uleb128 0x31
 1253 017e 13       		.uleb128 0x13
 1254 017f 00       		.byte	0
 1255 0180 00       		.byte	0
 1256 0181 1F       		.uleb128 0x1f
 1257 0182 2E       		.uleb128 0x2e
 1258 0183 01       		.byte	0x1
 1259 0184 3F       		.uleb128 0x3f
 1260 0185 19       		.uleb128 0x19
 1261 0186 03       		.uleb128 0x3
 1262 0187 0E       		.uleb128 0xe
 1263 0188 27       		.uleb128 0x27
 1264 0189 19       		.uleb128 0x19
 1265 018a 49       		.uleb128 0x49
 1266 018b 13       		.uleb128 0x13
 1267 018c 34       		.uleb128 0x34
 1268 018d 19       		.uleb128 0x19
 1269 018e 3C       		.uleb128 0x3c
 1270 018f 19       		.uleb128 0x19
 1271 0190 01       		.uleb128 0x1
 1272 0191 13       		.uleb128 0x13
 1273 0192 00       		.byte	0
 1274 0193 00       		.byte	0
 1275 0194 20       		.uleb128 0x20
 1276 0195 05       		.uleb128 0x5
 1277 0196 00       		.byte	0
 1278 0197 49       		.uleb128 0x49
ARM GAS  C:\Users\JEPPES~1\AppData\Local\Temp\ccBlGwXn.s 			page 30


 1279 0198 13       		.uleb128 0x13
 1280 0199 00       		.byte	0
 1281 019a 00       		.byte	0
 1282 019b 21       		.uleb128 0x21
 1283 019c 2E       		.uleb128 0x2e
 1284 019d 01       		.byte	0x1
 1285 019e 3F       		.uleb128 0x3f
 1286 019f 19       		.uleb128 0x19
 1287 01a0 03       		.uleb128 0x3
 1288 01a1 0E       		.uleb128 0xe
 1289 01a2 3A       		.uleb128 0x3a
 1290 01a3 0B       		.uleb128 0xb
 1291 01a4 3B       		.uleb128 0x3b
 1292 01a5 0B       		.uleb128 0xb
 1293 01a6 27       		.uleb128 0x27
 1294 01a7 19       		.uleb128 0x19
 1295 01a8 3C       		.uleb128 0x3c
 1296 01a9 19       		.uleb128 0x19
 1297 01aa 01       		.uleb128 0x1
 1298 01ab 13       		.uleb128 0x13
 1299 01ac 00       		.byte	0
 1300 01ad 00       		.byte	0
 1301 01ae 22       		.uleb128 0x22
 1302 01af 2E       		.uleb128 0x2e
 1303 01b0 01       		.byte	0x1
 1304 01b1 3F       		.uleb128 0x3f
 1305 01b2 19       		.uleb128 0x19
 1306 01b3 03       		.uleb128 0x3
 1307 01b4 0E       		.uleb128 0xe
 1308 01b5 3A       		.uleb128 0x3a
 1309 01b6 0B       		.uleb128 0xb
 1310 01b7 3B       		.uleb128 0x3b
 1311 01b8 0B       		.uleb128 0xb
 1312 01b9 27       		.uleb128 0x27
 1313 01ba 19       		.uleb128 0x19
 1314 01bb 49       		.uleb128 0x49
 1315 01bc 13       		.uleb128 0x13
 1316 01bd 3C       		.uleb128 0x3c
 1317 01be 19       		.uleb128 0x19
 1318 01bf 01       		.uleb128 0x1
 1319 01c0 13       		.uleb128 0x13
 1320 01c1 00       		.byte	0
 1321 01c2 00       		.byte	0
 1322 01c3 23       		.uleb128 0x23
 1323 01c4 2E       		.uleb128 0x2e
 1324 01c5 01       		.byte	0x1
 1325 01c6 3F       		.uleb128 0x3f
 1326 01c7 19       		.uleb128 0x19
 1327 01c8 03       		.uleb128 0x3
 1328 01c9 0E       		.uleb128 0xe
 1329 01ca 3A       		.uleb128 0x3a
 1330 01cb 0B       		.uleb128 0xb
 1331 01cc 3B       		.uleb128 0x3b
 1332 01cd 0B       		.uleb128 0xb
 1333 01ce 27       		.uleb128 0x27
 1334 01cf 19       		.uleb128 0x19
 1335 01d0 3C       		.uleb128 0x3c
ARM GAS  C:\Users\JEPPES~1\AppData\Local\Temp\ccBlGwXn.s 			page 31


 1336 01d1 19       		.uleb128 0x19
 1337 01d2 00       		.byte	0
 1338 01d3 00       		.byte	0
 1339 01d4 00       		.byte	0
 1340              		.section	.debug_loc,"",%progbits
 1341              	.Ldebug_loc0:
 1342              	.LLST0:
 1343 0000 02000000 		.4byte	.LVL1
 1344 0004 08000000 		.4byte	.LVL2
 1345 0008 0200     		.2byte	0x2
 1346 000a 30       		.byte	0x30
 1347 000b 9F       		.byte	0x9f
 1348 000c 08000000 		.4byte	.LVL2
 1349 0010 30000000 		.4byte	.LVL11
 1350 0014 0100     		.2byte	0x1
 1351 0016 57       		.byte	0x57
 1352 0017 00000000 		.4byte	0
 1353 001b 00000000 		.4byte	0
 1354              	.LLST1:
 1355 001f 02000000 		.4byte	.LVL1
 1356 0023 08000000 		.4byte	.LVL2
 1357 0027 0200     		.2byte	0x2
 1358 0029 30       		.byte	0x30
 1359 002a 9F       		.byte	0x9f
 1360 002b 08000000 		.4byte	.LVL2
 1361 002f 30000000 		.4byte	.LVL10
 1362 0033 0100     		.2byte	0x1
 1363 0035 55       		.byte	0x55
 1364 0036 00000000 		.4byte	0
 1365 003a 00000000 		.4byte	0
 1366              	.LLST2:
 1367 003e 0C000000 		.4byte	.LVL3
 1368 0042 2C000000 		.4byte	.LVL9
 1369 0046 0100     		.2byte	0x1
 1370 0048 56       		.byte	0x56
 1371 0049 00000000 		.4byte	0
 1372 004d 00000000 		.4byte	0
 1373              	.LLST3:
 1374 0051 0E000000 		.4byte	.LVL4
 1375 0055 24000000 		.4byte	.LVL7
 1376 0059 0100     		.2byte	0x1
 1377 005b 53       		.byte	0x53
 1378 005c 26000000 		.4byte	.LVL8
 1379 0060 2C000000 		.4byte	.LVL9
 1380 0064 0100     		.2byte	0x1
 1381 0066 53       		.byte	0x53
 1382 0067 00000000 		.4byte	0
 1383 006b 00000000 		.4byte	0
 1384              	.LLST4:
 1385 006f 00000000 		.4byte	.LVL12
 1386 0073 09000000 		.4byte	.LVL14-1
 1387 0077 0100     		.2byte	0x1
 1388 0079 50       		.byte	0x50
 1389 007a 09000000 		.4byte	.LVL14-1
 1390 007e 0C000000 		.4byte	.LFE0
 1391 0082 0400     		.2byte	0x4
 1392 0084 F3       		.byte	0xf3
ARM GAS  C:\Users\JEPPES~1\AppData\Local\Temp\ccBlGwXn.s 			page 32


 1393 0085 01       		.uleb128 0x1
 1394 0086 50       		.byte	0x50
 1395 0087 9F       		.byte	0x9f
 1396 0088 00000000 		.4byte	0
 1397 008c 00000000 		.4byte	0
 1398              	.LLST5:
 1399 0090 00000000 		.4byte	.LVL12
 1400 0094 06000000 		.4byte	.LVL13
 1401 0098 0100     		.2byte	0x1
 1402 009a 51       		.byte	0x51
 1403 009b 06000000 		.4byte	.LVL13
 1404 009f 09000000 		.4byte	.LVL14-1
 1405 00a3 0100     		.2byte	0x1
 1406 00a5 52       		.byte	0x52
 1407 00a6 09000000 		.4byte	.LVL14-1
 1408 00aa 0C000000 		.4byte	.LFE0
 1409 00ae 0400     		.2byte	0x4
 1410 00b0 F3       		.byte	0xf3
 1411 00b1 01       		.uleb128 0x1
 1412 00b2 51       		.byte	0x51
 1413 00b3 9F       		.byte	0x9f
 1414 00b4 00000000 		.4byte	0
 1415 00b8 00000000 		.4byte	0
 1416              	.LLST6:
 1417 00bc 82000000 		.4byte	.LVL18
 1418 00c0 86000000 		.4byte	.LVL19
 1419 00c4 0200     		.2byte	0x2
 1420 00c6 30       		.byte	0x30
 1421 00c7 9F       		.byte	0x9f
 1422 00c8 86000000 		.4byte	.LVL19
 1423 00cc A6000000 		.4byte	.LVL21
 1424 00d0 0100     		.2byte	0x1
 1425 00d2 54       		.byte	0x54
 1426 00d3 A8000000 		.4byte	.LVL22
 1427 00d7 3C010000 		.4byte	.LVL25
 1428 00db 0100     		.2byte	0x1
 1429 00dd 54       		.byte	0x54
 1430 00de 00000000 		.4byte	0
 1431 00e2 00000000 		.4byte	0
 1432              	.LLST7:
 1433 00e6 86000000 		.4byte	.LVL19
 1434 00ea A6000000 		.4byte	.LVL21
 1435 00ee 0B00     		.2byte	0xb
 1436 00f0 74       		.byte	0x74
 1437 00f1 00       		.sleb128 0
 1438 00f2 36       		.byte	0x36
 1439 00f3 1E       		.byte	0x1e
 1440 00f4 03       		.byte	0x3
 1441 00f5 00000000 		.4byte	cfg_memset_list.4739
 1442 00f9 22       		.byte	0x22
 1443 00fa 9F       		.byte	0x9f
 1444 00fb A6000000 		.4byte	.LVL21
 1445 00ff A8000000 		.4byte	.LVL22
 1446 0103 0B00     		.2byte	0xb
 1447 0105 74       		.byte	0x74
 1448 0106 7F       		.sleb128 -1
 1449 0107 36       		.byte	0x36
ARM GAS  C:\Users\JEPPES~1\AppData\Local\Temp\ccBlGwXn.s 			page 33


 1450 0108 1E       		.byte	0x1e
 1451 0109 03       		.byte	0x3
 1452 010a 00000000 		.4byte	cfg_memset_list.4739
 1453 010e 22       		.byte	0x22
 1454 010f 9F       		.byte	0x9f
 1455 0110 00000000 		.4byte	0
 1456 0114 00000000 		.4byte	0
 1457              		.section	.debug_aranges,"",%progbits
 1458 0000 34000000 		.4byte	0x34
 1459 0004 0200     		.2byte	0x2
 1460 0006 00000000 		.4byte	.Ldebug_info0
 1461 000a 04       		.byte	0x4
 1462 000b 00       		.byte	0
 1463 000c 0000     		.2byte	0
 1464 000e 0000     		.2byte	0
 1465 0010 00000000 		.4byte	.LFB3
 1466 0014 32000000 		.4byte	.LFE3-.LFB3
 1467 0018 00000000 		.4byte	.LFB0
 1468 001c 0C000000 		.4byte	.LFE0-.LFB0
 1469 0020 00000000 		.4byte	.LFB4
 1470 0024 78000000 		.4byte	.LFE4-.LFB4
 1471 0028 78000000 		.4byte	.LFB6
 1472 002c 24010000 		.4byte	.LFE6-.LFB6
 1473 0030 00000000 		.4byte	0
 1474 0034 00000000 		.4byte	0
 1475              		.section	.debug_ranges,"",%progbits
 1476              	.Ldebug_ranges0:
 1477 0000 00000000 		.4byte	.LFB3
 1478 0004 32000000 		.4byte	.LFE3
 1479 0008 00000000 		.4byte	.LFB0
 1480 000c 0C000000 		.4byte	.LFE0
 1481 0010 00000000 		.4byte	.LFB4
 1482 0014 78000000 		.4byte	.LFE4
 1483 0018 78000000 		.4byte	.LFB6
 1484 001c 9C010000 		.4byte	.LFE6
 1485 0020 00000000 		.4byte	0
 1486 0024 00000000 		.4byte	0
 1487              		.section	.debug_line,"",%progbits
 1488              	.Ldebug_line0:
 1489 0000 64010000 		.section	.debug_str,"MS",%progbits,1
 1489      0200D800 
 1489      00000201 
 1489      FB0E0D00 
 1489      01010101 
 1490              	.LASF18:
 1491 0000 72656733 		.ascii	"reg32\000"
 1491      3200
 1492              	.LASF11:
 1493 0006 73697A65 		.ascii	"size_t\000"
 1493      5F7400
 1494              	.LASF42:
 1495 000d 4379496E 		.ascii	"CyIntSetVector\000"
 1495      74536574 
 1495      56656374 
 1495      6F7200
 1496              	.LASF21:
 1497 001c 76616C75 		.ascii	"value\000"
ARM GAS  C:\Users\JEPPES~1\AppData\Local\Temp\ccBlGwXn.s 			page 34


 1497      6500
 1498              	.LASF26:
 1499 0022 636F756E 		.ascii	"count\000"
 1499      7400
 1500              	.LASF29:
 1501 0028 436C6F63 		.ascii	"ClockSetup\000"
 1501      6B536574 
 1501      757000
 1502              	.LASF30:
 1503 0033 63795F63 		.ascii	"cy_cfg_addr_table\000"
 1503      66675F61 
 1503      6464725F 
 1503      7461626C 
 1503      6500
 1504              	.LASF31:
 1505 0045 63795F63 		.ascii	"cy_cfg_data_table\000"
 1505      66675F64 
 1505      6174615F 
 1505      7461626C 
 1505      6500
 1506              	.LASF22:
 1507 0057 63795F63 		.ascii	"cy_cfg_addrvalue_t\000"
 1507      66675F61 
 1507      64647276 
 1507      616C7565 
 1507      5F7400
 1508              	.LASF15:
 1509 006a 666C6F61 		.ascii	"float\000"
 1509      7400
 1510              	.LASF35:
 1511 0070 6366675F 		.ascii	"cfg_memset_list\000"
 1511      6D656D73 
 1511      65745F6C 
 1511      69737400 
 1512              	.LASF33:
 1513 0080 73697A65 		.ascii	"size\000"
 1513      00
 1514              	.LASF40:
 1515 0085 433A5C45 		.ascii	"C:\\E3PRJ3-Gruppe1\\PSoC\\PSoC4XY.cydsn\000"
 1515      3350524A 
 1515      332D4772 
 1515      75707065 
 1515      315C5053 
 1516              	.LASF17:
 1517 00aa 72656738 		.ascii	"reg8\000"
 1517      00
 1518              	.LASF6:
 1519 00af 6C6F6E67 		.ascii	"long unsigned int\000"
 1519      20756E73 
 1519      69676E65 
 1519      6420696E 
 1519      7400
 1520              	.LASF12:
 1521 00c1 75696E74 		.ascii	"uint8\000"
 1521      3800
 1522              	.LASF28:
 1523 00c7 43594D45 		.ascii	"CYMEMZERO\000"
ARM GAS  C:\Users\JEPPES~1\AppData\Local\Temp\ccBlGwXn.s 			page 35


 1523      4D5A4552 
 1523      4F00
 1524              	.LASF2:
 1525 00d1 756E7369 		.ascii	"unsigned char\000"
 1525      676E6564 
 1525      20636861 
 1525      7200
 1526              	.LASF36:
 1527 00df 6D656D73 		.ascii	"memset\000"
 1527      657400
 1528              	.LASF16:
 1529 00e6 646F7562 		.ascii	"double\000"
 1529      6C6500
 1530              	.LASF27:
 1531 00ed 6366675F 		.ascii	"cfg_write_bytes32\000"
 1531      77726974 
 1531      655F6279 
 1531      74657333 
 1531      3200
 1532              	.LASF43:
 1533 00ff 4379496E 		.ascii	"CyIntEnable\000"
 1533      74456E61 
 1533      626C6500 
 1534              	.LASF23:
 1535 010b 61646472 		.ascii	"addr_table\000"
 1535      5F746162 
 1535      6C6500
 1536              	.LASF13:
 1537 0116 75696E74 		.ascii	"uint16\000"
 1537      313600
 1538              	.LASF24:
 1539 011d 64617461 		.ascii	"data_table\000"
 1539      5F746162 
 1539      6C6500
 1540              	.LASF14:
 1541 0128 75696E74 		.ascii	"uint32\000"
 1541      333200
 1542              	.LASF0:
 1543 012f 756E7369 		.ascii	"unsigned int\000"
 1543      676E6564 
 1543      20696E74 
 1543      00
 1544              	.LASF41:
 1545 013c 63796669 		.ascii	"cyfitter_cfg\000"
 1545      74746572 
 1545      5F636667 
 1545      00
 1546              	.LASF32:
 1547 0149 61646472 		.ascii	"address\000"
 1547      65737300 
 1548              	.LASF8:
 1549 0151 6C6F6E67 		.ascii	"long long unsigned int\000"
 1549      206C6F6E 
 1549      6720756E 
 1549      7369676E 
 1549      65642069 
 1550              	.LASF19:
ARM GAS  C:\Users\JEPPES~1\AppData\Local\Temp\ccBlGwXn.s 			page 36


 1551 0168 63796973 		.ascii	"cyisraddress\000"
 1551      72616464 
 1551      72657373 
 1551      00
 1552              	.LASF34:
 1553 0175 6366675F 		.ascii	"cfg_memset_t\000"
 1553      6D656D73 
 1553      65745F74 
 1553      00
 1554              	.LASF25:
 1555 0182 62617365 		.ascii	"baseAddr\000"
 1555      41646472 
 1555      00
 1556              	.LASF9:
 1557 018b 73697A65 		.ascii	"sizetype\000"
 1557      74797065 
 1557      00
 1558              	.LASF39:
 1559 0194 2E5C4765 		.ascii	".\\Generated_Source\\PSoC4\\cyfitter_cfg.c\000"
 1559      6E657261 
 1559      7465645F 
 1559      536F7572 
 1559      63655C50 
 1560              	.LASF7:
 1561 01bc 6C6F6E67 		.ascii	"long long int\000"
 1561      206C6F6E 
 1561      6720696E 
 1561      7400
 1562              	.LASF10:
 1563 01ca 63686172 		.ascii	"char\000"
 1563      00
 1564              	.LASF38:
 1565 01cf 474E5520 		.ascii	"GNU C 4.9.3 20150303 (release) [ARM/embedded-4_9-br"
 1565      4320342E 
 1565      392E3320 
 1565      32303135 
 1565      30333033 
 1566 0202 616E6368 		.ascii	"anch revision 221220] -mcpu=cortex-m0 -mthumb -g -O"
 1566      20726576 
 1566      6973696F 
 1566      6E203232 
 1566      31323230 
 1567 0235 67202D66 		.ascii	"g -ffunction-sections -ffat-lto-objects\000"
 1567      66756E63 
 1567      74696F6E 
 1567      2D736563 
 1567      74696F6E 
 1568              	.LASF20:
 1569 025d 6F666673 		.ascii	"offset\000"
 1569      657400
 1570              	.LASF3:
 1571 0264 73686F72 		.ascii	"short int\000"
 1571      7420696E 
 1571      7400
 1572              	.LASF37:
 1573 026e 43795379 		.ascii	"CySysClkWriteImoFreq\000"
 1573      73436C6B 
ARM GAS  C:\Users\JEPPES~1\AppData\Local\Temp\ccBlGwXn.s 			page 37


 1573      57726974 
 1573      65496D6F 
 1573      46726571 
 1574              	.LASF5:
 1575 0283 6C6F6E67 		.ascii	"long int\000"
 1575      20696E74 
 1575      00
 1576              	.LASF1:
 1577 028c 7369676E 		.ascii	"signed char\000"
 1577      65642063 
 1577      68617200 
 1578              	.LASF4:
 1579 0298 73686F72 		.ascii	"short unsigned int\000"
 1579      7420756E 
 1579      7369676E 
 1579      65642069 
 1579      6E7400
 1580              		.ident	"GCC: (GNU Tools for ARM Embedded Processors) 4.9.3 20150303 (release) [ARM/embedded-4_9-br
