ARM GAS  C:\Users\JEPPES~1\AppData\Local\Temp\cc9Rn7Vm.s 			page 1


   1              		.cpu cortex-m0
   2              		.fpu softvfp
   3              		.eabi_attribute 20, 1
   4              		.eabi_attribute 21, 1
   5              		.eabi_attribute 23, 3
   6              		.eabi_attribute 24, 1
   7              		.eabi_attribute 25, 1
   8              		.eabi_attribute 26, 1
   9              		.eabi_attribute 30, 1
  10              		.eabi_attribute 34, 0
  11              		.eabi_attribute 18, 4
  12              		.code	16
  13              		.file	"data.c"
  14              		.text
  15              	.Ltext0:
  16              		.cfi_sections	.debug_frame
  17              		.section	.text.data_init,"ax",%progbits
  18              		.align	2
  19              		.global	data_init
  20              		.code	16
  21              		.thumb_func
  22              		.type	data_init, %function
  23              	data_init:
  24              	.LFB34:
  25              		.file 1 ".\\data.c"
   1:.\data.c      **** /* ========================================
   2:.\data.c      ****  *
   3:.\data.c      ****  * File: data.c
   4:.\data.c      ****  * Description: 
   5:.\data.c      ****  *
   6:.\data.c      ****  * University: AARHUS UNIVERSITY SCHOOL OF ENGINEERING
   7:.\data.c      ****  * Project: F16 - E3PRJ3-02 Semesterprojekt 3 [240501U178]
   8:.\data.c      ****  * Group: 1
   9:.\data.c      ****  * 
  10:.\data.c      ****  * Author: 
  11:.\data.c      ****  * Matriculation number: 
  12:.\data.c      ****  *
  13:.\data.c      ****  * Version: 1.0
  14:.\data.c      ****  * Date: 13-05-2016
  15:.\data.c      ****  *
  16:.\data.c      ****  * ========================================
  17:.\data.c      **** */
  18:.\data.c      **** 
  19:.\data.c      **** #include "data.h"
  20:.\data.c      **** 
  21:.\data.c      **** void data_init(void)
  22:.\data.c      **** {
  26              		.loc 1 22 0
  27              		.cfi_startproc
  23:.\data.c      ****     dataXY.calibratedX = 1;
  28              		.loc 1 23 0
  29 0000 084B     		ldr	r3, .L2
  30 0002 0122     		mov	r2, #1
  31 0004 1A70     		strb	r2, [r3]
  24:.\data.c      ****     dataXY.calibratedY = 1;
  32              		.loc 1 24 0
  33 0006 5A70     		strb	r2, [r3, #1]
ARM GAS  C:\Users\JEPPES~1\AppData\Local\Temp\cc9Rn7Vm.s 			page 2


  25:.\data.c      ****     dataXY.interruptX = 0;
  34              		.loc 1 25 0
  35 0008 0022     		mov	r2, #0
  36 000a 9A70     		strb	r2, [r3, #2]
  26:.\data.c      ****     dataXY.interruptY = 0;
  37              		.loc 1 26 0
  38 000c DA70     		strb	r2, [r3, #3]
  27:.\data.c      ****     dataXY.isrStopX = 0;
  39              		.loc 1 27 0
  40 000e 1A71     		strb	r2, [r3, #4]
  28:.\data.c      ****     dataXY.isrStopY = 0;
  41              		.loc 1 28 0
  42 0010 5A71     		strb	r2, [r3, #5]
  29:.\data.c      ****     dataXY.xFlag = 0;
  43              		.loc 1 29 0
  44 0012 9A71     		strb	r2, [r3, #6]
  30:.\data.c      ****     dataXY.yFlag = 0;
  45              		.loc 1 30 0
  46 0014 DA71     		strb	r2, [r3, #7]
  31:.\data.c      ****     dataXY.xMax = 3460;
  47              		.loc 1 31 0
  48 0016 0449     		ldr	r1, .L2+4
  49 0018 9960     		str	r1, [r3, #8]
  32:.\data.c      ****     dataXY.xPos = 0;
  50              		.loc 1 32 0
  51 001a DA60     		str	r2, [r3, #12]
  33:.\data.c      ****     dataXY.yMax = 1475;
  52              		.loc 1 33 0
  53 001c 0349     		ldr	r1, .L2+8
  54 001e 1961     		str	r1, [r3, #16]
  34:.\data.c      ****     dataXY.yPos = 0; 
  55              		.loc 1 34 0
  56 0020 5A61     		str	r2, [r3, #20]
  35:.\data.c      **** }
  57              		.loc 1 35 0
  58              		@ sp needed
  59 0022 7047     		bx	lr
  60              	.L3:
  61              		.align	2
  62              	.L2:
  63 0024 00000000 		.word	dataXY
  64 0028 840D0000 		.word	3460
  65 002c C3050000 		.word	1475
  66              		.cfi_endproc
  67              	.LFE34:
  68              		.size	data_init, .-data_init
  69              		.comm	dataXY,24,4
  70              		.text
  71              	.Letext0:
  72              		.file 2 "Generated_Source\\PSoC4/cytypes.h"
  73              		.file 3 ".\\data.h"
  74              		.section	.debug_info,"",%progbits
  75              	.Ldebug_info0:
  76 0000 5B010000 		.4byte	0x15b
  77 0004 0400     		.2byte	0x4
  78 0006 00000000 		.4byte	.Ldebug_abbrev0
  79 000a 04       		.byte	0x4
ARM GAS  C:\Users\JEPPES~1\AppData\Local\Temp\cc9Rn7Vm.s 			page 3


  80 000b 01       		.uleb128 0x1
  81 000c F3000000 		.4byte	.LASF27
  82 0010 01       		.byte	0x1
  83 0011 5B000000 		.4byte	.LASF28
  84 0015 64000000 		.4byte	.LASF29
  85 0019 00000000 		.4byte	.Ldebug_ranges0+0
  86 001d 00000000 		.4byte	0
  87 0021 00000000 		.4byte	.Ldebug_line0
  88 0025 02       		.uleb128 0x2
  89 0026 01       		.byte	0x1
  90 0027 06       		.byte	0x6
  91 0028 AF010000 		.4byte	.LASF0
  92 002c 02       		.uleb128 0x2
  93 002d 01       		.byte	0x1
  94 002e 08       		.byte	0x8
  95 002f 23000000 		.4byte	.LASF1
  96 0033 02       		.uleb128 0x2
  97 0034 02       		.byte	0x2
  98 0035 05       		.byte	0x5
  99 0036 81010000 		.4byte	.LASF2
 100 003a 02       		.uleb128 0x2
 101 003b 02       		.byte	0x2
 102 003c 07       		.byte	0x7
 103 003d 05000000 		.4byte	.LASF3
 104 0041 02       		.uleb128 0x2
 105 0042 04       		.byte	0x4
 106 0043 05       		.byte	0x5
 107 0044 9B010000 		.4byte	.LASF4
 108 0048 02       		.uleb128 0x2
 109 0049 04       		.byte	0x4
 110 004a 07       		.byte	0x7
 111 004b 3C000000 		.4byte	.LASF5
 112 004f 02       		.uleb128 0x2
 113 0050 08       		.byte	0x8
 114 0051 05       		.byte	0x5
 115 0052 E0000000 		.4byte	.LASF6
 116 0056 02       		.uleb128 0x2
 117 0057 08       		.byte	0x8
 118 0058 07       		.byte	0x7
 119 0059 A3000000 		.4byte	.LASF7
 120 005d 03       		.uleb128 0x3
 121 005e 04       		.byte	0x4
 122 005f 05       		.byte	0x5
 123 0060 696E7400 		.ascii	"int\000"
 124 0064 02       		.uleb128 0x2
 125 0065 04       		.byte	0x4
 126 0066 07       		.byte	0x7
 127 0067 96000000 		.4byte	.LASF8
 128 006b 04       		.uleb128 0x4
 129 006c 4E000000 		.4byte	.LASF9
 130 0070 02       		.byte	0x2
 131 0071 3801     		.2byte	0x138
 132 0073 2C000000 		.4byte	0x2c
 133 0077 04       		.uleb128 0x4
 134 0078 89000000 		.4byte	.LASF10
 135 007c 02       		.byte	0x2
 136 007d 3A01     		.2byte	0x13a
ARM GAS  C:\Users\JEPPES~1\AppData\Local\Temp\cc9Rn7Vm.s 			page 4


 137 007f 48000000 		.4byte	0x48
 138 0083 02       		.uleb128 0x2
 139 0084 04       		.byte	0x4
 140 0085 04       		.byte	0x4
 141 0086 1D000000 		.4byte	.LASF11
 142 008a 02       		.uleb128 0x2
 143 008b 08       		.byte	0x8
 144 008c 04       		.byte	0x4
 145 008d 54000000 		.4byte	.LASF12
 146 0091 02       		.uleb128 0x2
 147 0092 01       		.byte	0x1
 148 0093 08       		.byte	0x8
 149 0094 EE000000 		.4byte	.LASF13
 150 0098 02       		.uleb128 0x2
 151 0099 04       		.byte	0x4
 152 009a 07       		.byte	0x7
 153 009b D7000000 		.4byte	.LASF14
 154 009f 05       		.uleb128 0x5
 155 00a0 92010000 		.4byte	.LASF30
 156 00a4 18       		.byte	0x18
 157 00a5 03       		.byte	0x3
 158 00a6 18       		.byte	0x18
 159 00a7 3C010000 		.4byte	0x13c
 160 00ab 06       		.uleb128 0x6
 161 00ac BF000000 		.4byte	.LASF15
 162 00b0 03       		.byte	0x3
 163 00b1 19       		.byte	0x19
 164 00b2 6B000000 		.4byte	0x6b
 165 00b6 00       		.byte	0
 166 00b7 06       		.uleb128 0x6
 167 00b8 CB000000 		.4byte	.LASF16
 168 00bc 03       		.byte	0x3
 169 00bd 1A       		.byte	0x1a
 170 00be 6B000000 		.4byte	0x6b
 171 00c2 01       		.byte	0x1
 172 00c3 06       		.uleb128 0x6
 173 00c4 D7010000 		.4byte	.LASF17
 174 00c8 03       		.byte	0x3
 175 00c9 1B       		.byte	0x1b
 176 00ca 6B000000 		.4byte	0x6b
 177 00ce 02       		.byte	0x2
 178 00cf 06       		.uleb128 0x6
 179 00d0 A4010000 		.4byte	.LASF18
 180 00d4 03       		.byte	0x3
 181 00d5 1C       		.byte	0x1c
 182 00d6 6B000000 		.4byte	0x6b
 183 00da 03       		.byte	0x3
 184 00db 06       		.uleb128 0x6
 185 00dc C5010000 		.4byte	.LASF19
 186 00e0 03       		.byte	0x3
 187 00e1 1D       		.byte	0x1d
 188 00e2 6B000000 		.4byte	0x6b
 189 00e6 04       		.byte	0x4
 190 00e7 06       		.uleb128 0x6
 191 00e8 CE010000 		.4byte	.LASF20
 192 00ec 03       		.byte	0x3
 193 00ed 1E       		.byte	0x1e
ARM GAS  C:\Users\JEPPES~1\AppData\Local\Temp\cc9Rn7Vm.s 			page 5


 194 00ee 6B000000 		.4byte	0x6b
 195 00f2 05       		.byte	0x5
 196 00f3 06       		.uleb128 0x6
 197 00f4 31000000 		.4byte	.LASF21
 198 00f8 03       		.byte	0x3
 199 00f9 1F       		.byte	0x1f
 200 00fa 6B000000 		.4byte	0x6b
 201 00fe 06       		.byte	0x6
 202 00ff 06       		.uleb128 0x6
 203 0100 90000000 		.4byte	.LASF22
 204 0104 03       		.byte	0x3
 205 0105 20       		.byte	0x20
 206 0106 6B000000 		.4byte	0x6b
 207 010a 07       		.byte	0x7
 208 010b 06       		.uleb128 0x6
 209 010c BA000000 		.4byte	.LASF23
 210 0110 03       		.byte	0x3
 211 0111 21       		.byte	0x21
 212 0112 77000000 		.4byte	0x77
 213 0116 08       		.byte	0x8
 214 0117 06       		.uleb128 0x6
 215 0118 00000000 		.4byte	.LASF24
 216 011c 03       		.byte	0x3
 217 011d 22       		.byte	0x22
 218 011e 77000000 		.4byte	0x77
 219 0122 0C       		.byte	0xc
 220 0123 06       		.uleb128 0x6
 221 0124 37000000 		.4byte	.LASF25
 222 0128 03       		.byte	0x3
 223 0129 23       		.byte	0x23
 224 012a 77000000 		.4byte	0x77
 225 012e 10       		.byte	0x10
 226 012f 06       		.uleb128 0x6
 227 0130 18000000 		.4byte	.LASF26
 228 0134 03       		.byte	0x3
 229 0135 24       		.byte	0x24
 230 0136 77000000 		.4byte	0x77
 231 013a 14       		.byte	0x14
 232 013b 00       		.byte	0
 233 013c 07       		.uleb128 0x7
 234 013d BB010000 		.4byte	.LASF31
 235 0141 01       		.byte	0x1
 236 0142 15       		.byte	0x15
 237 0143 00000000 		.4byte	.LFB34
 238 0147 30000000 		.4byte	.LFE34-.LFB34
 239 014b 01       		.uleb128 0x1
 240 014c 9C       		.byte	0x9c
 241 014d 08       		.uleb128 0x8
 242 014e 8B010000 		.4byte	.LASF32
 243 0152 03       		.byte	0x3
 244 0153 25       		.byte	0x25
 245 0154 9F000000 		.4byte	0x9f
 246 0158 05       		.uleb128 0x5
 247 0159 03       		.byte	0x3
 248 015a 00000000 		.4byte	dataXY
 249 015e 00       		.byte	0
 250              		.section	.debug_abbrev,"",%progbits
ARM GAS  C:\Users\JEPPES~1\AppData\Local\Temp\cc9Rn7Vm.s 			page 6


 251              	.Ldebug_abbrev0:
 252 0000 01       		.uleb128 0x1
 253 0001 11       		.uleb128 0x11
 254 0002 01       		.byte	0x1
 255 0003 25       		.uleb128 0x25
 256 0004 0E       		.uleb128 0xe
 257 0005 13       		.uleb128 0x13
 258 0006 0B       		.uleb128 0xb
 259 0007 03       		.uleb128 0x3
 260 0008 0E       		.uleb128 0xe
 261 0009 1B       		.uleb128 0x1b
 262 000a 0E       		.uleb128 0xe
 263 000b 55       		.uleb128 0x55
 264 000c 17       		.uleb128 0x17
 265 000d 11       		.uleb128 0x11
 266 000e 01       		.uleb128 0x1
 267 000f 10       		.uleb128 0x10
 268 0010 17       		.uleb128 0x17
 269 0011 00       		.byte	0
 270 0012 00       		.byte	0
 271 0013 02       		.uleb128 0x2
 272 0014 24       		.uleb128 0x24
 273 0015 00       		.byte	0
 274 0016 0B       		.uleb128 0xb
 275 0017 0B       		.uleb128 0xb
 276 0018 3E       		.uleb128 0x3e
 277 0019 0B       		.uleb128 0xb
 278 001a 03       		.uleb128 0x3
 279 001b 0E       		.uleb128 0xe
 280 001c 00       		.byte	0
 281 001d 00       		.byte	0
 282 001e 03       		.uleb128 0x3
 283 001f 24       		.uleb128 0x24
 284 0020 00       		.byte	0
 285 0021 0B       		.uleb128 0xb
 286 0022 0B       		.uleb128 0xb
 287 0023 3E       		.uleb128 0x3e
 288 0024 0B       		.uleb128 0xb
 289 0025 03       		.uleb128 0x3
 290 0026 08       		.uleb128 0x8
 291 0027 00       		.byte	0
 292 0028 00       		.byte	0
 293 0029 04       		.uleb128 0x4
 294 002a 16       		.uleb128 0x16
 295 002b 00       		.byte	0
 296 002c 03       		.uleb128 0x3
 297 002d 0E       		.uleb128 0xe
 298 002e 3A       		.uleb128 0x3a
 299 002f 0B       		.uleb128 0xb
 300 0030 3B       		.uleb128 0x3b
 301 0031 05       		.uleb128 0x5
 302 0032 49       		.uleb128 0x49
 303 0033 13       		.uleb128 0x13
 304 0034 00       		.byte	0
 305 0035 00       		.byte	0
 306 0036 05       		.uleb128 0x5
 307 0037 13       		.uleb128 0x13
ARM GAS  C:\Users\JEPPES~1\AppData\Local\Temp\cc9Rn7Vm.s 			page 7


 308 0038 01       		.byte	0x1
 309 0039 03       		.uleb128 0x3
 310 003a 0E       		.uleb128 0xe
 311 003b 0B       		.uleb128 0xb
 312 003c 0B       		.uleb128 0xb
 313 003d 3A       		.uleb128 0x3a
 314 003e 0B       		.uleb128 0xb
 315 003f 3B       		.uleb128 0x3b
 316 0040 0B       		.uleb128 0xb
 317 0041 01       		.uleb128 0x1
 318 0042 13       		.uleb128 0x13
 319 0043 00       		.byte	0
 320 0044 00       		.byte	0
 321 0045 06       		.uleb128 0x6
 322 0046 0D       		.uleb128 0xd
 323 0047 00       		.byte	0
 324 0048 03       		.uleb128 0x3
 325 0049 0E       		.uleb128 0xe
 326 004a 3A       		.uleb128 0x3a
 327 004b 0B       		.uleb128 0xb
 328 004c 3B       		.uleb128 0x3b
 329 004d 0B       		.uleb128 0xb
 330 004e 49       		.uleb128 0x49
 331 004f 13       		.uleb128 0x13
 332 0050 38       		.uleb128 0x38
 333 0051 0B       		.uleb128 0xb
 334 0052 00       		.byte	0
 335 0053 00       		.byte	0
 336 0054 07       		.uleb128 0x7
 337 0055 2E       		.uleb128 0x2e
 338 0056 00       		.byte	0
 339 0057 3F       		.uleb128 0x3f
 340 0058 19       		.uleb128 0x19
 341 0059 03       		.uleb128 0x3
 342 005a 0E       		.uleb128 0xe
 343 005b 3A       		.uleb128 0x3a
 344 005c 0B       		.uleb128 0xb
 345 005d 3B       		.uleb128 0x3b
 346 005e 0B       		.uleb128 0xb
 347 005f 27       		.uleb128 0x27
 348 0060 19       		.uleb128 0x19
 349 0061 11       		.uleb128 0x11
 350 0062 01       		.uleb128 0x1
 351 0063 12       		.uleb128 0x12
 352 0064 06       		.uleb128 0x6
 353 0065 40       		.uleb128 0x40
 354 0066 18       		.uleb128 0x18
 355 0067 9742     		.uleb128 0x2117
 356 0069 19       		.uleb128 0x19
 357 006a 00       		.byte	0
 358 006b 00       		.byte	0
 359 006c 08       		.uleb128 0x8
 360 006d 34       		.uleb128 0x34
 361 006e 00       		.byte	0
 362 006f 03       		.uleb128 0x3
 363 0070 0E       		.uleb128 0xe
 364 0071 3A       		.uleb128 0x3a
ARM GAS  C:\Users\JEPPES~1\AppData\Local\Temp\cc9Rn7Vm.s 			page 8


 365 0072 0B       		.uleb128 0xb
 366 0073 3B       		.uleb128 0x3b
 367 0074 0B       		.uleb128 0xb
 368 0075 49       		.uleb128 0x49
 369 0076 13       		.uleb128 0x13
 370 0077 3F       		.uleb128 0x3f
 371 0078 19       		.uleb128 0x19
 372 0079 02       		.uleb128 0x2
 373 007a 18       		.uleb128 0x18
 374 007b 00       		.byte	0
 375 007c 00       		.byte	0
 376 007d 00       		.byte	0
 377              		.section	.debug_aranges,"",%progbits
 378 0000 1C000000 		.4byte	0x1c
 379 0004 0200     		.2byte	0x2
 380 0006 00000000 		.4byte	.Ldebug_info0
 381 000a 04       		.byte	0x4
 382 000b 00       		.byte	0
 383 000c 0000     		.2byte	0
 384 000e 0000     		.2byte	0
 385 0010 00000000 		.4byte	.LFB34
 386 0014 30000000 		.4byte	.LFE34-.LFB34
 387 0018 00000000 		.4byte	0
 388 001c 00000000 		.4byte	0
 389              		.section	.debug_ranges,"",%progbits
 390              	.Ldebug_ranges0:
 391 0000 00000000 		.4byte	.LFB34
 392 0004 30000000 		.4byte	.LFE34
 393 0008 00000000 		.4byte	0
 394 000c 00000000 		.4byte	0
 395              		.section	.debug_line,"",%progbits
 396              	.Ldebug_line0:
 397 0000 71000000 		.section	.debug_str,"MS",%progbits,1
 397      02004F00 
 397      00000201 
 397      FB0E0D00 
 397      01010101 
 398              	.LASF24:
 399 0000 78506F73 		.ascii	"xPos\000"
 399      00
 400              	.LASF3:
 401 0005 73686F72 		.ascii	"short unsigned int\000"
 401      7420756E 
 401      7369676E 
 401      65642069 
 401      6E7400
 402              	.LASF26:
 403 0018 79506F73 		.ascii	"yPos\000"
 403      00
 404              	.LASF11:
 405 001d 666C6F61 		.ascii	"float\000"
 405      7400
 406              	.LASF1:
 407 0023 756E7369 		.ascii	"unsigned char\000"
 407      676E6564 
 407      20636861 
 407      7200
ARM GAS  C:\Users\JEPPES~1\AppData\Local\Temp\cc9Rn7Vm.s 			page 9


 408              	.LASF21:
 409 0031 78466C61 		.ascii	"xFlag\000"
 409      6700
 410              	.LASF25:
 411 0037 794D6178 		.ascii	"yMax\000"
 411      00
 412              	.LASF5:
 413 003c 6C6F6E67 		.ascii	"long unsigned int\000"
 413      20756E73 
 413      69676E65 
 413      6420696E 
 413      7400
 414              	.LASF9:
 415 004e 75696E74 		.ascii	"uint8\000"
 415      3800
 416              	.LASF12:
 417 0054 646F7562 		.ascii	"double\000"
 417      6C6500
 418              	.LASF28:
 419 005b 2E5C6461 		.ascii	".\\data.c\000"
 419      74612E63 
 419      00
 420              	.LASF29:
 421 0064 433A5C45 		.ascii	"C:\\E3PRJ3-Gruppe1\\PSoC\\PSoC4XY.cydsn\000"
 421      3350524A 
 421      332D4772 
 421      75707065 
 421      315C5053 
 422              	.LASF10:
 423 0089 75696E74 		.ascii	"uint32\000"
 423      333200
 424              	.LASF22:
 425 0090 79466C61 		.ascii	"yFlag\000"
 425      6700
 426              	.LASF8:
 427 0096 756E7369 		.ascii	"unsigned int\000"
 427      676E6564 
 427      20696E74 
 427      00
 428              	.LASF7:
 429 00a3 6C6F6E67 		.ascii	"long long unsigned int\000"
 429      206C6F6E 
 429      6720756E 
 429      7369676E 
 429      65642069 
 430              	.LASF23:
 431 00ba 784D6178 		.ascii	"xMax\000"
 431      00
 432              	.LASF15:
 433 00bf 63616C69 		.ascii	"calibratedX\000"
 433      62726174 
 433      65645800 
 434              	.LASF16:
 435 00cb 63616C69 		.ascii	"calibratedY\000"
 435      62726174 
 435      65645900 
 436              	.LASF14:
ARM GAS  C:\Users\JEPPES~1\AppData\Local\Temp\cc9Rn7Vm.s 			page 10


 437 00d7 73697A65 		.ascii	"sizetype\000"
 437      74797065 
 437      00
 438              	.LASF6:
 439 00e0 6C6F6E67 		.ascii	"long long int\000"
 439      206C6F6E 
 439      6720696E 
 439      7400
 440              	.LASF13:
 441 00ee 63686172 		.ascii	"char\000"
 441      00
 442              	.LASF27:
 443 00f3 474E5520 		.ascii	"GNU C 4.9.3 20150303 (release) [ARM/embedded-4_9-br"
 443      4320342E 
 443      392E3320 
 443      32303135 
 443      30333033 
 444 0126 616E6368 		.ascii	"anch revision 221220] -mcpu=cortex-m0 -mthumb -g -O"
 444      20726576 
 444      6973696F 
 444      6E203232 
 444      31323230 
 445 0159 67202D66 		.ascii	"g -ffunction-sections -ffat-lto-objects\000"
 445      66756E63 
 445      74696F6E 
 445      2D736563 
 445      74696F6E 
 446              	.LASF2:
 447 0181 73686F72 		.ascii	"short int\000"
 447      7420696E 
 447      7400
 448              	.LASF32:
 449 018b 64617461 		.ascii	"dataXY\000"
 449      585900
 450              	.LASF30:
 451 0192 44617461 		.ascii	"DataXY_T\000"
 451      58595F54 
 451      00
 452              	.LASF4:
 453 019b 6C6F6E67 		.ascii	"long int\000"
 453      20696E74 
 453      00
 454              	.LASF18:
 455 01a4 696E7465 		.ascii	"interruptY\000"
 455      72727570 
 455      745900
 456              	.LASF0:
 457 01af 7369676E 		.ascii	"signed char\000"
 457      65642063 
 457      68617200 
 458              	.LASF31:
 459 01bb 64617461 		.ascii	"data_init\000"
 459      5F696E69 
 459      7400
 460              	.LASF19:
 461 01c5 69737253 		.ascii	"isrStopX\000"
 461      746F7058 
ARM GAS  C:\Users\JEPPES~1\AppData\Local\Temp\cc9Rn7Vm.s 			page 11


 461      00
 462              	.LASF20:
 463 01ce 69737253 		.ascii	"isrStopY\000"
 463      746F7059 
 463      00
 464              	.LASF17:
 465 01d7 696E7465 		.ascii	"interruptX\000"
 465      72727570 
 465      745800
 466              		.ident	"GCC: (GNU Tools for ARM Embedded Processors) 4.9.3 20150303 (release) [ARM/embedded-4_9-br
