<<<<<<< HEAD
ARM GAS  C:\Users\JEPPES~1\AppData\Local\Temp\ccQiBU1d.s 			page 1
=======
ARM GAS  C:\Users\Simon\AppData\Local\Temp\ccYk9Etn.s 			page 1
>>>>>>> origin/master


   1              		.cpu cortex-m0
   2              		.fpu softvfp
   3              		.eabi_attribute 20, 1
   4              		.eabi_attribute 21, 1
   5              		.eabi_attribute 23, 3
   6              		.eabi_attribute 24, 1
   7              		.eabi_attribute 25, 1
   8              		.eabi_attribute 26, 1
   9              		.eabi_attribute 30, 1
  10              		.eabi_attribute 34, 0
  11              		.eabi_attribute 18, 4
  12              		.code	16
  13              		.file	"handler.c"
  14              		.text
  15              	.Ltext0:
  16              		.cfi_sections	.debug_frame
  17              		.global	__aeabi_uidiv
  18              		.section	.text.handler,"ax",%progbits
  19              		.align	2
  20              		.global	handler
  21              		.code	16
  22              		.thumb_func
  23              		.type	handler, %function
  24              	handler:
  25              	.LFB34:
  26              		.file 1 ".\\handler.c"
   1:.\handler.c   **** /* ========================================
   2:.\handler.c   ****  *
   3:.\handler.c   ****  * File: handler.c
   4:.\handler.c   ****  * Description: 
   5:.\handler.c   ****  *
   6:.\handler.c   ****  * University: AARHUS UNIVERSITY SCHOOL OF ENGINEERING
   7:.\handler.c   ****  * Project: F16 - E3PRJ3-02 Semesterprojekt 3 [240501U178]
   8:.\handler.c   ****  * Group: 1
   9:.\handler.c   ****  * 
  10:.\handler.c   ****  * Author: 
  11:.\handler.c   ****  * Matriculation number: 
  12:.\handler.c   ****  *
  13:.\handler.c   ****  * Version: 1.0
  14:.\handler.c   ****  * Date: 13-05-2016
  15:.\handler.c   ****  *
  16:.\handler.c   ****  * ========================================
  17:.\handler.c   **** */
  18:.\handler.c   **** 
  19:.\handler.c   **** #include "handler.h"
  20:.\handler.c   **** 
  21:.\handler.c   **** void handler(uint8 cmd, uint8 val)
  22:.\handler.c   **** {
  27              		.loc 1 22 0
  28              		.cfi_startproc
  29              	.LVL0:
  30 0000 10B5     		push	{r4, lr}
  31              		.cfi_def_cfa_offset 8
  32              		.cfi_offset 4, -8
  33              		.cfi_offset 14, -4
<<<<<<< HEAD
  23:.\handler.c   ****     uint8 txVal;
  24:.\handler.c   ****     
ARM GAS  C:\Users\JEPPES~1\AppData\Local\Temp\ccQiBU1d.s 			page 2
=======
  23:.\handler.c   ****     switch (cmd) {
  34              		.loc 1 23 0
ARM GAS  C:\Users\Simon\AppData\Local\Temp\ccYk9Etn.s 			page 2
>>>>>>> origin/master


  25:.\handler.c   ****     switch (cmd) {
  34              		.loc 1 25 0
  35 0002 1528     		cmp	r0, #21
  36 0004 46D0     		beq	.L3
  37 0006 0CD8     		bhi	.L4
  38 0008 1228     		cmp	r0, #18
  39 000a 1FD0     		beq	.L5
  40 000c 04D8     		bhi	.L6
  41 000e 1028     		cmp	r0, #16
  42 0010 14D0     		beq	.L7
  43 0012 1128     		cmp	r0, #17
  44 0014 16D0     		beq	.L8
  45 0016 5BE0     		b	.L1
  46              	.L6:
  47 0018 1328     		cmp	r0, #19
  48 001a 1FD0     		beq	.L9
  49 001c 1428     		cmp	r0, #20
  50 001e 2BD0     		beq	.L10
  51 0020 56E0     		b	.L1
  52              	.L4:
  53 0022 1828     		cmp	r0, #24
  54 0024 4AD0     		beq	.L11
  55 0026 04D8     		bhi	.L12
  56 0028 1628     		cmp	r0, #22
  57 002a 41D0     		beq	.L13
  58 002c 1728     		cmp	r0, #23
  59 002e 42D0     		beq	.L14
  60 0030 4EE0     		b	.L1
  61              	.L12:
  62 0032 1928     		cmp	r0, #25
  63 0034 45D0     		beq	.L15
  64 0036 9028     		cmp	r0, #144
  65 0038 46D0     		beq	.L16
  66 003a 49E0     		b	.L1
  67              	.L7:
  26:.\handler.c   ****         case cmdSetXPos : 
  27:.\handler.c   ****             setXPos(val);
  68              		.loc 1 27 0
  69 003c 081C     		mov	r0, r1
  70              	.LVL1:
  71 003e FFF7FEFF 		bl	setXPos
  72              	.LVL2:
  28:.\handler.c   ****             break;
  73              		.loc 1 28 0
  74 0042 45E0     		b	.L1
  75              	.LVL3:
  76              	.L8:
  29:.\handler.c   ****         case cmdSetYPos :
  30:.\handler.c   ****             setYPos(val);
  77              		.loc 1 30 0
  78 0044 081C     		mov	r0, r1
  79              	.LVL4:
  80 0046 FFF7FEFF 		bl	setYPos
  81              	.LVL5:
<<<<<<< HEAD
  31:.\handler.c   ****             break;
  82              		.loc 1 31 0
  83 004a 41E0     		b	.L1
ARM GAS  C:\Users\JEPPES~1\AppData\Local\Temp\ccQiBU1d.s 			page 3


  84              	.LVL6:
  85              	.L5:
  32:.\handler.c   ****         case cmdGetXPos :
  33:.\handler.c   ****             i2cTxBuffer[1] = cmd;
  86              		.loc 1 33 0
  87 004c 214C     		ldr	r4, .L21
  88 004e 6070     		strb	r0, [r4, #1]
  34:.\handler.c   ****             i2cTxBuffer[2] = txVal = getXPos();
  89              		.loc 1 34 0
  90 0050 FFF7FEFF 		bl	getXPos
  91              	.LVL7:
  92 0054 A070     		strb	r0, [r4, #2]
  35:.\handler.c   ****             i2c_tx();
  93              		.loc 1 35 0
  94 0056 FFF7FEFF 		bl	i2c_tx
  95              	.LVL8:
  36:.\handler.c   ****             break;
  96              		.loc 1 36 0
  97 005a 39E0     		b	.L1
  98              	.LVL9:
  99              	.L9:
  37:.\handler.c   ****         case cmdGetYPos : 
  38:.\handler.c   ****             i2cTxBuffer[1] = cmd;
 100              		.loc 1 38 0
 101 005c 1D4C     		ldr	r4, .L21
 102 005e 6070     		strb	r0, [r4, #1]
  39:.\handler.c   ****             i2cTxBuffer[2] = (uint8)(resolution / yMax * yPos);
 103              		.loc 1 39 0
 104 0060 FF20     		mov	r0, #255
 105              	.LVL10:
 106 0062 1D4B     		ldr	r3, .L21+4
 107 0064 1968     		ldr	r1, [r3]
 108              	.LVL11:
 109 0066 FFF7FEFF 		bl	__aeabi_uidiv
 110              	.LVL12:
 111 006a 1C4B     		ldr	r3, .L21+8
 112 006c 1B68     		ldr	r3, [r3]
 113 006e 5843     		mul	r0, r3
 114 0070 A070     		strb	r0, [r4, #2]
  40:.\handler.c   ****             i2c_tx();
 115              		.loc 1 40 0
 116 0072 FFF7FEFF 		bl	i2c_tx
 117              	.LVL13:
  41:.\handler.c   ****             break;
 118              		.loc 1 41 0
 119 0076 2BE0     		b	.L1
 120              	.LVL14:
 121              	.L10:
  42:.\handler.c   ****         case cmdGetXMax : 
  43:.\handler.c   ****             i2cTxBuffer[1] = cmd;
 122              		.loc 1 43 0
 123 0078 164B     		ldr	r3, .L21
 124 007a 5870     		strb	r0, [r3, #1]
  44:.\handler.c   ****             i2cTxBuffer[2] = (xMax > 0) ? (255u) : 0xee;
 125              		.loc 1 44 0
 126 007c 184B     		ldr	r3, .L21+12
 127 007e 1B68     		ldr	r3, [r3]
ARM GAS  C:\Users\JEPPES~1\AppData\Local\Temp\ccQiBU1d.s 			page 4


 128 0080 002B     		cmp	r3, #0
 129 0082 01D0     		beq	.L19
 130 0084 FF22     		mov	r2, #255
 131 0086 00E0     		b	.L17
 132              	.L19:
 133 0088 EE22     		mov	r2, #238
 134              	.L17:
 135              		.loc 1 44 0 is_stmt 0 discriminator 4
 136 008a 124B     		ldr	r3, .L21
 137 008c 9A70     		strb	r2, [r3, #2]
  45:.\handler.c   ****             i2c_tx();
 138              		.loc 1 45 0 is_stmt 1 discriminator 4
 139 008e FFF7FEFF 		bl	i2c_tx
 140              	.LVL15:
  46:.\handler.c   ****             break;
 141              		.loc 1 46 0 discriminator 4
 142 0092 1DE0     		b	.L1
 143              	.LVL16:
 144              	.L3:
  47:.\handler.c   ****         case cmdGetYMax : 
  48:.\handler.c   ****             i2cTxBuffer[1] = cmd;
 145              		.loc 1 48 0
 146 0094 0F4B     		ldr	r3, .L21
 147 0096 5870     		strb	r0, [r3, #1]
  49:.\handler.c   ****             i2cTxBuffer[2] = (yMax > 0) ? (255u) : 0xee;
 148              		.loc 1 49 0
 149 0098 0F4B     		ldr	r3, .L21+4
 150 009a 1B68     		ldr	r3, [r3]
 151 009c 002B     		cmp	r3, #0
 152 009e 01D0     		beq	.L20
 153 00a0 FF22     		mov	r2, #255
 154 00a2 00E0     		b	.L18
 155              	.L20:
 156 00a4 EE22     		mov	r2, #238
 157              	.L18:
 158              		.loc 1 49 0 is_stmt 0 discriminator 4
 159 00a6 0B4B     		ldr	r3, .L21
 160 00a8 9A70     		strb	r2, [r3, #2]
  50:.\handler.c   ****             i2c_tx();
 161              		.loc 1 50 0 is_stmt 1 discriminator 4
 162 00aa FFF7FEFF 		bl	i2c_tx
 163              	.LVL17:
  51:.\handler.c   ****             break;
 164              		.loc 1 51 0 discriminator 4
 165 00ae 0FE0     		b	.L1
 166              	.LVL18:
 167              	.L13:
  52:.\handler.c   ****         case cmdStopX : 
  53:.\handler.c   ****             stopX();
 168              		.loc 1 53 0
 169 00b0 FFF7FEFF 		bl	stopX
 170              	.LVL19:
  54:.\handler.c   ****             break;
 171              		.loc 1 54 0
 172 00b4 0CE0     		b	.L1
 173              	.LVL20:
 174              	.L14:
ARM GAS  C:\Users\JEPPES~1\AppData\Local\Temp\ccQiBU1d.s 			page 5
=======
  29:.\handler.c   ****             break;
  82              		.loc 1 29 0
  83 004a 53E0     		b	.L1
  84              	.LVL6:
  85              	.L5:
ARM GAS  C:\Users\Simon\AppData\Local\Temp\ccYk9Etn.s 			page 3


  30:.\handler.c   ****         case cmdGetXPos :
  31:.\handler.c   ****             i2c_txBuffer[1] = cmd;
  86              		.loc 1 31 0
  87 004c 2A4B     		ldr	r3, .L25
  88 004e 5870     		strb	r0, [r3, #1]
  32:.\handler.c   ****             i2c_txBuffer[2] = (xPos > 0) ? (xPos / resolution) : 0xee;
  89              		.loc 1 32 0
  90 0050 2A4B     		ldr	r3, .L25+4
  91 0052 1868     		ldr	r0, [r3]
  92              	.LVL7:
  93 0054 0028     		cmp	r0, #0
  94 0056 04D0     		beq	.L21
  95              		.loc 1 32 0 is_stmt 0 discriminator 1
  96 0058 FF21     		mov	r1, #255
  97              	.LVL8:
  98 005a FFF7FEFF 		bl	__aeabi_uidiv
  99              	.LVL9:
 100 005e C0B2     		uxtb	r0, r0
 101 0060 00E0     		b	.L17
 102              	.LVL10:
 103              	.L21:
 104              		.loc 1 32 0
 105 0062 EE20     		mov	r0, #238
 106              	.LVL11:
 107              	.L17:
 108              		.loc 1 32 0 discriminator 4
 109 0064 244B     		ldr	r3, .L25
 110 0066 9870     		strb	r0, [r3, #2]
  33:.\handler.c   ****             i2c_tx();
 111              		.loc 1 33 0 is_stmt 1 discriminator 4
 112 0068 FFF7FEFF 		bl	i2c_tx
 113              	.LVL12:
  34:.\handler.c   ****             break;
 114              		.loc 1 34 0 discriminator 4
 115 006c 42E0     		b	.L1
 116              	.LVL13:
 117              	.L9:
  35:.\handler.c   ****         case cmdGetYPos : 
  36:.\handler.c   ****             i2c_txBuffer[1] = cmd;
 118              		.loc 1 36 0
 119 006e 224B     		ldr	r3, .L25
 120 0070 5870     		strb	r0, [r3, #1]
  37:.\handler.c   ****             i2c_txBuffer[2] = (yPos > 0) ? (yPos / resolution) : 0xee;
 121              		.loc 1 37 0
 122 0072 234B     		ldr	r3, .L25+8
 123 0074 1868     		ldr	r0, [r3]
 124              	.LVL14:
 125 0076 0028     		cmp	r0, #0
 126 0078 04D0     		beq	.L22
 127              		.loc 1 37 0 is_stmt 0 discriminator 1
 128 007a FF21     		mov	r1, #255
 129              	.LVL15:
 130 007c FFF7FEFF 		bl	__aeabi_uidiv
 131              	.LVL16:
 132 0080 C0B2     		uxtb	r0, r0
 133 0082 00E0     		b	.L18
 134              	.LVL17:
ARM GAS  C:\Users\Simon\AppData\Local\Temp\ccYk9Etn.s 			page 4


 135              	.L22:
 136              		.loc 1 37 0
 137 0084 EE20     		mov	r0, #238
 138              	.LVL18:
 139              	.L18:
 140              		.loc 1 37 0 discriminator 4
 141 0086 1C4B     		ldr	r3, .L25
 142 0088 9870     		strb	r0, [r3, #2]
  38:.\handler.c   ****             i2c_tx();
 143              		.loc 1 38 0 is_stmt 1 discriminator 4
 144 008a FFF7FEFF 		bl	i2c_tx
 145              	.LVL19:
  39:.\handler.c   ****             break;
 146              		.loc 1 39 0 discriminator 4
 147 008e 31E0     		b	.L1
 148              	.LVL20:
 149              	.L10:
  40:.\handler.c   ****         case cmdGetXMax : 
  41:.\handler.c   ****             i2c_txBuffer[1] = cmd;
 150              		.loc 1 41 0
 151 0090 194B     		ldr	r3, .L25
 152 0092 5870     		strb	r0, [r3, #1]
  42:.\handler.c   ****             i2c_txBuffer[2] = (xMax > 0) ? (xMax / resolution) : 0xee;
 153              		.loc 1 42 0
 154 0094 1B4B     		ldr	r3, .L25+12
 155 0096 1868     		ldr	r0, [r3]
 156              	.LVL21:
 157 0098 0028     		cmp	r0, #0
 158 009a 04D0     		beq	.L23
 159              		.loc 1 42 0 is_stmt 0 discriminator 1
 160 009c FF21     		mov	r1, #255
 161              	.LVL22:
 162 009e FFF7FEFF 		bl	__aeabi_uidiv
 163              	.LVL23:
 164 00a2 C0B2     		uxtb	r0, r0
 165 00a4 00E0     		b	.L19
 166              	.LVL24:
 167              	.L23:
 168              		.loc 1 42 0
 169 00a6 EE20     		mov	r0, #238
 170              	.LVL25:
 171              	.L19:
 172              		.loc 1 42 0 discriminator 4
 173 00a8 134B     		ldr	r3, .L25
 174 00aa 9870     		strb	r0, [r3, #2]
  43:.\handler.c   ****             i2c_tx();
 175              		.loc 1 43 0 is_stmt 1 discriminator 4
 176 00ac FFF7FEFF 		bl	i2c_tx
 177              	.LVL26:
  44:.\handler.c   ****             break;
 178              		.loc 1 44 0 discriminator 4
 179 00b0 20E0     		b	.L1
 180              	.LVL27:
 181              	.L3:
  45:.\handler.c   ****         case cmdGetYMax : 
  46:.\handler.c   ****             i2c_txBuffer[1] = cmd;
 182              		.loc 1 46 0
ARM GAS  C:\Users\Simon\AppData\Local\Temp\ccYk9Etn.s 			page 5


 183 00b2 114B     		ldr	r3, .L25
 184 00b4 5870     		strb	r0, [r3, #1]
  47:.\handler.c   ****             i2c_txBuffer[2] = (yMax > 0) ? (yMax / resolution) : 0xee;
 185              		.loc 1 47 0
 186 00b6 144B     		ldr	r3, .L25+16
 187 00b8 1868     		ldr	r0, [r3]
 188              	.LVL28:
 189 00ba 0028     		cmp	r0, #0
 190 00bc 04D0     		beq	.L24
 191              		.loc 1 47 0 is_stmt 0 discriminator 1
 192 00be FF21     		mov	r1, #255
 193              	.LVL29:
 194 00c0 FFF7FEFF 		bl	__aeabi_uidiv
 195              	.LVL30:
 196 00c4 C0B2     		uxtb	r0, r0
 197 00c6 00E0     		b	.L20
 198              	.LVL31:
 199              	.L24:
 200              		.loc 1 47 0
 201 00c8 EE20     		mov	r0, #238
 202              	.LVL32:
 203              	.L20:
 204              		.loc 1 47 0 discriminator 4
 205 00ca 0B4B     		ldr	r3, .L25
 206 00cc 9870     		strb	r0, [r3, #2]
  48:.\handler.c   ****             i2c_tx();
 207              		.loc 1 48 0 is_stmt 1 discriminator 4
 208 00ce FFF7FEFF 		bl	i2c_tx
 209              	.LVL33:
  49:.\handler.c   ****             break;
 210              		.loc 1 49 0 discriminator 4
 211 00d2 0FE0     		b	.L1
 212              	.LVL34:
 213              	.L13:
  50:.\handler.c   ****         case cmdStopX : 
  51:.\handler.c   ****             stopX();
 214              		.loc 1 51 0
 215 00d4 FFF7FEFF 		bl	stopX
 216              	.LVL35:
  52:.\handler.c   ****             break;
 217              		.loc 1 52 0
 218 00d8 0CE0     		b	.L1
 219              	.LVL36:
 220              	.L14:
  53:.\handler.c   ****         case cmdStopY : 
  54:.\handler.c   ****             stopY();
 221              		.loc 1 54 0
 222 00da FFF7FEFF 		bl	stopY
 223              	.LVL37:
  55:.\handler.c   ****             break;
 224              		.loc 1 55 0
 225 00de 09E0     		b	.L1
 226              	.LVL38:
 227              	.L11:
  56:.\handler.c   ****         case cmdCalibrateX : 
  57:.\handler.c   ****             calibrateX();
 228              		.loc 1 57 0
ARM GAS  C:\Users\Simon\AppData\Local\Temp\ccYk9Etn.s 			page 6
>>>>>>> origin/master


  55:.\handler.c   ****         case cmdStopY : 
  56:.\handler.c   ****             stopY();
 175              		.loc 1 56 0
 176 00b6 FFF7FEFF 		bl	stopY
 177              	.LVL21:
  57:.\handler.c   ****             break;
 178              		.loc 1 57 0
 179 00ba 09E0     		b	.L1
 180              	.LVL22:
 181              	.L11:
  58:.\handler.c   ****         case cmdCalibrateX : 
  59:.\handler.c   ****             calibrateX();
 182              		.loc 1 59 0
 183 00bc FFF7FEFF 		bl	calibrateX
 184              	.LVL23:
  60:.\handler.c   ****             break;
 185              		.loc 1 60 0
 186 00c0 06E0     		b	.L1
 187              	.LVL24:
 188              	.L15:
  61:.\handler.c   ****         case cmdCalibrateY : 
  62:.\handler.c   ****             calibrateY();
 189              		.loc 1 62 0
 190 00c2 FFF7FEFF 		bl	calibrateY
 191              	.LVL25:
  63:.\handler.c   ****             break;
 192              		.loc 1 63 0
 193 00c6 03E0     		b	.L1
 194              	.LVL26:
 195              	.L16:
  64:.\handler.c   ****         case 0x90 :
  65:.\handler.c   ****             calibrateX();
 196              		.loc 1 65 0
 197 00c8 FFF7FEFF 		bl	calibrateX
 198              	.LVL27:
  66:.\handler.c   ****             calibrateY();
 199              		.loc 1 66 0
 200 00cc FFF7FEFF 		bl	calibrateY
 201              	.LVL28:
 202              	.L1:
  67:.\handler.c   ****             break;
<<<<<<< HEAD
  68:.\handler.c   ****         default :
  69:.\handler.c   ****             break;
  70:.\handler.c   ****     }
  71:.\handler.c   **** }
 203              		.loc 1 71 0
 204              		@ sp needed
 205 00d0 10BD     		pop	{r4, pc}
 206              	.L22:
 207 00d2 C046     		.align	2
 208              	.L21:
 209 00d4 00000000 		.word	i2cTxBuffer
 210 00d8 00000000 		.word	yMax
 211 00dc 00000000 		.word	yPos
 212 00e0 00000000 		.word	xMax
 213              		.cfi_endproc
 214              	.LFE34:
ARM GAS  C:\Users\JEPPES~1\AppData\Local\Temp\ccQiBU1d.s 			page 6


 215              		.size	handler, .-handler
 216              		.comm	i2cRxBuffer,4,4
 217              		.comm	i2cTxBuffer,4,4
 218              		.comm	backOfQueuePtr,4,4
 219              		.comm	frontOfQueuePtr,4,4
 220              		.text
 221              	.Letext0:
 222              		.file 2 "Generated_Source\\PSoC4/cytypes.h"
 223              		.file 3 ".\\queue.h"
 224              		.file 4 ".\\xy.h"
 225              		.file 5 ".\\i2c.h"
 226              		.section	.debug_info,"",%progbits
 227              	.Ldebug_info0:
 228 0000 69020000 		.4byte	0x269
 229 0004 0400     		.2byte	0x4
 230 0006 00000000 		.4byte	.Ldebug_abbrev0
 231 000a 04       		.byte	0x4
 232 000b 01       		.uleb128 0x1
 233 000c 5D010000 		.4byte	.LASF35
 234 0010 01       		.byte	0x1
 235 0011 1F010000 		.4byte	.LASF36
 236 0015 4A000000 		.4byte	.LASF37
 237 0019 00000000 		.4byte	.Ldebug_ranges0+0
 238 001d 00000000 		.4byte	0
 239 0021 00000000 		.4byte	.Ldebug_line0
 240 0025 02       		.uleb128 0x2
 241 0026 01       		.byte	0x1
 242 0027 06       		.byte	0x6
 243 0028 14020000 		.4byte	.LASF0
 244 002c 02       		.uleb128 0x2
 245 002d 01       		.byte	0x1
 246 002e 08       		.byte	0x8
 247 002f 3C000000 		.4byte	.LASF1
 248 0033 02       		.uleb128 0x2
 249 0034 02       		.byte	0x2
 250 0035 05       		.byte	0x5
 251 0036 F1010000 		.4byte	.LASF2
 252 003a 02       		.uleb128 0x2
 253 003b 02       		.byte	0x2
 254 003c 07       		.byte	0x7
 255 003d 81000000 		.4byte	.LASF3
 256 0041 02       		.uleb128 0x2
 257 0042 04       		.byte	0x4
 258 0043 05       		.byte	0x5
 259 0044 06020000 		.4byte	.LASF4
 260 0048 02       		.uleb128 0x2
 261 0049 04       		.byte	0x4
 262 004a 07       		.byte	0x7
 263 004b 6F000000 		.4byte	.LASF5
 264 004f 02       		.uleb128 0x2
 265 0050 08       		.byte	0x8
 266 0051 05       		.byte	0x5
 267 0052 00000000 		.4byte	.LASF6
 268 0056 02       		.uleb128 0x2
 269 0057 08       		.byte	0x8
 270 0058 07       		.byte	0x7
 271 0059 EC000000 		.4byte	.LASF7
ARM GAS  C:\Users\JEPPES~1\AppData\Local\Temp\ccQiBU1d.s 			page 7


 272 005d 03       		.uleb128 0x3
 273 005e 04       		.byte	0x4
 274 005f 05       		.byte	0x5
 275 0060 696E7400 		.ascii	"int\000"
 276 0064 02       		.uleb128 0x2
 277 0065 04       		.byte	0x4
 278 0066 07       		.byte	0x7
 279 0067 CD000000 		.4byte	.LASF8
 280 006b 04       		.uleb128 0x4
 281 006c FB010000 		.4byte	.LASF9
 282 0070 02       		.byte	0x2
 283 0071 3801     		.2byte	0x138
 284 0073 2C000000 		.4byte	0x2c
 285 0077 04       		.uleb128 0x4
 286 0078 C6000000 		.4byte	.LASF10
 287 007c 02       		.byte	0x2
 288 007d 3A01     		.2byte	0x13a
 289 007f 48000000 		.4byte	0x48
 290 0083 02       		.uleb128 0x2
 291 0084 04       		.byte	0x4
 292 0085 04       		.byte	0x4
 293 0086 2E000000 		.4byte	.LASF11
 294 008a 02       		.uleb128 0x2
 295 008b 08       		.byte	0x8
 296 008c 04       		.byte	0x4
 297 008d A4000000 		.4byte	.LASF12
 298 0091 02       		.uleb128 0x2
 299 0092 01       		.byte	0x1
 300 0093 08       		.byte	0x8
 301 0094 0F020000 		.4byte	.LASF13
 302 0098 02       		.uleb128 0x2
 303 0099 04       		.byte	0x4
 304 009a 07       		.byte	0x7
 305 009b 33010000 		.4byte	.LASF14
 306 009f 05       		.uleb128 0x5
 307 00a0 19000000 		.4byte	.LASF17
 308 00a4 08       		.byte	0x8
 309 00a5 03       		.byte	0x3
 310 00a6 1A       		.byte	0x1a
 311 00a7 C4000000 		.4byte	0xc4
 312 00ab 06       		.uleb128 0x6
 313 00ac 58010000 		.4byte	.LASF15
 314 00b0 03       		.byte	0x3
 315 00b1 1C       		.byte	0x1c
 316 00b2 5D000000 		.4byte	0x5d
 317 00b6 00       		.byte	0
 318 00b7 06       		.uleb128 0x6
 319 00b8 53010000 		.4byte	.LASF16
 320 00bc 03       		.byte	0x3
 321 00bd 1D       		.byte	0x1d
 322 00be 5D000000 		.4byte	0x5d
 323 00c2 04       		.byte	0x4
 324 00c3 00       		.byte	0
 325 00c4 05       		.uleb128 0x5
 326 00c5 14000000 		.4byte	.LASF18
 327 00c9 0C       		.byte	0xc
 328 00ca 03       		.byte	0x3
ARM GAS  C:\Users\JEPPES~1\AppData\Local\Temp\ccQiBU1d.s 			page 8


 329 00cb 20       		.byte	0x20
 330 00cc E9000000 		.4byte	0xe9
 331 00d0 06       		.uleb128 0x6
 332 00d1 0E000000 		.4byte	.LASF19
 333 00d5 03       		.byte	0x3
 334 00d6 22       		.byte	0x22
 335 00d7 9F000000 		.4byte	0x9f
 336 00db 00       		.byte	0
 337 00dc 06       		.uleb128 0x6
 338 00dd EB010000 		.4byte	.LASF20
 339 00e1 03       		.byte	0x3
 340 00e2 23       		.byte	0x23
 341 00e3 E9000000 		.4byte	0xe9
 342 00e7 08       		.byte	0x8
 343 00e8 00       		.byte	0
 344 00e9 07       		.uleb128 0x7
 345 00ea 04       		.byte	0x4
 346 00eb C4000000 		.4byte	0xc4
 347 00ef 08       		.uleb128 0x8
 348 00f0 2B010000 		.4byte	.LASF38
 349 00f4 01       		.byte	0x1
 350 00f5 15       		.byte	0x15
 351 00f6 00000000 		.4byte	.LFB34
 352 00fa E4000000 		.4byte	.LFE34-.LFB34
 353 00fe 01       		.uleb128 0x1
 354 00ff 9C       		.byte	0x9c
 355 0100 A7010000 		.4byte	0x1a7
 356 0104 09       		.uleb128 0x9
 357 0105 636D6400 		.ascii	"cmd\000"
 358 0109 01       		.byte	0x1
 359 010a 15       		.byte	0x15
 360 010b 6B000000 		.4byte	0x6b
 361 010f 00000000 		.4byte	.LLST0
 362 0113 09       		.uleb128 0x9
 363 0114 76616C00 		.ascii	"val\000"
 364 0118 01       		.byte	0x1
 365 0119 15       		.byte	0x15
 366 011a 6B000000 		.4byte	0x6b
 367 011e 2A010000 		.4byte	.LLST1
 368 0122 0A       		.uleb128 0xa
 369 0123 23000000 		.4byte	.LASF39
 370 0127 01       		.byte	0x1
 371 0128 17       		.byte	0x17
 372 0129 6B000000 		.4byte	0x6b
 373 012d 45020000 		.4byte	.LLST2
 374 0131 0B       		.uleb128 0xb
 375 0132 42000000 		.4byte	.LVL2
 376 0136 1C020000 		.4byte	0x21c
 377 013a 0B       		.uleb128 0xb
 378 013b 4A000000 		.4byte	.LVL5
 379 013f 2D020000 		.4byte	0x22d
 380 0143 0B       		.uleb128 0xb
 381 0144 54000000 		.4byte	.LVL7
 382 0148 3E020000 		.4byte	0x23e
 383 014c 0B       		.uleb128 0xb
 384 014d 5A000000 		.4byte	.LVL8
 385 0151 49020000 		.4byte	0x249
ARM GAS  C:\Users\JEPPES~1\AppData\Local\Temp\ccQiBU1d.s 			page 9


 386 0155 0B       		.uleb128 0xb
 387 0156 76000000 		.4byte	.LVL13
 388 015a 49020000 		.4byte	0x249
 389 015e 0B       		.uleb128 0xb
 390 015f 92000000 		.4byte	.LVL15
 391 0163 49020000 		.4byte	0x249
 392 0167 0B       		.uleb128 0xb
 393 0168 AE000000 		.4byte	.LVL17
 394 016c 49020000 		.4byte	0x249
 395 0170 0B       		.uleb128 0xb
 396 0171 B4000000 		.4byte	.LVL19
 397 0175 50020000 		.4byte	0x250
 398 0179 0B       		.uleb128 0xb
 399 017a BA000000 		.4byte	.LVL21
 400 017e 57020000 		.4byte	0x257
 401 0182 0B       		.uleb128 0xb
 402 0183 C0000000 		.4byte	.LVL23
 403 0187 5E020000 		.4byte	0x25e
 404 018b 0B       		.uleb128 0xb
 405 018c C6000000 		.4byte	.LVL25
 406 0190 65020000 		.4byte	0x265
 407 0194 0B       		.uleb128 0xb
 408 0195 CC000000 		.4byte	.LVL27
 409 0199 5E020000 		.4byte	0x25e
 410 019d 0B       		.uleb128 0xb
 411 019e D0000000 		.4byte	.LVL28
 412 01a2 65020000 		.4byte	0x265
 413 01a6 00       		.byte	0
 414 01a7 0C       		.uleb128 0xc
 415 01a8 0F010000 		.4byte	.LASF21
 416 01ac 03       		.byte	0x3
 417 01ad 26       		.byte	0x26
 418 01ae E9000000 		.4byte	0xe9
 419 01b2 05       		.uleb128 0x5
 420 01b3 03       		.byte	0x3
 421 01b4 00000000 		.4byte	frontOfQueuePtr
 422 01b8 0C       		.uleb128 0xc
 423 01b9 AB000000 		.4byte	.LASF22
 424 01bd 03       		.byte	0x3
 425 01be 27       		.byte	0x27
 426 01bf E9000000 		.4byte	0xe9
 427 01c3 05       		.uleb128 0x5
 428 01c4 03       		.byte	0x3
 429 01c5 00000000 		.4byte	backOfQueuePtr
 430 01c9 0D       		.uleb128 0xd
 431 01ca 1E000000 		.4byte	.LASF23
 432 01ce 04       		.byte	0x4
 433 01cf 21       		.byte	0x21
 434 01d0 77000000 		.4byte	0x77
 435 01d4 0D       		.uleb128 0xd
 436 01d5 01020000 		.4byte	.LASF24
 437 01d9 04       		.byte	0x4
 438 01da 23       		.byte	0x23
 439 01db 77000000 		.4byte	0x77
 440 01df 0D       		.uleb128 0xd
 441 01e0 29000000 		.4byte	.LASF25
 442 01e4 04       		.byte	0x4
ARM GAS  C:\Users\JEPPES~1\AppData\Local\Temp\ccQiBU1d.s 			page 10


 443 01e5 24       		.byte	0x24
 444 01e6 77000000 		.4byte	0x77
 445 01ea 0E       		.uleb128 0xe
 446 01eb 6B000000 		.4byte	0x6b
 447 01ef FA010000 		.4byte	0x1fa
 448 01f3 0F       		.uleb128 0xf
 449 01f4 98000000 		.4byte	0x98
 450 01f8 03       		.byte	0x3
 451 01f9 00       		.byte	0
 452 01fa 0C       		.uleb128 0xc
 453 01fb 03010000 		.4byte	.LASF26
 454 01ff 05       		.byte	0x5
 455 0200 33       		.byte	0x33
 456 0201 EA010000 		.4byte	0x1ea
 457 0205 05       		.uleb128 0x5
 458 0206 03       		.byte	0x3
 459 0207 00000000 		.4byte	i2cTxBuffer
 460 020b 0C       		.uleb128 0xc
 461 020c BA000000 		.4byte	.LASF27
 462 0210 05       		.byte	0x5
 463 0211 34       		.byte	0x34
 464 0212 EA010000 		.4byte	0x1ea
 465 0216 05       		.uleb128 0x5
 466 0217 03       		.byte	0x3
 467 0218 00000000 		.4byte	i2cRxBuffer
 468 021c 10       		.uleb128 0x10
 469 021d 9C000000 		.4byte	.LASF28
 470 0221 04       		.byte	0x4
 471 0222 2B       		.byte	0x2b
 472 0223 2D020000 		.4byte	0x22d
 473 0227 11       		.uleb128 0x11
 474 0228 6B000000 		.4byte	0x6b
 475 022c 00       		.byte	0
 476 022d 10       		.uleb128 0x10
 477 022e 34000000 		.4byte	.LASF29
 478 0232 04       		.byte	0x4
 479 0233 2C       		.byte	0x2c
 480 0234 3E020000 		.4byte	0x23e
 481 0238 11       		.uleb128 0x11
 482 0239 6B000000 		.4byte	0x6b
 483 023d 00       		.byte	0
 484 023e 12       		.uleb128 0x12
 485 023f 94000000 		.4byte	.LASF40
 486 0243 04       		.byte	0x4
 487 0244 2D       		.byte	0x2d
 488 0245 6B000000 		.4byte	0x6b
 489 0249 13       		.uleb128 0x13
 490 024a E5000000 		.4byte	.LASF30
 491 024e 05       		.byte	0x5
 492 024f 1F       		.byte	0x1f
 493 0250 13       		.uleb128 0x13
 494 0251 47010000 		.4byte	.LASF31
 495 0255 04       		.byte	0x4
 496 0256 33       		.byte	0x33
 497 0257 13       		.uleb128 0x13
 498 0258 4D010000 		.4byte	.LASF32
 499 025c 04       		.byte	0x4
ARM GAS  C:\Users\JEPPES~1\AppData\Local\Temp\ccQiBU1d.s 			page 11


 500 025d 36       		.byte	0x36
 501 025e 13       		.uleb128 0x13
 502 025f 3C010000 		.4byte	.LASF33
 503 0263 04       		.byte	0x4
 504 0264 29       		.byte	0x29
 505 0265 13       		.uleb128 0x13
 506 0266 DA000000 		.4byte	.LASF34
 507 026a 04       		.byte	0x4
 508 026b 2A       		.byte	0x2a
 509 026c 00       		.byte	0
 510              		.section	.debug_abbrev,"",%progbits
 511              	.Ldebug_abbrev0:
 512 0000 01       		.uleb128 0x1
 513 0001 11       		.uleb128 0x11
 514 0002 01       		.byte	0x1
 515 0003 25       		.uleb128 0x25
 516 0004 0E       		.uleb128 0xe
 517 0005 13       		.uleb128 0x13
 518 0006 0B       		.uleb128 0xb
 519 0007 03       		.uleb128 0x3
 520 0008 0E       		.uleb128 0xe
 521 0009 1B       		.uleb128 0x1b
 522 000a 0E       		.uleb128 0xe
 523 000b 55       		.uleb128 0x55
 524 000c 17       		.uleb128 0x17
 525 000d 11       		.uleb128 0x11
 526 000e 01       		.uleb128 0x1
 527 000f 10       		.uleb128 0x10
 528 0010 17       		.uleb128 0x17
 529 0011 00       		.byte	0
 530 0012 00       		.byte	0
 531 0013 02       		.uleb128 0x2
 532 0014 24       		.uleb128 0x24
 533 0015 00       		.byte	0
 534 0016 0B       		.uleb128 0xb
 535 0017 0B       		.uleb128 0xb
 536 0018 3E       		.uleb128 0x3e
 537 0019 0B       		.uleb128 0xb
 538 001a 03       		.uleb128 0x3
 539 001b 0E       		.uleb128 0xe
 540 001c 00       		.byte	0
 541 001d 00       		.byte	0
 542 001e 03       		.uleb128 0x3
 543 001f 24       		.uleb128 0x24
 544 0020 00       		.byte	0
 545 0021 0B       		.uleb128 0xb
 546 0022 0B       		.uleb128 0xb
 547 0023 3E       		.uleb128 0x3e
 548 0024 0B       		.uleb128 0xb
 549 0025 03       		.uleb128 0x3
 550 0026 08       		.uleb128 0x8
 551 0027 00       		.byte	0
 552 0028 00       		.byte	0
 553 0029 04       		.uleb128 0x4
 554 002a 16       		.uleb128 0x16
 555 002b 00       		.byte	0
 556 002c 03       		.uleb128 0x3
ARM GAS  C:\Users\JEPPES~1\AppData\Local\Temp\ccQiBU1d.s 			page 12


 557 002d 0E       		.uleb128 0xe
 558 002e 3A       		.uleb128 0x3a
 559 002f 0B       		.uleb128 0xb
 560 0030 3B       		.uleb128 0x3b
 561 0031 05       		.uleb128 0x5
 562 0032 49       		.uleb128 0x49
 563 0033 13       		.uleb128 0x13
 564 0034 00       		.byte	0
 565 0035 00       		.byte	0
 566 0036 05       		.uleb128 0x5
 567 0037 13       		.uleb128 0x13
 568 0038 01       		.byte	0x1
 569 0039 03       		.uleb128 0x3
 570 003a 0E       		.uleb128 0xe
 571 003b 0B       		.uleb128 0xb
 572 003c 0B       		.uleb128 0xb
 573 003d 3A       		.uleb128 0x3a
 574 003e 0B       		.uleb128 0xb
 575 003f 3B       		.uleb128 0x3b
 576 0040 0B       		.uleb128 0xb
 577 0041 01       		.uleb128 0x1
 578 0042 13       		.uleb128 0x13
 579 0043 00       		.byte	0
 580 0044 00       		.byte	0
 581 0045 06       		.uleb128 0x6
 582 0046 0D       		.uleb128 0xd
 583 0047 00       		.byte	0
 584 0048 03       		.uleb128 0x3
 585 0049 0E       		.uleb128 0xe
 586 004a 3A       		.uleb128 0x3a
 587 004b 0B       		.uleb128 0xb
 588 004c 3B       		.uleb128 0x3b
 589 004d 0B       		.uleb128 0xb
 590 004e 49       		.uleb128 0x49
 591 004f 13       		.uleb128 0x13
 592 0050 38       		.uleb128 0x38
 593 0051 0B       		.uleb128 0xb
 594 0052 00       		.byte	0
 595 0053 00       		.byte	0
 596 0054 07       		.uleb128 0x7
 597 0055 0F       		.uleb128 0xf
 598 0056 00       		.byte	0
 599 0057 0B       		.uleb128 0xb
 600 0058 0B       		.uleb128 0xb
 601 0059 49       		.uleb128 0x49
 602 005a 13       		.uleb128 0x13
 603 005b 00       		.byte	0
 604 005c 00       		.byte	0
 605 005d 08       		.uleb128 0x8
 606 005e 2E       		.uleb128 0x2e
 607 005f 01       		.byte	0x1
 608 0060 3F       		.uleb128 0x3f
 609 0061 19       		.uleb128 0x19
 610 0062 03       		.uleb128 0x3
 611 0063 0E       		.uleb128 0xe
 612 0064 3A       		.uleb128 0x3a
 613 0065 0B       		.uleb128 0xb
ARM GAS  C:\Users\JEPPES~1\AppData\Local\Temp\ccQiBU1d.s 			page 13


 614 0066 3B       		.uleb128 0x3b
 615 0067 0B       		.uleb128 0xb
 616 0068 27       		.uleb128 0x27
 617 0069 19       		.uleb128 0x19
 618 006a 11       		.uleb128 0x11
 619 006b 01       		.uleb128 0x1
 620 006c 12       		.uleb128 0x12
 621 006d 06       		.uleb128 0x6
 622 006e 40       		.uleb128 0x40
 623 006f 18       		.uleb128 0x18
 624 0070 9642     		.uleb128 0x2116
 625 0072 19       		.uleb128 0x19
 626 0073 01       		.uleb128 0x1
 627 0074 13       		.uleb128 0x13
 628 0075 00       		.byte	0
 629 0076 00       		.byte	0
 630 0077 09       		.uleb128 0x9
 631 0078 05       		.uleb128 0x5
 632 0079 00       		.byte	0
 633 007a 03       		.uleb128 0x3
 634 007b 08       		.uleb128 0x8
 635 007c 3A       		.uleb128 0x3a
 636 007d 0B       		.uleb128 0xb
 637 007e 3B       		.uleb128 0x3b
 638 007f 0B       		.uleb128 0xb
 639 0080 49       		.uleb128 0x49
 640 0081 13       		.uleb128 0x13
 641 0082 02       		.uleb128 0x2
 642 0083 17       		.uleb128 0x17
 643 0084 00       		.byte	0
 644 0085 00       		.byte	0
 645 0086 0A       		.uleb128 0xa
 646 0087 34       		.uleb128 0x34
 647 0088 00       		.byte	0
 648 0089 03       		.uleb128 0x3
 649 008a 0E       		.uleb128 0xe
 650 008b 3A       		.uleb128 0x3a
 651 008c 0B       		.uleb128 0xb
 652 008d 3B       		.uleb128 0x3b
 653 008e 0B       		.uleb128 0xb
 654 008f 49       		.uleb128 0x49
 655 0090 13       		.uleb128 0x13
 656 0091 02       		.uleb128 0x2
 657 0092 17       		.uleb128 0x17
 658 0093 00       		.byte	0
 659 0094 00       		.byte	0
 660 0095 0B       		.uleb128 0xb
 661 0096 898201   		.uleb128 0x4109
 662 0099 00       		.byte	0
 663 009a 11       		.uleb128 0x11
 664 009b 01       		.uleb128 0x1
 665 009c 31       		.uleb128 0x31
 666 009d 13       		.uleb128 0x13
 667 009e 00       		.byte	0
 668 009f 00       		.byte	0
 669 00a0 0C       		.uleb128 0xc
 670 00a1 34       		.uleb128 0x34
ARM GAS  C:\Users\JEPPES~1\AppData\Local\Temp\ccQiBU1d.s 			page 14


 671 00a2 00       		.byte	0
 672 00a3 03       		.uleb128 0x3
 673 00a4 0E       		.uleb128 0xe
 674 00a5 3A       		.uleb128 0x3a
 675 00a6 0B       		.uleb128 0xb
 676 00a7 3B       		.uleb128 0x3b
 677 00a8 0B       		.uleb128 0xb
 678 00a9 49       		.uleb128 0x49
 679 00aa 13       		.uleb128 0x13
 680 00ab 3F       		.uleb128 0x3f
 681 00ac 19       		.uleb128 0x19
 682 00ad 02       		.uleb128 0x2
 683 00ae 18       		.uleb128 0x18
 684 00af 00       		.byte	0
 685 00b0 00       		.byte	0
 686 00b1 0D       		.uleb128 0xd
 687 00b2 34       		.uleb128 0x34
 688 00b3 00       		.byte	0
 689 00b4 03       		.uleb128 0x3
 690 00b5 0E       		.uleb128 0xe
 691 00b6 3A       		.uleb128 0x3a
 692 00b7 0B       		.uleb128 0xb
 693 00b8 3B       		.uleb128 0x3b
 694 00b9 0B       		.uleb128 0xb
 695 00ba 49       		.uleb128 0x49
 696 00bb 13       		.uleb128 0x13
 697 00bc 3F       		.uleb128 0x3f
 698 00bd 19       		.uleb128 0x19
 699 00be 3C       		.uleb128 0x3c
 700 00bf 19       		.uleb128 0x19
 701 00c0 00       		.byte	0
 702 00c1 00       		.byte	0
 703 00c2 0E       		.uleb128 0xe
 704 00c3 01       		.uleb128 0x1
 705 00c4 01       		.byte	0x1
 706 00c5 49       		.uleb128 0x49
 707 00c6 13       		.uleb128 0x13
 708 00c7 01       		.uleb128 0x1
 709 00c8 13       		.uleb128 0x13
 710 00c9 00       		.byte	0
 711 00ca 00       		.byte	0
 712 00cb 0F       		.uleb128 0xf
 713 00cc 21       		.uleb128 0x21
 714 00cd 00       		.byte	0
 715 00ce 49       		.uleb128 0x49
 716 00cf 13       		.uleb128 0x13
 717 00d0 2F       		.uleb128 0x2f
 718 00d1 0B       		.uleb128 0xb
 719 00d2 00       		.byte	0
 720 00d3 00       		.byte	0
 721 00d4 10       		.uleb128 0x10
 722 00d5 2E       		.uleb128 0x2e
 723 00d6 01       		.byte	0x1
 724 00d7 3F       		.uleb128 0x3f
 725 00d8 19       		.uleb128 0x19
 726 00d9 03       		.uleb128 0x3
 727 00da 0E       		.uleb128 0xe
ARM GAS  C:\Users\JEPPES~1\AppData\Local\Temp\ccQiBU1d.s 			page 15


 728 00db 3A       		.uleb128 0x3a
 729 00dc 0B       		.uleb128 0xb
 730 00dd 3B       		.uleb128 0x3b
 731 00de 0B       		.uleb128 0xb
 732 00df 27       		.uleb128 0x27
 733 00e0 19       		.uleb128 0x19
 734 00e1 3C       		.uleb128 0x3c
 735 00e2 19       		.uleb128 0x19
 736 00e3 01       		.uleb128 0x1
 737 00e4 13       		.uleb128 0x13
 738 00e5 00       		.byte	0
 739 00e6 00       		.byte	0
 740 00e7 11       		.uleb128 0x11
 741 00e8 05       		.uleb128 0x5
 742 00e9 00       		.byte	0
 743 00ea 49       		.uleb128 0x49
 744 00eb 13       		.uleb128 0x13
 745 00ec 00       		.byte	0
 746 00ed 00       		.byte	0
 747 00ee 12       		.uleb128 0x12
 748 00ef 2E       		.uleb128 0x2e
 749 00f0 00       		.byte	0
 750 00f1 3F       		.uleb128 0x3f
 751 00f2 19       		.uleb128 0x19
 752 00f3 03       		.uleb128 0x3
 753 00f4 0E       		.uleb128 0xe
 754 00f5 3A       		.uleb128 0x3a
 755 00f6 0B       		.uleb128 0xb
 756 00f7 3B       		.uleb128 0x3b
 757 00f8 0B       		.uleb128 0xb
 758 00f9 27       		.uleb128 0x27
 759 00fa 19       		.uleb128 0x19
 760 00fb 49       		.uleb128 0x49
 761 00fc 13       		.uleb128 0x13
 762 00fd 3C       		.uleb128 0x3c
 763 00fe 19       		.uleb128 0x19
 764 00ff 00       		.byte	0
 765 0100 00       		.byte	0
 766 0101 13       		.uleb128 0x13
 767 0102 2E       		.uleb128 0x2e
 768 0103 00       		.byte	0
 769 0104 3F       		.uleb128 0x3f
 770 0105 19       		.uleb128 0x19
 771 0106 03       		.uleb128 0x3
 772 0107 0E       		.uleb128 0xe
 773 0108 3A       		.uleb128 0x3a
 774 0109 0B       		.uleb128 0xb
 775 010a 3B       		.uleb128 0x3b
 776 010b 0B       		.uleb128 0xb
 777 010c 27       		.uleb128 0x27
 778 010d 19       		.uleb128 0x19
 779 010e 3C       		.uleb128 0x3c
 780 010f 19       		.uleb128 0x19
 781 0110 00       		.byte	0
 782 0111 00       		.byte	0
 783 0112 00       		.byte	0
 784              		.section	.debug_loc,"",%progbits
ARM GAS  C:\Users\JEPPES~1\AppData\Local\Temp\ccQiBU1d.s 			page 16


 785              	.Ldebug_loc0:
 786              	.LLST0:
 787 0000 00000000 		.4byte	.LVL0
 788 0004 3E000000 		.4byte	.LVL1
 789 0008 0100     		.2byte	0x1
 790 000a 50       		.byte	0x50
 791 000b 3E000000 		.4byte	.LVL1
 792 000f 44000000 		.4byte	.LVL3
 793 0013 0400     		.2byte	0x4
 794 0015 F3       		.byte	0xf3
 795 0016 01       		.uleb128 0x1
 796 0017 50       		.byte	0x50
 797 0018 9F       		.byte	0x9f
 798 0019 44000000 		.4byte	.LVL3
 799 001d 46000000 		.4byte	.LVL4
 800 0021 0100     		.2byte	0x1
 801 0023 50       		.byte	0x50
 802 0024 46000000 		.4byte	.LVL4
 803 0028 4C000000 		.4byte	.LVL6
 804 002c 0400     		.2byte	0x4
 805 002e F3       		.byte	0xf3
 806 002f 01       		.uleb128 0x1
 807 0030 50       		.byte	0x50
 808 0031 9F       		.byte	0x9f
 809 0032 4C000000 		.4byte	.LVL6
 810 0036 53000000 		.4byte	.LVL7-1
 811 003a 0100     		.2byte	0x1
 812 003c 50       		.byte	0x50
 813 003d 53000000 		.4byte	.LVL7-1
 814 0041 5C000000 		.4byte	.LVL9
 815 0045 0400     		.2byte	0x4
 816 0047 F3       		.byte	0xf3
 817 0048 01       		.uleb128 0x1
 818 0049 50       		.byte	0x50
 819 004a 9F       		.byte	0x9f
 820 004b 5C000000 		.4byte	.LVL9
 821 004f 62000000 		.4byte	.LVL10
 822 0053 0100     		.2byte	0x1
 823 0055 50       		.byte	0x50
 824 0056 62000000 		.4byte	.LVL10
 825 005a 69000000 		.4byte	.LVL12-1
 826 005e 0500     		.2byte	0x5
 827 0060 03       		.byte	0x3
 828 0061 01000000 		.4byte	i2cTxBuffer+1
 829 0065 69000000 		.4byte	.LVL12-1
 830 0069 78000000 		.4byte	.LVL14
 831 006d 0400     		.2byte	0x4
 832 006f F3       		.byte	0xf3
 833 0070 01       		.uleb128 0x1
 834 0071 50       		.byte	0x50
 835 0072 9F       		.byte	0x9f
 836 0073 78000000 		.4byte	.LVL14
 837 0077 91000000 		.4byte	.LVL15-1
 838 007b 0100     		.2byte	0x1
 839 007d 50       		.byte	0x50
 840 007e 91000000 		.4byte	.LVL15-1
 841 0082 94000000 		.4byte	.LVL16
ARM GAS  C:\Users\JEPPES~1\AppData\Local\Temp\ccQiBU1d.s 			page 17


 842 0086 0400     		.2byte	0x4
 843 0088 F3       		.byte	0xf3
 844 0089 01       		.uleb128 0x1
 845 008a 50       		.byte	0x50
 846 008b 9F       		.byte	0x9f
 847 008c 94000000 		.4byte	.LVL16
 848 0090 AD000000 		.4byte	.LVL17-1
 849 0094 0100     		.2byte	0x1
 850 0096 50       		.byte	0x50
 851 0097 AD000000 		.4byte	.LVL17-1
 852 009b B0000000 		.4byte	.LVL18
 853 009f 0400     		.2byte	0x4
 854 00a1 F3       		.byte	0xf3
 855 00a2 01       		.uleb128 0x1
 856 00a3 50       		.byte	0x50
 857 00a4 9F       		.byte	0x9f
 858 00a5 B0000000 		.4byte	.LVL18
 859 00a9 B3000000 		.4byte	.LVL19-1
 860 00ad 0100     		.2byte	0x1
 861 00af 50       		.byte	0x50
 862 00b0 B3000000 		.4byte	.LVL19-1
 863 00b4 B6000000 		.4byte	.LVL20
 864 00b8 0400     		.2byte	0x4
 865 00ba F3       		.byte	0xf3
 866 00bb 01       		.uleb128 0x1
 867 00bc 50       		.byte	0x50
 868 00bd 9F       		.byte	0x9f
 869 00be B6000000 		.4byte	.LVL20
 870 00c2 B9000000 		.4byte	.LVL21-1
 871 00c6 0100     		.2byte	0x1
 872 00c8 50       		.byte	0x50
 873 00c9 B9000000 		.4byte	.LVL21-1
 874 00cd BC000000 		.4byte	.LVL22
 875 00d1 0400     		.2byte	0x4
 876 00d3 F3       		.byte	0xf3
 877 00d4 01       		.uleb128 0x1
 878 00d5 50       		.byte	0x50
 879 00d6 9F       		.byte	0x9f
 880 00d7 BC000000 		.4byte	.LVL22
 881 00db BF000000 		.4byte	.LVL23-1
 882 00df 0100     		.2byte	0x1
 883 00e1 50       		.byte	0x50
 884 00e2 BF000000 		.4byte	.LVL23-1
 885 00e6 C2000000 		.4byte	.LVL24
 886 00ea 0400     		.2byte	0x4
 887 00ec F3       		.byte	0xf3
 888 00ed 01       		.uleb128 0x1
 889 00ee 50       		.byte	0x50
 890 00ef 9F       		.byte	0x9f
 891 00f0 C2000000 		.4byte	.LVL24
 892 00f4 C5000000 		.4byte	.LVL25-1
 893 00f8 0100     		.2byte	0x1
 894 00fa 50       		.byte	0x50
 895 00fb C5000000 		.4byte	.LVL25-1
 896 00ff C8000000 		.4byte	.LVL26
 897 0103 0400     		.2byte	0x4
 898 0105 F3       		.byte	0xf3
ARM GAS  C:\Users\JEPPES~1\AppData\Local\Temp\ccQiBU1d.s 			page 18


 899 0106 01       		.uleb128 0x1
 900 0107 50       		.byte	0x50
 901 0108 9F       		.byte	0x9f
 902 0109 C8000000 		.4byte	.LVL26
 903 010d CB000000 		.4byte	.LVL27-1
 904 0111 0100     		.2byte	0x1
 905 0113 50       		.byte	0x50
 906 0114 CB000000 		.4byte	.LVL27-1
 907 0118 E4000000 		.4byte	.LFE34
 908 011c 0400     		.2byte	0x4
 909 011e F3       		.byte	0xf3
 910 011f 01       		.uleb128 0x1
 911 0120 50       		.byte	0x50
 912 0121 9F       		.byte	0x9f
 913 0122 00000000 		.4byte	0
 914 0126 00000000 		.4byte	0
 915              	.LLST1:
 916 012a 00000000 		.4byte	.LVL0
 917 012e 41000000 		.4byte	.LVL2-1
 918 0132 0100     		.2byte	0x1
 919 0134 51       		.byte	0x51
 920 0135 41000000 		.4byte	.LVL2-1
 921 0139 44000000 		.4byte	.LVL3
 922 013d 0400     		.2byte	0x4
 923 013f F3       		.byte	0xf3
 924 0140 01       		.uleb128 0x1
 925 0141 51       		.byte	0x51
 926 0142 9F       		.byte	0x9f
 927 0143 44000000 		.4byte	.LVL3
 928 0147 49000000 		.4byte	.LVL5-1
 929 014b 0100     		.2byte	0x1
 930 014d 51       		.byte	0x51
 931 014e 49000000 		.4byte	.LVL5-1
 932 0152 4C000000 		.4byte	.LVL6
 933 0156 0400     		.2byte	0x4
 934 0158 F3       		.byte	0xf3
 935 0159 01       		.uleb128 0x1
 936 015a 51       		.byte	0x51
 937 015b 9F       		.byte	0x9f
 938 015c 4C000000 		.4byte	.LVL6
 939 0160 53000000 		.4byte	.LVL7-1
 940 0164 0100     		.2byte	0x1
 941 0166 51       		.byte	0x51
 942 0167 53000000 		.4byte	.LVL7-1
 943 016b 5C000000 		.4byte	.LVL9
 944 016f 0400     		.2byte	0x4
 945 0171 F3       		.byte	0xf3
 946 0172 01       		.uleb128 0x1
 947 0173 51       		.byte	0x51
 948 0174 9F       		.byte	0x9f
 949 0175 5C000000 		.4byte	.LVL9
 950 0179 66000000 		.4byte	.LVL11
 951 017d 0100     		.2byte	0x1
 952 017f 51       		.byte	0x51
 953 0180 66000000 		.4byte	.LVL11
 954 0184 78000000 		.4byte	.LVL14
 955 0188 0400     		.2byte	0x4
ARM GAS  C:\Users\JEPPES~1\AppData\Local\Temp\ccQiBU1d.s 			page 19


 956 018a F3       		.byte	0xf3
 957 018b 01       		.uleb128 0x1
 958 018c 51       		.byte	0x51
 959 018d 9F       		.byte	0x9f
 960 018e 78000000 		.4byte	.LVL14
 961 0192 91000000 		.4byte	.LVL15-1
 962 0196 0100     		.2byte	0x1
 963 0198 51       		.byte	0x51
 964 0199 91000000 		.4byte	.LVL15-1
 965 019d 94000000 		.4byte	.LVL16
 966 01a1 0400     		.2byte	0x4
 967 01a3 F3       		.byte	0xf3
 968 01a4 01       		.uleb128 0x1
 969 01a5 51       		.byte	0x51
 970 01a6 9F       		.byte	0x9f
 971 01a7 94000000 		.4byte	.LVL16
 972 01ab AD000000 		.4byte	.LVL17-1
 973 01af 0100     		.2byte	0x1
 974 01b1 51       		.byte	0x51
 975 01b2 AD000000 		.4byte	.LVL17-1
 976 01b6 B0000000 		.4byte	.LVL18
 977 01ba 0400     		.2byte	0x4
 978 01bc F3       		.byte	0xf3
 979 01bd 01       		.uleb128 0x1
 980 01be 51       		.byte	0x51
 981 01bf 9F       		.byte	0x9f
 982 01c0 B0000000 		.4byte	.LVL18
 983 01c4 B3000000 		.4byte	.LVL19-1
 984 01c8 0100     		.2byte	0x1
 985 01ca 51       		.byte	0x51
 986 01cb B3000000 		.4byte	.LVL19-1
 987 01cf B6000000 		.4byte	.LVL20
 988 01d3 0400     		.2byte	0x4
 989 01d5 F3       		.byte	0xf3
 990 01d6 01       		.uleb128 0x1
 991 01d7 51       		.byte	0x51
 992 01d8 9F       		.byte	0x9f
 993 01d9 B6000000 		.4byte	.LVL20
 994 01dd B9000000 		.4byte	.LVL21-1
 995 01e1 0100     		.2byte	0x1
 996 01e3 51       		.byte	0x51
 997 01e4 B9000000 		.4byte	.LVL21-1
 998 01e8 BC000000 		.4byte	.LVL22
 999 01ec 0400     		.2byte	0x4
 1000 01ee F3       		.byte	0xf3
 1001 01ef 01       		.uleb128 0x1
 1002 01f0 51       		.byte	0x51
 1003 01f1 9F       		.byte	0x9f
 1004 01f2 BC000000 		.4byte	.LVL22
 1005 01f6 BF000000 		.4byte	.LVL23-1
 1006 01fa 0100     		.2byte	0x1
 1007 01fc 51       		.byte	0x51
 1008 01fd BF000000 		.4byte	.LVL23-1
 1009 0201 C2000000 		.4byte	.LVL24
 1010 0205 0400     		.2byte	0x4
 1011 0207 F3       		.byte	0xf3
 1012 0208 01       		.uleb128 0x1
ARM GAS  C:\Users\JEPPES~1\AppData\Local\Temp\ccQiBU1d.s 			page 20


 1013 0209 51       		.byte	0x51
 1014 020a 9F       		.byte	0x9f
 1015 020b C2000000 		.4byte	.LVL24
 1016 020f C5000000 		.4byte	.LVL25-1
 1017 0213 0100     		.2byte	0x1
 1018 0215 51       		.byte	0x51
 1019 0216 C5000000 		.4byte	.LVL25-1
 1020 021a C8000000 		.4byte	.LVL26
 1021 021e 0400     		.2byte	0x4
 1022 0220 F3       		.byte	0xf3
 1023 0221 01       		.uleb128 0x1
 1024 0222 51       		.byte	0x51
 1025 0223 9F       		.byte	0x9f
 1026 0224 C8000000 		.4byte	.LVL26
 1027 0228 CB000000 		.4byte	.LVL27-1
 1028 022c 0100     		.2byte	0x1
 1029 022e 51       		.byte	0x51
 1030 022f CB000000 		.4byte	.LVL27-1
 1031 0233 E4000000 		.4byte	.LFE34
 1032 0237 0400     		.2byte	0x4
 1033 0239 F3       		.byte	0xf3
 1034 023a 01       		.uleb128 0x1
 1035 023b 51       		.byte	0x51
 1036 023c 9F       		.byte	0x9f
 1037 023d 00000000 		.4byte	0
 1038 0241 00000000 		.4byte	0
 1039              	.LLST2:
 1040 0245 54000000 		.4byte	.LVL7
 1041 0249 59000000 		.4byte	.LVL8-1
 1042 024d 0100     		.2byte	0x1
 1043 024f 50       		.byte	0x50
 1044 0250 00000000 		.4byte	0
 1045 0254 00000000 		.4byte	0
 1046              		.section	.debug_aranges,"",%progbits
 1047 0000 1C000000 		.4byte	0x1c
 1048 0004 0200     		.2byte	0x2
 1049 0006 00000000 		.4byte	.Ldebug_info0
 1050 000a 04       		.byte	0x4
 1051 000b 00       		.byte	0
 1052 000c 0000     		.2byte	0
 1053 000e 0000     		.2byte	0
 1054 0010 00000000 		.4byte	.LFB34
 1055 0014 E4000000 		.4byte	.LFE34-.LFB34
 1056 0018 00000000 		.4byte	0
 1057 001c 00000000 		.4byte	0
 1058              		.section	.debug_ranges,"",%progbits
 1059              	.Ldebug_ranges0:
 1060 0000 00000000 		.4byte	.LFB34
 1061 0004 E4000000 		.4byte	.LFE34
 1062 0008 00000000 		.4byte	0
 1063 000c 00000000 		.4byte	0
 1064              		.section	.debug_line,"",%progbits
 1065              	.Ldebug_line0:
 1066 0000 BC000000 		.section	.debug_str,"MS",%progbits,1
 1066      02006800 
 1066      00000201 
 1066      FB0E0D00 
ARM GAS  C:\Users\JEPPES~1\AppData\Local\Temp\ccQiBU1d.s 			page 21


 1066      01010101 
 1067              	.LASF6:
 1068 0000 6C6F6E67 		.ascii	"long long int\000"
 1068      206C6F6E 
 1068      6720696E 
 1068      7400
 1069              	.LASF19:
 1070 000e 64617461 		.ascii	"data_\000"
 1070      5F00
 1071              	.LASF18:
 1072 0014 4E6F6465 		.ascii	"Node\000"
 1072      00
 1073              	.LASF17:
 1074 0019 44617461 		.ascii	"Data\000"
 1074      00
 1075              	.LASF23:
 1076 001e 784D6178 		.ascii	"xMax\000"
 1076      00
 1077              	.LASF39:
 1078 0023 74785661 		.ascii	"txVal\000"
 1078      6C00
 1079              	.LASF25:
 1080 0029 79506F73 		.ascii	"yPos\000"
 1080      00
 1081              	.LASF11:
 1082 002e 666C6F61 		.ascii	"float\000"
 1082      7400
 1083              	.LASF29:
 1084 0034 73657459 		.ascii	"setYPos\000"
 1084      506F7300 
 1085              	.LASF1:
 1086 003c 756E7369 		.ascii	"unsigned char\000"
 1086      676E6564 
 1086      20636861 
 1086      7200
 1087              	.LASF37:
 1088 004a 433A5C45 		.ascii	"C:\\E3PRJ3-Gruppe1\\PSoC\\PSoC4XY.cydsn\000"
 1088      3350524A 
 1088      332D4772 
 1088      75707065 
 1088      315C5053 
 1089              	.LASF5:
 1090 006f 6C6F6E67 		.ascii	"long unsigned int\000"
 1090      20756E73 
 1090      69676E65 
 1090      6420696E 
 1090      7400
 1091              	.LASF3:
 1092 0081 73686F72 		.ascii	"short unsigned int\000"
 1092      7420756E 
 1092      7369676E 
 1092      65642069 
 1092      6E7400
 1093              	.LASF40:
 1094 0094 67657458 		.ascii	"getXPos\000"
 1094      506F7300 
 1095              	.LASF28:
ARM GAS  C:\Users\JEPPES~1\AppData\Local\Temp\ccQiBU1d.s 			page 22


 1096 009c 73657458 		.ascii	"setXPos\000"
 1096      506F7300 
 1097              	.LASF12:
 1098 00a4 646F7562 		.ascii	"double\000"
 1098      6C6500
 1099              	.LASF22:
 1100 00ab 6261636B 		.ascii	"backOfQueuePtr\000"
 1100      4F665175 
 1100      65756550 
 1100      747200
 1101              	.LASF27:
 1102 00ba 69326352 		.ascii	"i2cRxBuffer\000"
 1102      78427566 
 1102      66657200 
 1103              	.LASF10:
 1104 00c6 75696E74 		.ascii	"uint32\000"
 1104      333200
 1105              	.LASF8:
 1106 00cd 756E7369 		.ascii	"unsigned int\000"
 1106      676E6564 
 1106      20696E74 
 1106      00
 1107              	.LASF34:
 1108 00da 63616C69 		.ascii	"calibrateY\000"
 1108      62726174 
 1108      655900
 1109              	.LASF30:
 1110 00e5 6932635F 		.ascii	"i2c_tx\000"
 1110      747800
 1111              	.LASF7:
 1112 00ec 6C6F6E67 		.ascii	"long long unsigned int\000"
 1112      206C6F6E 
 1112      6720756E 
 1112      7369676E 
 1112      65642069 
 1113              	.LASF26:
 1114 0103 69326354 		.ascii	"i2cTxBuffer\000"
 1114      78427566 
 1114      66657200 
 1115              	.LASF21:
 1116 010f 66726F6E 		.ascii	"frontOfQueuePtr\000"
 1116      744F6651 
 1116      75657565 
 1116      50747200 
 1117              	.LASF36:
 1118 011f 2E5C6861 		.ascii	".\\handler.c\000"
 1118      6E646C65 
 1118      722E6300 
 1119              	.LASF38:
 1120 012b 68616E64 		.ascii	"handler\000"
 1120      6C657200 
 1121              	.LASF14:
 1122 0133 73697A65 		.ascii	"sizetype\000"
 1122      74797065 
 1122      00
 1123              	.LASF33:
 1124 013c 63616C69 		.ascii	"calibrateX\000"
ARM GAS  C:\Users\JEPPES~1\AppData\Local\Temp\ccQiBU1d.s 			page 23


 1124      62726174 
 1124      655800
 1125              	.LASF31:
 1126 0147 73746F70 		.ascii	"stopX\000"
 1126      5800
 1127              	.LASF32:
 1128 014d 73746F70 		.ascii	"stopY\000"
 1128      5900
 1129              	.LASF16:
 1130 0153 76616C5F 		.ascii	"val_\000"
 1130      00
 1131              	.LASF15:
 1132 0158 636D645F 		.ascii	"cmd_\000"
 1132      00
 1133              	.LASF35:
 1134 015d 474E5520 		.ascii	"GNU C 4.9.3 20150303 (release) [ARM/embedded-4_9-br"
 1134      4320342E 
 1134      392E3320 
 1134      32303135 
 1134      30333033 
 1135 0190 616E6368 		.ascii	"anch revision 221220] -mcpu=cortex-m0 -mthumb -g -O"
 1135      20726576 
 1135      6973696F 
 1135      6E203232 
 1135      31323230 
 1136 01c3 67202D66 		.ascii	"g -ffunction-sections -ffat-lto-objects\000"
 1136      66756E63 
 1136      74696F6E 
 1136      2D736563 
 1136      74696F6E 
 1137              	.LASF20:
 1138 01eb 6E657874 		.ascii	"next_\000"
 1138      5F00
 1139              	.LASF2:
 1140 01f1 73686F72 		.ascii	"short int\000"
 1140      7420696E 
 1140      7400
 1141              	.LASF9:
 1142 01fb 75696E74 		.ascii	"uint8\000"
 1142      3800
 1143              	.LASF24:
 1144 0201 794D6178 		.ascii	"yMax\000"
 1144      00
 1145              	.LASF4:
 1146 0206 6C6F6E67 		.ascii	"long int\000"
 1146      20696E74 
 1146      00
 1147              	.LASF13:
 1148 020f 63686172 		.ascii	"char\000"
 1148      00
 1149              	.LASF0:
 1150 0214 7369676E 		.ascii	"signed char\000"
 1150      65642063 
 1150      68617200 
 1151              		.ident	"GCC: (GNU Tools for ARM Embedded Processors) 4.9.3 20150303 (release) [ARM/embedded-4_9-br
=======
  68:.\handler.c   ****     }
  69:.\handler.c   **** }
 249              		.loc 1 69 0
 250              		@ sp needed
 251 00f4 08BD     		pop	{r3, pc}
 252              	.L26:
 253 00f6 C046     		.align	2
 254              	.L25:
 255 00f8 00000000 		.word	i2c_txBuffer
 256 00fc 00000000 		.word	xPos
 257 0100 00000000 		.word	yPos
 258 0104 00000000 		.word	xMax
 259 0108 00000000 		.word	yMax
 260              		.cfi_endproc
 261              	.LFE34:
 262              		.size	handler, .-handler
 263              		.comm	i2c_rxBuffer,4,4
 264              		.comm	i2c_txBuffer,4,4
 265              		.comm	backOfQueuePtr,4,4
 266              		.comm	frontOfQueuePtr,4,4
 267              		.text
 268              	.Letext0:
 269              		.file 2 "Generated_Source\\PSoC4/cytypes.h"
 270              		.file 3 ".\\queue.h"
 271              		.file 4 ".\\xy.h"
 272              		.file 5 ".\\i2c.h"
 273              		.section	.debug_info,"",%progbits
ARM GAS  C:\Users\Simon\AppData\Local\Temp\ccYk9Etn.s 			page 7


 274              	.Ldebug_info0:
 275 0000 51020000 		.4byte	0x251
 276 0004 0400     		.2byte	0x4
 277 0006 00000000 		.4byte	.Ldebug_abbrev0
 278 000a 04       		.byte	0x4
 279 000b 01       		.uleb128 0x1
 280 000c 66010000 		.4byte	.LASF36
 281 0010 01       		.byte	0x1
 282 0011 28010000 		.4byte	.LASF37
 283 0015 23000000 		.4byte	.LASF38
 284 0019 00000000 		.4byte	.Ldebug_ranges0+0
 285 001d 00000000 		.4byte	0
 286 0021 00000000 		.4byte	.Ldebug_line0
 287 0025 02       		.uleb128 0x2
 288 0026 01       		.byte	0x1
 289 0027 06       		.byte	0x6
 290 0028 1D020000 		.4byte	.LASF0
 291 002c 02       		.uleb128 0x2
 292 002d 01       		.byte	0x1
 293 002e 08       		.byte	0x8
 294 002f 7D000000 		.4byte	.LASF1
 295 0033 02       		.uleb128 0x2
 296 0034 02       		.byte	0x2
 297 0035 05       		.byte	0x5
 298 0036 FA010000 		.4byte	.LASF2
 299 003a 02       		.uleb128 0x2
 300 003b 02       		.byte	0x2
 301 003c 07       		.byte	0x7
 302 003d 9D000000 		.4byte	.LASF3
 303 0041 02       		.uleb128 0x2
 304 0042 04       		.byte	0x4
 305 0043 05       		.byte	0x5
 306 0044 0F020000 		.4byte	.LASF4
 307 0048 02       		.uleb128 0x2
 308 0049 04       		.byte	0x4
 309 004a 07       		.byte	0x7
 310 004b 8B000000 		.4byte	.LASF5
 311 004f 02       		.uleb128 0x2
 312 0050 08       		.byte	0x8
 313 0051 05       		.byte	0x5
 314 0052 00000000 		.4byte	.LASF6
 315 0056 02       		.uleb128 0x2
 316 0057 08       		.byte	0x8
 317 0058 07       		.byte	0x7
 318 0059 01010000 		.4byte	.LASF7
 319 005d 03       		.uleb128 0x3
 320 005e 04       		.byte	0x4
 321 005f 05       		.byte	0x5
 322 0060 696E7400 		.ascii	"int\000"
 323 0064 02       		.uleb128 0x2
 324 0065 04       		.byte	0x4
 325 0066 07       		.byte	0x7
 326 0067 E0000000 		.4byte	.LASF8
 327 006b 04       		.uleb128 0x4
 328 006c 04020000 		.4byte	.LASF9
 329 0070 02       		.byte	0x2
 330 0071 3801     		.2byte	0x138
ARM GAS  C:\Users\Simon\AppData\Local\Temp\ccYk9Etn.s 			page 8


 331 0073 2C000000 		.4byte	0x2c
 332 0077 04       		.uleb128 0x4
 333 0078 D9000000 		.4byte	.LASF10
 334 007c 02       		.byte	0x2
 335 007d 3A01     		.2byte	0x13a
 336 007f 48000000 		.4byte	0x48
 337 0083 02       		.uleb128 0x2
 338 0084 04       		.byte	0x4
 339 0085 04       		.byte	0x4
 340 0086 6F000000 		.4byte	.LASF11
 341 008a 02       		.uleb128 0x2
 342 008b 08       		.byte	0x8
 343 008c 04       		.byte	0x4
 344 008d C3000000 		.4byte	.LASF12
 345 0091 02       		.uleb128 0x2
 346 0092 01       		.byte	0x1
 347 0093 08       		.byte	0x8
 348 0094 18020000 		.4byte	.LASF13
 349 0098 02       		.uleb128 0x2
 350 0099 04       		.byte	0x4
 351 009a 07       		.byte	0x7
 352 009b 3C010000 		.4byte	.LASF14
 353 009f 05       		.uleb128 0x5
 354 00a0 1E000000 		.4byte	.LASF17
 355 00a4 08       		.byte	0x8
 356 00a5 03       		.byte	0x3
 357 00a6 1A       		.byte	0x1a
 358 00a7 C4000000 		.4byte	0xc4
 359 00ab 06       		.uleb128 0x6
 360 00ac 61010000 		.4byte	.LASF15
 361 00b0 03       		.byte	0x3
 362 00b1 1C       		.byte	0x1c
 363 00b2 5D000000 		.4byte	0x5d
 364 00b6 00       		.byte	0
 365 00b7 06       		.uleb128 0x6
 366 00b8 5C010000 		.4byte	.LASF16
 367 00bc 03       		.byte	0x3
 368 00bd 1D       		.byte	0x1d
 369 00be 5D000000 		.4byte	0x5d
 370 00c2 04       		.byte	0x4
 371 00c3 00       		.byte	0
 372 00c4 05       		.uleb128 0x5
 373 00c5 19000000 		.4byte	.LASF18
 374 00c9 0C       		.byte	0xc
 375 00ca 03       		.byte	0x3
 376 00cb 20       		.byte	0x20
 377 00cc E9000000 		.4byte	0xe9
 378 00d0 06       		.uleb128 0x6
 379 00d1 0E000000 		.4byte	.LASF19
 380 00d5 03       		.byte	0x3
 381 00d6 22       		.byte	0x22
 382 00d7 9F000000 		.4byte	0x9f
 383 00db 00       		.byte	0
 384 00dc 06       		.uleb128 0x6
 385 00dd F4010000 		.4byte	.LASF20
 386 00e1 03       		.byte	0x3
 387 00e2 23       		.byte	0x23
ARM GAS  C:\Users\Simon\AppData\Local\Temp\ccYk9Etn.s 			page 9


 388 00e3 E9000000 		.4byte	0xe9
 389 00e7 08       		.byte	0x8
 390 00e8 00       		.byte	0
 391 00e9 07       		.uleb128 0x7
 392 00ea 04       		.byte	0x4
 393 00eb C4000000 		.4byte	0xc4
 394 00ef 08       		.uleb128 0x8
 395 00f0 34010000 		.4byte	.LASF39
 396 00f4 01       		.byte	0x1
 397 00f5 15       		.byte	0x15
 398 00f6 00000000 		.4byte	.LFB34
 399 00fa 0C010000 		.4byte	.LFE34-.LFB34
 400 00fe 01       		.uleb128 0x1
 401 00ff 9C       		.byte	0x9c
 402 0100 8F010000 		.4byte	0x18f
 403 0104 09       		.uleb128 0x9
 404 0105 636D6400 		.ascii	"cmd\000"
 405 0109 01       		.byte	0x1
 406 010a 15       		.byte	0x15
 407 010b 6B000000 		.4byte	0x6b
 408 010f 00000000 		.4byte	.LLST0
 409 0113 09       		.uleb128 0x9
 410 0114 76616C00 		.ascii	"val\000"
 411 0118 01       		.byte	0x1
 412 0119 15       		.byte	0x15
 413 011a 6B000000 		.4byte	0x6b
 414 011e CB010000 		.4byte	.LLST1
 415 0122 0A       		.uleb128 0xa
 416 0123 42000000 		.4byte	.LVL2
 417 0127 0F020000 		.4byte	0x20f
 418 012b 0A       		.uleb128 0xa
 419 012c 4A000000 		.4byte	.LVL5
 420 0130 20020000 		.4byte	0x220
 421 0134 0A       		.uleb128 0xa
 422 0135 6C000000 		.4byte	.LVL12
 423 0139 31020000 		.4byte	0x231
 424 013d 0A       		.uleb128 0xa
 425 013e 8E000000 		.4byte	.LVL19
 426 0142 31020000 		.4byte	0x231
 427 0146 0A       		.uleb128 0xa
 428 0147 B0000000 		.4byte	.LVL26
 429 014b 31020000 		.4byte	0x231
 430 014f 0A       		.uleb128 0xa
 431 0150 D2000000 		.4byte	.LVL33
 432 0154 31020000 		.4byte	0x231
 433 0158 0A       		.uleb128 0xa
 434 0159 D8000000 		.4byte	.LVL35
 435 015d 38020000 		.4byte	0x238
 436 0161 0A       		.uleb128 0xa
 437 0162 DE000000 		.4byte	.LVL37
 438 0166 3F020000 		.4byte	0x23f
 439 016a 0A       		.uleb128 0xa
 440 016b E4000000 		.4byte	.LVL39
 441 016f 46020000 		.4byte	0x246
 442 0173 0A       		.uleb128 0xa
 443 0174 EA000000 		.4byte	.LVL41
 444 0178 4D020000 		.4byte	0x24d
ARM GAS  C:\Users\Simon\AppData\Local\Temp\ccYk9Etn.s 			page 10


 445 017c 0A       		.uleb128 0xa
 446 017d F0000000 		.4byte	.LVL43
 447 0181 46020000 		.4byte	0x246
 448 0185 0A       		.uleb128 0xa
 449 0186 F4000000 		.4byte	.LVL44
 450 018a 4D020000 		.4byte	0x24d
 451 018e 00       		.byte	0
 452 018f 0B       		.uleb128 0xb
 453 0190 18010000 		.4byte	.LASF21
 454 0194 03       		.byte	0x3
 455 0195 26       		.byte	0x26
 456 0196 E9000000 		.4byte	0xe9
 457 019a 05       		.uleb128 0x5
 458 019b 03       		.byte	0x3
 459 019c 00000000 		.4byte	frontOfQueuePtr
 460 01a0 0B       		.uleb128 0xb
 461 01a1 CA000000 		.4byte	.LASF22
 462 01a5 03       		.byte	0x3
 463 01a6 27       		.byte	0x27
 464 01a7 E9000000 		.4byte	0xe9
 465 01ab 05       		.uleb128 0x5
 466 01ac 03       		.byte	0x3
 467 01ad 00000000 		.4byte	backOfQueuePtr
 468 01b1 0C       		.uleb128 0xc
 469 01b2 65000000 		.4byte	.LASF23
 470 01b6 04       		.byte	0x4
 471 01b7 21       		.byte	0x21
 472 01b8 77000000 		.4byte	0x77
 473 01bc 0C       		.uleb128 0xc
 474 01bd 14000000 		.4byte	.LASF24
 475 01c1 04       		.byte	0x4
 476 01c2 22       		.byte	0x22
 477 01c3 77000000 		.4byte	0x77
 478 01c7 0C       		.uleb128 0xc
 479 01c8 0A020000 		.4byte	.LASF25
 480 01cc 04       		.byte	0x4
 481 01cd 23       		.byte	0x23
 482 01ce 77000000 		.4byte	0x77
 483 01d2 0C       		.uleb128 0xc
 484 01d3 6A000000 		.4byte	.LASF26
 485 01d7 04       		.byte	0x4
 486 01d8 24       		.byte	0x24
 487 01d9 77000000 		.4byte	0x77
 488 01dd 0D       		.uleb128 0xd
 489 01de 6B000000 		.4byte	0x6b
 490 01e2 ED010000 		.4byte	0x1ed
 491 01e6 0E       		.uleb128 0xe
 492 01e7 98000000 		.4byte	0x98
 493 01eb 03       		.byte	0x3
 494 01ec 00       		.byte	0
 495 01ed 0B       		.uleb128 0xb
 496 01ee ED000000 		.4byte	.LASF27
 497 01f2 05       		.byte	0x5
 498 01f3 33       		.byte	0x33
 499 01f4 DD010000 		.4byte	0x1dd
 500 01f8 05       		.uleb128 0x5
 501 01f9 03       		.byte	0x3
ARM GAS  C:\Users\Simon\AppData\Local\Temp\ccYk9Etn.s 			page 11


 502 01fa 00000000 		.4byte	i2c_txBuffer
 503 01fe 0B       		.uleb128 0xb
 504 01ff 29020000 		.4byte	.LASF28
 505 0203 05       		.byte	0x5
 506 0204 34       		.byte	0x34
 507 0205 DD010000 		.4byte	0x1dd
 508 0209 05       		.uleb128 0x5
 509 020a 03       		.byte	0x3
 510 020b 00000000 		.4byte	i2c_rxBuffer
 511 020f 0F       		.uleb128 0xf
 512 0210 B0000000 		.4byte	.LASF29
 513 0214 04       		.byte	0x4
 514 0215 2B       		.byte	0x2b
 515 0216 20020000 		.4byte	0x220
 516 021a 10       		.uleb128 0x10
 517 021b 6B000000 		.4byte	0x6b
 518 021f 00       		.byte	0
 519 0220 0F       		.uleb128 0xf
 520 0221 75000000 		.4byte	.LASF30
 521 0225 04       		.byte	0x4
 522 0226 2C       		.byte	0x2c
 523 0227 31020000 		.4byte	0x231
 524 022b 10       		.uleb128 0x10
 525 022c 6B000000 		.4byte	0x6b
 526 0230 00       		.byte	0
 527 0231 11       		.uleb128 0x11
 528 0232 FA000000 		.4byte	.LASF31
 529 0236 05       		.byte	0x5
 530 0237 1F       		.byte	0x1f
 531 0238 11       		.uleb128 0x11
 532 0239 50010000 		.4byte	.LASF32
 533 023d 04       		.byte	0x4
 534 023e 33       		.byte	0x33
 535 023f 11       		.uleb128 0x11
 536 0240 56010000 		.4byte	.LASF33
 537 0244 04       		.byte	0x4
 538 0245 36       		.byte	0x36
 539 0246 11       		.uleb128 0x11
 540 0247 45010000 		.4byte	.LASF34
 541 024b 04       		.byte	0x4
 542 024c 29       		.byte	0x29
 543 024d 11       		.uleb128 0x11
 544 024e B8000000 		.4byte	.LASF35
 545 0252 04       		.byte	0x4
 546 0253 2A       		.byte	0x2a
 547 0254 00       		.byte	0
 548              		.section	.debug_abbrev,"",%progbits
 549              	.Ldebug_abbrev0:
 550 0000 01       		.uleb128 0x1
 551 0001 11       		.uleb128 0x11
 552 0002 01       		.byte	0x1
 553 0003 25       		.uleb128 0x25
 554 0004 0E       		.uleb128 0xe
 555 0005 13       		.uleb128 0x13
 556 0006 0B       		.uleb128 0xb
 557 0007 03       		.uleb128 0x3
 558 0008 0E       		.uleb128 0xe
ARM GAS  C:\Users\Simon\AppData\Local\Temp\ccYk9Etn.s 			page 12


 559 0009 1B       		.uleb128 0x1b
 560 000a 0E       		.uleb128 0xe
 561 000b 55       		.uleb128 0x55
 562 000c 17       		.uleb128 0x17
 563 000d 11       		.uleb128 0x11
 564 000e 01       		.uleb128 0x1
 565 000f 10       		.uleb128 0x10
 566 0010 17       		.uleb128 0x17
 567 0011 00       		.byte	0
 568 0012 00       		.byte	0
 569 0013 02       		.uleb128 0x2
 570 0014 24       		.uleb128 0x24
 571 0015 00       		.byte	0
 572 0016 0B       		.uleb128 0xb
 573 0017 0B       		.uleb128 0xb
 574 0018 3E       		.uleb128 0x3e
 575 0019 0B       		.uleb128 0xb
 576 001a 03       		.uleb128 0x3
 577 001b 0E       		.uleb128 0xe
 578 001c 00       		.byte	0
 579 001d 00       		.byte	0
 580 001e 03       		.uleb128 0x3
 581 001f 24       		.uleb128 0x24
 582 0020 00       		.byte	0
 583 0021 0B       		.uleb128 0xb
 584 0022 0B       		.uleb128 0xb
 585 0023 3E       		.uleb128 0x3e
 586 0024 0B       		.uleb128 0xb
 587 0025 03       		.uleb128 0x3
 588 0026 08       		.uleb128 0x8
 589 0027 00       		.byte	0
 590 0028 00       		.byte	0
 591 0029 04       		.uleb128 0x4
 592 002a 16       		.uleb128 0x16
 593 002b 00       		.byte	0
 594 002c 03       		.uleb128 0x3
 595 002d 0E       		.uleb128 0xe
 596 002e 3A       		.uleb128 0x3a
 597 002f 0B       		.uleb128 0xb
 598 0030 3B       		.uleb128 0x3b
 599 0031 05       		.uleb128 0x5
 600 0032 49       		.uleb128 0x49
 601 0033 13       		.uleb128 0x13
 602 0034 00       		.byte	0
 603 0035 00       		.byte	0
 604 0036 05       		.uleb128 0x5
 605 0037 13       		.uleb128 0x13
 606 0038 01       		.byte	0x1
 607 0039 03       		.uleb128 0x3
 608 003a 0E       		.uleb128 0xe
 609 003b 0B       		.uleb128 0xb
 610 003c 0B       		.uleb128 0xb
 611 003d 3A       		.uleb128 0x3a
 612 003e 0B       		.uleb128 0xb
 613 003f 3B       		.uleb128 0x3b
 614 0040 0B       		.uleb128 0xb
 615 0041 01       		.uleb128 0x1
ARM GAS  C:\Users\Simon\AppData\Local\Temp\ccYk9Etn.s 			page 13


 616 0042 13       		.uleb128 0x13
 617 0043 00       		.byte	0
 618 0044 00       		.byte	0
 619 0045 06       		.uleb128 0x6
 620 0046 0D       		.uleb128 0xd
 621 0047 00       		.byte	0
 622 0048 03       		.uleb128 0x3
 623 0049 0E       		.uleb128 0xe
 624 004a 3A       		.uleb128 0x3a
 625 004b 0B       		.uleb128 0xb
 626 004c 3B       		.uleb128 0x3b
 627 004d 0B       		.uleb128 0xb
 628 004e 49       		.uleb128 0x49
 629 004f 13       		.uleb128 0x13
 630 0050 38       		.uleb128 0x38
 631 0051 0B       		.uleb128 0xb
 632 0052 00       		.byte	0
 633 0053 00       		.byte	0
 634 0054 07       		.uleb128 0x7
 635 0055 0F       		.uleb128 0xf
 636 0056 00       		.byte	0
 637 0057 0B       		.uleb128 0xb
 638 0058 0B       		.uleb128 0xb
 639 0059 49       		.uleb128 0x49
 640 005a 13       		.uleb128 0x13
 641 005b 00       		.byte	0
 642 005c 00       		.byte	0
 643 005d 08       		.uleb128 0x8
 644 005e 2E       		.uleb128 0x2e
 645 005f 01       		.byte	0x1
 646 0060 3F       		.uleb128 0x3f
 647 0061 19       		.uleb128 0x19
 648 0062 03       		.uleb128 0x3
 649 0063 0E       		.uleb128 0xe
 650 0064 3A       		.uleb128 0x3a
 651 0065 0B       		.uleb128 0xb
 652 0066 3B       		.uleb128 0x3b
 653 0067 0B       		.uleb128 0xb
 654 0068 27       		.uleb128 0x27
 655 0069 19       		.uleb128 0x19
 656 006a 11       		.uleb128 0x11
 657 006b 01       		.uleb128 0x1
 658 006c 12       		.uleb128 0x12
 659 006d 06       		.uleb128 0x6
 660 006e 40       		.uleb128 0x40
 661 006f 18       		.uleb128 0x18
 662 0070 9642     		.uleb128 0x2116
 663 0072 19       		.uleb128 0x19
 664 0073 01       		.uleb128 0x1
 665 0074 13       		.uleb128 0x13
 666 0075 00       		.byte	0
 667 0076 00       		.byte	0
 668 0077 09       		.uleb128 0x9
 669 0078 05       		.uleb128 0x5
 670 0079 00       		.byte	0
 671 007a 03       		.uleb128 0x3
 672 007b 08       		.uleb128 0x8
ARM GAS  C:\Users\Simon\AppData\Local\Temp\ccYk9Etn.s 			page 14


 673 007c 3A       		.uleb128 0x3a
 674 007d 0B       		.uleb128 0xb
 675 007e 3B       		.uleb128 0x3b
 676 007f 0B       		.uleb128 0xb
 677 0080 49       		.uleb128 0x49
 678 0081 13       		.uleb128 0x13
 679 0082 02       		.uleb128 0x2
 680 0083 17       		.uleb128 0x17
 681 0084 00       		.byte	0
 682 0085 00       		.byte	0
 683 0086 0A       		.uleb128 0xa
 684 0087 898201   		.uleb128 0x4109
 685 008a 00       		.byte	0
 686 008b 11       		.uleb128 0x11
 687 008c 01       		.uleb128 0x1
 688 008d 31       		.uleb128 0x31
 689 008e 13       		.uleb128 0x13
 690 008f 00       		.byte	0
 691 0090 00       		.byte	0
 692 0091 0B       		.uleb128 0xb
 693 0092 34       		.uleb128 0x34
 694 0093 00       		.byte	0
 695 0094 03       		.uleb128 0x3
 696 0095 0E       		.uleb128 0xe
 697 0096 3A       		.uleb128 0x3a
 698 0097 0B       		.uleb128 0xb
 699 0098 3B       		.uleb128 0x3b
 700 0099 0B       		.uleb128 0xb
 701 009a 49       		.uleb128 0x49
 702 009b 13       		.uleb128 0x13
 703 009c 3F       		.uleb128 0x3f
 704 009d 19       		.uleb128 0x19
 705 009e 02       		.uleb128 0x2
 706 009f 18       		.uleb128 0x18
 707 00a0 00       		.byte	0
 708 00a1 00       		.byte	0
 709 00a2 0C       		.uleb128 0xc
 710 00a3 34       		.uleb128 0x34
 711 00a4 00       		.byte	0
 712 00a5 03       		.uleb128 0x3
 713 00a6 0E       		.uleb128 0xe
 714 00a7 3A       		.uleb128 0x3a
 715 00a8 0B       		.uleb128 0xb
 716 00a9 3B       		.uleb128 0x3b
 717 00aa 0B       		.uleb128 0xb
 718 00ab 49       		.uleb128 0x49
 719 00ac 13       		.uleb128 0x13
 720 00ad 3F       		.uleb128 0x3f
 721 00ae 19       		.uleb128 0x19
 722 00af 3C       		.uleb128 0x3c
 723 00b0 19       		.uleb128 0x19
 724 00b1 00       		.byte	0
 725 00b2 00       		.byte	0
 726 00b3 0D       		.uleb128 0xd
 727 00b4 01       		.uleb128 0x1
 728 00b5 01       		.byte	0x1
 729 00b6 49       		.uleb128 0x49
ARM GAS  C:\Users\Simon\AppData\Local\Temp\ccYk9Etn.s 			page 15


 730 00b7 13       		.uleb128 0x13
 731 00b8 01       		.uleb128 0x1
 732 00b9 13       		.uleb128 0x13
 733 00ba 00       		.byte	0
 734 00bb 00       		.byte	0
 735 00bc 0E       		.uleb128 0xe
 736 00bd 21       		.uleb128 0x21
 737 00be 00       		.byte	0
 738 00bf 49       		.uleb128 0x49
 739 00c0 13       		.uleb128 0x13
 740 00c1 2F       		.uleb128 0x2f
 741 00c2 0B       		.uleb128 0xb
 742 00c3 00       		.byte	0
 743 00c4 00       		.byte	0
 744 00c5 0F       		.uleb128 0xf
 745 00c6 2E       		.uleb128 0x2e
 746 00c7 01       		.byte	0x1
 747 00c8 3F       		.uleb128 0x3f
 748 00c9 19       		.uleb128 0x19
 749 00ca 03       		.uleb128 0x3
 750 00cb 0E       		.uleb128 0xe
 751 00cc 3A       		.uleb128 0x3a
 752 00cd 0B       		.uleb128 0xb
 753 00ce 3B       		.uleb128 0x3b
 754 00cf 0B       		.uleb128 0xb
 755 00d0 27       		.uleb128 0x27
 756 00d1 19       		.uleb128 0x19
 757 00d2 3C       		.uleb128 0x3c
 758 00d3 19       		.uleb128 0x19
 759 00d4 01       		.uleb128 0x1
 760 00d5 13       		.uleb128 0x13
 761 00d6 00       		.byte	0
 762 00d7 00       		.byte	0
 763 00d8 10       		.uleb128 0x10
 764 00d9 05       		.uleb128 0x5
 765 00da 00       		.byte	0
 766 00db 49       		.uleb128 0x49
 767 00dc 13       		.uleb128 0x13
 768 00dd 00       		.byte	0
 769 00de 00       		.byte	0
 770 00df 11       		.uleb128 0x11
 771 00e0 2E       		.uleb128 0x2e
 772 00e1 00       		.byte	0
 773 00e2 3F       		.uleb128 0x3f
 774 00e3 19       		.uleb128 0x19
 775 00e4 03       		.uleb128 0x3
 776 00e5 0E       		.uleb128 0xe
 777 00e6 3A       		.uleb128 0x3a
 778 00e7 0B       		.uleb128 0xb
 779 00e8 3B       		.uleb128 0x3b
 780 00e9 0B       		.uleb128 0xb
 781 00ea 27       		.uleb128 0x27
 782 00eb 19       		.uleb128 0x19
 783 00ec 3C       		.uleb128 0x3c
 784 00ed 19       		.uleb128 0x19
 785 00ee 00       		.byte	0
 786 00ef 00       		.byte	0
ARM GAS  C:\Users\Simon\AppData\Local\Temp\ccYk9Etn.s 			page 16


 787 00f0 00       		.byte	0
 788              		.section	.debug_loc,"",%progbits
 789              	.Ldebug_loc0:
 790              	.LLST0:
 791 0000 00000000 		.4byte	.LVL0
 792 0004 3E000000 		.4byte	.LVL1
 793 0008 0100     		.2byte	0x1
 794 000a 50       		.byte	0x50
 795 000b 3E000000 		.4byte	.LVL1
 796 000f 44000000 		.4byte	.LVL3
 797 0013 0400     		.2byte	0x4
 798 0015 F3       		.byte	0xf3
 799 0016 01       		.uleb128 0x1
 800 0017 50       		.byte	0x50
 801 0018 9F       		.byte	0x9f
 802 0019 44000000 		.4byte	.LVL3
 803 001d 46000000 		.4byte	.LVL4
 804 0021 0100     		.2byte	0x1
 805 0023 50       		.byte	0x50
 806 0024 46000000 		.4byte	.LVL4
 807 0028 4C000000 		.4byte	.LVL6
 808 002c 0400     		.2byte	0x4
 809 002e F3       		.byte	0xf3
 810 002f 01       		.uleb128 0x1
 811 0030 50       		.byte	0x50
 812 0031 9F       		.byte	0x9f
 813 0032 4C000000 		.4byte	.LVL6
 814 0036 54000000 		.4byte	.LVL7
 815 003a 0100     		.2byte	0x1
 816 003c 50       		.byte	0x50
 817 003d 54000000 		.4byte	.LVL7
 818 0041 5D000000 		.4byte	.LVL9-1
 819 0045 0500     		.2byte	0x5
 820 0047 03       		.byte	0x3
 821 0048 01000000 		.4byte	i2c_txBuffer+1
 822 004c 5D000000 		.4byte	.LVL9-1
 823 0050 62000000 		.4byte	.LVL10
 824 0054 0400     		.2byte	0x4
 825 0056 F3       		.byte	0xf3
 826 0057 01       		.uleb128 0x1
 827 0058 50       		.byte	0x50
 828 0059 9F       		.byte	0x9f
 829 005a 62000000 		.4byte	.LVL10
 830 005e 64000000 		.4byte	.LVL11
 831 0062 0500     		.2byte	0x5
 832 0064 03       		.byte	0x3
 833 0065 01000000 		.4byte	i2c_txBuffer+1
 834 0069 64000000 		.4byte	.LVL11
 835 006d 6E000000 		.4byte	.LVL13
 836 0071 0400     		.2byte	0x4
 837 0073 F3       		.byte	0xf3
 838 0074 01       		.uleb128 0x1
 839 0075 50       		.byte	0x50
 840 0076 9F       		.byte	0x9f
 841 0077 6E000000 		.4byte	.LVL13
 842 007b 76000000 		.4byte	.LVL14
 843 007f 0100     		.2byte	0x1
ARM GAS  C:\Users\Simon\AppData\Local\Temp\ccYk9Etn.s 			page 17


 844 0081 50       		.byte	0x50
 845 0082 76000000 		.4byte	.LVL14
 846 0086 7F000000 		.4byte	.LVL16-1
 847 008a 0500     		.2byte	0x5
 848 008c 03       		.byte	0x3
 849 008d 01000000 		.4byte	i2c_txBuffer+1
 850 0091 7F000000 		.4byte	.LVL16-1
 851 0095 84000000 		.4byte	.LVL17
 852 0099 0400     		.2byte	0x4
 853 009b F3       		.byte	0xf3
 854 009c 01       		.uleb128 0x1
 855 009d 50       		.byte	0x50
 856 009e 9F       		.byte	0x9f
 857 009f 84000000 		.4byte	.LVL17
 858 00a3 86000000 		.4byte	.LVL18
 859 00a7 0500     		.2byte	0x5
 860 00a9 03       		.byte	0x3
 861 00aa 01000000 		.4byte	i2c_txBuffer+1
 862 00ae 86000000 		.4byte	.LVL18
 863 00b2 90000000 		.4byte	.LVL20
 864 00b6 0400     		.2byte	0x4
 865 00b8 F3       		.byte	0xf3
 866 00b9 01       		.uleb128 0x1
 867 00ba 50       		.byte	0x50
 868 00bb 9F       		.byte	0x9f
 869 00bc 90000000 		.4byte	.LVL20
 870 00c0 98000000 		.4byte	.LVL21
 871 00c4 0100     		.2byte	0x1
 872 00c6 50       		.byte	0x50
 873 00c7 98000000 		.4byte	.LVL21
 874 00cb A1000000 		.4byte	.LVL23-1
 875 00cf 0500     		.2byte	0x5
 876 00d1 03       		.byte	0x3
 877 00d2 01000000 		.4byte	i2c_txBuffer+1
 878 00d6 A1000000 		.4byte	.LVL23-1
 879 00da A6000000 		.4byte	.LVL24
 880 00de 0400     		.2byte	0x4
 881 00e0 F3       		.byte	0xf3
 882 00e1 01       		.uleb128 0x1
 883 00e2 50       		.byte	0x50
 884 00e3 9F       		.byte	0x9f
 885 00e4 A6000000 		.4byte	.LVL24
 886 00e8 A8000000 		.4byte	.LVL25
 887 00ec 0500     		.2byte	0x5
 888 00ee 03       		.byte	0x3
 889 00ef 01000000 		.4byte	i2c_txBuffer+1
 890 00f3 A8000000 		.4byte	.LVL25
 891 00f7 B2000000 		.4byte	.LVL27
 892 00fb 0400     		.2byte	0x4
 893 00fd F3       		.byte	0xf3
 894 00fe 01       		.uleb128 0x1
 895 00ff 50       		.byte	0x50
 896 0100 9F       		.byte	0x9f
 897 0101 B2000000 		.4byte	.LVL27
 898 0105 BA000000 		.4byte	.LVL28
 899 0109 0100     		.2byte	0x1
 900 010b 50       		.byte	0x50
ARM GAS  C:\Users\Simon\AppData\Local\Temp\ccYk9Etn.s 			page 18


 901 010c BA000000 		.4byte	.LVL28
 902 0110 C3000000 		.4byte	.LVL30-1
 903 0114 0500     		.2byte	0x5
 904 0116 03       		.byte	0x3
 905 0117 01000000 		.4byte	i2c_txBuffer+1
 906 011b C3000000 		.4byte	.LVL30-1
 907 011f C8000000 		.4byte	.LVL31
 908 0123 0400     		.2byte	0x4
 909 0125 F3       		.byte	0xf3
 910 0126 01       		.uleb128 0x1
 911 0127 50       		.byte	0x50
 912 0128 9F       		.byte	0x9f
 913 0129 C8000000 		.4byte	.LVL31
 914 012d CA000000 		.4byte	.LVL32
 915 0131 0500     		.2byte	0x5
 916 0133 03       		.byte	0x3
 917 0134 01000000 		.4byte	i2c_txBuffer+1
 918 0138 CA000000 		.4byte	.LVL32
 919 013c D4000000 		.4byte	.LVL34
 920 0140 0400     		.2byte	0x4
 921 0142 F3       		.byte	0xf3
 922 0143 01       		.uleb128 0x1
 923 0144 50       		.byte	0x50
 924 0145 9F       		.byte	0x9f
 925 0146 D4000000 		.4byte	.LVL34
 926 014a D7000000 		.4byte	.LVL35-1
 927 014e 0100     		.2byte	0x1
 928 0150 50       		.byte	0x50
 929 0151 D7000000 		.4byte	.LVL35-1
 930 0155 DA000000 		.4byte	.LVL36
 931 0159 0400     		.2byte	0x4
 932 015b F3       		.byte	0xf3
 933 015c 01       		.uleb128 0x1
 934 015d 50       		.byte	0x50
 935 015e 9F       		.byte	0x9f
 936 015f DA000000 		.4byte	.LVL36
 937 0163 DD000000 		.4byte	.LVL37-1
 938 0167 0100     		.2byte	0x1
 939 0169 50       		.byte	0x50
 940 016a DD000000 		.4byte	.LVL37-1
 941 016e E0000000 		.4byte	.LVL38
 942 0172 0400     		.2byte	0x4
 943 0174 F3       		.byte	0xf3
 944 0175 01       		.uleb128 0x1
 945 0176 50       		.byte	0x50
 946 0177 9F       		.byte	0x9f
 947 0178 E0000000 		.4byte	.LVL38
 948 017c E3000000 		.4byte	.LVL39-1
 949 0180 0100     		.2byte	0x1
 950 0182 50       		.byte	0x50
 951 0183 E3000000 		.4byte	.LVL39-1
 952 0187 E6000000 		.4byte	.LVL40
 953 018b 0400     		.2byte	0x4
 954 018d F3       		.byte	0xf3
 955 018e 01       		.uleb128 0x1
 956 018f 50       		.byte	0x50
 957 0190 9F       		.byte	0x9f
ARM GAS  C:\Users\Simon\AppData\Local\Temp\ccYk9Etn.s 			page 19


 958 0191 E6000000 		.4byte	.LVL40
 959 0195 E9000000 		.4byte	.LVL41-1
 960 0199 0100     		.2byte	0x1
 961 019b 50       		.byte	0x50
 962 019c E9000000 		.4byte	.LVL41-1
 963 01a0 EC000000 		.4byte	.LVL42
 964 01a4 0400     		.2byte	0x4
 965 01a6 F3       		.byte	0xf3
 966 01a7 01       		.uleb128 0x1
 967 01a8 50       		.byte	0x50
 968 01a9 9F       		.byte	0x9f
 969 01aa EC000000 		.4byte	.LVL42
 970 01ae EF000000 		.4byte	.LVL43-1
 971 01b2 0100     		.2byte	0x1
 972 01b4 50       		.byte	0x50
 973 01b5 EF000000 		.4byte	.LVL43-1
 974 01b9 0C010000 		.4byte	.LFE34
 975 01bd 0400     		.2byte	0x4
 976 01bf F3       		.byte	0xf3
 977 01c0 01       		.uleb128 0x1
 978 01c1 50       		.byte	0x50
 979 01c2 9F       		.byte	0x9f
 980 01c3 00000000 		.4byte	0
 981 01c7 00000000 		.4byte	0
 982              	.LLST1:
 983 01cb 00000000 		.4byte	.LVL0
 984 01cf 41000000 		.4byte	.LVL2-1
 985 01d3 0100     		.2byte	0x1
 986 01d5 51       		.byte	0x51
 987 01d6 41000000 		.4byte	.LVL2-1
 988 01da 44000000 		.4byte	.LVL3
 989 01de 0400     		.2byte	0x4
 990 01e0 F3       		.byte	0xf3
 991 01e1 01       		.uleb128 0x1
 992 01e2 51       		.byte	0x51
 993 01e3 9F       		.byte	0x9f
 994 01e4 44000000 		.4byte	.LVL3
 995 01e8 49000000 		.4byte	.LVL5-1
 996 01ec 0100     		.2byte	0x1
 997 01ee 51       		.byte	0x51
 998 01ef 49000000 		.4byte	.LVL5-1
 999 01f3 4C000000 		.4byte	.LVL6
 1000 01f7 0400     		.2byte	0x4
 1001 01f9 F3       		.byte	0xf3
 1002 01fa 01       		.uleb128 0x1
 1003 01fb 51       		.byte	0x51
 1004 01fc 9F       		.byte	0x9f
 1005 01fd 4C000000 		.4byte	.LVL6
 1006 0201 5A000000 		.4byte	.LVL8
 1007 0205 0100     		.2byte	0x1
 1008 0207 51       		.byte	0x51
 1009 0208 5A000000 		.4byte	.LVL8
 1010 020c 62000000 		.4byte	.LVL10
 1011 0210 0400     		.2byte	0x4
 1012 0212 F3       		.byte	0xf3
 1013 0213 01       		.uleb128 0x1
 1014 0214 51       		.byte	0x51
ARM GAS  C:\Users\Simon\AppData\Local\Temp\ccYk9Etn.s 			page 20


 1015 0215 9F       		.byte	0x9f
 1016 0216 62000000 		.4byte	.LVL10
 1017 021a 64000000 		.4byte	.LVL11
 1018 021e 0100     		.2byte	0x1
 1019 0220 51       		.byte	0x51
 1020 0221 64000000 		.4byte	.LVL11
 1021 0225 6E000000 		.4byte	.LVL13
 1022 0229 0400     		.2byte	0x4
 1023 022b F3       		.byte	0xf3
 1024 022c 01       		.uleb128 0x1
 1025 022d 51       		.byte	0x51
 1026 022e 9F       		.byte	0x9f
 1027 022f 6E000000 		.4byte	.LVL13
 1028 0233 7C000000 		.4byte	.LVL15
 1029 0237 0100     		.2byte	0x1
 1030 0239 51       		.byte	0x51
 1031 023a 7C000000 		.4byte	.LVL15
 1032 023e 84000000 		.4byte	.LVL17
 1033 0242 0400     		.2byte	0x4
 1034 0244 F3       		.byte	0xf3
 1035 0245 01       		.uleb128 0x1
 1036 0246 51       		.byte	0x51
 1037 0247 9F       		.byte	0x9f
 1038 0248 84000000 		.4byte	.LVL17
 1039 024c 86000000 		.4byte	.LVL18
 1040 0250 0100     		.2byte	0x1
 1041 0252 51       		.byte	0x51
 1042 0253 86000000 		.4byte	.LVL18
 1043 0257 90000000 		.4byte	.LVL20
 1044 025b 0400     		.2byte	0x4
 1045 025d F3       		.byte	0xf3
 1046 025e 01       		.uleb128 0x1
 1047 025f 51       		.byte	0x51
 1048 0260 9F       		.byte	0x9f
 1049 0261 90000000 		.4byte	.LVL20
 1050 0265 9E000000 		.4byte	.LVL22
 1051 0269 0100     		.2byte	0x1
 1052 026b 51       		.byte	0x51
 1053 026c 9E000000 		.4byte	.LVL22
 1054 0270 A6000000 		.4byte	.LVL24
 1055 0274 0400     		.2byte	0x4
 1056 0276 F3       		.byte	0xf3
 1057 0277 01       		.uleb128 0x1
 1058 0278 51       		.byte	0x51
 1059 0279 9F       		.byte	0x9f
 1060 027a A6000000 		.4byte	.LVL24
 1061 027e A8000000 		.4byte	.LVL25
 1062 0282 0100     		.2byte	0x1
 1063 0284 51       		.byte	0x51
 1064 0285 A8000000 		.4byte	.LVL25
 1065 0289 B2000000 		.4byte	.LVL27
 1066 028d 0400     		.2byte	0x4
 1067 028f F3       		.byte	0xf3
 1068 0290 01       		.uleb128 0x1
 1069 0291 51       		.byte	0x51
 1070 0292 9F       		.byte	0x9f
 1071 0293 B2000000 		.4byte	.LVL27
ARM GAS  C:\Users\Simon\AppData\Local\Temp\ccYk9Etn.s 			page 21


 1072 0297 C0000000 		.4byte	.LVL29
 1073 029b 0100     		.2byte	0x1
 1074 029d 51       		.byte	0x51
 1075 029e C0000000 		.4byte	.LVL29
 1076 02a2 C8000000 		.4byte	.LVL31
 1077 02a6 0400     		.2byte	0x4
 1078 02a8 F3       		.byte	0xf3
 1079 02a9 01       		.uleb128 0x1
 1080 02aa 51       		.byte	0x51
 1081 02ab 9F       		.byte	0x9f
 1082 02ac C8000000 		.4byte	.LVL31
 1083 02b0 CA000000 		.4byte	.LVL32
 1084 02b4 0100     		.2byte	0x1
 1085 02b6 51       		.byte	0x51
 1086 02b7 CA000000 		.4byte	.LVL32
 1087 02bb D4000000 		.4byte	.LVL34
 1088 02bf 0400     		.2byte	0x4
 1089 02c1 F3       		.byte	0xf3
 1090 02c2 01       		.uleb128 0x1
 1091 02c3 51       		.byte	0x51
 1092 02c4 9F       		.byte	0x9f
 1093 02c5 D4000000 		.4byte	.LVL34
 1094 02c9 D7000000 		.4byte	.LVL35-1
 1095 02cd 0100     		.2byte	0x1
 1096 02cf 51       		.byte	0x51
 1097 02d0 D7000000 		.4byte	.LVL35-1
 1098 02d4 DA000000 		.4byte	.LVL36
 1099 02d8 0400     		.2byte	0x4
 1100 02da F3       		.byte	0xf3
 1101 02db 01       		.uleb128 0x1
 1102 02dc 51       		.byte	0x51
 1103 02dd 9F       		.byte	0x9f
 1104 02de DA000000 		.4byte	.LVL36
 1105 02e2 DD000000 		.4byte	.LVL37-1
 1106 02e6 0100     		.2byte	0x1
 1107 02e8 51       		.byte	0x51
 1108 02e9 DD000000 		.4byte	.LVL37-1
 1109 02ed E0000000 		.4byte	.LVL38
 1110 02f1 0400     		.2byte	0x4
 1111 02f3 F3       		.byte	0xf3
 1112 02f4 01       		.uleb128 0x1
 1113 02f5 51       		.byte	0x51
 1114 02f6 9F       		.byte	0x9f
 1115 02f7 E0000000 		.4byte	.LVL38
 1116 02fb E3000000 		.4byte	.LVL39-1
 1117 02ff 0100     		.2byte	0x1
 1118 0301 51       		.byte	0x51
 1119 0302 E3000000 		.4byte	.LVL39-1
 1120 0306 E6000000 		.4byte	.LVL40
 1121 030a 0400     		.2byte	0x4
 1122 030c F3       		.byte	0xf3
 1123 030d 01       		.uleb128 0x1
 1124 030e 51       		.byte	0x51
 1125 030f 9F       		.byte	0x9f
 1126 0310 E6000000 		.4byte	.LVL40
 1127 0314 E9000000 		.4byte	.LVL41-1
 1128 0318 0100     		.2byte	0x1
ARM GAS  C:\Users\Simon\AppData\Local\Temp\ccYk9Etn.s 			page 22


 1129 031a 51       		.byte	0x51
 1130 031b E9000000 		.4byte	.LVL41-1
 1131 031f EC000000 		.4byte	.LVL42
 1132 0323 0400     		.2byte	0x4
 1133 0325 F3       		.byte	0xf3
 1134 0326 01       		.uleb128 0x1
 1135 0327 51       		.byte	0x51
 1136 0328 9F       		.byte	0x9f
 1137 0329 EC000000 		.4byte	.LVL42
 1138 032d EF000000 		.4byte	.LVL43-1
 1139 0331 0100     		.2byte	0x1
 1140 0333 51       		.byte	0x51
 1141 0334 EF000000 		.4byte	.LVL43-1
 1142 0338 0C010000 		.4byte	.LFE34
 1143 033c 0400     		.2byte	0x4
 1144 033e F3       		.byte	0xf3
 1145 033f 01       		.uleb128 0x1
 1146 0340 51       		.byte	0x51
 1147 0341 9F       		.byte	0x9f
 1148 0342 00000000 		.4byte	0
 1149 0346 00000000 		.4byte	0
 1150              		.section	.debug_aranges,"",%progbits
 1151 0000 1C000000 		.4byte	0x1c
 1152 0004 0200     		.2byte	0x2
 1153 0006 00000000 		.4byte	.Ldebug_info0
 1154 000a 04       		.byte	0x4
 1155 000b 00       		.byte	0
 1156 000c 0000     		.2byte	0
 1157 000e 0000     		.2byte	0
 1158 0010 00000000 		.4byte	.LFB34
 1159 0014 0C010000 		.4byte	.LFE34-.LFB34
 1160 0018 00000000 		.4byte	0
 1161 001c 00000000 		.4byte	0
 1162              		.section	.debug_ranges,"",%progbits
 1163              	.Ldebug_ranges0:
 1164 0000 00000000 		.4byte	.LFB34
 1165 0004 0C010000 		.4byte	.LFE34
 1166 0008 00000000 		.4byte	0
 1167 000c 00000000 		.4byte	0
 1168              		.section	.debug_line,"",%progbits
 1169              	.Ldebug_line0:
 1170 0000 F2000000 		.section	.debug_str,"MS",%progbits,1
 1170      02006800 
 1170      00000201 
 1170      FB0E0D00 
 1170      01010101 
 1171              	.LASF6:
 1172 0000 6C6F6E67 		.ascii	"long long int\000"
 1172      206C6F6E 
 1172      6720696E 
 1172      7400
 1173              	.LASF19:
 1174 000e 64617461 		.ascii	"data_\000"
 1174      5F00
 1175              	.LASF24:
 1176 0014 78506F73 		.ascii	"xPos\000"
 1176      00
ARM GAS  C:\Users\Simon\AppData\Local\Temp\ccYk9Etn.s 			page 23


 1177              	.LASF18:
 1178 0019 4E6F6465 		.ascii	"Node\000"
 1178      00
 1179              	.LASF17:
 1180 001e 44617461 		.ascii	"Data\000"
 1180      00
 1181              	.LASF38:
 1182 0023 433A5C55 		.ascii	"C:\\Users\\Simon\\Documents\\GitHub\\E3PRJ3-Gruppe1"
 1182      73657273 
 1182      5C53696D 
 1182      6F6E5C44 
 1182      6F63756D 
 1183 0051 5C50536F 		.ascii	"\\PSoC\\PSoC4XY.cydsn\000"
 1183      435C5053 
 1183      6F433458 
 1183      592E6379 
 1183      64736E00 
 1184              	.LASF23:
 1185 0065 784D6178 		.ascii	"xMax\000"
 1185      00
 1186              	.LASF26:
 1187 006a 79506F73 		.ascii	"yPos\000"
 1187      00
 1188              	.LASF11:
 1189 006f 666C6F61 		.ascii	"float\000"
 1189      7400
 1190              	.LASF30:
 1191 0075 73657459 		.ascii	"setYPos\000"
 1191      506F7300 
 1192              	.LASF1:
 1193 007d 756E7369 		.ascii	"unsigned char\000"
 1193      676E6564 
 1193      20636861 
 1193      7200
 1194              	.LASF5:
 1195 008b 6C6F6E67 		.ascii	"long unsigned int\000"
 1195      20756E73 
 1195      69676E65 
 1195      6420696E 
 1195      7400
 1196              	.LASF3:
 1197 009d 73686F72 		.ascii	"short unsigned int\000"
 1197      7420756E 
 1197      7369676E 
 1197      65642069 
 1197      6E7400
 1198              	.LASF29:
 1199 00b0 73657458 		.ascii	"setXPos\000"
 1199      506F7300 
 1200              	.LASF35:
 1201 00b8 63616C69 		.ascii	"calibrateY\000"
 1201      62726174 
 1201      655900
 1202              	.LASF12:
 1203 00c3 646F7562 		.ascii	"double\000"
 1203      6C6500
 1204              	.LASF22:
ARM GAS  C:\Users\Simon\AppData\Local\Temp\ccYk9Etn.s 			page 24


 1205 00ca 6261636B 		.ascii	"backOfQueuePtr\000"
 1205      4F665175 
 1205      65756550 
 1205      747200
 1206              	.LASF10:
 1207 00d9 75696E74 		.ascii	"uint32\000"
 1207      333200
 1208              	.LASF8:
 1209 00e0 756E7369 		.ascii	"unsigned int\000"
 1209      676E6564 
 1209      20696E74 
 1209      00
 1210              	.LASF27:
 1211 00ed 6932635F 		.ascii	"i2c_txBuffer\000"
 1211      74784275 
 1211      66666572 
 1211      00
 1212              	.LASF31:
 1213 00fa 6932635F 		.ascii	"i2c_tx\000"
 1213      747800
 1214              	.LASF7:
 1215 0101 6C6F6E67 		.ascii	"long long unsigned int\000"
 1215      206C6F6E 
 1215      6720756E 
 1215      7369676E 
 1215      65642069 
 1216              	.LASF21:
 1217 0118 66726F6E 		.ascii	"frontOfQueuePtr\000"
 1217      744F6651 
 1217      75657565 
 1217      50747200 
 1218              	.LASF37:
 1219 0128 2E5C6861 		.ascii	".\\handler.c\000"
 1219      6E646C65 
 1219      722E6300 
 1220              	.LASF39:
 1221 0134 68616E64 		.ascii	"handler\000"
 1221      6C657200 
 1222              	.LASF14:
 1223 013c 73697A65 		.ascii	"sizetype\000"
 1223      74797065 
 1223      00
 1224              	.LASF34:
 1225 0145 63616C69 		.ascii	"calibrateX\000"
 1225      62726174 
 1225      655800
 1226              	.LASF32:
 1227 0150 73746F70 		.ascii	"stopX\000"
 1227      5800
 1228              	.LASF33:
 1229 0156 73746F70 		.ascii	"stopY\000"
 1229      5900
 1230              	.LASF16:
 1231 015c 76616C5F 		.ascii	"val_\000"
 1231      00
 1232              	.LASF15:
 1233 0161 636D645F 		.ascii	"cmd_\000"
ARM GAS  C:\Users\Simon\AppData\Local\Temp\ccYk9Etn.s 			page 25


 1233      00
 1234              	.LASF36:
 1235 0166 474E5520 		.ascii	"GNU C 4.9.3 20150303 (release) [ARM/embedded-4_9-br"
 1235      4320342E 
 1235      392E3320 
 1235      32303135 
 1235      30333033 
 1236 0199 616E6368 		.ascii	"anch revision 221220] -mcpu=cortex-m0 -mthumb -g -O"
 1236      20726576 
 1236      6973696F 
 1236      6E203232 
 1236      31323230 
 1237 01cc 67202D66 		.ascii	"g -ffunction-sections -ffat-lto-objects\000"
 1237      66756E63 
 1237      74696F6E 
 1237      2D736563 
 1237      74696F6E 
 1238              	.LASF20:
 1239 01f4 6E657874 		.ascii	"next_\000"
 1239      5F00
 1240              	.LASF2:
 1241 01fa 73686F72 		.ascii	"short int\000"
 1241      7420696E 
 1241      7400
 1242              	.LASF9:
 1243 0204 75696E74 		.ascii	"uint8\000"
 1243      3800
 1244              	.LASF25:
 1245 020a 794D6178 		.ascii	"yMax\000"
 1245      00
 1246              	.LASF4:
 1247 020f 6C6F6E67 		.ascii	"long int\000"
 1247      20696E74 
 1247      00
 1248              	.LASF13:
 1249 0218 63686172 		.ascii	"char\000"
 1249      00
 1250              	.LASF0:
 1251 021d 7369676E 		.ascii	"signed char\000"
 1251      65642063 
 1251      68617200 
 1252              	.LASF28:
 1253 0229 6932635F 		.ascii	"i2c_rxBuffer\000"
 1253      72784275 
 1253      66666572 
 1253      00
 1254              		.ident	"GCC: (GNU Tools for ARM Embedded Processors) 4.9.3 20150303 (release) [ARM/embedded-4_9-br
>>>>>>> origin/master
