ARM GAS  C:\Users\JEPPES~1\AppData\Local\Temp\ccUJAb1b.s 			page 1


   1              		.cpu cortex-m0
   2              		.fpu softvfp
   3              		.eabi_attribute 20, 1
   4              		.eabi_attribute 21, 1
   5              		.eabi_attribute 23, 3
   6              		.eabi_attribute 24, 1
   7              		.eabi_attribute 25, 1
   8              		.eabi_attribute 26, 1
   9              		.eabi_attribute 30, 1
  10              		.eabi_attribute 34, 0
  11              		.eabi_attribute 18, 4
  12              		.code	16
  13              		.file	"led.c"
  14              		.text
  15              	.Ltext0:
  16              		.cfi_sections	.debug_frame
  17              		.section	.text.setLed,"ax",%progbits
  18              		.align	2
  19              		.global	setLed
  20              		.code	16
  21              		.thumb_func
  22              		.type	setLed, %function
  23              	setLed:
  24              	.LFB34:
  25              		.file 1 ".\\led.c"
   1:.\led.c       **** /* ========================================
   2:.\led.c       ****  *
   3:.\led.c       ****  * File: handler.c
   4:.\led.c       ****  * Description: 
   5:.\led.c       ****  *
   6:.\led.c       ****  * University: AARHUS UNIVERSITY SCHOOL OF ENGINEERING
   7:.\led.c       ****  * Project: F16 - E3PRJ3-02 Semesterprojekt 3 [240501U178]
   8:.\led.c       ****  * Group: 1
   9:.\led.c       ****  * 
  10:.\led.c       ****  * Author: 
  11:.\led.c       ****  * Matriculation number: 
  12:.\led.c       ****  *
  13:.\led.c       ****  * Version: 1.0
  14:.\led.c       ****  * Date: 13-05-2016
  15:.\led.c       ****  *
  16:.\led.c       ****  * ========================================
  17:.\led.c       **** */
  18:.\led.c       **** 
  19:.\led.c       **** #include "led.h"
  20:.\led.c       **** 
  21:.\led.c       **** void setLed(uint8 red, uint8 green, uint8 blue)
  22:.\led.c       **** {
  26              		.loc 1 22 0
  27              		.cfi_startproc
  28              	.LVL0:
  29 0000 38B5     		push	{r3, r4, r5, lr}
  30              		.cfi_def_cfa_offset 16
  31              		.cfi_offset 3, -16
  32              		.cfi_offset 4, -12
  33              		.cfi_offset 5, -8
  34              		.cfi_offset 14, -4
  35 0002 0D1C     		mov	r5, r1
ARM GAS  C:\Users\JEPPES~1\AppData\Local\Temp\ccUJAb1b.s 			page 2


  36 0004 141C     		mov	r4, r2
  23:.\led.c       ****     red ? LED_Red_Write(0u) : LED_Red_Write(1u);
  37              		.loc 1 23 0
  38 0006 0028     		cmp	r0, #0
  39 0008 03D0     		beq	.L2
  40              		.loc 1 23 0 is_stmt 0 discriminator 1
  41 000a 0020     		mov	r0, #0
  42              	.LVL1:
  43 000c FFF7FEFF 		bl	LED_Red_Write
  44              	.LVL2:
  45 0010 02E0     		b	.L3
  46              	.LVL3:
  47              	.L2:
  48              		.loc 1 23 0 discriminator 2
  49 0012 0120     		mov	r0, #1
  50              	.LVL4:
  51 0014 FFF7FEFF 		bl	LED_Red_Write
  52              	.LVL5:
  53              	.L3:
  24:.\led.c       ****     green ? LED_Green_Write(0u) : LED_Green_Write(1u);
  54              		.loc 1 24 0 is_stmt 1
  55 0018 002D     		cmp	r5, #0
  56 001a 03D0     		beq	.L4
  57              		.loc 1 24 0 is_stmt 0 discriminator 1
  58 001c 0020     		mov	r0, #0
  59 001e FFF7FEFF 		bl	LED_Green_Write
  60              	.LVL6:
  61 0022 02E0     		b	.L5
  62              	.L4:
  63              		.loc 1 24 0 discriminator 2
  64 0024 0120     		mov	r0, #1
  65 0026 FFF7FEFF 		bl	LED_Green_Write
  66              	.LVL7:
  67              	.L5:
  25:.\led.c       ****     blue ? LED_Blue_Write(0u) : LED_Blue_Write(1u);
  68              		.loc 1 25 0 is_stmt 1
  69 002a 002C     		cmp	r4, #0
  70 002c 03D0     		beq	.L6
  71              		.loc 1 25 0 is_stmt 0 discriminator 1
  72 002e 0020     		mov	r0, #0
  73 0030 FFF7FEFF 		bl	LED_Blue_Write
  74              	.LVL8:
  75 0034 02E0     		b	.L1
  76              	.L6:
  77              		.loc 1 25 0 discriminator 2
  78 0036 0120     		mov	r0, #1
  79 0038 FFF7FEFF 		bl	LED_Blue_Write
  80              	.LVL9:
  81              	.L1:
  26:.\led.c       **** }
  82              		.loc 1 26 0 is_stmt 1
  83              		@ sp needed
  84 003c 38BD     		pop	{r3, r4, r5, pc}
  85              		.cfi_endproc
  86              	.LFE34:
  87              		.size	setLed, .-setLed
  88              		.comm	i2cRxBuffer,4,4
ARM GAS  C:\Users\JEPPES~1\AppData\Local\Temp\ccUJAb1b.s 			page 3


  89              		.comm	i2cTxBuffer,4,4
  90              		.comm	backOfQueuePtr,4,4
  91              		.comm	frontOfQueuePtr,4,4
  92 003e C046     		.text
  93              	.Letext0:
  94              		.file 2 ".\\queue.h"
  95              		.file 3 ".\\i2c.h"
  96              		.file 4 "Generated_Source\\PSoC4/LED_Red.h"
  97              		.file 5 "Generated_Source\\PSoC4/LED_Green.h"
  98              		.file 6 "Generated_Source\\PSoC4/cytypes.h"
  99              		.file 7 "Generated_Source\\PSoC4/LED_Blue.h"
 100              		.section	.debug_info,"",%progbits
 101              	.Ldebug_info0:
 102 0000 14020000 		.4byte	0x214
 103 0004 0400     		.2byte	0x4
 104 0006 00000000 		.4byte	.Ldebug_abbrev0
 105 000a 04       		.byte	0x4
 106 000b 01       		.uleb128 0x1
 107 000c 23010000 		.4byte	.LASF27
 108 0010 01       		.byte	0x1
 109 0011 E2010000 		.4byte	.LASF28
 110 0015 54000000 		.4byte	.LASF29
 111 0019 00000000 		.4byte	.Ldebug_ranges0+0
 112 001d 00000000 		.4byte	0
 113 0021 00000000 		.4byte	.Ldebug_line0
 114 0025 02       		.uleb128 0x2
 115 0026 01       		.byte	0x1
 116 0027 06       		.byte	0x6
 117 0028 EA010000 		.4byte	.LASF0
 118 002c 02       		.uleb128 0x2
 119 002d 01       		.byte	0x1
 120 002e 08       		.byte	0x8
 121 002f 46000000 		.4byte	.LASF1
 122 0033 02       		.uleb128 0x2
 123 0034 02       		.byte	0x2
 124 0035 05       		.byte	0x5
 125 0036 B1010000 		.4byte	.LASF2
 126 003a 02       		.uleb128 0x2
 127 003b 02       		.byte	0x2
 128 003c 07       		.byte	0x7
 129 003d 21000000 		.4byte	.LASF3
 130 0041 02       		.uleb128 0x2
 131 0042 04       		.byte	0x4
 132 0043 05       		.byte	0x5
 133 0044 D9010000 		.4byte	.LASF4
 134 0048 02       		.uleb128 0x2
 135 0049 04       		.byte	0x4
 136 004a 07       		.byte	0x7
 137 004b 79000000 		.4byte	.LASF5
 138 004f 02       		.uleb128 0x2
 139 0050 08       		.byte	0x8
 140 0051 05       		.byte	0x5
 141 0052 0B010000 		.4byte	.LASF6
 142 0056 02       		.uleb128 0x2
 143 0057 08       		.byte	0x8
 144 0058 07       		.byte	0x7
 145 0059 C9000000 		.4byte	.LASF7
ARM GAS  C:\Users\JEPPES~1\AppData\Local\Temp\ccUJAb1b.s 			page 4


 146 005d 03       		.uleb128 0x3
 147 005e 04       		.byte	0x4
 148 005f 05       		.byte	0x5
 149 0060 696E7400 		.ascii	"int\000"
 150 0064 02       		.uleb128 0x2
 151 0065 04       		.byte	0x4
 152 0066 07       		.byte	0x7
 153 0067 AD000000 		.4byte	.LASF8
 154 006b 04       		.uleb128 0x4
 155 006c 8B000000 		.4byte	.LASF30
 156 0070 06       		.byte	0x6
 157 0071 3801     		.2byte	0x138
 158 0073 2C000000 		.4byte	0x2c
 159 0077 02       		.uleb128 0x2
 160 0078 04       		.byte	0x4
 161 0079 04       		.byte	0x4
 162 007a 40000000 		.4byte	.LASF9
 163 007e 02       		.uleb128 0x2
 164 007f 08       		.byte	0x8
 165 0080 04       		.byte	0x4
 166 0081 97000000 		.4byte	.LASF10
 167 0085 02       		.uleb128 0x2
 168 0086 01       		.byte	0x1
 169 0087 08       		.byte	0x8
 170 0088 06000000 		.4byte	.LASF11
 171 008c 02       		.uleb128 0x2
 172 008d 04       		.byte	0x4
 173 008e 07       		.byte	0x7
 174 008f FC000000 		.4byte	.LASF12
 175 0093 05       		.uleb128 0x5
 176 0094 10000000 		.4byte	.LASF15
 177 0098 08       		.byte	0x8
 178 0099 02       		.byte	0x2
 179 009a 1A       		.byte	0x1a
 180 009b B8000000 		.4byte	0xb8
 181 009f 06       		.uleb128 0x6
 182 00a0 1E010000 		.4byte	.LASF13
 183 00a4 02       		.byte	0x2
 184 00a5 1C       		.byte	0x1c
 185 00a6 5D000000 		.4byte	0x5d
 186 00aa 00       		.byte	0
 187 00ab 06       		.uleb128 0x6
 188 00ac 19010000 		.4byte	.LASF14
 189 00b0 02       		.byte	0x2
 190 00b1 1D       		.byte	0x1d
 191 00b2 5D000000 		.4byte	0x5d
 192 00b6 04       		.byte	0x4
 193 00b7 00       		.byte	0
 194 00b8 05       		.uleb128 0x5
 195 00b9 0B000000 		.4byte	.LASF16
 196 00bd 0C       		.byte	0xc
 197 00be 02       		.byte	0x2
 198 00bf 20       		.byte	0x20
 199 00c0 DD000000 		.4byte	0xdd
 200 00c4 06       		.uleb128 0x6
 201 00c5 00000000 		.4byte	.LASF17
 202 00c9 02       		.byte	0x2
ARM GAS  C:\Users\JEPPES~1\AppData\Local\Temp\ccUJAb1b.s 			page 5


 203 00ca 22       		.byte	0x22
 204 00cb 93000000 		.4byte	0x93
 205 00cf 00       		.byte	0
 206 00d0 06       		.uleb128 0x6
 207 00d1 05010000 		.4byte	.LASF18
 208 00d5 02       		.byte	0x2
 209 00d6 23       		.byte	0x23
 210 00d7 DD000000 		.4byte	0xdd
 211 00db 08       		.byte	0x8
 212 00dc 00       		.byte	0
 213 00dd 07       		.uleb128 0x7
 214 00de 04       		.byte	0x4
 215 00df B8000000 		.4byte	0xb8
 216 00e3 08       		.uleb128 0x8
 217 00e4 34000000 		.4byte	.LASF31
 218 00e8 01       		.byte	0x1
 219 00e9 15       		.byte	0x15
 220 00ea 00000000 		.4byte	.LFB34
 221 00ee 3E000000 		.4byte	.LFE34-.LFB34
 222 00f2 01       		.uleb128 0x1
 223 00f3 9C       		.byte	0x9c
 224 00f4 94010000 		.4byte	0x194
 225 00f8 09       		.uleb128 0x9
 226 00f9 72656400 		.ascii	"red\000"
 227 00fd 01       		.byte	0x1
 228 00fe 15       		.byte	0x15
 229 00ff 6B000000 		.4byte	0x6b
 230 0103 00000000 		.4byte	.LLST0
 231 0107 0A       		.uleb128 0xa
 232 0108 91000000 		.4byte	.LASF19
 233 010c 01       		.byte	0x1
 234 010d 15       		.byte	0x15
 235 010e 6B000000 		.4byte	0x6b
 236 0112 3A000000 		.4byte	.LLST1
 237 0116 0A       		.uleb128 0xa
 238 0117 3B000000 		.4byte	.LASF20
 239 011b 01       		.byte	0x1
 240 011c 15       		.byte	0x15
 241 011d 6B000000 		.4byte	0x6b
 242 0121 74000000 		.4byte	.LLST2
 243 0125 0B       		.uleb128 0xb
 244 0126 10000000 		.4byte	.LVL2
 245 012a E8010000 		.4byte	0x1e8
 246 012e 38010000 		.4byte	0x138
 247 0132 0C       		.uleb128 0xc
 248 0133 01       		.uleb128 0x1
 249 0134 50       		.byte	0x50
 250 0135 01       		.uleb128 0x1
 251 0136 30       		.byte	0x30
 252 0137 00       		.byte	0
 253 0138 0B       		.uleb128 0xb
 254 0139 18000000 		.4byte	.LVL5
 255 013d E8010000 		.4byte	0x1e8
 256 0141 4B010000 		.4byte	0x14b
 257 0145 0C       		.uleb128 0xc
 258 0146 01       		.uleb128 0x1
 259 0147 50       		.byte	0x50
ARM GAS  C:\Users\JEPPES~1\AppData\Local\Temp\ccUJAb1b.s 			page 6


 260 0148 01       		.uleb128 0x1
 261 0149 31       		.byte	0x31
 262 014a 00       		.byte	0
 263 014b 0B       		.uleb128 0xb
 264 014c 22000000 		.4byte	.LVL6
 265 0150 F9010000 		.4byte	0x1f9
 266 0154 5E010000 		.4byte	0x15e
 267 0158 0C       		.uleb128 0xc
 268 0159 01       		.uleb128 0x1
 269 015a 50       		.byte	0x50
 270 015b 01       		.uleb128 0x1
 271 015c 30       		.byte	0x30
 272 015d 00       		.byte	0
 273 015e 0B       		.uleb128 0xb
 274 015f 2A000000 		.4byte	.LVL7
 275 0163 F9010000 		.4byte	0x1f9
 276 0167 71010000 		.4byte	0x171
 277 016b 0C       		.uleb128 0xc
 278 016c 01       		.uleb128 0x1
 279 016d 50       		.byte	0x50
 280 016e 01       		.uleb128 0x1
 281 016f 31       		.byte	0x31
 282 0170 00       		.byte	0
 283 0171 0B       		.uleb128 0xb
 284 0172 34000000 		.4byte	.LVL8
 285 0176 0A020000 		.4byte	0x20a
 286 017a 84010000 		.4byte	0x184
 287 017e 0C       		.uleb128 0xc
 288 017f 01       		.uleb128 0x1
 289 0180 50       		.byte	0x50
 290 0181 01       		.uleb128 0x1
 291 0182 30       		.byte	0x30
 292 0183 00       		.byte	0
 293 0184 0D       		.uleb128 0xd
 294 0185 3C000000 		.4byte	.LVL9
 295 0189 0A020000 		.4byte	0x20a
 296 018d 0C       		.uleb128 0xc
 297 018e 01       		.uleb128 0x1
 298 018f 50       		.byte	0x50
 299 0190 01       		.uleb128 0x1
 300 0191 31       		.byte	0x31
 301 0192 00       		.byte	0
 302 0193 00       		.byte	0
 303 0194 0E       		.uleb128 0xe
 304 0195 EC000000 		.4byte	.LASF21
 305 0199 02       		.byte	0x2
 306 019a 26       		.byte	0x26
 307 019b DD000000 		.4byte	0xdd
 308 019f 05       		.uleb128 0x5
 309 01a0 03       		.byte	0x3
 310 01a1 00000000 		.4byte	frontOfQueuePtr
 311 01a5 0E       		.uleb128 0xe
 312 01a6 9E000000 		.4byte	.LASF22
 313 01aa 02       		.byte	0x2
 314 01ab 27       		.byte	0x27
 315 01ac DD000000 		.4byte	0xdd
 316 01b0 05       		.uleb128 0x5
ARM GAS  C:\Users\JEPPES~1\AppData\Local\Temp\ccUJAb1b.s 			page 7


 317 01b1 03       		.byte	0x3
 318 01b2 00000000 		.4byte	backOfQueuePtr
 319 01b6 0F       		.uleb128 0xf
 320 01b7 6B000000 		.4byte	0x6b
 321 01bb C6010000 		.4byte	0x1c6
 322 01bf 10       		.uleb128 0x10
 323 01c0 8C000000 		.4byte	0x8c
 324 01c4 03       		.byte	0x3
 325 01c5 00       		.byte	0
 326 01c6 0E       		.uleb128 0xe
 327 01c7 E0000000 		.4byte	.LASF23
 328 01cb 03       		.byte	0x3
 329 01cc 32       		.byte	0x32
 330 01cd B6010000 		.4byte	0x1b6
 331 01d1 05       		.uleb128 0x5
 332 01d2 03       		.byte	0x3
 333 01d3 00000000 		.4byte	i2cTxBuffer
 334 01d7 0E       		.uleb128 0xe
 335 01d8 15000000 		.4byte	.LASF24
 336 01dc 03       		.byte	0x3
 337 01dd 33       		.byte	0x33
 338 01de B6010000 		.4byte	0x1b6
 339 01e2 05       		.uleb128 0x5
 340 01e3 03       		.byte	0x3
 341 01e4 00000000 		.4byte	i2cRxBuffer
 342 01e8 11       		.uleb128 0x11
 343 01e9 BB010000 		.4byte	.LASF25
 344 01ed 04       		.byte	0x4
 345 01ee 33       		.byte	0x33
 346 01ef F9010000 		.4byte	0x1f9
 347 01f3 12       		.uleb128 0x12
 348 01f4 6B000000 		.4byte	0x6b
 349 01f8 00       		.byte	0
 350 01f9 11       		.uleb128 0x11
 351 01fa C9010000 		.4byte	.LASF26
 352 01fe 05       		.byte	0x5
 353 01ff 33       		.byte	0x33
 354 0200 0A020000 		.4byte	0x20a
 355 0204 12       		.uleb128 0x12
 356 0205 6B000000 		.4byte	0x6b
 357 0209 00       		.byte	0
 358 020a 13       		.uleb128 0x13
 359 020b BA000000 		.4byte	.LASF32
 360 020f 07       		.byte	0x7
 361 0210 33       		.byte	0x33
 362 0211 12       		.uleb128 0x12
 363 0212 6B000000 		.4byte	0x6b
 364 0216 00       		.byte	0
 365 0217 00       		.byte	0
 366              		.section	.debug_abbrev,"",%progbits
 367              	.Ldebug_abbrev0:
 368 0000 01       		.uleb128 0x1
 369 0001 11       		.uleb128 0x11
 370 0002 01       		.byte	0x1
 371 0003 25       		.uleb128 0x25
 372 0004 0E       		.uleb128 0xe
 373 0005 13       		.uleb128 0x13
ARM GAS  C:\Users\JEPPES~1\AppData\Local\Temp\ccUJAb1b.s 			page 8


 374 0006 0B       		.uleb128 0xb
 375 0007 03       		.uleb128 0x3
 376 0008 0E       		.uleb128 0xe
 377 0009 1B       		.uleb128 0x1b
 378 000a 0E       		.uleb128 0xe
 379 000b 55       		.uleb128 0x55
 380 000c 17       		.uleb128 0x17
 381 000d 11       		.uleb128 0x11
 382 000e 01       		.uleb128 0x1
 383 000f 10       		.uleb128 0x10
 384 0010 17       		.uleb128 0x17
 385 0011 00       		.byte	0
 386 0012 00       		.byte	0
 387 0013 02       		.uleb128 0x2
 388 0014 24       		.uleb128 0x24
 389 0015 00       		.byte	0
 390 0016 0B       		.uleb128 0xb
 391 0017 0B       		.uleb128 0xb
 392 0018 3E       		.uleb128 0x3e
 393 0019 0B       		.uleb128 0xb
 394 001a 03       		.uleb128 0x3
 395 001b 0E       		.uleb128 0xe
 396 001c 00       		.byte	0
 397 001d 00       		.byte	0
 398 001e 03       		.uleb128 0x3
 399 001f 24       		.uleb128 0x24
 400 0020 00       		.byte	0
 401 0021 0B       		.uleb128 0xb
 402 0022 0B       		.uleb128 0xb
 403 0023 3E       		.uleb128 0x3e
 404 0024 0B       		.uleb128 0xb
 405 0025 03       		.uleb128 0x3
 406 0026 08       		.uleb128 0x8
 407 0027 00       		.byte	0
 408 0028 00       		.byte	0
 409 0029 04       		.uleb128 0x4
 410 002a 16       		.uleb128 0x16
 411 002b 00       		.byte	0
 412 002c 03       		.uleb128 0x3
 413 002d 0E       		.uleb128 0xe
 414 002e 3A       		.uleb128 0x3a
 415 002f 0B       		.uleb128 0xb
 416 0030 3B       		.uleb128 0x3b
 417 0031 05       		.uleb128 0x5
 418 0032 49       		.uleb128 0x49
 419 0033 13       		.uleb128 0x13
 420 0034 00       		.byte	0
 421 0035 00       		.byte	0
 422 0036 05       		.uleb128 0x5
 423 0037 13       		.uleb128 0x13
 424 0038 01       		.byte	0x1
 425 0039 03       		.uleb128 0x3
 426 003a 0E       		.uleb128 0xe
 427 003b 0B       		.uleb128 0xb
 428 003c 0B       		.uleb128 0xb
 429 003d 3A       		.uleb128 0x3a
 430 003e 0B       		.uleb128 0xb
ARM GAS  C:\Users\JEPPES~1\AppData\Local\Temp\ccUJAb1b.s 			page 9


 431 003f 3B       		.uleb128 0x3b
 432 0040 0B       		.uleb128 0xb
 433 0041 01       		.uleb128 0x1
 434 0042 13       		.uleb128 0x13
 435 0043 00       		.byte	0
 436 0044 00       		.byte	0
 437 0045 06       		.uleb128 0x6
 438 0046 0D       		.uleb128 0xd
 439 0047 00       		.byte	0
 440 0048 03       		.uleb128 0x3
 441 0049 0E       		.uleb128 0xe
 442 004a 3A       		.uleb128 0x3a
 443 004b 0B       		.uleb128 0xb
 444 004c 3B       		.uleb128 0x3b
 445 004d 0B       		.uleb128 0xb
 446 004e 49       		.uleb128 0x49
 447 004f 13       		.uleb128 0x13
 448 0050 38       		.uleb128 0x38
 449 0051 0B       		.uleb128 0xb
 450 0052 00       		.byte	0
 451 0053 00       		.byte	0
 452 0054 07       		.uleb128 0x7
 453 0055 0F       		.uleb128 0xf
 454 0056 00       		.byte	0
 455 0057 0B       		.uleb128 0xb
 456 0058 0B       		.uleb128 0xb
 457 0059 49       		.uleb128 0x49
 458 005a 13       		.uleb128 0x13
 459 005b 00       		.byte	0
 460 005c 00       		.byte	0
 461 005d 08       		.uleb128 0x8
 462 005e 2E       		.uleb128 0x2e
 463 005f 01       		.byte	0x1
 464 0060 3F       		.uleb128 0x3f
 465 0061 19       		.uleb128 0x19
 466 0062 03       		.uleb128 0x3
 467 0063 0E       		.uleb128 0xe
 468 0064 3A       		.uleb128 0x3a
 469 0065 0B       		.uleb128 0xb
 470 0066 3B       		.uleb128 0x3b
 471 0067 0B       		.uleb128 0xb
 472 0068 27       		.uleb128 0x27
 473 0069 19       		.uleb128 0x19
 474 006a 11       		.uleb128 0x11
 475 006b 01       		.uleb128 0x1
 476 006c 12       		.uleb128 0x12
 477 006d 06       		.uleb128 0x6
 478 006e 40       		.uleb128 0x40
 479 006f 18       		.uleb128 0x18
 480 0070 9742     		.uleb128 0x2117
 481 0072 19       		.uleb128 0x19
 482 0073 01       		.uleb128 0x1
 483 0074 13       		.uleb128 0x13
 484 0075 00       		.byte	0
 485 0076 00       		.byte	0
 486 0077 09       		.uleb128 0x9
 487 0078 05       		.uleb128 0x5
ARM GAS  C:\Users\JEPPES~1\AppData\Local\Temp\ccUJAb1b.s 			page 10


 488 0079 00       		.byte	0
 489 007a 03       		.uleb128 0x3
 490 007b 08       		.uleb128 0x8
 491 007c 3A       		.uleb128 0x3a
 492 007d 0B       		.uleb128 0xb
 493 007e 3B       		.uleb128 0x3b
 494 007f 0B       		.uleb128 0xb
 495 0080 49       		.uleb128 0x49
 496 0081 13       		.uleb128 0x13
 497 0082 02       		.uleb128 0x2
 498 0083 17       		.uleb128 0x17
 499 0084 00       		.byte	0
 500 0085 00       		.byte	0
 501 0086 0A       		.uleb128 0xa
 502 0087 05       		.uleb128 0x5
 503 0088 00       		.byte	0
 504 0089 03       		.uleb128 0x3
 505 008a 0E       		.uleb128 0xe
 506 008b 3A       		.uleb128 0x3a
 507 008c 0B       		.uleb128 0xb
 508 008d 3B       		.uleb128 0x3b
 509 008e 0B       		.uleb128 0xb
 510 008f 49       		.uleb128 0x49
 511 0090 13       		.uleb128 0x13
 512 0091 02       		.uleb128 0x2
 513 0092 17       		.uleb128 0x17
 514 0093 00       		.byte	0
 515 0094 00       		.byte	0
 516 0095 0B       		.uleb128 0xb
 517 0096 898201   		.uleb128 0x4109
 518 0099 01       		.byte	0x1
 519 009a 11       		.uleb128 0x11
 520 009b 01       		.uleb128 0x1
 521 009c 31       		.uleb128 0x31
 522 009d 13       		.uleb128 0x13
 523 009e 01       		.uleb128 0x1
 524 009f 13       		.uleb128 0x13
 525 00a0 00       		.byte	0
 526 00a1 00       		.byte	0
 527 00a2 0C       		.uleb128 0xc
 528 00a3 8A8201   		.uleb128 0x410a
 529 00a6 00       		.byte	0
 530 00a7 02       		.uleb128 0x2
 531 00a8 18       		.uleb128 0x18
 532 00a9 9142     		.uleb128 0x2111
 533 00ab 18       		.uleb128 0x18
 534 00ac 00       		.byte	0
 535 00ad 00       		.byte	0
 536 00ae 0D       		.uleb128 0xd
 537 00af 898201   		.uleb128 0x4109
 538 00b2 01       		.byte	0x1
 539 00b3 11       		.uleb128 0x11
 540 00b4 01       		.uleb128 0x1
 541 00b5 31       		.uleb128 0x31
 542 00b6 13       		.uleb128 0x13
 543 00b7 00       		.byte	0
 544 00b8 00       		.byte	0
ARM GAS  C:\Users\JEPPES~1\AppData\Local\Temp\ccUJAb1b.s 			page 11


 545 00b9 0E       		.uleb128 0xe
 546 00ba 34       		.uleb128 0x34
 547 00bb 00       		.byte	0
 548 00bc 03       		.uleb128 0x3
 549 00bd 0E       		.uleb128 0xe
 550 00be 3A       		.uleb128 0x3a
 551 00bf 0B       		.uleb128 0xb
 552 00c0 3B       		.uleb128 0x3b
 553 00c1 0B       		.uleb128 0xb
 554 00c2 49       		.uleb128 0x49
 555 00c3 13       		.uleb128 0x13
 556 00c4 3F       		.uleb128 0x3f
 557 00c5 19       		.uleb128 0x19
 558 00c6 02       		.uleb128 0x2
 559 00c7 18       		.uleb128 0x18
 560 00c8 00       		.byte	0
 561 00c9 00       		.byte	0
 562 00ca 0F       		.uleb128 0xf
 563 00cb 01       		.uleb128 0x1
 564 00cc 01       		.byte	0x1
 565 00cd 49       		.uleb128 0x49
 566 00ce 13       		.uleb128 0x13
 567 00cf 01       		.uleb128 0x1
 568 00d0 13       		.uleb128 0x13
 569 00d1 00       		.byte	0
 570 00d2 00       		.byte	0
 571 00d3 10       		.uleb128 0x10
 572 00d4 21       		.uleb128 0x21
 573 00d5 00       		.byte	0
 574 00d6 49       		.uleb128 0x49
 575 00d7 13       		.uleb128 0x13
 576 00d8 2F       		.uleb128 0x2f
 577 00d9 0B       		.uleb128 0xb
 578 00da 00       		.byte	0
 579 00db 00       		.byte	0
 580 00dc 11       		.uleb128 0x11
 581 00dd 2E       		.uleb128 0x2e
 582 00de 01       		.byte	0x1
 583 00df 3F       		.uleb128 0x3f
 584 00e0 19       		.uleb128 0x19
 585 00e1 03       		.uleb128 0x3
 586 00e2 0E       		.uleb128 0xe
 587 00e3 3A       		.uleb128 0x3a
 588 00e4 0B       		.uleb128 0xb
 589 00e5 3B       		.uleb128 0x3b
 590 00e6 0B       		.uleb128 0xb
 591 00e7 27       		.uleb128 0x27
 592 00e8 19       		.uleb128 0x19
 593 00e9 3C       		.uleb128 0x3c
 594 00ea 19       		.uleb128 0x19
 595 00eb 01       		.uleb128 0x1
 596 00ec 13       		.uleb128 0x13
 597 00ed 00       		.byte	0
 598 00ee 00       		.byte	0
 599 00ef 12       		.uleb128 0x12
 600 00f0 05       		.uleb128 0x5
 601 00f1 00       		.byte	0
ARM GAS  C:\Users\JEPPES~1\AppData\Local\Temp\ccUJAb1b.s 			page 12


 602 00f2 49       		.uleb128 0x49
 603 00f3 13       		.uleb128 0x13
 604 00f4 00       		.byte	0
 605 00f5 00       		.byte	0
 606 00f6 13       		.uleb128 0x13
 607 00f7 2E       		.uleb128 0x2e
 608 00f8 01       		.byte	0x1
 609 00f9 3F       		.uleb128 0x3f
 610 00fa 19       		.uleb128 0x19
 611 00fb 03       		.uleb128 0x3
 612 00fc 0E       		.uleb128 0xe
 613 00fd 3A       		.uleb128 0x3a
 614 00fe 0B       		.uleb128 0xb
 615 00ff 3B       		.uleb128 0x3b
 616 0100 0B       		.uleb128 0xb
 617 0101 27       		.uleb128 0x27
 618 0102 19       		.uleb128 0x19
 619 0103 3C       		.uleb128 0x3c
 620 0104 19       		.uleb128 0x19
 621 0105 00       		.byte	0
 622 0106 00       		.byte	0
 623 0107 00       		.byte	0
 624              		.section	.debug_loc,"",%progbits
 625              	.Ldebug_loc0:
 626              	.LLST0:
 627 0000 00000000 		.4byte	.LVL0
 628 0004 0C000000 		.4byte	.LVL1
 629 0008 0100     		.2byte	0x1
 630 000a 50       		.byte	0x50
 631 000b 0C000000 		.4byte	.LVL1
 632 000f 12000000 		.4byte	.LVL3
 633 0013 0400     		.2byte	0x4
 634 0015 F3       		.byte	0xf3
 635 0016 01       		.uleb128 0x1
 636 0017 50       		.byte	0x50
 637 0018 9F       		.byte	0x9f
 638 0019 12000000 		.4byte	.LVL3
 639 001d 14000000 		.4byte	.LVL4
 640 0021 0100     		.2byte	0x1
 641 0023 50       		.byte	0x50
 642 0024 14000000 		.4byte	.LVL4
 643 0028 3E000000 		.4byte	.LFE34
 644 002c 0400     		.2byte	0x4
 645 002e F3       		.byte	0xf3
 646 002f 01       		.uleb128 0x1
 647 0030 50       		.byte	0x50
 648 0031 9F       		.byte	0x9f
 649 0032 00000000 		.4byte	0
 650 0036 00000000 		.4byte	0
 651              	.LLST1:
 652 003a 00000000 		.4byte	.LVL0
 653 003e 0F000000 		.4byte	.LVL2-1
 654 0042 0100     		.2byte	0x1
 655 0044 51       		.byte	0x51
 656 0045 0F000000 		.4byte	.LVL2-1
 657 0049 12000000 		.4byte	.LVL3
 658 004d 0400     		.2byte	0x4
ARM GAS  C:\Users\JEPPES~1\AppData\Local\Temp\ccUJAb1b.s 			page 13


 659 004f F3       		.byte	0xf3
 660 0050 01       		.uleb128 0x1
 661 0051 51       		.byte	0x51
 662 0052 9F       		.byte	0x9f
 663 0053 12000000 		.4byte	.LVL3
 664 0057 17000000 		.4byte	.LVL5-1
 665 005b 0100     		.2byte	0x1
 666 005d 51       		.byte	0x51
 667 005e 17000000 		.4byte	.LVL5-1
 668 0062 3E000000 		.4byte	.LFE34
 669 0066 0400     		.2byte	0x4
 670 0068 F3       		.byte	0xf3
 671 0069 01       		.uleb128 0x1
 672 006a 51       		.byte	0x51
 673 006b 9F       		.byte	0x9f
 674 006c 00000000 		.4byte	0
 675 0070 00000000 		.4byte	0
 676              	.LLST2:
 677 0074 00000000 		.4byte	.LVL0
 678 0078 0F000000 		.4byte	.LVL2-1
 679 007c 0100     		.2byte	0x1
 680 007e 52       		.byte	0x52
 681 007f 0F000000 		.4byte	.LVL2-1
 682 0083 12000000 		.4byte	.LVL3
 683 0087 0400     		.2byte	0x4
 684 0089 F3       		.byte	0xf3
 685 008a 01       		.uleb128 0x1
 686 008b 52       		.byte	0x52
 687 008c 9F       		.byte	0x9f
 688 008d 12000000 		.4byte	.LVL3
 689 0091 17000000 		.4byte	.LVL5-1
 690 0095 0100     		.2byte	0x1
 691 0097 52       		.byte	0x52
 692 0098 17000000 		.4byte	.LVL5-1
 693 009c 3E000000 		.4byte	.LFE34
 694 00a0 0400     		.2byte	0x4
 695 00a2 F3       		.byte	0xf3
 696 00a3 01       		.uleb128 0x1
 697 00a4 52       		.byte	0x52
 698 00a5 9F       		.byte	0x9f
 699 00a6 00000000 		.4byte	0
 700 00aa 00000000 		.4byte	0
 701              		.section	.debug_aranges,"",%progbits
 702 0000 1C000000 		.4byte	0x1c
 703 0004 0200     		.2byte	0x2
 704 0006 00000000 		.4byte	.Ldebug_info0
 705 000a 04       		.byte	0x4
 706 000b 00       		.byte	0
 707 000c 0000     		.2byte	0
 708 000e 0000     		.2byte	0
 709 0010 00000000 		.4byte	.LFB34
 710 0014 3E000000 		.4byte	.LFE34-.LFB34
 711 0018 00000000 		.4byte	0
 712 001c 00000000 		.4byte	0
 713              		.section	.debug_ranges,"",%progbits
 714              	.Ldebug_ranges0:
 715 0000 00000000 		.4byte	.LFB34
ARM GAS  C:\Users\JEPPES~1\AppData\Local\Temp\ccUJAb1b.s 			page 14


 716 0004 3E000000 		.4byte	.LFE34
 717 0008 00000000 		.4byte	0
 718 000c 00000000 		.4byte	0
 719              		.section	.debug_line,"",%progbits
 720              	.Ldebug_line0:
 721 0000 C1000000 		.section	.debug_str,"MS",%progbits,1
 721      02008400 
 721      00000201 
 721      FB0E0D00 
 721      01010101 
 722              	.LASF17:
 723 0000 64617461 		.ascii	"data_\000"
 723      5F00
 724              	.LASF11:
 725 0006 63686172 		.ascii	"char\000"
 725      00
 726              	.LASF16:
 727 000b 4E6F6465 		.ascii	"Node\000"
 727      00
 728              	.LASF15:
 729 0010 44617461 		.ascii	"Data\000"
 729      00
 730              	.LASF24:
 731 0015 69326352 		.ascii	"i2cRxBuffer\000"
 731      78427566 
 731      66657200 
 732              	.LASF3:
 733 0021 73686F72 		.ascii	"short unsigned int\000"
 733      7420756E 
 733      7369676E 
 733      65642069 
 733      6E7400
 734              	.LASF31:
 735 0034 7365744C 		.ascii	"setLed\000"
 735      656400
 736              	.LASF20:
 737 003b 626C7565 		.ascii	"blue\000"
 737      00
 738              	.LASF9:
 739 0040 666C6F61 		.ascii	"float\000"
 739      7400
 740              	.LASF1:
 741 0046 756E7369 		.ascii	"unsigned char\000"
 741      676E6564 
 741      20636861 
 741      7200
 742              	.LASF29:
 743 0054 433A5C45 		.ascii	"C:\\E3PRJ3-Gruppe1\\PSoC\\PSoC4XY.cydsn\000"
 743      3350524A 
 743      332D4772 
 743      75707065 
 743      315C5053 
 744              	.LASF5:
 745 0079 6C6F6E67 		.ascii	"long unsigned int\000"
 745      20756E73 
 745      69676E65 
 745      6420696E 
ARM GAS  C:\Users\JEPPES~1\AppData\Local\Temp\ccUJAb1b.s 			page 15


 745      7400
 746              	.LASF30:
 747 008b 75696E74 		.ascii	"uint8\000"
 747      3800
 748              	.LASF19:
 749 0091 67726565 		.ascii	"green\000"
 749      6E00
 750              	.LASF10:
 751 0097 646F7562 		.ascii	"double\000"
 751      6C6500
 752              	.LASF22:
 753 009e 6261636B 		.ascii	"backOfQueuePtr\000"
 753      4F665175 
 753      65756550 
 753      747200
 754              	.LASF8:
 755 00ad 756E7369 		.ascii	"unsigned int\000"
 755      676E6564 
 755      20696E74 
 755      00
 756              	.LASF32:
 757 00ba 4C45445F 		.ascii	"LED_Blue_Write\000"
 757      426C7565 
 757      5F577269 
 757      746500
 758              	.LASF7:
 759 00c9 6C6F6E67 		.ascii	"long long unsigned int\000"
 759      206C6F6E 
 759      6720756E 
 759      7369676E 
 759      65642069 
 760              	.LASF23:
 761 00e0 69326354 		.ascii	"i2cTxBuffer\000"
 761      78427566 
 761      66657200 
 762              	.LASF21:
 763 00ec 66726F6E 		.ascii	"frontOfQueuePtr\000"
 763      744F6651 
 763      75657565 
 763      50747200 
 764              	.LASF12:
 765 00fc 73697A65 		.ascii	"sizetype\000"
 765      74797065 
 765      00
 766              	.LASF18:
 767 0105 6E657874 		.ascii	"next_\000"
 767      5F00
 768              	.LASF6:
 769 010b 6C6F6E67 		.ascii	"long long int\000"
 769      206C6F6E 
 769      6720696E 
 769      7400
 770              	.LASF14:
 771 0119 76616C5F 		.ascii	"val_\000"
 771      00
 772              	.LASF13:
 773 011e 636D645F 		.ascii	"cmd_\000"
ARM GAS  C:\Users\JEPPES~1\AppData\Local\Temp\ccUJAb1b.s 			page 16


 773      00
 774              	.LASF27:
 775 0123 474E5520 		.ascii	"GNU C 4.9.3 20150303 (release) [ARM/embedded-4_9-br"
 775      4320342E 
 775      392E3320 
 775      32303135 
 775      30333033 
 776 0156 616E6368 		.ascii	"anch revision 221220] -mcpu=cortex-m0 -mthumb -g -O"
 776      20726576 
 776      6973696F 
 776      6E203232 
 776      31323230 
 777 0189 67202D66 		.ascii	"g -ffunction-sections -ffat-lto-objects\000"
 777      66756E63 
 777      74696F6E 
 777      2D736563 
 777      74696F6E 
 778              	.LASF2:
 779 01b1 73686F72 		.ascii	"short int\000"
 779      7420696E 
 779      7400
 780              	.LASF25:
 781 01bb 4C45445F 		.ascii	"LED_Red_Write\000"
 781      5265645F 
 781      57726974 
 781      6500
 782              	.LASF26:
 783 01c9 4C45445F 		.ascii	"LED_Green_Write\000"
 783      47726565 
 783      6E5F5772 
 783      69746500 
 784              	.LASF4:
 785 01d9 6C6F6E67 		.ascii	"long int\000"
 785      20696E74 
 785      00
 786              	.LASF28:
 787 01e2 2E5C6C65 		.ascii	".\\led.c\000"
 787      642E6300 
 788              	.LASF0:
 789 01ea 7369676E 		.ascii	"signed char\000"
 789      65642063 
 789      68617200 
 790              		.ident	"GCC: (GNU Tools for ARM Embedded Processors) 4.9.3 20150303 (release) [ARM/embedded-4_9-br
