ARM GAS  C:\Users\JEPPES~1\AppData\Local\Temp\ccCawngE.s 			page 1


   1              		.cpu cortex-m0
   2              		.fpu softvfp
   3              		.eabi_attribute 20, 1
   4              		.eabi_attribute 21, 1
   5              		.eabi_attribute 23, 3
   6              		.eabi_attribute 24, 1
   7              		.eabi_attribute 25, 1
   8              		.eabi_attribute 26, 1
   9              		.eabi_attribute 30, 1
  10              		.eabi_attribute 34, 0
  11              		.eabi_attribute 18, 4
  12              		.code	16
  13              		.file	"main.c"
  14              		.text
  15              	.Ltext0:
  16              		.cfi_sections	.debug_frame
  17              		.section	.text.main,"ax",%progbits
  18              		.align	2
  19              		.global	main
  20              		.code	16
  21              		.thumb_func
  22              		.type	main, %function
  23              	main:
  24              	.LFB34:
  25              		.file 1 ".\\main.c"
   1:.\main.c      **** /* ========================================
   2:.\main.c      ****  *
   3:.\main.c      ****  * File: main.c
   4:.\main.c      ****  * Description: 
   5:.\main.c      ****  *
   6:.\main.c      ****  * University: AARHUS UNIVERSITY SCHOOL OF ENGINEERING
   7:.\main.c      ****  * Project: F16 - E3PRJ3-02 Semesterprojekt 3 [240501U178]
   8:.\main.c      ****  * Group: 1
   9:.\main.c      ****  * 
  10:.\main.c      ****  * Author: 
  11:.\main.c      ****  * Matriculation number: 
  12:.\main.c      ****  *
  13:.\main.c      ****  * Version: 1.0
  14:.\main.c      ****  * Date: 13-05-2016
  15:.\main.c      ****  *
  16:.\main.c      ****  * ========================================
  17:.\main.c      **** */
  18:.\main.c      **** 
  19:.\main.c      **** #include <project.h>
  20:.\main.c      **** #include "handler.h"
  21:.\main.c      **** #include "i2c.h"
  22:.\main.c      **** #include "led.h"
  23:.\main.c      **** #include "queue.h"
  24:.\main.c      **** #include "xy.h"
  25:.\main.c      **** 
  26:.\main.c      **** int main()
  27:.\main.c      **** {
  26              		.loc 1 27 0
  27              		.cfi_startproc
  28 0000 00B5     		push	{lr}
  29              		.cfi_def_cfa_offset 4
  30              		.cfi_offset 14, -4
ARM GAS  C:\Users\JEPPES~1\AppData\Local\Temp\ccCawngE.s 			page 2


  31 0002 83B0     		sub	sp, sp, #12
  32              		.cfi_def_cfa_offset 16
  28:.\main.c      ****     CyGlobalIntEnable;
  33              		.loc 1 28 0
  34              	@ 28 ".\main.c" 1
  35 0004 62B6     		CPSIE   i
  36              	@ 0 "" 2
  29:.\main.c      **** 
  30:.\main.c      ****     queue_init();
  37              		.loc 1 30 0
  38              		.code	16
  39 0006 FFF7FEFF 		bl	queue_init
  40              	.LVL0:
  31:.\main.c      ****     xy_init();
  41              		.loc 1 31 0
  42 000a FFF7FEFF 		bl	xy_init
  43              	.LVL1:
  32:.\main.c      ****     i2c_init();
  44              		.loc 1 32 0
  45 000e FFF7FEFF 		bl	i2c_init
  46              	.LVL2:
  47              	.L6:
  33:.\main.c      ****     
  34:.\main.c      ****     for(;;)
  35:.\main.c      ****     {
  36:.\main.c      ****         if(SW2_Read() == 0u)
  48              		.loc 1 36 0
  49 0012 FFF7FEFF 		bl	SW2_Read
  50              	.LVL3:
  51 0016 0028     		cmp	r0, #0
  52 0018 0ED1     		bne	.L2
  37:.\main.c      ****         {
  38:.\main.c      ****             CyDelay(5u);
  53              		.loc 1 38 0
  54 001a 0530     		add	r0, r0, #5
  55 001c FFF7FEFF 		bl	CyDelay
  56              	.LVL4:
  39:.\main.c      ****             if(SW2_Read() == 0u)
  57              		.loc 1 39 0
  58 0020 FFF7FEFF 		bl	SW2_Read
  59              	.LVL5:
  60 0024 0028     		cmp	r0, #0
  61 0026 03D1     		bne	.L4
  40:.\main.c      ****             {
  41:.\main.c      ****                 calibrateX();
  62              		.loc 1 41 0
  63 0028 FFF7FEFF 		bl	calibrateX
  64              	.LVL6:
  42:.\main.c      ****                 calibrateY();
  65              		.loc 1 42 0
  66 002c FFF7FEFF 		bl	calibrateY
  67              	.LVL7:
  68              	.L4:
  43:.\main.c      ****             }
  44:.\main.c      ****             while(SW2_Read() == 0u)
  69              		.loc 1 44 0 discriminator 1
  70 0030 FFF7FEFF 		bl	SW2_Read
ARM GAS  C:\Users\JEPPES~1\AppData\Local\Temp\ccCawngE.s 			page 3


  71              	.LVL8:
  72 0034 0028     		cmp	r0, #0
  73 0036 FBD0     		beq	.L4
  74              	.L2:
  45:.\main.c      ****             {
  46:.\main.c      ****                 ; /* Wait till button released */
  47:.\main.c      ****             }
  48:.\main.c      ****         }
  49:.\main.c      ****         
  50:.\main.c      **** //        i2c_rx();
  51:.\main.c      ****       
  52:.\main.c      ****         if(isEmptyQueue() != 1)
  75              		.loc 1 52 0
  76 0038 FFF7FEFF 		bl	isEmptyQueue
  77              	.LVL9:
  78 003c 0128     		cmp	r0, #1
  79 003e 0AD0     		beq	.L5
  80              	.LBB2:
  53:.\main.c      ****         {
  54:.\main.c      ****             struct Data action;
  55:.\main.c      ****             action = frontQueue();
  81              		.loc 1 55 0
  82 0040 6846     		mov	r0, sp
  83 0042 FFF7FEFF 		bl	frontQueue
  84              	.LVL10:
  56:.\main.c      ****             handler(action.cmd_, action.val_);
  85              		.loc 1 56 0
  86 0046 009B     		ldr	r3, [sp]
  87 0048 D8B2     		uxtb	r0, r3
  88 004a 6B46     		mov	r3, sp
  89 004c 1979     		ldrb	r1, [r3, #4]
  90 004e FFF7FEFF 		bl	handler
  91              	.LVL11:
  57:.\main.c      ****             popQueue();
  92              		.loc 1 57 0
  93 0052 FFF7FEFF 		bl	popQueue
  94              	.LVL12:
  95              	.L5:
  96              	.LBE2:
  58:.\main.c      ****         }
  59:.\main.c      ****         
  60:.\main.c      ****         CyDelay(50);
  97              		.loc 1 60 0
  98 0056 3220     		mov	r0, #50
  99 0058 FFF7FEFF 		bl	CyDelay
 100              	.LVL13:
  61:.\main.c      ****         
  62:.\main.c      ****         i2c_tx();
 101              		.loc 1 62 0
 102 005c FFF7FEFF 		bl	i2c_tx
 103              	.LVL14:
  63:.\main.c      ****     }
 104              		.loc 1 63 0
 105 0060 D7E7     		b	.L6
 106              		.cfi_endproc
 107              	.LFE34:
 108              		.size	main, .-main
ARM GAS  C:\Users\JEPPES~1\AppData\Local\Temp\ccCawngE.s 			page 4


 109              		.comm	i2cRxBuffer,4,4
 110              		.comm	i2cTxBuffer,4,4
 111              		.comm	backOfQueuePtr,4,4
 112              		.comm	frontOfQueuePtr,4,4
 113 0062 C046     		.text
 114              	.Letext0:
 115              		.file 2 "Generated_Source\\PSoC4/cytypes.h"
 116              		.file 3 ".\\queue.h"
 117              		.file 4 ".\\i2c.h"
 118              		.file 5 ".\\xy.h"
 119              		.file 6 "Generated_Source\\PSoC4/SW2.h"
 120              		.file 7 ".\\handler.h"
 121              		.file 8 "Generated_Source\\PSoC4/CyLib.h"
 122              		.section	.debug_info,"",%progbits
 123              	.Ldebug_info0:
 124 0000 A1020000 		.4byte	0x2a1
 125 0004 0400     		.2byte	0x4
 126 0006 00000000 		.4byte	.Ldebug_abbrev0
 127 000a 04       		.byte	0x4
 128 000b 01       		.uleb128 0x1
 129 000c 79010000 		.4byte	.LASF37
 130 0010 01       		.byte	0x1
 131 0011 CF000000 		.4byte	.LASF38
 132 0015 5F000000 		.4byte	.LASF39
 133 0019 00000000 		.4byte	.Ldebug_ranges0+0
 134 001d 00000000 		.4byte	0
 135 0021 00000000 		.4byte	.Ldebug_line0
 136 0025 02       		.uleb128 0x2
 137 0026 01       		.byte	0x1
 138 0027 06       		.byte	0x6
 139 0028 1F020000 		.4byte	.LASF0
 140 002c 02       		.uleb128 0x2
 141 002d 01       		.byte	0x1
 142 002e 08       		.byte	0x8
 143 002f 51000000 		.4byte	.LASF1
 144 0033 02       		.uleb128 0x2
 145 0034 02       		.byte	0x2
 146 0035 05       		.byte	0x5
 147 0036 07020000 		.4byte	.LASF2
 148 003a 02       		.uleb128 0x2
 149 003b 02       		.byte	0x2
 150 003c 07       		.byte	0x7
 151 003d 27000000 		.4byte	.LASF3
 152 0041 02       		.uleb128 0x2
 153 0042 04       		.byte	0x4
 154 0043 05       		.byte	0x5
 155 0044 11020000 		.4byte	.LASF4
 156 0048 02       		.uleb128 0x2
 157 0049 04       		.byte	0x4
 158 004a 07       		.byte	0x7
 159 004b 98000000 		.4byte	.LASF5
 160 004f 02       		.uleb128 0x2
 161 0050 08       		.byte	0x8
 162 0051 05       		.byte	0x5
 163 0052 61010000 		.4byte	.LASF6
 164 0056 02       		.uleb128 0x2
 165 0057 08       		.byte	0x8
ARM GAS  C:\Users\JEPPES~1\AppData\Local\Temp\ccCawngE.s 			page 5


 166 0058 07       		.byte	0x7
 167 0059 08010000 		.4byte	.LASF7
 168 005d 03       		.uleb128 0x3
 169 005e 04       		.byte	0x4
 170 005f 05       		.byte	0x5
 171 0060 696E7400 		.ascii	"int\000"
 172 0064 02       		.uleb128 0x2
 173 0065 04       		.byte	0x4
 174 0066 07       		.byte	0x7
 175 0067 E4000000 		.4byte	.LASF8
 176 006b 04       		.uleb128 0x4
 177 006c AA000000 		.4byte	.LASF9
 178 0070 02       		.byte	0x2
 179 0071 3801     		.2byte	0x138
 180 0073 2C000000 		.4byte	0x2c
 181 0077 04       		.uleb128 0x4
 182 0078 D8000000 		.4byte	.LASF10
 183 007c 02       		.byte	0x2
 184 007d 3A01     		.2byte	0x13a
 185 007f 48000000 		.4byte	0x48
 186 0083 02       		.uleb128 0x2
 187 0084 04       		.byte	0x4
 188 0085 04       		.byte	0x4
 189 0086 45000000 		.4byte	.LASF11
 190 008a 02       		.uleb128 0x2
 191 008b 08       		.byte	0x8
 192 008c 04       		.byte	0x4
 193 008d B9000000 		.4byte	.LASF12
 194 0091 02       		.uleb128 0x2
 195 0092 01       		.byte	0x1
 196 0093 08       		.byte	0x8
 197 0094 1A020000 		.4byte	.LASF13
 198 0098 02       		.uleb128 0x2
 199 0099 04       		.byte	0x4
 200 009a 07       		.byte	0x7
 201 009b 47010000 		.4byte	.LASF14
 202 009f 05       		.uleb128 0x5
 203 00a0 0E000000 		.4byte	.LASF17
 204 00a4 08       		.byte	0x8
 205 00a5 03       		.byte	0x3
 206 00a6 1A       		.byte	0x1a
 207 00a7 C4000000 		.4byte	0xc4
 208 00ab 06       		.uleb128 0x6
 209 00ac 74010000 		.4byte	.LASF15
 210 00b0 03       		.byte	0x3
 211 00b1 1C       		.byte	0x1c
 212 00b2 5D000000 		.4byte	0x5d
 213 00b6 00       		.byte	0
 214 00b7 06       		.uleb128 0x6
 215 00b8 6F010000 		.4byte	.LASF16
 216 00bc 03       		.byte	0x3
 217 00bd 1D       		.byte	0x1d
 218 00be 5D000000 		.4byte	0x5d
 219 00c2 04       		.byte	0x4
 220 00c3 00       		.byte	0
 221 00c4 05       		.uleb128 0x5
 222 00c5 09000000 		.4byte	.LASF18
ARM GAS  C:\Users\JEPPES~1\AppData\Local\Temp\ccCawngE.s 			page 6


 223 00c9 0C       		.byte	0xc
 224 00ca 03       		.byte	0x3
 225 00cb 20       		.byte	0x20
 226 00cc E9000000 		.4byte	0xe9
 227 00d0 06       		.uleb128 0x6
 228 00d1 4B000000 		.4byte	.LASF19
 229 00d5 03       		.byte	0x3
 230 00d6 22       		.byte	0x22
 231 00d7 9F000000 		.4byte	0x9f
 232 00db 00       		.byte	0
 233 00dc 06       		.uleb128 0x6
 234 00dd 5B010000 		.4byte	.LASF20
 235 00e1 03       		.byte	0x3
 236 00e2 23       		.byte	0x23
 237 00e3 E9000000 		.4byte	0xe9
 238 00e7 08       		.byte	0x8
 239 00e8 00       		.byte	0
 240 00e9 07       		.uleb128 0x7
 241 00ea 04       		.byte	0x4
 242 00eb C4000000 		.4byte	0xc4
 243 00ef 08       		.uleb128 0x8
 244 00f0 DF000000 		.4byte	.LASF40
 245 00f4 01       		.byte	0x1
 246 00f5 1A       		.byte	0x1a
 247 00f6 5D000000 		.4byte	0x5d
 248 00fa 00000000 		.4byte	.LFB34
 249 00fe 62000000 		.4byte	.LFE34-.LFB34
 250 0102 01       		.uleb128 0x1
 251 0103 9C       		.byte	0x9c
 252 0104 D7010000 		.4byte	0x1d7
 253 0108 09       		.uleb128 0x9
 254 0109 40000000 		.4byte	.LBB2
 255 010d 16000000 		.4byte	.LBE2-.LBB2
 256 0111 5F010000 		.4byte	0x15f
 257 0115 0A       		.uleb128 0xa
 258 0116 84000000 		.4byte	.LASF41
 259 011a 01       		.byte	0x1
 260 011b 36       		.byte	0x36
 261 011c 9F000000 		.4byte	0x9f
 262 0120 02       		.uleb128 0x2
 263 0121 91       		.byte	0x91
 264 0122 70       		.sleb128 -16
 265 0123 0B       		.uleb128 0xb
 266 0124 46000000 		.4byte	.LVL10
 267 0128 2B020000 		.4byte	0x22b
 268 012c 37010000 		.4byte	0x137
 269 0130 0C       		.uleb128 0xc
 270 0131 01       		.uleb128 0x1
 271 0132 50       		.byte	0x50
 272 0133 02       		.uleb128 0x2
 273 0134 7D       		.byte	0x7d
 274 0135 00       		.sleb128 0
 275 0136 00       		.byte	0
 276 0137 0B       		.uleb128 0xb
 277 0138 52000000 		.4byte	.LVL11
 278 013c 36020000 		.4byte	0x236
 279 0140 55010000 		.4byte	0x155
ARM GAS  C:\Users\JEPPES~1\AppData\Local\Temp\ccCawngE.s 			page 7


 280 0144 0C       		.uleb128 0xc
 281 0145 01       		.uleb128 0x1
 282 0146 51       		.byte	0x51
 283 0147 04       		.uleb128 0x4
 284 0148 7D       		.byte	0x7d
 285 0149 04       		.sleb128 4
 286 014a 94       		.byte	0x94
 287 014b 01       		.byte	0x1
 288 014c 0C       		.uleb128 0xc
 289 014d 01       		.uleb128 0x1
 290 014e 50       		.byte	0x50
 291 014f 04       		.uleb128 0x4
 292 0150 7D       		.byte	0x7d
 293 0151 00       		.sleb128 0
 294 0152 94       		.byte	0x94
 295 0153 01       		.byte	0x1
 296 0154 00       		.byte	0
 297 0155 0D       		.uleb128 0xd
 298 0156 56000000 		.4byte	.LVL12
 299 015a 4C020000 		.4byte	0x24c
 300 015e 00       		.byte	0
 301 015f 0D       		.uleb128 0xd
 302 0160 0A000000 		.4byte	.LVL0
 303 0164 53020000 		.4byte	0x253
 304 0168 0D       		.uleb128 0xd
 305 0169 0E000000 		.4byte	.LVL1
 306 016d 5A020000 		.4byte	0x25a
 307 0171 0D       		.uleb128 0xd
 308 0172 12000000 		.4byte	.LVL2
 309 0176 61020000 		.4byte	0x261
 310 017a 0D       		.uleb128 0xd
 311 017b 16000000 		.4byte	.LVL3
 312 017f 68020000 		.4byte	0x268
 313 0183 0D       		.uleb128 0xd
 314 0184 20000000 		.4byte	.LVL4
 315 0188 73020000 		.4byte	0x273
 316 018c 0D       		.uleb128 0xd
 317 018d 24000000 		.4byte	.LVL5
 318 0191 68020000 		.4byte	0x268
 319 0195 0D       		.uleb128 0xd
 320 0196 2C000000 		.4byte	.LVL6
 321 019a 84020000 		.4byte	0x284
 322 019e 0D       		.uleb128 0xd
 323 019f 30000000 		.4byte	.LVL7
 324 01a3 8B020000 		.4byte	0x28b
 325 01a7 0D       		.uleb128 0xd
 326 01a8 34000000 		.4byte	.LVL8
 327 01ac 68020000 		.4byte	0x268
 328 01b0 0D       		.uleb128 0xd
 329 01b1 3C000000 		.4byte	.LVL9
 330 01b5 92020000 		.4byte	0x292
 331 01b9 0B       		.uleb128 0xb
 332 01ba 5C000000 		.4byte	.LVL13
 333 01be 73020000 		.4byte	0x273
 334 01c2 CD010000 		.4byte	0x1cd
 335 01c6 0C       		.uleb128 0xc
 336 01c7 01       		.uleb128 0x1
ARM GAS  C:\Users\JEPPES~1\AppData\Local\Temp\ccCawngE.s 			page 8


 337 01c8 50       		.byte	0x50
 338 01c9 02       		.uleb128 0x2
 339 01ca 08       		.byte	0x8
 340 01cb 32       		.byte	0x32
 341 01cc 00       		.byte	0
 342 01cd 0D       		.uleb128 0xd
 343 01ce 60000000 		.4byte	.LVL14
 344 01d2 9D020000 		.4byte	0x29d
 345 01d6 00       		.byte	0
 346 01d7 0E       		.uleb128 0xe
 347 01d8 1F010000 		.4byte	.LASF21
 348 01dc 03       		.byte	0x3
 349 01dd 26       		.byte	0x26
 350 01de E9000000 		.4byte	0xe9
 351 01e2 05       		.uleb128 0x5
 352 01e3 03       		.byte	0x3
 353 01e4 00000000 		.4byte	frontOfQueuePtr
 354 01e8 0E       		.uleb128 0xe
 355 01e9 C0000000 		.4byte	.LASF22
 356 01ed 03       		.byte	0x3
 357 01ee 27       		.byte	0x27
 358 01ef E9000000 		.4byte	0xe9
 359 01f3 05       		.uleb128 0x5
 360 01f4 03       		.byte	0x3
 361 01f5 00000000 		.4byte	backOfQueuePtr
 362 01f9 0F       		.uleb128 0xf
 363 01fa 6B000000 		.4byte	0x6b
 364 01fe 09020000 		.4byte	0x209
 365 0202 10       		.uleb128 0x10
 366 0203 98000000 		.4byte	0x98
 367 0207 03       		.byte	0x3
 368 0208 00       		.byte	0
 369 0209 0E       		.uleb128 0xe
 370 020a FC000000 		.4byte	.LASF23
 371 020e 04       		.byte	0x4
 372 020f 33       		.byte	0x33
 373 0210 F9010000 		.4byte	0x1f9
 374 0214 05       		.uleb128 0x5
 375 0215 03       		.byte	0x3
 376 0216 00000000 		.4byte	i2cTxBuffer
 377 021a 0E       		.uleb128 0xe
 378 021b 13000000 		.4byte	.LASF24
 379 021f 04       		.byte	0x4
 380 0220 34       		.byte	0x34
 381 0221 F9010000 		.4byte	0x1f9
 382 0225 05       		.uleb128 0x5
 383 0226 03       		.byte	0x3
 384 0227 00000000 		.4byte	i2cRxBuffer
 385 022b 11       		.uleb128 0x11
 386 022c 2B020000 		.4byte	.LASF29
 387 0230 03       		.byte	0x3
 388 0231 2C       		.byte	0x2c
 389 0232 9F000000 		.4byte	0x9f
 390 0236 12       		.uleb128 0x12
 391 0237 3F010000 		.4byte	.LASF31
 392 023b 07       		.byte	0x7
 393 023c 1C       		.byte	0x1c
ARM GAS  C:\Users\JEPPES~1\AppData\Local\Temp\ccCawngE.s 			page 9


 394 023d 4C020000 		.4byte	0x24c
 395 0241 13       		.uleb128 0x13
 396 0242 6B000000 		.4byte	0x6b
 397 0246 13       		.uleb128 0x13
 398 0247 6B000000 		.4byte	0x6b
 399 024b 00       		.byte	0
 400 024c 14       		.uleb128 0x14
 401 024d 2F010000 		.4byte	.LASF25
 402 0251 03       		.byte	0x3
 403 0252 2B       		.byte	0x2b
 404 0253 14       		.uleb128 0x14
 405 0254 3A000000 		.4byte	.LASF26
 406 0258 03       		.byte	0x3
 407 0259 29       		.byte	0x29
 408 025a 14       		.uleb128 0x14
 409 025b 1F000000 		.4byte	.LASF27
 410 025f 05       		.byte	0x5
 411 0260 29       		.byte	0x29
 412 0261 14       		.uleb128 0x14
 413 0262 B0000000 		.4byte	.LASF28
 414 0266 04       		.byte	0x4
 415 0267 1C       		.byte	0x1c
 416 0268 11       		.uleb128 0x11
 417 0269 00000000 		.4byte	.LASF30
 418 026d 06       		.byte	0x6
 419 026e 32       		.byte	0x32
 420 026f 6B000000 		.4byte	0x6b
 421 0273 12       		.uleb128 0x12
 422 0274 36020000 		.4byte	.LASF32
 423 0278 08       		.byte	0x8
 424 0279 5A       		.byte	0x5a
 425 027a 84020000 		.4byte	0x284
 426 027e 13       		.uleb128 0x13
 427 027f 77000000 		.4byte	0x77
 428 0283 00       		.byte	0
 429 0284 14       		.uleb128 0x14
 430 0285 50010000 		.4byte	.LASF33
 431 0289 05       		.byte	0x5
 432 028a 2C       		.byte	0x2c
 433 028b 14       		.uleb128 0x14
 434 028c F1000000 		.4byte	.LASF34
 435 0290 05       		.byte	0x5
 436 0291 2D       		.byte	0x2d
 437 0292 11       		.uleb128 0x11
 438 0293 8B000000 		.4byte	.LASF35
 439 0297 03       		.byte	0x3
 440 0298 2D       		.byte	0x2d
 441 0299 5D000000 		.4byte	0x5d
 442 029d 14       		.uleb128 0x14
 443 029e 38010000 		.4byte	.LASF36
 444 02a2 04       		.byte	0x4
 445 02a3 1F       		.byte	0x1f
 446 02a4 00       		.byte	0
 447              		.section	.debug_abbrev,"",%progbits
 448              	.Ldebug_abbrev0:
 449 0000 01       		.uleb128 0x1
 450 0001 11       		.uleb128 0x11
ARM GAS  C:\Users\JEPPES~1\AppData\Local\Temp\ccCawngE.s 			page 10


 451 0002 01       		.byte	0x1
 452 0003 25       		.uleb128 0x25
 453 0004 0E       		.uleb128 0xe
 454 0005 13       		.uleb128 0x13
 455 0006 0B       		.uleb128 0xb
 456 0007 03       		.uleb128 0x3
 457 0008 0E       		.uleb128 0xe
 458 0009 1B       		.uleb128 0x1b
 459 000a 0E       		.uleb128 0xe
 460 000b 55       		.uleb128 0x55
 461 000c 17       		.uleb128 0x17
 462 000d 11       		.uleb128 0x11
 463 000e 01       		.uleb128 0x1
 464 000f 10       		.uleb128 0x10
 465 0010 17       		.uleb128 0x17
 466 0011 00       		.byte	0
 467 0012 00       		.byte	0
 468 0013 02       		.uleb128 0x2
 469 0014 24       		.uleb128 0x24
 470 0015 00       		.byte	0
 471 0016 0B       		.uleb128 0xb
 472 0017 0B       		.uleb128 0xb
 473 0018 3E       		.uleb128 0x3e
 474 0019 0B       		.uleb128 0xb
 475 001a 03       		.uleb128 0x3
 476 001b 0E       		.uleb128 0xe
 477 001c 00       		.byte	0
 478 001d 00       		.byte	0
 479 001e 03       		.uleb128 0x3
 480 001f 24       		.uleb128 0x24
 481 0020 00       		.byte	0
 482 0021 0B       		.uleb128 0xb
 483 0022 0B       		.uleb128 0xb
 484 0023 3E       		.uleb128 0x3e
 485 0024 0B       		.uleb128 0xb
 486 0025 03       		.uleb128 0x3
 487 0026 08       		.uleb128 0x8
 488 0027 00       		.byte	0
 489 0028 00       		.byte	0
 490 0029 04       		.uleb128 0x4
 491 002a 16       		.uleb128 0x16
 492 002b 00       		.byte	0
 493 002c 03       		.uleb128 0x3
 494 002d 0E       		.uleb128 0xe
 495 002e 3A       		.uleb128 0x3a
 496 002f 0B       		.uleb128 0xb
 497 0030 3B       		.uleb128 0x3b
 498 0031 05       		.uleb128 0x5
 499 0032 49       		.uleb128 0x49
 500 0033 13       		.uleb128 0x13
 501 0034 00       		.byte	0
 502 0035 00       		.byte	0
 503 0036 05       		.uleb128 0x5
 504 0037 13       		.uleb128 0x13
 505 0038 01       		.byte	0x1
 506 0039 03       		.uleb128 0x3
 507 003a 0E       		.uleb128 0xe
ARM GAS  C:\Users\JEPPES~1\AppData\Local\Temp\ccCawngE.s 			page 11


 508 003b 0B       		.uleb128 0xb
 509 003c 0B       		.uleb128 0xb
 510 003d 3A       		.uleb128 0x3a
 511 003e 0B       		.uleb128 0xb
 512 003f 3B       		.uleb128 0x3b
 513 0040 0B       		.uleb128 0xb
 514 0041 01       		.uleb128 0x1
 515 0042 13       		.uleb128 0x13
 516 0043 00       		.byte	0
 517 0044 00       		.byte	0
 518 0045 06       		.uleb128 0x6
 519 0046 0D       		.uleb128 0xd
 520 0047 00       		.byte	0
 521 0048 03       		.uleb128 0x3
 522 0049 0E       		.uleb128 0xe
 523 004a 3A       		.uleb128 0x3a
 524 004b 0B       		.uleb128 0xb
 525 004c 3B       		.uleb128 0x3b
 526 004d 0B       		.uleb128 0xb
 527 004e 49       		.uleb128 0x49
 528 004f 13       		.uleb128 0x13
 529 0050 38       		.uleb128 0x38
 530 0051 0B       		.uleb128 0xb
 531 0052 00       		.byte	0
 532 0053 00       		.byte	0
 533 0054 07       		.uleb128 0x7
 534 0055 0F       		.uleb128 0xf
 535 0056 00       		.byte	0
 536 0057 0B       		.uleb128 0xb
 537 0058 0B       		.uleb128 0xb
 538 0059 49       		.uleb128 0x49
 539 005a 13       		.uleb128 0x13
 540 005b 00       		.byte	0
 541 005c 00       		.byte	0
 542 005d 08       		.uleb128 0x8
 543 005e 2E       		.uleb128 0x2e
 544 005f 01       		.byte	0x1
 545 0060 3F       		.uleb128 0x3f
 546 0061 19       		.uleb128 0x19
 547 0062 03       		.uleb128 0x3
 548 0063 0E       		.uleb128 0xe
 549 0064 3A       		.uleb128 0x3a
 550 0065 0B       		.uleb128 0xb
 551 0066 3B       		.uleb128 0x3b
 552 0067 0B       		.uleb128 0xb
 553 0068 49       		.uleb128 0x49
 554 0069 13       		.uleb128 0x13
 555 006a 11       		.uleb128 0x11
 556 006b 01       		.uleb128 0x1
 557 006c 12       		.uleb128 0x12
 558 006d 06       		.uleb128 0x6
 559 006e 40       		.uleb128 0x40
 560 006f 18       		.uleb128 0x18
 561 0070 9742     		.uleb128 0x2117
 562 0072 19       		.uleb128 0x19
 563 0073 01       		.uleb128 0x1
 564 0074 13       		.uleb128 0x13
ARM GAS  C:\Users\JEPPES~1\AppData\Local\Temp\ccCawngE.s 			page 12


 565 0075 00       		.byte	0
 566 0076 00       		.byte	0
 567 0077 09       		.uleb128 0x9
 568 0078 0B       		.uleb128 0xb
 569 0079 01       		.byte	0x1
 570 007a 11       		.uleb128 0x11
 571 007b 01       		.uleb128 0x1
 572 007c 12       		.uleb128 0x12
 573 007d 06       		.uleb128 0x6
 574 007e 01       		.uleb128 0x1
 575 007f 13       		.uleb128 0x13
 576 0080 00       		.byte	0
 577 0081 00       		.byte	0
 578 0082 0A       		.uleb128 0xa
 579 0083 34       		.uleb128 0x34
 580 0084 00       		.byte	0
 581 0085 03       		.uleb128 0x3
 582 0086 0E       		.uleb128 0xe
 583 0087 3A       		.uleb128 0x3a
 584 0088 0B       		.uleb128 0xb
 585 0089 3B       		.uleb128 0x3b
 586 008a 0B       		.uleb128 0xb
 587 008b 49       		.uleb128 0x49
 588 008c 13       		.uleb128 0x13
 589 008d 02       		.uleb128 0x2
 590 008e 18       		.uleb128 0x18
 591 008f 00       		.byte	0
 592 0090 00       		.byte	0
 593 0091 0B       		.uleb128 0xb
 594 0092 898201   		.uleb128 0x4109
 595 0095 01       		.byte	0x1
 596 0096 11       		.uleb128 0x11
 597 0097 01       		.uleb128 0x1
 598 0098 31       		.uleb128 0x31
 599 0099 13       		.uleb128 0x13
 600 009a 01       		.uleb128 0x1
 601 009b 13       		.uleb128 0x13
 602 009c 00       		.byte	0
 603 009d 00       		.byte	0
 604 009e 0C       		.uleb128 0xc
 605 009f 8A8201   		.uleb128 0x410a
 606 00a2 00       		.byte	0
 607 00a3 02       		.uleb128 0x2
 608 00a4 18       		.uleb128 0x18
 609 00a5 9142     		.uleb128 0x2111
 610 00a7 18       		.uleb128 0x18
 611 00a8 00       		.byte	0
 612 00a9 00       		.byte	0
 613 00aa 0D       		.uleb128 0xd
 614 00ab 898201   		.uleb128 0x4109
 615 00ae 00       		.byte	0
 616 00af 11       		.uleb128 0x11
 617 00b0 01       		.uleb128 0x1
 618 00b1 31       		.uleb128 0x31
 619 00b2 13       		.uleb128 0x13
 620 00b3 00       		.byte	0
 621 00b4 00       		.byte	0
ARM GAS  C:\Users\JEPPES~1\AppData\Local\Temp\ccCawngE.s 			page 13


 622 00b5 0E       		.uleb128 0xe
 623 00b6 34       		.uleb128 0x34
 624 00b7 00       		.byte	0
 625 00b8 03       		.uleb128 0x3
 626 00b9 0E       		.uleb128 0xe
 627 00ba 3A       		.uleb128 0x3a
 628 00bb 0B       		.uleb128 0xb
 629 00bc 3B       		.uleb128 0x3b
 630 00bd 0B       		.uleb128 0xb
 631 00be 49       		.uleb128 0x49
 632 00bf 13       		.uleb128 0x13
 633 00c0 3F       		.uleb128 0x3f
 634 00c1 19       		.uleb128 0x19
 635 00c2 02       		.uleb128 0x2
 636 00c3 18       		.uleb128 0x18
 637 00c4 00       		.byte	0
 638 00c5 00       		.byte	0
 639 00c6 0F       		.uleb128 0xf
 640 00c7 01       		.uleb128 0x1
 641 00c8 01       		.byte	0x1
 642 00c9 49       		.uleb128 0x49
 643 00ca 13       		.uleb128 0x13
 644 00cb 01       		.uleb128 0x1
 645 00cc 13       		.uleb128 0x13
 646 00cd 00       		.byte	0
 647 00ce 00       		.byte	0
 648 00cf 10       		.uleb128 0x10
 649 00d0 21       		.uleb128 0x21
 650 00d1 00       		.byte	0
 651 00d2 49       		.uleb128 0x49
 652 00d3 13       		.uleb128 0x13
 653 00d4 2F       		.uleb128 0x2f
 654 00d5 0B       		.uleb128 0xb
 655 00d6 00       		.byte	0
 656 00d7 00       		.byte	0
 657 00d8 11       		.uleb128 0x11
 658 00d9 2E       		.uleb128 0x2e
 659 00da 00       		.byte	0
 660 00db 3F       		.uleb128 0x3f
 661 00dc 19       		.uleb128 0x19
 662 00dd 03       		.uleb128 0x3
 663 00de 0E       		.uleb128 0xe
 664 00df 3A       		.uleb128 0x3a
 665 00e0 0B       		.uleb128 0xb
 666 00e1 3B       		.uleb128 0x3b
 667 00e2 0B       		.uleb128 0xb
 668 00e3 27       		.uleb128 0x27
 669 00e4 19       		.uleb128 0x19
 670 00e5 49       		.uleb128 0x49
 671 00e6 13       		.uleb128 0x13
 672 00e7 3C       		.uleb128 0x3c
 673 00e8 19       		.uleb128 0x19
 674 00e9 00       		.byte	0
 675 00ea 00       		.byte	0
 676 00eb 12       		.uleb128 0x12
 677 00ec 2E       		.uleb128 0x2e
 678 00ed 01       		.byte	0x1
ARM GAS  C:\Users\JEPPES~1\AppData\Local\Temp\ccCawngE.s 			page 14


 679 00ee 3F       		.uleb128 0x3f
 680 00ef 19       		.uleb128 0x19
 681 00f0 03       		.uleb128 0x3
 682 00f1 0E       		.uleb128 0xe
 683 00f2 3A       		.uleb128 0x3a
 684 00f3 0B       		.uleb128 0xb
 685 00f4 3B       		.uleb128 0x3b
 686 00f5 0B       		.uleb128 0xb
 687 00f6 27       		.uleb128 0x27
 688 00f7 19       		.uleb128 0x19
 689 00f8 3C       		.uleb128 0x3c
 690 00f9 19       		.uleb128 0x19
 691 00fa 01       		.uleb128 0x1
 692 00fb 13       		.uleb128 0x13
 693 00fc 00       		.byte	0
 694 00fd 00       		.byte	0
 695 00fe 13       		.uleb128 0x13
 696 00ff 05       		.uleb128 0x5
 697 0100 00       		.byte	0
 698 0101 49       		.uleb128 0x49
 699 0102 13       		.uleb128 0x13
 700 0103 00       		.byte	0
 701 0104 00       		.byte	0
 702 0105 14       		.uleb128 0x14
 703 0106 2E       		.uleb128 0x2e
 704 0107 00       		.byte	0
 705 0108 3F       		.uleb128 0x3f
 706 0109 19       		.uleb128 0x19
 707 010a 03       		.uleb128 0x3
 708 010b 0E       		.uleb128 0xe
 709 010c 3A       		.uleb128 0x3a
 710 010d 0B       		.uleb128 0xb
 711 010e 3B       		.uleb128 0x3b
 712 010f 0B       		.uleb128 0xb
 713 0110 27       		.uleb128 0x27
 714 0111 19       		.uleb128 0x19
 715 0112 3C       		.uleb128 0x3c
 716 0113 19       		.uleb128 0x19
 717 0114 00       		.byte	0
 718 0115 00       		.byte	0
 719 0116 00       		.byte	0
 720              		.section	.debug_aranges,"",%progbits
 721 0000 1C000000 		.4byte	0x1c
 722 0004 0200     		.2byte	0x2
 723 0006 00000000 		.4byte	.Ldebug_info0
 724 000a 04       		.byte	0x4
 725 000b 00       		.byte	0
 726 000c 0000     		.2byte	0
 727 000e 0000     		.2byte	0
 728 0010 00000000 		.4byte	.LFB34
 729 0014 62000000 		.4byte	.LFE34-.LFB34
 730 0018 00000000 		.4byte	0
 731 001c 00000000 		.4byte	0
 732              		.section	.debug_ranges,"",%progbits
 733              	.Ldebug_ranges0:
 734 0000 00000000 		.4byte	.LFB34
 735 0004 62000000 		.4byte	.LFE34
ARM GAS  C:\Users\JEPPES~1\AppData\Local\Temp\ccCawngE.s 			page 15


 736 0008 00000000 		.4byte	0
 737 000c 00000000 		.4byte	0
 738              		.section	.debug_line,"",%progbits
 739              	.Ldebug_line0:
 740 0000 B2000000 		.section	.debug_str,"MS",%progbits,1
 740      02008800 
 740      00000201 
 740      FB0E0D00 
 740      01010101 
 741              	.LASF30:
 742 0000 5357325F 		.ascii	"SW2_Read\000"
 742      52656164 
 742      00
 743              	.LASF18:
 744 0009 4E6F6465 		.ascii	"Node\000"
 744      00
 745              	.LASF17:
 746 000e 44617461 		.ascii	"Data\000"
 746      00
 747              	.LASF24:
 748 0013 69326352 		.ascii	"i2cRxBuffer\000"
 748      78427566 
 748      66657200 
 749              	.LASF27:
 750 001f 78795F69 		.ascii	"xy_init\000"
 750      6E697400 
 751              	.LASF3:
 752 0027 73686F72 		.ascii	"short unsigned int\000"
 752      7420756E 
 752      7369676E 
 752      65642069 
 752      6E7400
 753              	.LASF26:
 754 003a 71756575 		.ascii	"queue_init\000"
 754      655F696E 
 754      697400
 755              	.LASF11:
 756 0045 666C6F61 		.ascii	"float\000"
 756      7400
 757              	.LASF19:
 758 004b 64617461 		.ascii	"data_\000"
 758      5F00
 759              	.LASF1:
 760 0051 756E7369 		.ascii	"unsigned char\000"
 760      676E6564 
 760      20636861 
 760      7200
 761              	.LASF39:
 762 005f 433A5C45 		.ascii	"C:\\E3PRJ3-Gruppe1\\PSoC\\PSoC4XY.cydsn\000"
 762      3350524A 
 762      332D4772 
 762      75707065 
 762      315C5053 
 763              	.LASF41:
 764 0084 61637469 		.ascii	"action\000"
 764      6F6E00
 765              	.LASF35:
ARM GAS  C:\Users\JEPPES~1\AppData\Local\Temp\ccCawngE.s 			page 16


 766 008b 6973456D 		.ascii	"isEmptyQueue\000"
 766      70747951 
 766      75657565 
 766      00
 767              	.LASF5:
 768 0098 6C6F6E67 		.ascii	"long unsigned int\000"
 768      20756E73 
 768      69676E65 
 768      6420696E 
 768      7400
 769              	.LASF9:
 770 00aa 75696E74 		.ascii	"uint8\000"
 770      3800
 771              	.LASF28:
 772 00b0 6932635F 		.ascii	"i2c_init\000"
 772      696E6974 
 772      00
 773              	.LASF12:
 774 00b9 646F7562 		.ascii	"double\000"
 774      6C6500
 775              	.LASF22:
 776 00c0 6261636B 		.ascii	"backOfQueuePtr\000"
 776      4F665175 
 776      65756550 
 776      747200
 777              	.LASF38:
 778 00cf 2E5C6D61 		.ascii	".\\main.c\000"
 778      696E2E63 
 778      00
 779              	.LASF10:
 780 00d8 75696E74 		.ascii	"uint32\000"
 780      333200
 781              	.LASF40:
 782 00df 6D61696E 		.ascii	"main\000"
 782      00
 783              	.LASF8:
 784 00e4 756E7369 		.ascii	"unsigned int\000"
 784      676E6564 
 784      20696E74 
 784      00
 785              	.LASF34:
 786 00f1 63616C69 		.ascii	"calibrateY\000"
 786      62726174 
 786      655900
 787              	.LASF23:
 788 00fc 69326354 		.ascii	"i2cTxBuffer\000"
 788      78427566 
 788      66657200 
 789              	.LASF7:
 790 0108 6C6F6E67 		.ascii	"long long unsigned int\000"
 790      206C6F6E 
 790      6720756E 
 790      7369676E 
 790      65642069 
 791              	.LASF21:
 792 011f 66726F6E 		.ascii	"frontOfQueuePtr\000"
 792      744F6651 
ARM GAS  C:\Users\JEPPES~1\AppData\Local\Temp\ccCawngE.s 			page 17


 792      75657565 
 792      50747200 
 793              	.LASF25:
 794 012f 706F7051 		.ascii	"popQueue\000"
 794      75657565 
 794      00
 795              	.LASF36:
 796 0138 6932635F 		.ascii	"i2c_tx\000"
 796      747800
 797              	.LASF31:
 798 013f 68616E64 		.ascii	"handler\000"
 798      6C657200 
 799              	.LASF14:
 800 0147 73697A65 		.ascii	"sizetype\000"
 800      74797065 
 800      00
 801              	.LASF33:
 802 0150 63616C69 		.ascii	"calibrateX\000"
 802      62726174 
 802      655800
 803              	.LASF20:
 804 015b 6E657874 		.ascii	"next_\000"
 804      5F00
 805              	.LASF6:
 806 0161 6C6F6E67 		.ascii	"long long int\000"
 806      206C6F6E 
 806      6720696E 
 806      7400
 807              	.LASF16:
 808 016f 76616C5F 		.ascii	"val_\000"
 808      00
 809              	.LASF15:
 810 0174 636D645F 		.ascii	"cmd_\000"
 810      00
 811              	.LASF37:
 812 0179 474E5520 		.ascii	"GNU C 4.9.3 20150303 (release) [ARM/embedded-4_9-br"
 812      4320342E 
 812      392E3320 
 812      32303135 
 812      30333033 
 813 01ac 616E6368 		.ascii	"anch revision 221220] -mcpu=cortex-m0 -mthumb -g -O"
 813      20726576 
 813      6973696F 
 813      6E203232 
 813      31323230 
 814 01df 67202D66 		.ascii	"g -ffunction-sections -ffat-lto-objects\000"
 814      66756E63 
 814      74696F6E 
 814      2D736563 
 814      74696F6E 
 815              	.LASF2:
 816 0207 73686F72 		.ascii	"short int\000"
 816      7420696E 
 816      7400
 817              	.LASF4:
 818 0211 6C6F6E67 		.ascii	"long int\000"
 818      20696E74 
ARM GAS  C:\Users\JEPPES~1\AppData\Local\Temp\ccCawngE.s 			page 18


 818      00
 819              	.LASF13:
 820 021a 63686172 		.ascii	"char\000"
 820      00
 821              	.LASF0:
 822 021f 7369676E 		.ascii	"signed char\000"
 822      65642063 
 822      68617200 
 823              	.LASF29:
 824 022b 66726F6E 		.ascii	"frontQueue\000"
 824      74517565 
 824      756500
 825              	.LASF32:
 826 0236 43794465 		.ascii	"CyDelay\000"
 826      6C617900 
 827              		.ident	"GCC: (GNU Tools for ARM Embedded Processors) 4.9.3 20150303 (release) [ARM/embedded-4_9-br
