ARM GAS  C:\Users\JEPPES~1\AppData\Local\Temp\cczNrpoi.s 			page 1


   1              		.cpu cortex-m0
   2              		.fpu softvfp
   3              		.eabi_attribute 20, 1
   4              		.eabi_attribute 21, 1
   5              		.eabi_attribute 23, 3
   6              		.eabi_attribute 24, 1
   7              		.eabi_attribute 25, 1
   8              		.eabi_attribute 26, 1
   9              		.eabi_attribute 30, 1
  10              		.eabi_attribute 34, 0
  11              		.eabi_attribute 18, 4
  12              		.code	16
  13              		.file	"CircularMean.c"
  14              		.text
  15              	.Ltext0:
  16              		.cfi_sections	.debug_frame
  17              		.section	.text.initCircularMean,"ax",%progbits
  18              		.align	2
  19              		.global	initCircularMean
  20              		.code	16
  21              		.thumb_func
  22              		.type	initCircularMean, %function
  23              	initCircularMean:
  24              	.LFB0:
  25              		.file 1 ".\\CircularMean.c"
   1:.\CircularMean.c **** /*
   2:.\CircularMean.c ****  * CircularMean.c
   3:.\CircularMean.c ****  *
   4:.\CircularMean.c ****  *  Author: Simon
   5:.\CircularMean.c ****  */
   6:.\CircularMean.c **** 
   7:.\CircularMean.c **** #include "CircularMean.h"
   8:.\CircularMean.c **** 
   9:.\CircularMean.c **** /*
  10:.\CircularMean.c ****     Queue is circular and can contain BUF_SIZE elements
  11:.\CircularMean.c ****         start points to the next element to overwrite
  12:.\CircularMean.c ****         num is the number of items inserted - it grows to BUF_SIZE and then stays there
  13:.\CircularMean.c **** */
  14:.\CircularMean.c **** 
  15:.\CircularMean.c **** // Initialize a CircularMean struct
  16:.\CircularMean.c **** void initCircularMean(struct CircularMean *buf)
  17:.\CircularMean.c **** {
  26              		.loc 1 17 0
  27              		.cfi_startproc
  28              	.LVL0:
  18:.\CircularMean.c ****     int i;
  19:.\CircularMean.c **** 	for (i = 0; i < BUF_SIZE; ++i) {
  29              		.loc 1 19 0
  30 0000 0023     		mov	r3, #0
  31 0002 04E0     		b	.L2
  32              	.LVL1:
  33              	.L3:
  20:.\CircularMean.c **** 		buf->queue[i] = -1;
  34              		.loc 1 20 0 discriminator 3
  35 0004 9A00     		lsl	r2, r3, #2
  36 0006 0121     		mov	r1, #1
  37 0008 4942     		neg	r1, r1
ARM GAS  C:\Users\JEPPES~1\AppData\Local\Temp\cczNrpoi.s 			page 2


  38 000a 1150     		str	r1, [r2, r0]
  19:.\CircularMean.c **** 		buf->queue[i] = -1;
  39              		.loc 1 19 0 discriminator 3
  40 000c 0133     		add	r3, r3, #1
  41              	.LVL2:
  42              	.L2:
  19:.\CircularMean.c **** 		buf->queue[i] = -1;
  43              		.loc 1 19 0 is_stmt 0 discriminator 1
  44 000e 1D2B     		cmp	r3, #29
  45 0010 F8DD     		ble	.L3
  21:.\CircularMean.c **** 	}
  22:.\CircularMean.c **** 	buf->start = 0;
  46              		.loc 1 22 0 is_stmt 1
  47 0012 0023     		mov	r3, #0
  48              	.LVL3:
  49 0014 7822     		mov	r2, #120
  50 0016 8354     		strb	r3, [r0, r2]
  23:.\CircularMean.c **** 	buf->num = 0;
  51              		.loc 1 23 0
  52 0018 0132     		add	r2, r2, #1
  53 001a 8354     		strb	r3, [r0, r2]
  24:.\CircularMean.c **** }
  54              		.loc 1 24 0
  55              		@ sp needed
  56 001c 7047     		bx	lr
  57              		.cfi_endproc
  58              	.LFE0:
  59              		.size	initCircularMean, .-initCircularMean
  60              		.global	__aeabi_idivmod
  61 001e C046     		.section	.text.insertValue,"ax",%progbits
  62              		.align	2
  63              		.global	insertValue
  64              		.code	16
  65              		.thumb_func
  66              		.type	insertValue, %function
  67              	insertValue:
  68              	.LFB1:
  25:.\CircularMean.c **** 
  26:.\CircularMean.c **** // Insert char in the end of the queue
  27:.\CircularMean.c **** void insertValue(struct CircularMean *buf, int val)
  28:.\CircularMean.c **** {
  69              		.loc 1 28 0
  70              		.cfi_startproc
  71              	.LVL4:
  72 0000 38B5     		push	{r3, r4, r5, lr}
  73              		.cfi_def_cfa_offset 16
  74              		.cfi_offset 3, -16
  75              		.cfi_offset 4, -12
  76              		.cfi_offset 5, -8
  77              		.cfi_offset 14, -4
  78 0002 041C     		mov	r4, r0
  29:.\CircularMean.c ****     buf->queue[buf->start] = val;
  79              		.loc 1 29 0
  80 0004 7825     		mov	r5, #120
  81 0006 405D     		ldrb	r0, [r0, r5]
  82              	.LVL5:
  83 0008 8300     		lsl	r3, r0, #2
ARM GAS  C:\Users\JEPPES~1\AppData\Local\Temp\cczNrpoi.s 			page 3


  84 000a 1951     		str	r1, [r3, r4]
  30:.\CircularMean.c ****     buf->start = (buf->start +1) % BUF_SIZE;
  85              		.loc 1 30 0
  86 000c 0130     		add	r0, r0, #1
  87 000e 1E21     		mov	r1, #30
  88              	.LVL6:
  89 0010 FFF7FEFF 		bl	__aeabi_idivmod
  90              	.LVL7:
  91 0014 6155     		strb	r1, [r4, r5]
  31:.\CircularMean.c ****     ++(buf->num);
  92              		.loc 1 31 0
  93 0016 7922     		mov	r2, #121
  94 0018 A35C     		ldrb	r3, [r4, r2]
  95 001a 0133     		add	r3, r3, #1
  96 001c DBB2     		uxtb	r3, r3
  97 001e A354     		strb	r3, [r4, r2]
  32:.\CircularMean.c ****     if (buf->num > BUF_SIZE) {
  98              		.loc 1 32 0
  99 0020 1E2B     		cmp	r3, #30
 100 0022 02D9     		bls	.L4
  33:.\CircularMean.c ****         buf->num = BUF_SIZE;
 101              		.loc 1 33 0
 102 0024 5B3A     		sub	r2, r2, #91
 103 0026 7923     		mov	r3, #121
 104 0028 E254     		strb	r2, [r4, r3]
 105              	.L4:
  34:.\CircularMean.c ****     }
  35:.\CircularMean.c **** }
 106              		.loc 1 35 0
 107              		@ sp needed
 108              	.LVL8:
 109 002a 38BD     		pop	{r3, r4, r5, pc}
 110              		.cfi_endproc
 111              	.LFE1:
 112              		.size	insertValue, .-insertValue
 113              		.global	__aeabi_idiv
 114              		.section	.text.getMeanValue,"ax",%progbits
 115              		.align	2
 116              		.global	getMeanValue
 117              		.code	16
 118              		.thumb_func
 119              		.type	getMeanValue, %function
 120              	getMeanValue:
 121              	.LFB2:
  36:.\CircularMean.c **** 
  37:.\CircularMean.c **** // Get the mean value of all the ints in the queue
  38:.\CircularMean.c **** int getMeanValue(struct CircularMean *buf)
  39:.\CircularMean.c **** {
 122              		.loc 1 39 0
 123              		.cfi_startproc
 124              	.LVL9:
 125 0000 10B5     		push	{r4, lr}
 126              		.cfi_def_cfa_offset 8
 127              		.cfi_offset 4, -8
 128              		.cfi_offset 14, -4
  40:.\CircularMean.c ****     if (buf->num == 0)
 129              		.loc 1 40 0
ARM GAS  C:\Users\JEPPES~1\AppData\Local\Temp\cczNrpoi.s 			page 4


 130 0002 7923     		mov	r3, #121
 131 0004 C25C     		ldrb	r2, [r0, r3]
 132 0006 002A     		cmp	r2, #0
 133 0008 0DD0     		beq	.L10
 134 000a 0024     		mov	r4, #0
 135 000c 0023     		mov	r3, #0
 136 000e 03E0     		b	.L8
 137              	.LVL10:
 138              	.L9:
  41:.\CircularMean.c ****         return 0;
  42:.\CircularMean.c **** 
  43:.\CircularMean.c ****     int i, temp = 0;
  44:.\CircularMean.c ****     for (i = 0; i < buf->num; ++i) {
  45:.\CircularMean.c ****         temp += buf->queue[i];
 139              		.loc 1 45 0 discriminator 3
 140 0010 9900     		lsl	r1, r3, #2
 141 0012 0958     		ldr	r1, [r1, r0]
 142 0014 6418     		add	r4, r4, r1
 143              	.LVL11:
  44:.\CircularMean.c ****         temp += buf->queue[i];
 144              		.loc 1 44 0 discriminator 3
 145 0016 0133     		add	r3, r3, #1
 146              	.LVL12:
 147              	.L8:
  44:.\CircularMean.c ****         temp += buf->queue[i];
 148              		.loc 1 44 0 is_stmt 0 discriminator 1
 149 0018 111E     		sub	r1, r2, #0
 150 001a 9942     		cmp	r1, r3
 151 001c F8DC     		bgt	.L9
  46:.\CircularMean.c ****     }
  47:.\CircularMean.c **** 
  48:.\CircularMean.c ****     return temp / buf->num;
 152              		.loc 1 48 0 is_stmt 1
 153 001e 201C     		mov	r0, r4
 154              	.LVL13:
 155 0020 FFF7FEFF 		bl	__aeabi_idiv
 156              	.LVL14:
 157 0024 00E0     		b	.L7
 158              	.LVL15:
 159              	.L10:
  41:.\CircularMean.c **** 
 160              		.loc 1 41 0
 161 0026 0020     		mov	r0, #0
 162              	.LVL16:
 163              	.L7:
  49:.\CircularMean.c **** }
 164              		.loc 1 49 0
 165              		@ sp needed
 166 0028 10BD     		pop	{r4, pc}
 167              		.cfi_endproc
 168              	.LFE2:
 169              		.size	getMeanValue, .-getMeanValue
 170 002a C046     		.text
 171              	.Letext0:
 172              		.file 2 ".\\CircularMean.h"
 173              		.section	.debug_info,"",%progbits
 174              	.Ldebug_info0:
ARM GAS  C:\Users\JEPPES~1\AppData\Local\Temp\cczNrpoi.s 			page 5


 175 0000 23010000 		.4byte	0x123
 176 0004 0400     		.2byte	0x4
 177 0006 00000000 		.4byte	.Ldebug_abbrev0
 178 000a 04       		.byte	0x4
 179 000b 01       		.uleb128 0x1
 180 000c 69000000 		.4byte	.LASF8
 181 0010 01       		.byte	0x1
 182 0011 FD000000 		.4byte	.LASF9
 183 0015 2C000000 		.4byte	.LASF10
 184 0019 00000000 		.4byte	.Ldebug_ranges0+0
 185 001d 00000000 		.4byte	0
 186 0021 00000000 		.4byte	.Ldebug_line0
 187 0025 02       		.uleb128 0x2
 188 0026 4D000000 		.4byte	.LASF11
 189 002a 7C       		.byte	0x7c
 190 002b 02       		.byte	0x2
 191 002c 0E       		.byte	0xe
 192 002d 56000000 		.4byte	0x56
 193 0031 03       		.uleb128 0x3
 194 0032 63000000 		.4byte	.LASF0
 195 0036 02       		.byte	0x2
 196 0037 0F       		.byte	0xf
 197 0038 56000000 		.4byte	0x56
 198 003c 00       		.byte	0
 199 003d 03       		.uleb128 0x3
 200 003e F7000000 		.4byte	.LASF1
 201 0042 02       		.byte	0x2
 202 0043 10       		.byte	0x10
 203 0044 74000000 		.4byte	0x74
 204 0048 78       		.byte	0x78
 205 0049 04       		.uleb128 0x4
 206 004a 6E756D00 		.ascii	"num\000"
 207 004e 02       		.byte	0x2
 208 004f 11       		.byte	0x11
 209 0050 74000000 		.4byte	0x74
 210 0054 79       		.byte	0x79
 211 0055 00       		.byte	0
 212 0056 05       		.uleb128 0x5
 213 0057 6D000000 		.4byte	0x6d
 214 005b 66000000 		.4byte	0x66
 215 005f 06       		.uleb128 0x6
 216 0060 66000000 		.4byte	0x66
 217 0064 1D       		.byte	0x1d
 218 0065 00       		.byte	0
 219 0066 07       		.uleb128 0x7
 220 0067 04       		.byte	0x4
 221 0068 07       		.byte	0x7
 222 0069 5A000000 		.4byte	.LASF2
 223 006d 08       		.uleb128 0x8
 224 006e 04       		.byte	0x4
 225 006f 05       		.byte	0x5
 226 0070 696E7400 		.ascii	"int\000"
 227 0074 07       		.uleb128 0x7
 228 0075 01       		.byte	0x1
 229 0076 08       		.byte	0x8
 230 0077 1E000000 		.4byte	.LASF3
 231 007b 09       		.uleb128 0x9
ARM GAS  C:\Users\JEPPES~1\AppData\Local\Temp\cczNrpoi.s 			page 6


 232 007c 0D000000 		.4byte	.LASF4
 233 0080 01       		.byte	0x1
 234 0081 10       		.byte	0x10
 235 0082 00000000 		.4byte	.LFB0
 236 0086 1E000000 		.4byte	.LFE0-.LFB0
 237 008a 01       		.uleb128 0x1
 238 008b 9C       		.byte	0x9c
 239 008c AB000000 		.4byte	0xab
 240 0090 0A       		.uleb128 0xa
 241 0091 62756600 		.ascii	"buf\000"
 242 0095 01       		.byte	0x1
 243 0096 10       		.byte	0x10
 244 0097 AB000000 		.4byte	0xab
 245 009b 01       		.uleb128 0x1
 246 009c 50       		.byte	0x50
 247 009d 0B       		.uleb128 0xb
 248 009e 6900     		.ascii	"i\000"
 249 00a0 01       		.byte	0x1
 250 00a1 12       		.byte	0x12
 251 00a2 6D000000 		.4byte	0x6d
 252 00a6 00000000 		.4byte	.LLST0
 253 00aa 00       		.byte	0
 254 00ab 0C       		.uleb128 0xc
 255 00ac 04       		.byte	0x4
 256 00ad 25000000 		.4byte	0x25
 257 00b1 0D       		.uleb128 0xd
 258 00b2 0E010000 		.4byte	.LASF5
 259 00b6 01       		.byte	0x1
 260 00b7 1B       		.byte	0x1b
 261 00b8 00000000 		.4byte	.LFB1
 262 00bc 2C000000 		.4byte	.LFE1-.LFB1
 263 00c0 01       		.uleb128 0x1
 264 00c1 9C       		.byte	0x9c
 265 00c2 E5000000 		.4byte	0xe5
 266 00c6 0E       		.uleb128 0xe
 267 00c7 62756600 		.ascii	"buf\000"
 268 00cb 01       		.byte	0x1
 269 00cc 1B       		.byte	0x1b
 270 00cd AB000000 		.4byte	0xab
 271 00d1 1F000000 		.4byte	.LLST1
 272 00d5 0E       		.uleb128 0xe
 273 00d6 76616C00 		.ascii	"val\000"
 274 00da 01       		.byte	0x1
 275 00db 1B       		.byte	0x1b
 276 00dc 6D000000 		.4byte	0x6d
 277 00e0 4B000000 		.4byte	.LLST2
 278 00e4 00       		.byte	0
 279 00e5 0F       		.uleb128 0xf
 280 00e6 00000000 		.4byte	.LASF6
 281 00ea 01       		.byte	0x1
 282 00eb 26       		.byte	0x26
 283 00ec 6D000000 		.4byte	0x6d
 284 00f0 00000000 		.4byte	.LFB2
 285 00f4 2A000000 		.4byte	.LFE2-.LFB2
 286 00f8 01       		.uleb128 0x1
 287 00f9 9C       		.byte	0x9c
 288 00fa 0E       		.uleb128 0xe
ARM GAS  C:\Users\JEPPES~1\AppData\Local\Temp\cczNrpoi.s 			page 7


 289 00fb 62756600 		.ascii	"buf\000"
 290 00ff 01       		.byte	0x1
 291 0100 26       		.byte	0x26
 292 0101 AB000000 		.4byte	0xab
 293 0105 7B000000 		.4byte	.LLST3
 294 0109 0B       		.uleb128 0xb
 295 010a 6900     		.ascii	"i\000"
 296 010c 01       		.byte	0x1
 297 010d 2B       		.byte	0x2b
 298 010e 6D000000 		.4byte	0x6d
 299 0112 B5000000 		.4byte	.LLST4
 300 0116 10       		.uleb128 0x10
 301 0117 48000000 		.4byte	.LASF7
 302 011b 01       		.byte	0x1
 303 011c 2B       		.byte	0x2b
 304 011d 6D000000 		.4byte	0x6d
 305 0121 C8000000 		.4byte	.LLST5
 306 0125 00       		.byte	0
 307 0126 00       		.byte	0
 308              		.section	.debug_abbrev,"",%progbits
 309              	.Ldebug_abbrev0:
 310 0000 01       		.uleb128 0x1
 311 0001 11       		.uleb128 0x11
 312 0002 01       		.byte	0x1
 313 0003 25       		.uleb128 0x25
 314 0004 0E       		.uleb128 0xe
 315 0005 13       		.uleb128 0x13
 316 0006 0B       		.uleb128 0xb
 317 0007 03       		.uleb128 0x3
 318 0008 0E       		.uleb128 0xe
 319 0009 1B       		.uleb128 0x1b
 320 000a 0E       		.uleb128 0xe
 321 000b 55       		.uleb128 0x55
 322 000c 17       		.uleb128 0x17
 323 000d 11       		.uleb128 0x11
 324 000e 01       		.uleb128 0x1
 325 000f 10       		.uleb128 0x10
 326 0010 17       		.uleb128 0x17
 327 0011 00       		.byte	0
 328 0012 00       		.byte	0
 329 0013 02       		.uleb128 0x2
 330 0014 13       		.uleb128 0x13
 331 0015 01       		.byte	0x1
 332 0016 03       		.uleb128 0x3
 333 0017 0E       		.uleb128 0xe
 334 0018 0B       		.uleb128 0xb
 335 0019 0B       		.uleb128 0xb
 336 001a 3A       		.uleb128 0x3a
 337 001b 0B       		.uleb128 0xb
 338 001c 3B       		.uleb128 0x3b
 339 001d 0B       		.uleb128 0xb
 340 001e 01       		.uleb128 0x1
 341 001f 13       		.uleb128 0x13
 342 0020 00       		.byte	0
 343 0021 00       		.byte	0
 344 0022 03       		.uleb128 0x3
 345 0023 0D       		.uleb128 0xd
ARM GAS  C:\Users\JEPPES~1\AppData\Local\Temp\cczNrpoi.s 			page 8


 346 0024 00       		.byte	0
 347 0025 03       		.uleb128 0x3
 348 0026 0E       		.uleb128 0xe
 349 0027 3A       		.uleb128 0x3a
 350 0028 0B       		.uleb128 0xb
 351 0029 3B       		.uleb128 0x3b
 352 002a 0B       		.uleb128 0xb
 353 002b 49       		.uleb128 0x49
 354 002c 13       		.uleb128 0x13
 355 002d 38       		.uleb128 0x38
 356 002e 0B       		.uleb128 0xb
 357 002f 00       		.byte	0
 358 0030 00       		.byte	0
 359 0031 04       		.uleb128 0x4
 360 0032 0D       		.uleb128 0xd
 361 0033 00       		.byte	0
 362 0034 03       		.uleb128 0x3
 363 0035 08       		.uleb128 0x8
 364 0036 3A       		.uleb128 0x3a
 365 0037 0B       		.uleb128 0xb
 366 0038 3B       		.uleb128 0x3b
 367 0039 0B       		.uleb128 0xb
 368 003a 49       		.uleb128 0x49
 369 003b 13       		.uleb128 0x13
 370 003c 38       		.uleb128 0x38
 371 003d 0B       		.uleb128 0xb
 372 003e 00       		.byte	0
 373 003f 00       		.byte	0
 374 0040 05       		.uleb128 0x5
 375 0041 01       		.uleb128 0x1
 376 0042 01       		.byte	0x1
 377 0043 49       		.uleb128 0x49
 378 0044 13       		.uleb128 0x13
 379 0045 01       		.uleb128 0x1
 380 0046 13       		.uleb128 0x13
 381 0047 00       		.byte	0
 382 0048 00       		.byte	0
 383 0049 06       		.uleb128 0x6
 384 004a 21       		.uleb128 0x21
 385 004b 00       		.byte	0
 386 004c 49       		.uleb128 0x49
 387 004d 13       		.uleb128 0x13
 388 004e 2F       		.uleb128 0x2f
 389 004f 0B       		.uleb128 0xb
 390 0050 00       		.byte	0
 391 0051 00       		.byte	0
 392 0052 07       		.uleb128 0x7
 393 0053 24       		.uleb128 0x24
 394 0054 00       		.byte	0
 395 0055 0B       		.uleb128 0xb
 396 0056 0B       		.uleb128 0xb
 397 0057 3E       		.uleb128 0x3e
 398 0058 0B       		.uleb128 0xb
 399 0059 03       		.uleb128 0x3
 400 005a 0E       		.uleb128 0xe
 401 005b 00       		.byte	0
 402 005c 00       		.byte	0
ARM GAS  C:\Users\JEPPES~1\AppData\Local\Temp\cczNrpoi.s 			page 9


 403 005d 08       		.uleb128 0x8
 404 005e 24       		.uleb128 0x24
 405 005f 00       		.byte	0
 406 0060 0B       		.uleb128 0xb
 407 0061 0B       		.uleb128 0xb
 408 0062 3E       		.uleb128 0x3e
 409 0063 0B       		.uleb128 0xb
 410 0064 03       		.uleb128 0x3
 411 0065 08       		.uleb128 0x8
 412 0066 00       		.byte	0
 413 0067 00       		.byte	0
 414 0068 09       		.uleb128 0x9
 415 0069 2E       		.uleb128 0x2e
 416 006a 01       		.byte	0x1
 417 006b 3F       		.uleb128 0x3f
 418 006c 19       		.uleb128 0x19
 419 006d 03       		.uleb128 0x3
 420 006e 0E       		.uleb128 0xe
 421 006f 3A       		.uleb128 0x3a
 422 0070 0B       		.uleb128 0xb
 423 0071 3B       		.uleb128 0x3b
 424 0072 0B       		.uleb128 0xb
 425 0073 27       		.uleb128 0x27
 426 0074 19       		.uleb128 0x19
 427 0075 11       		.uleb128 0x11
 428 0076 01       		.uleb128 0x1
 429 0077 12       		.uleb128 0x12
 430 0078 06       		.uleb128 0x6
 431 0079 40       		.uleb128 0x40
 432 007a 18       		.uleb128 0x18
 433 007b 9742     		.uleb128 0x2117
 434 007d 19       		.uleb128 0x19
 435 007e 01       		.uleb128 0x1
 436 007f 13       		.uleb128 0x13
 437 0080 00       		.byte	0
 438 0081 00       		.byte	0
 439 0082 0A       		.uleb128 0xa
 440 0083 05       		.uleb128 0x5
 441 0084 00       		.byte	0
 442 0085 03       		.uleb128 0x3
 443 0086 08       		.uleb128 0x8
 444 0087 3A       		.uleb128 0x3a
 445 0088 0B       		.uleb128 0xb
 446 0089 3B       		.uleb128 0x3b
 447 008a 0B       		.uleb128 0xb
 448 008b 49       		.uleb128 0x49
 449 008c 13       		.uleb128 0x13
 450 008d 02       		.uleb128 0x2
 451 008e 18       		.uleb128 0x18
 452 008f 00       		.byte	0
 453 0090 00       		.byte	0
 454 0091 0B       		.uleb128 0xb
 455 0092 34       		.uleb128 0x34
 456 0093 00       		.byte	0
 457 0094 03       		.uleb128 0x3
 458 0095 08       		.uleb128 0x8
 459 0096 3A       		.uleb128 0x3a
ARM GAS  C:\Users\JEPPES~1\AppData\Local\Temp\cczNrpoi.s 			page 10


 460 0097 0B       		.uleb128 0xb
 461 0098 3B       		.uleb128 0x3b
 462 0099 0B       		.uleb128 0xb
 463 009a 49       		.uleb128 0x49
 464 009b 13       		.uleb128 0x13
 465 009c 02       		.uleb128 0x2
 466 009d 17       		.uleb128 0x17
 467 009e 00       		.byte	0
 468 009f 00       		.byte	0
 469 00a0 0C       		.uleb128 0xc
 470 00a1 0F       		.uleb128 0xf
 471 00a2 00       		.byte	0
 472 00a3 0B       		.uleb128 0xb
 473 00a4 0B       		.uleb128 0xb
 474 00a5 49       		.uleb128 0x49
 475 00a6 13       		.uleb128 0x13
 476 00a7 00       		.byte	0
 477 00a8 00       		.byte	0
 478 00a9 0D       		.uleb128 0xd
 479 00aa 2E       		.uleb128 0x2e
 480 00ab 01       		.byte	0x1
 481 00ac 3F       		.uleb128 0x3f
 482 00ad 19       		.uleb128 0x19
 483 00ae 03       		.uleb128 0x3
 484 00af 0E       		.uleb128 0xe
 485 00b0 3A       		.uleb128 0x3a
 486 00b1 0B       		.uleb128 0xb
 487 00b2 3B       		.uleb128 0x3b
 488 00b3 0B       		.uleb128 0xb
 489 00b4 27       		.uleb128 0x27
 490 00b5 19       		.uleb128 0x19
 491 00b6 11       		.uleb128 0x11
 492 00b7 01       		.uleb128 0x1
 493 00b8 12       		.uleb128 0x12
 494 00b9 06       		.uleb128 0x6
 495 00ba 40       		.uleb128 0x40
 496 00bb 18       		.uleb128 0x18
 497 00bc 9642     		.uleb128 0x2116
 498 00be 19       		.uleb128 0x19
 499 00bf 01       		.uleb128 0x1
 500 00c0 13       		.uleb128 0x13
 501 00c1 00       		.byte	0
 502 00c2 00       		.byte	0
 503 00c3 0E       		.uleb128 0xe
 504 00c4 05       		.uleb128 0x5
 505 00c5 00       		.byte	0
 506 00c6 03       		.uleb128 0x3
 507 00c7 08       		.uleb128 0x8
 508 00c8 3A       		.uleb128 0x3a
 509 00c9 0B       		.uleb128 0xb
 510 00ca 3B       		.uleb128 0x3b
 511 00cb 0B       		.uleb128 0xb
 512 00cc 49       		.uleb128 0x49
 513 00cd 13       		.uleb128 0x13
 514 00ce 02       		.uleb128 0x2
 515 00cf 17       		.uleb128 0x17
 516 00d0 00       		.byte	0
ARM GAS  C:\Users\JEPPES~1\AppData\Local\Temp\cczNrpoi.s 			page 11


 517 00d1 00       		.byte	0
 518 00d2 0F       		.uleb128 0xf
 519 00d3 2E       		.uleb128 0x2e
 520 00d4 01       		.byte	0x1
 521 00d5 3F       		.uleb128 0x3f
 522 00d6 19       		.uleb128 0x19
 523 00d7 03       		.uleb128 0x3
 524 00d8 0E       		.uleb128 0xe
 525 00d9 3A       		.uleb128 0x3a
 526 00da 0B       		.uleb128 0xb
 527 00db 3B       		.uleb128 0x3b
 528 00dc 0B       		.uleb128 0xb
 529 00dd 27       		.uleb128 0x27
 530 00de 19       		.uleb128 0x19
 531 00df 49       		.uleb128 0x49
 532 00e0 13       		.uleb128 0x13
 533 00e1 11       		.uleb128 0x11
 534 00e2 01       		.uleb128 0x1
 535 00e3 12       		.uleb128 0x12
 536 00e4 06       		.uleb128 0x6
 537 00e5 40       		.uleb128 0x40
 538 00e6 18       		.uleb128 0x18
 539 00e7 9642     		.uleb128 0x2116
 540 00e9 19       		.uleb128 0x19
 541 00ea 00       		.byte	0
 542 00eb 00       		.byte	0
 543 00ec 10       		.uleb128 0x10
 544 00ed 34       		.uleb128 0x34
 545 00ee 00       		.byte	0
 546 00ef 03       		.uleb128 0x3
 547 00f0 0E       		.uleb128 0xe
 548 00f1 3A       		.uleb128 0x3a
 549 00f2 0B       		.uleb128 0xb
 550 00f3 3B       		.uleb128 0x3b
 551 00f4 0B       		.uleb128 0xb
 552 00f5 49       		.uleb128 0x49
 553 00f6 13       		.uleb128 0x13
 554 00f7 02       		.uleb128 0x2
 555 00f8 17       		.uleb128 0x17
 556 00f9 00       		.byte	0
 557 00fa 00       		.byte	0
 558 00fb 00       		.byte	0
 559              		.section	.debug_loc,"",%progbits
 560              	.Ldebug_loc0:
 561              	.LLST0:
 562 0000 00000000 		.4byte	.LVL0
 563 0004 04000000 		.4byte	.LVL1
 564 0008 0200     		.2byte	0x2
 565 000a 30       		.byte	0x30
 566 000b 9F       		.byte	0x9f
 567 000c 04000000 		.4byte	.LVL1
 568 0010 14000000 		.4byte	.LVL3
 569 0014 0100     		.2byte	0x1
 570 0016 53       		.byte	0x53
 571 0017 00000000 		.4byte	0
 572 001b 00000000 		.4byte	0
 573              	.LLST1:
ARM GAS  C:\Users\JEPPES~1\AppData\Local\Temp\cczNrpoi.s 			page 12


 574 001f 00000000 		.4byte	.LVL4
 575 0023 08000000 		.4byte	.LVL5
 576 0027 0100     		.2byte	0x1
 577 0029 50       		.byte	0x50
 578 002a 08000000 		.4byte	.LVL5
 579 002e 2A000000 		.4byte	.LVL8
 580 0032 0100     		.2byte	0x1
 581 0034 54       		.byte	0x54
 582 0035 2A000000 		.4byte	.LVL8
 583 0039 2C000000 		.4byte	.LFE1
 584 003d 0400     		.2byte	0x4
 585 003f F3       		.byte	0xf3
 586 0040 01       		.uleb128 0x1
 587 0041 50       		.byte	0x50
 588 0042 9F       		.byte	0x9f
 589 0043 00000000 		.4byte	0
 590 0047 00000000 		.4byte	0
 591              	.LLST2:
 592 004b 00000000 		.4byte	.LVL4
 593 004f 10000000 		.4byte	.LVL6
 594 0053 0100     		.2byte	0x1
 595 0055 51       		.byte	0x51
 596 0056 10000000 		.4byte	.LVL6
 597 005a 13000000 		.4byte	.LVL7-1
 598 005e 0500     		.2byte	0x5
 599 0060 74       		.byte	0x74
 600 0061 00       		.sleb128 0
 601 0062 73       		.byte	0x73
 602 0063 00       		.sleb128 0
 603 0064 22       		.byte	0x22
 604 0065 13000000 		.4byte	.LVL7-1
 605 0069 2C000000 		.4byte	.LFE1
 606 006d 0400     		.2byte	0x4
 607 006f F3       		.byte	0xf3
 608 0070 01       		.uleb128 0x1
 609 0071 51       		.byte	0x51
 610 0072 9F       		.byte	0x9f
 611 0073 00000000 		.4byte	0
 612 0077 00000000 		.4byte	0
 613              	.LLST3:
 614 007b 00000000 		.4byte	.LVL9
 615 007f 20000000 		.4byte	.LVL13
 616 0083 0100     		.2byte	0x1
 617 0085 50       		.byte	0x50
 618 0086 20000000 		.4byte	.LVL13
 619 008a 26000000 		.4byte	.LVL15
 620 008e 0400     		.2byte	0x4
 621 0090 F3       		.byte	0xf3
 622 0091 01       		.uleb128 0x1
 623 0092 50       		.byte	0x50
 624 0093 9F       		.byte	0x9f
 625 0094 26000000 		.4byte	.LVL15
 626 0098 28000000 		.4byte	.LVL16
 627 009c 0100     		.2byte	0x1
 628 009e 50       		.byte	0x50
 629 009f 28000000 		.4byte	.LVL16
 630 00a3 2A000000 		.4byte	.LFE2
ARM GAS  C:\Users\JEPPES~1\AppData\Local\Temp\cczNrpoi.s 			page 13


 631 00a7 0400     		.2byte	0x4
 632 00a9 F3       		.byte	0xf3
 633 00aa 01       		.uleb128 0x1
 634 00ab 50       		.byte	0x50
 635 00ac 9F       		.byte	0x9f
 636 00ad 00000000 		.4byte	0
 637 00b1 00000000 		.4byte	0
 638              	.LLST4:
 639 00b5 10000000 		.4byte	.LVL10
 640 00b9 23000000 		.4byte	.LVL14-1
 641 00bd 0100     		.2byte	0x1
 642 00bf 53       		.byte	0x53
 643 00c0 00000000 		.4byte	0
 644 00c4 00000000 		.4byte	0
 645              	.LLST5:
 646 00c8 10000000 		.4byte	.LVL10
 647 00cc 26000000 		.4byte	.LVL15
 648 00d0 0100     		.2byte	0x1
 649 00d2 54       		.byte	0x54
 650 00d3 00000000 		.4byte	0
 651 00d7 00000000 		.4byte	0
 652              		.section	.debug_aranges,"",%progbits
 653 0000 2C000000 		.4byte	0x2c
 654 0004 0200     		.2byte	0x2
 655 0006 00000000 		.4byte	.Ldebug_info0
 656 000a 04       		.byte	0x4
 657 000b 00       		.byte	0
 658 000c 0000     		.2byte	0
 659 000e 0000     		.2byte	0
 660 0010 00000000 		.4byte	.LFB0
 661 0014 1E000000 		.4byte	.LFE0-.LFB0
 662 0018 00000000 		.4byte	.LFB1
 663 001c 2C000000 		.4byte	.LFE1-.LFB1
 664 0020 00000000 		.4byte	.LFB2
 665 0024 2A000000 		.4byte	.LFE2-.LFB2
 666 0028 00000000 		.4byte	0
 667 002c 00000000 		.4byte	0
 668              		.section	.debug_ranges,"",%progbits
 669              	.Ldebug_ranges0:
 670 0000 00000000 		.4byte	.LFB0
 671 0004 1E000000 		.4byte	.LFE0
 672 0008 00000000 		.4byte	.LFB1
 673 000c 2C000000 		.4byte	.LFE1
 674 0010 00000000 		.4byte	.LFB2
 675 0014 2A000000 		.4byte	.LFE2
 676 0018 00000000 		.4byte	0
 677 001c 00000000 		.4byte	0
 678              		.section	.debug_line,"",%progbits
 679              	.Ldebug_line0:
 680 0000 A0000000 		.section	.debug_str,"MS",%progbits,1
 680      02003B00 
 680      00000201 
 680      FB0E0D00 
 680      01010101 
 681              	.LASF6:
 682 0000 6765744D 		.ascii	"getMeanValue\000"
 682      65616E56 
ARM GAS  C:\Users\JEPPES~1\AppData\Local\Temp\cczNrpoi.s 			page 14


 682      616C7565 
 682      00
 683              	.LASF4:
 684 000d 696E6974 		.ascii	"initCircularMean\000"
 684      43697263 
 684      756C6172 
 684      4D65616E 
 684      00
 685              	.LASF3:
 686 001e 756E7369 		.ascii	"unsigned char\000"
 686      676E6564 
 686      20636861 
 686      7200
 687              	.LASF10:
 688 002c 433A5C45 		.ascii	"C:\\E3PRJ3\\Sensor-PSoC.cydsn\000"
 688      3350524A 
 688      335C5365 
 688      6E736F72 
 688      2D50536F 
 689              	.LASF7:
 690 0048 74656D70 		.ascii	"temp\000"
 690      00
 691              	.LASF11:
 692 004d 43697263 		.ascii	"CircularMean\000"
 692      756C6172 
 692      4D65616E 
 692      00
 693              	.LASF2:
 694 005a 73697A65 		.ascii	"sizetype\000"
 694      74797065 
 694      00
 695              	.LASF0:
 696 0063 71756575 		.ascii	"queue\000"
 696      6500
 697              	.LASF8:
 698 0069 474E5520 		.ascii	"GNU C 4.9.3 20150303 (release) [ARM/embedded-4_9-br"
 698      4320342E 
 698      392E3320 
 698      32303135 
 698      30333033 
 699 009c 616E6368 		.ascii	"anch revision 221220] -mcpu=cortex-m0 -mthumb -g -O"
 699      20726576 
 699      6973696F 
 699      6E203232 
 699      31323230 
 700 00cf 67202D66 		.ascii	"g -ffunction-sections -ffat-lto-objects\000"
 700      66756E63 
 700      74696F6E 
 700      2D736563 
 700      74696F6E 
 701              	.LASF1:
 702 00f7 73746172 		.ascii	"start\000"
 702      7400
 703              	.LASF9:
 704 00fd 2E5C4369 		.ascii	".\\CircularMean.c\000"
 704      7263756C 
 704      61724D65 
ARM GAS  C:\Users\JEPPES~1\AppData\Local\Temp\cczNrpoi.s 			page 15


 704      616E2E63 
 704      00
 705              	.LASF5:
 706 010e 696E7365 		.ascii	"insertValue\000"
 706      72745661 
 706      6C756500 
 707              		.ident	"GCC: (GNU Tools for ARM Embedded Processors) 4.9.3 20150303 (release) [ARM/embedded-4_9-br
