ARM GAS  C:\Users\Simon\AppData\Local\Temp\ccXqHrCB.s 			page 1


   1              		.cpu cortex-m0
   2              		.fpu softvfp
   3              		.eabi_attribute 20, 1
   4              		.eabi_attribute 21, 1
   5              		.eabi_attribute 23, 3
   6              		.eabi_attribute 24, 1
   7              		.eabi_attribute 25, 1
   8              		.eabi_attribute 26, 1
   9              		.eabi_attribute 30, 1
  10              		.eabi_attribute 34, 0
  11              		.eabi_attribute 18, 4
  12              		.code	16
  13              		.file	"DistTimer_PM.c"
  14              		.text
  15              	.Ltext0:
  16              		.cfi_sections	.debug_frame
  17              		.section	.text.DistTimer_SaveConfig,"ax",%progbits
  18              		.align	2
  19              		.global	DistTimer_SaveConfig
  20              		.code	16
  21              		.thumb_func
  22              		.type	DistTimer_SaveConfig, %function
  23              	DistTimer_SaveConfig:
  24              	.LFB0:
  25              		.file 1 ".\\Generated_Source\\PSoC4\\DistTimer_PM.c"
   1:.\Generated_Source\PSoC4/DistTimer_PM.c **** /*******************************************************************************
   2:.\Generated_Source\PSoC4/DistTimer_PM.c **** * File Name: DistTimer_PM.c
   3:.\Generated_Source\PSoC4/DistTimer_PM.c **** * Version 2.70
   4:.\Generated_Source\PSoC4/DistTimer_PM.c **** *
   5:.\Generated_Source\PSoC4/DistTimer_PM.c **** *  Description:
   6:.\Generated_Source\PSoC4/DistTimer_PM.c **** *     This file provides the power management source code to API for the
   7:.\Generated_Source\PSoC4/DistTimer_PM.c **** *     Timer.
   8:.\Generated_Source\PSoC4/DistTimer_PM.c **** *
   9:.\Generated_Source\PSoC4/DistTimer_PM.c **** *   Note:
  10:.\Generated_Source\PSoC4/DistTimer_PM.c **** *     None
  11:.\Generated_Source\PSoC4/DistTimer_PM.c **** *
  12:.\Generated_Source\PSoC4/DistTimer_PM.c **** *******************************************************************************
  13:.\Generated_Source\PSoC4/DistTimer_PM.c **** * Copyright 2008-2014, Cypress Semiconductor Corporation.  All rights reserved.
  14:.\Generated_Source\PSoC4/DistTimer_PM.c **** * You may use this file only in accordance with the license, terms, conditions,
  15:.\Generated_Source\PSoC4/DistTimer_PM.c **** * disclaimers, and limitations in the end user license agreement accompanying
  16:.\Generated_Source\PSoC4/DistTimer_PM.c **** * the software package with which this file was provided.
  17:.\Generated_Source\PSoC4/DistTimer_PM.c **** ********************************************************************************/
  18:.\Generated_Source\PSoC4/DistTimer_PM.c **** 
  19:.\Generated_Source\PSoC4/DistTimer_PM.c **** #include "DistTimer.h"
  20:.\Generated_Source\PSoC4/DistTimer_PM.c **** 
  21:.\Generated_Source\PSoC4/DistTimer_PM.c **** static DistTimer_backupStruct DistTimer_backup;
  22:.\Generated_Source\PSoC4/DistTimer_PM.c **** 
  23:.\Generated_Source\PSoC4/DistTimer_PM.c **** 
  24:.\Generated_Source\PSoC4/DistTimer_PM.c **** /*******************************************************************************
  25:.\Generated_Source\PSoC4/DistTimer_PM.c **** * Function Name: DistTimer_SaveConfig
  26:.\Generated_Source\PSoC4/DistTimer_PM.c **** ********************************************************************************
  27:.\Generated_Source\PSoC4/DistTimer_PM.c **** *
  28:.\Generated_Source\PSoC4/DistTimer_PM.c **** * Summary:
  29:.\Generated_Source\PSoC4/DistTimer_PM.c **** *     Save the current user configuration
  30:.\Generated_Source\PSoC4/DistTimer_PM.c **** *
  31:.\Generated_Source\PSoC4/DistTimer_PM.c **** * Parameters:
  32:.\Generated_Source\PSoC4/DistTimer_PM.c **** *  void
ARM GAS  C:\Users\Simon\AppData\Local\Temp\ccXqHrCB.s 			page 2


  33:.\Generated_Source\PSoC4/DistTimer_PM.c **** *
  34:.\Generated_Source\PSoC4/DistTimer_PM.c **** * Return:
  35:.\Generated_Source\PSoC4/DistTimer_PM.c **** *  void
  36:.\Generated_Source\PSoC4/DistTimer_PM.c **** *
  37:.\Generated_Source\PSoC4/DistTimer_PM.c **** * Global variables:
  38:.\Generated_Source\PSoC4/DistTimer_PM.c **** *  DistTimer_backup:  Variables of this global structure are modified to
  39:.\Generated_Source\PSoC4/DistTimer_PM.c **** *  store the values of non retention configuration registers when Sleep() API is
  40:.\Generated_Source\PSoC4/DistTimer_PM.c **** *  called.
  41:.\Generated_Source\PSoC4/DistTimer_PM.c **** *
  42:.\Generated_Source\PSoC4/DistTimer_PM.c **** *******************************************************************************/
  43:.\Generated_Source\PSoC4/DistTimer_PM.c **** void DistTimer_SaveConfig(void) 
  44:.\Generated_Source\PSoC4/DistTimer_PM.c **** {
  26              		.loc 1 44 0
  27              		.cfi_startproc
  28 0000 08B5     		push	{r3, lr}
  29              		.cfi_def_cfa_offset 8
  30              		.cfi_offset 3, -8
  31              		.cfi_offset 14, -4
  45:.\Generated_Source\PSoC4/DistTimer_PM.c ****     #if (!DistTimer_UsingFixedFunction)
  46:.\Generated_Source\PSoC4/DistTimer_PM.c ****         DistTimer_backup.TimerUdb = DistTimer_ReadCounter();
  32              		.loc 1 46 0
  33 0002 FFF7FEFF 		bl	DistTimer_ReadCounter
  34              	.LVL0:
  35 0006 034B     		ldr	r3, .L2
  36 0008 5880     		strh	r0, [r3, #2]
  47:.\Generated_Source\PSoC4/DistTimer_PM.c ****         DistTimer_backup.InterruptMaskValue = DistTimer_STATUS_MASK;
  37              		.loc 1 47 0
  38 000a 034A     		ldr	r2, .L2+4
  39 000c 1278     		ldrb	r2, [r2]
  40 000e 1A71     		strb	r2, [r3, #4]
  48:.\Generated_Source\PSoC4/DistTimer_PM.c ****         #if (DistTimer_UsingHWCaptureCounter)
  49:.\Generated_Source\PSoC4/DistTimer_PM.c ****             DistTimer_backup.TimerCaptureCounter = DistTimer_ReadCaptureCount();
  50:.\Generated_Source\PSoC4/DistTimer_PM.c ****         #endif /* Back Up capture counter register  */
  51:.\Generated_Source\PSoC4/DistTimer_PM.c **** 
  52:.\Generated_Source\PSoC4/DistTimer_PM.c ****         #if(!DistTimer_UDB_CONTROL_REG_REMOVED)
  53:.\Generated_Source\PSoC4/DistTimer_PM.c ****             DistTimer_backup.TimerControlRegister = DistTimer_ReadControlRegister();
  54:.\Generated_Source\PSoC4/DistTimer_PM.c ****         #endif /* Backup the enable state of the Timer component */
  55:.\Generated_Source\PSoC4/DistTimer_PM.c ****     #endif /* Backup non retention registers in UDB implementation. All fixed function registers ar
  56:.\Generated_Source\PSoC4/DistTimer_PM.c **** }
  41              		.loc 1 56 0
  42              		@ sp needed
  43 0010 08BD     		pop	{r3, pc}
  44              	.L3:
  45 0012 C046     		.align	2
  46              	.L2:
  47 0014 00000000 		.word	.LANCHOR0
  48 0018 81000F40 		.word	1074724993
  49              		.cfi_endproc
  50              	.LFE0:
  51              		.size	DistTimer_SaveConfig, .-DistTimer_SaveConfig
  52              		.section	.text.DistTimer_RestoreConfig,"ax",%progbits
  53              		.align	2
  54              		.global	DistTimer_RestoreConfig
  55              		.code	16
  56              		.thumb_func
  57              		.type	DistTimer_RestoreConfig, %function
  58              	DistTimer_RestoreConfig:
ARM GAS  C:\Users\Simon\AppData\Local\Temp\ccXqHrCB.s 			page 3


  59              	.LFB1:
  57:.\Generated_Source\PSoC4/DistTimer_PM.c **** 
  58:.\Generated_Source\PSoC4/DistTimer_PM.c **** 
  59:.\Generated_Source\PSoC4/DistTimer_PM.c **** /*******************************************************************************
  60:.\Generated_Source\PSoC4/DistTimer_PM.c **** * Function Name: DistTimer_RestoreConfig
  61:.\Generated_Source\PSoC4/DistTimer_PM.c **** ********************************************************************************
  62:.\Generated_Source\PSoC4/DistTimer_PM.c **** *
  63:.\Generated_Source\PSoC4/DistTimer_PM.c **** * Summary:
  64:.\Generated_Source\PSoC4/DistTimer_PM.c **** *  Restores the current user configuration.
  65:.\Generated_Source\PSoC4/DistTimer_PM.c **** *
  66:.\Generated_Source\PSoC4/DistTimer_PM.c **** * Parameters:
  67:.\Generated_Source\PSoC4/DistTimer_PM.c **** *  void
  68:.\Generated_Source\PSoC4/DistTimer_PM.c **** *
  69:.\Generated_Source\PSoC4/DistTimer_PM.c **** * Return:
  70:.\Generated_Source\PSoC4/DistTimer_PM.c **** *  void
  71:.\Generated_Source\PSoC4/DistTimer_PM.c **** *
  72:.\Generated_Source\PSoC4/DistTimer_PM.c **** * Global variables:
  73:.\Generated_Source\PSoC4/DistTimer_PM.c **** *  DistTimer_backup:  Variables of this global structure are used to
  74:.\Generated_Source\PSoC4/DistTimer_PM.c **** *  restore the values of non retention registers on wakeup from sleep mode.
  75:.\Generated_Source\PSoC4/DistTimer_PM.c **** *
  76:.\Generated_Source\PSoC4/DistTimer_PM.c **** *******************************************************************************/
  77:.\Generated_Source\PSoC4/DistTimer_PM.c **** void DistTimer_RestoreConfig(void) 
  78:.\Generated_Source\PSoC4/DistTimer_PM.c **** {   
  60              		.loc 1 78 0
  61              		.cfi_startproc
  62 0000 10B5     		push	{r4, lr}
  63              		.cfi_def_cfa_offset 8
  64              		.cfi_offset 4, -8
  65              		.cfi_offset 14, -4
  79:.\Generated_Source\PSoC4/DistTimer_PM.c ****     #if (!DistTimer_UsingFixedFunction)
  80:.\Generated_Source\PSoC4/DistTimer_PM.c **** 
  81:.\Generated_Source\PSoC4/DistTimer_PM.c ****         DistTimer_WriteCounter(DistTimer_backup.TimerUdb);
  66              		.loc 1 81 0
  67 0002 044C     		ldr	r4, .L5
  68 0004 6088     		ldrh	r0, [r4, #2]
  69 0006 FFF7FEFF 		bl	DistTimer_WriteCounter
  70              	.LVL1:
  82:.\Generated_Source\PSoC4/DistTimer_PM.c ****         DistTimer_STATUS_MASK =DistTimer_backup.InterruptMaskValue;
  71              		.loc 1 82 0
  72 000a 2279     		ldrb	r2, [r4, #4]
  73 000c 024B     		ldr	r3, .L5+4
  74 000e 1A70     		strb	r2, [r3]
  83:.\Generated_Source\PSoC4/DistTimer_PM.c ****         #if (DistTimer_UsingHWCaptureCounter)
  84:.\Generated_Source\PSoC4/DistTimer_PM.c ****             DistTimer_SetCaptureCount(DistTimer_backup.TimerCaptureCounter);
  85:.\Generated_Source\PSoC4/DistTimer_PM.c ****         #endif /* Restore Capture counter register*/
  86:.\Generated_Source\PSoC4/DistTimer_PM.c **** 
  87:.\Generated_Source\PSoC4/DistTimer_PM.c ****         #if(!DistTimer_UDB_CONTROL_REG_REMOVED)
  88:.\Generated_Source\PSoC4/DistTimer_PM.c ****             DistTimer_WriteControlRegister(DistTimer_backup.TimerControlRegister);
  89:.\Generated_Source\PSoC4/DistTimer_PM.c ****         #endif /* Restore the enable state of the Timer component */
  90:.\Generated_Source\PSoC4/DistTimer_PM.c ****     #endif /* Restore non retention registers in the UDB implementation only */
  91:.\Generated_Source\PSoC4/DistTimer_PM.c **** }
  75              		.loc 1 91 0
  76              		@ sp needed
  77 0010 10BD     		pop	{r4, pc}
  78              	.L6:
  79 0012 C046     		.align	2
  80              	.L5:
ARM GAS  C:\Users\Simon\AppData\Local\Temp\ccXqHrCB.s 			page 4


  81 0014 00000000 		.word	.LANCHOR0
  82 0018 81000F40 		.word	1074724993
  83              		.cfi_endproc
  84              	.LFE1:
  85              		.size	DistTimer_RestoreConfig, .-DistTimer_RestoreConfig
  86              		.section	.text.DistTimer_Sleep,"ax",%progbits
  87              		.align	2
  88              		.global	DistTimer_Sleep
  89              		.code	16
  90              		.thumb_func
  91              		.type	DistTimer_Sleep, %function
  92              	DistTimer_Sleep:
  93              	.LFB2:
  92:.\Generated_Source\PSoC4/DistTimer_PM.c **** 
  93:.\Generated_Source\PSoC4/DistTimer_PM.c **** 
  94:.\Generated_Source\PSoC4/DistTimer_PM.c **** /*******************************************************************************
  95:.\Generated_Source\PSoC4/DistTimer_PM.c **** * Function Name: DistTimer_Sleep
  96:.\Generated_Source\PSoC4/DistTimer_PM.c **** ********************************************************************************
  97:.\Generated_Source\PSoC4/DistTimer_PM.c **** *
  98:.\Generated_Source\PSoC4/DistTimer_PM.c **** * Summary:
  99:.\Generated_Source\PSoC4/DistTimer_PM.c **** *     Stop and Save the user configuration
 100:.\Generated_Source\PSoC4/DistTimer_PM.c **** *
 101:.\Generated_Source\PSoC4/DistTimer_PM.c **** * Parameters:
 102:.\Generated_Source\PSoC4/DistTimer_PM.c **** *  void
 103:.\Generated_Source\PSoC4/DistTimer_PM.c **** *
 104:.\Generated_Source\PSoC4/DistTimer_PM.c **** * Return:
 105:.\Generated_Source\PSoC4/DistTimer_PM.c **** *  void
 106:.\Generated_Source\PSoC4/DistTimer_PM.c **** *
 107:.\Generated_Source\PSoC4/DistTimer_PM.c **** * Global variables:
 108:.\Generated_Source\PSoC4/DistTimer_PM.c **** *  DistTimer_backup.TimerEnableState:  Is modified depending on the
 109:.\Generated_Source\PSoC4/DistTimer_PM.c **** *  enable state of the block before entering sleep mode.
 110:.\Generated_Source\PSoC4/DistTimer_PM.c **** *
 111:.\Generated_Source\PSoC4/DistTimer_PM.c **** *******************************************************************************/
 112:.\Generated_Source\PSoC4/DistTimer_PM.c **** void DistTimer_Sleep(void) 
 113:.\Generated_Source\PSoC4/DistTimer_PM.c **** {
  94              		.loc 1 113 0
  95              		.cfi_startproc
  96 0000 08B5     		push	{r3, lr}
  97              		.cfi_def_cfa_offset 8
  98              		.cfi_offset 3, -8
  99              		.cfi_offset 14, -4
 114:.\Generated_Source\PSoC4/DistTimer_PM.c ****     #if(!DistTimer_UDB_CONTROL_REG_REMOVED)
 115:.\Generated_Source\PSoC4/DistTimer_PM.c ****         /* Save Counter's enable state */
 116:.\Generated_Source\PSoC4/DistTimer_PM.c ****         if(DistTimer_CTRL_ENABLE == (DistTimer_CONTROL & DistTimer_CTRL_ENABLE))
 117:.\Generated_Source\PSoC4/DistTimer_PM.c ****         {
 118:.\Generated_Source\PSoC4/DistTimer_PM.c ****             /* Timer is enabled */
 119:.\Generated_Source\PSoC4/DistTimer_PM.c ****             DistTimer_backup.TimerEnableState = 1u;
 120:.\Generated_Source\PSoC4/DistTimer_PM.c ****         }
 121:.\Generated_Source\PSoC4/DistTimer_PM.c ****         else
 122:.\Generated_Source\PSoC4/DistTimer_PM.c ****         {
 123:.\Generated_Source\PSoC4/DistTimer_PM.c ****             /* Timer is disabled */
 124:.\Generated_Source\PSoC4/DistTimer_PM.c ****             DistTimer_backup.TimerEnableState = 0u;
 125:.\Generated_Source\PSoC4/DistTimer_PM.c ****         }
 126:.\Generated_Source\PSoC4/DistTimer_PM.c ****     #endif /* Back up enable state from the Timer control register */
 127:.\Generated_Source\PSoC4/DistTimer_PM.c ****     DistTimer_Stop();
 100              		.loc 1 127 0
 101 0002 FFF7FEFF 		bl	DistTimer_Stop
ARM GAS  C:\Users\Simon\AppData\Local\Temp\ccXqHrCB.s 			page 5


 102              	.LVL2:
 128:.\Generated_Source\PSoC4/DistTimer_PM.c ****     DistTimer_SaveConfig();
 103              		.loc 1 128 0
 104 0006 FFF7FEFF 		bl	DistTimer_SaveConfig
 105              	.LVL3:
 129:.\Generated_Source\PSoC4/DistTimer_PM.c **** }
 106              		.loc 1 129 0
 107              		@ sp needed
 108 000a 08BD     		pop	{r3, pc}
 109              		.cfi_endproc
 110              	.LFE2:
 111              		.size	DistTimer_Sleep, .-DistTimer_Sleep
 112              		.section	.text.DistTimer_Wakeup,"ax",%progbits
 113              		.align	2
 114              		.global	DistTimer_Wakeup
 115              		.code	16
 116              		.thumb_func
 117              		.type	DistTimer_Wakeup, %function
 118              	DistTimer_Wakeup:
 119              	.LFB3:
 130:.\Generated_Source\PSoC4/DistTimer_PM.c **** 
 131:.\Generated_Source\PSoC4/DistTimer_PM.c **** 
 132:.\Generated_Source\PSoC4/DistTimer_PM.c **** /*******************************************************************************
 133:.\Generated_Source\PSoC4/DistTimer_PM.c **** * Function Name: DistTimer_Wakeup
 134:.\Generated_Source\PSoC4/DistTimer_PM.c **** ********************************************************************************
 135:.\Generated_Source\PSoC4/DistTimer_PM.c **** *
 136:.\Generated_Source\PSoC4/DistTimer_PM.c **** * Summary:
 137:.\Generated_Source\PSoC4/DistTimer_PM.c **** *  Restores and enables the user configuration
 138:.\Generated_Source\PSoC4/DistTimer_PM.c **** *
 139:.\Generated_Source\PSoC4/DistTimer_PM.c **** * Parameters:
 140:.\Generated_Source\PSoC4/DistTimer_PM.c **** *  void
 141:.\Generated_Source\PSoC4/DistTimer_PM.c **** *
 142:.\Generated_Source\PSoC4/DistTimer_PM.c **** * Return:
 143:.\Generated_Source\PSoC4/DistTimer_PM.c **** *  void
 144:.\Generated_Source\PSoC4/DistTimer_PM.c **** *
 145:.\Generated_Source\PSoC4/DistTimer_PM.c **** * Global variables:
 146:.\Generated_Source\PSoC4/DistTimer_PM.c **** *  DistTimer_backup.enableState:  Is used to restore the enable state of
 147:.\Generated_Source\PSoC4/DistTimer_PM.c **** *  block on wakeup from sleep mode.
 148:.\Generated_Source\PSoC4/DistTimer_PM.c **** *
 149:.\Generated_Source\PSoC4/DistTimer_PM.c **** *******************************************************************************/
 150:.\Generated_Source\PSoC4/DistTimer_PM.c **** void DistTimer_Wakeup(void) 
 151:.\Generated_Source\PSoC4/DistTimer_PM.c **** {
 120              		.loc 1 151 0
 121              		.cfi_startproc
 122 0000 08B5     		push	{r3, lr}
 123              		.cfi_def_cfa_offset 8
 124              		.cfi_offset 3, -8
 125              		.cfi_offset 14, -4
 152:.\Generated_Source\PSoC4/DistTimer_PM.c ****     DistTimer_RestoreConfig();
 126              		.loc 1 152 0
 127 0002 FFF7FEFF 		bl	DistTimer_RestoreConfig
 128              	.LVL4:
 153:.\Generated_Source\PSoC4/DistTimer_PM.c ****     #if(!DistTimer_UDB_CONTROL_REG_REMOVED)
 154:.\Generated_Source\PSoC4/DistTimer_PM.c ****         if(DistTimer_backup.TimerEnableState == 1u)
 155:.\Generated_Source\PSoC4/DistTimer_PM.c ****         {     /* Enable Timer's operation */
 156:.\Generated_Source\PSoC4/DistTimer_PM.c ****                 DistTimer_Enable();
 157:.\Generated_Source\PSoC4/DistTimer_PM.c ****         } /* Do nothing if Timer was disabled before */
ARM GAS  C:\Users\Simon\AppData\Local\Temp\ccXqHrCB.s 			page 6


 158:.\Generated_Source\PSoC4/DistTimer_PM.c ****     #endif /* Remove this code section if Control register is removed */
 159:.\Generated_Source\PSoC4/DistTimer_PM.c **** }
 129              		.loc 1 159 0
 130              		@ sp needed
 131 0006 08BD     		pop	{r3, pc}
 132              		.cfi_endproc
 133              	.LFE3:
 134              		.size	DistTimer_Wakeup, .-DistTimer_Wakeup
 135              		.bss
 136              		.align	2
 137              		.set	.LANCHOR0,. + 0
 138              		.type	DistTimer_backup, %object
 139              		.size	DistTimer_backup, 6
 140              	DistTimer_backup:
 141 0000 00000000 		.space	6
 141      0000
 142 0006 0000     		.text
 143              	.Letext0:
 144              		.file 2 ".\\Generated_Source\\PSoC4\\cytypes.h"
 145              		.file 3 ".\\Generated_Source\\PSoC4\\DistTimer.h"
 146              		.section	.debug_info,"",%progbits
 147              	.Ldebug_info0:
 148 0000 9E010000 		.4byte	0x19e
 149 0004 0400     		.2byte	0x4
 150 0006 00000000 		.4byte	.Ldebug_abbrev0
 151 000a 04       		.byte	0x4
 152 000b 01       		.uleb128 0x1
 153 000c 4C010000 		.4byte	.LASF24
 154 0010 01       		.byte	0x1
 155 0011 6C000000 		.4byte	.LASF25
 156 0015 22020000 		.4byte	.LASF26
 157 0019 00000000 		.4byte	.Ldebug_ranges0+0
 158 001d 00000000 		.4byte	0
 159 0021 00000000 		.4byte	.Ldebug_line0
 160 0025 02       		.uleb128 0x2
 161 0026 01       		.byte	0x1
 162 0027 06       		.byte	0x6
 163 0028 16020000 		.4byte	.LASF0
 164 002c 02       		.uleb128 0x2
 165 002d 01       		.byte	0x1
 166 002e 08       		.byte	0x8
 167 002f 5E000000 		.4byte	.LASF1
 168 0033 02       		.uleb128 0x2
 169 0034 02       		.byte	0x2
 170 0035 05       		.byte	0x5
 171 0036 DA010000 		.4byte	.LASF2
 172 003a 02       		.uleb128 0x2
 173 003b 02       		.byte	0x2
 174 003c 07       		.byte	0x7
 175 003d 25000000 		.4byte	.LASF3
 176 0041 02       		.uleb128 0x2
 177 0042 04       		.byte	0x4
 178 0043 05       		.byte	0x5
 179 0044 FC010000 		.4byte	.LASF4
 180 0048 02       		.uleb128 0x2
 181 0049 04       		.byte	0x4
 182 004a 07       		.byte	0x7
ARM GAS  C:\Users\Simon\AppData\Local\Temp\ccXqHrCB.s 			page 7


 183 004b AA000000 		.4byte	.LASF5
 184 004f 02       		.uleb128 0x2
 185 0050 08       		.byte	0x8
 186 0051 05       		.byte	0x5
 187 0052 29010000 		.4byte	.LASF6
 188 0056 02       		.uleb128 0x2
 189 0057 08       		.byte	0x8
 190 0058 07       		.byte	0x7
 191 0059 F4000000 		.4byte	.LASF7
 192 005d 03       		.uleb128 0x3
 193 005e 04       		.byte	0x4
 194 005f 05       		.byte	0x5
 195 0060 696E7400 		.ascii	"int\000"
 196 0064 02       		.uleb128 0x2
 197 0065 04       		.byte	0x4
 198 0066 07       		.byte	0x7
 199 0067 D0000000 		.4byte	.LASF8
 200 006b 04       		.uleb128 0x4
 201 006c BC000000 		.4byte	.LASF9
 202 0070 02       		.byte	0x2
 203 0071 3801     		.2byte	0x138
 204 0073 2C000000 		.4byte	0x2c
 205 0077 04       		.uleb128 0x4
 206 0078 C9000000 		.4byte	.LASF10
 207 007c 02       		.byte	0x2
 208 007d 3901     		.2byte	0x139
 209 007f 3A000000 		.4byte	0x3a
 210 0083 02       		.uleb128 0x2
 211 0084 04       		.byte	0x4
 212 0085 04       		.byte	0x4
 213 0086 58000000 		.4byte	.LASF11
 214 008a 02       		.uleb128 0x2
 215 008b 08       		.byte	0x8
 216 008c 04       		.byte	0x4
 217 008d C2000000 		.4byte	.LASF12
 218 0091 02       		.uleb128 0x2
 219 0092 01       		.byte	0x1
 220 0093 08       		.byte	0x8
 221 0094 11000000 		.4byte	.LASF13
 222 0098 04       		.uleb128 0x4
 223 0099 1B010000 		.4byte	.LASF14
 224 009d 02       		.byte	0x2
 225 009e E201     		.2byte	0x1e2
 226 00a0 A4000000 		.4byte	0xa4
 227 00a4 05       		.uleb128 0x5
 228 00a5 6B000000 		.4byte	0x6b
 229 00a9 02       		.uleb128 0x2
 230 00aa 04       		.byte	0x4
 231 00ab 07       		.byte	0x7
 232 00ac 20010000 		.4byte	.LASF15
 233 00b0 06       		.uleb128 0x6
 234 00b1 06       		.byte	0x6
 235 00b2 03       		.byte	0x3
 236 00b3 43       		.byte	0x43
 237 00b4 DD000000 		.4byte	0xdd
 238 00b8 07       		.uleb128 0x7
 239 00b9 00000000 		.4byte	.LASF16
ARM GAS  C:\Users\Simon\AppData\Local\Temp\ccXqHrCB.s 			page 8


 240 00bd 03       		.byte	0x3
 241 00be 45       		.byte	0x45
 242 00bf 6B000000 		.4byte	0x6b
 243 00c3 00       		.byte	0
 244 00c4 07       		.uleb128 0x7
 245 00c5 4F000000 		.4byte	.LASF17
 246 00c9 03       		.byte	0x3
 247 00ca 48       		.byte	0x48
 248 00cb 77000000 		.4byte	0x77
 249 00cf 02       		.byte	0x2
 250 00d0 07       		.uleb128 0x7
 251 00d1 68020000 		.4byte	.LASF18
 252 00d5 03       		.byte	0x3
 253 00d6 49       		.byte	0x49
 254 00d7 6B000000 		.4byte	0x6b
 255 00db 04       		.byte	0x4
 256 00dc 00       		.byte	0
 257 00dd 08       		.uleb128 0x8
 258 00de DD000000 		.4byte	.LASF19
 259 00e2 03       		.byte	0x3
 260 00e3 53       		.byte	0x53
 261 00e4 B0000000 		.4byte	0xb0
 262 00e8 09       		.uleb128 0x9
 263 00e9 37010000 		.4byte	.LASF20
 264 00ed 01       		.byte	0x1
 265 00ee 2B       		.byte	0x2b
 266 00ef 00000000 		.4byte	.LFB0
 267 00f3 1C000000 		.4byte	.LFE0-.LFB0
 268 00f7 01       		.uleb128 0x1
 269 00f8 9C       		.byte	0x9c
 270 00f9 07010000 		.4byte	0x107
 271 00fd 0A       		.uleb128 0xa
 272 00fe 06000000 		.4byte	.LVL0
 273 0102 7E010000 		.4byte	0x17e
 274 0106 00       		.byte	0
 275 0107 09       		.uleb128 0x9
 276 0108 E4010000 		.4byte	.LASF21
 277 010c 01       		.byte	0x1
 278 010d 4D       		.byte	0x4d
 279 010e 00000000 		.4byte	.LFB1
 280 0112 1C000000 		.4byte	.LFE1-.LFB1
 281 0116 01       		.uleb128 0x1
 282 0117 9C       		.byte	0x9c
 283 0118 26010000 		.4byte	0x126
 284 011c 0A       		.uleb128 0xa
 285 011d 0A000000 		.4byte	.LVL1
 286 0121 89010000 		.4byte	0x189
 287 0125 00       		.byte	0
 288 0126 09       		.uleb128 0x9
 289 0127 0B010000 		.4byte	.LASF22
 290 012b 01       		.byte	0x1
 291 012c 70       		.byte	0x70
 292 012d 00000000 		.4byte	.LFB2
 293 0131 0C000000 		.4byte	.LFE2-.LFB2
 294 0135 01       		.uleb128 0x1
 295 0136 9C       		.byte	0x9c
 296 0137 4E010000 		.4byte	0x14e
ARM GAS  C:\Users\Simon\AppData\Local\Temp\ccXqHrCB.s 			page 9


 297 013b 0A       		.uleb128 0xa
 298 013c 06000000 		.4byte	.LVL2
 299 0140 9A010000 		.4byte	0x19a
 300 0144 0A       		.uleb128 0xa
 301 0145 0A000000 		.4byte	.LVL3
 302 0149 E8000000 		.4byte	0xe8
 303 014d 00       		.byte	0
 304 014e 09       		.uleb128 0x9
 305 014f 7B020000 		.4byte	.LASF23
 306 0153 01       		.byte	0x1
 307 0154 96       		.byte	0x96
 308 0155 00000000 		.4byte	.LFB3
 309 0159 08000000 		.4byte	.LFE3-.LFB3
 310 015d 01       		.uleb128 0x1
 311 015e 9C       		.byte	0x9c
 312 015f 6D010000 		.4byte	0x16d
 313 0163 0A       		.uleb128 0xa
 314 0164 06000000 		.4byte	.LVL4
 315 0168 07010000 		.4byte	0x107
 316 016c 00       		.byte	0
 317 016d 0B       		.uleb128 0xb
 318 016e 05020000 		.4byte	.LASF27
 319 0172 01       		.byte	0x1
 320 0173 15       		.byte	0x15
 321 0174 DD000000 		.4byte	0xdd
 322 0178 05       		.uleb128 0x5
 323 0179 03       		.byte	0x3
 324 017a 00000000 		.4byte	DistTimer_backup
 325 017e 0C       		.uleb128 0xc
 326 017f 94000000 		.4byte	.LASF28
 327 0183 03       		.byte	0x3
 328 0184 69       		.byte	0x69
 329 0185 77000000 		.4byte	0x77
 330 0189 0D       		.uleb128 0xd
 331 018a 38000000 		.4byte	.LASF29
 332 018e 03       		.byte	0x3
 333 018f 6A       		.byte	0x6a
 334 0190 9A010000 		.4byte	0x19a
 335 0194 0E       		.uleb128 0xe
 336 0195 77000000 		.4byte	0x77
 337 0199 00       		.byte	0
 338 019a 0F       		.uleb128 0xf
 339 019b 16000000 		.4byte	.LASF30
 340 019f 03       		.byte	0x3
 341 01a0 5B       		.byte	0x5b
 342 01a1 00       		.byte	0
 343              		.section	.debug_abbrev,"",%progbits
 344              	.Ldebug_abbrev0:
 345 0000 01       		.uleb128 0x1
 346 0001 11       		.uleb128 0x11
 347 0002 01       		.byte	0x1
 348 0003 25       		.uleb128 0x25
 349 0004 0E       		.uleb128 0xe
 350 0005 13       		.uleb128 0x13
 351 0006 0B       		.uleb128 0xb
 352 0007 03       		.uleb128 0x3
 353 0008 0E       		.uleb128 0xe
ARM GAS  C:\Users\Simon\AppData\Local\Temp\ccXqHrCB.s 			page 10


 354 0009 1B       		.uleb128 0x1b
 355 000a 0E       		.uleb128 0xe
 356 000b 55       		.uleb128 0x55
 357 000c 17       		.uleb128 0x17
 358 000d 11       		.uleb128 0x11
 359 000e 01       		.uleb128 0x1
 360 000f 10       		.uleb128 0x10
 361 0010 17       		.uleb128 0x17
 362 0011 00       		.byte	0
 363 0012 00       		.byte	0
 364 0013 02       		.uleb128 0x2
 365 0014 24       		.uleb128 0x24
 366 0015 00       		.byte	0
 367 0016 0B       		.uleb128 0xb
 368 0017 0B       		.uleb128 0xb
 369 0018 3E       		.uleb128 0x3e
 370 0019 0B       		.uleb128 0xb
 371 001a 03       		.uleb128 0x3
 372 001b 0E       		.uleb128 0xe
 373 001c 00       		.byte	0
 374 001d 00       		.byte	0
 375 001e 03       		.uleb128 0x3
 376 001f 24       		.uleb128 0x24
 377 0020 00       		.byte	0
 378 0021 0B       		.uleb128 0xb
 379 0022 0B       		.uleb128 0xb
 380 0023 3E       		.uleb128 0x3e
 381 0024 0B       		.uleb128 0xb
 382 0025 03       		.uleb128 0x3
 383 0026 08       		.uleb128 0x8
 384 0027 00       		.byte	0
 385 0028 00       		.byte	0
 386 0029 04       		.uleb128 0x4
 387 002a 16       		.uleb128 0x16
 388 002b 00       		.byte	0
 389 002c 03       		.uleb128 0x3
 390 002d 0E       		.uleb128 0xe
 391 002e 3A       		.uleb128 0x3a
 392 002f 0B       		.uleb128 0xb
 393 0030 3B       		.uleb128 0x3b
 394 0031 05       		.uleb128 0x5
 395 0032 49       		.uleb128 0x49
 396 0033 13       		.uleb128 0x13
 397 0034 00       		.byte	0
 398 0035 00       		.byte	0
 399 0036 05       		.uleb128 0x5
 400 0037 35       		.uleb128 0x35
 401 0038 00       		.byte	0
 402 0039 49       		.uleb128 0x49
 403 003a 13       		.uleb128 0x13
 404 003b 00       		.byte	0
 405 003c 00       		.byte	0
 406 003d 06       		.uleb128 0x6
 407 003e 13       		.uleb128 0x13
 408 003f 01       		.byte	0x1
 409 0040 0B       		.uleb128 0xb
 410 0041 0B       		.uleb128 0xb
ARM GAS  C:\Users\Simon\AppData\Local\Temp\ccXqHrCB.s 			page 11


 411 0042 3A       		.uleb128 0x3a
 412 0043 0B       		.uleb128 0xb
 413 0044 3B       		.uleb128 0x3b
 414 0045 0B       		.uleb128 0xb
 415 0046 01       		.uleb128 0x1
 416 0047 13       		.uleb128 0x13
 417 0048 00       		.byte	0
 418 0049 00       		.byte	0
 419 004a 07       		.uleb128 0x7
 420 004b 0D       		.uleb128 0xd
 421 004c 00       		.byte	0
 422 004d 03       		.uleb128 0x3
 423 004e 0E       		.uleb128 0xe
 424 004f 3A       		.uleb128 0x3a
 425 0050 0B       		.uleb128 0xb
 426 0051 3B       		.uleb128 0x3b
 427 0052 0B       		.uleb128 0xb
 428 0053 49       		.uleb128 0x49
 429 0054 13       		.uleb128 0x13
 430 0055 38       		.uleb128 0x38
 431 0056 0B       		.uleb128 0xb
 432 0057 00       		.byte	0
 433 0058 00       		.byte	0
 434 0059 08       		.uleb128 0x8
 435 005a 16       		.uleb128 0x16
 436 005b 00       		.byte	0
 437 005c 03       		.uleb128 0x3
 438 005d 0E       		.uleb128 0xe
 439 005e 3A       		.uleb128 0x3a
 440 005f 0B       		.uleb128 0xb
 441 0060 3B       		.uleb128 0x3b
 442 0061 0B       		.uleb128 0xb
 443 0062 49       		.uleb128 0x49
 444 0063 13       		.uleb128 0x13
 445 0064 00       		.byte	0
 446 0065 00       		.byte	0
 447 0066 09       		.uleb128 0x9
 448 0067 2E       		.uleb128 0x2e
 449 0068 01       		.byte	0x1
 450 0069 3F       		.uleb128 0x3f
 451 006a 19       		.uleb128 0x19
 452 006b 03       		.uleb128 0x3
 453 006c 0E       		.uleb128 0xe
 454 006d 3A       		.uleb128 0x3a
 455 006e 0B       		.uleb128 0xb
 456 006f 3B       		.uleb128 0x3b
 457 0070 0B       		.uleb128 0xb
 458 0071 27       		.uleb128 0x27
 459 0072 19       		.uleb128 0x19
 460 0073 11       		.uleb128 0x11
 461 0074 01       		.uleb128 0x1
 462 0075 12       		.uleb128 0x12
 463 0076 06       		.uleb128 0x6
 464 0077 40       		.uleb128 0x40
 465 0078 18       		.uleb128 0x18
 466 0079 9742     		.uleb128 0x2117
 467 007b 19       		.uleb128 0x19
ARM GAS  C:\Users\Simon\AppData\Local\Temp\ccXqHrCB.s 			page 12


 468 007c 01       		.uleb128 0x1
 469 007d 13       		.uleb128 0x13
 470 007e 00       		.byte	0
 471 007f 00       		.byte	0
 472 0080 0A       		.uleb128 0xa
 473 0081 898201   		.uleb128 0x4109
 474 0084 00       		.byte	0
 475 0085 11       		.uleb128 0x11
 476 0086 01       		.uleb128 0x1
 477 0087 31       		.uleb128 0x31
 478 0088 13       		.uleb128 0x13
 479 0089 00       		.byte	0
 480 008a 00       		.byte	0
 481 008b 0B       		.uleb128 0xb
 482 008c 34       		.uleb128 0x34
 483 008d 00       		.byte	0
 484 008e 03       		.uleb128 0x3
 485 008f 0E       		.uleb128 0xe
 486 0090 3A       		.uleb128 0x3a
 487 0091 0B       		.uleb128 0xb
 488 0092 3B       		.uleb128 0x3b
 489 0093 0B       		.uleb128 0xb
 490 0094 49       		.uleb128 0x49
 491 0095 13       		.uleb128 0x13
 492 0096 02       		.uleb128 0x2
 493 0097 18       		.uleb128 0x18
 494 0098 00       		.byte	0
 495 0099 00       		.byte	0
 496 009a 0C       		.uleb128 0xc
 497 009b 2E       		.uleb128 0x2e
 498 009c 00       		.byte	0
 499 009d 3F       		.uleb128 0x3f
 500 009e 19       		.uleb128 0x19
 501 009f 03       		.uleb128 0x3
 502 00a0 0E       		.uleb128 0xe
 503 00a1 3A       		.uleb128 0x3a
 504 00a2 0B       		.uleb128 0xb
 505 00a3 3B       		.uleb128 0x3b
 506 00a4 0B       		.uleb128 0xb
 507 00a5 27       		.uleb128 0x27
 508 00a6 19       		.uleb128 0x19
 509 00a7 49       		.uleb128 0x49
 510 00a8 13       		.uleb128 0x13
 511 00a9 3C       		.uleb128 0x3c
 512 00aa 19       		.uleb128 0x19
 513 00ab 00       		.byte	0
 514 00ac 00       		.byte	0
 515 00ad 0D       		.uleb128 0xd
 516 00ae 2E       		.uleb128 0x2e
 517 00af 01       		.byte	0x1
 518 00b0 3F       		.uleb128 0x3f
 519 00b1 19       		.uleb128 0x19
 520 00b2 03       		.uleb128 0x3
 521 00b3 0E       		.uleb128 0xe
 522 00b4 3A       		.uleb128 0x3a
 523 00b5 0B       		.uleb128 0xb
 524 00b6 3B       		.uleb128 0x3b
ARM GAS  C:\Users\Simon\AppData\Local\Temp\ccXqHrCB.s 			page 13


 525 00b7 0B       		.uleb128 0xb
 526 00b8 27       		.uleb128 0x27
 527 00b9 19       		.uleb128 0x19
 528 00ba 3C       		.uleb128 0x3c
 529 00bb 19       		.uleb128 0x19
 530 00bc 01       		.uleb128 0x1
 531 00bd 13       		.uleb128 0x13
 532 00be 00       		.byte	0
 533 00bf 00       		.byte	0
 534 00c0 0E       		.uleb128 0xe
 535 00c1 05       		.uleb128 0x5
 536 00c2 00       		.byte	0
 537 00c3 49       		.uleb128 0x49
 538 00c4 13       		.uleb128 0x13
 539 00c5 00       		.byte	0
 540 00c6 00       		.byte	0
 541 00c7 0F       		.uleb128 0xf
 542 00c8 2E       		.uleb128 0x2e
 543 00c9 00       		.byte	0
 544 00ca 3F       		.uleb128 0x3f
 545 00cb 19       		.uleb128 0x19
 546 00cc 03       		.uleb128 0x3
 547 00cd 0E       		.uleb128 0xe
 548 00ce 3A       		.uleb128 0x3a
 549 00cf 0B       		.uleb128 0xb
 550 00d0 3B       		.uleb128 0x3b
 551 00d1 0B       		.uleb128 0xb
 552 00d2 27       		.uleb128 0x27
 553 00d3 19       		.uleb128 0x19
 554 00d4 3C       		.uleb128 0x3c
 555 00d5 19       		.uleb128 0x19
 556 00d6 00       		.byte	0
 557 00d7 00       		.byte	0
 558 00d8 00       		.byte	0
 559              		.section	.debug_aranges,"",%progbits
 560 0000 34000000 		.4byte	0x34
 561 0004 0200     		.2byte	0x2
 562 0006 00000000 		.4byte	.Ldebug_info0
 563 000a 04       		.byte	0x4
 564 000b 00       		.byte	0
 565 000c 0000     		.2byte	0
 566 000e 0000     		.2byte	0
 567 0010 00000000 		.4byte	.LFB0
 568 0014 1C000000 		.4byte	.LFE0-.LFB0
 569 0018 00000000 		.4byte	.LFB1
 570 001c 1C000000 		.4byte	.LFE1-.LFB1
 571 0020 00000000 		.4byte	.LFB2
 572 0024 0C000000 		.4byte	.LFE2-.LFB2
 573 0028 00000000 		.4byte	.LFB3
 574 002c 08000000 		.4byte	.LFE3-.LFB3
 575 0030 00000000 		.4byte	0
 576 0034 00000000 		.4byte	0
 577              		.section	.debug_ranges,"",%progbits
 578              	.Ldebug_ranges0:
 579 0000 00000000 		.4byte	.LFB0
 580 0004 1C000000 		.4byte	.LFE0
 581 0008 00000000 		.4byte	.LFB1
ARM GAS  C:\Users\Simon\AppData\Local\Temp\ccXqHrCB.s 			page 14


 582 000c 1C000000 		.4byte	.LFE1
 583 0010 00000000 		.4byte	.LFB2
 584 0014 0C000000 		.4byte	.LFE2
 585 0018 00000000 		.4byte	.LFB3
 586 001c 08000000 		.4byte	.LFE3
 587 0020 00000000 		.4byte	0
 588 0024 00000000 		.4byte	0
 589              		.section	.debug_line,"",%progbits
 590              	.Ldebug_line0:
 591 0000 B0000000 		.section	.debug_str,"MS",%progbits,1
 591      02005A00 
 591      00000201 
 591      FB0E0D00 
 591      01010101 
 592              	.LASF16:
 593 0000 54696D65 		.ascii	"TimerEnableState\000"
 593      72456E61 
 593      626C6553 
 593      74617465 
 593      00
 594              	.LASF13:
 595 0011 63686172 		.ascii	"char\000"
 595      00
 596              	.LASF30:
 597 0016 44697374 		.ascii	"DistTimer_Stop\000"
 597      54696D65 
 597      725F5374 
 597      6F7000
 598              	.LASF3:
 599 0025 73686F72 		.ascii	"short unsigned int\000"
 599      7420756E 
 599      7369676E 
 599      65642069 
 599      6E7400
 600              	.LASF29:
 601 0038 44697374 		.ascii	"DistTimer_WriteCounter\000"
 601      54696D65 
 601      725F5772 
 601      69746543 
 601      6F756E74 
 602              	.LASF17:
 603 004f 54696D65 		.ascii	"TimerUdb\000"
 603      72556462 
 603      00
 604              	.LASF11:
 605 0058 666C6F61 		.ascii	"float\000"
 605      7400
 606              	.LASF1:
 607 005e 756E7369 		.ascii	"unsigned char\000"
 607      676E6564 
 607      20636861 
 607      7200
 608              	.LASF25:
 609 006c 2E5C4765 		.ascii	".\\Generated_Source\\PSoC4\\DistTimer_PM.c\000"
 609      6E657261 
 609      7465645F 
 609      536F7572 
ARM GAS  C:\Users\Simon\AppData\Local\Temp\ccXqHrCB.s 			page 15


 609      63655C50 
 610              	.LASF28:
 611 0094 44697374 		.ascii	"DistTimer_ReadCounter\000"
 611      54696D65 
 611      725F5265 
 611      6164436F 
 611      756E7465 
 612              	.LASF5:
 613 00aa 6C6F6E67 		.ascii	"long unsigned int\000"
 613      20756E73 
 613      69676E65 
 613      6420696E 
 613      7400
 614              	.LASF9:
 615 00bc 75696E74 		.ascii	"uint8\000"
 615      3800
 616              	.LASF12:
 617 00c2 646F7562 		.ascii	"double\000"
 617      6C6500
 618              	.LASF10:
 619 00c9 75696E74 		.ascii	"uint16\000"
 619      313600
 620              	.LASF8:
 621 00d0 756E7369 		.ascii	"unsigned int\000"
 621      676E6564 
 621      20696E74 
 621      00
 622              	.LASF19:
 623 00dd 44697374 		.ascii	"DistTimer_backupStruct\000"
 623      54696D65 
 623      725F6261 
 623      636B7570 
 623      53747275 
 624              	.LASF7:
 625 00f4 6C6F6E67 		.ascii	"long long unsigned int\000"
 625      206C6F6E 
 625      6720756E 
 625      7369676E 
 625      65642069 
 626              	.LASF22:
 627 010b 44697374 		.ascii	"DistTimer_Sleep\000"
 627      54696D65 
 627      725F536C 
 627      65657000 
 628              	.LASF14:
 629 011b 72656738 		.ascii	"reg8\000"
 629      00
 630              	.LASF15:
 631 0120 73697A65 		.ascii	"sizetype\000"
 631      74797065 
 631      00
 632              	.LASF6:
 633 0129 6C6F6E67 		.ascii	"long long int\000"
 633      206C6F6E 
 633      6720696E 
 633      7400
 634              	.LASF20:
ARM GAS  C:\Users\Simon\AppData\Local\Temp\ccXqHrCB.s 			page 16


 635 0137 44697374 		.ascii	"DistTimer_SaveConfig\000"
 635      54696D65 
 635      725F5361 
 635      7665436F 
 635      6E666967 
 636              	.LASF24:
 637 014c 474E5520 		.ascii	"GNU C 4.9.3 20150303 (release) [ARM/embedded-4_9-br"
 637      4320342E 
 637      392E3320 
 637      32303135 
 637      30333033 
 638 017f 616E6368 		.ascii	"anch revision 221220] -mcpu=cortex-m0 -mthumb -g -O"
 638      20726576 
 638      6973696F 
 638      6E203232 
 638      31323230 
 639 01b2 67202D66 		.ascii	"g -ffunction-sections -ffat-lto-objects\000"
 639      66756E63 
 639      74696F6E 
 639      2D736563 
 639      74696F6E 
 640              	.LASF2:
 641 01da 73686F72 		.ascii	"short int\000"
 641      7420696E 
 641      7400
 642              	.LASF21:
 643 01e4 44697374 		.ascii	"DistTimer_RestoreConfig\000"
 643      54696D65 
 643      725F5265 
 643      73746F72 
 643      65436F6E 
 644              	.LASF4:
 645 01fc 6C6F6E67 		.ascii	"long int\000"
 645      20696E74 
 645      00
 646              	.LASF27:
 647 0205 44697374 		.ascii	"DistTimer_backup\000"
 647      54696D65 
 647      725F6261 
 647      636B7570 
 647      00
 648              	.LASF0:
 649 0216 7369676E 		.ascii	"signed char\000"
 649      65642063 
 649      68617200 
 650              	.LASF26:
 651 0222 433A5C55 		.ascii	"C:\\Users\\Simon\\Documents\\GitHub\\E3PRJ3-Gruppe1"
 651      73657273 
 651      5C53696D 
 651      6F6E5C44 
 651      6F63756D 
 652 0250 5C50536F 		.ascii	"\\PSoC\\Sensor-PSoC.cydsn\000"
 652      435C5365 
 652      6E736F72 
 652      2D50536F 
 652      432E6379 
 653              	.LASF18:
ARM GAS  C:\Users\Simon\AppData\Local\Temp\ccXqHrCB.s 			page 17


 654 0268 496E7465 		.ascii	"InterruptMaskValue\000"
 654      72727570 
 654      744D6173 
 654      6B56616C 
 654      756500
 655              	.LASF23:
 656 027b 44697374 		.ascii	"DistTimer_Wakeup\000"
 656      54696D65 
 656      725F5761 
 656      6B657570 
 656      00
 657              		.ident	"GCC: (GNU Tools for ARM Embedded Processors) 4.9.3 20150303 (release) [ARM/embedded-4_9-br
