ARM GAS  C:\Users\Simon\AppData\Local\Temp\cc26I7Yd.s 			page 1


   1              		.cpu cortex-m0
   2              		.fpu softvfp
   3              		.eabi_attribute 20, 1
   4              		.eabi_attribute 21, 1
   5              		.eabi_attribute 23, 3
   6              		.eabi_attribute 24, 1
   7              		.eabi_attribute 25, 1
   8              		.eabi_attribute 26, 1
   9              		.eabi_attribute 30, 1
  10              		.eabi_attribute 34, 0
  11              		.eabi_attribute 18, 4
  12              		.code	16
  13              		.file	"i2c.c"
  14              		.text
  15              	.Ltext0:
  16              		.cfi_sections	.debug_frame
  17              		.section	.text.i2c_init,"ax",%progbits
  18              		.align	2
  19              		.global	i2c_init
  20              		.code	16
  21              		.thumb_func
  22              		.type	i2c_init, %function
  23              	i2c_init:
  24              	.LFB34:
  25              		.file 1 ".\\i2c.c"
   1:.\i2c.c       **** /* ========================================
   2:.\i2c.c       ****  *
   3:.\i2c.c       ****  * File: i2c.c
   4:.\i2c.c       ****  * Description: 
   5:.\i2c.c       ****  *
   6:.\i2c.c       ****  * University: AARHUS UNIVERSITY SCHOOL OF ENGINEERING
   7:.\i2c.c       ****  * Project: F16 - E3PRJ3-02 Semesterprojekt 3 [240501U178]
   8:.\i2c.c       ****  * Group: 1
   9:.\i2c.c       ****  * 
  10:.\i2c.c       ****  * Author: Jeppe Stærk
  11:.\i2c.c       ****  * Matriculation number: 201271201
  12:.\i2c.c       ****  *
  13:.\i2c.c       ****  * Version: 1.0
  14:.\i2c.c       ****  * Date: 13-05-2016
  15:.\i2c.c       ****  *
  16:.\i2c.c       ****  * ========================================
  17:.\i2c.c       **** */
  18:.\i2c.c       **** 
  19:.\i2c.c       **** #include "i2c.h"
  20:.\i2c.c       **** #include "queue.h"
  21:.\i2c.c       **** 
  22:.\i2c.c       **** uint8 i2cTxBuffer[I2C_BUFFER_SIZE] = {I2C_PACKET_SOP, I2C_STS_CMD_FAIL, I2C_STS_CMD_FAIL, I2C_PACKE
  23:.\i2c.c       **** uint8 i2cRxBuffer[I2C_BUFFER_SIZE];
  24:.\i2c.c       **** 
  25:.\i2c.c       **** void i2c_init()
  26:.\i2c.c       **** {
  26              		.loc 1 26 0
  27              		.cfi_startproc
  28 0000 08B5     		push	{r3, lr}
  29              		.cfi_def_cfa_offset 8
  30              		.cfi_offset 3, -8
  31              		.cfi_offset 14, -4
ARM GAS  C:\Users\Simon\AppData\Local\Temp\cc26I7Yd.s 			page 2


  27:.\i2c.c       ****     I2CS_I2CSlaveInitReadBuf(i2cTxBuffer, I2C_BUFFER_SIZE);
  32              		.loc 1 27 0
  33 0002 0948     		ldr	r0, .L2
  34 0004 0421     		mov	r1, #4
  35 0006 FFF7FEFF 		bl	I2CS_I2CSlaveInitReadBuf
  36              	.LVL0:
  28:.\i2c.c       ****     I2CS_I2CSlaveClearReadBuf();
  37              		.loc 1 28 0
  38 000a FFF7FEFF 		bl	I2CS_I2CSlaveClearReadBuf
  39              	.LVL1:
  29:.\i2c.c       ****     I2CS_I2CSlaveClearReadStatus();
  40              		.loc 1 29 0
  41 000e FFF7FEFF 		bl	I2CS_I2CSlaveClearReadStatus
  42              	.LVL2:
  30:.\i2c.c       ****     
  31:.\i2c.c       ****     I2CS_I2CSlaveInitWriteBuf(i2cRxBuffer, I2C_BUFFER_SIZE);
  43              		.loc 1 31 0
  44 0012 0648     		ldr	r0, .L2+4
  45 0014 0421     		mov	r1, #4
  46 0016 FFF7FEFF 		bl	I2CS_I2CSlaveInitWriteBuf
  47              	.LVL3:
  32:.\i2c.c       ****     I2CS_I2CSlaveClearWriteBuf();
  48              		.loc 1 32 0
  49 001a FFF7FEFF 		bl	I2CS_I2CSlaveClearWriteBuf
  50              	.LVL4:
  33:.\i2c.c       ****     I2CS_I2CSlaveClearWriteStatus();
  51              		.loc 1 33 0
  52 001e FFF7FEFF 		bl	I2CS_I2CSlaveClearWriteStatus
  53              	.LVL5:
  34:.\i2c.c       ****     
  35:.\i2c.c       ****     I2CS_Start();
  54              		.loc 1 35 0
  55 0022 FFF7FEFF 		bl	I2CS_Start
  56              	.LVL6:
  36:.\i2c.c       **** }
  57              		.loc 1 36 0
  58              		@ sp needed
  59 0026 08BD     		pop	{r3, pc}
  60              	.L3:
  61              		.align	2
  62              	.L2:
  63 0028 00000000 		.word	.LANCHOR0
  64 002c 00000000 		.word	i2cRxBuffer
  65              		.cfi_endproc
  66              	.LFE34:
  67              		.size	i2c_init, .-i2c_init
  68              		.section	.text.i2c_rx,"ax",%progbits
  69              		.align	2
  70              		.global	i2c_rx
  71              		.code	16
  72              		.thumb_func
  73              		.type	i2c_rx, %function
  74              	i2c_rx:
  75              	.LFB35:
  37:.\i2c.c       **** 
  38:.\i2c.c       **** void i2c_rx()
  39:.\i2c.c       **** {
ARM GAS  C:\Users\Simon\AppData\Local\Temp\cc26I7Yd.s 			page 3


  76              		.loc 1 39 0
  77              		.cfi_startproc
  78 0000 00B5     		push	{lr}
  79              		.cfi_def_cfa_offset 4
  80              		.cfi_offset 14, -4
  81 0002 83B0     		sub	sp, sp, #12
  82              		.cfi_def_cfa_offset 16
  40:.\i2c.c       ****   if(0u != (I2CS_I2CSlaveStatus() & I2CS_I2C_SSTAT_WR_CMPLT))
  83              		.loc 1 40 0
  84 0004 FFF7FEFF 		bl	I2CS_I2CSlaveStatus
  85              	.LVL7:
  86 0008 C306     		lsl	r3, r0, #27
  87 000a 14D5     		bpl	.L4
  41:.\i2c.c       ****   {
  42:.\i2c.c       ****     if(I2C_BUFFER_SIZE == I2CS_I2CSlaveGetWriteBufSize())
  88              		.loc 1 42 0
  89 000c FFF7FEFF 		bl	I2CS_I2CSlaveGetWriteBufSize
  90              	.LVL8:
  91 0010 0428     		cmp	r0, #4
  92 0012 0CD1     		bne	.L6
  43:.\i2c.c       ****     {
  44:.\i2c.c       ****       if((i2cRxBuffer[I2C_PACKET_SOP_POS] == I2C_PACKET_SOP) && (i2cRxBuffer[I2C_PACKET_EOP_POS] ==
  93              		.loc 1 44 0
  94 0014 094B     		ldr	r3, .L7
  95 0016 1B78     		ldrb	r3, [r3]
  96 0018 BE2B     		cmp	r3, #190
  97 001a 08D1     		bne	.L6
  98              		.loc 1 44 0 is_stmt 0 discriminator 1
  99 001c 074B     		ldr	r3, .L7
 100 001e DB78     		ldrb	r3, [r3, #3]
 101 0020 EF2B     		cmp	r3, #239
 102 0022 04D1     		bne	.L6
 103              	.LBB2:
  45:.\i2c.c       ****       {
  46:.\i2c.c       ****         struct Data action;
  47:.\i2c.c       ****         
  48:.\i2c.c       ****         action.cmd_ = i2cRxBuffer[I2C_PACKET_CMD_POS];
 104              		.loc 1 48 0 is_stmt 1
 105 0024 054B     		ldr	r3, .L7
 106 0026 5878     		ldrb	r0, [r3, #1]
  49:.\i2c.c       ****         action.val_ = i2cRxBuffer[I2C_PACKET_VAL_POS];
 107              		.loc 1 49 0
 108 0028 9978     		ldrb	r1, [r3, #2]
  50:.\i2c.c       ****         
  51:.\i2c.c       ****         pushQueue(action);
 109              		.loc 1 51 0
 110 002a FFF7FEFF 		bl	pushQueue
 111              	.LVL9:
 112              	.L6:
 113              	.LBE2:
  52:.\i2c.c       ****       }
  53:.\i2c.c       ****       else
  54:.\i2c.c       ****       {
  55:.\i2c.c       ****       }
  56:.\i2c.c       ****     }
  57:.\i2c.c       ****     I2CS_I2CSlaveClearWriteBuf();
 114              		.loc 1 57 0
ARM GAS  C:\Users\Simon\AppData\Local\Temp\cc26I7Yd.s 			page 4


 115 002e FFF7FEFF 		bl	I2CS_I2CSlaveClearWriteBuf
 116              	.LVL10:
  58:.\i2c.c       ****     (void) I2CS_I2CSlaveClearWriteStatus();
 117              		.loc 1 58 0
 118 0032 FFF7FEFF 		bl	I2CS_I2CSlaveClearWriteStatus
 119              	.LVL11:
 120              	.L4:
  59:.\i2c.c       ****   }
  60:.\i2c.c       **** }
 121              		.loc 1 60 0
 122 0036 03B0     		add	sp, sp, #12
 123              		@ sp needed
 124 0038 00BD     		pop	{pc}
 125              	.L8:
 126 003a C046     		.align	2
 127              	.L7:
 128 003c 00000000 		.word	i2cRxBuffer
 129              		.cfi_endproc
 130              	.LFE35:
 131              		.size	i2c_rx, .-i2c_rx
 132              		.section	.text.i2c_tx,"ax",%progbits
 133              		.align	2
 134              		.global	i2c_tx
 135              		.code	16
 136              		.thumb_func
 137              		.type	i2c_tx, %function
 138              	i2c_tx:
 139              	.LFB36:
  61:.\i2c.c       **** 
  62:.\i2c.c       **** void i2c_tx()
  63:.\i2c.c       **** {
 140              		.loc 1 63 0
 141              		.cfi_startproc
 142 0000 08B5     		push	{r3, lr}
 143              		.cfi_def_cfa_offset 8
 144              		.cfi_offset 3, -8
 145              		.cfi_offset 14, -4
  64:.\i2c.c       ****     if(0u != (I2CS_I2CSlaveStatus() & I2CS_I2C_SSTAT_RD_CMPLT))
 146              		.loc 1 64 0
 147 0002 FFF7FEFF 		bl	I2CS_I2CSlaveStatus
 148              	.LVL12:
 149 0006 C307     		lsl	r3, r0, #31
 150 0008 03D5     		bpl	.L9
  65:.\i2c.c       ****     {
  66:.\i2c.c       ****         I2CS_I2CSlaveClearReadBuf();
 151              		.loc 1 66 0
 152 000a FFF7FEFF 		bl	I2CS_I2CSlaveClearReadBuf
 153              	.LVL13:
  67:.\i2c.c       ****         (void) I2CS_I2CSlaveClearReadStatus();   
 154              		.loc 1 67 0
 155 000e FFF7FEFF 		bl	I2CS_I2CSlaveClearReadStatus
 156              	.LVL14:
 157              	.L9:
  68:.\i2c.c       ****     }   
  69:.\i2c.c       **** }
 158              		.loc 1 69 0
 159              		@ sp needed
ARM GAS  C:\Users\Simon\AppData\Local\Temp\cc26I7Yd.s 			page 5


 160 0012 08BD     		pop	{r3, pc}
 161              		.cfi_endproc
 162              	.LFE36:
 163              		.size	i2c_tx, .-i2c_tx
 164              		.comm	i2cRxBuffer,4,4
 165              		.global	i2cTxBuffer
 166              		.data
 167              		.align	2
 168              		.set	.LANCHOR0,. + 0
 169              		.type	i2cTxBuffer, %object
 170              		.size	i2cTxBuffer, 4
 171              	i2cTxBuffer:
 172 0000 BE       		.byte	-66
 173 0001 EE       		.byte	-18
 174 0002 EE       		.byte	-18
 175 0003 EF       		.byte	-17
 176              		.text
 177              	.Letext0:
 178              		.file 2 "Generated_Source\\PSoC4/cytypes.h"
 179              		.file 3 ".\\queue.h"
 180              		.file 4 "Generated_Source\\PSoC4/I2CS_I2C.h"
 181              		.file 5 "Generated_Source\\PSoC4/I2CS.h"
 182              		.section	.debug_info,"",%progbits
 183              	.Ldebug_info0:
 184 0000 87020000 		.4byte	0x287
 185 0004 0400     		.2byte	0x4
 186 0006 00000000 		.4byte	.Ldebug_abbrev0
 187 000a 04       		.byte	0x4
 188 000b 01       		.uleb128 0x1
 189 000c E1010000 		.4byte	.LASF32
 190 0010 01       		.byte	0x1
 191 0011 AE020000 		.4byte	.LASF33
 192 0015 4D000000 		.4byte	.LASF34
 193 0019 00000000 		.4byte	.Ldebug_ranges0+0
 194 001d 00000000 		.4byte	0
 195 0021 00000000 		.4byte	.Ldebug_line0
 196 0025 02       		.uleb128 0x2
 197 0026 01       		.byte	0x1
 198 0027 06       		.byte	0x6
 199 0028 A2020000 		.4byte	.LASF0
 200 002c 02       		.uleb128 0x2
 201 002d 01       		.byte	0x1
 202 002e 08       		.byte	0x8
 203 002f B7000000 		.4byte	.LASF1
 204 0033 02       		.uleb128 0x2
 205 0034 02       		.byte	0x2
 206 0035 05       		.byte	0x5
 207 0036 6F020000 		.4byte	.LASF2
 208 003a 02       		.uleb128 0x2
 209 003b 02       		.byte	0x2
 210 003c 07       		.byte	0x7
 211 003d 30000000 		.4byte	.LASF3
 212 0041 02       		.uleb128 0x2
 213 0042 04       		.byte	0x4
 214 0043 05       		.byte	0x5
 215 0044 94020000 		.4byte	.LASF4
 216 0048 02       		.uleb128 0x2
ARM GAS  C:\Users\Simon\AppData\Local\Temp\cc26I7Yd.s 			page 6


 217 0049 04       		.byte	0x4
 218 004a 07       		.byte	0x7
 219 004b CC000000 		.4byte	.LASF5
 220 004f 02       		.uleb128 0x2
 221 0050 08       		.byte	0x8
 222 0051 05       		.byte	0x5
 223 0052 92010000 		.4byte	.LASF6
 224 0056 02       		.uleb128 0x2
 225 0057 08       		.byte	0x8
 226 0058 07       		.byte	0x7
 227 0059 6B010000 		.4byte	.LASF7
 228 005d 03       		.uleb128 0x3
 229 005e 04       		.byte	0x4
 230 005f 05       		.byte	0x5
 231 0060 696E7400 		.ascii	"int\000"
 232 0064 02       		.uleb128 0x2
 233 0065 04       		.byte	0x4
 234 0066 07       		.byte	0x7
 235 0067 52010000 		.4byte	.LASF8
 236 006b 04       		.uleb128 0x4
 237 006c DE000000 		.4byte	.LASF9
 238 0070 02       		.byte	0x2
 239 0071 3801     		.2byte	0x138
 240 0073 2C000000 		.4byte	0x2c
 241 0077 04       		.uleb128 0x4
 242 0078 14010000 		.4byte	.LASF10
 243 007c 02       		.byte	0x2
 244 007d 3A01     		.2byte	0x13a
 245 007f 48000000 		.4byte	0x48
 246 0083 02       		.uleb128 0x2
 247 0084 04       		.byte	0x4
 248 0085 04       		.byte	0x4
 249 0086 B1000000 		.4byte	.LASF11
 250 008a 02       		.uleb128 0x2
 251 008b 08       		.byte	0x8
 252 008c 04       		.byte	0x4
 253 008d 01010000 		.4byte	.LASF12
 254 0091 02       		.uleb128 0x2
 255 0092 01       		.byte	0x1
 256 0093 08       		.byte	0x8
 257 0094 9D020000 		.4byte	.LASF13
 258 0098 02       		.uleb128 0x2
 259 0099 04       		.byte	0x4
 260 009a 07       		.byte	0x7
 261 009b 89010000 		.4byte	.LASF14
 262 009f 05       		.uleb128 0x5
 263 00a0 08010000 		.4byte	.LASF35
 264 00a4 08       		.byte	0x8
 265 00a5 03       		.byte	0x3
 266 00a6 18       		.byte	0x18
 267 00a7 C4000000 		.4byte	0xc4
 268 00ab 06       		.uleb128 0x6
 269 00ac DC010000 		.4byte	.LASF15
 270 00b0 03       		.byte	0x3
 271 00b1 1A       		.byte	0x1a
 272 00b2 5D000000 		.4byte	0x5d
 273 00b6 00       		.byte	0
ARM GAS  C:\Users\Simon\AppData\Local\Temp\cc26I7Yd.s 			page 7


 274 00b7 06       		.uleb128 0x6
 275 00b8 BD010000 		.4byte	.LASF16
 276 00bc 03       		.byte	0x3
 277 00bd 1B       		.byte	0x1b
 278 00be 5D000000 		.4byte	0x5d
 279 00c2 04       		.byte	0x4
 280 00c3 00       		.byte	0
 281 00c4 07       		.uleb128 0x7
 282 00c5 E4000000 		.4byte	.LASF17
 283 00c9 01       		.byte	0x1
 284 00ca 19       		.byte	0x19
 285 00cb 00000000 		.4byte	.LFB34
 286 00cf 30000000 		.4byte	.LFE34-.LFB34
 287 00d3 01       		.uleb128 0x1
 288 00d4 9C       		.byte	0x9c
 289 00d5 3F010000 		.4byte	0x13f
 290 00d9 08       		.uleb128 0x8
 291 00da 0A000000 		.4byte	.LVL0
 292 00de 01020000 		.4byte	0x201
 293 00e2 F5000000 		.4byte	0xf5
 294 00e6 09       		.uleb128 0x9
 295 00e7 01       		.uleb128 0x1
 296 00e8 51       		.byte	0x51
 297 00e9 01       		.uleb128 0x1
 298 00ea 34       		.byte	0x34
 299 00eb 09       		.uleb128 0x9
 300 00ec 01       		.uleb128 0x1
 301 00ed 50       		.byte	0x50
 302 00ee 05       		.uleb128 0x5
 303 00ef 03       		.byte	0x3
 304 00f0 00000000 		.4byte	.LANCHOR0
 305 00f4 00       		.byte	0
 306 00f5 0A       		.uleb128 0xa
 307 00f6 0E000000 		.4byte	.LVL1
 308 00fa 1D020000 		.4byte	0x21d
 309 00fe 0A       		.uleb128 0xa
 310 00ff 12000000 		.4byte	.LVL2
 311 0103 24020000 		.4byte	0x224
 312 0107 08       		.uleb128 0x8
 313 0108 1A000000 		.4byte	.LVL3
 314 010c 2F020000 		.4byte	0x22f
 315 0110 23010000 		.4byte	0x123
 316 0114 09       		.uleb128 0x9
 317 0115 01       		.uleb128 0x1
 318 0116 51       		.byte	0x51
 319 0117 01       		.uleb128 0x1
 320 0118 34       		.byte	0x34
 321 0119 09       		.uleb128 0x9
 322 011a 01       		.uleb128 0x1
 323 011b 50       		.byte	0x50
 324 011c 05       		.uleb128 0x5
 325 011d 03       		.byte	0x3
 326 011e 00000000 		.4byte	i2cRxBuffer
 327 0122 00       		.byte	0
 328 0123 0A       		.uleb128 0xa
 329 0124 1E000000 		.4byte	.LVL4
 330 0128 45020000 		.4byte	0x245
ARM GAS  C:\Users\Simon\AppData\Local\Temp\cc26I7Yd.s 			page 8


 331 012c 0A       		.uleb128 0xa
 332 012d 22000000 		.4byte	.LVL5
 333 0131 4C020000 		.4byte	0x24c
 334 0135 0A       		.uleb128 0xa
 335 0136 26000000 		.4byte	.LVL6
 336 013a 57020000 		.4byte	0x257
 337 013e 00       		.byte	0
 338 013f 07       		.uleb128 0x7
 339 0140 0D010000 		.4byte	.LASF18
 340 0144 01       		.byte	0x1
 341 0145 26       		.byte	0x26
 342 0146 00000000 		.4byte	.LFB35
 343 014a 40000000 		.4byte	.LFE35-.LFB35
 344 014e 01       		.uleb128 0x1
 345 014f 9C       		.byte	0x9c
 346 0150 9E010000 		.4byte	0x19e
 347 0154 0B       		.uleb128 0xb
 348 0155 24000000 		.4byte	.LBB2
 349 0159 0A000000 		.4byte	.LBE2-.LBB2
 350 015d 79010000 		.4byte	0x179
 351 0161 0C       		.uleb128 0xc
 352 0162 C5000000 		.4byte	.LASF36
 353 0166 01       		.byte	0x1
 354 0167 2E       		.byte	0x2e
 355 0168 9F000000 		.4byte	0x9f
 356 016c 02       		.uleb128 0x2
 357 016d 91       		.byte	0x91
 358 016e 70       		.sleb128 -16
 359 016f 0A       		.uleb128 0xa
 360 0170 2E000000 		.4byte	.LVL9
 361 0174 5E020000 		.4byte	0x25e
 362 0178 00       		.byte	0
 363 0179 0A       		.uleb128 0xa
 364 017a 08000000 		.4byte	.LVL7
 365 017e 74020000 		.4byte	0x274
 366 0182 0A       		.uleb128 0xa
 367 0183 10000000 		.4byte	.LVL8
 368 0187 7F020000 		.4byte	0x27f
 369 018b 0A       		.uleb128 0xa
 370 018c 32000000 		.4byte	.LVL10
 371 0190 45020000 		.4byte	0x245
 372 0194 0A       		.uleb128 0xa
 373 0195 36000000 		.4byte	.LVL11
 374 0199 4C020000 		.4byte	0x24c
 375 019d 00       		.byte	0
 376 019e 07       		.uleb128 0x7
 377 019f 82010000 		.4byte	.LASF19
 378 01a3 01       		.byte	0x1
 379 01a4 3E       		.byte	0x3e
 380 01a5 00000000 		.4byte	.LFB36
 381 01a9 14000000 		.4byte	.LFE36-.LFB36
 382 01ad 01       		.uleb128 0x1
 383 01ae 9C       		.byte	0x9c
 384 01af CF010000 		.4byte	0x1cf
 385 01b3 0A       		.uleb128 0xa
 386 01b4 06000000 		.4byte	.LVL12
 387 01b8 74020000 		.4byte	0x274
ARM GAS  C:\Users\Simon\AppData\Local\Temp\cc26I7Yd.s 			page 9


 388 01bc 0A       		.uleb128 0xa
 389 01bd 0E000000 		.4byte	.LVL13
 390 01c1 1D020000 		.4byte	0x21d
 391 01c5 0A       		.uleb128 0xa
 392 01c6 12000000 		.4byte	.LVL14
 393 01ca 24020000 		.4byte	0x224
 394 01ce 00       		.byte	0
 395 01cf 0D       		.uleb128 0xd
 396 01d0 6B000000 		.4byte	0x6b
 397 01d4 DF010000 		.4byte	0x1df
 398 01d8 0E       		.uleb128 0xe
 399 01d9 98000000 		.4byte	0x98
 400 01dd 03       		.byte	0x3
 401 01de 00       		.byte	0
 402 01df 0F       		.uleb128 0xf
 403 01e0 5F010000 		.4byte	.LASF20
 404 01e4 01       		.byte	0x1
 405 01e5 16       		.byte	0x16
 406 01e6 CF010000 		.4byte	0x1cf
 407 01ea 05       		.uleb128 0x5
 408 01eb 03       		.byte	0x3
 409 01ec 00000000 		.4byte	i2cTxBuffer
 410 01f0 0F       		.uleb128 0xf
 411 01f1 24000000 		.4byte	.LASF21
 412 01f5 01       		.byte	0x1
 413 01f6 17       		.byte	0x17
 414 01f7 CF010000 		.4byte	0x1cf
 415 01fb 05       		.uleb128 0x5
 416 01fc 03       		.byte	0x3
 417 01fd 00000000 		.4byte	i2cRxBuffer
 418 0201 10       		.uleb128 0x10
 419 0202 0B000000 		.4byte	.LASF22
 420 0206 04       		.byte	0x4
 421 0207 DF       		.byte	0xdf
 422 0208 17020000 		.4byte	0x217
 423 020c 11       		.uleb128 0x11
 424 020d 17020000 		.4byte	0x217
 425 0211 11       		.uleb128 0x11
 426 0212 77000000 		.4byte	0x77
 427 0216 00       		.byte	0
 428 0217 12       		.uleb128 0x12
 429 0218 04       		.byte	0x4
 430 0219 6B000000 		.4byte	0x6b
 431 021d 13       		.uleb128 0x13
 432 021e C2010000 		.4byte	.LASF24
 433 0222 04       		.byte	0x4
 434 0223 E3       		.byte	0xe3
 435 0224 14       		.uleb128 0x14
 436 0225 A0010000 		.4byte	.LASF26
 437 0229 04       		.byte	0x4
 438 022a D7       		.byte	0xd7
 439 022b 77000000 		.4byte	0x77
 440 022f 10       		.uleb128 0x10
 441 0230 38010000 		.4byte	.LASF23
 442 0234 04       		.byte	0x4
 443 0235 E0       		.byte	0xe0
 444 0236 45020000 		.4byte	0x245
ARM GAS  C:\Users\Simon\AppData\Local\Temp\cc26I7Yd.s 			page 10


 445 023a 11       		.uleb128 0x11
 446 023b 17020000 		.4byte	0x217
 447 023f 11       		.uleb128 0x11
 448 0240 77000000 		.4byte	0x77
 449 0244 00       		.byte	0
 450 0245 13       		.uleb128 0x13
 451 0246 79020000 		.4byte	.LASF25
 452 024a 04       		.byte	0x4
 453 024b E4       		.byte	0xe4
 454 024c 14       		.uleb128 0x14
 455 024d 93000000 		.4byte	.LASF27
 456 0251 04       		.byte	0x4
 457 0252 D8       		.byte	0xd8
 458 0253 77000000 		.4byte	0x77
 459 0257 13       		.uleb128 0x13
 460 0258 00000000 		.4byte	.LASF28
 461 025c 05       		.byte	0x5
 462 025d 68       		.byte	0x68
 463 025e 10       		.uleb128 0x10
 464 025f 43000000 		.4byte	.LASF29
 465 0263 03       		.byte	0x3
 466 0264 23       		.byte	0x23
 467 0265 6F020000 		.4byte	0x26f
 468 0269 11       		.uleb128 0x11
 469 026a 6F020000 		.4byte	0x26f
 470 026e 00       		.byte	0
 471 026f 15       		.uleb128 0x15
 472 0270 9F000000 		.4byte	0x9f
 473 0274 14       		.uleb128 0x14
 474 0275 ED000000 		.4byte	.LASF30
 475 0279 04       		.byte	0x4
 476 027a D6       		.byte	0xd6
 477 027b 77000000 		.4byte	0x77
 478 027f 14       		.uleb128 0x14
 479 0280 1B010000 		.4byte	.LASF31
 480 0284 04       		.byte	0x4
 481 0285 E2       		.byte	0xe2
 482 0286 77000000 		.4byte	0x77
 483 028a 00       		.byte	0
 484              		.section	.debug_abbrev,"",%progbits
 485              	.Ldebug_abbrev0:
 486 0000 01       		.uleb128 0x1
 487 0001 11       		.uleb128 0x11
 488 0002 01       		.byte	0x1
 489 0003 25       		.uleb128 0x25
 490 0004 0E       		.uleb128 0xe
 491 0005 13       		.uleb128 0x13
 492 0006 0B       		.uleb128 0xb
 493 0007 03       		.uleb128 0x3
 494 0008 0E       		.uleb128 0xe
 495 0009 1B       		.uleb128 0x1b
 496 000a 0E       		.uleb128 0xe
 497 000b 55       		.uleb128 0x55
 498 000c 17       		.uleb128 0x17
 499 000d 11       		.uleb128 0x11
 500 000e 01       		.uleb128 0x1
 501 000f 10       		.uleb128 0x10
ARM GAS  C:\Users\Simon\AppData\Local\Temp\cc26I7Yd.s 			page 11


 502 0010 17       		.uleb128 0x17
 503 0011 00       		.byte	0
 504 0012 00       		.byte	0
 505 0013 02       		.uleb128 0x2
 506 0014 24       		.uleb128 0x24
 507 0015 00       		.byte	0
 508 0016 0B       		.uleb128 0xb
 509 0017 0B       		.uleb128 0xb
 510 0018 3E       		.uleb128 0x3e
 511 0019 0B       		.uleb128 0xb
 512 001a 03       		.uleb128 0x3
 513 001b 0E       		.uleb128 0xe
 514 001c 00       		.byte	0
 515 001d 00       		.byte	0
 516 001e 03       		.uleb128 0x3
 517 001f 24       		.uleb128 0x24
 518 0020 00       		.byte	0
 519 0021 0B       		.uleb128 0xb
 520 0022 0B       		.uleb128 0xb
 521 0023 3E       		.uleb128 0x3e
 522 0024 0B       		.uleb128 0xb
 523 0025 03       		.uleb128 0x3
 524 0026 08       		.uleb128 0x8
 525 0027 00       		.byte	0
 526 0028 00       		.byte	0
 527 0029 04       		.uleb128 0x4
 528 002a 16       		.uleb128 0x16
 529 002b 00       		.byte	0
 530 002c 03       		.uleb128 0x3
 531 002d 0E       		.uleb128 0xe
 532 002e 3A       		.uleb128 0x3a
 533 002f 0B       		.uleb128 0xb
 534 0030 3B       		.uleb128 0x3b
 535 0031 05       		.uleb128 0x5
 536 0032 49       		.uleb128 0x49
 537 0033 13       		.uleb128 0x13
 538 0034 00       		.byte	0
 539 0035 00       		.byte	0
 540 0036 05       		.uleb128 0x5
 541 0037 13       		.uleb128 0x13
 542 0038 01       		.byte	0x1
 543 0039 03       		.uleb128 0x3
 544 003a 0E       		.uleb128 0xe
 545 003b 0B       		.uleb128 0xb
 546 003c 0B       		.uleb128 0xb
 547 003d 3A       		.uleb128 0x3a
 548 003e 0B       		.uleb128 0xb
 549 003f 3B       		.uleb128 0x3b
 550 0040 0B       		.uleb128 0xb
 551 0041 01       		.uleb128 0x1
 552 0042 13       		.uleb128 0x13
 553 0043 00       		.byte	0
 554 0044 00       		.byte	0
 555 0045 06       		.uleb128 0x6
 556 0046 0D       		.uleb128 0xd
 557 0047 00       		.byte	0
 558 0048 03       		.uleb128 0x3
ARM GAS  C:\Users\Simon\AppData\Local\Temp\cc26I7Yd.s 			page 12


 559 0049 0E       		.uleb128 0xe
 560 004a 3A       		.uleb128 0x3a
 561 004b 0B       		.uleb128 0xb
 562 004c 3B       		.uleb128 0x3b
 563 004d 0B       		.uleb128 0xb
 564 004e 49       		.uleb128 0x49
 565 004f 13       		.uleb128 0x13
 566 0050 38       		.uleb128 0x38
 567 0051 0B       		.uleb128 0xb
 568 0052 00       		.byte	0
 569 0053 00       		.byte	0
 570 0054 07       		.uleb128 0x7
 571 0055 2E       		.uleb128 0x2e
 572 0056 01       		.byte	0x1
 573 0057 3F       		.uleb128 0x3f
 574 0058 19       		.uleb128 0x19
 575 0059 03       		.uleb128 0x3
 576 005a 0E       		.uleb128 0xe
 577 005b 3A       		.uleb128 0x3a
 578 005c 0B       		.uleb128 0xb
 579 005d 3B       		.uleb128 0x3b
 580 005e 0B       		.uleb128 0xb
 581 005f 27       		.uleb128 0x27
 582 0060 19       		.uleb128 0x19
 583 0061 11       		.uleb128 0x11
 584 0062 01       		.uleb128 0x1
 585 0063 12       		.uleb128 0x12
 586 0064 06       		.uleb128 0x6
 587 0065 40       		.uleb128 0x40
 588 0066 18       		.uleb128 0x18
 589 0067 9742     		.uleb128 0x2117
 590 0069 19       		.uleb128 0x19
 591 006a 01       		.uleb128 0x1
 592 006b 13       		.uleb128 0x13
 593 006c 00       		.byte	0
 594 006d 00       		.byte	0
 595 006e 08       		.uleb128 0x8
 596 006f 898201   		.uleb128 0x4109
 597 0072 01       		.byte	0x1
 598 0073 11       		.uleb128 0x11
 599 0074 01       		.uleb128 0x1
 600 0075 31       		.uleb128 0x31
 601 0076 13       		.uleb128 0x13
 602 0077 01       		.uleb128 0x1
 603 0078 13       		.uleb128 0x13
 604 0079 00       		.byte	0
 605 007a 00       		.byte	0
 606 007b 09       		.uleb128 0x9
 607 007c 8A8201   		.uleb128 0x410a
 608 007f 00       		.byte	0
 609 0080 02       		.uleb128 0x2
 610 0081 18       		.uleb128 0x18
 611 0082 9142     		.uleb128 0x2111
 612 0084 18       		.uleb128 0x18
 613 0085 00       		.byte	0
 614 0086 00       		.byte	0
 615 0087 0A       		.uleb128 0xa
ARM GAS  C:\Users\Simon\AppData\Local\Temp\cc26I7Yd.s 			page 13


 616 0088 898201   		.uleb128 0x4109
 617 008b 00       		.byte	0
 618 008c 11       		.uleb128 0x11
 619 008d 01       		.uleb128 0x1
 620 008e 31       		.uleb128 0x31
 621 008f 13       		.uleb128 0x13
 622 0090 00       		.byte	0
 623 0091 00       		.byte	0
 624 0092 0B       		.uleb128 0xb
 625 0093 0B       		.uleb128 0xb
 626 0094 01       		.byte	0x1
 627 0095 11       		.uleb128 0x11
 628 0096 01       		.uleb128 0x1
 629 0097 12       		.uleb128 0x12
 630 0098 06       		.uleb128 0x6
 631 0099 01       		.uleb128 0x1
 632 009a 13       		.uleb128 0x13
 633 009b 00       		.byte	0
 634 009c 00       		.byte	0
 635 009d 0C       		.uleb128 0xc
 636 009e 34       		.uleb128 0x34
 637 009f 00       		.byte	0
 638 00a0 03       		.uleb128 0x3
 639 00a1 0E       		.uleb128 0xe
 640 00a2 3A       		.uleb128 0x3a
 641 00a3 0B       		.uleb128 0xb
 642 00a4 3B       		.uleb128 0x3b
 643 00a5 0B       		.uleb128 0xb
 644 00a6 49       		.uleb128 0x49
 645 00a7 13       		.uleb128 0x13
 646 00a8 02       		.uleb128 0x2
 647 00a9 18       		.uleb128 0x18
 648 00aa 00       		.byte	0
 649 00ab 00       		.byte	0
 650 00ac 0D       		.uleb128 0xd
 651 00ad 01       		.uleb128 0x1
 652 00ae 01       		.byte	0x1
 653 00af 49       		.uleb128 0x49
 654 00b0 13       		.uleb128 0x13
 655 00b1 01       		.uleb128 0x1
 656 00b2 13       		.uleb128 0x13
 657 00b3 00       		.byte	0
 658 00b4 00       		.byte	0
 659 00b5 0E       		.uleb128 0xe
 660 00b6 21       		.uleb128 0x21
 661 00b7 00       		.byte	0
 662 00b8 49       		.uleb128 0x49
 663 00b9 13       		.uleb128 0x13
 664 00ba 2F       		.uleb128 0x2f
 665 00bb 0B       		.uleb128 0xb
 666 00bc 00       		.byte	0
 667 00bd 00       		.byte	0
 668 00be 0F       		.uleb128 0xf
 669 00bf 34       		.uleb128 0x34
 670 00c0 00       		.byte	0
 671 00c1 03       		.uleb128 0x3
 672 00c2 0E       		.uleb128 0xe
ARM GAS  C:\Users\Simon\AppData\Local\Temp\cc26I7Yd.s 			page 14


 673 00c3 3A       		.uleb128 0x3a
 674 00c4 0B       		.uleb128 0xb
 675 00c5 3B       		.uleb128 0x3b
 676 00c6 0B       		.uleb128 0xb
 677 00c7 49       		.uleb128 0x49
 678 00c8 13       		.uleb128 0x13
 679 00c9 3F       		.uleb128 0x3f
 680 00ca 19       		.uleb128 0x19
 681 00cb 02       		.uleb128 0x2
 682 00cc 18       		.uleb128 0x18
 683 00cd 00       		.byte	0
 684 00ce 00       		.byte	0
 685 00cf 10       		.uleb128 0x10
 686 00d0 2E       		.uleb128 0x2e
 687 00d1 01       		.byte	0x1
 688 00d2 3F       		.uleb128 0x3f
 689 00d3 19       		.uleb128 0x19
 690 00d4 03       		.uleb128 0x3
 691 00d5 0E       		.uleb128 0xe
 692 00d6 3A       		.uleb128 0x3a
 693 00d7 0B       		.uleb128 0xb
 694 00d8 3B       		.uleb128 0x3b
 695 00d9 0B       		.uleb128 0xb
 696 00da 27       		.uleb128 0x27
 697 00db 19       		.uleb128 0x19
 698 00dc 3C       		.uleb128 0x3c
 699 00dd 19       		.uleb128 0x19
 700 00de 01       		.uleb128 0x1
 701 00df 13       		.uleb128 0x13
 702 00e0 00       		.byte	0
 703 00e1 00       		.byte	0
 704 00e2 11       		.uleb128 0x11
 705 00e3 05       		.uleb128 0x5
 706 00e4 00       		.byte	0
 707 00e5 49       		.uleb128 0x49
 708 00e6 13       		.uleb128 0x13
 709 00e7 00       		.byte	0
 710 00e8 00       		.byte	0
 711 00e9 12       		.uleb128 0x12
 712 00ea 0F       		.uleb128 0xf
 713 00eb 00       		.byte	0
 714 00ec 0B       		.uleb128 0xb
 715 00ed 0B       		.uleb128 0xb
 716 00ee 49       		.uleb128 0x49
 717 00ef 13       		.uleb128 0x13
 718 00f0 00       		.byte	0
 719 00f1 00       		.byte	0
 720 00f2 13       		.uleb128 0x13
 721 00f3 2E       		.uleb128 0x2e
 722 00f4 00       		.byte	0
 723 00f5 3F       		.uleb128 0x3f
 724 00f6 19       		.uleb128 0x19
 725 00f7 03       		.uleb128 0x3
 726 00f8 0E       		.uleb128 0xe
 727 00f9 3A       		.uleb128 0x3a
 728 00fa 0B       		.uleb128 0xb
 729 00fb 3B       		.uleb128 0x3b
ARM GAS  C:\Users\Simon\AppData\Local\Temp\cc26I7Yd.s 			page 15


 730 00fc 0B       		.uleb128 0xb
 731 00fd 27       		.uleb128 0x27
 732 00fe 19       		.uleb128 0x19
 733 00ff 3C       		.uleb128 0x3c
 734 0100 19       		.uleb128 0x19
 735 0101 00       		.byte	0
 736 0102 00       		.byte	0
 737 0103 14       		.uleb128 0x14
 738 0104 2E       		.uleb128 0x2e
 739 0105 00       		.byte	0
 740 0106 3F       		.uleb128 0x3f
 741 0107 19       		.uleb128 0x19
 742 0108 03       		.uleb128 0x3
 743 0109 0E       		.uleb128 0xe
 744 010a 3A       		.uleb128 0x3a
 745 010b 0B       		.uleb128 0xb
 746 010c 3B       		.uleb128 0x3b
 747 010d 0B       		.uleb128 0xb
 748 010e 27       		.uleb128 0x27
 749 010f 19       		.uleb128 0x19
 750 0110 49       		.uleb128 0x49
 751 0111 13       		.uleb128 0x13
 752 0112 3C       		.uleb128 0x3c
 753 0113 19       		.uleb128 0x19
 754 0114 00       		.byte	0
 755 0115 00       		.byte	0
 756 0116 15       		.uleb128 0x15
 757 0117 26       		.uleb128 0x26
 758 0118 00       		.byte	0
 759 0119 49       		.uleb128 0x49
 760 011a 13       		.uleb128 0x13
 761 011b 00       		.byte	0
 762 011c 00       		.byte	0
 763 011d 00       		.byte	0
 764              		.section	.debug_aranges,"",%progbits
 765 0000 2C000000 		.4byte	0x2c
 766 0004 0200     		.2byte	0x2
 767 0006 00000000 		.4byte	.Ldebug_info0
 768 000a 04       		.byte	0x4
 769 000b 00       		.byte	0
 770 000c 0000     		.2byte	0
 771 000e 0000     		.2byte	0
 772 0010 00000000 		.4byte	.LFB34
 773 0014 30000000 		.4byte	.LFE34-.LFB34
 774 0018 00000000 		.4byte	.LFB35
 775 001c 40000000 		.4byte	.LFE35-.LFB35
 776 0020 00000000 		.4byte	.LFB36
 777 0024 14000000 		.4byte	.LFE36-.LFB36
 778 0028 00000000 		.4byte	0
 779 002c 00000000 		.4byte	0
 780              		.section	.debug_ranges,"",%progbits
 781              	.Ldebug_ranges0:
 782 0000 00000000 		.4byte	.LFB34
 783 0004 30000000 		.4byte	.LFE34
 784 0008 00000000 		.4byte	.LFB35
 785 000c 40000000 		.4byte	.LFE35
 786 0010 00000000 		.4byte	.LFB36
ARM GAS  C:\Users\Simon\AppData\Local\Temp\cc26I7Yd.s 			page 16


 787 0014 14000000 		.4byte	.LFE36
 788 0018 00000000 		.4byte	0
 789 001c 00000000 		.4byte	0
 790              		.section	.debug_line,"",%progbits
 791              	.Ldebug_line0:
 792 0000 B6000000 		.section	.debug_str,"MS",%progbits,1
 792      02006700 
 792      00000201 
 792      FB0E0D00 
 792      01010101 
 793              	.LASF28:
 794 0000 49324353 		.ascii	"I2CS_Start\000"
 794      5F537461 
 794      727400
 795              	.LASF22:
 796 000b 49324353 		.ascii	"I2CS_I2CSlaveInitReadBuf\000"
 796      5F493243 
 796      536C6176 
 796      65496E69 
 796      74526561 
 797              	.LASF21:
 798 0024 69326352 		.ascii	"i2cRxBuffer\000"
 798      78427566 
 798      66657200 
 799              	.LASF3:
 800 0030 73686F72 		.ascii	"short unsigned int\000"
 800      7420756E 
 800      7369676E 
 800      65642069 
 800      6E7400
 801              	.LASF29:
 802 0043 70757368 		.ascii	"pushQueue\000"
 802      51756575 
 802      6500
 803              	.LASF34:
 804 004d 433A5C55 		.ascii	"C:\\Users\\Simon\\Documents\\GitHub\\E3PRJ3-Gruppe1"
 804      73657273 
 804      5C53696D 
 804      6F6E5C44 
 804      6F63756D 
 805 007b 5C50536F 		.ascii	"\\PSoC\\Sensor-PSoC.cydsn\000"
 805      435C5365 
 805      6E736F72 
 805      2D50536F 
 805      432E6379 
 806              	.LASF27:
 807 0093 49324353 		.ascii	"I2CS_I2CSlaveClearWriteStatus\000"
 807      5F493243 
 807      536C6176 
 807      65436C65 
 807      61725772 
 808              	.LASF11:
 809 00b1 666C6F61 		.ascii	"float\000"
 809      7400
 810              	.LASF1:
 811 00b7 756E7369 		.ascii	"unsigned char\000"
 811      676E6564 
ARM GAS  C:\Users\Simon\AppData\Local\Temp\cc26I7Yd.s 			page 17


 811      20636861 
 811      7200
 812              	.LASF36:
 813 00c5 61637469 		.ascii	"action\000"
 813      6F6E00
 814              	.LASF5:
 815 00cc 6C6F6E67 		.ascii	"long unsigned int\000"
 815      20756E73 
 815      69676E65 
 815      6420696E 
 815      7400
 816              	.LASF9:
 817 00de 75696E74 		.ascii	"uint8\000"
 817      3800
 818              	.LASF17:
 819 00e4 6932635F 		.ascii	"i2c_init\000"
 819      696E6974 
 819      00
 820              	.LASF30:
 821 00ed 49324353 		.ascii	"I2CS_I2CSlaveStatus\000"
 821      5F493243 
 821      536C6176 
 821      65537461 
 821      74757300 
 822              	.LASF12:
 823 0101 646F7562 		.ascii	"double\000"
 823      6C6500
 824              	.LASF35:
 825 0108 44617461 		.ascii	"Data\000"
 825      00
 826              	.LASF18:
 827 010d 6932635F 		.ascii	"i2c_rx\000"
 827      727800
 828              	.LASF10:
 829 0114 75696E74 		.ascii	"uint32\000"
 829      333200
 830              	.LASF31:
 831 011b 49324353 		.ascii	"I2CS_I2CSlaveGetWriteBufSize\000"
 831      5F493243 
 831      536C6176 
 831      65476574 
 831      57726974 
 832              	.LASF23:
 833 0138 49324353 		.ascii	"I2CS_I2CSlaveInitWriteBuf\000"
 833      5F493243 
 833      536C6176 
 833      65496E69 
 833      74577269 
 834              	.LASF8:
 835 0152 756E7369 		.ascii	"unsigned int\000"
 835      676E6564 
 835      20696E74 
 835      00
 836              	.LASF20:
 837 015f 69326354 		.ascii	"i2cTxBuffer\000"
 837      78427566 
 837      66657200 
ARM GAS  C:\Users\Simon\AppData\Local\Temp\cc26I7Yd.s 			page 18


 838              	.LASF7:
 839 016b 6C6F6E67 		.ascii	"long long unsigned int\000"
 839      206C6F6E 
 839      6720756E 
 839      7369676E 
 839      65642069 
 840              	.LASF19:
 841 0182 6932635F 		.ascii	"i2c_tx\000"
 841      747800
 842              	.LASF14:
 843 0189 73697A65 		.ascii	"sizetype\000"
 843      74797065 
 843      00
 844              	.LASF6:
 845 0192 6C6F6E67 		.ascii	"long long int\000"
 845      206C6F6E 
 845      6720696E 
 845      7400
 846              	.LASF26:
 847 01a0 49324353 		.ascii	"I2CS_I2CSlaveClearReadStatus\000"
 847      5F493243 
 847      536C6176 
 847      65436C65 
 847      61725265 
 848              	.LASF16:
 849 01bd 76616C5F 		.ascii	"val_\000"
 849      00
 850              	.LASF24:
 851 01c2 49324353 		.ascii	"I2CS_I2CSlaveClearReadBuf\000"
 851      5F493243 
 851      536C6176 
 851      65436C65 
 851      61725265 
 852              	.LASF15:
 853 01dc 636D645F 		.ascii	"cmd_\000"
 853      00
 854              	.LASF32:
 855 01e1 474E5520 		.ascii	"GNU C 4.9.3 20150303 (release) [ARM/embedded-4_9-br"
 855      4320342E 
 855      392E3320 
 855      32303135 
 855      30333033 
 856 0214 616E6368 		.ascii	"anch revision 221220] -mcpu=cortex-m0 -mthumb -g -O"
 856      20726576 
 856      6973696F 
 856      6E203232 
 856      31323230 
 857 0247 67202D66 		.ascii	"g -ffunction-sections -ffat-lto-objects\000"
 857      66756E63 
 857      74696F6E 
 857      2D736563 
 857      74696F6E 
 858              	.LASF2:
 859 026f 73686F72 		.ascii	"short int\000"
 859      7420696E 
 859      7400
 860              	.LASF25:
ARM GAS  C:\Users\Simon\AppData\Local\Temp\cc26I7Yd.s 			page 19


 861 0279 49324353 		.ascii	"I2CS_I2CSlaveClearWriteBuf\000"
 861      5F493243 
 861      536C6176 
 861      65436C65 
 861      61725772 
 862              	.LASF4:
 863 0294 6C6F6E67 		.ascii	"long int\000"
 863      20696E74 
 863      00
 864              	.LASF13:
 865 029d 63686172 		.ascii	"char\000"
 865      00
 866              	.LASF0:
 867 02a2 7369676E 		.ascii	"signed char\000"
 867      65642063 
 867      68617200 
 868              	.LASF33:
 869 02ae 2E5C6932 		.ascii	".\\i2c.c\000"
 869      632E6300 
 870              		.ident	"GCC: (GNU Tools for ARM Embedded Processors) 4.9.3 20150303 (release) [ARM/embedded-4_9-br
