ARM GAS  C:\Users\Simon\AppData\Local\Temp\ccxJTVpq.s 			page 1


   1              		.cpu cortex-m0
   2              		.fpu softvfp
   3              		.eabi_attribute 20, 1
   4              		.eabi_attribute 21, 1
   5              		.eabi_attribute 23, 3
   6              		.eabi_attribute 24, 1
   7              		.eabi_attribute 25, 1
   8              		.eabi_attribute 26, 1
   9              		.eabi_attribute 30, 1
  10              		.eabi_attribute 34, 0
  11              		.eabi_attribute 18, 4
  12              		.code	16
  13              		.file	"LumenSensor.c"
  14              		.text
  15              	.Ltext0:
  16              		.cfi_sections	.debug_frame
  17              		.section	.text.initLumenSensor,"ax",%progbits
  18              		.align	2
  19              		.global	initLumenSensor
  20              		.code	16
  21              		.thumb_func
  22              		.type	initLumenSensor, %function
  23              	initLumenSensor:
  24              	.LFB34:
  25              		.file 1 ".\\LumenSensor.c"
   1:.\LumenSensor.c **** /* ========================================
   2:.\LumenSensor.c ****  *
   3:.\LumenSensor.c ****  * Copyright YOUR COMPANY, THE YEAR
   4:.\LumenSensor.c ****  * All Rights Reserved
   5:.\LumenSensor.c ****  * UNPUBLISHED, LICENSED SOFTWARE.
   6:.\LumenSensor.c ****  *
   7:.\LumenSensor.c ****  * CONFIDENTIAL AND PROPRIETARY INFORMATION
   8:.\LumenSensor.c ****  * WHICH IS THE PROPERTY OF your company.
   9:.\LumenSensor.c ****  *
  10:.\LumenSensor.c ****  * ========================================
  11:.\LumenSensor.c **** */
  12:.\LumenSensor.c **** 
  13:.\LumenSensor.c **** #include "LumenSensor.h"
  14:.\LumenSensor.c **** #include "lux.h"
  15:.\LumenSensor.c **** 
  16:.\LumenSensor.c **** // Lumen sensor
  17:.\LumenSensor.c **** #define LUMEN_ADDR 0b0101001
  18:.\LumenSensor.c **** 
  19:.\LumenSensor.c **** void initLumenSensor()
  20:.\LumenSensor.c **** {
  26              		.loc 1 20 0
  27              		.cfi_startproc
  28 0000 00B5     		push	{lr}
  29              		.cfi_def_cfa_offset 4
  30              		.cfi_offset 14, -4
  31 0002 83B0     		sub	sp, sp, #12
  32              		.cfi_def_cfa_offset 16
  21:.\LumenSensor.c ****     uint8 writeBuf[2];
  22:.\LumenSensor.c ****     
  23:.\LumenSensor.c ****     // Add internal pull-up resistors on the SCL and SDA lines
  24:.\LumenSensor.c ****     LumenCom_scl_SetDriveMode(LumenCom_scl_DM_RES_UP);
  33              		.loc 1 24 0
ARM GAS  C:\Users\Simon\AppData\Local\Temp\ccxJTVpq.s 			page 2


  34 0004 0220     		mov	r0, #2
  35 0006 FFF7FEFF 		bl	LumenCom_scl_SetDriveMode
  36              	.LVL0:
  25:.\LumenSensor.c ****     LumenCom_sda_SetDriveMode(LumenCom_sda_DM_RES_UP);
  37              		.loc 1 25 0
  38 000a 0220     		mov	r0, #2
  39 000c FFF7FEFF 		bl	LumenCom_sda_SetDriveMode
  40              	.LVL1:
  26:.\LumenSensor.c **** 
  27:.\LumenSensor.c ****     LumenCom_Start();
  41              		.loc 1 27 0
  42 0010 FFF7FEFF 		bl	LumenCom_Start
  43              	.LVL2:
  28:.\LumenSensor.c ****     // Send command to sensor:
  29:.\LumenSensor.c ****     writeBuf[0] = 0x80;
  44              		.loc 1 29 0
  45 0014 01A9     		add	r1, sp, #4
  46 0016 8023     		mov	r3, #128
  47 0018 0B70     		strb	r3, [r1]
  30:.\LumenSensor.c ****     writeBuf[1] = 0x03;
  48              		.loc 1 30 0
  49 001a 7D3B     		sub	r3, r3, #125
  50 001c 4B70     		strb	r3, [r1, #1]
  31:.\LumenSensor.c ****     LumenCom_I2CMasterWriteBuf(LUMEN_ADDR, writeBuf, 2, LumenCom_I2C_MODE_COMPLETE_XFER);
  51              		.loc 1 31 0
  52 001e 2920     		mov	r0, #41
  53 0020 0222     		mov	r2, #2
  54 0022 0023     		mov	r3, #0
  55 0024 FFF7FEFF 		bl	LumenCom_I2CMasterWriteBuf
  56              	.LVL3:
  57              	.L2:
  32:.\LumenSensor.c ****     // Wait for the I2C command to finish transferring:
  33:.\LumenSensor.c ****     while(LumenCom_I2CMasterStatus() & LumenCom_I2C_MSTAT_XFER_INP) {}
  58              		.loc 1 33 0 discriminator 1
  59 0028 FFF7FEFF 		bl	LumenCom_I2CMasterStatus
  60              	.LVL4:
  61 002c 4307     		lsl	r3, r0, #29
  62 002e FBD4     		bmi	.L2
  34:.\LumenSensor.c **** }
  63              		.loc 1 34 0
  64 0030 03B0     		add	sp, sp, #12
  65              		@ sp needed
  66 0032 00BD     		pop	{pc}
  67              		.cfi_endproc
  68              	.LFE34:
  69              		.size	initLumenSensor, .-initLumenSensor
  70              		.section	.text.readLumenSensor,"ax",%progbits
  71              		.align	2
  72              		.global	readLumenSensor
  73              		.code	16
  74              		.thumb_func
  75              		.type	readLumenSensor, %function
  76              	readLumenSensor:
  77              	.LFB35:
  35:.\LumenSensor.c **** 
  36:.\LumenSensor.c **** unsigned int readLumenSensor()
  37:.\LumenSensor.c **** {
ARM GAS  C:\Users\Simon\AppData\Local\Temp\ccxJTVpq.s 			page 3


  78              		.loc 1 37 0
  79              		.cfi_startproc
  80 0000 10B5     		push	{r4, lr}
  81              		.cfi_def_cfa_offset 8
  82              		.cfi_offset 4, -8
  83              		.cfi_offset 14, -4
  84 0002 84B0     		sub	sp, sp, #16
  85              		.cfi_def_cfa_offset 24
  86              	.LVL5:
  38:.\LumenSensor.c ****     uint8 readBuf[2];
  39:.\LumenSensor.c ****     uint8 writeBuf[1];
  40:.\LumenSensor.c ****     unsigned int channel0 = 0;
  41:.\LumenSensor.c ****     unsigned int channel1 = 0;
  42:.\LumenSensor.c ****     uint32 err = 0;
  43:.\LumenSensor.c **** 
  44:.\LumenSensor.c ****     // Send "read channel 0" command
  45:.\LumenSensor.c ****     writeBuf[0] = 0xAC;
  87              		.loc 1 45 0
  88 0004 02A9     		add	r1, sp, #8
  89 0006 AC23     		mov	r3, #172
  90 0008 0B70     		strb	r3, [r1]
  46:.\LumenSensor.c ****     err = LumenCom_I2CMasterWriteBuf(LUMEN_ADDR, writeBuf, 1, LumenCom_I2C_MODE_NO_STOP);
  91              		.loc 1 46 0
  92 000a 2920     		mov	r0, #41
  93 000c 0122     		mov	r2, #1
  94 000e AA3B     		sub	r3, r3, #170
  95 0010 FFF7FEFF 		bl	LumenCom_I2CMasterWriteBuf
  96              	.LVL6:
  47:.\LumenSensor.c **** DEBUG_PutHexByte(err);
  97              		.loc 1 47 0
  98 0014 C0B2     		uxtb	r0, r0
  99              	.LVL7:
 100 0016 FFF7FEFF 		bl	DEBUG_PutHexByte
 101              	.LVL8:
  48:.\LumenSensor.c **** DEBUG_PutCRLF();
 102              		.loc 1 48 0
 103 001a FFF7FEFF 		bl	DEBUG_PutCRLF
 104              	.LVL9:
 105              	.L4:
  49:.\LumenSensor.c **** 
  50:.\LumenSensor.c ****     // Wait for the I2C command to finish transferring
  51:.\LumenSensor.c ****     while(!(LumenCom_I2CMasterStatus() & LumenCom_I2C_MSTAT_XFER_HALT)) {}
 106              		.loc 1 51 0 discriminator 1
 107 001e FFF7FEFF 		bl	LumenCom_I2CMasterStatus
 108              	.LVL10:
 109 0022 0307     		lsl	r3, r0, #28
 110 0024 FBD5     		bpl	.L4
  52:.\LumenSensor.c ****     // Read two bytes of data
  53:.\LumenSensor.c ****     err = LumenCom_I2CMasterReadBuf(LUMEN_ADDR, readBuf, 2,
 111              		.loc 1 53 0
 112 0026 2920     		mov	r0, #41
 113 0028 03A9     		add	r1, sp, #12
 114 002a 0222     		mov	r2, #2
 115 002c 0323     		mov	r3, #3
 116 002e FFF7FEFF 		bl	LumenCom_I2CMasterReadBuf
 117              	.LVL11:
  54:.\LumenSensor.c ****         LumenCom_I2C_MODE_REPEAT_START | LumenCom_I2C_MODE_NO_STOP);
ARM GAS  C:\Users\Simon\AppData\Local\Temp\ccxJTVpq.s 			page 4


  55:.\LumenSensor.c **** DEBUG_PutHexByte(err);
 118              		.loc 1 55 0
 119 0032 C0B2     		uxtb	r0, r0
 120              	.LVL12:
 121 0034 FFF7FEFF 		bl	DEBUG_PutHexByte
 122              	.LVL13:
  56:.\LumenSensor.c **** DEBUG_PutCRLF();
 123              		.loc 1 56 0
 124 0038 FFF7FEFF 		bl	DEBUG_PutCRLF
 125              	.LVL14:
 126              	.L5:
  57:.\LumenSensor.c **** 
  58:.\LumenSensor.c ****     // Wait for the I2C command to finish transferring
  59:.\LumenSensor.c ****     while(!(LumenCom_I2CMasterStatus() & LumenCom_I2C_MSTAT_XFER_HALT)) {}
 127              		.loc 1 59 0 discriminator 1
 128 003c FFF7FEFF 		bl	LumenCom_I2CMasterStatus
 129              	.LVL15:
 130 0040 0307     		lsl	r3, r0, #28
 131 0042 FBD5     		bpl	.L5
  60:.\LumenSensor.c **** 
  61:.\LumenSensor.c ****     channel0 = readBuf[0] + readBuf[1] * 256;
 132              		.loc 1 61 0
 133 0044 03AB     		add	r3, sp, #12
 134 0046 1A78     		ldrb	r2, [r3]
 135 0048 5C78     		ldrb	r4, [r3, #1]
 136 004a 2402     		lsl	r4, r4, #8
 137 004c 1419     		add	r4, r2, r4
 138              	.LVL16:
  62:.\LumenSensor.c **** 
  63:.\LumenSensor.c ****     // Send "read channel 1" command
  64:.\LumenSensor.c ****     writeBuf[0] = 0xAE;
 139              		.loc 1 64 0
 140 004e 02A9     		add	r1, sp, #8
 141 0050 AE23     		mov	r3, #174
 142 0052 0B70     		strb	r3, [r1]
  65:.\LumenSensor.c ****     err = LumenCom_I2CMasterWriteBuf(LUMEN_ADDR, writeBuf, 1,
 143              		.loc 1 65 0
 144 0054 2920     		mov	r0, #41
 145 0056 0122     		mov	r2, #1
 146 0058 AB3B     		sub	r3, r3, #171
 147 005a FFF7FEFF 		bl	LumenCom_I2CMasterWriteBuf
 148              	.LVL17:
  66:.\LumenSensor.c ****         LumenCom_I2C_MODE_REPEAT_START | LumenCom_I2C_MODE_NO_STOP);
  67:.\LumenSensor.c **** DEBUG_PutHexByte(err);
 149              		.loc 1 67 0
 150 005e C0B2     		uxtb	r0, r0
 151              	.LVL18:
 152 0060 FFF7FEFF 		bl	DEBUG_PutHexByte
 153              	.LVL19:
  68:.\LumenSensor.c **** DEBUG_PutCRLF();
 154              		.loc 1 68 0
 155 0064 FFF7FEFF 		bl	DEBUG_PutCRLF
 156              	.LVL20:
 157              	.L6:
  69:.\LumenSensor.c ****     // Wait for the I2C command to finish transferring
  70:.\LumenSensor.c ****     while(!(LumenCom_I2CMasterStatus() & LumenCom_I2C_MSTAT_XFER_HALT)) {}
 158              		.loc 1 70 0 discriminator 1
ARM GAS  C:\Users\Simon\AppData\Local\Temp\ccxJTVpq.s 			page 5


 159 0068 FFF7FEFF 		bl	LumenCom_I2CMasterStatus
 160              	.LVL21:
 161 006c 0307     		lsl	r3, r0, #28
 162 006e FBD5     		bpl	.L6
  71:.\LumenSensor.c ****     // Read two bytes of data
  72:.\LumenSensor.c ****     err = LumenCom_I2CMasterReadBuf(LUMEN_ADDR, readBuf, 2, LumenCom_I2C_MODE_REPEAT_START);
 163              		.loc 1 72 0
 164 0070 2920     		mov	r0, #41
 165 0072 03A9     		add	r1, sp, #12
 166 0074 0222     		mov	r2, #2
 167 0076 0123     		mov	r3, #1
 168 0078 FFF7FEFF 		bl	LumenCom_I2CMasterReadBuf
 169              	.LVL22:
  73:.\LumenSensor.c **** DEBUG_PutHexByte(err);
 170              		.loc 1 73 0
 171 007c C0B2     		uxtb	r0, r0
 172              	.LVL23:
 173 007e FFF7FEFF 		bl	DEBUG_PutHexByte
 174              	.LVL24:
  74:.\LumenSensor.c **** DEBUG_PutCRLF();
 175              		.loc 1 74 0
 176 0082 FFF7FEFF 		bl	DEBUG_PutCRLF
 177              	.LVL25:
 178              	.L7:
  75:.\LumenSensor.c **** 
  76:.\LumenSensor.c ****     // Wait for the I2C command to finish transferring
  77:.\LumenSensor.c ****     while(LumenCom_I2CMasterStatus() & LumenCom_I2C_MSTAT_XFER_INP) {}
 179              		.loc 1 77 0 discriminator 1
 180 0086 FFF7FEFF 		bl	LumenCom_I2CMasterStatus
 181              	.LVL26:
 182 008a 4307     		lsl	r3, r0, #29
 183 008c FBD4     		bmi	.L7
  78:.\LumenSensor.c **** 
  79:.\LumenSensor.c ****     channel1 = readBuf[0] + readBuf[1] * 256;
 184              		.loc 1 79 0
 185 008e 03AA     		add	r2, sp, #12
 186 0090 1178     		ldrb	r1, [r2]
 187 0092 5378     		ldrb	r3, [r2, #1]
 188 0094 1B02     		lsl	r3, r3, #8
 189 0096 CB18     		add	r3, r1, r3
 190              	.LVL27:
  80:.\LumenSensor.c **** 
  81:.\LumenSensor.c ****     // Use Datasheet function to calculate lux value from read values
  82:.\LumenSensor.c ****     return CalculateLux(0, 2, channel0, channel1, 0);
 191              		.loc 1 82 0
 192 0098 0022     		mov	r2, #0
 193 009a 0092     		str	r2, [sp]
 194 009c 0020     		mov	r0, #0
 195 009e 0221     		mov	r1, #2
 196 00a0 221C     		mov	r2, r4
 197 00a2 FFF7FEFF 		bl	CalculateLux
 198              	.LVL28:
  83:.\LumenSensor.c **** }
 199              		.loc 1 83 0
 200 00a6 04B0     		add	sp, sp, #16
 201              		@ sp needed
 202              	.LVL29:
ARM GAS  C:\Users\Simon\AppData\Local\Temp\ccxJTVpq.s 			page 6


 203 00a8 10BD     		pop	{r4, pc}
 204              		.cfi_endproc
 205              	.LFE35:
 206              		.size	readLumenSensor, .-readLumenSensor
 207 00aa C046     		.text
 208              	.Letext0:
 209              		.file 2 "Generated_Source\\PSoC4/cytypes.h"
 210              		.file 3 "Generated_Source\\PSoC4/LumenCom_scl.h"
 211              		.file 4 "Generated_Source\\PSoC4/LumenCom_sda.h"
 212              		.file 5 "Generated_Source\\PSoC4/DEBUG.h"
 213              		.file 6 "Generated_Source\\PSoC4/LumenCom.h"
 214              		.file 7 "Generated_Source\\PSoC4/LumenCom_I2C.h"
 215              		.file 8 ".\\lux.h"
 216              		.section	.debug_info,"",%progbits
 217              	.Ldebug_info0:
 218 0000 86030000 		.4byte	0x386
 219 0004 0400     		.2byte	0x4
 220 0006 00000000 		.4byte	.Ldebug_abbrev0
 221 000a 04       		.byte	0x4
 222 000b 01       		.uleb128 0x1
 223 000c A7010000 		.4byte	.LASF28
 224 0010 01       		.byte	0x1
 225 0011 42000000 		.4byte	.LASF29
 226 0015 52000000 		.4byte	.LASF30
 227 0019 00000000 		.4byte	.Ldebug_ranges0+0
 228 001d 00000000 		.4byte	0
 229 0021 00000000 		.4byte	.Ldebug_line0
 230 0025 02       		.uleb128 0x2
 231 0026 01       		.byte	0x1
 232 0027 06       		.byte	0x6
 233 0028 7B020000 		.4byte	.LASF0
 234 002c 02       		.uleb128 0x2
 235 002d 01       		.byte	0x1
 236 002e 08       		.byte	0x8
 237 002f E6000000 		.4byte	.LASF1
 238 0033 02       		.uleb128 0x2
 239 0034 02       		.byte	0x2
 240 0035 05       		.byte	0x5
 241 0036 4E020000 		.4byte	.LASF2
 242 003a 02       		.uleb128 0x2
 243 003b 02       		.byte	0x2
 244 003c 07       		.byte	0x7
 245 003d 2F000000 		.4byte	.LASF3
 246 0041 02       		.uleb128 0x2
 247 0042 04       		.byte	0x4
 248 0043 05       		.byte	0x5
 249 0044 58020000 		.4byte	.LASF4
 250 0048 02       		.uleb128 0x2
 251 0049 04       		.byte	0x4
 252 004a 07       		.byte	0x7
 253 004b F4000000 		.4byte	.LASF5
 254 004f 02       		.uleb128 0x2
 255 0050 08       		.byte	0x8
 256 0051 05       		.byte	0x5
 257 0052 94010000 		.4byte	.LASF6
 258 0056 02       		.uleb128 0x2
 259 0057 08       		.byte	0x8
ARM GAS  C:\Users\Simon\AppData\Local\Temp\ccxJTVpq.s 			page 7


 260 0058 07       		.byte	0x7
 261 0059 74010000 		.4byte	.LASF7
 262 005d 03       		.uleb128 0x3
 263 005e 04       		.byte	0x4
 264 005f 05       		.byte	0x5
 265 0060 696E7400 		.ascii	"int\000"
 266 0064 02       		.uleb128 0x2
 267 0065 04       		.byte	0x4
 268 0066 07       		.byte	0x7
 269 0067 67010000 		.4byte	.LASF8
 270 006b 04       		.uleb128 0x4
 271 006c 06010000 		.4byte	.LASF9
 272 0070 02       		.byte	0x2
 273 0071 3801     		.2byte	0x138
 274 0073 2C000000 		.4byte	0x2c
 275 0077 04       		.uleb128 0x4
 276 0078 3E010000 		.4byte	.LASF10
 277 007c 02       		.byte	0x2
 278 007d 3901     		.2byte	0x139
 279 007f 3A000000 		.4byte	0x3a
 280 0083 04       		.uleb128 0x4
 281 0084 60010000 		.4byte	.LASF11
 282 0088 02       		.byte	0x2
 283 0089 3A01     		.2byte	0x13a
 284 008b 48000000 		.4byte	0x48
 285 008f 02       		.uleb128 0x2
 286 0090 04       		.byte	0x4
 287 0091 04       		.byte	0x4
 288 0092 00000000 		.4byte	.LASF12
 289 0096 02       		.uleb128 0x2
 290 0097 08       		.byte	0x8
 291 0098 04       		.byte	0x4
 292 0099 1D010000 		.4byte	.LASF13
 293 009d 02       		.uleb128 0x2
 294 009e 01       		.byte	0x1
 295 009f 08       		.byte	0x8
 296 00a0 A2010000 		.4byte	.LASF14
 297 00a4 02       		.uleb128 0x2
 298 00a5 04       		.byte	0x4
 299 00a6 07       		.byte	0x7
 300 00a7 8B010000 		.4byte	.LASF15
 301 00ab 05       		.uleb128 0x5
 302 00ac 98000000 		.4byte	.LASF31
 303 00b0 01       		.byte	0x1
 304 00b1 13       		.byte	0x13
 305 00b2 00000000 		.4byte	.LFB34
 306 00b6 34000000 		.4byte	.LFE34-.LFB34
 307 00ba 01       		.uleb128 0x1
 308 00bb 9C       		.byte	0x9c
 309 00bc 2B010000 		.4byte	0x12b
 310 00c0 06       		.uleb128 0x6
 311 00c1 0C010000 		.4byte	.LASF16
 312 00c5 01       		.byte	0x1
 313 00c6 15       		.byte	0x15
 314 00c7 2B010000 		.4byte	0x12b
 315 00cb 02       		.uleb128 0x2
 316 00cc 91       		.byte	0x91
ARM GAS  C:\Users\Simon\AppData\Local\Temp\ccxJTVpq.s 			page 8


 317 00cd 74       		.sleb128 -12
 318 00ce 07       		.uleb128 0x7
 319 00cf 0A000000 		.4byte	.LVL0
 320 00d3 CA020000 		.4byte	0x2ca
 321 00d7 E1000000 		.4byte	0xe1
 322 00db 08       		.uleb128 0x8
 323 00dc 01       		.uleb128 0x1
 324 00dd 50       		.byte	0x50
 325 00de 01       		.uleb128 0x1
 326 00df 32       		.byte	0x32
 327 00e0 00       		.byte	0
 328 00e1 07       		.uleb128 0x7
 329 00e2 10000000 		.4byte	.LVL1
 330 00e6 DB020000 		.4byte	0x2db
 331 00ea F4000000 		.4byte	0xf4
 332 00ee 08       		.uleb128 0x8
 333 00ef 01       		.uleb128 0x1
 334 00f0 50       		.byte	0x50
 335 00f1 01       		.uleb128 0x1
 336 00f2 32       		.byte	0x32
 337 00f3 00       		.byte	0
 338 00f4 09       		.uleb128 0x9
 339 00f5 14000000 		.4byte	.LVL2
 340 00f9 EC020000 		.4byte	0x2ec
 341 00fd 07       		.uleb128 0x7
 342 00fe 28000000 		.4byte	.LVL3
 343 0102 F3020000 		.4byte	0x2f3
 344 0106 21010000 		.4byte	0x121
 345 010a 08       		.uleb128 0x8
 346 010b 01       		.uleb128 0x1
 347 010c 53       		.byte	0x53
 348 010d 01       		.uleb128 0x1
 349 010e 30       		.byte	0x30
 350 010f 08       		.uleb128 0x8
 351 0110 01       		.uleb128 0x1
 352 0111 52       		.byte	0x52
 353 0112 01       		.uleb128 0x1
 354 0113 32       		.byte	0x32
 355 0114 08       		.uleb128 0x8
 356 0115 01       		.uleb128 0x1
 357 0116 51       		.byte	0x51
 358 0117 02       		.uleb128 0x2
 359 0118 91       		.byte	0x91
 360 0119 74       		.sleb128 -12
 361 011a 08       		.uleb128 0x8
 362 011b 01       		.uleb128 0x1
 363 011c 50       		.byte	0x50
 364 011d 02       		.uleb128 0x2
 365 011e 08       		.byte	0x8
 366 011f 29       		.byte	0x29
 367 0120 00       		.byte	0
 368 0121 09       		.uleb128 0x9
 369 0122 2C000000 		.4byte	.LVL4
 370 0126 1D030000 		.4byte	0x31d
 371 012a 00       		.byte	0
 372 012b 0A       		.uleb128 0xa
 373 012c 6B000000 		.4byte	0x6b
ARM GAS  C:\Users\Simon\AppData\Local\Temp\ccxJTVpq.s 			page 9


 374 0130 3B010000 		.4byte	0x13b
 375 0134 0B       		.uleb128 0xb
 376 0135 A4000000 		.4byte	0xa4
 377 0139 01       		.byte	0x1
 378 013a 00       		.byte	0
 379 013b 0C       		.uleb128 0xc
 380 013c 87020000 		.4byte	.LASF32
 381 0140 01       		.byte	0x1
 382 0141 24       		.byte	0x24
 383 0142 64000000 		.4byte	0x64
 384 0146 00000000 		.4byte	.LFB35
 385 014a AA000000 		.4byte	.LFE35-.LFB35
 386 014e 01       		.uleb128 0x1
 387 014f 9C       		.byte	0x9c
 388 0150 BA020000 		.4byte	0x2ba
 389 0154 06       		.uleb128 0x6
 390 0155 15010000 		.4byte	.LASF17
 391 0159 01       		.byte	0x1
 392 015a 26       		.byte	0x26
 393 015b 2B010000 		.4byte	0x12b
 394 015f 02       		.uleb128 0x2
 395 0160 91       		.byte	0x91
 396 0161 74       		.sleb128 -12
 397 0162 06       		.uleb128 0x6
 398 0163 0C010000 		.4byte	.LASF16
 399 0167 01       		.byte	0x1
 400 0168 27       		.byte	0x27
 401 0169 BA020000 		.4byte	0x2ba
 402 016d 02       		.uleb128 0x2
 403 016e 91       		.byte	0x91
 404 016f 70       		.sleb128 -16
 405 0170 0D       		.uleb128 0xd
 406 0171 A8000000 		.4byte	.LASF18
 407 0175 01       		.byte	0x1
 408 0176 28       		.byte	0x28
 409 0177 64000000 		.4byte	0x64
 410 017b 00000000 		.4byte	.LLST0
 411 017f 0D       		.uleb128 0xd
 412 0180 B1000000 		.4byte	.LASF19
 413 0184 01       		.byte	0x1
 414 0185 29       		.byte	0x29
 415 0186 64000000 		.4byte	0x64
 416 018a 1F000000 		.4byte	.LLST1
 417 018e 0E       		.uleb128 0xe
 418 018f 65727200 		.ascii	"err\000"
 419 0193 01       		.byte	0x1
 420 0194 2A       		.byte	0x2a
 421 0195 83000000 		.4byte	0x83
 422 0199 3E000000 		.4byte	.LLST2
 423 019d 07       		.uleb128 0x7
 424 019e 14000000 		.4byte	.LVL6
 425 01a2 F3020000 		.4byte	0x2f3
 426 01a6 C1010000 		.4byte	0x1c1
 427 01aa 08       		.uleb128 0x8
 428 01ab 01       		.uleb128 0x1
 429 01ac 53       		.byte	0x53
 430 01ad 01       		.uleb128 0x1
ARM GAS  C:\Users\Simon\AppData\Local\Temp\ccxJTVpq.s 			page 10


 431 01ae 32       		.byte	0x32
 432 01af 08       		.uleb128 0x8
 433 01b0 01       		.uleb128 0x1
 434 01b1 52       		.byte	0x52
 435 01b2 01       		.uleb128 0x1
 436 01b3 31       		.byte	0x31
 437 01b4 08       		.uleb128 0x8
 438 01b5 01       		.uleb128 0x1
 439 01b6 51       		.byte	0x51
 440 01b7 02       		.uleb128 0x2
 441 01b8 91       		.byte	0x91
 442 01b9 70       		.sleb128 -16
 443 01ba 08       		.uleb128 0x8
 444 01bb 01       		.uleb128 0x1
 445 01bc 50       		.byte	0x50
 446 01bd 02       		.uleb128 0x2
 447 01be 08       		.byte	0x8
 448 01bf 29       		.byte	0x29
 449 01c0 00       		.byte	0
 450 01c1 09       		.uleb128 0x9
 451 01c2 1A000000 		.4byte	.LVL8
 452 01c6 28030000 		.4byte	0x328
 453 01ca 09       		.uleb128 0x9
 454 01cb 1E000000 		.4byte	.LVL9
 455 01cf 39030000 		.4byte	0x339
 456 01d3 09       		.uleb128 0x9
 457 01d4 22000000 		.4byte	.LVL10
 458 01d8 1D030000 		.4byte	0x31d
 459 01dc 07       		.uleb128 0x7
 460 01dd 32000000 		.4byte	.LVL11
 461 01e1 40030000 		.4byte	0x340
 462 01e5 00020000 		.4byte	0x200
 463 01e9 08       		.uleb128 0x8
 464 01ea 01       		.uleb128 0x1
 465 01eb 53       		.byte	0x53
 466 01ec 01       		.uleb128 0x1
 467 01ed 33       		.byte	0x33
 468 01ee 08       		.uleb128 0x8
 469 01ef 01       		.uleb128 0x1
 470 01f0 52       		.byte	0x52
 471 01f1 01       		.uleb128 0x1
 472 01f2 32       		.byte	0x32
 473 01f3 08       		.uleb128 0x8
 474 01f4 01       		.uleb128 0x1
 475 01f5 51       		.byte	0x51
 476 01f6 02       		.uleb128 0x2
 477 01f7 91       		.byte	0x91
 478 01f8 74       		.sleb128 -12
 479 01f9 08       		.uleb128 0x8
 480 01fa 01       		.uleb128 0x1
 481 01fb 50       		.byte	0x50
 482 01fc 02       		.uleb128 0x2
 483 01fd 08       		.byte	0x8
 484 01fe 29       		.byte	0x29
 485 01ff 00       		.byte	0
 486 0200 09       		.uleb128 0x9
 487 0201 38000000 		.4byte	.LVL13
ARM GAS  C:\Users\Simon\AppData\Local\Temp\ccxJTVpq.s 			page 11


 488 0205 28030000 		.4byte	0x328
 489 0209 09       		.uleb128 0x9
 490 020a 3C000000 		.4byte	.LVL14
 491 020e 39030000 		.4byte	0x339
 492 0212 09       		.uleb128 0x9
 493 0213 40000000 		.4byte	.LVL15
 494 0217 1D030000 		.4byte	0x31d
 495 021b 07       		.uleb128 0x7
 496 021c 5E000000 		.4byte	.LVL17
 497 0220 F3020000 		.4byte	0x2f3
 498 0224 3F020000 		.4byte	0x23f
 499 0228 08       		.uleb128 0x8
 500 0229 01       		.uleb128 0x1
 501 022a 53       		.byte	0x53
 502 022b 01       		.uleb128 0x1
 503 022c 33       		.byte	0x33
 504 022d 08       		.uleb128 0x8
 505 022e 01       		.uleb128 0x1
 506 022f 52       		.byte	0x52
 507 0230 01       		.uleb128 0x1
 508 0231 31       		.byte	0x31
 509 0232 08       		.uleb128 0x8
 510 0233 01       		.uleb128 0x1
 511 0234 51       		.byte	0x51
 512 0235 02       		.uleb128 0x2
 513 0236 91       		.byte	0x91
 514 0237 70       		.sleb128 -16
 515 0238 08       		.uleb128 0x8
 516 0239 01       		.uleb128 0x1
 517 023a 50       		.byte	0x50
 518 023b 02       		.uleb128 0x2
 519 023c 08       		.byte	0x8
 520 023d 29       		.byte	0x29
 521 023e 00       		.byte	0
 522 023f 09       		.uleb128 0x9
 523 0240 64000000 		.4byte	.LVL19
 524 0244 28030000 		.4byte	0x328
 525 0248 09       		.uleb128 0x9
 526 0249 68000000 		.4byte	.LVL20
 527 024d 39030000 		.4byte	0x339
 528 0251 09       		.uleb128 0x9
 529 0252 6C000000 		.4byte	.LVL21
 530 0256 1D030000 		.4byte	0x31d
 531 025a 07       		.uleb128 0x7
 532 025b 7C000000 		.4byte	.LVL22
 533 025f 40030000 		.4byte	0x340
 534 0263 7E020000 		.4byte	0x27e
 535 0267 08       		.uleb128 0x8
 536 0268 01       		.uleb128 0x1
 537 0269 53       		.byte	0x53
 538 026a 01       		.uleb128 0x1
 539 026b 31       		.byte	0x31
 540 026c 08       		.uleb128 0x8
 541 026d 01       		.uleb128 0x1
 542 026e 52       		.byte	0x52
 543 026f 01       		.uleb128 0x1
 544 0270 32       		.byte	0x32
ARM GAS  C:\Users\Simon\AppData\Local\Temp\ccxJTVpq.s 			page 12


 545 0271 08       		.uleb128 0x8
 546 0272 01       		.uleb128 0x1
 547 0273 51       		.byte	0x51
 548 0274 02       		.uleb128 0x2
 549 0275 91       		.byte	0x91
 550 0276 74       		.sleb128 -12
 551 0277 08       		.uleb128 0x8
 552 0278 01       		.uleb128 0x1
 553 0279 50       		.byte	0x50
 554 027a 02       		.uleb128 0x2
 555 027b 08       		.byte	0x8
 556 027c 29       		.byte	0x29
 557 027d 00       		.byte	0
 558 027e 09       		.uleb128 0x9
 559 027f 82000000 		.4byte	.LVL24
 560 0283 28030000 		.4byte	0x328
 561 0287 09       		.uleb128 0x9
 562 0288 86000000 		.4byte	.LVL25
 563 028c 39030000 		.4byte	0x339
 564 0290 09       		.uleb128 0x9
 565 0291 8A000000 		.4byte	.LVL26
 566 0295 1D030000 		.4byte	0x31d
 567 0299 0F       		.uleb128 0xf
 568 029a A6000000 		.4byte	.LVL28
 569 029e 64030000 		.4byte	0x364
 570 02a2 08       		.uleb128 0x8
 571 02a3 01       		.uleb128 0x1
 572 02a4 52       		.byte	0x52
 573 02a5 02       		.uleb128 0x2
 574 02a6 74       		.byte	0x74
 575 02a7 00       		.sleb128 0
 576 02a8 08       		.uleb128 0x8
 577 02a9 01       		.uleb128 0x1
 578 02aa 51       		.byte	0x51
 579 02ab 01       		.uleb128 0x1
 580 02ac 32       		.byte	0x32
 581 02ad 08       		.uleb128 0x8
 582 02ae 01       		.uleb128 0x1
 583 02af 50       		.byte	0x50
 584 02b0 01       		.uleb128 0x1
 585 02b1 30       		.byte	0x30
 586 02b2 08       		.uleb128 0x8
 587 02b3 02       		.uleb128 0x2
 588 02b4 7D       		.byte	0x7d
 589 02b5 00       		.sleb128 0
 590 02b6 01       		.uleb128 0x1
 591 02b7 30       		.byte	0x30
 592 02b8 00       		.byte	0
 593 02b9 00       		.byte	0
 594 02ba 0A       		.uleb128 0xa
 595 02bb 6B000000 		.4byte	0x6b
 596 02bf CA020000 		.4byte	0x2ca
 597 02c3 0B       		.uleb128 0xb
 598 02c4 A4000000 		.4byte	0xa4
 599 02c8 00       		.byte	0
 600 02c9 00       		.byte	0
 601 02ca 10       		.uleb128 0x10
ARM GAS  C:\Users\Simon\AppData\Local\Temp\ccxJTVpq.s 			page 13


 602 02cb 24010000 		.4byte	.LASF20
 603 02cf 03       		.byte	0x3
 604 02d0 36       		.byte	0x36
 605 02d1 DB020000 		.4byte	0x2db
 606 02d5 11       		.uleb128 0x11
 607 02d6 6B000000 		.4byte	0x6b
 608 02da 00       		.byte	0
 609 02db 10       		.uleb128 0x10
 610 02dc 61020000 		.4byte	.LASF21
 611 02e0 04       		.byte	0x4
 612 02e1 36       		.byte	0x36
 613 02e2 EC020000 		.4byte	0x2ec
 614 02e6 11       		.uleb128 0x11
 615 02e7 6B000000 		.4byte	0x6b
 616 02eb 00       		.byte	0
 617 02ec 12       		.uleb128 0x12
 618 02ed 20000000 		.4byte	.LASF23
 619 02f1 06       		.byte	0x6
 620 02f2 68       		.byte	0x68
 621 02f3 13       		.uleb128 0x13
 622 02f4 45010000 		.4byte	.LASF25
 623 02f8 07       		.byte	0x7
 624 02f9 C4       		.byte	0xc4
 625 02fa 83000000 		.4byte	0x83
 626 02fe 17030000 		.4byte	0x317
 627 0302 11       		.uleb128 0x11
 628 0303 83000000 		.4byte	0x83
 629 0307 11       		.uleb128 0x11
 630 0308 17030000 		.4byte	0x317
 631 030c 11       		.uleb128 0x11
 632 030d 83000000 		.4byte	0x83
 633 0311 11       		.uleb128 0x11
 634 0312 83000000 		.4byte	0x83
 635 0316 00       		.byte	0
 636 0317 14       		.uleb128 0x14
 637 0318 04       		.byte	0x4
 638 0319 6B000000 		.4byte	0x6b
 639 031d 15       		.uleb128 0x15
 640 031e 35020000 		.4byte	.LASF33
 641 0322 07       		.byte	0x7
 642 0323 C0       		.byte	0xc0
 643 0324 83000000 		.4byte	0x83
 644 0328 10       		.uleb128 0x10
 645 0329 C7000000 		.4byte	.LASF22
 646 032d 05       		.byte	0x5
 647 032e 28       		.byte	0x28
 648 032f 39030000 		.4byte	0x339
 649 0333 11       		.uleb128 0x11
 650 0334 6B000000 		.4byte	0x6b
 651 0338 00       		.byte	0
 652 0339 12       		.uleb128 0x12
 653 033a D8000000 		.4byte	.LASF24
 654 033e 05       		.byte	0x5
 655 033f 2A       		.byte	0x2a
 656 0340 13       		.uleb128 0x13
 657 0341 06000000 		.4byte	.LASF26
 658 0345 07       		.byte	0x7
ARM GAS  C:\Users\Simon\AppData\Local\Temp\ccxJTVpq.s 			page 14


 659 0346 C5       		.byte	0xc5
 660 0347 83000000 		.4byte	0x83
 661 034b 64030000 		.4byte	0x364
 662 034f 11       		.uleb128 0x11
 663 0350 83000000 		.4byte	0x83
 664 0354 11       		.uleb128 0x11
 665 0355 17030000 		.4byte	0x317
 666 0359 11       		.uleb128 0x11
 667 035a 83000000 		.4byte	0x83
 668 035e 11       		.uleb128 0x11
 669 035f 83000000 		.4byte	0x83
 670 0363 00       		.byte	0
 671 0364 16       		.uleb128 0x16
 672 0365 BA000000 		.4byte	.LASF27
 673 0369 08       		.byte	0x8
 674 036a 0E       		.byte	0xe
 675 036b 64000000 		.4byte	0x64
 676 036f 11       		.uleb128 0x11
 677 0370 64000000 		.4byte	0x64
 678 0374 11       		.uleb128 0x11
 679 0375 64000000 		.4byte	0x64
 680 0379 11       		.uleb128 0x11
 681 037a 64000000 		.4byte	0x64
 682 037e 11       		.uleb128 0x11
 683 037f 64000000 		.4byte	0x64
 684 0383 11       		.uleb128 0x11
 685 0384 5D000000 		.4byte	0x5d
 686 0388 00       		.byte	0
 687 0389 00       		.byte	0
 688              		.section	.debug_abbrev,"",%progbits
 689              	.Ldebug_abbrev0:
 690 0000 01       		.uleb128 0x1
 691 0001 11       		.uleb128 0x11
 692 0002 01       		.byte	0x1
 693 0003 25       		.uleb128 0x25
 694 0004 0E       		.uleb128 0xe
 695 0005 13       		.uleb128 0x13
 696 0006 0B       		.uleb128 0xb
 697 0007 03       		.uleb128 0x3
 698 0008 0E       		.uleb128 0xe
 699 0009 1B       		.uleb128 0x1b
 700 000a 0E       		.uleb128 0xe
 701 000b 55       		.uleb128 0x55
 702 000c 17       		.uleb128 0x17
 703 000d 11       		.uleb128 0x11
 704 000e 01       		.uleb128 0x1
 705 000f 10       		.uleb128 0x10
 706 0010 17       		.uleb128 0x17
 707 0011 00       		.byte	0
 708 0012 00       		.byte	0
 709 0013 02       		.uleb128 0x2
 710 0014 24       		.uleb128 0x24
 711 0015 00       		.byte	0
 712 0016 0B       		.uleb128 0xb
 713 0017 0B       		.uleb128 0xb
 714 0018 3E       		.uleb128 0x3e
 715 0019 0B       		.uleb128 0xb
ARM GAS  C:\Users\Simon\AppData\Local\Temp\ccxJTVpq.s 			page 15


 716 001a 03       		.uleb128 0x3
 717 001b 0E       		.uleb128 0xe
 718 001c 00       		.byte	0
 719 001d 00       		.byte	0
 720 001e 03       		.uleb128 0x3
 721 001f 24       		.uleb128 0x24
 722 0020 00       		.byte	0
 723 0021 0B       		.uleb128 0xb
 724 0022 0B       		.uleb128 0xb
 725 0023 3E       		.uleb128 0x3e
 726 0024 0B       		.uleb128 0xb
 727 0025 03       		.uleb128 0x3
 728 0026 08       		.uleb128 0x8
 729 0027 00       		.byte	0
 730 0028 00       		.byte	0
 731 0029 04       		.uleb128 0x4
 732 002a 16       		.uleb128 0x16
 733 002b 00       		.byte	0
 734 002c 03       		.uleb128 0x3
 735 002d 0E       		.uleb128 0xe
 736 002e 3A       		.uleb128 0x3a
 737 002f 0B       		.uleb128 0xb
 738 0030 3B       		.uleb128 0x3b
 739 0031 05       		.uleb128 0x5
 740 0032 49       		.uleb128 0x49
 741 0033 13       		.uleb128 0x13
 742 0034 00       		.byte	0
 743 0035 00       		.byte	0
 744 0036 05       		.uleb128 0x5
 745 0037 2E       		.uleb128 0x2e
 746 0038 01       		.byte	0x1
 747 0039 3F       		.uleb128 0x3f
 748 003a 19       		.uleb128 0x19
 749 003b 03       		.uleb128 0x3
 750 003c 0E       		.uleb128 0xe
 751 003d 3A       		.uleb128 0x3a
 752 003e 0B       		.uleb128 0xb
 753 003f 3B       		.uleb128 0x3b
 754 0040 0B       		.uleb128 0xb
 755 0041 11       		.uleb128 0x11
 756 0042 01       		.uleb128 0x1
 757 0043 12       		.uleb128 0x12
 758 0044 06       		.uleb128 0x6
 759 0045 40       		.uleb128 0x40
 760 0046 18       		.uleb128 0x18
 761 0047 9742     		.uleb128 0x2117
 762 0049 19       		.uleb128 0x19
 763 004a 01       		.uleb128 0x1
 764 004b 13       		.uleb128 0x13
 765 004c 00       		.byte	0
 766 004d 00       		.byte	0
 767 004e 06       		.uleb128 0x6
 768 004f 34       		.uleb128 0x34
 769 0050 00       		.byte	0
 770 0051 03       		.uleb128 0x3
 771 0052 0E       		.uleb128 0xe
 772 0053 3A       		.uleb128 0x3a
ARM GAS  C:\Users\Simon\AppData\Local\Temp\ccxJTVpq.s 			page 16


 773 0054 0B       		.uleb128 0xb
 774 0055 3B       		.uleb128 0x3b
 775 0056 0B       		.uleb128 0xb
 776 0057 49       		.uleb128 0x49
 777 0058 13       		.uleb128 0x13
 778 0059 02       		.uleb128 0x2
 779 005a 18       		.uleb128 0x18
 780 005b 00       		.byte	0
 781 005c 00       		.byte	0
 782 005d 07       		.uleb128 0x7
 783 005e 898201   		.uleb128 0x4109
 784 0061 01       		.byte	0x1
 785 0062 11       		.uleb128 0x11
 786 0063 01       		.uleb128 0x1
 787 0064 31       		.uleb128 0x31
 788 0065 13       		.uleb128 0x13
 789 0066 01       		.uleb128 0x1
 790 0067 13       		.uleb128 0x13
 791 0068 00       		.byte	0
 792 0069 00       		.byte	0
 793 006a 08       		.uleb128 0x8
 794 006b 8A8201   		.uleb128 0x410a
 795 006e 00       		.byte	0
 796 006f 02       		.uleb128 0x2
 797 0070 18       		.uleb128 0x18
 798 0071 9142     		.uleb128 0x2111
 799 0073 18       		.uleb128 0x18
 800 0074 00       		.byte	0
 801 0075 00       		.byte	0
 802 0076 09       		.uleb128 0x9
 803 0077 898201   		.uleb128 0x4109
 804 007a 00       		.byte	0
 805 007b 11       		.uleb128 0x11
 806 007c 01       		.uleb128 0x1
 807 007d 31       		.uleb128 0x31
 808 007e 13       		.uleb128 0x13
 809 007f 00       		.byte	0
 810 0080 00       		.byte	0
 811 0081 0A       		.uleb128 0xa
 812 0082 01       		.uleb128 0x1
 813 0083 01       		.byte	0x1
 814 0084 49       		.uleb128 0x49
 815 0085 13       		.uleb128 0x13
 816 0086 01       		.uleb128 0x1
 817 0087 13       		.uleb128 0x13
 818 0088 00       		.byte	0
 819 0089 00       		.byte	0
 820 008a 0B       		.uleb128 0xb
 821 008b 21       		.uleb128 0x21
 822 008c 00       		.byte	0
 823 008d 49       		.uleb128 0x49
 824 008e 13       		.uleb128 0x13
 825 008f 2F       		.uleb128 0x2f
 826 0090 0B       		.uleb128 0xb
 827 0091 00       		.byte	0
 828 0092 00       		.byte	0
 829 0093 0C       		.uleb128 0xc
ARM GAS  C:\Users\Simon\AppData\Local\Temp\ccxJTVpq.s 			page 17


 830 0094 2E       		.uleb128 0x2e
 831 0095 01       		.byte	0x1
 832 0096 3F       		.uleb128 0x3f
 833 0097 19       		.uleb128 0x19
 834 0098 03       		.uleb128 0x3
 835 0099 0E       		.uleb128 0xe
 836 009a 3A       		.uleb128 0x3a
 837 009b 0B       		.uleb128 0xb
 838 009c 3B       		.uleb128 0x3b
 839 009d 0B       		.uleb128 0xb
 840 009e 49       		.uleb128 0x49
 841 009f 13       		.uleb128 0x13
 842 00a0 11       		.uleb128 0x11
 843 00a1 01       		.uleb128 0x1
 844 00a2 12       		.uleb128 0x12
 845 00a3 06       		.uleb128 0x6
 846 00a4 40       		.uleb128 0x40
 847 00a5 18       		.uleb128 0x18
 848 00a6 9742     		.uleb128 0x2117
 849 00a8 19       		.uleb128 0x19
 850 00a9 01       		.uleb128 0x1
 851 00aa 13       		.uleb128 0x13
 852 00ab 00       		.byte	0
 853 00ac 00       		.byte	0
 854 00ad 0D       		.uleb128 0xd
 855 00ae 34       		.uleb128 0x34
 856 00af 00       		.byte	0
 857 00b0 03       		.uleb128 0x3
 858 00b1 0E       		.uleb128 0xe
 859 00b2 3A       		.uleb128 0x3a
 860 00b3 0B       		.uleb128 0xb
 861 00b4 3B       		.uleb128 0x3b
 862 00b5 0B       		.uleb128 0xb
 863 00b6 49       		.uleb128 0x49
 864 00b7 13       		.uleb128 0x13
 865 00b8 02       		.uleb128 0x2
 866 00b9 17       		.uleb128 0x17
 867 00ba 00       		.byte	0
 868 00bb 00       		.byte	0
 869 00bc 0E       		.uleb128 0xe
 870 00bd 34       		.uleb128 0x34
 871 00be 00       		.byte	0
 872 00bf 03       		.uleb128 0x3
 873 00c0 08       		.uleb128 0x8
 874 00c1 3A       		.uleb128 0x3a
 875 00c2 0B       		.uleb128 0xb
 876 00c3 3B       		.uleb128 0x3b
 877 00c4 0B       		.uleb128 0xb
 878 00c5 49       		.uleb128 0x49
 879 00c6 13       		.uleb128 0x13
 880 00c7 02       		.uleb128 0x2
 881 00c8 17       		.uleb128 0x17
 882 00c9 00       		.byte	0
 883 00ca 00       		.byte	0
 884 00cb 0F       		.uleb128 0xf
 885 00cc 898201   		.uleb128 0x4109
 886 00cf 01       		.byte	0x1
ARM GAS  C:\Users\Simon\AppData\Local\Temp\ccxJTVpq.s 			page 18


 887 00d0 11       		.uleb128 0x11
 888 00d1 01       		.uleb128 0x1
 889 00d2 31       		.uleb128 0x31
 890 00d3 13       		.uleb128 0x13
 891 00d4 00       		.byte	0
 892 00d5 00       		.byte	0
 893 00d6 10       		.uleb128 0x10
 894 00d7 2E       		.uleb128 0x2e
 895 00d8 01       		.byte	0x1
 896 00d9 3F       		.uleb128 0x3f
 897 00da 19       		.uleb128 0x19
 898 00db 03       		.uleb128 0x3
 899 00dc 0E       		.uleb128 0xe
 900 00dd 3A       		.uleb128 0x3a
 901 00de 0B       		.uleb128 0xb
 902 00df 3B       		.uleb128 0x3b
 903 00e0 0B       		.uleb128 0xb
 904 00e1 27       		.uleb128 0x27
 905 00e2 19       		.uleb128 0x19
 906 00e3 3C       		.uleb128 0x3c
 907 00e4 19       		.uleb128 0x19
 908 00e5 01       		.uleb128 0x1
 909 00e6 13       		.uleb128 0x13
 910 00e7 00       		.byte	0
 911 00e8 00       		.byte	0
 912 00e9 11       		.uleb128 0x11
 913 00ea 05       		.uleb128 0x5
 914 00eb 00       		.byte	0
 915 00ec 49       		.uleb128 0x49
 916 00ed 13       		.uleb128 0x13
 917 00ee 00       		.byte	0
 918 00ef 00       		.byte	0
 919 00f0 12       		.uleb128 0x12
 920 00f1 2E       		.uleb128 0x2e
 921 00f2 00       		.byte	0
 922 00f3 3F       		.uleb128 0x3f
 923 00f4 19       		.uleb128 0x19
 924 00f5 03       		.uleb128 0x3
 925 00f6 0E       		.uleb128 0xe
 926 00f7 3A       		.uleb128 0x3a
 927 00f8 0B       		.uleb128 0xb
 928 00f9 3B       		.uleb128 0x3b
 929 00fa 0B       		.uleb128 0xb
 930 00fb 27       		.uleb128 0x27
 931 00fc 19       		.uleb128 0x19
 932 00fd 3C       		.uleb128 0x3c
 933 00fe 19       		.uleb128 0x19
 934 00ff 00       		.byte	0
 935 0100 00       		.byte	0
 936 0101 13       		.uleb128 0x13
 937 0102 2E       		.uleb128 0x2e
 938 0103 01       		.byte	0x1
 939 0104 3F       		.uleb128 0x3f
 940 0105 19       		.uleb128 0x19
 941 0106 03       		.uleb128 0x3
 942 0107 0E       		.uleb128 0xe
 943 0108 3A       		.uleb128 0x3a
ARM GAS  C:\Users\Simon\AppData\Local\Temp\ccxJTVpq.s 			page 19


 944 0109 0B       		.uleb128 0xb
 945 010a 3B       		.uleb128 0x3b
 946 010b 0B       		.uleb128 0xb
 947 010c 27       		.uleb128 0x27
 948 010d 19       		.uleb128 0x19
 949 010e 49       		.uleb128 0x49
 950 010f 13       		.uleb128 0x13
 951 0110 3C       		.uleb128 0x3c
 952 0111 19       		.uleb128 0x19
 953 0112 01       		.uleb128 0x1
 954 0113 13       		.uleb128 0x13
 955 0114 00       		.byte	0
 956 0115 00       		.byte	0
 957 0116 14       		.uleb128 0x14
 958 0117 0F       		.uleb128 0xf
 959 0118 00       		.byte	0
 960 0119 0B       		.uleb128 0xb
 961 011a 0B       		.uleb128 0xb
 962 011b 49       		.uleb128 0x49
 963 011c 13       		.uleb128 0x13
 964 011d 00       		.byte	0
 965 011e 00       		.byte	0
 966 011f 15       		.uleb128 0x15
 967 0120 2E       		.uleb128 0x2e
 968 0121 00       		.byte	0
 969 0122 3F       		.uleb128 0x3f
 970 0123 19       		.uleb128 0x19
 971 0124 03       		.uleb128 0x3
 972 0125 0E       		.uleb128 0xe
 973 0126 3A       		.uleb128 0x3a
 974 0127 0B       		.uleb128 0xb
 975 0128 3B       		.uleb128 0x3b
 976 0129 0B       		.uleb128 0xb
 977 012a 27       		.uleb128 0x27
 978 012b 19       		.uleb128 0x19
 979 012c 49       		.uleb128 0x49
 980 012d 13       		.uleb128 0x13
 981 012e 3C       		.uleb128 0x3c
 982 012f 19       		.uleb128 0x19
 983 0130 00       		.byte	0
 984 0131 00       		.byte	0
 985 0132 16       		.uleb128 0x16
 986 0133 2E       		.uleb128 0x2e
 987 0134 01       		.byte	0x1
 988 0135 3F       		.uleb128 0x3f
 989 0136 19       		.uleb128 0x19
 990 0137 03       		.uleb128 0x3
 991 0138 0E       		.uleb128 0xe
 992 0139 3A       		.uleb128 0x3a
 993 013a 0B       		.uleb128 0xb
 994 013b 3B       		.uleb128 0x3b
 995 013c 0B       		.uleb128 0xb
 996 013d 27       		.uleb128 0x27
 997 013e 19       		.uleb128 0x19
 998 013f 49       		.uleb128 0x49
 999 0140 13       		.uleb128 0x13
 1000 0141 3C       		.uleb128 0x3c
ARM GAS  C:\Users\Simon\AppData\Local\Temp\ccxJTVpq.s 			page 20


 1001 0142 19       		.uleb128 0x19
 1002 0143 00       		.byte	0
 1003 0144 00       		.byte	0
 1004 0145 00       		.byte	0
 1005              		.section	.debug_loc,"",%progbits
 1006              	.Ldebug_loc0:
 1007              	.LLST0:
 1008 0000 04000000 		.4byte	.LVL5
 1009 0004 4E000000 		.4byte	.LVL16
 1010 0008 0200     		.2byte	0x2
 1011 000a 30       		.byte	0x30
 1012 000b 9F       		.byte	0x9f
 1013 000c 4E000000 		.4byte	.LVL16
 1014 0010 A8000000 		.4byte	.LVL29
 1015 0014 0100     		.2byte	0x1
 1016 0016 54       		.byte	0x54
 1017 0017 00000000 		.4byte	0
 1018 001b 00000000 		.4byte	0
 1019              	.LLST1:
 1020 001f 04000000 		.4byte	.LVL5
 1021 0023 98000000 		.4byte	.LVL27
 1022 0027 0200     		.2byte	0x2
 1023 0029 30       		.byte	0x30
 1024 002a 9F       		.byte	0x9f
 1025 002b 98000000 		.4byte	.LVL27
 1026 002f A5000000 		.4byte	.LVL28-1
 1027 0033 0100     		.2byte	0x1
 1028 0035 53       		.byte	0x53
 1029 0036 00000000 		.4byte	0
 1030 003a 00000000 		.4byte	0
 1031              	.LLST2:
 1032 003e 04000000 		.4byte	.LVL5
 1033 0042 14000000 		.4byte	.LVL6
 1034 0046 0200     		.2byte	0x2
 1035 0048 30       		.byte	0x30
 1036 0049 9F       		.byte	0x9f
 1037 004a 14000000 		.4byte	.LVL6
 1038 004e 16000000 		.4byte	.LVL7
 1039 0052 0100     		.2byte	0x1
 1040 0054 50       		.byte	0x50
 1041 0055 32000000 		.4byte	.LVL11
 1042 0059 34000000 		.4byte	.LVL12
 1043 005d 0100     		.2byte	0x1
 1044 005f 50       		.byte	0x50
 1045 0060 5E000000 		.4byte	.LVL17
 1046 0064 60000000 		.4byte	.LVL18
 1047 0068 0100     		.2byte	0x1
 1048 006a 50       		.byte	0x50
 1049 006b 7C000000 		.4byte	.LVL22
 1050 006f 7E000000 		.4byte	.LVL23
 1051 0073 0100     		.2byte	0x1
 1052 0075 50       		.byte	0x50
 1053 0076 00000000 		.4byte	0
 1054 007a 00000000 		.4byte	0
 1055              		.section	.debug_aranges,"",%progbits
 1056 0000 24000000 		.4byte	0x24
 1057 0004 0200     		.2byte	0x2
ARM GAS  C:\Users\Simon\AppData\Local\Temp\ccxJTVpq.s 			page 21


 1058 0006 00000000 		.4byte	.Ldebug_info0
 1059 000a 04       		.byte	0x4
 1060 000b 00       		.byte	0
 1061 000c 0000     		.2byte	0
 1062 000e 0000     		.2byte	0
 1063 0010 00000000 		.4byte	.LFB34
 1064 0014 34000000 		.4byte	.LFE34-.LFB34
 1065 0018 00000000 		.4byte	.LFB35
 1066 001c AA000000 		.4byte	.LFE35-.LFB35
 1067 0020 00000000 		.4byte	0
 1068 0024 00000000 		.4byte	0
 1069              		.section	.debug_ranges,"",%progbits
 1070              	.Ldebug_ranges0:
 1071 0000 00000000 		.4byte	.LFB34
 1072 0004 34000000 		.4byte	.LFE34
 1073 0008 00000000 		.4byte	.LFB35
 1074 000c AA000000 		.4byte	.LFE35
 1075 0010 00000000 		.4byte	0
 1076 0014 00000000 		.4byte	0
 1077              		.section	.debug_line,"",%progbits
 1078              	.Ldebug_line0:
 1079 0000 FA000000 		.section	.debug_str,"MS",%progbits,1
 1079      0200A400 
 1079      00000201 
 1079      FB0E0D00 
 1079      01010101 
 1080              	.LASF12:
 1081 0000 666C6F61 		.ascii	"float\000"
 1081      7400
 1082              	.LASF26:
 1083 0006 4C756D65 		.ascii	"LumenCom_I2CMasterReadBuf\000"
 1083      6E436F6D 
 1083      5F493243 
 1083      4D617374 
 1083      65725265 
 1084              	.LASF23:
 1085 0020 4C756D65 		.ascii	"LumenCom_Start\000"
 1085      6E436F6D 
 1085      5F537461 
 1085      727400
 1086              	.LASF3:
 1087 002f 73686F72 		.ascii	"short unsigned int\000"
 1087      7420756E 
 1087      7369676E 
 1087      65642069 
 1087      6E7400
 1088              	.LASF29:
 1089 0042 2E5C4C75 		.ascii	".\\LumenSensor.c\000"
 1089      6D656E53 
 1089      656E736F 
 1089      722E6300 
 1090              	.LASF30:
 1091 0052 433A5C55 		.ascii	"C:\\Users\\Simon\\Documents\\GitHub\\E3PRJ3-Gruppe1"
 1091      73657273 
 1091      5C53696D 
 1091      6F6E5C44 
 1091      6F63756D 
ARM GAS  C:\Users\Simon\AppData\Local\Temp\ccxJTVpq.s 			page 22


 1092 0080 5C50536F 		.ascii	"\\PSoC\\Sensor-PSoC.cydsn\000"
 1092      435C5365 
 1092      6E736F72 
 1092      2D50536F 
 1092      432E6379 
 1093              	.LASF31:
 1094 0098 696E6974 		.ascii	"initLumenSensor\000"
 1094      4C756D65 
 1094      6E53656E 
 1094      736F7200 
 1095              	.LASF18:
 1096 00a8 6368616E 		.ascii	"channel0\000"
 1096      6E656C30 
 1096      00
 1097              	.LASF19:
 1098 00b1 6368616E 		.ascii	"channel1\000"
 1098      6E656C31 
 1098      00
 1099              	.LASF27:
 1100 00ba 43616C63 		.ascii	"CalculateLux\000"
 1100      756C6174 
 1100      654C7578 
 1100      00
 1101              	.LASF22:
 1102 00c7 44454255 		.ascii	"DEBUG_PutHexByte\000"
 1102      475F5075 
 1102      74486578 
 1102      42797465 
 1102      00
 1103              	.LASF24:
 1104 00d8 44454255 		.ascii	"DEBUG_PutCRLF\000"
 1104      475F5075 
 1104      7443524C 
 1104      4600
 1105              	.LASF1:
 1106 00e6 756E7369 		.ascii	"unsigned char\000"
 1106      676E6564 
 1106      20636861 
 1106      7200
 1107              	.LASF5:
 1108 00f4 6C6F6E67 		.ascii	"long unsigned int\000"
 1108      20756E73 
 1108      69676E65 
 1108      6420696E 
 1108      7400
 1109              	.LASF9:
 1110 0106 75696E74 		.ascii	"uint8\000"
 1110      3800
 1111              	.LASF16:
 1112 010c 77726974 		.ascii	"writeBuf\000"
 1112      65427566 
 1112      00
 1113              	.LASF17:
 1114 0115 72656164 		.ascii	"readBuf\000"
 1114      42756600 
 1115              	.LASF13:
 1116 011d 646F7562 		.ascii	"double\000"
ARM GAS  C:\Users\Simon\AppData\Local\Temp\ccxJTVpq.s 			page 23


 1116      6C6500
 1117              	.LASF20:
 1118 0124 4C756D65 		.ascii	"LumenCom_scl_SetDriveMode\000"
 1118      6E436F6D 
 1118      5F73636C 
 1118      5F536574 
 1118      44726976 
 1119              	.LASF10:
 1120 013e 75696E74 		.ascii	"uint16\000"
 1120      313600
 1121              	.LASF25:
 1122 0145 4C756D65 		.ascii	"LumenCom_I2CMasterWriteBuf\000"
 1122      6E436F6D 
 1122      5F493243 
 1122      4D617374 
 1122      65725772 
 1123              	.LASF11:
 1124 0160 75696E74 		.ascii	"uint32\000"
 1124      333200
 1125              	.LASF8:
 1126 0167 756E7369 		.ascii	"unsigned int\000"
 1126      676E6564 
 1126      20696E74 
 1126      00
 1127              	.LASF7:
 1128 0174 6C6F6E67 		.ascii	"long long unsigned int\000"
 1128      206C6F6E 
 1128      6720756E 
 1128      7369676E 
 1128      65642069 
 1129              	.LASF15:
 1130 018b 73697A65 		.ascii	"sizetype\000"
 1130      74797065 
 1130      00
 1131              	.LASF6:
 1132 0194 6C6F6E67 		.ascii	"long long int\000"
 1132      206C6F6E 
 1132      6720696E 
 1132      7400
 1133              	.LASF14:
 1134 01a2 63686172 		.ascii	"char\000"
 1134      00
 1135              	.LASF28:
 1136 01a7 474E5520 		.ascii	"GNU C 4.9.3 20150303 (release) [ARM/embedded-4_9-br"
 1136      4320342E 
 1136      392E3320 
 1136      32303135 
 1136      30333033 
 1137 01da 616E6368 		.ascii	"anch revision 221220] -mcpu=cortex-m0 -mthumb -g -O"
 1137      20726576 
 1137      6973696F 
 1137      6E203232 
 1137      31323230 
 1138 020d 67202D66 		.ascii	"g -ffunction-sections -ffat-lto-objects\000"
 1138      66756E63 
 1138      74696F6E 
 1138      2D736563 
ARM GAS  C:\Users\Simon\AppData\Local\Temp\ccxJTVpq.s 			page 24


 1138      74696F6E 
 1139              	.LASF33:
 1140 0235 4C756D65 		.ascii	"LumenCom_I2CMasterStatus\000"
 1140      6E436F6D 
 1140      5F493243 
 1140      4D617374 
 1140      65725374 
 1141              	.LASF2:
 1142 024e 73686F72 		.ascii	"short int\000"
 1142      7420696E 
 1142      7400
 1143              	.LASF4:
 1144 0258 6C6F6E67 		.ascii	"long int\000"
 1144      20696E74 
 1144      00
 1145              	.LASF21:
 1146 0261 4C756D65 		.ascii	"LumenCom_sda_SetDriveMode\000"
 1146      6E436F6D 
 1146      5F736461 
 1146      5F536574 
 1146      44726976 
 1147              	.LASF0:
 1148 027b 7369676E 		.ascii	"signed char\000"
 1148      65642063 
 1148      68617200 
 1149              	.LASF32:
 1150 0287 72656164 		.ascii	"readLumenSensor\000"
 1150      4C756D65 
 1150      6E53656E 
 1150      736F7200 
 1151              		.ident	"GCC: (GNU Tools for ARM Embedded Processors) 4.9.3 20150303 (release) [ARM/embedded-4_9-br
