ARM GAS  C:\Users\Simon\AppData\Local\Temp\ccmNlV4h.s 			page 1


   1              		.cpu cortex-m0
   2              		.fpu softvfp
   3              		.eabi_attribute 20, 1
   4              		.eabi_attribute 21, 1
   5              		.eabi_attribute 23, 3
   6              		.eabi_attribute 24, 1
   7              		.eabi_attribute 25, 1
   8              		.eabi_attribute 26, 1
   9              		.eabi_attribute 30, 1
  10              		.eabi_attribute 34, 0
  11              		.eabi_attribute 18, 4
  12              		.code	16
  13              		.file	"queue.c"
  14              		.text
  15              	.Ltext0:
  16              		.cfi_sections	.debug_frame
  17              		.section	.text.backInsert,"ax",%progbits
  18              		.align	2
  19              		.code	16
  20              		.thumb_func
  21              		.type	backInsert, %function
  22              	backInsert:
  23              	.LFB41:
  24              		.file 1 ".\\queue.c"
   1:.\queue.c     **** /*!
   2:.\queue.c     ****  * @file        queue.c
   3:.\queue.c     ****  * @brief       A queue for incoming commands
   4:.\queue.c     ****  * @class       Queue
   5:.\queue.c     ****  * @author      Jeppe Stærk (201271201@uni.au.dk)
   6:.\queue.c     ****  */
   7:.\queue.c     **** #include "queue.h"
   8:.\queue.c     **** #include <stdio.h>
   9:.\queue.c     **** #include <stdlib.h>
  10:.\queue.c     **** 
  11:.\queue.c     **** /***************************************
  12:.\queue.c     **** *       Private data types
  13:.\queue.c     **** ***************************************/
  14:.\queue.c     **** 
  15:.\queue.c     **** /*!
  16:.\queue.c     ****  *  @brief      Struct to contain a element in the queue
  17:.\queue.c     ****  *  @private
  18:.\queue.c     ****  *  @author     Jeppe Stærk (201271201@uni.au.dk)
  19:.\queue.c     ****  */
  20:.\queue.c     **** struct Node
  21:.\queue.c     **** {
  22:.\queue.c     ****   struct Data data_;    /**< Data stored in queue */
  23:.\queue.c     ****   struct Node* next_;   /**< Next node in queue */
  24:.\queue.c     **** };
  25:.\queue.c     **** 
  26:.\queue.c     **** /***************************************
  27:.\queue.c     **** *       Private attributes
  28:.\queue.c     **** ***************************************/
  29:.\queue.c     **** 
  30:.\queue.c     **** /*!
  31:.\queue.c     ****  *  @brief      Pointer to front element in queue
  32:.\queue.c     ****  *  @private
  33:.\queue.c     ****  *  @memberof   Queue
ARM GAS  C:\Users\Simon\AppData\Local\Temp\ccmNlV4h.s 			page 2


  34:.\queue.c     ****  *  @author     Jeppe Stærk (201271201@uni.au.dk)
  35:.\queue.c     ****  */
  36:.\queue.c     **** static struct Node* frontOfQueuePtr_;
  37:.\queue.c     **** 
  38:.\queue.c     **** /*!
  39:.\queue.c     ****  *  @brief      Pointer to back element in queue
  40:.\queue.c     ****  *  @private
  41:.\queue.c     ****  *  @memberof   Queue
  42:.\queue.c     ****  *  @author     Jeppe Stærk (201271201@uni.au.dk)
  43:.\queue.c     ****  */
  44:.\queue.c     **** static struct Node* backOfQueuePtr_;
  45:.\queue.c     **** 
  46:.\queue.c     **** /*!
  47:.\queue.c     ****  *  @brief      Conuter for elements in the queue
  48:.\queue.c     ****  *  @private
  49:.\queue.c     ****  *  @memberof   Queue
  50:.\queue.c     ****  *  @author     Jeppe Stærk (201271201@uni.au.dk)
  51:.\queue.c     ****  */
  52:.\queue.c     ****  uint8 queueCount_;
  53:.\queue.c     **** 
  54:.\queue.c     **** /*!
  55:.\queue.c     ****  *  @brief      Maximum elements in queue
  56:.\queue.c     ****  *  @private
  57:.\queue.c     ****  *  @memberof   Queue
  58:.\queue.c     ****  *  @author     Jeppe Stærk (201271201@uni.au.dk)
  59:.\queue.c     ****  */
  60:.\queue.c     **** static uint8 queueMax_;
  61:.\queue.c     **** 
  62:.\queue.c     **** /***************************************
  63:.\queue.c     **** *       Private methods            
  64:.\queue.c     **** ***************************************/
  65:.\queue.c     **** 
  66:.\queue.c     **** static void headInsert(struct Node** headPtr, const struct Data data);
  67:.\queue.c     **** static void headRemove(struct Node** headPtr);
  68:.\queue.c     **** static void backInsert(struct Node** backPtr, const struct Data data);
  69:.\queue.c     **** 
  70:.\queue.c     **** 
  71:.\queue.c     **** /***************************************
  72:.\queue.c     ****  *       Public methods
  73:.\queue.c     ****  ***************************************/
  74:.\queue.c     **** 
  75:.\queue.c     **** /**
  76:.\queue.c     ****  *  @brief      Initialize queue.
  77:.\queue.c     ****  *  @param[in]  queueSize   Size of queue.
  78:.\queue.c     ****  *  @public
  79:.\queue.c     ****  *  @memberof   Queue
  80:.\queue.c     ****  *  @author     Jeppe Stærk (201271201@uni.au.dk)
  81:.\queue.c     ****  */
  82:.\queue.c     **** void queue_init(uint8 queueSize)
  83:.\queue.c     **** {
  84:.\queue.c     ****   frontOfQueuePtr_ = NULL;
  85:.\queue.c     ****   frontOfQueuePtr_->next_ = NULL;
  86:.\queue.c     ****   backOfQueuePtr_ = NULL;
  87:.\queue.c     ****   backOfQueuePtr_->next_ = NULL;
  88:.\queue.c     ****   queueMax_ = queueSize;
  89:.\queue.c     ****   queueCount_ = 0;
  90:.\queue.c     **** }
ARM GAS  C:\Users\Simon\AppData\Local\Temp\ccmNlV4h.s 			page 3


  91:.\queue.c     **** 
  92:.\queue.c     **** /**
  93:.\queue.c     ****  *  @brief      Insert element in FIFO ordre in queue 
  94:.\queue.c     ****  *  @param[in]  data    Struct of data to be placed in the queue
  95:.\queue.c     ****  *  @public
  96:.\queue.c     ****  *  @memberof   Queue
  97:.\queue.c     ****  *  @author     Jeppe Stærk (201271201@uni.au.dk)
  98:.\queue.c     ****  */
  99:.\queue.c     **** void pushQueue(const struct Data data)
 100:.\queue.c     **** {
 101:.\queue.c     ****   if(queueCount_<queueMax_)
 102:.\queue.c     ****   {
 103:.\queue.c     ****   if(isEmptyQueue() != 1)
 104:.\queue.c     ****   {
 105:.\queue.c     ****     backInsert(&backOfQueuePtr_, data);
 106:.\queue.c     ****     backOfQueuePtr_ = backOfQueuePtr_->next_;
 107:.\queue.c     ****     queueCount_++;
 108:.\queue.c     ****   }
 109:.\queue.c     ****     else
 110:.\queue.c     ****     {
 111:.\queue.c     ****       headInsert(&frontOfQueuePtr_, data);
 112:.\queue.c     ****       backOfQueuePtr_ = frontOfQueuePtr_;
 113:.\queue.c     ****       queueCount_++;
 114:.\queue.c     ****     }
 115:.\queue.c     ****   }
 116:.\queue.c     **** }
 117:.\queue.c     **** 
 118:.\queue.c     **** /**
 119:.\queue.c     ****  *  @brief      Remove front element of the queue  
 120:.\queue.c     ****  *  @public
 121:.\queue.c     ****  *  @memberof   Queue
 122:.\queue.c     ****  *  @author     Jeppe Stærk (201271201@uni.au.dk)
 123:.\queue.c     ****  */
 124:.\queue.c     **** void popQueue()
 125:.\queue.c     **** {
 126:.\queue.c     ****   headRemove(&frontOfQueuePtr_);
 127:.\queue.c     ****   queueCount_--;
 128:.\queue.c     ****   if(isEmptyQueue() == 1)
 129:.\queue.c     ****   {
 130:.\queue.c     ****     backOfQueuePtr_ = NULL;
 131:.\queue.c     ****   }
 132:.\queue.c     **** }
 133:.\queue.c     **** 
 134:.\queue.c     **** /*!
 135:.\queue.c     ****  *  @brief      Return data from the front element in the queue 
 136:.\queue.c     ****  *  @return     Data
 137:.\queue.c     ****  *  @public
 138:.\queue.c     ****  *  @memberof   Queue
 139:.\queue.c     ****  *  @author     Jeppe Stærk (201271201@uni.au.dk)
 140:.\queue.c     ****  */
 141:.\queue.c     **** struct Data frontQueue()
 142:.\queue.c     **** {
 143:.\queue.c     ****   return frontOfQueuePtr_->data_;
 144:.\queue.c     **** }
 145:.\queue.c     **** 
 146:.\queue.c     **** /*!
 147:.\queue.c     ****  *  @brief      Return 1 (true) if queue is empty or 0 (false) if not 
ARM GAS  C:\Users\Simon\AppData\Local\Temp\ccmNlV4h.s 			page 4


 148:.\queue.c     ****  *  @return     int
 149:.\queue.c     ****  *  @public
 150:.\queue.c     ****  *  @memberof   Queue
 151:.\queue.c     ****  *  @author     Jeppe Stærk (201271201@uni.au.dk)
 152:.\queue.c     ****  */
 153:.\queue.c     **** int isEmptyQueue()
 154:.\queue.c     **** {
 155:.\queue.c     ****   if(frontOfQueuePtr_ == NULL)
 156:.\queue.c     ****   {
 157:.\queue.c     ****     return 1;
 158:.\queue.c     ****   }
 159:.\queue.c     ****   else
 160:.\queue.c     ****   {
 161:.\queue.c     ****     return 0;
 162:.\queue.c     ****   }
 163:.\queue.c     **** }
 164:.\queue.c     **** 
 165:.\queue.c     **** /*!
 166:.\queue.c     ****  *  @brief      Insert element in the front of the queue
 167:.\queue.c     ****  *  @param[in]  headPtr     Pointer to front of queue
 168:.\queue.c     ****  *  @param[in]  data        Struct of data to be placed in the queue
 169:.\queue.c     ****  *  @private
 170:.\queue.c     ****  *  @memberof   Queue
 171:.\queue.c     ****  *  @author     Jeppe Stærk (201271201@uni.au.dk)
 172:.\queue.c     ****  */
 173:.\queue.c     **** void headInsert(struct Node** headPtr, const struct Data data)
 174:.\queue.c     **** {
 175:.\queue.c     ****   struct Node* temp = (struct Node*)malloc(sizeof(struct Node));
 176:.\queue.c     ****   if(temp == NULL)
 177:.\queue.c     ****   {
 178:.\queue.c     ****     return;
 179:.\queue.c     ****   }
 180:.\queue.c     **** 
 181:.\queue.c     ****   temp->data_ = data;
 182:.\queue.c     ****   temp->next_ = NULL;
 183:.\queue.c     **** 
 184:.\queue.c     ****   *headPtr = temp;
 185:.\queue.c     **** }
 186:.\queue.c     **** 
 187:.\queue.c     **** /*!
 188:.\queue.c     ****  *  @brief      Remove element in front af queue
 189:.\queue.c     ****  *  @param[in]  headPtr     Pointer to front of queue
 190:.\queue.c     ****  *  @private
 191:.\queue.c     ****  *  @memberof   Queue
 192:.\queue.c     ****  *  @author     Jeppe Stærk (201271201@uni.au.dk)
 193:.\queue.c     ****  */
 194:.\queue.c     **** void headRemove(struct Node** headPtr)
 195:.\queue.c     **** {
 196:.\queue.c     ****   if(headPtr != NULL)
 197:.\queue.c     ****   {
 198:.\queue.c     **** struct Node* condemned;
 199:.\queue.c     ****     condemned = *headPtr;
 200:.\queue.c     ****     *headPtr = (*headPtr)->next_;
 201:.\queue.c     ****     free(condemned);
 202:.\queue.c     ****   }
 203:.\queue.c     **** }
 204:.\queue.c     **** 
ARM GAS  C:\Users\Simon\AppData\Local\Temp\ccmNlV4h.s 			page 5


 205:.\queue.c     **** /*!
 206:.\queue.c     ****  *  @brief      Insert element in the back of the queue
 207:.\queue.c     ****  *  @param[in]  backPtr     Pointer to back of queue
 208:.\queue.c     ****  *  @param[in]  data        Struct of data to be placed in the queue
 209:.\queue.c     ****  *  @private
 210:.\queue.c     ****  *  @memberof   Queue
 211:.\queue.c     ****  *  @author     Jeppe Stærk (201271201@uni.au.dk)
 212:.\queue.c     ****  */
 213:.\queue.c     **** void backInsert(struct Node** backPtr, const struct Data data)
 214:.\queue.c     **** {
  25              		.loc 1 214 0
  26              		.cfi_startproc
  27              	.LVL0:
  28 0000 70B5     		push	{r4, r5, r6, lr}
  29              		.cfi_def_cfa_offset 16
  30              		.cfi_offset 4, -16
  31              		.cfi_offset 5, -12
  32              		.cfi_offset 6, -8
  33              		.cfi_offset 14, -4
  34 0002 82B0     		sub	sp, sp, #8
  35              		.cfi_def_cfa_offset 24
  36 0004 0091     		str	r1, [sp]
  37 0006 0192     		str	r2, [sp, #4]
 215:.\queue.c     ****   if(*backPtr == NULL)
  38              		.loc 1 215 0
  39 0008 0368     		ldr	r3, [r0]
  40 000a 002B     		cmp	r3, #0
  41 000c 0BD0     		beq	.L1
  42 000e 041C     		mov	r4, r0
 216:.\queue.c     ****   {
 217:.\queue.c     ****     return;
 218:.\queue.c     ****   }
 219:.\queue.c     **** 
 220:.\queue.c     ****   struct Node* next = (*backPtr)->next_;
  43              		.loc 1 220 0
  44 0010 9D68     		ldr	r5, [r3, #8]
  45              	.LVL1:
 221:.\queue.c     ****   struct Node* temp = (struct Node*)malloc(sizeof(struct Node));
  46              		.loc 1 221 0
  47 0012 0C20     		mov	r0, #12
  48              	.LVL2:
  49 0014 FFF7FEFF 		bl	malloc
  50              	.LVL3:
 222:.\queue.c     ****   temp->data_ = data;
  51              		.loc 1 222 0
  52 0018 6B46     		mov	r3, sp
  53 001a 021C     		mov	r2, r0
  54 001c 42CB     		ldmia	r3!, {r1, r6}
  55 001e 42C2     		stmia	r2!, {r1, r6}
 223:.\queue.c     ****   temp->next_ = next;
  56              		.loc 1 223 0
  57 0020 8560     		str	r5, [r0, #8]
 224:.\queue.c     ****   (*backPtr)->next_ = temp;
  58              		.loc 1 224 0
  59 0022 2368     		ldr	r3, [r4]
  60 0024 9860     		str	r0, [r3, #8]
  61              	.LVL4:
ARM GAS  C:\Users\Simon\AppData\Local\Temp\ccmNlV4h.s 			page 6


  62              	.L1:
 225:.\queue.c     **** }
  63              		.loc 1 225 0
  64 0026 02B0     		add	sp, sp, #8
  65              		@ sp needed
  66 0028 70BD     		pop	{r4, r5, r6, pc}
  67              		.cfi_endproc
  68              	.LFE41:
  69              		.size	backInsert, .-backInsert
  70 002a C046     		.section	.text.headInsert,"ax",%progbits
  71              		.align	2
  72              		.code	16
  73              		.thumb_func
  74              		.type	headInsert, %function
  75              	headInsert:
  76              	.LFB39:
 174:.\queue.c     ****   struct Node* temp = (struct Node*)malloc(sizeof(struct Node));
  77              		.loc 1 174 0
  78              		.cfi_startproc
  79              	.LVL5:
  80 0000 30B5     		push	{r4, r5, lr}
  81              		.cfi_def_cfa_offset 12
  82              		.cfi_offset 4, -12
  83              		.cfi_offset 5, -8
  84              		.cfi_offset 14, -4
  85 0002 83B0     		sub	sp, sp, #12
  86              		.cfi_def_cfa_offset 24
  87 0004 041C     		mov	r4, r0
  88 0006 0091     		str	r1, [sp]
  89 0008 0192     		str	r2, [sp, #4]
 175:.\queue.c     ****   if(temp == NULL)
  90              		.loc 1 175 0
  91 000a 0C20     		mov	r0, #12
  92              	.LVL6:
  93 000c FFF7FEFF 		bl	malloc
  94              	.LVL7:
 176:.\queue.c     ****   {
  95              		.loc 1 176 0
  96 0010 0028     		cmp	r0, #0
  97 0012 06D0     		beq	.L3
 181:.\queue.c     ****   temp->next_ = NULL;
  98              		.loc 1 181 0
  99 0014 6B46     		mov	r3, sp
 100 0016 021C     		mov	r2, r0
 101 0018 22CB     		ldmia	r3!, {r1, r5}
 102 001a 22C2     		stmia	r2!, {r1, r5}
 182:.\queue.c     **** 
 103              		.loc 1 182 0
 104 001c 0023     		mov	r3, #0
 105 001e 8360     		str	r3, [r0, #8]
 184:.\queue.c     **** }
 106              		.loc 1 184 0
 107 0020 2060     		str	r0, [r4]
 108              	.L3:
 185:.\queue.c     **** 
 109              		.loc 1 185 0
 110 0022 03B0     		add	sp, sp, #12
ARM GAS  C:\Users\Simon\AppData\Local\Temp\ccmNlV4h.s 			page 7


 111              		@ sp needed
 112              	.LVL8:
 113 0024 30BD     		pop	{r4, r5, pc}
 114              		.cfi_endproc
 115              	.LFE39:
 116              		.size	headInsert, .-headInsert
 117 0026 C046     		.section	.text.headRemove,"ax",%progbits
 118              		.align	2
 119              		.code	16
 120              		.thumb_func
 121              		.type	headRemove, %function
 122              	headRemove:
 123              	.LFB40:
 195:.\queue.c     ****   if(headPtr != NULL)
 124              		.loc 1 195 0
 125              		.cfi_startproc
 126              	.LVL9:
 127 0000 08B5     		push	{r3, lr}
 128              		.cfi_def_cfa_offset 8
 129              		.cfi_offset 3, -8
 130              		.cfi_offset 14, -4
 196:.\queue.c     ****   {
 131              		.loc 1 196 0
 132 0002 0028     		cmp	r0, #0
 133 0004 05D0     		beq	.L5
 134 0006 031C     		mov	r3, r0
 135              	.LBB2:
 199:.\queue.c     ****     *headPtr = (*headPtr)->next_;
 136              		.loc 1 199 0
 137 0008 0068     		ldr	r0, [r0]
 138              	.LVL10:
 200:.\queue.c     ****     free(condemned);
 139              		.loc 1 200 0
 140 000a 8268     		ldr	r2, [r0, #8]
 141 000c 1A60     		str	r2, [r3]
 201:.\queue.c     ****   }
 142              		.loc 1 201 0
 143 000e FFF7FEFF 		bl	free
 144              	.LVL11:
 145              	.L5:
 146              	.LBE2:
 203:.\queue.c     **** 
 147              		.loc 1 203 0
 148              		@ sp needed
 149 0012 08BD     		pop	{r3, pc}
 150              		.cfi_endproc
 151              	.LFE40:
 152              		.size	headRemove, .-headRemove
 153              		.section	.text.queue_init,"ax",%progbits
 154              		.align	2
 155              		.global	queue_init
 156              		.code	16
 157              		.thumb_func
 158              		.type	queue_init, %function
 159              	queue_init:
 160              	.LFB34:
  83:.\queue.c     ****   frontOfQueuePtr_ = NULL;
ARM GAS  C:\Users\Simon\AppData\Local\Temp\ccmNlV4h.s 			page 8


 161              		.loc 1 83 0
 162              		.cfi_startproc
 163              	.LVL12:
  84:.\queue.c     ****   frontOfQueuePtr_->next_ = NULL;
 164              		.loc 1 84 0
 165 0000 044A     		ldr	r2, .L8
 166 0002 0023     		mov	r3, #0
 167 0004 1360     		str	r3, [r2]
  85:.\queue.c     ****   backOfQueuePtr_ = NULL;
 168              		.loc 1 85 0
 169 0006 9B60     		str	r3, [r3, #8]
  86:.\queue.c     ****   backOfQueuePtr_->next_ = NULL;
 170              		.loc 1 86 0
 171 0008 5360     		str	r3, [r2, #4]
  88:.\queue.c     ****   queueCount_ = 0;
 172              		.loc 1 88 0
 173 000a 1072     		strb	r0, [r2, #8]
  89:.\queue.c     **** }
 174              		.loc 1 89 0
 175 000c 024A     		ldr	r2, .L8+4
 176 000e 1370     		strb	r3, [r2]
  90:.\queue.c     **** 
 177              		.loc 1 90 0
 178              		@ sp needed
 179 0010 7047     		bx	lr
 180              	.L9:
 181 0012 C046     		.align	2
 182              	.L8:
 183 0014 00000000 		.word	.LANCHOR0
 184 0018 00000000 		.word	queueCount_
 185              		.cfi_endproc
 186              	.LFE34:
 187              		.size	queue_init, .-queue_init
 188              		.section	.text.frontQueue,"ax",%progbits
 189              		.align	2
 190              		.global	frontQueue
 191              		.code	16
 192              		.thumb_func
 193              		.type	frontQueue, %function
 194              	frontQueue:
 195              	.LFB37:
 142:.\queue.c     ****   return frontOfQueuePtr_->data_;
 196              		.loc 1 142 0
 197              		.cfi_startproc
 198              	.LVL13:
 199 0000 10B5     		push	{r4, lr}
 200              		.cfi_def_cfa_offset 8
 201              		.cfi_offset 4, -8
 202              		.cfi_offset 14, -4
 143:.\queue.c     **** }
 203              		.loc 1 143 0
 204 0002 034B     		ldr	r3, .L11
 205 0004 1B68     		ldr	r3, [r3]
 206 0006 021C     		mov	r2, r0
 207 0008 12CB     		ldmia	r3!, {r1, r4}
 208 000a 12C2     		stmia	r2!, {r1, r4}
 144:.\queue.c     **** 
ARM GAS  C:\Users\Simon\AppData\Local\Temp\ccmNlV4h.s 			page 9


 209              		.loc 1 144 0
 210              		@ sp needed
 211 000c 10BD     		pop	{r4, pc}
 212              	.L12:
 213 000e C046     		.align	2
 214              	.L11:
 215 0010 00000000 		.word	.LANCHOR0
 216              		.cfi_endproc
 217              	.LFE37:
 218              		.size	frontQueue, .-frontQueue
 219              		.section	.text.isEmptyQueue,"ax",%progbits
 220              		.align	2
 221              		.global	isEmptyQueue
 222              		.code	16
 223              		.thumb_func
 224              		.type	isEmptyQueue, %function
 225              	isEmptyQueue:
 226              	.LFB38:
 154:.\queue.c     ****   if(frontOfQueuePtr_ == NULL)
 227              		.loc 1 154 0
 228              		.cfi_startproc
 155:.\queue.c     ****   {
 229              		.loc 1 155 0
 230 0000 034B     		ldr	r3, .L16
 231 0002 1B68     		ldr	r3, [r3]
 232 0004 002B     		cmp	r3, #0
 233 0006 01D1     		bne	.L15
 157:.\queue.c     ****   }
 234              		.loc 1 157 0
 235 0008 0120     		mov	r0, #1
 236 000a 00E0     		b	.L14
 237              	.L15:
 161:.\queue.c     ****   }
 238              		.loc 1 161 0
 239 000c 0020     		mov	r0, #0
 240              	.L14:
 163:.\queue.c     **** 
 241              		.loc 1 163 0
 242              		@ sp needed
 243 000e 7047     		bx	lr
 244              	.L17:
 245              		.align	2
 246              	.L16:
 247 0010 00000000 		.word	.LANCHOR0
 248              		.cfi_endproc
 249              	.LFE38:
 250              		.size	isEmptyQueue, .-isEmptyQueue
 251              		.section	.text.pushQueue,"ax",%progbits
 252              		.align	2
 253              		.global	pushQueue
 254              		.code	16
 255              		.thumb_func
 256              		.type	pushQueue, %function
 257              	pushQueue:
 258              	.LFB35:
 100:.\queue.c     ****   if(queueCount_<queueMax_)
 259              		.loc 1 100 0
ARM GAS  C:\Users\Simon\AppData\Local\Temp\ccmNlV4h.s 			page 10


 260              		.cfi_startproc
 261 0000 10B5     		push	{r4, lr}
 262              		.cfi_def_cfa_offset 8
 263              		.cfi_offset 4, -8
 264              		.cfi_offset 14, -4
 265 0002 82B0     		sub	sp, sp, #8
 266              		.cfi_def_cfa_offset 16
 267 0004 0090     		str	r0, [sp]
 268 0006 0191     		str	r1, [sp, #4]
 101:.\queue.c     ****   {
 269              		.loc 1 101 0
 270 0008 124B     		ldr	r3, .L21
 271 000a 1A78     		ldrb	r2, [r3]
 272 000c 124B     		ldr	r3, .L21+4
 273 000e 1B7A     		ldrb	r3, [r3, #8]
 274 0010 9A42     		cmp	r2, r3
 275 0012 1DD2     		bcs	.L18
 103:.\queue.c     ****   {
 276              		.loc 1 103 0
 277 0014 FFF7FEFF 		bl	isEmptyQueue
 278              	.LVL14:
 279 0018 0128     		cmp	r0, #1
 280 001a 0DD0     		beq	.L20
 105:.\queue.c     ****     backOfQueuePtr_ = backOfQueuePtr_->next_;
 281              		.loc 1 105 0
 282 001c 0E4C     		ldr	r4, .L21+4
 283 001e 201D     		add	r0, r4, #4
 284 0020 0099     		ldr	r1, [sp]
 285 0022 019A     		ldr	r2, [sp, #4]
 286 0024 FFF7FEFF 		bl	backInsert
 287              	.LVL15:
 106:.\queue.c     ****     queueCount_++;
 288              		.loc 1 106 0
 289 0028 6368     		ldr	r3, [r4, #4]
 290 002a 9B68     		ldr	r3, [r3, #8]
 291 002c 6360     		str	r3, [r4, #4]
 107:.\queue.c     ****   }
 292              		.loc 1 107 0
 293 002e 094A     		ldr	r2, .L21
 294 0030 1378     		ldrb	r3, [r2]
 295 0032 0133     		add	r3, r3, #1
 296 0034 1370     		strb	r3, [r2]
 297 0036 0BE0     		b	.L18
 298              	.L20:
 111:.\queue.c     ****       backOfQueuePtr_ = frontOfQueuePtr_;
 299              		.loc 1 111 0
 300 0038 074C     		ldr	r4, .L21+4
 301 003a 201C     		mov	r0, r4
 302 003c 0099     		ldr	r1, [sp]
 303 003e 019A     		ldr	r2, [sp, #4]
 304 0040 FFF7FEFF 		bl	headInsert
 305              	.LVL16:
 112:.\queue.c     ****       queueCount_++;
 306              		.loc 1 112 0
 307 0044 2368     		ldr	r3, [r4]
 308 0046 6360     		str	r3, [r4, #4]
 113:.\queue.c     ****     }
ARM GAS  C:\Users\Simon\AppData\Local\Temp\ccmNlV4h.s 			page 11


 309              		.loc 1 113 0
 310 0048 024A     		ldr	r2, .L21
 311 004a 1378     		ldrb	r3, [r2]
 312 004c 0133     		add	r3, r3, #1
 313 004e 1370     		strb	r3, [r2]
 314              	.L18:
 116:.\queue.c     **** 
 315              		.loc 1 116 0
 316 0050 02B0     		add	sp, sp, #8
 317              		@ sp needed
 318 0052 10BD     		pop	{r4, pc}
 319              	.L22:
 320              		.align	2
 321              	.L21:
 322 0054 00000000 		.word	queueCount_
 323 0058 00000000 		.word	.LANCHOR0
 324              		.cfi_endproc
 325              	.LFE35:
 326              		.size	pushQueue, .-pushQueue
 327              		.section	.text.popQueue,"ax",%progbits
 328              		.align	2
 329              		.global	popQueue
 330              		.code	16
 331              		.thumb_func
 332              		.type	popQueue, %function
 333              	popQueue:
 334              	.LFB36:
 125:.\queue.c     ****   headRemove(&frontOfQueuePtr_);
 335              		.loc 1 125 0
 336              		.cfi_startproc
 337 0000 08B5     		push	{r3, lr}
 338              		.cfi_def_cfa_offset 8
 339              		.cfi_offset 3, -8
 340              		.cfi_offset 14, -4
 126:.\queue.c     ****   queueCount_--;
 341              		.loc 1 126 0
 342 0002 0748     		ldr	r0, .L25
 343 0004 FFF7FEFF 		bl	headRemove
 344              	.LVL17:
 127:.\queue.c     ****   if(isEmptyQueue() == 1)
 345              		.loc 1 127 0
 346 0008 064A     		ldr	r2, .L25+4
 347 000a 1378     		ldrb	r3, [r2]
 348 000c 013B     		sub	r3, r3, #1
 349 000e 1370     		strb	r3, [r2]
 128:.\queue.c     ****   {
 350              		.loc 1 128 0
 351 0010 FFF7FEFF 		bl	isEmptyQueue
 352              	.LVL18:
 353 0014 0128     		cmp	r0, #1
 354 0016 02D1     		bne	.L23
 130:.\queue.c     ****   }
 355              		.loc 1 130 0
 356 0018 0022     		mov	r2, #0
 357 001a 014B     		ldr	r3, .L25
 358 001c 5A60     		str	r2, [r3, #4]
 359              	.L23:
ARM GAS  C:\Users\Simon\AppData\Local\Temp\ccmNlV4h.s 			page 12


 132:.\queue.c     **** 
 360              		.loc 1 132 0
 361              		@ sp needed
 362 001e 08BD     		pop	{r3, pc}
 363              	.L26:
 364              		.align	2
 365              	.L25:
 366 0020 00000000 		.word	.LANCHOR0
 367 0024 00000000 		.word	queueCount_
 368              		.cfi_endproc
 369              	.LFE36:
 370              		.size	popQueue, .-popQueue
 371              		.comm	queueCount_,1,1
 372              		.bss
 373              		.align	2
 374              		.set	.LANCHOR0,. + 0
 375              		.type	frontOfQueuePtr_, %object
 376              		.size	frontOfQueuePtr_, 4
 377              	frontOfQueuePtr_:
 378 0000 00000000 		.space	4
 379              		.type	backOfQueuePtr_, %object
 380              		.size	backOfQueuePtr_, 4
 381              	backOfQueuePtr_:
 382 0004 00000000 		.space	4
 383              		.type	queueMax_, %object
 384              		.size	queueMax_, 1
 385              	queueMax_:
 386 0008 00       		.space	1
 387 0009 000000   		.text
 388              	.Letext0:
 389              		.file 2 "Generated_Source\\PSoC4/cytypes.h"
 390              		.file 3 "c:\\program files (x86)\\cypress\\psoc creator\\3.3\\psoc creator\\import\\gnu\\arm\\4.9.
 391              		.file 4 ".\\queue.h"
 392              		.file 5 "c:\\program files (x86)\\cypress\\psoc creator\\3.3\\psoc creator\\import\\gnu\\arm\\4.9.
 393              		.section	.debug_info,"",%progbits
 394              	.Ldebug_info0:
 395 0000 28030000 		.4byte	0x328
 396 0004 0400     		.2byte	0x4
 397 0006 00000000 		.4byte	.Ldebug_abbrev0
 398 000a 04       		.byte	0x4
 399 000b 01       		.uleb128 0x1
 400 000c 98010000 		.4byte	.LASF39
 401 0010 01       		.byte	0x1
 402 0011 56010000 		.4byte	.LASF40
 403 0015 55000000 		.4byte	.LASF41
 404 0019 00000000 		.4byte	.Ldebug_ranges0+0
 405 001d 00000000 		.4byte	0
 406 0021 00000000 		.4byte	.Ldebug_line0
 407 0025 02       		.uleb128 0x2
 408 0026 01       		.byte	0x1
 409 0027 06       		.byte	0x6
 410 0028 59020000 		.4byte	.LASF0
 411 002c 02       		.uleb128 0x2
 412 002d 01       		.byte	0x1
 413 002e 08       		.byte	0x8
 414 002f B4000000 		.4byte	.LASF1
 415 0033 02       		.uleb128 0x2
ARM GAS  C:\Users\Simon\AppData\Local\Temp\ccmNlV4h.s 			page 13


 416 0034 02       		.byte	0x2
 417 0035 05       		.byte	0x5
 418 0036 26020000 		.4byte	.LASF2
 419 003a 02       		.uleb128 0x2
 420 003b 02       		.byte	0x2
 421 003c 07       		.byte	0x7
 422 003d EB000000 		.4byte	.LASF3
 423 0041 02       		.uleb128 0x2
 424 0042 04       		.byte	0x4
 425 0043 05       		.byte	0x5
 426 0044 4B020000 		.4byte	.LASF4
 427 0048 02       		.uleb128 0x2
 428 0049 04       		.byte	0x4
 429 004a 07       		.byte	0x7
 430 004b D4000000 		.4byte	.LASF5
 431 004f 02       		.uleb128 0x2
 432 0050 08       		.byte	0x8
 433 0051 05       		.byte	0x5
 434 0052 80010000 		.4byte	.LASF6
 435 0056 02       		.uleb128 0x2
 436 0057 08       		.byte	0x8
 437 0058 07       		.byte	0x7
 438 0059 34010000 		.4byte	.LASF7
 439 005d 03       		.uleb128 0x3
 440 005e 04       		.byte	0x4
 441 005f 05       		.byte	0x5
 442 0060 696E7400 		.ascii	"int\000"
 443 0064 02       		.uleb128 0x2
 444 0065 04       		.byte	0x4
 445 0066 07       		.byte	0x7
 446 0067 27010000 		.4byte	.LASF8
 447 006b 04       		.uleb128 0x4
 448 006c AE000000 		.4byte	.LASF12
 449 0070 02       		.byte	0x2
 450 0071 3801     		.2byte	0x138
 451 0073 2C000000 		.4byte	0x2c
 452 0077 02       		.uleb128 0x2
 453 0078 04       		.byte	0x4
 454 0079 04       		.byte	0x4
 455 007a A3000000 		.4byte	.LASF9
 456 007e 02       		.uleb128 0x2
 457 007f 08       		.byte	0x8
 458 0080 04       		.byte	0x4
 459 0081 1B010000 		.4byte	.LASF10
 460 0085 02       		.uleb128 0x2
 461 0086 01       		.byte	0x1
 462 0087 08       		.byte	0x8
 463 0088 54020000 		.4byte	.LASF11
 464 008c 05       		.uleb128 0x5
 465 008d FE000000 		.4byte	.LASF13
 466 0091 03       		.byte	0x3
 467 0092 D4       		.byte	0xd4
 468 0093 64000000 		.4byte	0x64
 469 0097 02       		.uleb128 0x2
 470 0098 04       		.byte	0x4
 471 0099 07       		.byte	0x7
 472 009a 71010000 		.4byte	.LASF14
ARM GAS  C:\Users\Simon\AppData\Local\Temp\ccmNlV4h.s 			page 14


 473 009e 06       		.uleb128 0x6
 474 009f 04       		.byte	0x4
 475 00a0 07       		.uleb128 0x7
 476 00a1 22010000 		.4byte	.LASF17
 477 00a5 08       		.byte	0x8
 478 00a6 04       		.byte	0x4
 479 00a7 18       		.byte	0x18
 480 00a8 C5000000 		.4byte	0xc5
 481 00ac 08       		.uleb128 0x8
 482 00ad 93010000 		.4byte	.LASF15
 483 00b1 04       		.byte	0x4
 484 00b2 1A       		.byte	0x1a
 485 00b3 5D000000 		.4byte	0x5d
 486 00b7 00       		.byte	0
 487 00b8 08       		.uleb128 0x8
 488 00b9 8E010000 		.4byte	.LASF16
 489 00bd 04       		.byte	0x4
 490 00be 1B       		.byte	0x1b
 491 00bf 5D000000 		.4byte	0x5d
 492 00c3 04       		.byte	0x4
 493 00c4 00       		.byte	0
 494 00c5 07       		.uleb128 0x7
 495 00c6 10000000 		.4byte	.LASF18
 496 00ca 0C       		.byte	0xc
 497 00cb 01       		.byte	0x1
 498 00cc 14       		.byte	0x14
 499 00cd EA000000 		.4byte	0xea
 500 00d1 08       		.uleb128 0x8
 501 00d2 00000000 		.4byte	.LASF19
 502 00d6 01       		.byte	0x1
 503 00d7 16       		.byte	0x16
 504 00d8 A0000000 		.4byte	0xa0
 505 00dc 00       		.byte	0
 506 00dd 08       		.uleb128 0x8
 507 00de 7A010000 		.4byte	.LASF20
 508 00e2 01       		.byte	0x1
 509 00e3 17       		.byte	0x17
 510 00e4 EA000000 		.4byte	0xea
 511 00e8 08       		.byte	0x8
 512 00e9 00       		.byte	0
 513 00ea 09       		.uleb128 0x9
 514 00eb 04       		.byte	0x4
 515 00ec C5000000 		.4byte	0xc5
 516 00f0 0A       		.uleb128 0xa
 517 00f1 4B010000 		.4byte	.LASF25
 518 00f5 01       		.byte	0x1
 519 00f6 D5       		.byte	0xd5
 520 00f7 00000000 		.4byte	.LFB41
 521 00fb 2A000000 		.4byte	.LFE41-.LFB41
 522 00ff 01       		.uleb128 0x1
 523 0100 9C       		.byte	0x9c
 524 0101 50010000 		.4byte	0x150
 525 0105 0B       		.uleb128 0xb
 526 0106 9B000000 		.4byte	.LASF21
 527 010a 01       		.byte	0x1
 528 010b D5       		.byte	0xd5
 529 010c 50010000 		.4byte	0x150
ARM GAS  C:\Users\Simon\AppData\Local\Temp\ccmNlV4h.s 			page 15


 530 0110 00000000 		.4byte	.LLST0
 531 0114 0C       		.uleb128 0xc
 532 0115 A9000000 		.4byte	.LASF22
 533 0119 01       		.byte	0x1
 534 011a D5       		.byte	0xd5
 535 011b 56010000 		.4byte	0x156
 536 011f 02       		.uleb128 0x2
 537 0120 91       		.byte	0x91
 538 0121 68       		.sleb128 -24
 539 0122 0D       		.uleb128 0xd
 540 0123 15000000 		.4byte	.LASF23
 541 0127 01       		.byte	0x1
 542 0128 DC       		.byte	0xdc
 543 0129 EA000000 		.4byte	0xea
 544 012d 2C000000 		.4byte	.LLST1
 545 0131 0D       		.uleb128 0xd
 546 0132 E6000000 		.4byte	.LASF24
 547 0136 01       		.byte	0x1
 548 0137 DD       		.byte	0xdd
 549 0138 EA000000 		.4byte	0xea
 550 013c 3F000000 		.4byte	.LLST2
 551 0140 0E       		.uleb128 0xe
 552 0141 18000000 		.4byte	.LVL3
 553 0145 09030000 		.4byte	0x309
 554 0149 0F       		.uleb128 0xf
 555 014a 01       		.uleb128 0x1
 556 014b 50       		.byte	0x50
 557 014c 01       		.uleb128 0x1
 558 014d 3C       		.byte	0x3c
 559 014e 00       		.byte	0
 560 014f 00       		.byte	0
 561 0150 09       		.uleb128 0x9
 562 0151 04       		.byte	0x4
 563 0152 EA000000 		.4byte	0xea
 564 0156 10       		.uleb128 0x10
 565 0157 A0000000 		.4byte	0xa0
 566 015b 0A       		.uleb128 0xa
 567 015c 1A000000 		.4byte	.LASF26
 568 0160 01       		.byte	0x1
 569 0161 AD       		.byte	0xad
 570 0162 00000000 		.4byte	.LFB39
 571 0166 26000000 		.4byte	.LFE39-.LFB39
 572 016a 01       		.uleb128 0x1
 573 016b 9C       		.byte	0x9c
 574 016c AA010000 		.4byte	0x1aa
 575 0170 0B       		.uleb128 0xb
 576 0171 60010000 		.4byte	.LASF27
 577 0175 01       		.byte	0x1
 578 0176 AD       		.byte	0xad
 579 0177 50010000 		.4byte	0x150
 580 017b 52000000 		.4byte	.LLST3
 581 017f 0C       		.uleb128 0xc
 582 0180 A9000000 		.4byte	.LASF22
 583 0184 01       		.byte	0x1
 584 0185 AD       		.byte	0xad
 585 0186 56010000 		.4byte	0x156
 586 018a 02       		.uleb128 0x2
ARM GAS  C:\Users\Simon\AppData\Local\Temp\ccmNlV4h.s 			page 16


 587 018b 91       		.byte	0x91
 588 018c 68       		.sleb128 -24
 589 018d 11       		.uleb128 0x11
 590 018e E6000000 		.4byte	.LASF24
 591 0192 01       		.byte	0x1
 592 0193 AF       		.byte	0xaf
 593 0194 EA000000 		.4byte	0xea
 594 0198 01       		.uleb128 0x1
 595 0199 50       		.byte	0x50
 596 019a 0E       		.uleb128 0xe
 597 019b 10000000 		.4byte	.LVL7
 598 019f 09030000 		.4byte	0x309
 599 01a3 0F       		.uleb128 0xf
 600 01a4 01       		.uleb128 0x1
 601 01a5 50       		.byte	0x50
 602 01a6 01       		.uleb128 0x1
 603 01a7 3C       		.byte	0x3c
 604 01a8 00       		.byte	0
 605 01a9 00       		.byte	0
 606 01aa 0A       		.uleb128 0xa
 607 01ab 40020000 		.4byte	.LASF28
 608 01af 01       		.byte	0x1
 609 01b0 C2       		.byte	0xc2
 610 01b1 00000000 		.4byte	.LFB40
 611 01b5 14000000 		.4byte	.LFE40-.LFB40
 612 01b9 01       		.uleb128 0x1
 613 01ba 9C       		.byte	0x9c
 614 01bb F1010000 		.4byte	0x1f1
 615 01bf 0B       		.uleb128 0xb
 616 01c0 60010000 		.4byte	.LASF27
 617 01c4 01       		.byte	0x1
 618 01c5 C2       		.byte	0xc2
 619 01c6 50010000 		.4byte	0x150
 620 01ca 7E000000 		.4byte	.LLST4
 621 01ce 12       		.uleb128 0x12
 622 01cf 08000000 		.4byte	.LBB2
 623 01d3 0A000000 		.4byte	.LBE2-.LBB2
 624 01d7 0D       		.uleb128 0xd
 625 01d8 11010000 		.4byte	.LASF29
 626 01dc 01       		.byte	0x1
 627 01dd C6       		.byte	0xc6
 628 01de EA000000 		.4byte	0xea
 629 01e2 AA000000 		.4byte	.LLST5
 630 01e6 13       		.uleb128 0x13
 631 01e7 12000000 		.4byte	.LVL11
 632 01eb 1E030000 		.4byte	0x31e
 633 01ef 00       		.byte	0
 634 01f0 00       		.byte	0
 635 01f1 14       		.uleb128 0x14
 636 01f2 40000000 		.4byte	.LASF33
 637 01f6 01       		.byte	0x1
 638 01f7 52       		.byte	0x52
 639 01f8 00000000 		.4byte	.LFB34
 640 01fc 1C000000 		.4byte	.LFE34-.LFB34
 641 0200 01       		.uleb128 0x1
 642 0201 9C       		.byte	0x9c
 643 0202 14020000 		.4byte	0x214
ARM GAS  C:\Users\Simon\AppData\Local\Temp\ccmNlV4h.s 			page 17


 644 0206 0C       		.uleb128 0xc
 645 0207 36000000 		.4byte	.LASF30
 646 020b 01       		.byte	0x1
 647 020c 52       		.byte	0x52
 648 020d 6B000000 		.4byte	0x6b
 649 0211 01       		.uleb128 0x1
 650 0212 50       		.byte	0x50
 651 0213 00       		.byte	0
 652 0214 15       		.uleb128 0x15
 653 0215 65020000 		.4byte	.LASF31
 654 0219 01       		.byte	0x1
 655 021a 8D       		.byte	0x8d
 656 021b A0000000 		.4byte	0xa0
 657 021f 00000000 		.4byte	.LFB37
 658 0223 14000000 		.4byte	.LFE37-.LFB37
 659 0227 01       		.uleb128 0x1
 660 0228 9C       		.byte	0x9c
 661 0229 15       		.uleb128 0x15
 662 022a C7000000 		.4byte	.LASF32
 663 022e 01       		.byte	0x1
 664 022f 99       		.byte	0x99
 665 0230 5D000000 		.4byte	0x5d
 666 0234 00000000 		.4byte	.LFB38
 667 0238 14000000 		.4byte	.LFE38-.LFB38
 668 023c 01       		.uleb128 0x1
 669 023d 9C       		.byte	0x9c
 670 023e 14       		.uleb128 0x14
 671 023f 4B000000 		.4byte	.LASF34
 672 0243 01       		.byte	0x1
 673 0244 63       		.byte	0x63
 674 0245 00000000 		.4byte	.LFB35
 675 0249 5C000000 		.4byte	.LFE35-.LFB35
 676 024d 01       		.uleb128 0x1
 677 024e 9C       		.byte	0x9c
 678 024f 8F020000 		.4byte	0x28f
 679 0253 0C       		.uleb128 0xc
 680 0254 A9000000 		.4byte	.LASF22
 681 0258 01       		.byte	0x1
 682 0259 63       		.byte	0x63
 683 025a 56010000 		.4byte	0x156
 684 025e 02       		.uleb128 0x2
 685 025f 91       		.byte	0x91
 686 0260 70       		.sleb128 -16
 687 0261 13       		.uleb128 0x13
 688 0262 18000000 		.4byte	.LVL14
 689 0266 29020000 		.4byte	0x229
 690 026a 16       		.uleb128 0x16
 691 026b 28000000 		.4byte	.LVL15
 692 026f F0000000 		.4byte	0xf0
 693 0273 7E020000 		.4byte	0x27e
 694 0277 0F       		.uleb128 0xf
 695 0278 01       		.uleb128 0x1
 696 0279 50       		.byte	0x50
 697 027a 02       		.uleb128 0x2
 698 027b 74       		.byte	0x74
 699 027c 04       		.sleb128 4
 700 027d 00       		.byte	0
ARM GAS  C:\Users\Simon\AppData\Local\Temp\ccmNlV4h.s 			page 18


 701 027e 0E       		.uleb128 0xe
 702 027f 44000000 		.4byte	.LVL16
 703 0283 5B010000 		.4byte	0x15b
 704 0287 0F       		.uleb128 0xf
 705 0288 01       		.uleb128 0x1
 706 0289 50       		.byte	0x50
 707 028a 02       		.uleb128 0x2
 708 028b 74       		.byte	0x74
 709 028c 00       		.sleb128 0
 710 028d 00       		.byte	0
 711 028e 00       		.byte	0
 712 028f 14       		.uleb128 0x14
 713 0290 68010000 		.4byte	.LASF35
 714 0294 01       		.byte	0x1
 715 0295 7C       		.byte	0x7c
 716 0296 00000000 		.4byte	.LFB36
 717 029a 28000000 		.4byte	.LFE36-.LFB36
 718 029e 01       		.uleb128 0x1
 719 029f 9C       		.byte	0x9c
 720 02a0 C5020000 		.4byte	0x2c5
 721 02a4 16       		.uleb128 0x16
 722 02a5 08000000 		.4byte	.LVL17
 723 02a9 AA010000 		.4byte	0x1aa
 724 02ad BB020000 		.4byte	0x2bb
 725 02b1 0F       		.uleb128 0xf
 726 02b2 01       		.uleb128 0x1
 727 02b3 50       		.byte	0x50
 728 02b4 05       		.uleb128 0x5
 729 02b5 03       		.byte	0x3
 730 02b6 00000000 		.4byte	.LANCHOR0
 731 02ba 00       		.byte	0
 732 02bb 13       		.uleb128 0x13
 733 02bc 14000000 		.4byte	.LVL18
 734 02c0 29020000 		.4byte	0x229
 735 02c4 00       		.byte	0
 736 02c5 11       		.uleb128 0x11
 737 02c6 25000000 		.4byte	.LASF36
 738 02ca 01       		.byte	0x1
 739 02cb 24       		.byte	0x24
 740 02cc EA000000 		.4byte	0xea
 741 02d0 05       		.uleb128 0x5
 742 02d1 03       		.byte	0x3
 743 02d2 00000000 		.4byte	frontOfQueuePtr_
 744 02d6 11       		.uleb128 0x11
 745 02d7 30020000 		.4byte	.LASF37
 746 02db 01       		.byte	0x1
 747 02dc 2C       		.byte	0x2c
 748 02dd EA000000 		.4byte	0xea
 749 02e1 05       		.uleb128 0x5
 750 02e2 03       		.byte	0x3
 751 02e3 04000000 		.4byte	backOfQueuePtr_
 752 02e7 11       		.uleb128 0x11
 753 02e8 06000000 		.4byte	.LASF38
 754 02ec 01       		.byte	0x1
 755 02ed 3C       		.byte	0x3c
 756 02ee 6B000000 		.4byte	0x6b
 757 02f2 05       		.uleb128 0x5
ARM GAS  C:\Users\Simon\AppData\Local\Temp\ccmNlV4h.s 			page 19


 758 02f3 03       		.byte	0x3
 759 02f4 08000000 		.4byte	queueMax_
 760 02f8 17       		.uleb128 0x17
 761 02f9 05010000 		.4byte	.LASF42
 762 02fd 01       		.byte	0x1
 763 02fe 34       		.byte	0x34
 764 02ff 6B000000 		.4byte	0x6b
 765 0303 05       		.uleb128 0x5
 766 0304 03       		.byte	0x3
 767 0305 00000000 		.4byte	queueCount_
 768 0309 18       		.uleb128 0x18
 769 030a 70020000 		.4byte	.LASF43
 770 030e 05       		.byte	0x5
 771 030f 61       		.byte	0x61
 772 0310 9E000000 		.4byte	0x9e
 773 0314 1E030000 		.4byte	0x31e
 774 0318 19       		.uleb128 0x19
 775 0319 8C000000 		.4byte	0x8c
 776 031d 00       		.byte	0
 777 031e 1A       		.uleb128 0x1a
 778 031f C2000000 		.4byte	.LASF44
 779 0323 05       		.byte	0x5
 780 0324 56       		.byte	0x56
 781 0325 19       		.uleb128 0x19
 782 0326 9E000000 		.4byte	0x9e
 783 032a 00       		.byte	0
 784 032b 00       		.byte	0
 785              		.section	.debug_abbrev,"",%progbits
 786              	.Ldebug_abbrev0:
 787 0000 01       		.uleb128 0x1
 788 0001 11       		.uleb128 0x11
 789 0002 01       		.byte	0x1
 790 0003 25       		.uleb128 0x25
 791 0004 0E       		.uleb128 0xe
 792 0005 13       		.uleb128 0x13
 793 0006 0B       		.uleb128 0xb
 794 0007 03       		.uleb128 0x3
 795 0008 0E       		.uleb128 0xe
 796 0009 1B       		.uleb128 0x1b
 797 000a 0E       		.uleb128 0xe
 798 000b 55       		.uleb128 0x55
 799 000c 17       		.uleb128 0x17
 800 000d 11       		.uleb128 0x11
 801 000e 01       		.uleb128 0x1
 802 000f 10       		.uleb128 0x10
 803 0010 17       		.uleb128 0x17
 804 0011 00       		.byte	0
 805 0012 00       		.byte	0
 806 0013 02       		.uleb128 0x2
 807 0014 24       		.uleb128 0x24
 808 0015 00       		.byte	0
 809 0016 0B       		.uleb128 0xb
 810 0017 0B       		.uleb128 0xb
 811 0018 3E       		.uleb128 0x3e
 812 0019 0B       		.uleb128 0xb
 813 001a 03       		.uleb128 0x3
 814 001b 0E       		.uleb128 0xe
ARM GAS  C:\Users\Simon\AppData\Local\Temp\ccmNlV4h.s 			page 20


 815 001c 00       		.byte	0
 816 001d 00       		.byte	0
 817 001e 03       		.uleb128 0x3
 818 001f 24       		.uleb128 0x24
 819 0020 00       		.byte	0
 820 0021 0B       		.uleb128 0xb
 821 0022 0B       		.uleb128 0xb
 822 0023 3E       		.uleb128 0x3e
 823 0024 0B       		.uleb128 0xb
 824 0025 03       		.uleb128 0x3
 825 0026 08       		.uleb128 0x8
 826 0027 00       		.byte	0
 827 0028 00       		.byte	0
 828 0029 04       		.uleb128 0x4
 829 002a 16       		.uleb128 0x16
 830 002b 00       		.byte	0
 831 002c 03       		.uleb128 0x3
 832 002d 0E       		.uleb128 0xe
 833 002e 3A       		.uleb128 0x3a
 834 002f 0B       		.uleb128 0xb
 835 0030 3B       		.uleb128 0x3b
 836 0031 05       		.uleb128 0x5
 837 0032 49       		.uleb128 0x49
 838 0033 13       		.uleb128 0x13
 839 0034 00       		.byte	0
 840 0035 00       		.byte	0
 841 0036 05       		.uleb128 0x5
 842 0037 16       		.uleb128 0x16
 843 0038 00       		.byte	0
 844 0039 03       		.uleb128 0x3
 845 003a 0E       		.uleb128 0xe
 846 003b 3A       		.uleb128 0x3a
 847 003c 0B       		.uleb128 0xb
 848 003d 3B       		.uleb128 0x3b
 849 003e 0B       		.uleb128 0xb
 850 003f 49       		.uleb128 0x49
 851 0040 13       		.uleb128 0x13
 852 0041 00       		.byte	0
 853 0042 00       		.byte	0
 854 0043 06       		.uleb128 0x6
 855 0044 0F       		.uleb128 0xf
 856 0045 00       		.byte	0
 857 0046 0B       		.uleb128 0xb
 858 0047 0B       		.uleb128 0xb
 859 0048 00       		.byte	0
 860 0049 00       		.byte	0
 861 004a 07       		.uleb128 0x7
 862 004b 13       		.uleb128 0x13
 863 004c 01       		.byte	0x1
 864 004d 03       		.uleb128 0x3
 865 004e 0E       		.uleb128 0xe
 866 004f 0B       		.uleb128 0xb
 867 0050 0B       		.uleb128 0xb
 868 0051 3A       		.uleb128 0x3a
 869 0052 0B       		.uleb128 0xb
 870 0053 3B       		.uleb128 0x3b
 871 0054 0B       		.uleb128 0xb
ARM GAS  C:\Users\Simon\AppData\Local\Temp\ccmNlV4h.s 			page 21


 872 0055 01       		.uleb128 0x1
 873 0056 13       		.uleb128 0x13
 874 0057 00       		.byte	0
 875 0058 00       		.byte	0
 876 0059 08       		.uleb128 0x8
 877 005a 0D       		.uleb128 0xd
 878 005b 00       		.byte	0
 879 005c 03       		.uleb128 0x3
 880 005d 0E       		.uleb128 0xe
 881 005e 3A       		.uleb128 0x3a
 882 005f 0B       		.uleb128 0xb
 883 0060 3B       		.uleb128 0x3b
 884 0061 0B       		.uleb128 0xb
 885 0062 49       		.uleb128 0x49
 886 0063 13       		.uleb128 0x13
 887 0064 38       		.uleb128 0x38
 888 0065 0B       		.uleb128 0xb
 889 0066 00       		.byte	0
 890 0067 00       		.byte	0
 891 0068 09       		.uleb128 0x9
 892 0069 0F       		.uleb128 0xf
 893 006a 00       		.byte	0
 894 006b 0B       		.uleb128 0xb
 895 006c 0B       		.uleb128 0xb
 896 006d 49       		.uleb128 0x49
 897 006e 13       		.uleb128 0x13
 898 006f 00       		.byte	0
 899 0070 00       		.byte	0
 900 0071 0A       		.uleb128 0xa
 901 0072 2E       		.uleb128 0x2e
 902 0073 01       		.byte	0x1
 903 0074 03       		.uleb128 0x3
 904 0075 0E       		.uleb128 0xe
 905 0076 3A       		.uleb128 0x3a
 906 0077 0B       		.uleb128 0xb
 907 0078 3B       		.uleb128 0x3b
 908 0079 0B       		.uleb128 0xb
 909 007a 27       		.uleb128 0x27
 910 007b 19       		.uleb128 0x19
 911 007c 11       		.uleb128 0x11
 912 007d 01       		.uleb128 0x1
 913 007e 12       		.uleb128 0x12
 914 007f 06       		.uleb128 0x6
 915 0080 40       		.uleb128 0x40
 916 0081 18       		.uleb128 0x18
 917 0082 9742     		.uleb128 0x2117
 918 0084 19       		.uleb128 0x19
 919 0085 01       		.uleb128 0x1
 920 0086 13       		.uleb128 0x13
 921 0087 00       		.byte	0
 922 0088 00       		.byte	0
 923 0089 0B       		.uleb128 0xb
 924 008a 05       		.uleb128 0x5
 925 008b 00       		.byte	0
 926 008c 03       		.uleb128 0x3
 927 008d 0E       		.uleb128 0xe
 928 008e 3A       		.uleb128 0x3a
ARM GAS  C:\Users\Simon\AppData\Local\Temp\ccmNlV4h.s 			page 22


 929 008f 0B       		.uleb128 0xb
 930 0090 3B       		.uleb128 0x3b
 931 0091 0B       		.uleb128 0xb
 932 0092 49       		.uleb128 0x49
 933 0093 13       		.uleb128 0x13
 934 0094 02       		.uleb128 0x2
 935 0095 17       		.uleb128 0x17
 936 0096 00       		.byte	0
 937 0097 00       		.byte	0
 938 0098 0C       		.uleb128 0xc
 939 0099 05       		.uleb128 0x5
 940 009a 00       		.byte	0
 941 009b 03       		.uleb128 0x3
 942 009c 0E       		.uleb128 0xe
 943 009d 3A       		.uleb128 0x3a
 944 009e 0B       		.uleb128 0xb
 945 009f 3B       		.uleb128 0x3b
 946 00a0 0B       		.uleb128 0xb
 947 00a1 49       		.uleb128 0x49
 948 00a2 13       		.uleb128 0x13
 949 00a3 02       		.uleb128 0x2
 950 00a4 18       		.uleb128 0x18
 951 00a5 00       		.byte	0
 952 00a6 00       		.byte	0
 953 00a7 0D       		.uleb128 0xd
 954 00a8 34       		.uleb128 0x34
 955 00a9 00       		.byte	0
 956 00aa 03       		.uleb128 0x3
 957 00ab 0E       		.uleb128 0xe
 958 00ac 3A       		.uleb128 0x3a
 959 00ad 0B       		.uleb128 0xb
 960 00ae 3B       		.uleb128 0x3b
 961 00af 0B       		.uleb128 0xb
 962 00b0 49       		.uleb128 0x49
 963 00b1 13       		.uleb128 0x13
 964 00b2 02       		.uleb128 0x2
 965 00b3 17       		.uleb128 0x17
 966 00b4 00       		.byte	0
 967 00b5 00       		.byte	0
 968 00b6 0E       		.uleb128 0xe
 969 00b7 898201   		.uleb128 0x4109
 970 00ba 01       		.byte	0x1
 971 00bb 11       		.uleb128 0x11
 972 00bc 01       		.uleb128 0x1
 973 00bd 31       		.uleb128 0x31
 974 00be 13       		.uleb128 0x13
 975 00bf 00       		.byte	0
 976 00c0 00       		.byte	0
 977 00c1 0F       		.uleb128 0xf
 978 00c2 8A8201   		.uleb128 0x410a
 979 00c5 00       		.byte	0
 980 00c6 02       		.uleb128 0x2
 981 00c7 18       		.uleb128 0x18
 982 00c8 9142     		.uleb128 0x2111
 983 00ca 18       		.uleb128 0x18
 984 00cb 00       		.byte	0
 985 00cc 00       		.byte	0
ARM GAS  C:\Users\Simon\AppData\Local\Temp\ccmNlV4h.s 			page 23


 986 00cd 10       		.uleb128 0x10
 987 00ce 26       		.uleb128 0x26
 988 00cf 00       		.byte	0
 989 00d0 49       		.uleb128 0x49
 990 00d1 13       		.uleb128 0x13
 991 00d2 00       		.byte	0
 992 00d3 00       		.byte	0
 993 00d4 11       		.uleb128 0x11
 994 00d5 34       		.uleb128 0x34
 995 00d6 00       		.byte	0
 996 00d7 03       		.uleb128 0x3
 997 00d8 0E       		.uleb128 0xe
 998 00d9 3A       		.uleb128 0x3a
 999 00da 0B       		.uleb128 0xb
 1000 00db 3B       		.uleb128 0x3b
 1001 00dc 0B       		.uleb128 0xb
 1002 00dd 49       		.uleb128 0x49
 1003 00de 13       		.uleb128 0x13
 1004 00df 02       		.uleb128 0x2
 1005 00e0 18       		.uleb128 0x18
 1006 00e1 00       		.byte	0
 1007 00e2 00       		.byte	0
 1008 00e3 12       		.uleb128 0x12
 1009 00e4 0B       		.uleb128 0xb
 1010 00e5 01       		.byte	0x1
 1011 00e6 11       		.uleb128 0x11
 1012 00e7 01       		.uleb128 0x1
 1013 00e8 12       		.uleb128 0x12
 1014 00e9 06       		.uleb128 0x6
 1015 00ea 00       		.byte	0
 1016 00eb 00       		.byte	0
 1017 00ec 13       		.uleb128 0x13
 1018 00ed 898201   		.uleb128 0x4109
 1019 00f0 00       		.byte	0
 1020 00f1 11       		.uleb128 0x11
 1021 00f2 01       		.uleb128 0x1
 1022 00f3 31       		.uleb128 0x31
 1023 00f4 13       		.uleb128 0x13
 1024 00f5 00       		.byte	0
 1025 00f6 00       		.byte	0
 1026 00f7 14       		.uleb128 0x14
 1027 00f8 2E       		.uleb128 0x2e
 1028 00f9 01       		.byte	0x1
 1029 00fa 3F       		.uleb128 0x3f
 1030 00fb 19       		.uleb128 0x19
 1031 00fc 03       		.uleb128 0x3
 1032 00fd 0E       		.uleb128 0xe
 1033 00fe 3A       		.uleb128 0x3a
 1034 00ff 0B       		.uleb128 0xb
 1035 0100 3B       		.uleb128 0x3b
 1036 0101 0B       		.uleb128 0xb
 1037 0102 27       		.uleb128 0x27
 1038 0103 19       		.uleb128 0x19
 1039 0104 11       		.uleb128 0x11
 1040 0105 01       		.uleb128 0x1
 1041 0106 12       		.uleb128 0x12
 1042 0107 06       		.uleb128 0x6
ARM GAS  C:\Users\Simon\AppData\Local\Temp\ccmNlV4h.s 			page 24


 1043 0108 40       		.uleb128 0x40
 1044 0109 18       		.uleb128 0x18
 1045 010a 9742     		.uleb128 0x2117
 1046 010c 19       		.uleb128 0x19
 1047 010d 01       		.uleb128 0x1
 1048 010e 13       		.uleb128 0x13
 1049 010f 00       		.byte	0
 1050 0110 00       		.byte	0
 1051 0111 15       		.uleb128 0x15
 1052 0112 2E       		.uleb128 0x2e
 1053 0113 00       		.byte	0
 1054 0114 3F       		.uleb128 0x3f
 1055 0115 19       		.uleb128 0x19
 1056 0116 03       		.uleb128 0x3
 1057 0117 0E       		.uleb128 0xe
 1058 0118 3A       		.uleb128 0x3a
 1059 0119 0B       		.uleb128 0xb
 1060 011a 3B       		.uleb128 0x3b
 1061 011b 0B       		.uleb128 0xb
 1062 011c 27       		.uleb128 0x27
 1063 011d 19       		.uleb128 0x19
 1064 011e 49       		.uleb128 0x49
 1065 011f 13       		.uleb128 0x13
 1066 0120 11       		.uleb128 0x11
 1067 0121 01       		.uleb128 0x1
 1068 0122 12       		.uleb128 0x12
 1069 0123 06       		.uleb128 0x6
 1070 0124 40       		.uleb128 0x40
 1071 0125 18       		.uleb128 0x18
 1072 0126 9742     		.uleb128 0x2117
 1073 0128 19       		.uleb128 0x19
 1074 0129 00       		.byte	0
 1075 012a 00       		.byte	0
 1076 012b 16       		.uleb128 0x16
 1077 012c 898201   		.uleb128 0x4109
 1078 012f 01       		.byte	0x1
 1079 0130 11       		.uleb128 0x11
 1080 0131 01       		.uleb128 0x1
 1081 0132 31       		.uleb128 0x31
 1082 0133 13       		.uleb128 0x13
 1083 0134 01       		.uleb128 0x1
 1084 0135 13       		.uleb128 0x13
 1085 0136 00       		.byte	0
 1086 0137 00       		.byte	0
 1087 0138 17       		.uleb128 0x17
 1088 0139 34       		.uleb128 0x34
 1089 013a 00       		.byte	0
 1090 013b 03       		.uleb128 0x3
 1091 013c 0E       		.uleb128 0xe
 1092 013d 3A       		.uleb128 0x3a
 1093 013e 0B       		.uleb128 0xb
 1094 013f 3B       		.uleb128 0x3b
 1095 0140 0B       		.uleb128 0xb
 1096 0141 49       		.uleb128 0x49
 1097 0142 13       		.uleb128 0x13
 1098 0143 3F       		.uleb128 0x3f
 1099 0144 19       		.uleb128 0x19
ARM GAS  C:\Users\Simon\AppData\Local\Temp\ccmNlV4h.s 			page 25


 1100 0145 02       		.uleb128 0x2
 1101 0146 18       		.uleb128 0x18
 1102 0147 00       		.byte	0
 1103 0148 00       		.byte	0
 1104 0149 18       		.uleb128 0x18
 1105 014a 2E       		.uleb128 0x2e
 1106 014b 01       		.byte	0x1
 1107 014c 3F       		.uleb128 0x3f
 1108 014d 19       		.uleb128 0x19
 1109 014e 03       		.uleb128 0x3
 1110 014f 0E       		.uleb128 0xe
 1111 0150 3A       		.uleb128 0x3a
 1112 0151 0B       		.uleb128 0xb
 1113 0152 3B       		.uleb128 0x3b
 1114 0153 0B       		.uleb128 0xb
 1115 0154 27       		.uleb128 0x27
 1116 0155 19       		.uleb128 0x19
 1117 0156 49       		.uleb128 0x49
 1118 0157 13       		.uleb128 0x13
 1119 0158 3C       		.uleb128 0x3c
 1120 0159 19       		.uleb128 0x19
 1121 015a 01       		.uleb128 0x1
 1122 015b 13       		.uleb128 0x13
 1123 015c 00       		.byte	0
 1124 015d 00       		.byte	0
 1125 015e 19       		.uleb128 0x19
 1126 015f 05       		.uleb128 0x5
 1127 0160 00       		.byte	0
 1128 0161 49       		.uleb128 0x49
 1129 0162 13       		.uleb128 0x13
 1130 0163 00       		.byte	0
 1131 0164 00       		.byte	0
 1132 0165 1A       		.uleb128 0x1a
 1133 0166 2E       		.uleb128 0x2e
 1134 0167 01       		.byte	0x1
 1135 0168 3F       		.uleb128 0x3f
 1136 0169 19       		.uleb128 0x19
 1137 016a 03       		.uleb128 0x3
 1138 016b 0E       		.uleb128 0xe
 1139 016c 3A       		.uleb128 0x3a
 1140 016d 0B       		.uleb128 0xb
 1141 016e 3B       		.uleb128 0x3b
 1142 016f 0B       		.uleb128 0xb
 1143 0170 27       		.uleb128 0x27
 1144 0171 19       		.uleb128 0x19
 1145 0172 3C       		.uleb128 0x3c
 1146 0173 19       		.uleb128 0x19
 1147 0174 00       		.byte	0
 1148 0175 00       		.byte	0
 1149 0176 00       		.byte	0
 1150              		.section	.debug_loc,"",%progbits
 1151              	.Ldebug_loc0:
 1152              	.LLST0:
 1153 0000 00000000 		.4byte	.LVL0
 1154 0004 14000000 		.4byte	.LVL2
 1155 0008 0100     		.2byte	0x1
 1156 000a 50       		.byte	0x50
ARM GAS  C:\Users\Simon\AppData\Local\Temp\ccmNlV4h.s 			page 26


 1157 000b 14000000 		.4byte	.LVL2
 1158 000f 26000000 		.4byte	.LVL4
 1159 0013 0100     		.2byte	0x1
 1160 0015 54       		.byte	0x54
 1161 0016 26000000 		.4byte	.LVL4
 1162 001a 2A000000 		.4byte	.LFE41
 1163 001e 0400     		.2byte	0x4
 1164 0020 F3       		.byte	0xf3
 1165 0021 01       		.uleb128 0x1
 1166 0022 50       		.byte	0x50
 1167 0023 9F       		.byte	0x9f
 1168 0024 00000000 		.4byte	0
 1169 0028 00000000 		.4byte	0
 1170              	.LLST1:
 1171 002c 12000000 		.4byte	.LVL1
 1172 0030 26000000 		.4byte	.LVL4
 1173 0034 0100     		.2byte	0x1
 1174 0036 55       		.byte	0x55
 1175 0037 00000000 		.4byte	0
 1176 003b 00000000 		.4byte	0
 1177              	.LLST2:
 1178 003f 18000000 		.4byte	.LVL3
 1179 0043 26000000 		.4byte	.LVL4
 1180 0047 0100     		.2byte	0x1
 1181 0049 50       		.byte	0x50
 1182 004a 00000000 		.4byte	0
 1183 004e 00000000 		.4byte	0
 1184              	.LLST3:
 1185 0052 00000000 		.4byte	.LVL5
 1186 0056 0C000000 		.4byte	.LVL6
 1187 005a 0100     		.2byte	0x1
 1188 005c 50       		.byte	0x50
 1189 005d 0C000000 		.4byte	.LVL6
 1190 0061 24000000 		.4byte	.LVL8
 1191 0065 0100     		.2byte	0x1
 1192 0067 54       		.byte	0x54
 1193 0068 24000000 		.4byte	.LVL8
 1194 006c 26000000 		.4byte	.LFE39
 1195 0070 0400     		.2byte	0x4
 1196 0072 F3       		.byte	0xf3
 1197 0073 01       		.uleb128 0x1
 1198 0074 50       		.byte	0x50
 1199 0075 9F       		.byte	0x9f
 1200 0076 00000000 		.4byte	0
 1201 007a 00000000 		.4byte	0
 1202              	.LLST4:
 1203 007e 00000000 		.4byte	.LVL9
 1204 0082 0A000000 		.4byte	.LVL10
 1205 0086 0100     		.2byte	0x1
 1206 0088 50       		.byte	0x50
 1207 0089 0A000000 		.4byte	.LVL10
 1208 008d 11000000 		.4byte	.LVL11-1
 1209 0091 0100     		.2byte	0x1
 1210 0093 53       		.byte	0x53
 1211 0094 11000000 		.4byte	.LVL11-1
 1212 0098 14000000 		.4byte	.LFE40
 1213 009c 0400     		.2byte	0x4
ARM GAS  C:\Users\Simon\AppData\Local\Temp\ccmNlV4h.s 			page 27


 1214 009e F3       		.byte	0xf3
 1215 009f 01       		.uleb128 0x1
 1216 00a0 50       		.byte	0x50
 1217 00a1 9F       		.byte	0x9f
 1218 00a2 00000000 		.4byte	0
 1219 00a6 00000000 		.4byte	0
 1220              	.LLST5:
 1221 00aa 0A000000 		.4byte	.LVL10
 1222 00ae 11000000 		.4byte	.LVL11-1
 1223 00b2 0100     		.2byte	0x1
 1224 00b4 50       		.byte	0x50
 1225 00b5 00000000 		.4byte	0
 1226 00b9 00000000 		.4byte	0
 1227              		.section	.debug_aranges,"",%progbits
 1228 0000 54000000 		.4byte	0x54
 1229 0004 0200     		.2byte	0x2
 1230 0006 00000000 		.4byte	.Ldebug_info0
 1231 000a 04       		.byte	0x4
 1232 000b 00       		.byte	0
 1233 000c 0000     		.2byte	0
 1234 000e 0000     		.2byte	0
 1235 0010 00000000 		.4byte	.LFB41
 1236 0014 2A000000 		.4byte	.LFE41-.LFB41
 1237 0018 00000000 		.4byte	.LFB39
 1238 001c 26000000 		.4byte	.LFE39-.LFB39
 1239 0020 00000000 		.4byte	.LFB40
 1240 0024 14000000 		.4byte	.LFE40-.LFB40
 1241 0028 00000000 		.4byte	.LFB34
 1242 002c 1C000000 		.4byte	.LFE34-.LFB34
 1243 0030 00000000 		.4byte	.LFB37
 1244 0034 14000000 		.4byte	.LFE37-.LFB37
 1245 0038 00000000 		.4byte	.LFB38
 1246 003c 14000000 		.4byte	.LFE38-.LFB38
 1247 0040 00000000 		.4byte	.LFB35
 1248 0044 5C000000 		.4byte	.LFE35-.LFB35
 1249 0048 00000000 		.4byte	.LFB36
 1250 004c 28000000 		.4byte	.LFE36-.LFB36
 1251 0050 00000000 		.4byte	0
 1252 0054 00000000 		.4byte	0
 1253              		.section	.debug_ranges,"",%progbits
 1254              	.Ldebug_ranges0:
 1255 0000 00000000 		.4byte	.LFB41
 1256 0004 2A000000 		.4byte	.LFE41
 1257 0008 00000000 		.4byte	.LFB39
 1258 000c 26000000 		.4byte	.LFE39
 1259 0010 00000000 		.4byte	.LFB40
 1260 0014 14000000 		.4byte	.LFE40
 1261 0018 00000000 		.4byte	.LFB34
 1262 001c 1C000000 		.4byte	.LFE34
 1263 0020 00000000 		.4byte	.LFB37
 1264 0024 14000000 		.4byte	.LFE37
 1265 0028 00000000 		.4byte	.LFB38
 1266 002c 14000000 		.4byte	.LFE38
 1267 0030 00000000 		.4byte	.LFB35
 1268 0034 5C000000 		.4byte	.LFE35
 1269 0038 00000000 		.4byte	.LFB36
 1270 003c 28000000 		.4byte	.LFE36
ARM GAS  C:\Users\Simon\AppData\Local\Temp\ccmNlV4h.s 			page 28


 1271 0040 00000000 		.4byte	0
 1272 0044 00000000 		.4byte	0
 1273              		.section	.debug_line,"",%progbits
 1274              	.Ldebug_line0:
 1275 0000 F9010000 		.section	.debug_str,"MS",%progbits,1
 1275      02004701 
 1275      00000201 
 1275      FB0E0D00 
 1275      01010101 
 1276              	.LASF19:
 1277 0000 64617461 		.ascii	"data_\000"
 1277      5F00
 1278              	.LASF38:
 1279 0006 71756575 		.ascii	"queueMax_\000"
 1279      654D6178 
 1279      5F00
 1280              	.LASF18:
 1281 0010 4E6F6465 		.ascii	"Node\000"
 1281      00
 1282              	.LASF23:
 1283 0015 6E657874 		.ascii	"next\000"
 1283      00
 1284              	.LASF26:
 1285 001a 68656164 		.ascii	"headInsert\000"
 1285      496E7365 
 1285      727400
 1286              	.LASF36:
 1287 0025 66726F6E 		.ascii	"frontOfQueuePtr_\000"
 1287      744F6651 
 1287      75657565 
 1287      5074725F 
 1287      00
 1288              	.LASF30:
 1289 0036 71756575 		.ascii	"queueSize\000"
 1289      6553697A 
 1289      6500
 1290              	.LASF33:
 1291 0040 71756575 		.ascii	"queue_init\000"
 1291      655F696E 
 1291      697400
 1292              	.LASF34:
 1293 004b 70757368 		.ascii	"pushQueue\000"
 1293      51756575 
 1293      6500
 1294              	.LASF41:
 1295 0055 433A5C55 		.ascii	"C:\\Users\\Simon\\Documents\\GitHub\\E3PRJ3-Gruppe1"
 1295      73657273 
 1295      5C53696D 
 1295      6F6E5C44 
 1295      6F63756D 
 1296 0083 5C50536F 		.ascii	"\\PSoC\\Sensor-PSoC.cydsn\000"
 1296      435C5365 
 1296      6E736F72 
 1296      2D50536F 
 1296      432E6379 
 1297              	.LASF21:
 1298 009b 6261636B 		.ascii	"backPtr\000"
ARM GAS  C:\Users\Simon\AppData\Local\Temp\ccmNlV4h.s 			page 29


 1298      50747200 
 1299              	.LASF9:
 1300 00a3 666C6F61 		.ascii	"float\000"
 1300      7400
 1301              	.LASF22:
 1302 00a9 64617461 		.ascii	"data\000"
 1302      00
 1303              	.LASF12:
 1304 00ae 75696E74 		.ascii	"uint8\000"
 1304      3800
 1305              	.LASF1:
 1306 00b4 756E7369 		.ascii	"unsigned char\000"
 1306      676E6564 
 1306      20636861 
 1306      7200
 1307              	.LASF44:
 1308 00c2 66726565 		.ascii	"free\000"
 1308      00
 1309              	.LASF32:
 1310 00c7 6973456D 		.ascii	"isEmptyQueue\000"
 1310      70747951 
 1310      75657565 
 1310      00
 1311              	.LASF5:
 1312 00d4 6C6F6E67 		.ascii	"long unsigned int\000"
 1312      20756E73 
 1312      69676E65 
 1312      6420696E 
 1312      7400
 1313              	.LASF24:
 1314 00e6 74656D70 		.ascii	"temp\000"
 1314      00
 1315              	.LASF3:
 1316 00eb 73686F72 		.ascii	"short unsigned int\000"
 1316      7420756E 
 1316      7369676E 
 1316      65642069 
 1316      6E7400
 1317              	.LASF13:
 1318 00fe 73697A65 		.ascii	"size_t\000"
 1318      5F7400
 1319              	.LASF42:
 1320 0105 71756575 		.ascii	"queueCount_\000"
 1320      65436F75 
 1320      6E745F00 
 1321              	.LASF29:
 1322 0111 636F6E64 		.ascii	"condemned\000"
 1322      656D6E65 
 1322      6400
 1323              	.LASF10:
 1324 011b 646F7562 		.ascii	"double\000"
 1324      6C6500
 1325              	.LASF17:
 1326 0122 44617461 		.ascii	"Data\000"
 1326      00
 1327              	.LASF8:
 1328 0127 756E7369 		.ascii	"unsigned int\000"
ARM GAS  C:\Users\Simon\AppData\Local\Temp\ccmNlV4h.s 			page 30


 1328      676E6564 
 1328      20696E74 
 1328      00
 1329              	.LASF7:
 1330 0134 6C6F6E67 		.ascii	"long long unsigned int\000"
 1330      206C6F6E 
 1330      6720756E 
 1330      7369676E 
 1330      65642069 
 1331              	.LASF25:
 1332 014b 6261636B 		.ascii	"backInsert\000"
 1332      496E7365 
 1332      727400
 1333              	.LASF40:
 1334 0156 2E5C7175 		.ascii	".\\queue.c\000"
 1334      6575652E 
 1334      6300
 1335              	.LASF27:
 1336 0160 68656164 		.ascii	"headPtr\000"
 1336      50747200 
 1337              	.LASF35:
 1338 0168 706F7051 		.ascii	"popQueue\000"
 1338      75657565 
 1338      00
 1339              	.LASF14:
 1340 0171 73697A65 		.ascii	"sizetype\000"
 1340      74797065 
 1340      00
 1341              	.LASF20:
 1342 017a 6E657874 		.ascii	"next_\000"
 1342      5F00
 1343              	.LASF6:
 1344 0180 6C6F6E67 		.ascii	"long long int\000"
 1344      206C6F6E 
 1344      6720696E 
 1344      7400
 1345              	.LASF16:
 1346 018e 76616C5F 		.ascii	"val_\000"
 1346      00
 1347              	.LASF15:
 1348 0193 636D645F 		.ascii	"cmd_\000"
 1348      00
 1349              	.LASF39:
 1350 0198 474E5520 		.ascii	"GNU C 4.9.3 20150303 (release) [ARM/embedded-4_9-br"
 1350      4320342E 
 1350      392E3320 
 1350      32303135 
 1350      30333033 
 1351 01cb 616E6368 		.ascii	"anch revision 221220] -mcpu=cortex-m0 -mthumb -g -O"
 1351      20726576 
 1351      6973696F 
 1351      6E203232 
 1351      31323230 
 1352 01fe 67202D66 		.ascii	"g -ffunction-sections -ffat-lto-objects\000"
 1352      66756E63 
 1352      74696F6E 
 1352      2D736563 
ARM GAS  C:\Users\Simon\AppData\Local\Temp\ccmNlV4h.s 			page 31


 1352      74696F6E 
 1353              	.LASF2:
 1354 0226 73686F72 		.ascii	"short int\000"
 1354      7420696E 
 1354      7400
 1355              	.LASF37:
 1356 0230 6261636B 		.ascii	"backOfQueuePtr_\000"
 1356      4F665175 
 1356      65756550 
 1356      74725F00 
 1357              	.LASF28:
 1358 0240 68656164 		.ascii	"headRemove\000"
 1358      52656D6F 
 1358      766500
 1359              	.LASF4:
 1360 024b 6C6F6E67 		.ascii	"long int\000"
 1360      20696E74 
 1360      00
 1361              	.LASF11:
 1362 0254 63686172 		.ascii	"char\000"
 1362      00
 1363              	.LASF0:
 1364 0259 7369676E 		.ascii	"signed char\000"
 1364      65642063 
 1364      68617200 
 1365              	.LASF31:
 1366 0265 66726F6E 		.ascii	"frontQueue\000"
 1366      74517565 
 1366      756500
 1367              	.LASF43:
 1368 0270 6D616C6C 		.ascii	"malloc\000"
 1368      6F6300
 1369              		.ident	"GCC: (GNU Tools for ARM Embedded Processors) 4.9.3 20150303 (release) [ARM/embedded-4_9-br
