ARM GAS  C:\Users\Simon\AppData\Local\Temp\ccclKOYb.s 			page 1


   1              		.cpu cortex-m0
   2              		.fpu softvfp
   3              		.eabi_attribute 20, 1
   4              		.eabi_attribute 21, 1
   5              		.eabi_attribute 23, 3
   6              		.eabi_attribute 24, 1
   7              		.eabi_attribute 25, 1
   8              		.eabi_attribute 26, 1
   9              		.eabi_attribute 30, 1
  10              		.eabi_attribute 34, 0
  11              		.eabi_attribute 18, 4
  12              		.code	16
  13              		.file	"SensorData.c"
  14              		.text
  15              	.Ltext0:
  16              		.cfi_sections	.debug_frame
  17              		.section	.text.initSensorData,"ax",%progbits
  18              		.align	2
  19              		.global	initSensorData
  20              		.code	16
  21              		.thumb_func
  22              		.type	initSensorData, %function
  23              	initSensorData:
  24              	.LFB34:
  25              		.file 1 ".\\SensorData.c"
   1:.\SensorData.c **** /*!
   2:.\SensorData.c ****  * @file        SensorData.c
   3:.\SensorData.c ****  * @brief       Container for sensor data
   4:.\SensorData.c ****  * @author      Simon Nejmann (19981127@uni.au.dk)
   5:.\SensorData.c ****  */
   6:.\SensorData.c **** #include "SensorData.h"
   7:.\SensorData.c **** 
   8:.\SensorData.c **** /*! Debug define. Comment out to suppress debug prints */
   9:.\SensorData.c **** //#define DEBUG_ON
  10:.\SensorData.c **** 
  11:.\SensorData.c **** /*!
  12:.\SensorData.c ****  *  @brief      Initializes the SensorData struct parts that need initial values
  13:.\SensorData.c ****  *  @public
  14:.\SensorData.c ****  *  @memberof   SensorData
  15:.\SensorData.c ****  * @author      Simon Nejmann (19981127@uni.au.dk)
  16:.\SensorData.c ****  */
  17:.\SensorData.c **** void initSensorData()
  18:.\SensorData.c **** {
  26              		.loc 1 18 0
  27              		.cfi_startproc
  28 0000 08B5     		push	{r3, lr}
  29              		.cfi_def_cfa_offset 8
  30              		.cfi_offset 3, -8
  31              		.cfi_offset 14, -4
  19:.\SensorData.c ****     sensorData.desiredLux = 0;
  32              		.loc 1 19 0
  33 0002 0948     		ldr	r0, .L2
  34 0004 0023     		mov	r3, #0
  35 0006 4360     		str	r3, [r0, #4]
  20:.\SensorData.c ****     sensorData.desiredTimeDistance = 0;
  36              		.loc 1 20 0
  37 0008 8C22     		mov	r2, #140
ARM GAS  C:\Users\Simon\AppData\Local\Temp\ccclKOYb.s 			page 2


  38 000a 8350     		str	r3, [r0, r2]
  21:.\SensorData.c **** 
  22:.\SensorData.c ****     sensorData.movementAlertOn = 0;
  39              		.loc 1 22 0
  40 000c 073A     		sub	r2, r2, #7
  41 000e 8354     		strb	r3, [r0, r2]
  23:.\SensorData.c ****     
  24:.\SensorData.c ****     sensorData.ledPower = 0;
  42              		.loc 1 24 0
  43 0010 0E32     		add	r2, r2, #14
  44 0012 8354     		strb	r3, [r0, r2]
  25:.\SensorData.c ****     sensorData.redPWMPct = 0;
  45              		.loc 1 25 0
  46 0014 023A     		sub	r2, r2, #2
  47 0016 8354     		strb	r3, [r0, r2]
  26:.\SensorData.c ****     sensorData.greenPWMPct = 0;
  48              		.loc 1 26 0
  49 0018 013A     		sub	r2, r2, #1
  50 001a 8354     		strb	r3, [r0, r2]
  27:.\SensorData.c ****     sensorData.bluePWMPct = 0;
  51              		.loc 1 27 0
  52 001c 0232     		add	r2, r2, #2
  53 001e 8354     		strb	r3, [r0, r2]
  28:.\SensorData.c **** 
  29:.\SensorData.c **** #ifdef DEBUG_ON
  30:.\SensorData.c ****     sensorData.desiredTimeDistance = 580;
  31:.\SensorData.c ****     sensorData.movementAlertOn = 1;
  32:.\SensorData.c ****     sensorData.ledPower = 1;
  33:.\SensorData.c ****     sensorData.redPWMPct = 255;
  34:.\SensorData.c ****     sensorData.greenPWMPct = 255;
  35:.\SensorData.c ****     sensorData.bluePWMPct = 255;
  36:.\SensorData.c **** #endif
  37:.\SensorData.c ****     
  38:.\SensorData.c ****     initCircularMean(&sensorData.LumenMean);
  54              		.loc 1 38 0
  55 0020 0830     		add	r0, r0, #8
  56 0022 FFF7FEFF 		bl	initCircularMean
  57              	.LVL0:
  39:.\SensorData.c **** }
  58              		.loc 1 39 0
  59              		@ sp needed
  60 0026 08BD     		pop	{r3, pc}
  61              	.L3:
  62              		.align	2
  63              	.L2:
  64 0028 00000000 		.word	sensorData
  65              		.cfi_endproc
  66              	.LFE34:
  67              		.size	initSensorData, .-initSensorData
  68              		.comm	sensorData,148,4
  69              		.text
  70              	.Letext0:
  71              		.file 2 ".\\CircularMean.h"
  72              		.file 3 ".\\SensorData.h"
  73              		.file 4 "Generated_Source\\PSoC4/cytypes.h"
  74              		.section	.debug_info,"",%progbits
  75              	.Ldebug_info0:
ARM GAS  C:\Users\Simon\AppData\Local\Temp\ccclKOYb.s 			page 3


  76 0000 B3010000 		.4byte	0x1b3
  77 0004 0400     		.2byte	0x4
  78 0006 00000000 		.4byte	.Ldebug_abbrev0
  79 000a 04       		.byte	0x4
  80 000b 01       		.uleb128 0x1
  81 000c 72010000 		.4byte	.LASF27
  82 0010 01       		.byte	0x1
  83 0011 E6000000 		.4byte	.LASF28
  84 0015 2D000000 		.4byte	.LASF29
  85 0019 00000000 		.4byte	.Ldebug_ranges0+0
  86 001d 00000000 		.4byte	0
  87 0021 00000000 		.4byte	.Ldebug_line0
  88 0025 02       		.uleb128 0x2
  89 0026 01       		.byte	0x1
  90 0027 06       		.byte	0x6
  91 0028 AA000000 		.4byte	.LASF0
  92 002c 02       		.uleb128 0x2
  93 002d 01       		.byte	0x1
  94 002e 08       		.byte	0x8
  95 002f B6000000 		.4byte	.LASF1
  96 0033 02       		.uleb128 0x2
  97 0034 02       		.byte	0x2
  98 0035 05       		.byte	0x5
  99 0036 09020000 		.4byte	.LASF2
 100 003a 02       		.uleb128 0x2
 101 003b 02       		.byte	0x2
 102 003c 07       		.byte	0x7
 103 003d 11000000 		.4byte	.LASF3
 104 0041 02       		.uleb128 0x2
 105 0042 04       		.byte	0x4
 106 0043 05       		.byte	0x5
 107 0044 23020000 		.4byte	.LASF4
 108 0048 02       		.uleb128 0x2
 109 0049 04       		.byte	0x4
 110 004a 07       		.byte	0x7
 111 004b C4000000 		.4byte	.LASF5
 112 004f 02       		.uleb128 0x2
 113 0050 08       		.byte	0x8
 114 0051 05       		.byte	0x5
 115 0052 5F010000 		.4byte	.LASF6
 116 0056 02       		.uleb128 0x2
 117 0057 08       		.byte	0x8
 118 0058 07       		.byte	0x7
 119 0059 39010000 		.4byte	.LASF7
 120 005d 03       		.uleb128 0x3
 121 005e 04       		.byte	0x4
 122 005f 05       		.byte	0x5
 123 0060 696E7400 		.ascii	"int\000"
 124 0064 02       		.uleb128 0x2
 125 0065 04       		.byte	0x4
 126 0066 07       		.byte	0x7
 127 0067 2C010000 		.4byte	.LASF8
 128 006b 04       		.uleb128 0x4
 129 006c D6000000 		.4byte	.LASF30
 130 0070 04       		.byte	0x4
 131 0071 3801     		.2byte	0x138
 132 0073 2C000000 		.4byte	0x2c
ARM GAS  C:\Users\Simon\AppData\Local\Temp\ccclKOYb.s 			page 4


 133 0077 02       		.uleb128 0x2
 134 0078 04       		.byte	0x4
 135 0079 04       		.byte	0x4
 136 007a A4000000 		.4byte	.LASF9
 137 007e 02       		.uleb128 0x2
 138 007f 08       		.byte	0x8
 139 0080 04       		.byte	0x4
 140 0081 02010000 		.4byte	.LASF10
 141 0085 02       		.uleb128 0x2
 142 0086 01       		.byte	0x1
 143 0087 08       		.byte	0x8
 144 0088 6D010000 		.4byte	.LASF11
 145 008c 02       		.uleb128 0x2
 146 008d 04       		.byte	0x4
 147 008e 07       		.byte	0x7
 148 008f 50010000 		.4byte	.LASF12
 149 0093 05       		.uleb128 0x5
 150 0094 F5000000 		.4byte	.LASF15
 151 0098 7C       		.byte	0x7c
 152 0099 02       		.byte	0x2
 153 009a 11       		.byte	0x11
 154 009b C4000000 		.4byte	0xc4
 155 009f 06       		.uleb128 0x6
 156 00a0 59010000 		.4byte	.LASF13
 157 00a4 02       		.byte	0x2
 158 00a5 12       		.byte	0x12
 159 00a6 C4000000 		.4byte	0xc4
 160 00aa 00       		.byte	0
 161 00ab 06       		.uleb128 0x6
 162 00ac 0B000000 		.4byte	.LASF14
 163 00b0 02       		.byte	0x2
 164 00b1 13       		.byte	0x13
 165 00b2 2C000000 		.4byte	0x2c
 166 00b6 78       		.byte	0x78
 167 00b7 07       		.uleb128 0x7
 168 00b8 6E756D00 		.ascii	"num\000"
 169 00bc 02       		.byte	0x2
 170 00bd 14       		.byte	0x14
 171 00be 2C000000 		.4byte	0x2c
 172 00c2 79       		.byte	0x79
 173 00c3 00       		.byte	0
 174 00c4 08       		.uleb128 0x8
 175 00c5 5D000000 		.4byte	0x5d
 176 00c9 D4000000 		.4byte	0xd4
 177 00cd 09       		.uleb128 0x9
 178 00ce 8C000000 		.4byte	0x8c
 179 00d2 1D       		.byte	0x1d
 180 00d3 00       		.byte	0
 181 00d4 05       		.uleb128 0x5
 182 00d5 41020000 		.4byte	.LASF16
 183 00d9 94       		.byte	0x94
 184 00da 03       		.byte	0x3
 185 00db 10       		.byte	0x10
 186 00dc 65010000 		.4byte	0x165
 187 00e0 07       		.uleb128 0x7
 188 00e1 6C757800 		.ascii	"lux\000"
 189 00e5 03       		.byte	0x3
ARM GAS  C:\Users\Simon\AppData\Local\Temp\ccclKOYb.s 			page 5


 190 00e6 12       		.byte	0x12
 191 00e7 64000000 		.4byte	0x64
 192 00eb 00       		.byte	0
 193 00ec 06       		.uleb128 0x6
 194 00ed 00000000 		.4byte	.LASF17
 195 00f1 03       		.byte	0x3
 196 00f2 13       		.byte	0x13
 197 00f3 64000000 		.4byte	0x64
 198 00f7 04       		.byte	0x4
 199 00f8 06       		.uleb128 0x6
 200 00f9 2C020000 		.4byte	.LASF18
 201 00fd 03       		.byte	0x3
 202 00fe 14       		.byte	0x14
 203 00ff 93000000 		.4byte	0x93
 204 0103 08       		.byte	0x8
 205 0104 06       		.uleb128 0x6
 206 0105 00020000 		.4byte	.LASF19
 207 0109 03       		.byte	0x3
 208 010a 17       		.byte	0x17
 209 010b 6B000000 		.4byte	0x6b
 210 010f 84       		.byte	0x84
 211 0110 06       		.uleb128 0x6
 212 0111 13020000 		.4byte	.LASF20
 213 0115 03       		.byte	0x3
 214 0116 18       		.byte	0x18
 215 0117 6B000000 		.4byte	0x6b
 216 011b 85       		.byte	0x85
 217 011c 06       		.uleb128 0x6
 218 011d 90000000 		.4byte	.LASF21
 219 0121 03       		.byte	0x3
 220 0122 1B       		.byte	0x1b
 221 0123 5D000000 		.4byte	0x5d
 222 0127 88       		.byte	0x88
 223 0128 06       		.uleb128 0x6
 224 0129 09010000 		.4byte	.LASF22
 225 012d 03       		.byte	0x3
 226 012e 1C       		.byte	0x1c
 227 012f 5D000000 		.4byte	0x5d
 228 0133 8C       		.byte	0x8c
 229 0134 06       		.uleb128 0x6
 230 0135 73000000 		.4byte	.LASF23
 231 0139 03       		.byte	0x3
 232 013a 1F       		.byte	0x1f
 233 013b 6B000000 		.4byte	0x6b
 234 013f 90       		.byte	0x90
 235 0140 06       		.uleb128 0x6
 236 0141 DC000000 		.4byte	.LASF24
 237 0145 03       		.byte	0x3
 238 0146 20       		.byte	0x20
 239 0147 6B000000 		.4byte	0x6b
 240 014b 91       		.byte	0x91
 241 014c 06       		.uleb128 0x6
 242 014d 99000000 		.4byte	.LASF25
 243 0151 03       		.byte	0x3
 244 0152 21       		.byte	0x21
 245 0153 6B000000 		.4byte	0x6b
 246 0157 92       		.byte	0x92
ARM GAS  C:\Users\Simon\AppData\Local\Temp\ccclKOYb.s 			page 6


 247 0158 06       		.uleb128 0x6
 248 0159 24000000 		.4byte	.LASF26
 249 015d 03       		.byte	0x3
 250 015e 22       		.byte	0x22
 251 015f 6B000000 		.4byte	0x6b
 252 0163 93       		.byte	0x93
 253 0164 00       		.byte	0
 254 0165 0A       		.uleb128 0xa
 255 0166 1D010000 		.4byte	.LASF31
 256 016a 01       		.byte	0x1
 257 016b 11       		.byte	0x11
 258 016c 00000000 		.4byte	.LFB34
 259 0170 2C000000 		.4byte	.LFE34-.LFB34
 260 0174 01       		.uleb128 0x1
 261 0175 9C       		.byte	0x9c
 262 0176 8E010000 		.4byte	0x18e
 263 017a 0B       		.uleb128 0xb
 264 017b 26000000 		.4byte	.LVL0
 265 017f 9F010000 		.4byte	0x19f
 266 0183 0C       		.uleb128 0xc
 267 0184 01       		.uleb128 0x1
 268 0185 50       		.byte	0x50
 269 0186 05       		.uleb128 0x5
 270 0187 03       		.byte	0x3
 271 0188 08000000 		.4byte	sensorData+8
 272 018c 00       		.byte	0
 273 018d 00       		.byte	0
 274 018e 0D       		.uleb128 0xd
 275 018f 36020000 		.4byte	.LASF32
 276 0193 03       		.byte	0x3
 277 0194 23       		.byte	0x23
 278 0195 D4000000 		.4byte	0xd4
 279 0199 05       		.uleb128 0x5
 280 019a 03       		.byte	0x3
 281 019b 00000000 		.4byte	sensorData
 282 019f 0E       		.uleb128 0xe
 283 01a0 7F000000 		.4byte	.LASF33
 284 01a4 02       		.byte	0x2
 285 01a5 1D       		.byte	0x1d
 286 01a6 B0010000 		.4byte	0x1b0
 287 01aa 0F       		.uleb128 0xf
 288 01ab B0010000 		.4byte	0x1b0
 289 01af 00       		.byte	0
 290 01b0 10       		.uleb128 0x10
 291 01b1 04       		.byte	0x4
 292 01b2 93000000 		.4byte	0x93
 293 01b6 00       		.byte	0
 294              		.section	.debug_abbrev,"",%progbits
 295              	.Ldebug_abbrev0:
 296 0000 01       		.uleb128 0x1
 297 0001 11       		.uleb128 0x11
 298 0002 01       		.byte	0x1
 299 0003 25       		.uleb128 0x25
 300 0004 0E       		.uleb128 0xe
 301 0005 13       		.uleb128 0x13
 302 0006 0B       		.uleb128 0xb
 303 0007 03       		.uleb128 0x3
ARM GAS  C:\Users\Simon\AppData\Local\Temp\ccclKOYb.s 			page 7


 304 0008 0E       		.uleb128 0xe
 305 0009 1B       		.uleb128 0x1b
 306 000a 0E       		.uleb128 0xe
 307 000b 55       		.uleb128 0x55
 308 000c 17       		.uleb128 0x17
 309 000d 11       		.uleb128 0x11
 310 000e 01       		.uleb128 0x1
 311 000f 10       		.uleb128 0x10
 312 0010 17       		.uleb128 0x17
 313 0011 00       		.byte	0
 314 0012 00       		.byte	0
 315 0013 02       		.uleb128 0x2
 316 0014 24       		.uleb128 0x24
 317 0015 00       		.byte	0
 318 0016 0B       		.uleb128 0xb
 319 0017 0B       		.uleb128 0xb
 320 0018 3E       		.uleb128 0x3e
 321 0019 0B       		.uleb128 0xb
 322 001a 03       		.uleb128 0x3
 323 001b 0E       		.uleb128 0xe
 324 001c 00       		.byte	0
 325 001d 00       		.byte	0
 326 001e 03       		.uleb128 0x3
 327 001f 24       		.uleb128 0x24
 328 0020 00       		.byte	0
 329 0021 0B       		.uleb128 0xb
 330 0022 0B       		.uleb128 0xb
 331 0023 3E       		.uleb128 0x3e
 332 0024 0B       		.uleb128 0xb
 333 0025 03       		.uleb128 0x3
 334 0026 08       		.uleb128 0x8
 335 0027 00       		.byte	0
 336 0028 00       		.byte	0
 337 0029 04       		.uleb128 0x4
 338 002a 16       		.uleb128 0x16
 339 002b 00       		.byte	0
 340 002c 03       		.uleb128 0x3
 341 002d 0E       		.uleb128 0xe
 342 002e 3A       		.uleb128 0x3a
 343 002f 0B       		.uleb128 0xb
 344 0030 3B       		.uleb128 0x3b
 345 0031 05       		.uleb128 0x5
 346 0032 49       		.uleb128 0x49
 347 0033 13       		.uleb128 0x13
 348 0034 00       		.byte	0
 349 0035 00       		.byte	0
 350 0036 05       		.uleb128 0x5
 351 0037 13       		.uleb128 0x13
 352 0038 01       		.byte	0x1
 353 0039 03       		.uleb128 0x3
 354 003a 0E       		.uleb128 0xe
 355 003b 0B       		.uleb128 0xb
 356 003c 0B       		.uleb128 0xb
 357 003d 3A       		.uleb128 0x3a
 358 003e 0B       		.uleb128 0xb
 359 003f 3B       		.uleb128 0x3b
 360 0040 0B       		.uleb128 0xb
ARM GAS  C:\Users\Simon\AppData\Local\Temp\ccclKOYb.s 			page 8


 361 0041 01       		.uleb128 0x1
 362 0042 13       		.uleb128 0x13
 363 0043 00       		.byte	0
 364 0044 00       		.byte	0
 365 0045 06       		.uleb128 0x6
 366 0046 0D       		.uleb128 0xd
 367 0047 00       		.byte	0
 368 0048 03       		.uleb128 0x3
 369 0049 0E       		.uleb128 0xe
 370 004a 3A       		.uleb128 0x3a
 371 004b 0B       		.uleb128 0xb
 372 004c 3B       		.uleb128 0x3b
 373 004d 0B       		.uleb128 0xb
 374 004e 49       		.uleb128 0x49
 375 004f 13       		.uleb128 0x13
 376 0050 38       		.uleb128 0x38
 377 0051 0B       		.uleb128 0xb
 378 0052 00       		.byte	0
 379 0053 00       		.byte	0
 380 0054 07       		.uleb128 0x7
 381 0055 0D       		.uleb128 0xd
 382 0056 00       		.byte	0
 383 0057 03       		.uleb128 0x3
 384 0058 08       		.uleb128 0x8
 385 0059 3A       		.uleb128 0x3a
 386 005a 0B       		.uleb128 0xb
 387 005b 3B       		.uleb128 0x3b
 388 005c 0B       		.uleb128 0xb
 389 005d 49       		.uleb128 0x49
 390 005e 13       		.uleb128 0x13
 391 005f 38       		.uleb128 0x38
 392 0060 0B       		.uleb128 0xb
 393 0061 00       		.byte	0
 394 0062 00       		.byte	0
 395 0063 08       		.uleb128 0x8
 396 0064 01       		.uleb128 0x1
 397 0065 01       		.byte	0x1
 398 0066 49       		.uleb128 0x49
 399 0067 13       		.uleb128 0x13
 400 0068 01       		.uleb128 0x1
 401 0069 13       		.uleb128 0x13
 402 006a 00       		.byte	0
 403 006b 00       		.byte	0
 404 006c 09       		.uleb128 0x9
 405 006d 21       		.uleb128 0x21
 406 006e 00       		.byte	0
 407 006f 49       		.uleb128 0x49
 408 0070 13       		.uleb128 0x13
 409 0071 2F       		.uleb128 0x2f
 410 0072 0B       		.uleb128 0xb
 411 0073 00       		.byte	0
 412 0074 00       		.byte	0
 413 0075 0A       		.uleb128 0xa
 414 0076 2E       		.uleb128 0x2e
 415 0077 01       		.byte	0x1
 416 0078 3F       		.uleb128 0x3f
 417 0079 19       		.uleb128 0x19
ARM GAS  C:\Users\Simon\AppData\Local\Temp\ccclKOYb.s 			page 9


 418 007a 03       		.uleb128 0x3
 419 007b 0E       		.uleb128 0xe
 420 007c 3A       		.uleb128 0x3a
 421 007d 0B       		.uleb128 0xb
 422 007e 3B       		.uleb128 0x3b
 423 007f 0B       		.uleb128 0xb
 424 0080 11       		.uleb128 0x11
 425 0081 01       		.uleb128 0x1
 426 0082 12       		.uleb128 0x12
 427 0083 06       		.uleb128 0x6
 428 0084 40       		.uleb128 0x40
 429 0085 18       		.uleb128 0x18
 430 0086 9742     		.uleb128 0x2117
 431 0088 19       		.uleb128 0x19
 432 0089 01       		.uleb128 0x1
 433 008a 13       		.uleb128 0x13
 434 008b 00       		.byte	0
 435 008c 00       		.byte	0
 436 008d 0B       		.uleb128 0xb
 437 008e 898201   		.uleb128 0x4109
 438 0091 01       		.byte	0x1
 439 0092 11       		.uleb128 0x11
 440 0093 01       		.uleb128 0x1
 441 0094 31       		.uleb128 0x31
 442 0095 13       		.uleb128 0x13
 443 0096 00       		.byte	0
 444 0097 00       		.byte	0
 445 0098 0C       		.uleb128 0xc
 446 0099 8A8201   		.uleb128 0x410a
 447 009c 00       		.byte	0
 448 009d 02       		.uleb128 0x2
 449 009e 18       		.uleb128 0x18
 450 009f 9142     		.uleb128 0x2111
 451 00a1 18       		.uleb128 0x18
 452 00a2 00       		.byte	0
 453 00a3 00       		.byte	0
 454 00a4 0D       		.uleb128 0xd
 455 00a5 34       		.uleb128 0x34
 456 00a6 00       		.byte	0
 457 00a7 03       		.uleb128 0x3
 458 00a8 0E       		.uleb128 0xe
 459 00a9 3A       		.uleb128 0x3a
 460 00aa 0B       		.uleb128 0xb
 461 00ab 3B       		.uleb128 0x3b
 462 00ac 0B       		.uleb128 0xb
 463 00ad 49       		.uleb128 0x49
 464 00ae 13       		.uleb128 0x13
 465 00af 3F       		.uleb128 0x3f
 466 00b0 19       		.uleb128 0x19
 467 00b1 02       		.uleb128 0x2
 468 00b2 18       		.uleb128 0x18
 469 00b3 00       		.byte	0
 470 00b4 00       		.byte	0
 471 00b5 0E       		.uleb128 0xe
 472 00b6 2E       		.uleb128 0x2e
 473 00b7 01       		.byte	0x1
 474 00b8 3F       		.uleb128 0x3f
ARM GAS  C:\Users\Simon\AppData\Local\Temp\ccclKOYb.s 			page 10


 475 00b9 19       		.uleb128 0x19
 476 00ba 03       		.uleb128 0x3
 477 00bb 0E       		.uleb128 0xe
 478 00bc 3A       		.uleb128 0x3a
 479 00bd 0B       		.uleb128 0xb
 480 00be 3B       		.uleb128 0x3b
 481 00bf 0B       		.uleb128 0xb
 482 00c0 27       		.uleb128 0x27
 483 00c1 19       		.uleb128 0x19
 484 00c2 3C       		.uleb128 0x3c
 485 00c3 19       		.uleb128 0x19
 486 00c4 01       		.uleb128 0x1
 487 00c5 13       		.uleb128 0x13
 488 00c6 00       		.byte	0
 489 00c7 00       		.byte	0
 490 00c8 0F       		.uleb128 0xf
 491 00c9 05       		.uleb128 0x5
 492 00ca 00       		.byte	0
 493 00cb 49       		.uleb128 0x49
 494 00cc 13       		.uleb128 0x13
 495 00cd 00       		.byte	0
 496 00ce 00       		.byte	0
 497 00cf 10       		.uleb128 0x10
 498 00d0 0F       		.uleb128 0xf
 499 00d1 00       		.byte	0
 500 00d2 0B       		.uleb128 0xb
 501 00d3 0B       		.uleb128 0xb
 502 00d4 49       		.uleb128 0x49
 503 00d5 13       		.uleb128 0x13
 504 00d6 00       		.byte	0
 505 00d7 00       		.byte	0
 506 00d8 00       		.byte	0
 507              		.section	.debug_aranges,"",%progbits
 508 0000 1C000000 		.4byte	0x1c
 509 0004 0200     		.2byte	0x2
 510 0006 00000000 		.4byte	.Ldebug_info0
 511 000a 04       		.byte	0x4
 512 000b 00       		.byte	0
 513 000c 0000     		.2byte	0
 514 000e 0000     		.2byte	0
 515 0010 00000000 		.4byte	.LFB34
 516 0014 2C000000 		.4byte	.LFE34-.LFB34
 517 0018 00000000 		.4byte	0
 518 001c 00000000 		.4byte	0
 519              		.section	.debug_ranges,"",%progbits
 520              	.Ldebug_ranges0:
 521 0000 00000000 		.4byte	.LFB34
 522 0004 2C000000 		.4byte	.LFE34
 523 0008 00000000 		.4byte	0
 524 000c 00000000 		.4byte	0
 525              		.section	.debug_line,"",%progbits
 526              	.Ldebug_line0:
 527 0000 8F000000 		.section	.debug_str,"MS",%progbits,1
 527      02006F00 
 527      00000201 
 527      FB0E0D00 
 527      01010101 
ARM GAS  C:\Users\Simon\AppData\Local\Temp\ccclKOYb.s 			page 11


 528              	.LASF17:
 529 0000 64657369 		.ascii	"desiredLux\000"
 529      7265644C 
 529      757800
 530              	.LASF14:
 531 000b 73746172 		.ascii	"start\000"
 531      7400
 532              	.LASF3:
 533 0011 73686F72 		.ascii	"short unsigned int\000"
 533      7420756E 
 533      7369676E 
 533      65642069 
 533      6E7400
 534              	.LASF26:
 535 0024 6C656450 		.ascii	"ledPower\000"
 535      6F776572 
 535      00
 536              	.LASF29:
 537 002d 433A5C55 		.ascii	"C:\\Users\\Simon\\Documents\\GitHub\\E3PRJ3-Gruppe1"
 537      73657273 
 537      5C53696D 
 537      6F6E5C44 
 537      6F63756D 
 538 005b 5C50536F 		.ascii	"\\PSoC\\Sensor-PSoC.cydsn\000"
 538      435C5365 
 538      6E736F72 
 538      2D50536F 
 538      432E6379 
 539              	.LASF23:
 540 0073 67726565 		.ascii	"greenPWMPct\000"
 540      6E50574D 
 540      50637400 
 541              	.LASF33:
 542 007f 696E6974 		.ascii	"initCircularMean\000"
 542      43697263 
 542      756C6172 
 542      4D65616E 
 542      00
 543              	.LASF21:
 544 0090 64697374 		.ascii	"distance\000"
 544      616E6365 
 544      00
 545              	.LASF25:
 546 0099 626C7565 		.ascii	"bluePWMPct\000"
 546      50574D50 
 546      637400
 547              	.LASF9:
 548 00a4 666C6F61 		.ascii	"float\000"
 548      7400
 549              	.LASF0:
 550 00aa 7369676E 		.ascii	"signed char\000"
 550      65642063 
 550      68617200 
 551              	.LASF1:
 552 00b6 756E7369 		.ascii	"unsigned char\000"
 552      676E6564 
 552      20636861 
ARM GAS  C:\Users\Simon\AppData\Local\Temp\ccclKOYb.s 			page 12


 552      7200
 553              	.LASF5:
 554 00c4 6C6F6E67 		.ascii	"long unsigned int\000"
 554      20756E73 
 554      69676E65 
 554      6420696E 
 554      7400
 555              	.LASF30:
 556 00d6 75696E74 		.ascii	"uint8\000"
 556      3800
 557              	.LASF24:
 558 00dc 72656450 		.ascii	"redPWMPct\000"
 558      574D5063 
 558      7400
 559              	.LASF28:
 560 00e6 2E5C5365 		.ascii	".\\SensorData.c\000"
 560      6E736F72 
 560      44617461 
 560      2E6300
 561              	.LASF15:
 562 00f5 43697263 		.ascii	"CircularMean\000"
 562      756C6172 
 562      4D65616E 
 562      00
 563              	.LASF10:
 564 0102 646F7562 		.ascii	"double\000"
 564      6C6500
 565              	.LASF22:
 566 0109 64657369 		.ascii	"desiredTimeDistance\000"
 566      72656454 
 566      696D6544 
 566      69737461 
 566      6E636500 
 567              	.LASF31:
 568 011d 696E6974 		.ascii	"initSensorData\000"
 568      53656E73 
 568      6F724461 
 568      746100
 569              	.LASF8:
 570 012c 756E7369 		.ascii	"unsigned int\000"
 570      676E6564 
 570      20696E74 
 570      00
 571              	.LASF7:
 572 0139 6C6F6E67 		.ascii	"long long unsigned int\000"
 572      206C6F6E 
 572      6720756E 
 572      7369676E 
 572      65642069 
 573              	.LASF12:
 574 0150 73697A65 		.ascii	"sizetype\000"
 574      74797065 
 574      00
 575              	.LASF13:
 576 0159 71756575 		.ascii	"queue\000"
 576      6500
 577              	.LASF6:
ARM GAS  C:\Users\Simon\AppData\Local\Temp\ccclKOYb.s 			page 13


 578 015f 6C6F6E67 		.ascii	"long long int\000"
 578      206C6F6E 
 578      6720696E 
 578      7400
 579              	.LASF11:
 580 016d 63686172 		.ascii	"char\000"
 580      00
 581              	.LASF27:
 582 0172 474E5520 		.ascii	"GNU C 4.9.3 20150303 (release) [ARM/embedded-4_9-br"
 582      4320342E 
 582      392E3320 
 582      32303135 
 582      30333033 
 583 01a5 616E6368 		.ascii	"anch revision 221220] -mcpu=cortex-m0 -mthumb -g -O"
 583      20726576 
 583      6973696F 
 583      6E203232 
 583      31323230 
 584 01d8 67202D66 		.ascii	"g -ffunction-sections -ffat-lto-objects\000"
 584      66756E63 
 584      74696F6E 
 584      2D736563 
 584      74696F6E 
 585              	.LASF19:
 586 0200 6D6F7665 		.ascii	"movement\000"
 586      6D656E74 
 586      00
 587              	.LASF2:
 588 0209 73686F72 		.ascii	"short int\000"
 588      7420696E 
 588      7400
 589              	.LASF20:
 590 0213 6D6F7665 		.ascii	"movementAlertOn\000"
 590      6D656E74 
 590      416C6572 
 590      744F6E00 
 591              	.LASF4:
 592 0223 6C6F6E67 		.ascii	"long int\000"
 592      20696E74 
 592      00
 593              	.LASF18:
 594 022c 4C756D65 		.ascii	"LumenMean\000"
 594      6E4D6561 
 594      6E00
 595              	.LASF32:
 596 0236 73656E73 		.ascii	"sensorData\000"
 596      6F724461 
 596      746100
 597              	.LASF16:
 598 0241 73656E73 		.ascii	"sensorDataT\000"
 598      6F724461 
 598      74615400 
 599              		.ident	"GCC: (GNU Tools for ARM Embedded Processors) 4.9.3 20150303 (release) [ARM/embedded-4_9-br
