\BOOKMARK [1][-]{section.1}{\376\377\0001\000\040\000I\000n\000d\000e\000k\000s\000\040\000o\000v\000e\000r\000\040\000d\000a\000t\000a\000s\000t\000r\000u\000k\000t\000u\000r\000e\000r}{}% 1
\BOOKMARK [2][-]{subsection.1.1}{\376\377\0001\000.\0001\000\040\000D\000a\000t\000a\000s\000t\000r\000u\000k\000t\000u\000r\000e\000r}{section.1}% 2
\BOOKMARK [1][-]{section.2}{\376\377\0002\000\040\000F\000i\000l\000-\000i\000n\000d\000e\000k\000s}{}% 3
\BOOKMARK [2][-]{subsection.2.1}{\376\377\0002\000.\0001\000\040\000F\000i\000l\000o\000v\000e\000r\000s\000i\000g\000t}{section.2}% 4
\BOOKMARK [1][-]{section.3}{\376\377\0003\000\040\000D\000a\000t\000a\000s\000t\000r\000u\000k\000t\000u\000r\000-\000d\000o\000c\000u\000m\000e\000n\000t\000a\000t\000i\000o\000n}{}% 5
\BOOKMARK [2][-]{subsection.3.1}{\376\377\0003\000.\0001\000\040\000D\000a\000t\000a\000\040\000K\000l\000a\000s\000s\000e\000-\000r\000e\000f\000e\000r\000e\000n\000c\000e}{section.3}% 6
\BOOKMARK [3][-]{subsubsection.3.1.1}{\376\377\0003\000.\0001\000.\0001\000\040\000D\000e\000t\000a\000l\000j\000e\000r\000e\000t\000\040\000b\000e\000s\000k\000r\000i\000v\000e\000l\000s\000e}{subsection.3.1}% 7
\BOOKMARK [3][-]{subsubsection.3.1.2}{\376\377\0003\000.\0001\000.\0002\000\040\000D\000o\000k\000u\000m\000e\000n\000t\000a\000t\000i\000o\000n\000\040\000a\000f\000\040\000m\000e\000d\000l\000e\000m\000s\000f\000u\000n\000k\000t\000i\000o\000n\000e\000r}{subsection.3.1}% 8
\BOOKMARK [2][-]{subsection.3.2}{\376\377\0003\000.\0002\000\040\000H\000a\000n\000d\000l\000e\000r\000\040\000K\000l\000a\000s\000s\000e\000-\000r\000e\000f\000e\000r\000e\000n\000c\000e}{section.3}% 9
\BOOKMARK [3][-]{subsubsection.3.2.1}{\376\377\0003\000.\0002\000.\0001\000\040\000D\000e\000t\000a\000l\000j\000e\000r\000e\000t\000\040\000b\000e\000s\000k\000r\000i\000v\000e\000l\000s\000e}{subsection.3.2}% 10
\BOOKMARK [3][-]{subsubsection.3.2.2}{\376\377\0003\000.\0002\000.\0002\000\040\000D\000o\000k\000u\000m\000e\000n\000t\000a\000t\000i\000o\000n\000\040\000a\000f\000\040\000m\000e\000d\000l\000e\000m\000s\000f\000u\000n\000k\000t\000i\000o\000n\000e\000r}{subsection.3.2}% 11
\BOOKMARK [2][-]{subsection.3.3}{\376\377\0003\000.\0003\000\040\000I\0002\000C\000\040\000K\000l\000a\000s\000s\000e\000-\000r\000e\000f\000e\000r\000e\000n\000c\000e}{section.3}% 12
\BOOKMARK [3][-]{subsubsection.3.3.1}{\376\377\0003\000.\0003\000.\0001\000\040\000D\000e\000t\000a\000l\000j\000e\000r\000e\000t\000\040\000b\000e\000s\000k\000r\000i\000v\000e\000l\000s\000e}{subsection.3.3}% 13
\BOOKMARK [3][-]{subsubsection.3.3.2}{\376\377\0003\000.\0003\000.\0002\000\040\000D\000o\000k\000u\000m\000e\000n\000t\000a\000t\000i\000o\000n\000\040\000a\000f\000\040\000m\000e\000d\000l\000e\000m\000s\000f\000u\000n\000k\000t\000i\000o\000n\000e\000r}{subsection.3.3}% 14
\BOOKMARK [2][-]{subsection.3.4}{\376\377\0003\000.\0004\000\040\000L\000C\000D\000\040\000K\000l\000a\000s\000s\000e\000-\000r\000e\000f\000e\000r\000e\000n\000c\000e}{section.3}% 15
\BOOKMARK [3][-]{subsubsection.3.4.1}{\376\377\0003\000.\0004\000.\0001\000\040\000D\000e\000t\000a\000l\000j\000e\000r\000e\000t\000\040\000b\000e\000s\000k\000r\000i\000v\000e\000l\000s\000e}{subsection.3.4}% 16
\BOOKMARK [3][-]{subsubsection.3.4.2}{\376\377\0003\000.\0004\000.\0002\000\040\000D\000o\000k\000u\000m\000e\000n\000t\000a\000t\000i\000o\000n\000\040\000a\000f\000\040\000m\000e\000d\000l\000e\000m\000s\000f\000u\000n\000k\000t\000i\000o\000n\000e\000r}{subsection.3.4}% 17
\BOOKMARK [3][-]{subsubsection.3.4.3}{\376\377\0003\000.\0004\000.\0003\000\040\000F\000e\000l\000t\000-\000d\000o\000k\000u\000m\000e\000n\000t\000a\000t\000i\000o\000n}{subsection.3.4}% 18
\BOOKMARK [2][-]{subsection.3.5}{\376\377\0003\000.\0005\000\040\000L\000E\000D\000\040\000K\000l\000a\000s\000s\000e\000-\000r\000e\000f\000e\000r\000e\000n\000c\000e}{section.3}% 19
\BOOKMARK [3][-]{subsubsection.3.5.1}{\376\377\0003\000.\0005\000.\0001\000\040\000D\000e\000t\000a\000l\000j\000e\000r\000e\000t\000\040\000b\000e\000s\000k\000r\000i\000v\000e\000l\000s\000e}{subsection.3.5}% 20
\BOOKMARK [3][-]{subsubsection.3.5.2}{\376\377\0003\000.\0005\000.\0002\000\040\000D\000o\000k\000u\000m\000e\000n\000t\000a\000t\000i\000o\000n\000\040\000a\000f\000\040\000m\000e\000d\000l\000e\000m\000s\000f\000u\000n\000k\000t\000i\000o\000n\000e\000r}{subsection.3.5}% 21
\BOOKMARK [2][-]{subsection.3.6}{\376\377\0003\000.\0006\000\040\000Q\000u\000e\000u\000e\000\040\000K\000l\000a\000s\000s\000e\000-\000r\000e\000f\000e\000r\000e\000n\000c\000e}{section.3}% 22
\BOOKMARK [3][-]{subsubsection.3.6.1}{\376\377\0003\000.\0006\000.\0001\000\040\000D\000e\000t\000a\000l\000j\000e\000r\000e\000t\000\040\000b\000e\000s\000k\000r\000i\000v\000e\000l\000s\000e}{subsection.3.6}% 23
\BOOKMARK [3][-]{subsubsection.3.6.2}{\376\377\0003\000.\0006\000.\0002\000\040\000D\000o\000k\000u\000m\000e\000n\000t\000a\000t\000i\000o\000n\000\040\000a\000f\000\040\000m\000e\000d\000l\000e\000m\000s\000f\000u\000n\000k\000t\000i\000o\000n\000e\000r}{subsection.3.6}% 24
\BOOKMARK [3][-]{subsubsection.3.6.3}{\376\377\0003\000.\0006\000.\0003\000\040\000F\000e\000l\000t\000-\000d\000o\000k\000u\000m\000e\000n\000t\000a\000t\000i\000o\000n}{subsection.3.6}% 25
\BOOKMARK [2][-]{subsection.3.7}{\376\377\0003\000.\0007\000\040\000S\000P\000I\000\040\000K\000l\000a\000s\000s\000e\000-\000r\000e\000f\000e\000r\000e\000n\000c\000e}{section.3}% 26
\BOOKMARK [3][-]{subsubsection.3.7.1}{\376\377\0003\000.\0007\000.\0001\000\040\000D\000e\000t\000a\000l\000j\000e\000r\000e\000t\000\040\000b\000e\000s\000k\000r\000i\000v\000e\000l\000s\000e}{subsection.3.7}% 27
\BOOKMARK [3][-]{subsubsection.3.7.2}{\376\377\0003\000.\0007\000.\0002\000\040\000D\000o\000k\000u\000m\000e\000n\000t\000a\000t\000i\000o\000n\000\040\000a\000f\000\040\000m\000e\000d\000l\000e\000m\000s\000f\000u\000n\000k\000t\000i\000o\000n\000e\000r}{subsection.3.7}% 28
\BOOKMARK [1][-]{section.4}{\376\377\0004\000\040\000F\000i\000l\000-\000d\000o\000k\000u\000m\000e\000n\000t\000a\000t\000i\000o\000n}{}% 29
\BOOKMARK [2][-]{subsection.4.1}{\376\377\0004\000.\0001\000\040\000c\000y\000a\000p\000i\000c\000a\000l\000l\000b\000a\000c\000k\000s\000.\000h\000\040\000f\000i\000l\000r\000e\000f\000e\000r\000e\000n\000c\000e}{section.4}% 30
\BOOKMARK [2][-]{subsection.4.2}{\376\377\0004\000.\0002\000\040\000d\000a\000t\000a\000.\000c\000\040\000f\000i\000l\000r\000e\000f\000e\000r\000e\000n\000c\000e}{section.4}% 31
\BOOKMARK [3][-]{subsubsection.4.2.1}{\376\377\0004\000.\0002\000.\0001\000\040\000D\000e\000t\000a\000l\000j\000e\000r\000e\000t\000\040\000b\000e\000s\000k\000r\000i\000v\000e\000l\000s\000e}{subsection.4.2}% 32
\BOOKMARK [2][-]{subsection.4.3}{\376\377\0004\000.\0003\000\040\000d\000a\000t\000a\000.\000h\000\040\000f\000i\000l\000r\000e\000f\000e\000r\000e\000n\000c\000e}{section.4}% 33
\BOOKMARK [3][-]{subsubsection.4.3.1}{\376\377\0004\000.\0003\000.\0001\000\040\000D\000e\000t\000a\000l\000j\000e\000r\000e\000t\000\040\000b\000e\000s\000k\000r\000i\000v\000e\000l\000s\000e}{subsection.4.3}% 34
\BOOKMARK [3][-]{subsubsection.4.3.2}{\376\377\0004\000.\0003\000.\0002\000\040\000D\000a\000t\000a\000s\000t\000r\000u\000k\000t\000u\000r\000-\000d\000o\000c\000u\000m\000e\000n\000t\000a\000t\000i\000o\000n}{subsection.4.3}% 35
\BOOKMARK [3][-]{subsubsection.4.3.3}{\376\377\0004\000.\0003\000.\0003\000\040\000F\000u\000n\000k\000t\000i\000o\000n\000s\000-\000d\000o\000k\000u\000m\000e\000n\000t\000a\000t\000i\000o\000n}{subsection.4.3}% 36
\BOOKMARK [3][-]{subsubsection.4.3.4}{\376\377\0004\000.\0003\000.\0004\000\040\000V\000a\000r\000i\000a\000b\000e\000l\000-\000d\000o\000k\000u\000m\000e\000n\000t\000a\000t\000i\000o\000n}{subsection.4.3}% 37
\BOOKMARK [2][-]{subsection.4.4}{\376\377\0004\000.\0004\000\040\000h\000a\000n\000d\000l\000e\000r\000.\000c\000\040\000f\000i\000l\000r\000e\000f\000e\000r\000e\000n\000c\000e}{section.4}% 38
\BOOKMARK [3][-]{subsubsection.4.4.1}{\376\377\0004\000.\0004\000.\0001\000\040\000D\000e\000t\000a\000l\000j\000e\000r\000e\000t\000\040\000b\000e\000s\000k\000r\000i\000v\000e\000l\000s\000e}{subsection.4.4}% 39
\BOOKMARK [2][-]{subsection.4.5}{\376\377\0004\000.\0005\000\040\000h\000a\000n\000d\000l\000e\000r\000.\000h\000\040\000f\000i\000l\000r\000e\000f\000e\000r\000e\000n\000c\000e}{section.4}% 40
\BOOKMARK [3][-]{subsubsection.4.5.1}{\376\377\0004\000.\0005\000.\0001\000\040\000D\000e\000t\000a\000l\000j\000e\000r\000e\000t\000\040\000b\000e\000s\000k\000r\000i\000v\000e\000l\000s\000e}{subsection.4.5}% 41
\BOOKMARK [3][-]{subsubsection.4.5.2}{\376\377\0004\000.\0005\000.\0002\000\040\000\043\000D\000e\000f\000i\000n\000e\000-\000d\000o\000k\000u\000m\000e\000n\000t\000a\000t\000i\000o\000n}{subsection.4.5}% 42
\BOOKMARK [3][-]{subsubsection.4.5.3}{\376\377\0004\000.\0005\000.\0003\000\040\000F\000u\000n\000k\000t\000i\000o\000n\000s\000-\000d\000o\000k\000u\000m\000e\000n\000t\000a\000t\000i\000o\000n}{subsection.4.5}% 43
\BOOKMARK [2][-]{subsection.4.6}{\376\377\0004\000.\0006\000\040\000i\0002\000c\000.\000c\000\040\000f\000i\000l\000r\000e\000f\000e\000r\000e\000n\000c\000e}{section.4}% 44
\BOOKMARK [3][-]{subsubsection.4.6.1}{\376\377\0004\000.\0006\000.\0001\000\040\000D\000e\000t\000a\000l\000j\000e\000r\000e\000t\000\040\000b\000e\000s\000k\000r\000i\000v\000e\000l\000s\000e}{subsection.4.6}% 45
\BOOKMARK [2][-]{subsection.4.7}{\376\377\0004\000.\0007\000\040\000i\0002\000c\000.\000h\000\040\000f\000i\000l\000r\000e\000f\000e\000r\000e\000n\000c\000e}{section.4}% 46
\BOOKMARK [3][-]{subsubsection.4.7.1}{\376\377\0004\000.\0007\000.\0001\000\040\000D\000e\000t\000a\000l\000j\000e\000r\000e\000t\000\040\000b\000e\000s\000k\000r\000i\000v\000e\000l\000s\000e}{subsection.4.7}% 47
\BOOKMARK [3][-]{subsubsection.4.7.2}{\376\377\0004\000.\0007\000.\0002\000\040\000\043\000D\000e\000f\000i\000n\000e\000-\000d\000o\000k\000u\000m\000e\000n\000t\000a\000t\000i\000o\000n}{subsection.4.7}% 48
\BOOKMARK [3][-]{subsubsection.4.7.3}{\376\377\0004\000.\0007\000.\0003\000\040\000F\000u\000n\000k\000t\000i\000o\000n\000s\000-\000d\000o\000k\000u\000m\000e\000n\000t\000a\000t\000i\000o\000n}{subsection.4.7}% 49
\BOOKMARK [2][-]{subsection.4.8}{\376\377\0004\000.\0008\000\040\000l\000c\000d\000.\000c\000\040\000f\000i\000l\000r\000e\000f\000e\000r\000e\000n\000c\000e}{section.4}% 50
\BOOKMARK [3][-]{subsubsection.4.8.1}{\376\377\0004\000.\0008\000.\0001\000\040\000D\000e\000t\000a\000l\000j\000e\000r\000e\000t\000\040\000b\000e\000s\000k\000r\000i\000v\000e\000l\000s\000e}{subsection.4.8}% 51
\BOOKMARK [2][-]{subsection.4.9}{\376\377\0004\000.\0009\000\040\000l\000c\000d\000.\000h\000\040\000f\000i\000l\000r\000e\000f\000e\000r\000e\000n\000c\000e}{section.4}% 52
\BOOKMARK [3][-]{subsubsection.4.9.1}{\376\377\0004\000.\0009\000.\0001\000\040\000D\000e\000t\000a\000l\000j\000e\000r\000e\000t\000\040\000b\000e\000s\000k\000r\000i\000v\000e\000l\000s\000e}{subsection.4.9}% 53
\BOOKMARK [3][-]{subsubsection.4.9.2}{\376\377\0004\000.\0009\000.\0002\000\040\000F\000u\000n\000k\000t\000i\000o\000n\000s\000-\000d\000o\000k\000u\000m\000e\000n\000t\000a\000t\000i\000o\000n}{subsection.4.9}% 54
\BOOKMARK [2][-]{subsection.4.10}{\376\377\0004\000.\0001\0000\000\040\000l\000e\000d\000.\000c\000\040\000f\000i\000l\000r\000e\000f\000e\000r\000e\000n\000c\000e}{section.4}% 55
\BOOKMARK [3][-]{subsubsection.4.10.1}{\376\377\0004\000.\0001\0000\000.\0001\000\040\000D\000e\000t\000a\000l\000j\000e\000r\000e\000t\000\040\000b\000e\000s\000k\000r\000i\000v\000e\000l\000s\000e}{subsection.4.10}% 56
\BOOKMARK [2][-]{subsection.4.11}{\376\377\0004\000.\0001\0001\000\040\000l\000e\000d\000.\000h\000\040\000f\000i\000l\000r\000e\000f\000e\000r\000e\000n\000c\000e}{section.4}% 57
\BOOKMARK [3][-]{subsubsection.4.11.1}{\376\377\0004\000.\0001\0001\000.\0001\000\040\000D\000e\000t\000a\000l\000j\000e\000r\000e\000t\000\040\000b\000e\000s\000k\000r\000i\000v\000e\000l\000s\000e}{subsection.4.11}% 58
\BOOKMARK [3][-]{subsubsection.4.11.2}{\376\377\0004\000.\0001\0001\000.\0002\000\040\000\043\000D\000e\000f\000i\000n\000e\000-\000d\000o\000k\000u\000m\000e\000n\000t\000a\000t\000i\000o\000n}{subsection.4.11}% 59
\BOOKMARK [3][-]{subsubsection.4.11.3}{\376\377\0004\000.\0001\0001\000.\0003\000\040\000F\000u\000n\000k\000t\000i\000o\000n\000s\000-\000d\000o\000k\000u\000m\000e\000n\000t\000a\000t\000i\000o\000n}{subsection.4.11}% 60
\BOOKMARK [2][-]{subsection.4.12}{\376\377\0004\000.\0001\0002\000\040\000m\000a\000i\000n\000.\000c\000\040\000f\000i\000l\000r\000e\000f\000e\000r\000e\000n\000c\000e}{section.4}% 61
\BOOKMARK [3][-]{subsubsection.4.12.1}{\376\377\0004\000.\0001\0002\000.\0001\000\040\000D\000e\000t\000a\000l\000j\000e\000r\000e\000t\000\040\000b\000e\000s\000k\000r\000i\000v\000e\000l\000s\000e}{subsection.4.12}% 62
\BOOKMARK [3][-]{subsubsection.4.12.2}{\376\377\0004\000.\0001\0002\000.\0002\000\040\000F\000u\000n\000k\000t\000i\000o\000n\000s\000-\000d\000o\000k\000u\000m\000e\000n\000t\000a\000t\000i\000o\000n}{subsection.4.12}% 63
\BOOKMARK [2][-]{subsection.4.13}{\376\377\0004\000.\0001\0003\000\040\000N\000o\000k\000i\000a\0005\0001\0001\0000\000L\000C\000D\000.\000c\000\040\000f\000i\000l\000r\000e\000f\000e\000r\000e\000n\000c\000e}{section.4}% 64
\BOOKMARK [3][-]{subsubsection.4.13.1}{\376\377\0004\000.\0001\0003\000.\0001\000\040\000D\000e\000t\000a\000l\000j\000e\000r\000e\000t\000\040\000b\000e\000s\000k\000r\000i\000v\000e\000l\000s\000e}{subsection.4.13}% 65
\BOOKMARK [3][-]{subsubsection.4.13.2}{\376\377\0004\000.\0001\0003\000.\0002\000\040\000F\000u\000n\000k\000t\000i\000o\000n\000s\000-\000d\000o\000k\000u\000m\000e\000n\000t\000a\000t\000i\000o\000n}{subsection.4.13}% 66
\BOOKMARK [3][-]{subsubsection.4.13.3}{\376\377\0004\000.\0001\0003\000.\0003\000\040\000V\000a\000r\000i\000a\000b\000e\000l\000-\000d\000o\000k\000u\000m\000e\000n\000t\000a\000t\000i\000o\000n}{subsection.4.13}% 67
\BOOKMARK [2][-]{subsection.4.14}{\376\377\0004\000.\0001\0004\000\040\000N\000o\000k\000i\000a\0005\0001\0001\0000\000L\000C\000D\000.\000h\000\040\000f\000i\000l\000r\000e\000f\000e\000r\000e\000n\000c\000e}{section.4}% 68
\BOOKMARK [3][-]{subsubsection.4.14.1}{\376\377\0004\000.\0001\0004\000.\0001\000\040\000D\000e\000t\000a\000l\000j\000e\000r\000e\000t\000\040\000b\000e\000s\000k\000r\000i\000v\000e\000l\000s\000e}{subsection.4.14}% 69
\BOOKMARK [3][-]{subsubsection.4.14.2}{\376\377\0004\000.\0001\0004\000.\0002\000\040\000\043\000D\000e\000f\000i\000n\000e\000-\000d\000o\000k\000u\000m\000e\000n\000t\000a\000t\000i\000o\000n}{subsection.4.14}% 70
\BOOKMARK [3][-]{subsubsection.4.14.3}{\376\377\0004\000.\0001\0004\000.\0003\000\040\000F\000u\000n\000k\000t\000i\000o\000n\000s\000-\000d\000o\000k\000u\000m\000e\000n\000t\000a\000t\000i\000o\000n}{subsection.4.14}% 71
\BOOKMARK [2][-]{subsection.4.15}{\376\377\0004\000.\0001\0005\000\040\000q\000u\000e\000u\000e\000.\000c\000\040\000f\000i\000l\000r\000e\000f\000e\000r\000e\000n\000c\000e}{section.4}% 72
\BOOKMARK [3][-]{subsubsection.4.15.1}{\376\377\0004\000.\0001\0005\000.\0001\000\040\000D\000e\000t\000a\000l\000j\000e\000r\000e\000t\000\040\000b\000e\000s\000k\000r\000i\000v\000e\000l\000s\000e}{subsection.4.15}% 73
\BOOKMARK [3][-]{subsubsection.4.15.2}{\376\377\0004\000.\0001\0005\000.\0002\000\040\000D\000a\000t\000a\000s\000t\000r\000u\000k\000t\000u\000r\000-\000d\000o\000c\000u\000m\000e\000n\000t\000a\000t\000i\000o\000n}{subsection.4.15}% 74
\BOOKMARK [3][-]{subsubsection.4.15.3}{\376\377\0004\000.\0001\0005\000.\0003\000\040\000F\000u\000n\000k\000t\000i\000o\000n\000s\000-\000d\000o\000k\000u\000m\000e\000n\000t\000a\000t\000i\000o\000n}{subsection.4.15}% 75
\BOOKMARK [2][-]{subsection.4.16}{\376\377\0004\000.\0001\0006\000\040\000q\000u\000e\000u\000e\000.\000h\000\040\000f\000i\000l\000r\000e\000f\000e\000r\000e\000n\000c\000e}{section.4}% 76
\BOOKMARK [3][-]{subsubsection.4.16.1}{\376\377\0004\000.\0001\0006\000.\0001\000\040\000D\000e\000t\000a\000l\000j\000e\000r\000e\000t\000\040\000b\000e\000s\000k\000r\000i\000v\000e\000l\000s\000e}{subsection.4.16}% 77
\BOOKMARK [3][-]{subsubsection.4.16.2}{\376\377\0004\000.\0001\0006\000.\0002\000\040\000D\000a\000t\000a\000s\000t\000r\000u\000k\000t\000u\000r\000-\000d\000o\000c\000u\000m\000e\000n\000t\000a\000t\000i\000o\000n}{subsection.4.16}% 78
\BOOKMARK [3][-]{subsubsection.4.16.3}{\376\377\0004\000.\0001\0006\000.\0003\000\040\000F\000u\000n\000k\000t\000i\000o\000n\000s\000-\000d\000o\000k\000u\000m\000e\000n\000t\000a\000t\000i\000o\000n}{subsection.4.16}% 79
\BOOKMARK [2][-]{subsection.4.17}{\376\377\0004\000.\0001\0007\000\040\000s\000p\000i\000.\000c\000\040\000f\000i\000l\000r\000e\000f\000e\000r\000e\000n\000c\000e}{section.4}% 80
\BOOKMARK [3][-]{subsubsection.4.17.1}{\376\377\0004\000.\0001\0007\000.\0001\000\040\000D\000e\000t\000a\000l\000j\000e\000r\000e\000t\000\040\000b\000e\000s\000k\000r\000i\000v\000e\000l\000s\000e}{subsection.4.17}% 81
\BOOKMARK [2][-]{subsection.4.18}{\376\377\0004\000.\0001\0008\000\040\000s\000p\000i\000.\000h\000\040\000f\000i\000l\000r\000e\000f\000e\000r\000e\000n\000c\000e}{section.4}% 82
\BOOKMARK [3][-]{subsubsection.4.18.1}{\376\377\0004\000.\0001\0008\000.\0001\000\040\000D\000e\000t\000a\000l\000j\000e\000r\000e\000t\000\040\000b\000e\000s\000k\000r\000i\000v\000e\000l\000s\000e}{subsection.4.18}% 83
\BOOKMARK [3][-]{subsubsection.4.18.2}{\376\377\0004\000.\0001\0008\000.\0002\000\040\000\043\000D\000e\000f\000i\000n\000e\000-\000d\000o\000k\000u\000m\000e\000n\000t\000a\000t\000i\000o\000n}{subsection.4.18}% 84
\BOOKMARK [3][-]{subsubsection.4.18.3}{\376\377\0004\000.\0001\0008\000.\0003\000\040\000F\000u\000n\000k\000t\000i\000o\000n\000s\000-\000d\000o\000k\000u\000m\000e\000n\000t\000a\000t\000i\000o\000n}{subsection.4.18}% 85
