ARM GAS  C:\Users\JEPPES~1\AppData\Local\Temp\ccPKj4lA.s 			page 1


   1              		.cpu cortex-m0
   2              		.fpu softvfp
   3              		.eabi_attribute 20, 1
   4              		.eabi_attribute 21, 1
   5              		.eabi_attribute 23, 3
   6              		.eabi_attribute 24, 1
   7              		.eabi_attribute 25, 1
   8              		.eabi_attribute 26, 1
   9              		.eabi_attribute 30, 1
  10              		.eabi_attribute 34, 0
  11              		.eabi_attribute 18, 4
  12              		.code	16
  13              		.file	"buffer.c"
  14              		.text
  15              	.Ltext0:
  16              		.cfi_sections	.debug_frame
  17              		.global	bafFlag
  18              		.global	bafVal
  19              		.global	bafCmd
  20              		.global	bufFlag
  21              		.global	bufVal
  22              		.global	bufCmd
  23              		.bss
  24              		.type	bafFlag, %object
  25              		.size	bafFlag, 1
  26              	bafFlag:
  27 0000 00       		.space	1
  28              		.type	bafVal, %object
  29              		.size	bafVal, 1
  30              	bafVal:
  31 0001 00       		.space	1
  32              		.type	bafCmd, %object
  33              		.size	bafCmd, 1
  34              	bafCmd:
  35 0002 00       		.space	1
  36              		.type	bufFlag, %object
  37              		.size	bufFlag, 1
  38              	bufFlag:
  39 0003 00       		.space	1
  40              		.type	bufVal, %object
  41              		.size	bufVal, 1
  42              	bufVal:
  43 0004 00       		.space	1
  44              		.type	bufCmd, %object
  45              		.size	bufCmd, 1
  46              	bufCmd:
  47 0005 00       		.space	1
  48              		.text
  49              	.Letext0:
  50              		.file 1 ".\\buffer.c"
  51              		.file 2 "Generated_Source\\PSoC4/cytypes.h"
  52              		.section	.debug_info,"",%progbits
  53              	.Ldebug_info0:
  54 0000 EE000000 		.4byte	0xee
  55 0004 0400     		.2byte	0x4
  56 0006 00000000 		.4byte	.Ldebug_abbrev0
  57 000a 04       		.byte	0x4
ARM GAS  C:\Users\JEPPES~1\AppData\Local\Temp\ccPKj4lA.s 			page 2


  58 000b 01       		.uleb128 0x1
  59 000c 7E000000 		.4byte	.LASF19
  60 0010 01       		.byte	0x1
  61 0011 22000000 		.4byte	.LASF20
  62 0015 45000000 		.4byte	.LASF21
  63 0019 00000000 		.4byte	.Ldebug_line0
  64 001d 02       		.uleb128 0x2
  65 001e 01       		.byte	0x1
  66 001f 06       		.byte	0x6
  67 0020 42010000 		.4byte	.LASF0
  68 0024 02       		.uleb128 0x2
  69 0025 01       		.byte	0x1
  70 0026 08       		.byte	0x8
  71 0027 0C010000 		.4byte	.LASF1
  72 002b 02       		.uleb128 0x2
  73 002c 02       		.byte	0x2
  74 002d 05       		.byte	0x5
  75 002e 65010000 		.4byte	.LASF2
  76 0032 02       		.uleb128 0x2
  77 0033 02       		.byte	0x2
  78 0034 07       		.byte	0x7
  79 0035 2F010000 		.4byte	.LASF3
  80 0039 02       		.uleb128 0x2
  81 003a 04       		.byte	0x4
  82 003b 05       		.byte	0x5
  83 003c 1F010000 		.4byte	.LASF4
  84 0040 02       		.uleb128 0x2
  85 0041 04       		.byte	0x4
  86 0042 07       		.byte	0x7
  87 0043 33000000 		.4byte	.LASF5
  88 0047 02       		.uleb128 0x2
  89 0048 08       		.byte	0x8
  90 0049 05       		.byte	0x5
  91 004a 00000000 		.4byte	.LASF6
  92 004e 02       		.uleb128 0x2
  93 004f 08       		.byte	0x8
  94 0050 07       		.byte	0x7
  95 0051 61000000 		.4byte	.LASF7
  96 0055 03       		.uleb128 0x3
  97 0056 04       		.byte	0x4
  98 0057 05       		.byte	0x5
  99 0058 696E7400 		.ascii	"int\000"
 100 005c 02       		.uleb128 0x2
 101 005d 04       		.byte	0x4
 102 005e 07       		.byte	0x7
 103 005f 0E000000 		.4byte	.LASF8
 104 0063 04       		.uleb128 0x4
 105 0064 2D000000 		.4byte	.LASF22
 106 0068 02       		.byte	0x2
 107 0069 3801     		.2byte	0x138
 108 006b 24000000 		.4byte	0x24
 109 006f 02       		.uleb128 0x2
 110 0070 04       		.byte	0x4
 111 0071 04       		.byte	0x4
 112 0072 78000000 		.4byte	.LASF9
 113 0076 02       		.uleb128 0x2
 114 0077 08       		.byte	0x8
ARM GAS  C:\Users\JEPPES~1\AppData\Local\Temp\ccPKj4lA.s 			page 3


 115 0078 04       		.byte	0x4
 116 0079 28010000 		.4byte	.LASF10
 117 007d 02       		.uleb128 0x2
 118 007e 01       		.byte	0x1
 119 007f 08       		.byte	0x8
 120 0080 1A010000 		.4byte	.LASF11
 121 0084 02       		.uleb128 0x2
 122 0085 04       		.byte	0x4
 123 0086 07       		.byte	0x7
 124 0087 76010000 		.4byte	.LASF12
 125 008b 05       		.uleb128 0x5
 126 008c 56010000 		.4byte	.LASF13
 127 0090 01       		.byte	0x1
 128 0091 16       		.byte	0x16
 129 0092 63000000 		.4byte	0x63
 130 0096 05       		.uleb128 0x5
 131 0097 03       		.byte	0x3
 132 0098 00000000 		.4byte	bufCmd
 133 009c 05       		.uleb128 0x5
 134 009d 7F010000 		.4byte	.LASF14
 135 00a1 01       		.byte	0x1
 136 00a2 17       		.byte	0x17
 137 00a3 63000000 		.4byte	0x63
 138 00a7 05       		.uleb128 0x5
 139 00a8 03       		.byte	0x3
 140 00a9 00000000 		.4byte	bufVal
 141 00ad 05       		.uleb128 0x5
 142 00ae 4E010000 		.4byte	.LASF15
 143 00b2 01       		.byte	0x1
 144 00b3 18       		.byte	0x18
 145 00b4 63000000 		.4byte	0x63
 146 00b8 05       		.uleb128 0x5
 147 00b9 03       		.byte	0x3
 148 00ba 00000000 		.4byte	bufFlag
 149 00be 05       		.uleb128 0x5
 150 00bf 6F010000 		.4byte	.LASF16
 151 00c3 01       		.byte	0x1
 152 00c4 1A       		.byte	0x1a
 153 00c5 63000000 		.4byte	0x63
 154 00c9 05       		.uleb128 0x5
 155 00ca 03       		.byte	0x3
 156 00cb 00000000 		.4byte	bafCmd
 157 00cf 05       		.uleb128 0x5
 158 00d0 1B000000 		.4byte	.LASF17
 159 00d4 01       		.byte	0x1
 160 00d5 1B       		.byte	0x1b
 161 00d6 63000000 		.4byte	0x63
 162 00da 05       		.uleb128 0x5
 163 00db 03       		.byte	0x3
 164 00dc 00000000 		.4byte	bafVal
 165 00e0 05       		.uleb128 0x5
 166 00e1 5D010000 		.4byte	.LASF18
 167 00e5 01       		.byte	0x1
 168 00e6 1C       		.byte	0x1c
 169 00e7 63000000 		.4byte	0x63
 170 00eb 05       		.uleb128 0x5
 171 00ec 03       		.byte	0x3
ARM GAS  C:\Users\JEPPES~1\AppData\Local\Temp\ccPKj4lA.s 			page 4


 172 00ed 00000000 		.4byte	bafFlag
 173 00f1 00       		.byte	0
 174              		.section	.debug_abbrev,"",%progbits
 175              	.Ldebug_abbrev0:
 176 0000 01       		.uleb128 0x1
 177 0001 11       		.uleb128 0x11
 178 0002 01       		.byte	0x1
 179 0003 25       		.uleb128 0x25
 180 0004 0E       		.uleb128 0xe
 181 0005 13       		.uleb128 0x13
 182 0006 0B       		.uleb128 0xb
 183 0007 03       		.uleb128 0x3
 184 0008 0E       		.uleb128 0xe
 185 0009 1B       		.uleb128 0x1b
 186 000a 0E       		.uleb128 0xe
 187 000b 10       		.uleb128 0x10
 188 000c 17       		.uleb128 0x17
 189 000d 00       		.byte	0
 190 000e 00       		.byte	0
 191 000f 02       		.uleb128 0x2
 192 0010 24       		.uleb128 0x24
 193 0011 00       		.byte	0
 194 0012 0B       		.uleb128 0xb
 195 0013 0B       		.uleb128 0xb
 196 0014 3E       		.uleb128 0x3e
 197 0015 0B       		.uleb128 0xb
 198 0016 03       		.uleb128 0x3
 199 0017 0E       		.uleb128 0xe
 200 0018 00       		.byte	0
 201 0019 00       		.byte	0
 202 001a 03       		.uleb128 0x3
 203 001b 24       		.uleb128 0x24
 204 001c 00       		.byte	0
 205 001d 0B       		.uleb128 0xb
 206 001e 0B       		.uleb128 0xb
 207 001f 3E       		.uleb128 0x3e
 208 0020 0B       		.uleb128 0xb
 209 0021 03       		.uleb128 0x3
 210 0022 08       		.uleb128 0x8
 211 0023 00       		.byte	0
 212 0024 00       		.byte	0
 213 0025 04       		.uleb128 0x4
 214 0026 16       		.uleb128 0x16
 215 0027 00       		.byte	0
 216 0028 03       		.uleb128 0x3
 217 0029 0E       		.uleb128 0xe
 218 002a 3A       		.uleb128 0x3a
 219 002b 0B       		.uleb128 0xb
 220 002c 3B       		.uleb128 0x3b
 221 002d 05       		.uleb128 0x5
 222 002e 49       		.uleb128 0x49
 223 002f 13       		.uleb128 0x13
 224 0030 00       		.byte	0
 225 0031 00       		.byte	0
 226 0032 05       		.uleb128 0x5
 227 0033 34       		.uleb128 0x34
 228 0034 00       		.byte	0
ARM GAS  C:\Users\JEPPES~1\AppData\Local\Temp\ccPKj4lA.s 			page 5


 229 0035 03       		.uleb128 0x3
 230 0036 0E       		.uleb128 0xe
 231 0037 3A       		.uleb128 0x3a
 232 0038 0B       		.uleb128 0xb
 233 0039 3B       		.uleb128 0x3b
 234 003a 0B       		.uleb128 0xb
 235 003b 49       		.uleb128 0x49
 236 003c 13       		.uleb128 0x13
 237 003d 3F       		.uleb128 0x3f
 238 003e 19       		.uleb128 0x19
 239 003f 02       		.uleb128 0x2
 240 0040 18       		.uleb128 0x18
 241 0041 00       		.byte	0
 242 0042 00       		.byte	0
 243 0043 00       		.byte	0
 244              		.section	.debug_aranges,"",%progbits
 245 0000 14000000 		.4byte	0x14
 246 0004 0200     		.2byte	0x2
 247 0006 00000000 		.4byte	.Ldebug_info0
 248 000a 04       		.byte	0x4
 249 000b 00       		.byte	0
 250 000c 0000     		.2byte	0
 251 000e 0000     		.2byte	0
 252 0010 00000000 		.4byte	0
 253 0014 00000000 		.4byte	0
 254              		.section	.debug_line,"",%progbits
 255              	.Ldebug_line0:
 256 0000 4B000000 		.section	.debug_str,"MS",%progbits,1
 256      02004500 
 256      00000201 
 256      FB0E0D00 
 256      01010101 
 257              	.LASF6:
 258 0000 6C6F6E67 		.ascii	"long long int\000"
 258      206C6F6E 
 258      6720696E 
 258      7400
 259              	.LASF8:
 260 000e 756E7369 		.ascii	"unsigned int\000"
 260      676E6564 
 260      20696E74 
 260      00
 261              	.LASF17:
 262 001b 62616656 		.ascii	"bafVal\000"
 262      616C00
 263              	.LASF20:
 264 0022 2E5C6275 		.ascii	".\\buffer.c\000"
 264      66666572 
 264      2E6300
 265              	.LASF22:
 266 002d 75696E74 		.ascii	"uint8\000"
 266      3800
 267              	.LASF5:
 268 0033 6C6F6E67 		.ascii	"long unsigned int\000"
 268      20756E73 
 268      69676E65 
 268      6420696E 
ARM GAS  C:\Users\JEPPES~1\AppData\Local\Temp\ccPKj4lA.s 			page 6


 268      7400
 269              	.LASF21:
 270 0045 433A5C45 		.ascii	"C:\\E3PRJ3\\PSoC4Master.cydsn\000"
 270      3350524A 
 270      335C5053 
 270      6F43344D 
 270      61737465 
 271              	.LASF7:
 272 0061 6C6F6E67 		.ascii	"long long unsigned int\000"
 272      206C6F6E 
 272      6720756E 
 272      7369676E 
 272      65642069 
 273              	.LASF9:
 274 0078 666C6F61 		.ascii	"float\000"
 274      7400
 275              	.LASF19:
 276 007e 474E5520 		.ascii	"GNU C 4.9.3 20150303 (release) [ARM/embedded-4_9-br"
 276      4320342E 
 276      392E3320 
 276      32303135 
 276      30333033 
 277 00b1 616E6368 		.ascii	"anch revision 221220] -mcpu=cortex-m0 -mthumb -g -O"
 277      20726576 
 277      6973696F 
 277      6E203232 
 277      31323230 
 278 00e4 67202D66 		.ascii	"g -ffunction-sections -ffat-lto-objects\000"
 278      66756E63 
 278      74696F6E 
 278      2D736563 
 278      74696F6E 
 279              	.LASF1:
 280 010c 756E7369 		.ascii	"unsigned char\000"
 280      676E6564 
 280      20636861 
 280      7200
 281              	.LASF11:
 282 011a 63686172 		.ascii	"char\000"
 282      00
 283              	.LASF4:
 284 011f 6C6F6E67 		.ascii	"long int\000"
 284      20696E74 
 284      00
 285              	.LASF10:
 286 0128 646F7562 		.ascii	"double\000"
 286      6C6500
 287              	.LASF3:
 288 012f 73686F72 		.ascii	"short unsigned int\000"
 288      7420756E 
 288      7369676E 
 288      65642069 
 288      6E7400
 289              	.LASF0:
 290 0142 7369676E 		.ascii	"signed char\000"
 290      65642063 
 290      68617200 
ARM GAS  C:\Users\JEPPES~1\AppData\Local\Temp\ccPKj4lA.s 			page 7


 291              	.LASF15:
 292 014e 62756646 		.ascii	"bufFlag\000"
 292      6C616700 
 293              	.LASF13:
 294 0156 62756643 		.ascii	"bufCmd\000"
 294      6D6400
 295              	.LASF18:
 296 015d 62616646 		.ascii	"bafFlag\000"
 296      6C616700 
 297              	.LASF2:
 298 0165 73686F72 		.ascii	"short int\000"
 298      7420696E 
 298      7400
 299              	.LASF16:
 300 016f 62616643 		.ascii	"bafCmd\000"
 300      6D6400
 301              	.LASF12:
 302 0176 73697A65 		.ascii	"sizetype\000"
 302      74797065 
 302      00
 303              	.LASF14:
 304 017f 62756656 		.ascii	"bufVal\000"
 304      616C00
 305              		.ident	"GCC: (GNU Tools for ARM Embedded Processors) 4.9.3 20150303 (release) [ARM/embedded-4_9-br
