ARM GAS  C:\Users\JEPPES~1\AppData\Local\Temp\ccmlQeBg.s 			page 1


   1              		.cpu cortex-m0
   2              		.fpu softvfp
   3              		.eabi_attribute 20, 1
   4              		.eabi_attribute 21, 1
   5              		.eabi_attribute 23, 3
   6              		.eabi_attribute 24, 1
   7              		.eabi_attribute 25, 1
   8              		.eabi_attribute 26, 1
   9              		.eabi_attribute 30, 1
  10              		.eabi_attribute 34, 0
  11              		.eabi_attribute 18, 4
  12              		.code	16
  13              		.file	"cyfitter_cfg.c"
  14              		.text
  15              	.Ltext0:
  16              		.cfi_sections	.debug_frame
  17              		.section	.text.CYMEMZERO,"ax",%progbits
  18              		.align	2
  19              		.code	16
  20              		.thumb_func
  21              		.type	CYMEMZERO, %function
  22              	CYMEMZERO:
  23              	.LFB0:
  24              		.file 1 ".\\Generated_Source\\PSoC4\\cyfitter_cfg.c"
   1:.\Generated_Source\PSoC4/cyfitter_cfg.c **** /*******************************************************************************
   2:.\Generated_Source\PSoC4/cyfitter_cfg.c **** * File Name: cyfitter_cfg.c
   3:.\Generated_Source\PSoC4/cyfitter_cfg.c **** * 
   4:.\Generated_Source\PSoC4/cyfitter_cfg.c **** * PSoC Creator  3.3 CP2
   5:.\Generated_Source\PSoC4/cyfitter_cfg.c **** *
   6:.\Generated_Source\PSoC4/cyfitter_cfg.c **** * Description:
   7:.\Generated_Source\PSoC4/cyfitter_cfg.c **** * This file contains device initialization code.
   8:.\Generated_Source\PSoC4/cyfitter_cfg.c **** * Except for the user defined sections in CyClockStartupError(), this file should not be modified.
   9:.\Generated_Source\PSoC4/cyfitter_cfg.c **** * This file is automatically generated by PSoC Creator.
  10:.\Generated_Source\PSoC4/cyfitter_cfg.c **** *
  11:.\Generated_Source\PSoC4/cyfitter_cfg.c **** ********************************************************************************
  12:.\Generated_Source\PSoC4/cyfitter_cfg.c **** * Copyright (c) 2007-2015 Cypress Semiconductor.  All rights reserved.
  13:.\Generated_Source\PSoC4/cyfitter_cfg.c **** * You may use this file only in accordance with the license, terms, conditions, 
  14:.\Generated_Source\PSoC4/cyfitter_cfg.c **** * disclaimers, and limitations in the end user license agreement accompanying 
  15:.\Generated_Source\PSoC4/cyfitter_cfg.c **** * the software package with which this file was provided.
  16:.\Generated_Source\PSoC4/cyfitter_cfg.c **** ********************************************************************************/
  17:.\Generated_Source\PSoC4/cyfitter_cfg.c **** 
  18:.\Generated_Source\PSoC4/cyfitter_cfg.c **** #include <string.h>
  19:.\Generated_Source\PSoC4/cyfitter_cfg.c **** #include "cytypes.h"
  20:.\Generated_Source\PSoC4/cyfitter_cfg.c **** #include "cydevice_trm.h"
  21:.\Generated_Source\PSoC4/cyfitter_cfg.c **** #include "cyfitter.h"
  22:.\Generated_Source\PSoC4/cyfitter_cfg.c **** #include "CyLib.h"
  23:.\Generated_Source\PSoC4/cyfitter_cfg.c **** #include "CyLFClk.h"
  24:.\Generated_Source\PSoC4/cyfitter_cfg.c **** #include "cyfitter_cfg.h"
  25:.\Generated_Source\PSoC4/cyfitter_cfg.c **** 
  26:.\Generated_Source\PSoC4/cyfitter_cfg.c **** 
  27:.\Generated_Source\PSoC4/cyfitter_cfg.c **** #if defined(__GNUC__) || defined(__ARMCC_VERSION)
  28:.\Generated_Source\PSoC4/cyfitter_cfg.c ****     #define CYPACKED 
  29:.\Generated_Source\PSoC4/cyfitter_cfg.c ****     #define CYPACKED_ATTR __attribute__ ((packed))
  30:.\Generated_Source\PSoC4/cyfitter_cfg.c ****     #define CYALIGNED __attribute__ ((aligned))
  31:.\Generated_Source\PSoC4/cyfitter_cfg.c ****     #define CY_CFG_UNUSED __attribute__ ((unused))
  32:.\Generated_Source\PSoC4/cyfitter_cfg.c ****     #ifndef CY_CFG_SECTION
  33:.\Generated_Source\PSoC4/cyfitter_cfg.c ****         #define CY_CFG_SECTION __attribute__ ((section(".psocinit")))
ARM GAS  C:\Users\JEPPES~1\AppData\Local\Temp\ccmlQeBg.s 			page 2


  34:.\Generated_Source\PSoC4/cyfitter_cfg.c ****     #endif
  35:.\Generated_Source\PSoC4/cyfitter_cfg.c ****     
  36:.\Generated_Source\PSoC4/cyfitter_cfg.c ****     #if defined(__ARMCC_VERSION)
  37:.\Generated_Source\PSoC4/cyfitter_cfg.c ****         #define CY_CFG_MEMORY_BARRIER() __memory_changed()
  38:.\Generated_Source\PSoC4/cyfitter_cfg.c ****     #else
  39:.\Generated_Source\PSoC4/cyfitter_cfg.c ****         #define CY_CFG_MEMORY_BARRIER() __sync_synchronize()
  40:.\Generated_Source\PSoC4/cyfitter_cfg.c ****     #endif
  41:.\Generated_Source\PSoC4/cyfitter_cfg.c ****     
  42:.\Generated_Source\PSoC4/cyfitter_cfg.c **** #elif defined(__ICCARM__)
  43:.\Generated_Source\PSoC4/cyfitter_cfg.c ****     #include <intrinsics.h>
  44:.\Generated_Source\PSoC4/cyfitter_cfg.c **** 
  45:.\Generated_Source\PSoC4/cyfitter_cfg.c ****     #define CYPACKED __packed
  46:.\Generated_Source\PSoC4/cyfitter_cfg.c ****     #define CYPACKED_ATTR 
  47:.\Generated_Source\PSoC4/cyfitter_cfg.c ****     #define CYALIGNED _Pragma("data_alignment=4")
  48:.\Generated_Source\PSoC4/cyfitter_cfg.c ****     #define CY_CFG_UNUSED _Pragma("diag_suppress=Pe177")
  49:.\Generated_Source\PSoC4/cyfitter_cfg.c ****     #define CY_CFG_SECTION _Pragma("location=\".psocinit\"")
  50:.\Generated_Source\PSoC4/cyfitter_cfg.c ****     
  51:.\Generated_Source\PSoC4/cyfitter_cfg.c ****     #define CY_CFG_MEMORY_BARRIER() __DMB()
  52:.\Generated_Source\PSoC4/cyfitter_cfg.c ****     
  53:.\Generated_Source\PSoC4/cyfitter_cfg.c **** #else
  54:.\Generated_Source\PSoC4/cyfitter_cfg.c ****     #error Unsupported toolchain
  55:.\Generated_Source\PSoC4/cyfitter_cfg.c **** #endif
  56:.\Generated_Source\PSoC4/cyfitter_cfg.c **** 
  57:.\Generated_Source\PSoC4/cyfitter_cfg.c **** 
  58:.\Generated_Source\PSoC4/cyfitter_cfg.c **** CY_CFG_UNUSED
  59:.\Generated_Source\PSoC4/cyfitter_cfg.c **** static void CYMEMZERO(void *s, size_t n);
  60:.\Generated_Source\PSoC4/cyfitter_cfg.c **** CY_CFG_UNUSED
  61:.\Generated_Source\PSoC4/cyfitter_cfg.c **** static void CYMEMZERO(void *s, size_t n)
  62:.\Generated_Source\PSoC4/cyfitter_cfg.c **** {
  25              		.loc 1 62 0
  26              		.cfi_startproc
  27              	.LVL0:
  28 0000 08B5     		push	{r3, lr}
  29              		.cfi_def_cfa_offset 8
  30              		.cfi_offset 3, -8
  31              		.cfi_offset 14, -4
  32 0002 0A1C     		mov	r2, r1
  63:.\Generated_Source\PSoC4/cyfitter_cfg.c **** 	(void)memset(s, 0, n);
  33              		.loc 1 63 0
  34 0004 0021     		mov	r1, #0
  35              	.LVL1:
  36 0006 FFF7FEFF 		bl	memset
  37              	.LVL2:
  64:.\Generated_Source\PSoC4/cyfitter_cfg.c **** }
  38              		.loc 1 64 0
  39              		@ sp needed
  40 000a 08BD     		pop	{r3, pc}
  41              		.cfi_endproc
  42              	.LFE0:
  43              		.size	CYMEMZERO, .-CYMEMZERO
  44              		.section	.psocinit,"ax",%progbits
  45              		.align	2
  46              		.code	16
  47              		.thumb_func
  48              		.type	ClockSetup, %function
  49              	ClockSetup:
  50              	.LFB3:
ARM GAS  C:\Users\JEPPES~1\AppData\Local\Temp\ccmlQeBg.s 			page 3


  65:.\Generated_Source\PSoC4/cyfitter_cfg.c **** CY_CFG_UNUSED
  66:.\Generated_Source\PSoC4/cyfitter_cfg.c **** static void CYCONFIGCPY(void *dest, const void *src, size_t n);
  67:.\Generated_Source\PSoC4/cyfitter_cfg.c **** CY_CFG_UNUSED
  68:.\Generated_Source\PSoC4/cyfitter_cfg.c **** static void CYCONFIGCPY(void *dest, const void *src, size_t n)
  69:.\Generated_Source\PSoC4/cyfitter_cfg.c **** {
  70:.\Generated_Source\PSoC4/cyfitter_cfg.c **** 	(void)memcpy(dest, src, n);
  71:.\Generated_Source\PSoC4/cyfitter_cfg.c **** }
  72:.\Generated_Source\PSoC4/cyfitter_cfg.c **** CY_CFG_UNUSED
  73:.\Generated_Source\PSoC4/cyfitter_cfg.c **** static void CYCONFIGCPYCODE(void *dest, const void *src, size_t n);
  74:.\Generated_Source\PSoC4/cyfitter_cfg.c **** CY_CFG_UNUSED
  75:.\Generated_Source\PSoC4/cyfitter_cfg.c **** static void CYCONFIGCPYCODE(void *dest, const void *src, size_t n)
  76:.\Generated_Source\PSoC4/cyfitter_cfg.c **** {
  77:.\Generated_Source\PSoC4/cyfitter_cfg.c **** 	(void)memcpy(dest, src, n);
  78:.\Generated_Source\PSoC4/cyfitter_cfg.c **** }
  79:.\Generated_Source\PSoC4/cyfitter_cfg.c **** 
  80:.\Generated_Source\PSoC4/cyfitter_cfg.c **** 
  81:.\Generated_Source\PSoC4/cyfitter_cfg.c **** 
  82:.\Generated_Source\PSoC4/cyfitter_cfg.c **** /* Clock startup error codes                                                   */
  83:.\Generated_Source\PSoC4/cyfitter_cfg.c **** #define CYCLOCKSTART_NO_ERROR    0u
  84:.\Generated_Source\PSoC4/cyfitter_cfg.c **** #define CYCLOCKSTART_XTAL_ERROR  1u
  85:.\Generated_Source\PSoC4/cyfitter_cfg.c **** #define CYCLOCKSTART_32KHZ_ERROR 2u
  86:.\Generated_Source\PSoC4/cyfitter_cfg.c **** #define CYCLOCKSTART_PLL_ERROR   3u
  87:.\Generated_Source\PSoC4/cyfitter_cfg.c **** 
  88:.\Generated_Source\PSoC4/cyfitter_cfg.c **** #ifdef CY_NEED_CYCLOCKSTARTUPERROR
  89:.\Generated_Source\PSoC4/cyfitter_cfg.c **** /*******************************************************************************
  90:.\Generated_Source\PSoC4/cyfitter_cfg.c **** * Function Name: CyClockStartupError
  91:.\Generated_Source\PSoC4/cyfitter_cfg.c **** ********************************************************************************
  92:.\Generated_Source\PSoC4/cyfitter_cfg.c **** * Summary:
  93:.\Generated_Source\PSoC4/cyfitter_cfg.c **** *  If an error is encountered during clock configuration (crystal startup error,
  94:.\Generated_Source\PSoC4/cyfitter_cfg.c **** *  PLL lock error, etc.), the system will end up here.  Unless reimplemented by
  95:.\Generated_Source\PSoC4/cyfitter_cfg.c **** *  the customer, this function will stop in an infinite loop.
  96:.\Generated_Source\PSoC4/cyfitter_cfg.c **** *
  97:.\Generated_Source\PSoC4/cyfitter_cfg.c **** * Parameters:
  98:.\Generated_Source\PSoC4/cyfitter_cfg.c **** *   void
  99:.\Generated_Source\PSoC4/cyfitter_cfg.c **** *
 100:.\Generated_Source\PSoC4/cyfitter_cfg.c **** * Return:
 101:.\Generated_Source\PSoC4/cyfitter_cfg.c **** *   void
 102:.\Generated_Source\PSoC4/cyfitter_cfg.c **** *
 103:.\Generated_Source\PSoC4/cyfitter_cfg.c **** *******************************************************************************/
 104:.\Generated_Source\PSoC4/cyfitter_cfg.c **** CY_CFG_UNUSED
 105:.\Generated_Source\PSoC4/cyfitter_cfg.c **** static void CyClockStartupError(uint8 errorCode);
 106:.\Generated_Source\PSoC4/cyfitter_cfg.c **** CY_CFG_UNUSED
 107:.\Generated_Source\PSoC4/cyfitter_cfg.c **** static void CyClockStartupError(uint8 errorCode)
 108:.\Generated_Source\PSoC4/cyfitter_cfg.c **** {
 109:.\Generated_Source\PSoC4/cyfitter_cfg.c ****     /* To remove the compiler warning if errorCode not used.                */
 110:.\Generated_Source\PSoC4/cyfitter_cfg.c ****     errorCode = errorCode;
 111:.\Generated_Source\PSoC4/cyfitter_cfg.c **** 
 112:.\Generated_Source\PSoC4/cyfitter_cfg.c ****     /* `#START CyClockStartupError` */
 113:.\Generated_Source\PSoC4/cyfitter_cfg.c **** 
 114:.\Generated_Source\PSoC4/cyfitter_cfg.c ****     /* If we have a clock startup error (bad MHz crystal, PLL lock, etc.),  */
 115:.\Generated_Source\PSoC4/cyfitter_cfg.c ****     /* we will end up here to allow the customer to implement something to  */
 116:.\Generated_Source\PSoC4/cyfitter_cfg.c ****     /* deal with the clock condition.                                       */
 117:.\Generated_Source\PSoC4/cyfitter_cfg.c **** 
 118:.\Generated_Source\PSoC4/cyfitter_cfg.c ****     /* `#END` */
 119:.\Generated_Source\PSoC4/cyfitter_cfg.c **** 
 120:.\Generated_Source\PSoC4/cyfitter_cfg.c ****     /* If nothing else, stop here since the clocks have not started         */
 121:.\Generated_Source\PSoC4/cyfitter_cfg.c ****     /* correctly.                                                           */
ARM GAS  C:\Users\JEPPES~1\AppData\Local\Temp\ccmlQeBg.s 			page 4


 122:.\Generated_Source\PSoC4/cyfitter_cfg.c ****     while(1) {}
 123:.\Generated_Source\PSoC4/cyfitter_cfg.c **** }
 124:.\Generated_Source\PSoC4/cyfitter_cfg.c **** #endif
 125:.\Generated_Source\PSoC4/cyfitter_cfg.c **** 
 126:.\Generated_Source\PSoC4/cyfitter_cfg.c **** 
 127:.\Generated_Source\PSoC4/cyfitter_cfg.c **** 
 128:.\Generated_Source\PSoC4/cyfitter_cfg.c **** /*******************************************************************************
 129:.\Generated_Source\PSoC4/cyfitter_cfg.c **** * Function Name: ClockSetup
 130:.\Generated_Source\PSoC4/cyfitter_cfg.c **** ********************************************************************************
 131:.\Generated_Source\PSoC4/cyfitter_cfg.c **** *
 132:.\Generated_Source\PSoC4/cyfitter_cfg.c **** * Summary:
 133:.\Generated_Source\PSoC4/cyfitter_cfg.c **** *   Performs the initialization of all of the clocks in the device based on the
 134:.\Generated_Source\PSoC4/cyfitter_cfg.c **** *   settings in the Clock tab of the DWR.  This includes enabling the requested
 135:.\Generated_Source\PSoC4/cyfitter_cfg.c **** *   clocks and setting the necessary dividers to produce the desired frequency. 
 136:.\Generated_Source\PSoC4/cyfitter_cfg.c **** *
 137:.\Generated_Source\PSoC4/cyfitter_cfg.c **** * Parameters:
 138:.\Generated_Source\PSoC4/cyfitter_cfg.c **** *   void
 139:.\Generated_Source\PSoC4/cyfitter_cfg.c **** *
 140:.\Generated_Source\PSoC4/cyfitter_cfg.c **** * Return:
 141:.\Generated_Source\PSoC4/cyfitter_cfg.c **** *   void
 142:.\Generated_Source\PSoC4/cyfitter_cfg.c **** *
 143:.\Generated_Source\PSoC4/cyfitter_cfg.c **** *******************************************************************************/
 144:.\Generated_Source\PSoC4/cyfitter_cfg.c **** static void ClockSetup(void);
 145:.\Generated_Source\PSoC4/cyfitter_cfg.c **** CY_CFG_SECTION
 146:.\Generated_Source\PSoC4/cyfitter_cfg.c **** static void ClockSetup(void)
 147:.\Generated_Source\PSoC4/cyfitter_cfg.c **** {
  51              		.loc 1 147 0
  52              		.cfi_startproc
  53 0000 38B5     		push	{r3, r4, r5, lr}
  54              		.cfi_def_cfa_offset 16
  55              		.cfi_offset 3, -16
  56              		.cfi_offset 4, -12
  57              		.cfi_offset 5, -8
  58              		.cfi_offset 14, -4
 148:.\Generated_Source\PSoC4/cyfitter_cfg.c **** 	/* Enable HALF_EN before trimming for the flash accelerator. */
 149:.\Generated_Source\PSoC4/cyfitter_cfg.c **** 	CY_SET_REG32((void CYXDATA *)(CYREG_CLK_SELECT), (CY_GET_REG32((void *)CYREG_CLK_SELECT) | 0x00040
  59              		.loc 1 149 0
  60 0002 164C     		ldr	r4, .L3
  61 0004 2368     		ldr	r3, [r4]
  62 0006 8022     		mov	r2, #128
  63 0008 D202     		lsl	r2, r2, #11
  64 000a 1343     		orr	r3, r2
  65 000c 2360     		str	r3, [r4]
 150:.\Generated_Source\PSoC4/cyfitter_cfg.c **** 
 151:.\Generated_Source\PSoC4/cyfitter_cfg.c **** 	/* Setup and trim IMO based on desired frequency. */
 152:.\Generated_Source\PSoC4/cyfitter_cfg.c **** 	CySysClkWriteImoFreq(24u);
  66              		.loc 1 152 0
  67 000e 1820     		mov	r0, #24
  68 0010 FFF7FEFF 		bl	CySysClkWriteImoFreq
  69              	.LVL3:
 153:.\Generated_Source\PSoC4/cyfitter_cfg.c **** 
 154:.\Generated_Source\PSoC4/cyfitter_cfg.c **** 	/* Disable HALF_EN since it is not required at this IMO frequency. */
 155:.\Generated_Source\PSoC4/cyfitter_cfg.c **** 	CY_SET_REG32((void CYXDATA *)(CYREG_CLK_SELECT), (CY_GET_REG32((void *)CYREG_CLK_SELECT) & 0xFFFBF
  70              		.loc 1 155 0
  71 0014 2268     		ldr	r2, [r4]
  72 0016 124B     		ldr	r3, .L3+4
  73 0018 1340     		and	r3, r2
ARM GAS  C:\Users\JEPPES~1\AppData\Local\Temp\ccmlQeBg.s 			page 5


  74 001a 2360     		str	r3, [r4]
 156:.\Generated_Source\PSoC4/cyfitter_cfg.c **** 	/* CYDEV_CLK_ILO_CONFIG Starting address: CYDEV_CLK_ILO_CONFIG */
 157:.\Generated_Source\PSoC4/cyfitter_cfg.c **** 	CY_SET_XTND_REG32((void CYFAR *)(CYREG_CLK_ILO_CONFIG), 0x80000006u);
  75              		.loc 1 157 0
  76 001c 114A     		ldr	r2, .L3+8
  77 001e 124B     		ldr	r3, .L3+12
  78 0020 1A60     		str	r2, [r3]
 158:.\Generated_Source\PSoC4/cyfitter_cfg.c **** 
 159:.\Generated_Source\PSoC4/cyfitter_cfg.c **** 
 160:.\Generated_Source\PSoC4/cyfitter_cfg.c **** 	/* CYDEV_CLK_SELECT00 Starting address: CYDEV_CLK_SELECT00 */
 161:.\Generated_Source\PSoC4/cyfitter_cfg.c **** 	CY_SET_XTND_REG32((void CYFAR *)(CYREG_CLK_SELECT02), 0x00000010u);
  79              		.loc 1 161 0
  80 0022 1022     		mov	r2, #16
  81 0024 114B     		ldr	r3, .L3+16
  82 0026 1A60     		str	r2, [r3]
 162:.\Generated_Source\PSoC4/cyfitter_cfg.c **** 	CY_SET_XTND_REG32((void CYFAR *)(CYREG_CLK_SELECT03), 0x00000020u);
  83              		.loc 1 162 0
  84 0028 1032     		add	r2, r2, #16
  85 002a 114B     		ldr	r3, .L3+20
  86 002c 1A60     		str	r2, [r3]
 163:.\Generated_Source\PSoC4/cyfitter_cfg.c **** 
 164:.\Generated_Source\PSoC4/cyfitter_cfg.c **** 	/* CYDEV_CLK_IMO_CONFIG Starting address: CYDEV_CLK_IMO_CONFIG */
 165:.\Generated_Source\PSoC4/cyfitter_cfg.c **** 	CY_SET_XTND_REG32((void CYFAR *)(CYREG_CLK_IMO_CONFIG), 0x80000000u);
  87              		.loc 1 165 0
  88 002e 8022     		mov	r2, #128
  89 0030 1206     		lsl	r2, r2, #24
  90 0032 104B     		ldr	r3, .L3+24
  91 0034 1A60     		str	r2, [r3]
 166:.\Generated_Source\PSoC4/cyfitter_cfg.c **** 
 167:.\Generated_Source\PSoC4/cyfitter_cfg.c **** 	/* CYDEV_CLK_SELECT Starting address: CYDEV_CLK_SELECT */
 168:.\Generated_Source\PSoC4/cyfitter_cfg.c **** 	CY_SET_XTND_REG32((void CYFAR *)(CYREG_CLK_SELECT), 0x00000000u);
  92              		.loc 1 168 0
  93 0036 0025     		mov	r5, #0
  94 0038 2560     		str	r5, [r4]
 169:.\Generated_Source\PSoC4/cyfitter_cfg.c **** 
 170:.\Generated_Source\PSoC4/cyfitter_cfg.c **** 	/* CYDEV_CLK_DIVIDER_A00 Starting address: CYDEV_CLK_DIVIDER_A00 */
 171:.\Generated_Source\PSoC4/cyfitter_cfg.c **** 	CY_SET_XTND_REG32((void CYFAR *)(CYREG_CLK_DIVIDER_A00), 0x8000000Eu);
  95              		.loc 1 171 0
  96 003a 0F4A     		ldr	r2, .L3+28
  97 003c 0F4B     		ldr	r3, .L3+32
  98 003e 1A60     		str	r2, [r3]
 172:.\Generated_Source\PSoC4/cyfitter_cfg.c **** 
 173:.\Generated_Source\PSoC4/cyfitter_cfg.c **** 	/* CYDEV_CLK_DIVIDER_B00 Starting address: CYDEV_CLK_DIVIDER_B00 */
 174:.\Generated_Source\PSoC4/cyfitter_cfg.c **** 	CY_SET_XTND_REG32((void CYFAR *)(CYREG_CLK_DIVIDER_B00), 0x80000013u);
  99              		.loc 1 174 0
 100 0040 0F4A     		ldr	r2, .L3+36
 101 0042 104B     		ldr	r3, .L3+40
 102 0044 1A60     		str	r2, [r3]
 175:.\Generated_Source\PSoC4/cyfitter_cfg.c **** 
 176:.\Generated_Source\PSoC4/cyfitter_cfg.c **** 	(void)CyIntSetVector(9u, &CySysWdtIsr);
 103              		.loc 1 176 0
 104 0046 0920     		mov	r0, #9
 105 0048 0F49     		ldr	r1, .L3+44
 106 004a FFF7FEFF 		bl	CyIntSetVector
 107              	.LVL4:
 177:.\Generated_Source\PSoC4/cyfitter_cfg.c **** 	CyIntEnable(9u);
 108              		.loc 1 177 0
ARM GAS  C:\Users\JEPPES~1\AppData\Local\Temp\ccmlQeBg.s 			page 6


 109 004e 0920     		mov	r0, #9
 110 0050 FFF7FEFF 		bl	CyIntEnable
 111              	.LVL5:
 178:.\Generated_Source\PSoC4/cyfitter_cfg.c **** 	CY_SET_XTND_REG32((void CYFAR *)(CYREG_WDT_CONFIG), 0x00000000u);
 112              		.loc 1 178 0
 113 0054 0D4B     		ldr	r3, .L3+48
 114 0056 1D60     		str	r5, [r3]
 179:.\Generated_Source\PSoC4/cyfitter_cfg.c **** }
 115              		.loc 1 179 0
 116              		@ sp needed
 117 0058 38BD     		pop	{r3, r4, r5, pc}
 118              	.L4:
 119 005a C046     		.align	2
 120              	.L3:
 121 005c 00010B40 		.word	1074462976
 122 0060 FFFFFBFF 		.word	-262145
 123 0064 06000080 		.word	-2147483642
 124 0068 04010B40 		.word	1074462980
 125 006c 08020240 		.word	1073873416
 126 0070 0C020240 		.word	1073873420
 127 0074 08010B40 		.word	1074462984
 128 0078 0E000080 		.word	-2147483634
 129 007c 00000240 		.word	1073872896
 130 0080 13000080 		.word	-2147483629
 131 0084 40000240 		.word	1073872960
 132 0088 00000000 		.word	CySysWdtIsr
 133 008c 0C020B40 		.word	1074463244
 134              		.cfi_endproc
 135              	.LFE3:
 136              		.size	ClockSetup, .-ClockSetup
 137              		.align	2
 138              		.global	cyfitter_cfg
 139              		.code	16
 140              		.thumb_func
 141              		.type	cyfitter_cfg, %function
 142              	cyfitter_cfg:
 143              	.LFB5:
 180:.\Generated_Source\PSoC4/cyfitter_cfg.c **** 
 181:.\Generated_Source\PSoC4/cyfitter_cfg.c **** 
 182:.\Generated_Source\PSoC4/cyfitter_cfg.c **** /* Analog API Functions */
 183:.\Generated_Source\PSoC4/cyfitter_cfg.c **** 
 184:.\Generated_Source\PSoC4/cyfitter_cfg.c **** 
 185:.\Generated_Source\PSoC4/cyfitter_cfg.c **** /*******************************************************************************
 186:.\Generated_Source\PSoC4/cyfitter_cfg.c **** * Function Name: AnalogSetDefault
 187:.\Generated_Source\PSoC4/cyfitter_cfg.c **** ********************************************************************************
 188:.\Generated_Source\PSoC4/cyfitter_cfg.c **** *
 189:.\Generated_Source\PSoC4/cyfitter_cfg.c **** * Summary:
 190:.\Generated_Source\PSoC4/cyfitter_cfg.c **** *  Sets up the analog portions of the chip to default values based on chip
 191:.\Generated_Source\PSoC4/cyfitter_cfg.c **** *  configuration options from the project.
 192:.\Generated_Source\PSoC4/cyfitter_cfg.c **** *
 193:.\Generated_Source\PSoC4/cyfitter_cfg.c **** * Parameters:
 194:.\Generated_Source\PSoC4/cyfitter_cfg.c **** *  void
 195:.\Generated_Source\PSoC4/cyfitter_cfg.c **** *
 196:.\Generated_Source\PSoC4/cyfitter_cfg.c **** * Return:
 197:.\Generated_Source\PSoC4/cyfitter_cfg.c **** *  void
 198:.\Generated_Source\PSoC4/cyfitter_cfg.c **** *
 199:.\Generated_Source\PSoC4/cyfitter_cfg.c **** *******************************************************************************/
ARM GAS  C:\Users\JEPPES~1\AppData\Local\Temp\ccmlQeBg.s 			page 7


 200:.\Generated_Source\PSoC4/cyfitter_cfg.c **** static void AnalogSetDefault(void);
 201:.\Generated_Source\PSoC4/cyfitter_cfg.c **** static void AnalogSetDefault(void)
 202:.\Generated_Source\PSoC4/cyfitter_cfg.c **** {
 203:.\Generated_Source\PSoC4/cyfitter_cfg.c **** }
 204:.\Generated_Source\PSoC4/cyfitter_cfg.c **** 
 205:.\Generated_Source\PSoC4/cyfitter_cfg.c **** #define CY_AMUX_UNUSED CYREG_CM0_ROM_DWT
 206:.\Generated_Source\PSoC4/cyfitter_cfg.c **** 
 207:.\Generated_Source\PSoC4/cyfitter_cfg.c **** 
 208:.\Generated_Source\PSoC4/cyfitter_cfg.c **** /*******************************************************************************
 209:.\Generated_Source\PSoC4/cyfitter_cfg.c **** * Function Name: cyfitter_cfg
 210:.\Generated_Source\PSoC4/cyfitter_cfg.c **** ********************************************************************************
 211:.\Generated_Source\PSoC4/cyfitter_cfg.c **** * Summary:
 212:.\Generated_Source\PSoC4/cyfitter_cfg.c **** *  This function is called by the start-up code for the selected device. It
 213:.\Generated_Source\PSoC4/cyfitter_cfg.c **** *  performs all of the necessary device configuration based on the design
 214:.\Generated_Source\PSoC4/cyfitter_cfg.c **** *  settings.  This includes settings from the Design Wide Resources (DWR) such
 215:.\Generated_Source\PSoC4/cyfitter_cfg.c **** *  as Clocks and Pins as well as any component configuration that is necessary.
 216:.\Generated_Source\PSoC4/cyfitter_cfg.c **** *
 217:.\Generated_Source\PSoC4/cyfitter_cfg.c **** * Parameters:  
 218:.\Generated_Source\PSoC4/cyfitter_cfg.c **** *   void
 219:.\Generated_Source\PSoC4/cyfitter_cfg.c **** *
 220:.\Generated_Source\PSoC4/cyfitter_cfg.c **** * Return:
 221:.\Generated_Source\PSoC4/cyfitter_cfg.c **** *   void
 222:.\Generated_Source\PSoC4/cyfitter_cfg.c **** *
 223:.\Generated_Source\PSoC4/cyfitter_cfg.c **** *******************************************************************************/
 224:.\Generated_Source\PSoC4/cyfitter_cfg.c **** CY_CFG_SECTION
 225:.\Generated_Source\PSoC4/cyfitter_cfg.c **** void cyfitter_cfg(void)
 226:.\Generated_Source\PSoC4/cyfitter_cfg.c **** {
 144              		.loc 1 226 0
 145              		.cfi_startproc
 146 0090 10B5     		push	{r4, lr}
 147              		.cfi_def_cfa_offset 8
 148              		.cfi_offset 4, -8
 149              		.cfi_offset 14, -4
 227:.\Generated_Source\PSoC4/cyfitter_cfg.c **** 	/* Disable interrupts by default. Let user enable if/when they want. */
 228:.\Generated_Source\PSoC4/cyfitter_cfg.c **** 	CyGlobalIntDisable;
 150              		.loc 1 228 0
 151              	@ 228 ".\Generated_Source\PSoC4\cyfitter_cfg.c" 1
 152 0092 72B6     		CPSID   i
 153              	@ 0 "" 2
 154              	.LVL6:
 155              		.code	16
 156              	.LBB2:
 229:.\Generated_Source\PSoC4/cyfitter_cfg.c **** 
 230:.\Generated_Source\PSoC4/cyfitter_cfg.c **** 	{
 231:.\Generated_Source\PSoC4/cyfitter_cfg.c **** 
 232:.\Generated_Source\PSoC4/cyfitter_cfg.c **** 		CYPACKED typedef struct {
 233:.\Generated_Source\PSoC4/cyfitter_cfg.c **** 			void CYFAR *address;
 234:.\Generated_Source\PSoC4/cyfitter_cfg.c **** 			uint16 size;
 235:.\Generated_Source\PSoC4/cyfitter_cfg.c **** 		} CYPACKED_ATTR cfg_memset_t;
 236:.\Generated_Source\PSoC4/cyfitter_cfg.c **** 
 237:.\Generated_Source\PSoC4/cyfitter_cfg.c **** 		static const cfg_memset_t CYCODE cfg_memset_list [] = {
 238:.\Generated_Source\PSoC4/cyfitter_cfg.c **** 			/* address, size */
 239:.\Generated_Source\PSoC4/cyfitter_cfg.c **** 			{(void CYFAR *)(CYDEV_UDB_P0_U0_BASE), 1024u},
 240:.\Generated_Source\PSoC4/cyfitter_cfg.c **** 			{(void CYFAR *)(CYDEV_UDB_DSI0_BASE), 1024u},
 241:.\Generated_Source\PSoC4/cyfitter_cfg.c **** 		};
 242:.\Generated_Source\PSoC4/cyfitter_cfg.c **** 
 243:.\Generated_Source\PSoC4/cyfitter_cfg.c **** 		uint8 CYDATA i;
ARM GAS  C:\Users\JEPPES~1\AppData\Local\Temp\ccmlQeBg.s 			page 8


 244:.\Generated_Source\PSoC4/cyfitter_cfg.c **** 
 245:.\Generated_Source\PSoC4/cyfitter_cfg.c **** 		/* Zero out critical memory blocks before beginning configuration */
 246:.\Generated_Source\PSoC4/cyfitter_cfg.c **** 		for (i = 0u; i < (sizeof(cfg_memset_list)/sizeof(cfg_memset_list[0])); i++)
 157              		.loc 1 246 0
 158 0094 0024     		mov	r4, #0
 159 0096 10E0     		b	.L6
 160              	.LVL7:
 161              	.L7:
 162              	.LBB3:
 247:.\Generated_Source\PSoC4/cyfitter_cfg.c **** 		{
 248:.\Generated_Source\PSoC4/cyfitter_cfg.c **** 			const cfg_memset_t CYCODE * CYDATA ms = &cfg_memset_list[i];
 249:.\Generated_Source\PSoC4/cyfitter_cfg.c **** 			CYMEMZERO(ms->address, (size_t)(uint32)(ms->size));
 163              		.loc 1 249 0 discriminator 3
 164 0098 2948     		ldr	r0, .L8
 165 009a 6300     		lsl	r3, r4, #1
 166 009c 1A19     		add	r2, r3, r4
 167 009e 5200     		lsl	r2, r2, #1
 168 00a0 8218     		add	r2, r0, r2
 169 00a2 9188     		ldrh	r1, [r2, #4]
 170 00a4 1B19     		add	r3, r3, r4
 171 00a6 5B00     		lsl	r3, r3, #1
 172 00a8 1A5A     		ldrh	r2, [r3, r0]
 173 00aa C318     		add	r3, r0, r3
 174 00ac 5888     		ldrh	r0, [r3, #2]
 175 00ae 0004     		lsl	r0, r0, #16
 176 00b0 1043     		orr	r0, r2
 177 00b2 FFF7FEFF 		bl	CYMEMZERO
 178              	.LVL8:
 179              	.LBE3:
 246:.\Generated_Source\PSoC4/cyfitter_cfg.c **** 		{
 180              		.loc 1 246 0 discriminator 3
 181 00b6 0134     		add	r4, r4, #1
 182              	.LVL9:
 183 00b8 E4B2     		uxtb	r4, r4
 184              	.LVL10:
 185              	.L6:
 246:.\Generated_Source\PSoC4/cyfitter_cfg.c **** 		{
 186              		.loc 1 246 0 is_stmt 0 discriminator 1
 187 00ba 012C     		cmp	r4, #1
 188 00bc ECD9     		bls	.L7
 250:.\Generated_Source\PSoC4/cyfitter_cfg.c **** 		}
 251:.\Generated_Source\PSoC4/cyfitter_cfg.c **** 
 252:.\Generated_Source\PSoC4/cyfitter_cfg.c **** 		/* HSIOM Starting address: CYDEV_HSIOM_BASE */
 253:.\Generated_Source\PSoC4/cyfitter_cfg.c **** 		CY_SET_XTND_REG32((void CYFAR *)(CYDEV_HSIOM_BASE), 0xFF000000u);
 189              		.loc 1 253 0 is_stmt 1
 190 00be FF22     		mov	r2, #255
 191 00c0 1206     		lsl	r2, r2, #24
 192 00c2 204B     		ldr	r3, .L8+4
 193 00c4 1A60     		str	r2, [r3]
 254:.\Generated_Source\PSoC4/cyfitter_cfg.c **** 		CY_SET_XTND_REG32((void CYFAR *)(CYREG_HSIOM_PORT_SEL3), 0x0000EEFFu);
 194              		.loc 1 254 0
 195 00c6 204A     		ldr	r2, .L8+8
 196 00c8 204B     		ldr	r3, .L8+12
 197 00ca 1A60     		str	r2, [r3]
 255:.\Generated_Source\PSoC4/cyfitter_cfg.c **** 		CY_SET_XTND_REG32((void CYFAR *)(CYREG_HSIOM_PORT_SEL4), 0x000000EEu);
 198              		.loc 1 255 0
 199 00cc EE22     		mov	r2, #238
ARM GAS  C:\Users\JEPPES~1\AppData\Local\Temp\ccmlQeBg.s 			page 9


 200 00ce 204B     		ldr	r3, .L8+16
 201 00d0 1A60     		str	r2, [r3]
 256:.\Generated_Source\PSoC4/cyfitter_cfg.c **** 
 257:.\Generated_Source\PSoC4/cyfitter_cfg.c **** 		/* UDB_PA_0 Starting address: CYDEV_UDB_PA0_BASE */
 258:.\Generated_Source\PSoC4/cyfitter_cfg.c **** 		CY_SET_XTND_REG32((void CYFAR *)(CYDEV_UDB_PA0_BASE), 0x00990000u);
 202              		.loc 1 258 0
 203 00d2 9923     		mov	r3, #153
 204 00d4 1B04     		lsl	r3, r3, #16
 205 00d6 1F4A     		ldr	r2, .L8+20
 206 00d8 1360     		str	r3, [r2]
 259:.\Generated_Source\PSoC4/cyfitter_cfg.c **** 
 260:.\Generated_Source\PSoC4/cyfitter_cfg.c **** 		/* UDB_PA_1 Starting address: CYDEV_UDB_PA1_BASE */
 261:.\Generated_Source\PSoC4/cyfitter_cfg.c **** 		CY_SET_XTND_REG32((void CYFAR *)(CYDEV_UDB_PA1_BASE), 0x00990000u);
 207              		.loc 1 261 0
 208 00da 1F4A     		ldr	r2, .L8+24
 209 00dc 1360     		str	r3, [r2]
 262:.\Generated_Source\PSoC4/cyfitter_cfg.c **** 
 263:.\Generated_Source\PSoC4/cyfitter_cfg.c **** 		/* UDB_PA_2 Starting address: CYDEV_UDB_PA2_BASE */
 264:.\Generated_Source\PSoC4/cyfitter_cfg.c **** 		CY_SET_XTND_REG32((void CYFAR *)(CYDEV_UDB_PA2_BASE), 0x00990000u);
 210              		.loc 1 264 0
 211 00de 1F4A     		ldr	r2, .L8+28
 212 00e0 1360     		str	r3, [r2]
 265:.\Generated_Source\PSoC4/cyfitter_cfg.c **** 
 266:.\Generated_Source\PSoC4/cyfitter_cfg.c **** 		/* UDB_PA_3 Starting address: CYDEV_UDB_PA3_BASE */
 267:.\Generated_Source\PSoC4/cyfitter_cfg.c **** 		CY_SET_XTND_REG32((void CYFAR *)(CYDEV_UDB_PA3_BASE), 0x00990000u);
 213              		.loc 1 267 0
 214 00e2 1F4A     		ldr	r2, .L8+32
 215 00e4 1360     		str	r3, [r2]
 268:.\Generated_Source\PSoC4/cyfitter_cfg.c **** 
 269:.\Generated_Source\PSoC4/cyfitter_cfg.c **** 		/* Enable digital routing */
 270:.\Generated_Source\PSoC4/cyfitter_cfg.c **** 		CY_SET_XTND_REG8((void *)CYREG_UDB_UDBIF_BANK_CTL, CY_GET_XTND_REG8((void *)CYREG_UDB_UDBIF_BANK_
 216              		.loc 1 270 0
 217 00e6 1F4B     		ldr	r3, .L8+36
 218 00e8 1978     		ldrb	r1, [r3]
 219 00ea 0220     		mov	r0, #2
 220 00ec 0222     		mov	r2, #2
 221 00ee 0A43     		orr	r2, r1
 222 00f0 1A70     		strb	r2, [r3]
 271:.\Generated_Source\PSoC4/cyfitter_cfg.c **** 
 272:.\Generated_Source\PSoC4/cyfitter_cfg.c **** 		/* Enable UDB array */
 273:.\Generated_Source\PSoC4/cyfitter_cfg.c **** 		CY_SET_XTND_REG8((void *)CYREG_UDB_UDBIF_WAIT_CFG, (uint8)((CY_GET_XTND_REG8((void *)CYREG_UDB_UD
 223              		.loc 1 273 0
 224 00f2 1D4C     		ldr	r4, .L8+40
 225              	.LVL11:
 226 00f4 2278     		ldrb	r2, [r4]
 227 00f6 3C21     		mov	r1, #60
 228 00f8 8A43     		bic	r2, r1
 229 00fa 2839     		sub	r1, r1, #40
 230 00fc 0A43     		orr	r2, r1
 231 00fe 2270     		strb	r2, [r4]
 274:.\Generated_Source\PSoC4/cyfitter_cfg.c **** 		CY_SET_XTND_REG8((void *)CYREG_UDB_UDBIF_BANK_CTL, (uint8)(CY_GET_XTND_REG8((void *)CYREG_UDB_UDB
 232              		.loc 1 274 0
 233 0100 1978     		ldrb	r1, [r3]
 234 0102 1622     		mov	r2, #22
 235 0104 0A43     		orr	r2, r1
 236 0106 1A70     		strb	r2, [r3]
 237              	.LBE2:
ARM GAS  C:\Users\JEPPES~1\AppData\Local\Temp\ccmlQeBg.s 			page 10


 275:.\Generated_Source\PSoC4/cyfitter_cfg.c **** 	}
 276:.\Generated_Source\PSoC4/cyfitter_cfg.c **** 
 277:.\Generated_Source\PSoC4/cyfitter_cfg.c **** 	/* Perform second pass device configuration. These items must be configured in specific order afte
 278:.\Generated_Source\PSoC4/cyfitter_cfg.c **** 	/* IOPINS0_0 Starting address: CYDEV_PRT0_BASE */
 279:.\Generated_Source\PSoC4/cyfitter_cfg.c **** 	CY_SET_XTND_REG32((void CYFAR *)(CYREG_PRT0_PC), 0x00240DB6u);
 238              		.loc 1 279 0
 239 0108 184A     		ldr	r2, .L8+44
 240 010a 194B     		ldr	r3, .L8+48
 241 010c 1A60     		str	r2, [r3]
 280:.\Generated_Source\PSoC4/cyfitter_cfg.c **** 
 281:.\Generated_Source\PSoC4/cyfitter_cfg.c **** 	/* IOPINS0_1 Starting address: CYDEV_PRT1_BASE */
 282:.\Generated_Source\PSoC4/cyfitter_cfg.c **** 	CY_SET_XTND_REG32((void CYFAR *)(CYDEV_PRT1_BASE), 0x00000001u);
 242              		.loc 1 282 0
 243 010e 0122     		mov	r2, #1
 244 0110 184B     		ldr	r3, .L8+52
 245 0112 1A60     		str	r2, [r3]
 283:.\Generated_Source\PSoC4/cyfitter_cfg.c **** 	CY_SET_XTND_REG32((void CYFAR *)(CYREG_PRT1_PC), 0x00180002u);
 246              		.loc 1 283 0
 247 0114 184A     		ldr	r2, .L8+56
 248 0116 194B     		ldr	r3, .L8+60
 249 0118 1A60     		str	r2, [r3]
 284:.\Generated_Source\PSoC4/cyfitter_cfg.c **** 
 285:.\Generated_Source\PSoC4/cyfitter_cfg.c **** 	/* IOPINS0_2 Starting address: CYDEV_PRT2_BASE */
 286:.\Generated_Source\PSoC4/cyfitter_cfg.c **** 	CY_SET_XTND_REG32((void CYFAR *)(CYREG_PRT2_PC), 0x00036DB6u);
 250              		.loc 1 286 0
 251 011a 194A     		ldr	r2, .L8+64
 252 011c 194B     		ldr	r3, .L8+68
 253 011e 1A60     		str	r2, [r3]
 287:.\Generated_Source\PSoC4/cyfitter_cfg.c **** 
 288:.\Generated_Source\PSoC4/cyfitter_cfg.c **** 	/* IOPINS0_3 Starting address: CYDEV_PRT3_BASE */
 289:.\Generated_Source\PSoC4/cyfitter_cfg.c **** 	CY_SET_XTND_REG32((void CYFAR *)(CYDEV_PRT3_BASE), 0x00000002u);
 254              		.loc 1 289 0
 255 0120 194B     		ldr	r3, .L8+72
 256 0122 1860     		str	r0, [r3]
 290:.\Generated_Source\PSoC4/cyfitter_cfg.c **** 	CY_SET_XTND_REG32((void CYFAR *)(CYREG_PRT3_PC), 0x00000DB1u);
 257              		.loc 1 290 0
 258 0124 194A     		ldr	r2, .L8+76
 259 0126 1A4B     		ldr	r3, .L8+80
 260 0128 1A60     		str	r2, [r3]
 291:.\Generated_Source\PSoC4/cyfitter_cfg.c **** 	CY_SET_XTND_REG32((void CYFAR *)(CYREG_PRT3_PC2), 0x00000002u);
 261              		.loc 1 291 0
 262 012a 1A4B     		ldr	r3, .L8+84
 263 012c 1860     		str	r0, [r3]
 292:.\Generated_Source\PSoC4/cyfitter_cfg.c **** 
 293:.\Generated_Source\PSoC4/cyfitter_cfg.c **** 	/* IOPINS0_4 Starting address: CYDEV_PRT4_BASE */
 294:.\Generated_Source\PSoC4/cyfitter_cfg.c **** 	CY_SET_XTND_REG32((void CYFAR *)(CYDEV_PRT4_BASE), 0x00000003u);
 264              		.loc 1 294 0
 265 012e 0322     		mov	r2, #3
 266 0130 194B     		ldr	r3, .L8+88
 267 0132 1A60     		str	r2, [r3]
 295:.\Generated_Source\PSoC4/cyfitter_cfg.c **** 	CY_SET_XTND_REG32((void CYFAR *)(CYREG_PRT4_PC), 0x00000024u);
 268              		.loc 1 295 0
 269 0134 2132     		add	r2, r2, #33
 270 0136 194B     		ldr	r3, .L8+92
 271 0138 1A60     		str	r2, [r3]
 296:.\Generated_Source\PSoC4/cyfitter_cfg.c **** 
 297:.\Generated_Source\PSoC4/cyfitter_cfg.c **** 
ARM GAS  C:\Users\JEPPES~1\AppData\Local\Temp\ccmlQeBg.s 			page 11


 298:.\Generated_Source\PSoC4/cyfitter_cfg.c **** 	/* Setup clocks based on selections from Clock DWR */
 299:.\Generated_Source\PSoC4/cyfitter_cfg.c **** 	ClockSetup();
 272              		.loc 1 299 0
 273 013a FFF761FF 		bl	ClockSetup
 274              	.LVL12:
 300:.\Generated_Source\PSoC4/cyfitter_cfg.c **** 
 301:.\Generated_Source\PSoC4/cyfitter_cfg.c **** 	/* Perform basic analog initialization to defaults */
 302:.\Generated_Source\PSoC4/cyfitter_cfg.c **** 	AnalogSetDefault();
 303:.\Generated_Source\PSoC4/cyfitter_cfg.c **** 
 304:.\Generated_Source\PSoC4/cyfitter_cfg.c **** }
 275              		.loc 1 304 0
 276              		@ sp needed
 277 013e 10BD     		pop	{r4, pc}
 278              	.L9:
 279              		.align	2
 280              	.L8:
 281 0140 00000000 		.word	.LANCHOR0
 282 0144 00000140 		.word	1073807360
 283 0148 FFEE0000 		.word	61183
 284 014c 0C000140 		.word	1073807372
 285 0150 10000140 		.word	1073807376
 286 0154 00500F40 		.word	1074745344
 287 0158 10500F40 		.word	1074745360
 288 015c 20500F40 		.word	1074745376
 289 0160 30500F40 		.word	1074745392
 290 0164 00700F40 		.word	1074753536
 291 0168 01700F40 		.word	1074753537
 292 016c B60D2400 		.word	2362806
 293 0170 08000440 		.word	1074003976
 294 0174 00010440 		.word	1074004224
 295 0178 02001800 		.word	1572866
 296 017c 08010440 		.word	1074004232
 297 0180 B66D0300 		.word	224694
 298 0184 08020440 		.word	1074004488
 299 0188 00030440 		.word	1074004736
 300 018c B10D0000 		.word	3505
 301 0190 08030440 		.word	1074004744
 302 0194 18030440 		.word	1074004760
 303 0198 00040440 		.word	1074004992
 304 019c 08040440 		.word	1074005000
 305              		.cfi_endproc
 306              	.LFE5:
 307              		.size	cyfitter_cfg, .-cyfitter_cfg
 308              		.section	.rodata
 309              		.align	2
 310              		.set	.LANCHOR0,. + 0
 311              		.type	cfg_memset_list.4716, %object
 312              		.size	cfg_memset_list.4716, 12
 313              	cfg_memset_list.4716:
 314 0000 00300F40 		.word	1074737152
 315 0004 0004     		.short	1024
 316 0006 00400F40 		.4byte	1074741248
 317 000a 0004     		.short	1024
 318              		.text
 319              	.Letext0:
 320              		.file 2 "c:\\program files (x86)\\cypress\\psoc creator\\3.3\\psoc creator\\import\\gnu\\arm\\4.9.
 321              		.file 3 ".\\Generated_Source\\PSoC4\\cytypes.h"
ARM GAS  C:\Users\JEPPES~1\AppData\Local\Temp\ccmlQeBg.s 			page 12


 322              		.file 4 ".\\Generated_Source\\PSoC4\\CyLib.h"
 323              		.section	.debug_info,"",%progbits
 324              	.Ldebug_info0:
 325 0000 8F020000 		.4byte	0x28f
 326 0004 0400     		.2byte	0x4
 327 0006 00000000 		.4byte	.Ldebug_abbrev0
 328 000a 04       		.byte	0x4
 329 000b 01       		.uleb128 0x1
 330 000c 72010000 		.4byte	.LASF28
 331 0010 01       		.byte	0x1
 332 0011 2E010000 		.4byte	.LASF29
 333 0015 BF000000 		.4byte	.LASF30
 334 0019 00000000 		.4byte	.Ldebug_ranges0+0
 335 001d 00000000 		.4byte	0
 336 0021 00000000 		.4byte	.Ldebug_line0
 337 0025 02       		.uleb128 0x2
 338 0026 04       		.byte	0x4
 339 0027 05       		.byte	0x5
 340 0028 696E7400 		.ascii	"int\000"
 341 002c 03       		.uleb128 0x3
 342 002d 06000000 		.4byte	.LASF11
 343 0031 02       		.byte	0x2
 344 0032 D4       		.byte	0xd4
 345 0033 37000000 		.4byte	0x37
 346 0037 04       		.uleb128 0x4
 347 0038 04       		.byte	0x4
 348 0039 07       		.byte	0x7
 349 003a B2000000 		.4byte	.LASF0
 350 003e 04       		.uleb128 0x4
 351 003f 01       		.byte	0x1
 352 0040 06       		.byte	0x6
 353 0041 28020000 		.4byte	.LASF1
 354 0045 04       		.uleb128 0x4
 355 0046 01       		.byte	0x1
 356 0047 08       		.byte	0x8
 357 0048 7C000000 		.4byte	.LASF2
 358 004c 04       		.uleb128 0x4
 359 004d 02       		.byte	0x2
 360 004e 05       		.byte	0x5
 361 004f 00020000 		.4byte	.LASF3
 362 0053 04       		.uleb128 0x4
 363 0054 02       		.byte	0x2
 364 0055 07       		.byte	0x7
 365 0056 37000000 		.4byte	.LASF4
 366 005a 04       		.uleb128 0x4
 367 005b 04       		.byte	0x4
 368 005c 05       		.byte	0x5
 369 005d 1F020000 		.4byte	.LASF5
 370 0061 04       		.uleb128 0x4
 371 0062 04       		.byte	0x4
 372 0063 07       		.byte	0x7
 373 0064 5A000000 		.4byte	.LASF6
 374 0068 04       		.uleb128 0x4
 375 0069 08       		.byte	0x8
 376 006a 05       		.byte	0x5
 377 006b 5F010000 		.4byte	.LASF7
 378 006f 04       		.uleb128 0x4
ARM GAS  C:\Users\JEPPES~1\AppData\Local\Temp\ccmlQeBg.s 			page 13


 379 0070 08       		.byte	0x8
 380 0071 07       		.byte	0x7
 381 0072 FD000000 		.4byte	.LASF8
 382 0076 04       		.uleb128 0x4
 383 0077 04       		.byte	0x4
 384 0078 07       		.byte	0x7
 385 0079 56010000 		.4byte	.LASF9
 386 007d 05       		.uleb128 0x5
 387 007e 04       		.byte	0x4
 388 007f 06       		.uleb128 0x6
 389 0080 04       		.byte	0x4
 390 0081 85000000 		.4byte	0x85
 391 0085 07       		.uleb128 0x7
 392 0086 04       		.uleb128 0x4
 393 0087 01       		.byte	0x1
 394 0088 08       		.byte	0x8
 395 0089 6D010000 		.4byte	.LASF10
 396 008d 08       		.uleb128 0x8
 397 008e 6C000000 		.4byte	.LASF12
 398 0092 03       		.byte	0x3
 399 0093 3801     		.2byte	0x138
 400 0095 45000000 		.4byte	0x45
 401 0099 08       		.uleb128 0x8
 402 009a A4000000 		.4byte	.LASF13
 403 009e 03       		.byte	0x3
 404 009f 3901     		.2byte	0x139
 405 00a1 53000000 		.4byte	0x53
 406 00a5 08       		.uleb128 0x8
 407 00a6 AB000000 		.4byte	.LASF14
 408 00aa 03       		.byte	0x3
 409 00ab 3A01     		.2byte	0x13a
 410 00ad 61000000 		.4byte	0x61
 411 00b1 04       		.uleb128 0x4
 412 00b2 04       		.byte	0x4
 413 00b3 04       		.byte	0x4
 414 00b4 4A000000 		.4byte	.LASF15
 415 00b8 04       		.uleb128 0x4
 416 00b9 08       		.byte	0x8
 417 00ba 04       		.byte	0x4
 418 00bb 91000000 		.4byte	.LASF16
 419 00bf 08       		.uleb128 0x8
 420 00c0 55000000 		.4byte	.LASF17
 421 00c4 03       		.byte	0x3
 422 00c5 E201     		.2byte	0x1e2
 423 00c7 CB000000 		.4byte	0xcb
 424 00cb 09       		.uleb128 0x9
 425 00cc 8D000000 		.4byte	0x8d
 426 00d0 08       		.uleb128 0x8
 427 00d1 00000000 		.4byte	.LASF18
 428 00d5 03       		.byte	0x3
 429 00d6 E401     		.2byte	0x1e4
 430 00d8 DC000000 		.4byte	0xdc
 431 00dc 09       		.uleb128 0x9
 432 00dd A5000000 		.4byte	0xa5
 433 00e1 08       		.uleb128 0x8
 434 00e2 14010000 		.4byte	.LASF19
 435 00e6 03       		.byte	0x3
ARM GAS  C:\Users\JEPPES~1\AppData\Local\Temp\ccmlQeBg.s 			page 14


 436 00e7 F401     		.2byte	0x1f4
 437 00e9 7F000000 		.4byte	0x7f
 438 00ed 0A       		.uleb128 0xa
 439 00ee 72000000 		.4byte	.LASF20
 440 00f2 01       		.byte	0x1
 441 00f3 3D       		.byte	0x3d
 442 00f4 00000000 		.4byte	.LFB0
 443 00f8 0C000000 		.4byte	.LFE0-.LFB0
 444 00fc 01       		.uleb128 0x1
 445 00fd 9C       		.byte	0x9c
 446 00fe 3A010000 		.4byte	0x13a
 447 0102 0B       		.uleb128 0xb
 448 0103 7300     		.ascii	"s\000"
 449 0105 01       		.byte	0x1
 450 0106 3D       		.byte	0x3d
 451 0107 7D000000 		.4byte	0x7d
 452 010b 00000000 		.4byte	.LLST0
 453 010f 0B       		.uleb128 0xb
 454 0110 6E00     		.ascii	"n\000"
 455 0112 01       		.byte	0x1
 456 0113 3D       		.byte	0x3d
 457 0114 2C000000 		.4byte	0x2c
 458 0118 21000000 		.4byte	.LLST1
 459 011c 0C       		.uleb128 0xc
 460 011d 0A000000 		.4byte	.LVL2
 461 0121 3D020000 		.4byte	0x23d
 462 0125 0D       		.uleb128 0xd
 463 0126 01       		.uleb128 0x1
 464 0127 52       		.byte	0x52
 465 0128 03       		.uleb128 0x3
 466 0129 F3       		.byte	0xf3
 467 012a 01       		.uleb128 0x1
 468 012b 51       		.byte	0x51
 469 012c 0D       		.uleb128 0xd
 470 012d 01       		.uleb128 0x1
 471 012e 51       		.byte	0x51
 472 012f 01       		.uleb128 0x1
 473 0130 30       		.byte	0x30
 474 0131 0D       		.uleb128 0xd
 475 0132 01       		.uleb128 0x1
 476 0133 50       		.byte	0x50
 477 0134 03       		.uleb128 0x3
 478 0135 F3       		.byte	0xf3
 479 0136 01       		.uleb128 0x1
 480 0137 50       		.byte	0x50
 481 0138 00       		.byte	0
 482 0139 00       		.byte	0
 483 013a 0A       		.uleb128 0xa
 484 013b 2C000000 		.4byte	.LASF21
 485 013f 01       		.byte	0x1
 486 0140 92       		.byte	0x92
 487 0141 00000000 		.4byte	.LFB3
 488 0145 90000000 		.4byte	.LFE3-.LFB3
 489 0149 01       		.uleb128 0x1
 490 014a 9C       		.byte	0x9c
 491 014b 85010000 		.4byte	0x185
 492 014f 0E       		.uleb128 0xe
ARM GAS  C:\Users\JEPPES~1\AppData\Local\Temp\ccmlQeBg.s 			page 15


 493 0150 14000000 		.4byte	.LVL3
 494 0154 5A020000 		.4byte	0x25a
 495 0158 62010000 		.4byte	0x162
 496 015c 0D       		.uleb128 0xd
 497 015d 01       		.uleb128 0x1
 498 015e 50       		.byte	0x50
 499 015f 01       		.uleb128 0x1
 500 0160 48       		.byte	0x48
 501 0161 00       		.byte	0
 502 0162 0E       		.uleb128 0xe
 503 0163 4E000000 		.4byte	.LVL4
 504 0167 6B020000 		.4byte	0x26b
 505 016b 75010000 		.4byte	0x175
 506 016f 0D       		.uleb128 0xd
 507 0170 01       		.uleb128 0x1
 508 0171 50       		.byte	0x50
 509 0172 01       		.uleb128 0x1
 510 0173 39       		.byte	0x39
 511 0174 00       		.byte	0
 512 0175 0C       		.uleb128 0xc
 513 0176 54000000 		.4byte	.LVL5
 514 017a 85020000 		.4byte	0x285
 515 017e 0D       		.uleb128 0xd
 516 017f 01       		.uleb128 0x1
 517 0180 50       		.byte	0x50
 518 0181 01       		.uleb128 0x1
 519 0182 39       		.byte	0x39
 520 0183 00       		.byte	0
 521 0184 00       		.byte	0
 522 0185 0F       		.uleb128 0xf
 523 0186 E8000000 		.4byte	.LASF31
 524 018a 01       		.byte	0x1
 525 018b E1       		.byte	0xe1
 526 018c 90000000 		.4byte	.LFB5
 527 0190 10010000 		.4byte	.LFE5-.LFB5
 528 0194 01       		.uleb128 0x1
 529 0195 9C       		.byte	0x9c
 530 0196 3D020000 		.4byte	0x23d
 531 019a 10       		.uleb128 0x10
 532 019b 94000000 		.4byte	.LBB2
 533 019f 74000000 		.4byte	.LBE2-.LBB2
 534 01a3 33020000 		.4byte	0x233
 535 01a7 11       		.uleb128 0x11
 536 01a8 06       		.byte	0x6
 537 01a9 01       		.byte	0x1
 538 01aa E8       		.byte	0xe8
 539 01ab C8010000 		.4byte	0x1c8
 540 01af 12       		.uleb128 0x12
 541 01b0 F5000000 		.4byte	.LASF22
 542 01b4 01       		.byte	0x1
 543 01b5 E9       		.byte	0xe9
 544 01b6 7D000000 		.4byte	0x7d
 545 01ba 00       		.byte	0
 546 01bb 12       		.uleb128 0x12
 547 01bc 50000000 		.4byte	.LASF23
 548 01c0 01       		.byte	0x1
 549 01c1 EA       		.byte	0xea
ARM GAS  C:\Users\JEPPES~1\AppData\Local\Temp\ccmlQeBg.s 			page 16


 550 01c2 99000000 		.4byte	0x99
 551 01c6 04       		.byte	0x4
 552 01c7 00       		.byte	0
 553 01c8 03       		.uleb128 0x3
 554 01c9 21010000 		.4byte	.LASF24
 555 01cd 01       		.byte	0x1
 556 01ce EB       		.byte	0xeb
 557 01cf A7010000 		.4byte	0x1a7
 558 01d3 13       		.uleb128 0x13
 559 01d4 C8010000 		.4byte	0x1c8
 560 01d8 E3010000 		.4byte	0x1e3
 561 01dc 14       		.uleb128 0x14
 562 01dd 76000000 		.4byte	0x76
 563 01e1 01       		.byte	0x1
 564 01e2 00       		.byte	0
 565 01e3 15       		.uleb128 0x15
 566 01e4 1C000000 		.4byte	.LASF25
 567 01e8 01       		.byte	0x1
 568 01e9 ED       		.byte	0xed
 569 01ea F4010000 		.4byte	0x1f4
 570 01ee 05       		.uleb128 0x5
 571 01ef 03       		.byte	0x3
 572 01f0 00000000 		.4byte	cfg_memset_list.4716
 573 01f4 16       		.uleb128 0x16
 574 01f5 D3010000 		.4byte	0x1d3
 575 01f9 17       		.uleb128 0x17
 576 01fa 6900     		.ascii	"i\000"
 577 01fc 01       		.byte	0x1
 578 01fd F3       		.byte	0xf3
 579 01fe 8D000000 		.4byte	0x8d
 580 0202 4D000000 		.4byte	.LLST2
 581 0206 18       		.uleb128 0x18
 582 0207 98000000 		.4byte	.LBB3
 583 020b 1E000000 		.4byte	.LBE3-.LBB3
 584 020f 17       		.uleb128 0x17
 585 0210 6D7300   		.ascii	"ms\000"
 586 0213 01       		.byte	0x1
 587 0214 F8       		.byte	0xf8
 588 0215 1D020000 		.4byte	0x21d
 589 0219 77000000 		.4byte	.LLST3
 590 021d 06       		.uleb128 0x6
 591 021e 04       		.byte	0x4
 592 021f 23020000 		.4byte	0x223
 593 0223 16       		.uleb128 0x16
 594 0224 C8010000 		.4byte	0x1c8
 595 0228 19       		.uleb128 0x19
 596 0229 B6000000 		.4byte	.LVL8
 597 022d ED000000 		.4byte	0xed
 598 0231 00       		.byte	0
 599 0232 00       		.byte	0
 600 0233 19       		.uleb128 0x19
 601 0234 3E010000 		.4byte	.LVL12
 602 0238 3A010000 		.4byte	0x13a
 603 023c 00       		.byte	0
 604 023d 1A       		.uleb128 0x1a
 605 023e 8A000000 		.4byte	.LASF26
 606 0242 7D000000 		.4byte	0x7d
ARM GAS  C:\Users\JEPPES~1\AppData\Local\Temp\ccmlQeBg.s 			page 17


 607 0246 5A020000 		.4byte	0x25a
 608 024a 1B       		.uleb128 0x1b
 609 024b 7D000000 		.4byte	0x7d
 610 024f 1B       		.uleb128 0x1b
 611 0250 25000000 		.4byte	0x25
 612 0254 1B       		.uleb128 0x1b
 613 0255 76000000 		.4byte	0x76
 614 0259 00       		.byte	0
 615 025a 1C       		.uleb128 0x1c
 616 025b 0A020000 		.4byte	.LASF27
 617 025f 04       		.byte	0x4
 618 0260 38       		.byte	0x38
 619 0261 6B020000 		.4byte	0x26b
 620 0265 1B       		.uleb128 0x1b
 621 0266 A5000000 		.4byte	0xa5
 622 026a 00       		.byte	0
 623 026b 1D       		.uleb128 0x1d
 624 026c 0D000000 		.4byte	.LASF32
 625 0270 04       		.byte	0x4
 626 0271 49       		.byte	0x49
 627 0272 E1000000 		.4byte	0xe1
 628 0276 85020000 		.4byte	0x285
 629 027a 1B       		.uleb128 0x1b
 630 027b 8D000000 		.4byte	0x8d
 631 027f 1B       		.uleb128 0x1b
 632 0280 E1000000 		.4byte	0xe1
 633 0284 00       		.byte	0
 634 0285 1E       		.uleb128 0x1e
 635 0286 98000000 		.4byte	.LASF33
 636 028a 04       		.byte	0x4
 637 028b 4F       		.byte	0x4f
 638 028c 1B       		.uleb128 0x1b
 639 028d 8D000000 		.4byte	0x8d
 640 0291 00       		.byte	0
 641 0292 00       		.byte	0
 642              		.section	.debug_abbrev,"",%progbits
 643              	.Ldebug_abbrev0:
 644 0000 01       		.uleb128 0x1
 645 0001 11       		.uleb128 0x11
 646 0002 01       		.byte	0x1
 647 0003 25       		.uleb128 0x25
 648 0004 0E       		.uleb128 0xe
 649 0005 13       		.uleb128 0x13
 650 0006 0B       		.uleb128 0xb
 651 0007 03       		.uleb128 0x3
 652 0008 0E       		.uleb128 0xe
 653 0009 1B       		.uleb128 0x1b
 654 000a 0E       		.uleb128 0xe
 655 000b 55       		.uleb128 0x55
 656 000c 17       		.uleb128 0x17
 657 000d 11       		.uleb128 0x11
 658 000e 01       		.uleb128 0x1
 659 000f 10       		.uleb128 0x10
 660 0010 17       		.uleb128 0x17
 661 0011 00       		.byte	0
 662 0012 00       		.byte	0
 663 0013 02       		.uleb128 0x2
ARM GAS  C:\Users\JEPPES~1\AppData\Local\Temp\ccmlQeBg.s 			page 18


 664 0014 24       		.uleb128 0x24
 665 0015 00       		.byte	0
 666 0016 0B       		.uleb128 0xb
 667 0017 0B       		.uleb128 0xb
 668 0018 3E       		.uleb128 0x3e
 669 0019 0B       		.uleb128 0xb
 670 001a 03       		.uleb128 0x3
 671 001b 08       		.uleb128 0x8
 672 001c 00       		.byte	0
 673 001d 00       		.byte	0
 674 001e 03       		.uleb128 0x3
 675 001f 16       		.uleb128 0x16
 676 0020 00       		.byte	0
 677 0021 03       		.uleb128 0x3
 678 0022 0E       		.uleb128 0xe
 679 0023 3A       		.uleb128 0x3a
 680 0024 0B       		.uleb128 0xb
 681 0025 3B       		.uleb128 0x3b
 682 0026 0B       		.uleb128 0xb
 683 0027 49       		.uleb128 0x49
 684 0028 13       		.uleb128 0x13
 685 0029 00       		.byte	0
 686 002a 00       		.byte	0
 687 002b 04       		.uleb128 0x4
 688 002c 24       		.uleb128 0x24
 689 002d 00       		.byte	0
 690 002e 0B       		.uleb128 0xb
 691 002f 0B       		.uleb128 0xb
 692 0030 3E       		.uleb128 0x3e
 693 0031 0B       		.uleb128 0xb
 694 0032 03       		.uleb128 0x3
 695 0033 0E       		.uleb128 0xe
 696 0034 00       		.byte	0
 697 0035 00       		.byte	0
 698 0036 05       		.uleb128 0x5
 699 0037 0F       		.uleb128 0xf
 700 0038 00       		.byte	0
 701 0039 0B       		.uleb128 0xb
 702 003a 0B       		.uleb128 0xb
 703 003b 00       		.byte	0
 704 003c 00       		.byte	0
 705 003d 06       		.uleb128 0x6
 706 003e 0F       		.uleb128 0xf
 707 003f 00       		.byte	0
 708 0040 0B       		.uleb128 0xb
 709 0041 0B       		.uleb128 0xb
 710 0042 49       		.uleb128 0x49
 711 0043 13       		.uleb128 0x13
 712 0044 00       		.byte	0
 713 0045 00       		.byte	0
 714 0046 07       		.uleb128 0x7
 715 0047 15       		.uleb128 0x15
 716 0048 00       		.byte	0
 717 0049 27       		.uleb128 0x27
 718 004a 19       		.uleb128 0x19
 719 004b 00       		.byte	0
 720 004c 00       		.byte	0
ARM GAS  C:\Users\JEPPES~1\AppData\Local\Temp\ccmlQeBg.s 			page 19


 721 004d 08       		.uleb128 0x8
 722 004e 16       		.uleb128 0x16
 723 004f 00       		.byte	0
 724 0050 03       		.uleb128 0x3
 725 0051 0E       		.uleb128 0xe
 726 0052 3A       		.uleb128 0x3a
 727 0053 0B       		.uleb128 0xb
 728 0054 3B       		.uleb128 0x3b
 729 0055 05       		.uleb128 0x5
 730 0056 49       		.uleb128 0x49
 731 0057 13       		.uleb128 0x13
 732 0058 00       		.byte	0
 733 0059 00       		.byte	0
 734 005a 09       		.uleb128 0x9
 735 005b 35       		.uleb128 0x35
 736 005c 00       		.byte	0
 737 005d 49       		.uleb128 0x49
 738 005e 13       		.uleb128 0x13
 739 005f 00       		.byte	0
 740 0060 00       		.byte	0
 741 0061 0A       		.uleb128 0xa
 742 0062 2E       		.uleb128 0x2e
 743 0063 01       		.byte	0x1
 744 0064 03       		.uleb128 0x3
 745 0065 0E       		.uleb128 0xe
 746 0066 3A       		.uleb128 0x3a
 747 0067 0B       		.uleb128 0xb
 748 0068 3B       		.uleb128 0x3b
 749 0069 0B       		.uleb128 0xb
 750 006a 27       		.uleb128 0x27
 751 006b 19       		.uleb128 0x19
 752 006c 11       		.uleb128 0x11
 753 006d 01       		.uleb128 0x1
 754 006e 12       		.uleb128 0x12
 755 006f 06       		.uleb128 0x6
 756 0070 40       		.uleb128 0x40
 757 0071 18       		.uleb128 0x18
 758 0072 9742     		.uleb128 0x2117
 759 0074 19       		.uleb128 0x19
 760 0075 01       		.uleb128 0x1
 761 0076 13       		.uleb128 0x13
 762 0077 00       		.byte	0
 763 0078 00       		.byte	0
 764 0079 0B       		.uleb128 0xb
 765 007a 05       		.uleb128 0x5
 766 007b 00       		.byte	0
 767 007c 03       		.uleb128 0x3
 768 007d 08       		.uleb128 0x8
 769 007e 3A       		.uleb128 0x3a
 770 007f 0B       		.uleb128 0xb
 771 0080 3B       		.uleb128 0x3b
 772 0081 0B       		.uleb128 0xb
 773 0082 49       		.uleb128 0x49
 774 0083 13       		.uleb128 0x13
 775 0084 02       		.uleb128 0x2
 776 0085 17       		.uleb128 0x17
 777 0086 00       		.byte	0
ARM GAS  C:\Users\JEPPES~1\AppData\Local\Temp\ccmlQeBg.s 			page 20


 778 0087 00       		.byte	0
 779 0088 0C       		.uleb128 0xc
 780 0089 898201   		.uleb128 0x4109
 781 008c 01       		.byte	0x1
 782 008d 11       		.uleb128 0x11
 783 008e 01       		.uleb128 0x1
 784 008f 31       		.uleb128 0x31
 785 0090 13       		.uleb128 0x13
 786 0091 00       		.byte	0
 787 0092 00       		.byte	0
 788 0093 0D       		.uleb128 0xd
 789 0094 8A8201   		.uleb128 0x410a
 790 0097 00       		.byte	0
 791 0098 02       		.uleb128 0x2
 792 0099 18       		.uleb128 0x18
 793 009a 9142     		.uleb128 0x2111
 794 009c 18       		.uleb128 0x18
 795 009d 00       		.byte	0
 796 009e 00       		.byte	0
 797 009f 0E       		.uleb128 0xe
 798 00a0 898201   		.uleb128 0x4109
 799 00a3 01       		.byte	0x1
 800 00a4 11       		.uleb128 0x11
 801 00a5 01       		.uleb128 0x1
 802 00a6 31       		.uleb128 0x31
 803 00a7 13       		.uleb128 0x13
 804 00a8 01       		.uleb128 0x1
 805 00a9 13       		.uleb128 0x13
 806 00aa 00       		.byte	0
 807 00ab 00       		.byte	0
 808 00ac 0F       		.uleb128 0xf
 809 00ad 2E       		.uleb128 0x2e
 810 00ae 01       		.byte	0x1
 811 00af 3F       		.uleb128 0x3f
 812 00b0 19       		.uleb128 0x19
 813 00b1 03       		.uleb128 0x3
 814 00b2 0E       		.uleb128 0xe
 815 00b3 3A       		.uleb128 0x3a
 816 00b4 0B       		.uleb128 0xb
 817 00b5 3B       		.uleb128 0x3b
 818 00b6 0B       		.uleb128 0xb
 819 00b7 27       		.uleb128 0x27
 820 00b8 19       		.uleb128 0x19
 821 00b9 11       		.uleb128 0x11
 822 00ba 01       		.uleb128 0x1
 823 00bb 12       		.uleb128 0x12
 824 00bc 06       		.uleb128 0x6
 825 00bd 40       		.uleb128 0x40
 826 00be 18       		.uleb128 0x18
 827 00bf 9742     		.uleb128 0x2117
 828 00c1 19       		.uleb128 0x19
 829 00c2 01       		.uleb128 0x1
 830 00c3 13       		.uleb128 0x13
 831 00c4 00       		.byte	0
 832 00c5 00       		.byte	0
 833 00c6 10       		.uleb128 0x10
 834 00c7 0B       		.uleb128 0xb
ARM GAS  C:\Users\JEPPES~1\AppData\Local\Temp\ccmlQeBg.s 			page 21


 835 00c8 01       		.byte	0x1
 836 00c9 11       		.uleb128 0x11
 837 00ca 01       		.uleb128 0x1
 838 00cb 12       		.uleb128 0x12
 839 00cc 06       		.uleb128 0x6
 840 00cd 01       		.uleb128 0x1
 841 00ce 13       		.uleb128 0x13
 842 00cf 00       		.byte	0
 843 00d0 00       		.byte	0
 844 00d1 11       		.uleb128 0x11
 845 00d2 13       		.uleb128 0x13
 846 00d3 01       		.byte	0x1
 847 00d4 0B       		.uleb128 0xb
 848 00d5 0B       		.uleb128 0xb
 849 00d6 3A       		.uleb128 0x3a
 850 00d7 0B       		.uleb128 0xb
 851 00d8 3B       		.uleb128 0x3b
 852 00d9 0B       		.uleb128 0xb
 853 00da 01       		.uleb128 0x1
 854 00db 13       		.uleb128 0x13
 855 00dc 00       		.byte	0
 856 00dd 00       		.byte	0
 857 00de 12       		.uleb128 0x12
 858 00df 0D       		.uleb128 0xd
 859 00e0 00       		.byte	0
 860 00e1 03       		.uleb128 0x3
 861 00e2 0E       		.uleb128 0xe
 862 00e3 3A       		.uleb128 0x3a
 863 00e4 0B       		.uleb128 0xb
 864 00e5 3B       		.uleb128 0x3b
 865 00e6 0B       		.uleb128 0xb
 866 00e7 49       		.uleb128 0x49
 867 00e8 13       		.uleb128 0x13
 868 00e9 38       		.uleb128 0x38
 869 00ea 0B       		.uleb128 0xb
 870 00eb 00       		.byte	0
 871 00ec 00       		.byte	0
 872 00ed 13       		.uleb128 0x13
 873 00ee 01       		.uleb128 0x1
 874 00ef 01       		.byte	0x1
 875 00f0 49       		.uleb128 0x49
 876 00f1 13       		.uleb128 0x13
 877 00f2 01       		.uleb128 0x1
 878 00f3 13       		.uleb128 0x13
 879 00f4 00       		.byte	0
 880 00f5 00       		.byte	0
 881 00f6 14       		.uleb128 0x14
 882 00f7 21       		.uleb128 0x21
 883 00f8 00       		.byte	0
 884 00f9 49       		.uleb128 0x49
 885 00fa 13       		.uleb128 0x13
 886 00fb 2F       		.uleb128 0x2f
 887 00fc 0B       		.uleb128 0xb
 888 00fd 00       		.byte	0
 889 00fe 00       		.byte	0
 890 00ff 15       		.uleb128 0x15
 891 0100 34       		.uleb128 0x34
ARM GAS  C:\Users\JEPPES~1\AppData\Local\Temp\ccmlQeBg.s 			page 22


 892 0101 00       		.byte	0
 893 0102 03       		.uleb128 0x3
 894 0103 0E       		.uleb128 0xe
 895 0104 3A       		.uleb128 0x3a
 896 0105 0B       		.uleb128 0xb
 897 0106 3B       		.uleb128 0x3b
 898 0107 0B       		.uleb128 0xb
 899 0108 49       		.uleb128 0x49
 900 0109 13       		.uleb128 0x13
 901 010a 02       		.uleb128 0x2
 902 010b 18       		.uleb128 0x18
 903 010c 00       		.byte	0
 904 010d 00       		.byte	0
 905 010e 16       		.uleb128 0x16
 906 010f 26       		.uleb128 0x26
 907 0110 00       		.byte	0
 908 0111 49       		.uleb128 0x49
 909 0112 13       		.uleb128 0x13
 910 0113 00       		.byte	0
 911 0114 00       		.byte	0
 912 0115 17       		.uleb128 0x17
 913 0116 34       		.uleb128 0x34
 914 0117 00       		.byte	0
 915 0118 03       		.uleb128 0x3
 916 0119 08       		.uleb128 0x8
 917 011a 3A       		.uleb128 0x3a
 918 011b 0B       		.uleb128 0xb
 919 011c 3B       		.uleb128 0x3b
 920 011d 0B       		.uleb128 0xb
 921 011e 49       		.uleb128 0x49
 922 011f 13       		.uleb128 0x13
 923 0120 02       		.uleb128 0x2
 924 0121 17       		.uleb128 0x17
 925 0122 00       		.byte	0
 926 0123 00       		.byte	0
 927 0124 18       		.uleb128 0x18
 928 0125 0B       		.uleb128 0xb
 929 0126 01       		.byte	0x1
 930 0127 11       		.uleb128 0x11
 931 0128 01       		.uleb128 0x1
 932 0129 12       		.uleb128 0x12
 933 012a 06       		.uleb128 0x6
 934 012b 00       		.byte	0
 935 012c 00       		.byte	0
 936 012d 19       		.uleb128 0x19
 937 012e 898201   		.uleb128 0x4109
 938 0131 00       		.byte	0
 939 0132 11       		.uleb128 0x11
 940 0133 01       		.uleb128 0x1
 941 0134 31       		.uleb128 0x31
 942 0135 13       		.uleb128 0x13
 943 0136 00       		.byte	0
 944 0137 00       		.byte	0
 945 0138 1A       		.uleb128 0x1a
 946 0139 2E       		.uleb128 0x2e
 947 013a 01       		.byte	0x1
 948 013b 3F       		.uleb128 0x3f
ARM GAS  C:\Users\JEPPES~1\AppData\Local\Temp\ccmlQeBg.s 			page 23


 949 013c 19       		.uleb128 0x19
 950 013d 03       		.uleb128 0x3
 951 013e 0E       		.uleb128 0xe
 952 013f 27       		.uleb128 0x27
 953 0140 19       		.uleb128 0x19
 954 0141 49       		.uleb128 0x49
 955 0142 13       		.uleb128 0x13
 956 0143 34       		.uleb128 0x34
 957 0144 19       		.uleb128 0x19
 958 0145 3C       		.uleb128 0x3c
 959 0146 19       		.uleb128 0x19
 960 0147 01       		.uleb128 0x1
 961 0148 13       		.uleb128 0x13
 962 0149 00       		.byte	0
 963 014a 00       		.byte	0
 964 014b 1B       		.uleb128 0x1b
 965 014c 05       		.uleb128 0x5
 966 014d 00       		.byte	0
 967 014e 49       		.uleb128 0x49
 968 014f 13       		.uleb128 0x13
 969 0150 00       		.byte	0
 970 0151 00       		.byte	0
 971 0152 1C       		.uleb128 0x1c
 972 0153 2E       		.uleb128 0x2e
 973 0154 01       		.byte	0x1
 974 0155 3F       		.uleb128 0x3f
 975 0156 19       		.uleb128 0x19
 976 0157 03       		.uleb128 0x3
 977 0158 0E       		.uleb128 0xe
 978 0159 3A       		.uleb128 0x3a
 979 015a 0B       		.uleb128 0xb
 980 015b 3B       		.uleb128 0x3b
 981 015c 0B       		.uleb128 0xb
 982 015d 27       		.uleb128 0x27
 983 015e 19       		.uleb128 0x19
 984 015f 3C       		.uleb128 0x3c
 985 0160 19       		.uleb128 0x19
 986 0161 01       		.uleb128 0x1
 987 0162 13       		.uleb128 0x13
 988 0163 00       		.byte	0
 989 0164 00       		.byte	0
 990 0165 1D       		.uleb128 0x1d
 991 0166 2E       		.uleb128 0x2e
 992 0167 01       		.byte	0x1
 993 0168 3F       		.uleb128 0x3f
 994 0169 19       		.uleb128 0x19
 995 016a 03       		.uleb128 0x3
 996 016b 0E       		.uleb128 0xe
 997 016c 3A       		.uleb128 0x3a
 998 016d 0B       		.uleb128 0xb
 999 016e 3B       		.uleb128 0x3b
 1000 016f 0B       		.uleb128 0xb
 1001 0170 27       		.uleb128 0x27
 1002 0171 19       		.uleb128 0x19
 1003 0172 49       		.uleb128 0x49
 1004 0173 13       		.uleb128 0x13
 1005 0174 3C       		.uleb128 0x3c
ARM GAS  C:\Users\JEPPES~1\AppData\Local\Temp\ccmlQeBg.s 			page 24


 1006 0175 19       		.uleb128 0x19
 1007 0176 01       		.uleb128 0x1
 1008 0177 13       		.uleb128 0x13
 1009 0178 00       		.byte	0
 1010 0179 00       		.byte	0
 1011 017a 1E       		.uleb128 0x1e
 1012 017b 2E       		.uleb128 0x2e
 1013 017c 01       		.byte	0x1
 1014 017d 3F       		.uleb128 0x3f
 1015 017e 19       		.uleb128 0x19
 1016 017f 03       		.uleb128 0x3
 1017 0180 0E       		.uleb128 0xe
 1018 0181 3A       		.uleb128 0x3a
 1019 0182 0B       		.uleb128 0xb
 1020 0183 3B       		.uleb128 0x3b
 1021 0184 0B       		.uleb128 0xb
 1022 0185 27       		.uleb128 0x27
 1023 0186 19       		.uleb128 0x19
 1024 0187 3C       		.uleb128 0x3c
 1025 0188 19       		.uleb128 0x19
 1026 0189 00       		.byte	0
 1027 018a 00       		.byte	0
 1028 018b 00       		.byte	0
 1029              		.section	.debug_loc,"",%progbits
 1030              	.Ldebug_loc0:
 1031              	.LLST0:
 1032 0000 00000000 		.4byte	.LVL0
 1033 0004 09000000 		.4byte	.LVL2-1
 1034 0008 0100     		.2byte	0x1
 1035 000a 50       		.byte	0x50
 1036 000b 09000000 		.4byte	.LVL2-1
 1037 000f 0C000000 		.4byte	.LFE0
 1038 0013 0400     		.2byte	0x4
 1039 0015 F3       		.byte	0xf3
 1040 0016 01       		.uleb128 0x1
 1041 0017 50       		.byte	0x50
 1042 0018 9F       		.byte	0x9f
 1043 0019 00000000 		.4byte	0
 1044 001d 00000000 		.4byte	0
 1045              	.LLST1:
 1046 0021 00000000 		.4byte	.LVL0
 1047 0025 06000000 		.4byte	.LVL1
 1048 0029 0100     		.2byte	0x1
 1049 002b 51       		.byte	0x51
 1050 002c 06000000 		.4byte	.LVL1
 1051 0030 09000000 		.4byte	.LVL2-1
 1052 0034 0100     		.2byte	0x1
 1053 0036 52       		.byte	0x52
 1054 0037 09000000 		.4byte	.LVL2-1
 1055 003b 0C000000 		.4byte	.LFE0
 1056 003f 0400     		.2byte	0x4
 1057 0041 F3       		.byte	0xf3
 1058 0042 01       		.uleb128 0x1
 1059 0043 51       		.byte	0x51
 1060 0044 9F       		.byte	0x9f
 1061 0045 00000000 		.4byte	0
 1062 0049 00000000 		.4byte	0
ARM GAS  C:\Users\JEPPES~1\AppData\Local\Temp\ccmlQeBg.s 			page 25


 1063              	.LLST2:
 1064 004d 94000000 		.4byte	.LVL6
 1065 0051 98000000 		.4byte	.LVL7
 1066 0055 0200     		.2byte	0x2
 1067 0057 30       		.byte	0x30
 1068 0058 9F       		.byte	0x9f
 1069 0059 98000000 		.4byte	.LVL7
 1070 005d B8000000 		.4byte	.LVL9
 1071 0061 0100     		.2byte	0x1
 1072 0063 54       		.byte	0x54
 1073 0064 BA000000 		.4byte	.LVL10
 1074 0068 F4000000 		.4byte	.LVL11
 1075 006c 0100     		.2byte	0x1
 1076 006e 54       		.byte	0x54
 1077 006f 00000000 		.4byte	0
 1078 0073 00000000 		.4byte	0
 1079              	.LLST3:
 1080 0077 98000000 		.4byte	.LVL7
 1081 007b B8000000 		.4byte	.LVL9
 1082 007f 0B00     		.2byte	0xb
 1083 0081 74       		.byte	0x74
 1084 0082 00       		.sleb128 0
 1085 0083 36       		.byte	0x36
 1086 0084 1E       		.byte	0x1e
 1087 0085 03       		.byte	0x3
 1088 0086 00000000 		.4byte	cfg_memset_list.4716
 1089 008a 22       		.byte	0x22
 1090 008b 9F       		.byte	0x9f
 1091 008c B8000000 		.4byte	.LVL9
 1092 0090 BA000000 		.4byte	.LVL10
 1093 0094 0B00     		.2byte	0xb
 1094 0096 74       		.byte	0x74
 1095 0097 7F       		.sleb128 -1
 1096 0098 36       		.byte	0x36
 1097 0099 1E       		.byte	0x1e
 1098 009a 03       		.byte	0x3
 1099 009b 00000000 		.4byte	cfg_memset_list.4716
 1100 009f 22       		.byte	0x22
 1101 00a0 9F       		.byte	0x9f
 1102 00a1 00000000 		.4byte	0
 1103 00a5 00000000 		.4byte	0
 1104              		.section	.debug_aranges,"",%progbits
 1105 0000 2C000000 		.4byte	0x2c
 1106 0004 0200     		.2byte	0x2
 1107 0006 00000000 		.4byte	.Ldebug_info0
 1108 000a 04       		.byte	0x4
 1109 000b 00       		.byte	0
 1110 000c 0000     		.2byte	0
 1111 000e 0000     		.2byte	0
 1112 0010 00000000 		.4byte	.LFB0
 1113 0014 0C000000 		.4byte	.LFE0-.LFB0
 1114 0018 00000000 		.4byte	.LFB3
 1115 001c 90000000 		.4byte	.LFE3-.LFB3
 1116 0020 90000000 		.4byte	.LFB5
 1117 0024 10010000 		.4byte	.LFE5-.LFB5
 1118 0028 00000000 		.4byte	0
 1119 002c 00000000 		.4byte	0
ARM GAS  C:\Users\JEPPES~1\AppData\Local\Temp\ccmlQeBg.s 			page 26


 1120              		.section	.debug_ranges,"",%progbits
 1121              	.Ldebug_ranges0:
 1122 0000 00000000 		.4byte	.LFB0
 1123 0004 0C000000 		.4byte	.LFE0
 1124 0008 00000000 		.4byte	.LFB3
 1125 000c 90000000 		.4byte	.LFE3
 1126 0010 90000000 		.4byte	.LFB5
 1127 0014 A0010000 		.4byte	.LFE5
 1128 0018 00000000 		.4byte	0
 1129 001c 00000000 		.4byte	0
 1130              		.section	.debug_line,"",%progbits
 1131              	.Ldebug_line0:
 1132 0000 3B010000 		.section	.debug_str,"MS",%progbits,1
 1132      0200D800 
 1132      00000201 
 1132      FB0E0D00 
 1132      01010101 
 1133              	.LASF18:
 1134 0000 72656733 		.ascii	"reg32\000"
 1134      3200
 1135              	.LASF11:
 1136 0006 73697A65 		.ascii	"size_t\000"
 1136      5F7400
 1137              	.LASF32:
 1138 000d 4379496E 		.ascii	"CyIntSetVector\000"
 1138      74536574 
 1138      56656374 
 1138      6F7200
 1139              	.LASF25:
 1140 001c 6366675F 		.ascii	"cfg_memset_list\000"
 1140      6D656D73 
 1140      65745F6C 
 1140      69737400 
 1141              	.LASF21:
 1142 002c 436C6F63 		.ascii	"ClockSetup\000"
 1142      6B536574 
 1142      757000
 1143              	.LASF4:
 1144 0037 73686F72 		.ascii	"short unsigned int\000"
 1144      7420756E 
 1144      7369676E 
 1144      65642069 
 1144      6E7400
 1145              	.LASF15:
 1146 004a 666C6F61 		.ascii	"float\000"
 1146      7400
 1147              	.LASF23:
 1148 0050 73697A65 		.ascii	"size\000"
 1148      00
 1149              	.LASF17:
 1150 0055 72656738 		.ascii	"reg8\000"
 1150      00
 1151              	.LASF6:
 1152 005a 6C6F6E67 		.ascii	"long unsigned int\000"
 1152      20756E73 
 1152      69676E65 
 1152      6420696E 
ARM GAS  C:\Users\JEPPES~1\AppData\Local\Temp\ccmlQeBg.s 			page 27


 1152      7400
 1153              	.LASF12:
 1154 006c 75696E74 		.ascii	"uint8\000"
 1154      3800
 1155              	.LASF20:
 1156 0072 43594D45 		.ascii	"CYMEMZERO\000"
 1156      4D5A4552 
 1156      4F00
 1157              	.LASF2:
 1158 007c 756E7369 		.ascii	"unsigned char\000"
 1158      676E6564 
 1158      20636861 
 1158      7200
 1159              	.LASF26:
 1160 008a 6D656D73 		.ascii	"memset\000"
 1160      657400
 1161              	.LASF16:
 1162 0091 646F7562 		.ascii	"double\000"
 1162      6C6500
 1163              	.LASF33:
 1164 0098 4379496E 		.ascii	"CyIntEnable\000"
 1164      74456E61 
 1164      626C6500 
 1165              	.LASF13:
 1166 00a4 75696E74 		.ascii	"uint16\000"
 1166      313600
 1167              	.LASF14:
 1168 00ab 75696E74 		.ascii	"uint32\000"
 1168      333200
 1169              	.LASF0:
 1170 00b2 756E7369 		.ascii	"unsigned int\000"
 1170      676E6564 
 1170      20696E74 
 1170      00
 1171              	.LASF30:
 1172 00bf 433A5C45 		.ascii	"C:\\E3PRJ3-Gruppe1\\PSoC\\PSoC4Master.cydsn\000"
 1172      3350524A 
 1172      332D4772 
 1172      75707065 
 1172      315C5053 
 1173              	.LASF31:
 1174 00e8 63796669 		.ascii	"cyfitter_cfg\000"
 1174      74746572 
 1174      5F636667 
 1174      00
 1175              	.LASF22:
 1176 00f5 61646472 		.ascii	"address\000"
 1176      65737300 
 1177              	.LASF8:
 1178 00fd 6C6F6E67 		.ascii	"long long unsigned int\000"
 1178      206C6F6E 
 1178      6720756E 
 1178      7369676E 
 1178      65642069 
 1179              	.LASF19:
 1180 0114 63796973 		.ascii	"cyisraddress\000"
 1180      72616464 
ARM GAS  C:\Users\JEPPES~1\AppData\Local\Temp\ccmlQeBg.s 			page 28


 1180      72657373 
 1180      00
 1181              	.LASF24:
 1182 0121 6366675F 		.ascii	"cfg_memset_t\000"
 1182      6D656D73 
 1182      65745F74 
 1182      00
 1183              	.LASF29:
 1184 012e 2E5C4765 		.ascii	".\\Generated_Source\\PSoC4\\cyfitter_cfg.c\000"
 1184      6E657261 
 1184      7465645F 
 1184      536F7572 
 1184      63655C50 
 1185              	.LASF9:
 1186 0156 73697A65 		.ascii	"sizetype\000"
 1186      74797065 
 1186      00
 1187              	.LASF7:
 1188 015f 6C6F6E67 		.ascii	"long long int\000"
 1188      206C6F6E 
 1188      6720696E 
 1188      7400
 1189              	.LASF10:
 1190 016d 63686172 		.ascii	"char\000"
 1190      00
 1191              	.LASF28:
 1192 0172 474E5520 		.ascii	"GNU C 4.9.3 20150303 (release) [ARM/embedded-4_9-br"
 1192      4320342E 
 1192      392E3320 
 1192      32303135 
 1192      30333033 
 1193 01a5 616E6368 		.ascii	"anch revision 221220] -mcpu=cortex-m0 -mthumb -g -O"
 1193      20726576 
 1193      6973696F 
 1193      6E203232 
 1193      31323230 
 1194 01d8 67202D66 		.ascii	"g -ffunction-sections -ffat-lto-objects\000"
 1194      66756E63 
 1194      74696F6E 
 1194      2D736563 
 1194      74696F6E 
 1195              	.LASF3:
 1196 0200 73686F72 		.ascii	"short int\000"
 1196      7420696E 
 1196      7400
 1197              	.LASF27:
 1198 020a 43795379 		.ascii	"CySysClkWriteImoFreq\000"
 1198      73436C6B 
 1198      57726974 
 1198      65496D6F 
 1198      46726571 
 1199              	.LASF5:
 1200 021f 6C6F6E67 		.ascii	"long int\000"
 1200      20696E74 
 1200      00
 1201              	.LASF1:
 1202 0228 7369676E 		.ascii	"signed char\000"
ARM GAS  C:\Users\JEPPES~1\AppData\Local\Temp\ccmlQeBg.s 			page 29


 1202      65642063 
 1202      68617200 
 1203              		.ident	"GCC: (GNU Tools for ARM Embedded Processors) 4.9.3 20150303 (release) [ARM/embedded-4_9-br
