ARM GAS  C:\Users\JEPPES~1\AppData\Local\Temp\ccsAG3DF.s 			page 1


   1              		.cpu cortex-m0
   2              		.fpu softvfp
   3              		.eabi_attribute 20, 1
   4              		.eabi_attribute 21, 1
   5              		.eabi_attribute 23, 3
   6              		.eabi_attribute 24, 1
   7              		.eabi_attribute 25, 1
   8              		.eabi_attribute 26, 1
   9              		.eabi_attribute 30, 1
  10              		.eabi_attribute 34, 0
  11              		.eabi_attribute 18, 4
  12              		.code	16
  13              		.file	"DC.c"
  14              		.text
  15              	.Ltext0:
  16              		.cfi_sections	.debug_frame
  17              		.section	.text.DC_Write,"ax",%progbits
  18              		.align	2
  19              		.global	DC_Write
  20              		.code	16
  21              		.thumb_func
  22              		.type	DC_Write, %function
  23              	DC_Write:
  24              	.LFB0:
  25              		.file 1 ".\\Generated_Source\\PSoC4\\DC.c"
   1:.\Generated_Source\PSoC4/DC.c **** /*******************************************************************************
   2:.\Generated_Source\PSoC4/DC.c **** * File Name: DC.c  
   3:.\Generated_Source\PSoC4/DC.c **** * Version 1.90
   4:.\Generated_Source\PSoC4/DC.c **** *
   5:.\Generated_Source\PSoC4/DC.c **** * Description:
   6:.\Generated_Source\PSoC4/DC.c **** *  This file contains API to enable firmware control of a Pins component.
   7:.\Generated_Source\PSoC4/DC.c **** *
   8:.\Generated_Source\PSoC4/DC.c **** * Note:
   9:.\Generated_Source\PSoC4/DC.c **** *
  10:.\Generated_Source\PSoC4/DC.c **** ********************************************************************************
  11:.\Generated_Source\PSoC4/DC.c **** * Copyright 2008-2012, Cypress Semiconductor Corporation.  All rights reserved.
  12:.\Generated_Source\PSoC4/DC.c **** * You may use this file only in accordance with the license, terms, conditions, 
  13:.\Generated_Source\PSoC4/DC.c **** * disclaimers, and limitations in the end user license agreement accompanying 
  14:.\Generated_Source\PSoC4/DC.c **** * the software package with which this file was provided.
  15:.\Generated_Source\PSoC4/DC.c **** *******************************************************************************/
  16:.\Generated_Source\PSoC4/DC.c **** 
  17:.\Generated_Source\PSoC4/DC.c **** #include "cytypes.h"
  18:.\Generated_Source\PSoC4/DC.c **** #include "DC.h"
  19:.\Generated_Source\PSoC4/DC.c **** 
  20:.\Generated_Source\PSoC4/DC.c **** #define SetP4PinDriveMode(shift, mode)  \
  21:.\Generated_Source\PSoC4/DC.c ****     do { \
  22:.\Generated_Source\PSoC4/DC.c ****         DC_PC =   (DC_PC & \
  23:.\Generated_Source\PSoC4/DC.c ****                                 (uint32)(~(uint32)(DC_DRIVE_MODE_IND_MASK << (DC_DRIVE_MODE_BITS * 
  24:.\Generated_Source\PSoC4/DC.c ****                                 (uint32)((uint32)(mode) << (DC_DRIVE_MODE_BITS * (shift))); \
  25:.\Generated_Source\PSoC4/DC.c ****     } while (0)
  26:.\Generated_Source\PSoC4/DC.c **** 
  27:.\Generated_Source\PSoC4/DC.c **** 
  28:.\Generated_Source\PSoC4/DC.c **** /*******************************************************************************
  29:.\Generated_Source\PSoC4/DC.c **** * Function Name: DC_Write
  30:.\Generated_Source\PSoC4/DC.c **** ********************************************************************************
  31:.\Generated_Source\PSoC4/DC.c **** *
  32:.\Generated_Source\PSoC4/DC.c **** * Summary:
ARM GAS  C:\Users\JEPPES~1\AppData\Local\Temp\ccsAG3DF.s 			page 2


  33:.\Generated_Source\PSoC4/DC.c **** *  Assign a new value to the digital port's data output register.  
  34:.\Generated_Source\PSoC4/DC.c **** *
  35:.\Generated_Source\PSoC4/DC.c **** * Parameters:  
  36:.\Generated_Source\PSoC4/DC.c **** *  prtValue:  The value to be assigned to the Digital Port. 
  37:.\Generated_Source\PSoC4/DC.c **** *
  38:.\Generated_Source\PSoC4/DC.c **** * Return: 
  39:.\Generated_Source\PSoC4/DC.c **** *  None 
  40:.\Generated_Source\PSoC4/DC.c **** *  
  41:.\Generated_Source\PSoC4/DC.c **** *******************************************************************************/
  42:.\Generated_Source\PSoC4/DC.c **** void DC_Write(uint8 value) 
  43:.\Generated_Source\PSoC4/DC.c **** {
  26              		.loc 1 43 0
  27              		.cfi_startproc
  28              	.LVL0:
  44:.\Generated_Source\PSoC4/DC.c ****     uint8 drVal = (uint8)(DC_DR & (uint8)(~DC_MASK));
  29              		.loc 1 44 0
  30 0000 0449     		ldr	r1, .L2
  31 0002 0A68     		ldr	r2, [r1]
  32 0004 EF23     		mov	r3, #239
  33 0006 1A40     		and	r2, r3
  34              	.LVL1:
  45:.\Generated_Source\PSoC4/DC.c ****     drVal = (drVal | ((uint8)(value << DC_SHIFT) & DC_MASK));
  35              		.loc 1 45 0
  36 0008 0001     		lsl	r0, r0, #4
  37              	.LVL2:
  38 000a DF3B     		sub	r3, r3, #223
  39 000c 1840     		and	r0, r3
  40 000e 1043     		orr	r0, r2
  41              	.LVL3:
  46:.\Generated_Source\PSoC4/DC.c ****     DC_DR = (uint32)drVal;
  42              		.loc 1 46 0
  43 0010 0860     		str	r0, [r1]
  47:.\Generated_Source\PSoC4/DC.c **** }
  44              		.loc 1 47 0
  45              		@ sp needed
  46 0012 7047     		bx	lr
  47              	.L3:
  48              		.align	2
  49              	.L2:
  50 0014 00020440 		.word	1074004480
  51              		.cfi_endproc
  52              	.LFE0:
  53              		.size	DC_Write, .-DC_Write
  54              		.section	.text.DC_SetDriveMode,"ax",%progbits
  55              		.align	2
  56              		.global	DC_SetDriveMode
  57              		.code	16
  58              		.thumb_func
  59              		.type	DC_SetDriveMode, %function
  60              	DC_SetDriveMode:
  61              	.LFB1:
  48:.\Generated_Source\PSoC4/DC.c **** 
  49:.\Generated_Source\PSoC4/DC.c **** 
  50:.\Generated_Source\PSoC4/DC.c **** /*******************************************************************************
  51:.\Generated_Source\PSoC4/DC.c **** * Function Name: DC_SetDriveMode
  52:.\Generated_Source\PSoC4/DC.c **** ********************************************************************************
  53:.\Generated_Source\PSoC4/DC.c **** *
ARM GAS  C:\Users\JEPPES~1\AppData\Local\Temp\ccsAG3DF.s 			page 3


  54:.\Generated_Source\PSoC4/DC.c **** * Summary:
  55:.\Generated_Source\PSoC4/DC.c **** *  Change the drive mode on the pins of the port.
  56:.\Generated_Source\PSoC4/DC.c **** * 
  57:.\Generated_Source\PSoC4/DC.c **** * Parameters:  
  58:.\Generated_Source\PSoC4/DC.c **** *  mode:  Change the pins to this drive mode.
  59:.\Generated_Source\PSoC4/DC.c **** *
  60:.\Generated_Source\PSoC4/DC.c **** * Return: 
  61:.\Generated_Source\PSoC4/DC.c **** *  None
  62:.\Generated_Source\PSoC4/DC.c **** *
  63:.\Generated_Source\PSoC4/DC.c **** *******************************************************************************/
  64:.\Generated_Source\PSoC4/DC.c **** void DC_SetDriveMode(uint8 mode) 
  65:.\Generated_Source\PSoC4/DC.c **** {
  62              		.loc 1 65 0
  63              		.cfi_startproc
  64              	.LVL4:
  66:.\Generated_Source\PSoC4/DC.c **** 	SetP4PinDriveMode(DC__0__SHIFT, mode);
  65              		.loc 1 66 0
  66 0000 034A     		ldr	r2, .L5
  67 0002 1168     		ldr	r1, [r2]
  68 0004 034B     		ldr	r3, .L5+4
  69 0006 0B40     		and	r3, r1
  70 0008 0003     		lsl	r0, r0, #12
  71              	.LVL5:
  72 000a 1843     		orr	r0, r3
  73 000c 1060     		str	r0, [r2]
  67:.\Generated_Source\PSoC4/DC.c **** }
  74              		.loc 1 67 0
  75              		@ sp needed
  76 000e 7047     		bx	lr
  77              	.L6:
  78              		.align	2
  79              	.L5:
  80 0010 08020440 		.word	1074004488
  81 0014 FF8FFFFF 		.word	-28673
  82              		.cfi_endproc
  83              	.LFE1:
  84              		.size	DC_SetDriveMode, .-DC_SetDriveMode
  85              		.section	.text.DC_Read,"ax",%progbits
  86              		.align	2
  87              		.global	DC_Read
  88              		.code	16
  89              		.thumb_func
  90              		.type	DC_Read, %function
  91              	DC_Read:
  92              	.LFB2:
  68:.\Generated_Source\PSoC4/DC.c **** 
  69:.\Generated_Source\PSoC4/DC.c **** 
  70:.\Generated_Source\PSoC4/DC.c **** /*******************************************************************************
  71:.\Generated_Source\PSoC4/DC.c **** * Function Name: DC_Read
  72:.\Generated_Source\PSoC4/DC.c **** ********************************************************************************
  73:.\Generated_Source\PSoC4/DC.c **** *
  74:.\Generated_Source\PSoC4/DC.c **** * Summary:
  75:.\Generated_Source\PSoC4/DC.c **** *  Read the current value on the pins of the Digital Port in right justified 
  76:.\Generated_Source\PSoC4/DC.c **** *  form.
  77:.\Generated_Source\PSoC4/DC.c **** *
  78:.\Generated_Source\PSoC4/DC.c **** * Parameters:  
  79:.\Generated_Source\PSoC4/DC.c **** *  None 
ARM GAS  C:\Users\JEPPES~1\AppData\Local\Temp\ccsAG3DF.s 			page 4


  80:.\Generated_Source\PSoC4/DC.c **** *
  81:.\Generated_Source\PSoC4/DC.c **** * Return: 
  82:.\Generated_Source\PSoC4/DC.c **** *  Returns the current value of the Digital Port as a right justified number
  83:.\Generated_Source\PSoC4/DC.c **** *  
  84:.\Generated_Source\PSoC4/DC.c **** * Note:
  85:.\Generated_Source\PSoC4/DC.c **** *  Macro DC_ReadPS calls this function. 
  86:.\Generated_Source\PSoC4/DC.c **** *  
  87:.\Generated_Source\PSoC4/DC.c **** *******************************************************************************/
  88:.\Generated_Source\PSoC4/DC.c **** uint8 DC_Read(void) 
  89:.\Generated_Source\PSoC4/DC.c **** {
  93              		.loc 1 89 0
  94              		.cfi_startproc
  90:.\Generated_Source\PSoC4/DC.c ****     return (uint8)((DC_PS & DC_MASK) >> DC_SHIFT);
  95              		.loc 1 90 0
  96 0000 024B     		ldr	r3, .L8
  97 0002 1868     		ldr	r0, [r3]
  98 0004 C006     		lsl	r0, r0, #27
  99 0006 C00F     		lsr	r0, r0, #31
  91:.\Generated_Source\PSoC4/DC.c **** }
 100              		.loc 1 91 0
 101              		@ sp needed
 102 0008 7047     		bx	lr
 103              	.L9:
 104 000a C046     		.align	2
 105              	.L8:
 106 000c 04020440 		.word	1074004484
 107              		.cfi_endproc
 108              	.LFE2:
 109              		.size	DC_Read, .-DC_Read
 110              		.section	.text.DC_ReadDataReg,"ax",%progbits
 111              		.align	2
 112              		.global	DC_ReadDataReg
 113              		.code	16
 114              		.thumb_func
 115              		.type	DC_ReadDataReg, %function
 116              	DC_ReadDataReg:
 117              	.LFB3:
  92:.\Generated_Source\PSoC4/DC.c **** 
  93:.\Generated_Source\PSoC4/DC.c **** 
  94:.\Generated_Source\PSoC4/DC.c **** /*******************************************************************************
  95:.\Generated_Source\PSoC4/DC.c **** * Function Name: DC_ReadDataReg
  96:.\Generated_Source\PSoC4/DC.c **** ********************************************************************************
  97:.\Generated_Source\PSoC4/DC.c **** *
  98:.\Generated_Source\PSoC4/DC.c **** * Summary:
  99:.\Generated_Source\PSoC4/DC.c **** *  Read the current value assigned to a Digital Port's data output register
 100:.\Generated_Source\PSoC4/DC.c **** *
 101:.\Generated_Source\PSoC4/DC.c **** * Parameters:  
 102:.\Generated_Source\PSoC4/DC.c **** *  None 
 103:.\Generated_Source\PSoC4/DC.c **** *
 104:.\Generated_Source\PSoC4/DC.c **** * Return: 
 105:.\Generated_Source\PSoC4/DC.c **** *  Returns the current value assigned to the Digital Port's data output register
 106:.\Generated_Source\PSoC4/DC.c **** *  
 107:.\Generated_Source\PSoC4/DC.c **** *******************************************************************************/
 108:.\Generated_Source\PSoC4/DC.c **** uint8 DC_ReadDataReg(void) 
 109:.\Generated_Source\PSoC4/DC.c **** {
 118              		.loc 1 109 0
 119              		.cfi_startproc
ARM GAS  C:\Users\JEPPES~1\AppData\Local\Temp\ccsAG3DF.s 			page 5


 110:.\Generated_Source\PSoC4/DC.c ****     return (uint8)((DC_DR & DC_MASK) >> DC_SHIFT);
 120              		.loc 1 110 0
 121 0000 024B     		ldr	r3, .L11
 122 0002 1868     		ldr	r0, [r3]
 123 0004 C006     		lsl	r0, r0, #27
 124 0006 C00F     		lsr	r0, r0, #31
 111:.\Generated_Source\PSoC4/DC.c **** }
 125              		.loc 1 111 0
 126              		@ sp needed
 127 0008 7047     		bx	lr
 128              	.L12:
 129 000a C046     		.align	2
 130              	.L11:
 131 000c 00020440 		.word	1074004480
 132              		.cfi_endproc
 133              	.LFE3:
 134              		.size	DC_ReadDataReg, .-DC_ReadDataReg
 135              		.section	.text.DC_ClearInterrupt,"ax",%progbits
 136              		.align	2
 137              		.global	DC_ClearInterrupt
 138              		.code	16
 139              		.thumb_func
 140              		.type	DC_ClearInterrupt, %function
 141              	DC_ClearInterrupt:
 142              	.LFB4:
 112:.\Generated_Source\PSoC4/DC.c **** 
 113:.\Generated_Source\PSoC4/DC.c **** 
 114:.\Generated_Source\PSoC4/DC.c **** /* If Interrupts Are Enabled for this Pins component */ 
 115:.\Generated_Source\PSoC4/DC.c **** #if defined(DC_INTSTAT) 
 116:.\Generated_Source\PSoC4/DC.c **** 
 117:.\Generated_Source\PSoC4/DC.c ****     /*******************************************************************************
 118:.\Generated_Source\PSoC4/DC.c ****     * Function Name: DC_ClearInterrupt
 119:.\Generated_Source\PSoC4/DC.c ****     ********************************************************************************
 120:.\Generated_Source\PSoC4/DC.c ****     *
 121:.\Generated_Source\PSoC4/DC.c ****     * Summary:
 122:.\Generated_Source\PSoC4/DC.c ****     *  Clears any active interrupts attached to port and returns the value of the 
 123:.\Generated_Source\PSoC4/DC.c ****     *  interrupt status register.
 124:.\Generated_Source\PSoC4/DC.c ****     *
 125:.\Generated_Source\PSoC4/DC.c ****     * Parameters:  
 126:.\Generated_Source\PSoC4/DC.c ****     *  None 
 127:.\Generated_Source\PSoC4/DC.c ****     *
 128:.\Generated_Source\PSoC4/DC.c ****     * Return: 
 129:.\Generated_Source\PSoC4/DC.c ****     *  Returns the value of the interrupt status register
 130:.\Generated_Source\PSoC4/DC.c ****     *  
 131:.\Generated_Source\PSoC4/DC.c ****     *******************************************************************************/
 132:.\Generated_Source\PSoC4/DC.c ****     uint8 DC_ClearInterrupt(void) 
 133:.\Generated_Source\PSoC4/DC.c ****     {
 143              		.loc 1 133 0
 144              		.cfi_startproc
 134:.\Generated_Source\PSoC4/DC.c **** 		uint8 maskedStatus = (uint8)(DC_INTSTAT & DC_MASK);
 145              		.loc 1 134 0
 146 0000 034A     		ldr	r2, .L14
 147 0002 1068     		ldr	r0, [r2]
 148 0004 1023     		mov	r3, #16
 149 0006 1840     		and	r0, r3
 150              	.LVL6:
 135:.\Generated_Source\PSoC4/DC.c **** 		DC_INTSTAT = maskedStatus;
ARM GAS  C:\Users\JEPPES~1\AppData\Local\Temp\ccsAG3DF.s 			page 6


 151              		.loc 1 135 0
 152 0008 1060     		str	r0, [r2]
 136:.\Generated_Source\PSoC4/DC.c ****         return maskedStatus >> DC_SHIFT;
 153              		.loc 1 136 0
 154 000a 0009     		lsr	r0, r0, #4
 155              	.LVL7:
 156 000c C0B2     		uxtb	r0, r0
 137:.\Generated_Source\PSoC4/DC.c ****     }
 157              		.loc 1 137 0
 158              		@ sp needed
 159 000e 7047     		bx	lr
 160              	.L15:
 161              		.align	2
 162              	.L14:
 163 0010 10020440 		.word	1074004496
 164              		.cfi_endproc
 165              	.LFE4:
 166              		.size	DC_ClearInterrupt, .-DC_ClearInterrupt
 167              		.text
 168              	.Letext0:
 169              		.file 2 ".\\Generated_Source\\PSoC4\\cytypes.h"
 170              		.section	.debug_info,"",%progbits
 171              	.Ldebug_info0:
 172 0000 4E010000 		.4byte	0x14e
 173 0004 0400     		.2byte	0x4
 174 0006 00000000 		.4byte	.Ldebug_abbrev0
 175 000a 04       		.byte	0x4
 176 000b 01       		.uleb128 0x1
 177 000c 19010000 		.4byte	.LASF24
 178 0010 01       		.byte	0x1
 179 0011 24000000 		.4byte	.LASF25
 180 0015 B4000000 		.4byte	.LASF26
 181 0019 00000000 		.4byte	.Ldebug_ranges0+0
 182 001d 00000000 		.4byte	0
 183 0021 00000000 		.4byte	.Ldebug_line0
 184 0025 02       		.uleb128 0x2
 185 0026 01       		.byte	0x1
 186 0027 06       		.byte	0x6
 187 0028 C0010000 		.4byte	.LASF0
 188 002c 02       		.uleb128 0x2
 189 002d 01       		.byte	0x1
 190 002e 08       		.byte	0x8
 191 002f 48000000 		.4byte	.LASF1
 192 0033 02       		.uleb128 0x2
 193 0034 02       		.byte	0x2
 194 0035 05       		.byte	0x5
 195 0036 A7010000 		.4byte	.LASF2
 196 003a 02       		.uleb128 0x2
 197 003b 02       		.byte	0x2
 198 003c 07       		.byte	0x7
 199 003d 7D000000 		.4byte	.LASF3
 200 0041 02       		.uleb128 0x2
 201 0042 04       		.byte	0x4
 202 0043 05       		.byte	0x5
 203 0044 B7010000 		.4byte	.LASF4
 204 0048 02       		.uleb128 0x2
 205 0049 04       		.byte	0x4
ARM GAS  C:\Users\JEPPES~1\AppData\Local\Temp\ccsAG3DF.s 			page 7


 206 004a 07       		.byte	0x7
 207 004b 6B000000 		.4byte	.LASF5
 208 004f 02       		.uleb128 0x2
 209 0050 08       		.byte	0x8
 210 0051 05       		.byte	0x5
 211 0052 F9000000 		.4byte	.LASF6
 212 0056 02       		.uleb128 0x2
 213 0057 08       		.byte	0x8
 214 0058 07       		.byte	0x7
 215 0059 DD000000 		.4byte	.LASF7
 216 005d 03       		.uleb128 0x3
 217 005e 04       		.byte	0x4
 218 005f 05       		.byte	0x5
 219 0060 696E7400 		.ascii	"int\000"
 220 0064 02       		.uleb128 0x2
 221 0065 04       		.byte	0x4
 222 0066 07       		.byte	0x7
 223 0067 A7000000 		.4byte	.LASF8
 224 006b 04       		.uleb128 0x4
 225 006c B1010000 		.4byte	.LASF9
 226 0070 02       		.byte	0x2
 227 0071 3801     		.2byte	0x138
 228 0073 2C000000 		.4byte	0x2c
 229 0077 04       		.uleb128 0x4
 230 0078 A0000000 		.4byte	.LASF10
 231 007c 02       		.byte	0x2
 232 007d 3A01     		.2byte	0x13a
 233 007f 48000000 		.4byte	0x48
 234 0083 02       		.uleb128 0x2
 235 0084 04       		.byte	0x4
 236 0085 04       		.byte	0x4
 237 0086 42000000 		.4byte	.LASF11
 238 008a 02       		.uleb128 0x2
 239 008b 08       		.byte	0x8
 240 008c 04       		.byte	0x4
 241 008d 99000000 		.4byte	.LASF12
 242 0091 02       		.uleb128 0x2
 243 0092 01       		.byte	0x1
 244 0093 08       		.byte	0x8
 245 0094 14010000 		.4byte	.LASF13
 246 0098 04       		.uleb128 0x4
 247 0099 00000000 		.4byte	.LASF14
 248 009d 02       		.byte	0x2
 249 009e E401     		.2byte	0x1e4
 250 00a0 A4000000 		.4byte	0xa4
 251 00a4 05       		.uleb128 0x5
 252 00a5 77000000 		.4byte	0x77
 253 00a9 06       		.uleb128 0x6
 254 00aa 90000000 		.4byte	.LASF15
 255 00ae 01       		.byte	0x1
 256 00af 2A       		.byte	0x2a
 257 00b0 00000000 		.4byte	.LFB0
 258 00b4 18000000 		.4byte	.LFE0-.LFB0
 259 00b8 01       		.uleb128 0x1
 260 00b9 9C       		.byte	0x9c
 261 00ba DD000000 		.4byte	0xdd
 262 00be 07       		.uleb128 0x7
ARM GAS  C:\Users\JEPPES~1\AppData\Local\Temp\ccsAG3DF.s 			page 8


 263 00bf 1E000000 		.4byte	.LASF17
 264 00c3 01       		.byte	0x1
 265 00c4 2A       		.byte	0x2a
 266 00c5 6B000000 		.4byte	0x6b
 267 00c9 00000000 		.4byte	.LLST0
 268 00cd 08       		.uleb128 0x8
 269 00ce 56000000 		.4byte	.LASF22
 270 00d2 01       		.byte	0x1
 271 00d3 2C       		.byte	0x2c
 272 00d4 6B000000 		.4byte	0x6b
 273 00d8 21000000 		.4byte	.LLST1
 274 00dc 00       		.byte	0
 275 00dd 06       		.uleb128 0x6
 276 00de 0E000000 		.4byte	.LASF16
 277 00e2 01       		.byte	0x1
 278 00e3 40       		.byte	0x40
 279 00e4 00000000 		.4byte	.LFB1
 280 00e8 18000000 		.4byte	.LFE1-.LFB1
 281 00ec 01       		.uleb128 0x1
 282 00ed 9C       		.byte	0x9c
 283 00ee 02010000 		.4byte	0x102
 284 00f2 07       		.uleb128 0x7
 285 00f3 F4000000 		.4byte	.LASF18
 286 00f7 01       		.byte	0x1
 287 00f8 40       		.byte	0x40
 288 00f9 6B000000 		.4byte	0x6b
 289 00fd 3F000000 		.4byte	.LLST2
 290 0101 00       		.byte	0
 291 0102 09       		.uleb128 0x9
 292 0103 06000000 		.4byte	.LASF19
 293 0107 01       		.byte	0x1
 294 0108 58       		.byte	0x58
 295 0109 6B000000 		.4byte	0x6b
 296 010d 00000000 		.4byte	.LFB2
 297 0111 10000000 		.4byte	.LFE2-.LFB2
 298 0115 01       		.uleb128 0x1
 299 0116 9C       		.byte	0x9c
 300 0117 09       		.uleb128 0x9
 301 0118 5C000000 		.4byte	.LASF20
 302 011c 01       		.byte	0x1
 303 011d 6C       		.byte	0x6c
 304 011e 6B000000 		.4byte	0x6b
 305 0122 00000000 		.4byte	.LFB3
 306 0126 10000000 		.4byte	.LFE3-.LFB3
 307 012a 01       		.uleb128 0x1
 308 012b 9C       		.byte	0x9c
 309 012c 0A       		.uleb128 0xa
 310 012d CC010000 		.4byte	.LASF21
 311 0131 01       		.byte	0x1
 312 0132 84       		.byte	0x84
 313 0133 6B000000 		.4byte	0x6b
 314 0137 00000000 		.4byte	.LFB4
 315 013b 14000000 		.4byte	.LFE4-.LFB4
 316 013f 01       		.uleb128 0x1
 317 0140 9C       		.byte	0x9c
 318 0141 08       		.uleb128 0x8
 319 0142 07010000 		.4byte	.LASF23
ARM GAS  C:\Users\JEPPES~1\AppData\Local\Temp\ccsAG3DF.s 			page 9


 320 0146 01       		.byte	0x1
 321 0147 86       		.byte	0x86
 322 0148 6B000000 		.4byte	0x6b
 323 014c 60000000 		.4byte	.LLST3
 324 0150 00       		.byte	0
 325 0151 00       		.byte	0
 326              		.section	.debug_abbrev,"",%progbits
 327              	.Ldebug_abbrev0:
 328 0000 01       		.uleb128 0x1
 329 0001 11       		.uleb128 0x11
 330 0002 01       		.byte	0x1
 331 0003 25       		.uleb128 0x25
 332 0004 0E       		.uleb128 0xe
 333 0005 13       		.uleb128 0x13
 334 0006 0B       		.uleb128 0xb
 335 0007 03       		.uleb128 0x3
 336 0008 0E       		.uleb128 0xe
 337 0009 1B       		.uleb128 0x1b
 338 000a 0E       		.uleb128 0xe
 339 000b 55       		.uleb128 0x55
 340 000c 17       		.uleb128 0x17
 341 000d 11       		.uleb128 0x11
 342 000e 01       		.uleb128 0x1
 343 000f 10       		.uleb128 0x10
 344 0010 17       		.uleb128 0x17
 345 0011 00       		.byte	0
 346 0012 00       		.byte	0
 347 0013 02       		.uleb128 0x2
 348 0014 24       		.uleb128 0x24
 349 0015 00       		.byte	0
 350 0016 0B       		.uleb128 0xb
 351 0017 0B       		.uleb128 0xb
 352 0018 3E       		.uleb128 0x3e
 353 0019 0B       		.uleb128 0xb
 354 001a 03       		.uleb128 0x3
 355 001b 0E       		.uleb128 0xe
 356 001c 00       		.byte	0
 357 001d 00       		.byte	0
 358 001e 03       		.uleb128 0x3
 359 001f 24       		.uleb128 0x24
 360 0020 00       		.byte	0
 361 0021 0B       		.uleb128 0xb
 362 0022 0B       		.uleb128 0xb
 363 0023 3E       		.uleb128 0x3e
 364 0024 0B       		.uleb128 0xb
 365 0025 03       		.uleb128 0x3
 366 0026 08       		.uleb128 0x8
 367 0027 00       		.byte	0
 368 0028 00       		.byte	0
 369 0029 04       		.uleb128 0x4
 370 002a 16       		.uleb128 0x16
 371 002b 00       		.byte	0
 372 002c 03       		.uleb128 0x3
 373 002d 0E       		.uleb128 0xe
 374 002e 3A       		.uleb128 0x3a
 375 002f 0B       		.uleb128 0xb
 376 0030 3B       		.uleb128 0x3b
ARM GAS  C:\Users\JEPPES~1\AppData\Local\Temp\ccsAG3DF.s 			page 10


 377 0031 05       		.uleb128 0x5
 378 0032 49       		.uleb128 0x49
 379 0033 13       		.uleb128 0x13
 380 0034 00       		.byte	0
 381 0035 00       		.byte	0
 382 0036 05       		.uleb128 0x5
 383 0037 35       		.uleb128 0x35
 384 0038 00       		.byte	0
 385 0039 49       		.uleb128 0x49
 386 003a 13       		.uleb128 0x13
 387 003b 00       		.byte	0
 388 003c 00       		.byte	0
 389 003d 06       		.uleb128 0x6
 390 003e 2E       		.uleb128 0x2e
 391 003f 01       		.byte	0x1
 392 0040 3F       		.uleb128 0x3f
 393 0041 19       		.uleb128 0x19
 394 0042 03       		.uleb128 0x3
 395 0043 0E       		.uleb128 0xe
 396 0044 3A       		.uleb128 0x3a
 397 0045 0B       		.uleb128 0xb
 398 0046 3B       		.uleb128 0x3b
 399 0047 0B       		.uleb128 0xb
 400 0048 27       		.uleb128 0x27
 401 0049 19       		.uleb128 0x19
 402 004a 11       		.uleb128 0x11
 403 004b 01       		.uleb128 0x1
 404 004c 12       		.uleb128 0x12
 405 004d 06       		.uleb128 0x6
 406 004e 40       		.uleb128 0x40
 407 004f 18       		.uleb128 0x18
 408 0050 9742     		.uleb128 0x2117
 409 0052 19       		.uleb128 0x19
 410 0053 01       		.uleb128 0x1
 411 0054 13       		.uleb128 0x13
 412 0055 00       		.byte	0
 413 0056 00       		.byte	0
 414 0057 07       		.uleb128 0x7
 415 0058 05       		.uleb128 0x5
 416 0059 00       		.byte	0
 417 005a 03       		.uleb128 0x3
 418 005b 0E       		.uleb128 0xe
 419 005c 3A       		.uleb128 0x3a
 420 005d 0B       		.uleb128 0xb
 421 005e 3B       		.uleb128 0x3b
 422 005f 0B       		.uleb128 0xb
 423 0060 49       		.uleb128 0x49
 424 0061 13       		.uleb128 0x13
 425 0062 02       		.uleb128 0x2
 426 0063 17       		.uleb128 0x17
 427 0064 00       		.byte	0
 428 0065 00       		.byte	0
 429 0066 08       		.uleb128 0x8
 430 0067 34       		.uleb128 0x34
 431 0068 00       		.byte	0
 432 0069 03       		.uleb128 0x3
 433 006a 0E       		.uleb128 0xe
ARM GAS  C:\Users\JEPPES~1\AppData\Local\Temp\ccsAG3DF.s 			page 11


 434 006b 3A       		.uleb128 0x3a
 435 006c 0B       		.uleb128 0xb
 436 006d 3B       		.uleb128 0x3b
 437 006e 0B       		.uleb128 0xb
 438 006f 49       		.uleb128 0x49
 439 0070 13       		.uleb128 0x13
 440 0071 02       		.uleb128 0x2
 441 0072 17       		.uleb128 0x17
 442 0073 00       		.byte	0
 443 0074 00       		.byte	0
 444 0075 09       		.uleb128 0x9
 445 0076 2E       		.uleb128 0x2e
 446 0077 00       		.byte	0
 447 0078 3F       		.uleb128 0x3f
 448 0079 19       		.uleb128 0x19
 449 007a 03       		.uleb128 0x3
 450 007b 0E       		.uleb128 0xe
 451 007c 3A       		.uleb128 0x3a
 452 007d 0B       		.uleb128 0xb
 453 007e 3B       		.uleb128 0x3b
 454 007f 0B       		.uleb128 0xb
 455 0080 27       		.uleb128 0x27
 456 0081 19       		.uleb128 0x19
 457 0082 49       		.uleb128 0x49
 458 0083 13       		.uleb128 0x13
 459 0084 11       		.uleb128 0x11
 460 0085 01       		.uleb128 0x1
 461 0086 12       		.uleb128 0x12
 462 0087 06       		.uleb128 0x6
 463 0088 40       		.uleb128 0x40
 464 0089 18       		.uleb128 0x18
 465 008a 9742     		.uleb128 0x2117
 466 008c 19       		.uleb128 0x19
 467 008d 00       		.byte	0
 468 008e 00       		.byte	0
 469 008f 0A       		.uleb128 0xa
 470 0090 2E       		.uleb128 0x2e
 471 0091 01       		.byte	0x1
 472 0092 3F       		.uleb128 0x3f
 473 0093 19       		.uleb128 0x19
 474 0094 03       		.uleb128 0x3
 475 0095 0E       		.uleb128 0xe
 476 0096 3A       		.uleb128 0x3a
 477 0097 0B       		.uleb128 0xb
 478 0098 3B       		.uleb128 0x3b
 479 0099 0B       		.uleb128 0xb
 480 009a 27       		.uleb128 0x27
 481 009b 19       		.uleb128 0x19
 482 009c 49       		.uleb128 0x49
 483 009d 13       		.uleb128 0x13
 484 009e 11       		.uleb128 0x11
 485 009f 01       		.uleb128 0x1
 486 00a0 12       		.uleb128 0x12
 487 00a1 06       		.uleb128 0x6
 488 00a2 40       		.uleb128 0x40
 489 00a3 18       		.uleb128 0x18
 490 00a4 9742     		.uleb128 0x2117
ARM GAS  C:\Users\JEPPES~1\AppData\Local\Temp\ccsAG3DF.s 			page 12


 491 00a6 19       		.uleb128 0x19
 492 00a7 00       		.byte	0
 493 00a8 00       		.byte	0
 494 00a9 00       		.byte	0
 495              		.section	.debug_loc,"",%progbits
 496              	.Ldebug_loc0:
 497              	.LLST0:
 498 0000 00000000 		.4byte	.LVL0
 499 0004 0A000000 		.4byte	.LVL2
 500 0008 0100     		.2byte	0x1
 501 000a 50       		.byte	0x50
 502 000b 0A000000 		.4byte	.LVL2
 503 000f 18000000 		.4byte	.LFE0
 504 0013 0400     		.2byte	0x4
 505 0015 F3       		.byte	0xf3
 506 0016 01       		.uleb128 0x1
 507 0017 50       		.byte	0x50
 508 0018 9F       		.byte	0x9f
 509 0019 00000000 		.4byte	0
 510 001d 00000000 		.4byte	0
 511              	.LLST1:
 512 0021 08000000 		.4byte	.LVL1
 513 0025 10000000 		.4byte	.LVL3
 514 0029 0100     		.2byte	0x1
 515 002b 52       		.byte	0x52
 516 002c 10000000 		.4byte	.LVL3
 517 0030 18000000 		.4byte	.LFE0
 518 0034 0100     		.2byte	0x1
 519 0036 50       		.byte	0x50
 520 0037 00000000 		.4byte	0
 521 003b 00000000 		.4byte	0
 522              	.LLST2:
 523 003f 00000000 		.4byte	.LVL4
 524 0043 0A000000 		.4byte	.LVL5
 525 0047 0100     		.2byte	0x1
 526 0049 50       		.byte	0x50
 527 004a 0A000000 		.4byte	.LVL5
 528 004e 18000000 		.4byte	.LFE1
 529 0052 0400     		.2byte	0x4
 530 0054 F3       		.byte	0xf3
 531 0055 01       		.uleb128 0x1
 532 0056 50       		.byte	0x50
 533 0057 9F       		.byte	0x9f
 534 0058 00000000 		.4byte	0
 535 005c 00000000 		.4byte	0
 536              	.LLST3:
 537 0060 08000000 		.4byte	.LVL6
 538 0064 0C000000 		.4byte	.LVL7
 539 0068 0100     		.2byte	0x1
 540 006a 50       		.byte	0x50
 541 006b 0C000000 		.4byte	.LVL7
 542 006f 14000000 		.4byte	.LFE4
 543 0073 0400     		.2byte	0x4
 544 0075 72       		.byte	0x72
 545 0076 00       		.sleb128 0
 546 0077 06       		.byte	0x6
 547 0078 9F       		.byte	0x9f
ARM GAS  C:\Users\JEPPES~1\AppData\Local\Temp\ccsAG3DF.s 			page 13


 548 0079 00000000 		.4byte	0
 549 007d 00000000 		.4byte	0
 550              		.section	.debug_aranges,"",%progbits
 551 0000 3C000000 		.4byte	0x3c
 552 0004 0200     		.2byte	0x2
 553 0006 00000000 		.4byte	.Ldebug_info0
 554 000a 04       		.byte	0x4
 555 000b 00       		.byte	0
 556 000c 0000     		.2byte	0
 557 000e 0000     		.2byte	0
 558 0010 00000000 		.4byte	.LFB0
 559 0014 18000000 		.4byte	.LFE0-.LFB0
 560 0018 00000000 		.4byte	.LFB1
 561 001c 18000000 		.4byte	.LFE1-.LFB1
 562 0020 00000000 		.4byte	.LFB2
 563 0024 10000000 		.4byte	.LFE2-.LFB2
 564 0028 00000000 		.4byte	.LFB3
 565 002c 10000000 		.4byte	.LFE3-.LFB3
 566 0030 00000000 		.4byte	.LFB4
 567 0034 14000000 		.4byte	.LFE4-.LFB4
 568 0038 00000000 		.4byte	0
 569 003c 00000000 		.4byte	0
 570              		.section	.debug_ranges,"",%progbits
 571              	.Ldebug_ranges0:
 572 0000 00000000 		.4byte	.LFB0
 573 0004 18000000 		.4byte	.LFE0
 574 0008 00000000 		.4byte	.LFB1
 575 000c 18000000 		.4byte	.LFE1
 576 0010 00000000 		.4byte	.LFB2
 577 0014 10000000 		.4byte	.LFE2
 578 0018 00000000 		.4byte	.LFB3
 579 001c 10000000 		.4byte	.LFE3
 580 0020 00000000 		.4byte	.LFB4
 581 0024 14000000 		.4byte	.LFE4
 582 0028 00000000 		.4byte	0
 583 002c 00000000 		.4byte	0
 584              		.section	.debug_line,"",%progbits
 585              	.Ldebug_line0:
 586 0000 A4000000 		.section	.debug_str,"MS",%progbits,1
 586      02004100 
 586      00000201 
 586      FB0E0D00 
 586      01010101 
 587              	.LASF14:
 588 0000 72656733 		.ascii	"reg32\000"
 588      3200
 589              	.LASF19:
 590 0006 44435F52 		.ascii	"DC_Read\000"
 590      65616400 
 591              	.LASF16:
 592 000e 44435F53 		.ascii	"DC_SetDriveMode\000"
 592      65744472 
 592      6976654D 
 592      6F646500 
 593              	.LASF17:
 594 001e 76616C75 		.ascii	"value\000"
 594      6500
ARM GAS  C:\Users\JEPPES~1\AppData\Local\Temp\ccsAG3DF.s 			page 14


 595              	.LASF25:
 596 0024 2E5C4765 		.ascii	".\\Generated_Source\\PSoC4\\DC.c\000"
 596      6E657261 
 596      7465645F 
 596      536F7572 
 596      63655C50 
 597              	.LASF11:
 598 0042 666C6F61 		.ascii	"float\000"
 598      7400
 599              	.LASF1:
 600 0048 756E7369 		.ascii	"unsigned char\000"
 600      676E6564 
 600      20636861 
 600      7200
 601              	.LASF22:
 602 0056 64725661 		.ascii	"drVal\000"
 602      6C00
 603              	.LASF20:
 604 005c 44435F52 		.ascii	"DC_ReadDataReg\000"
 604      65616444 
 604      61746152 
 604      656700
 605              	.LASF5:
 606 006b 6C6F6E67 		.ascii	"long unsigned int\000"
 606      20756E73 
 606      69676E65 
 606      6420696E 
 606      7400
 607              	.LASF3:
 608 007d 73686F72 		.ascii	"short unsigned int\000"
 608      7420756E 
 608      7369676E 
 608      65642069 
 608      6E7400
 609              	.LASF15:
 610 0090 44435F57 		.ascii	"DC_Write\000"
 610      72697465 
 610      00
 611              	.LASF12:
 612 0099 646F7562 		.ascii	"double\000"
 612      6C6500
 613              	.LASF10:
 614 00a0 75696E74 		.ascii	"uint32\000"
 614      333200
 615              	.LASF8:
 616 00a7 756E7369 		.ascii	"unsigned int\000"
 616      676E6564 
 616      20696E74 
 616      00
 617              	.LASF26:
 618 00b4 433A5C45 		.ascii	"C:\\E3PRJ3-Gruppe1\\PSoC\\PSoC4Master.cydsn\000"
 618      3350524A 
 618      332D4772 
 618      75707065 
 618      315C5053 
 619              	.LASF7:
 620 00dd 6C6F6E67 		.ascii	"long long unsigned int\000"
ARM GAS  C:\Users\JEPPES~1\AppData\Local\Temp\ccsAG3DF.s 			page 15


 620      206C6F6E 
 620      6720756E 
 620      7369676E 
 620      65642069 
 621              	.LASF18:
 622 00f4 6D6F6465 		.ascii	"mode\000"
 622      00
 623              	.LASF6:
 624 00f9 6C6F6E67 		.ascii	"long long int\000"
 624      206C6F6E 
 624      6720696E 
 624      7400
 625              	.LASF23:
 626 0107 6D61736B 		.ascii	"maskedStatus\000"
 626      65645374 
 626      61747573 
 626      00
 627              	.LASF13:
 628 0114 63686172 		.ascii	"char\000"
 628      00
 629              	.LASF24:
 630 0119 474E5520 		.ascii	"GNU C 4.9.3 20150303 (release) [ARM/embedded-4_9-br"
 630      4320342E 
 630      392E3320 
 630      32303135 
 630      30333033 
 631 014c 616E6368 		.ascii	"anch revision 221220] -mcpu=cortex-m0 -mthumb -g -O"
 631      20726576 
 631      6973696F 
 631      6E203232 
 631      31323230 
 632 017f 67202D66 		.ascii	"g -ffunction-sections -ffat-lto-objects\000"
 632      66756E63 
 632      74696F6E 
 632      2D736563 
 632      74696F6E 
 633              	.LASF2:
 634 01a7 73686F72 		.ascii	"short int\000"
 634      7420696E 
 634      7400
 635              	.LASF9:
 636 01b1 75696E74 		.ascii	"uint8\000"
 636      3800
 637              	.LASF4:
 638 01b7 6C6F6E67 		.ascii	"long int\000"
 638      20696E74 
 638      00
 639              	.LASF0:
 640 01c0 7369676E 		.ascii	"signed char\000"
 640      65642063 
 640      68617200 
 641              	.LASF21:
 642 01cc 44435F43 		.ascii	"DC_ClearInterrupt\000"
 642      6C656172 
 642      496E7465 
 642      72727570 
 642      7400
ARM GAS  C:\Users\JEPPES~1\AppData\Local\Temp\ccsAG3DF.s 			page 16


 643              		.ident	"GCC: (GNU Tools for ARM Embedded Processors) 4.9.3 20150303 (release) [ARM/embedded-4_9-br
