ARM GAS  C:\Users\JEPPES~1\AppData\Local\Temp\ccyXzNs2.s 			page 1


   1              		.cpu cortex-m0
   2              		.fpu softvfp
   3              		.eabi_attribute 20, 1
   4              		.eabi_attribute 21, 1
   5              		.eabi_attribute 23, 3
   6              		.eabi_attribute 24, 1
   7              		.eabi_attribute 25, 1
   8              		.eabi_attribute 26, 1
   9              		.eabi_attribute 30, 1
  10              		.eabi_attribute 34, 0
  11              		.eabi_attribute 18, 4
  12              		.code	16
  13              		.file	"Gnd.c"
  14              		.text
  15              	.Ltext0:
  16              		.cfi_sections	.debug_frame
  17              		.section	.text.Gnd_Write,"ax",%progbits
  18              		.align	2
  19              		.global	Gnd_Write
  20              		.code	16
  21              		.thumb_func
  22              		.type	Gnd_Write, %function
  23              	Gnd_Write:
  24              	.LFB0:
  25              		.file 1 ".\\Generated_Source\\PSoC4\\Gnd.c"
   1:.\Generated_Source\PSoC4/Gnd.c **** /*******************************************************************************
   2:.\Generated_Source\PSoC4/Gnd.c **** * File Name: Gnd.c  
   3:.\Generated_Source\PSoC4/Gnd.c **** * Version 1.90
   4:.\Generated_Source\PSoC4/Gnd.c **** *
   5:.\Generated_Source\PSoC4/Gnd.c **** * Description:
   6:.\Generated_Source\PSoC4/Gnd.c **** *  This file contains API to enable firmware control of a Pins component.
   7:.\Generated_Source\PSoC4/Gnd.c **** *
   8:.\Generated_Source\PSoC4/Gnd.c **** * Note:
   9:.\Generated_Source\PSoC4/Gnd.c **** *
  10:.\Generated_Source\PSoC4/Gnd.c **** ********************************************************************************
  11:.\Generated_Source\PSoC4/Gnd.c **** * Copyright 2008-2012, Cypress Semiconductor Corporation.  All rights reserved.
  12:.\Generated_Source\PSoC4/Gnd.c **** * You may use this file only in accordance with the license, terms, conditions, 
  13:.\Generated_Source\PSoC4/Gnd.c **** * disclaimers, and limitations in the end user license agreement accompanying 
  14:.\Generated_Source\PSoC4/Gnd.c **** * the software package with which this file was provided.
  15:.\Generated_Source\PSoC4/Gnd.c **** *******************************************************************************/
  16:.\Generated_Source\PSoC4/Gnd.c **** 
  17:.\Generated_Source\PSoC4/Gnd.c **** #include "cytypes.h"
  18:.\Generated_Source\PSoC4/Gnd.c **** #include "Gnd.h"
  19:.\Generated_Source\PSoC4/Gnd.c **** 
  20:.\Generated_Source\PSoC4/Gnd.c **** #define SetP4PinDriveMode(shift, mode)  \
  21:.\Generated_Source\PSoC4/Gnd.c ****     do { \
  22:.\Generated_Source\PSoC4/Gnd.c ****         Gnd_PC =   (Gnd_PC & \
  23:.\Generated_Source\PSoC4/Gnd.c ****                                 (uint32)(~(uint32)(Gnd_DRIVE_MODE_IND_MASK << (Gnd_DRIVE_MODE_BITS 
  24:.\Generated_Source\PSoC4/Gnd.c ****                                 (uint32)((uint32)(mode) << (Gnd_DRIVE_MODE_BITS * (shift))); \
  25:.\Generated_Source\PSoC4/Gnd.c ****     } while (0)
  26:.\Generated_Source\PSoC4/Gnd.c **** 
  27:.\Generated_Source\PSoC4/Gnd.c **** 
  28:.\Generated_Source\PSoC4/Gnd.c **** /*******************************************************************************
  29:.\Generated_Source\PSoC4/Gnd.c **** * Function Name: Gnd_Write
  30:.\Generated_Source\PSoC4/Gnd.c **** ********************************************************************************
  31:.\Generated_Source\PSoC4/Gnd.c **** *
  32:.\Generated_Source\PSoC4/Gnd.c **** * Summary:
ARM GAS  C:\Users\JEPPES~1\AppData\Local\Temp\ccyXzNs2.s 			page 2


  33:.\Generated_Source\PSoC4/Gnd.c **** *  Assign a new value to the digital port's data output register.  
  34:.\Generated_Source\PSoC4/Gnd.c **** *
  35:.\Generated_Source\PSoC4/Gnd.c **** * Parameters:  
  36:.\Generated_Source\PSoC4/Gnd.c **** *  prtValue:  The value to be assigned to the Digital Port. 
  37:.\Generated_Source\PSoC4/Gnd.c **** *
  38:.\Generated_Source\PSoC4/Gnd.c **** * Return: 
  39:.\Generated_Source\PSoC4/Gnd.c **** *  None 
  40:.\Generated_Source\PSoC4/Gnd.c **** *  
  41:.\Generated_Source\PSoC4/Gnd.c **** *******************************************************************************/
  42:.\Generated_Source\PSoC4/Gnd.c **** void Gnd_Write(uint8 value) 
  43:.\Generated_Source\PSoC4/Gnd.c **** {
  26              		.loc 1 43 0
  27              		.cfi_startproc
  28              	.LVL0:
  29 0000 031C     		mov	r3, r0
  44:.\Generated_Source\PSoC4/Gnd.c ****     uint8 drVal = (uint8)(Gnd_DR & (uint8)(~Gnd_MASK));
  30              		.loc 1 44 0
  31 0002 0449     		ldr	r1, .L2
  32 0004 0868     		ldr	r0, [r1]
  33              	.LVL1:
  34 0006 FE22     		mov	r2, #254
  35 0008 0240     		and	r2, r0
  36              	.LVL2:
  45:.\Generated_Source\PSoC4/Gnd.c ****     drVal = (drVal | ((uint8)(value << Gnd_SHIFT) & Gnd_MASK));
  37              		.loc 1 45 0
  38 000a 0120     		mov	r0, #1
  39 000c 1840     		and	r0, r3
  40 000e 1043     		orr	r0, r2
  41              	.LVL3:
  46:.\Generated_Source\PSoC4/Gnd.c ****     Gnd_DR = (uint32)drVal;
  42              		.loc 1 46 0
  43 0010 0860     		str	r0, [r1]
  47:.\Generated_Source\PSoC4/Gnd.c **** }
  44              		.loc 1 47 0
  45              		@ sp needed
  46 0012 7047     		bx	lr
  47              	.L3:
  48              		.align	2
  49              	.L2:
  50 0014 00020440 		.word	1074004480
  51              		.cfi_endproc
  52              	.LFE0:
  53              		.size	Gnd_Write, .-Gnd_Write
  54              		.section	.text.Gnd_SetDriveMode,"ax",%progbits
  55              		.align	2
  56              		.global	Gnd_SetDriveMode
  57              		.code	16
  58              		.thumb_func
  59              		.type	Gnd_SetDriveMode, %function
  60              	Gnd_SetDriveMode:
  61              	.LFB1:
  48:.\Generated_Source\PSoC4/Gnd.c **** 
  49:.\Generated_Source\PSoC4/Gnd.c **** 
  50:.\Generated_Source\PSoC4/Gnd.c **** /*******************************************************************************
  51:.\Generated_Source\PSoC4/Gnd.c **** * Function Name: Gnd_SetDriveMode
  52:.\Generated_Source\PSoC4/Gnd.c **** ********************************************************************************
  53:.\Generated_Source\PSoC4/Gnd.c **** *
ARM GAS  C:\Users\JEPPES~1\AppData\Local\Temp\ccyXzNs2.s 			page 3


  54:.\Generated_Source\PSoC4/Gnd.c **** * Summary:
  55:.\Generated_Source\PSoC4/Gnd.c **** *  Change the drive mode on the pins of the port.
  56:.\Generated_Source\PSoC4/Gnd.c **** * 
  57:.\Generated_Source\PSoC4/Gnd.c **** * Parameters:  
  58:.\Generated_Source\PSoC4/Gnd.c **** *  mode:  Change the pins to this drive mode.
  59:.\Generated_Source\PSoC4/Gnd.c **** *
  60:.\Generated_Source\PSoC4/Gnd.c **** * Return: 
  61:.\Generated_Source\PSoC4/Gnd.c **** *  None
  62:.\Generated_Source\PSoC4/Gnd.c **** *
  63:.\Generated_Source\PSoC4/Gnd.c **** *******************************************************************************/
  64:.\Generated_Source\PSoC4/Gnd.c **** void Gnd_SetDriveMode(uint8 mode) 
  65:.\Generated_Source\PSoC4/Gnd.c **** {
  62              		.loc 1 65 0
  63              		.cfi_startproc
  64              	.LVL4:
  66:.\Generated_Source\PSoC4/Gnd.c **** 	SetP4PinDriveMode(Gnd__0__SHIFT, mode);
  65              		.loc 1 66 0
  66 0000 034A     		ldr	r2, .L5
  67 0002 1368     		ldr	r3, [r2]
  68 0004 0721     		mov	r1, #7
  69 0006 8B43     		bic	r3, r1
  70 0008 1843     		orr	r0, r3
  71              	.LVL5:
  72 000a 1060     		str	r0, [r2]
  67:.\Generated_Source\PSoC4/Gnd.c **** }
  73              		.loc 1 67 0
  74              		@ sp needed
  75 000c 7047     		bx	lr
  76              	.L6:
  77 000e C046     		.align	2
  78              	.L5:
  79 0010 08020440 		.word	1074004488
  80              		.cfi_endproc
  81              	.LFE1:
  82              		.size	Gnd_SetDriveMode, .-Gnd_SetDriveMode
  83              		.section	.text.Gnd_Read,"ax",%progbits
  84              		.align	2
  85              		.global	Gnd_Read
  86              		.code	16
  87              		.thumb_func
  88              		.type	Gnd_Read, %function
  89              	Gnd_Read:
  90              	.LFB2:
  68:.\Generated_Source\PSoC4/Gnd.c **** 
  69:.\Generated_Source\PSoC4/Gnd.c **** 
  70:.\Generated_Source\PSoC4/Gnd.c **** /*******************************************************************************
  71:.\Generated_Source\PSoC4/Gnd.c **** * Function Name: Gnd_Read
  72:.\Generated_Source\PSoC4/Gnd.c **** ********************************************************************************
  73:.\Generated_Source\PSoC4/Gnd.c **** *
  74:.\Generated_Source\PSoC4/Gnd.c **** * Summary:
  75:.\Generated_Source\PSoC4/Gnd.c **** *  Read the current value on the pins of the Digital Port in right justified 
  76:.\Generated_Source\PSoC4/Gnd.c **** *  form.
  77:.\Generated_Source\PSoC4/Gnd.c **** *
  78:.\Generated_Source\PSoC4/Gnd.c **** * Parameters:  
  79:.\Generated_Source\PSoC4/Gnd.c **** *  None 
  80:.\Generated_Source\PSoC4/Gnd.c **** *
  81:.\Generated_Source\PSoC4/Gnd.c **** * Return: 
ARM GAS  C:\Users\JEPPES~1\AppData\Local\Temp\ccyXzNs2.s 			page 4


  82:.\Generated_Source\PSoC4/Gnd.c **** *  Returns the current value of the Digital Port as a right justified number
  83:.\Generated_Source\PSoC4/Gnd.c **** *  
  84:.\Generated_Source\PSoC4/Gnd.c **** * Note:
  85:.\Generated_Source\PSoC4/Gnd.c **** *  Macro Gnd_ReadPS calls this function. 
  86:.\Generated_Source\PSoC4/Gnd.c **** *  
  87:.\Generated_Source\PSoC4/Gnd.c **** *******************************************************************************/
  88:.\Generated_Source\PSoC4/Gnd.c **** uint8 Gnd_Read(void) 
  89:.\Generated_Source\PSoC4/Gnd.c **** {
  91              		.loc 1 89 0
  92              		.cfi_startproc
  90:.\Generated_Source\PSoC4/Gnd.c ****     return (uint8)((Gnd_PS & Gnd_MASK) >> Gnd_SHIFT);
  93              		.loc 1 90 0
  94 0000 024B     		ldr	r3, .L8
  95 0002 1868     		ldr	r0, [r3]
  96 0004 0123     		mov	r3, #1
  97 0006 1840     		and	r0, r3
  91:.\Generated_Source\PSoC4/Gnd.c **** }
  98              		.loc 1 91 0
  99              		@ sp needed
 100 0008 7047     		bx	lr
 101              	.L9:
 102 000a C046     		.align	2
 103              	.L8:
 104 000c 04020440 		.word	1074004484
 105              		.cfi_endproc
 106              	.LFE2:
 107              		.size	Gnd_Read, .-Gnd_Read
 108              		.section	.text.Gnd_ReadDataReg,"ax",%progbits
 109              		.align	2
 110              		.global	Gnd_ReadDataReg
 111              		.code	16
 112              		.thumb_func
 113              		.type	Gnd_ReadDataReg, %function
 114              	Gnd_ReadDataReg:
 115              	.LFB3:
  92:.\Generated_Source\PSoC4/Gnd.c **** 
  93:.\Generated_Source\PSoC4/Gnd.c **** 
  94:.\Generated_Source\PSoC4/Gnd.c **** /*******************************************************************************
  95:.\Generated_Source\PSoC4/Gnd.c **** * Function Name: Gnd_ReadDataReg
  96:.\Generated_Source\PSoC4/Gnd.c **** ********************************************************************************
  97:.\Generated_Source\PSoC4/Gnd.c **** *
  98:.\Generated_Source\PSoC4/Gnd.c **** * Summary:
  99:.\Generated_Source\PSoC4/Gnd.c **** *  Read the current value assigned to a Digital Port's data output register
 100:.\Generated_Source\PSoC4/Gnd.c **** *
 101:.\Generated_Source\PSoC4/Gnd.c **** * Parameters:  
 102:.\Generated_Source\PSoC4/Gnd.c **** *  None 
 103:.\Generated_Source\PSoC4/Gnd.c **** *
 104:.\Generated_Source\PSoC4/Gnd.c **** * Return: 
 105:.\Generated_Source\PSoC4/Gnd.c **** *  Returns the current value assigned to the Digital Port's data output register
 106:.\Generated_Source\PSoC4/Gnd.c **** *  
 107:.\Generated_Source\PSoC4/Gnd.c **** *******************************************************************************/
 108:.\Generated_Source\PSoC4/Gnd.c **** uint8 Gnd_ReadDataReg(void) 
 109:.\Generated_Source\PSoC4/Gnd.c **** {
 116              		.loc 1 109 0
 117              		.cfi_startproc
 110:.\Generated_Source\PSoC4/Gnd.c ****     return (uint8)((Gnd_DR & Gnd_MASK) >> Gnd_SHIFT);
 118              		.loc 1 110 0
ARM GAS  C:\Users\JEPPES~1\AppData\Local\Temp\ccyXzNs2.s 			page 5


 119 0000 024B     		ldr	r3, .L11
 120 0002 1868     		ldr	r0, [r3]
 121 0004 0123     		mov	r3, #1
 122 0006 1840     		and	r0, r3
 111:.\Generated_Source\PSoC4/Gnd.c **** }
 123              		.loc 1 111 0
 124              		@ sp needed
 125 0008 7047     		bx	lr
 126              	.L12:
 127 000a C046     		.align	2
 128              	.L11:
 129 000c 00020440 		.word	1074004480
 130              		.cfi_endproc
 131              	.LFE3:
 132              		.size	Gnd_ReadDataReg, .-Gnd_ReadDataReg
 133              		.section	.text.Gnd_ClearInterrupt,"ax",%progbits
 134              		.align	2
 135              		.global	Gnd_ClearInterrupt
 136              		.code	16
 137              		.thumb_func
 138              		.type	Gnd_ClearInterrupt, %function
 139              	Gnd_ClearInterrupt:
 140              	.LFB4:
 112:.\Generated_Source\PSoC4/Gnd.c **** 
 113:.\Generated_Source\PSoC4/Gnd.c **** 
 114:.\Generated_Source\PSoC4/Gnd.c **** /* If Interrupts Are Enabled for this Pins component */ 
 115:.\Generated_Source\PSoC4/Gnd.c **** #if defined(Gnd_INTSTAT) 
 116:.\Generated_Source\PSoC4/Gnd.c **** 
 117:.\Generated_Source\PSoC4/Gnd.c ****     /*******************************************************************************
 118:.\Generated_Source\PSoC4/Gnd.c ****     * Function Name: Gnd_ClearInterrupt
 119:.\Generated_Source\PSoC4/Gnd.c ****     ********************************************************************************
 120:.\Generated_Source\PSoC4/Gnd.c ****     *
 121:.\Generated_Source\PSoC4/Gnd.c ****     * Summary:
 122:.\Generated_Source\PSoC4/Gnd.c ****     *  Clears any active interrupts attached to port and returns the value of the 
 123:.\Generated_Source\PSoC4/Gnd.c ****     *  interrupt status register.
 124:.\Generated_Source\PSoC4/Gnd.c ****     *
 125:.\Generated_Source\PSoC4/Gnd.c ****     * Parameters:  
 126:.\Generated_Source\PSoC4/Gnd.c ****     *  None 
 127:.\Generated_Source\PSoC4/Gnd.c ****     *
 128:.\Generated_Source\PSoC4/Gnd.c ****     * Return: 
 129:.\Generated_Source\PSoC4/Gnd.c ****     *  Returns the value of the interrupt status register
 130:.\Generated_Source\PSoC4/Gnd.c ****     *  
 131:.\Generated_Source\PSoC4/Gnd.c ****     *******************************************************************************/
 132:.\Generated_Source\PSoC4/Gnd.c ****     uint8 Gnd_ClearInterrupt(void) 
 133:.\Generated_Source\PSoC4/Gnd.c ****     {
 141              		.loc 1 133 0
 142              		.cfi_startproc
 134:.\Generated_Source\PSoC4/Gnd.c **** 		uint8 maskedStatus = (uint8)(Gnd_INTSTAT & Gnd_MASK);
 143              		.loc 1 134 0
 144 0000 024A     		ldr	r2, .L14
 145 0002 1068     		ldr	r0, [r2]
 146 0004 0123     		mov	r3, #1
 147 0006 1840     		and	r0, r3
 148              	.LVL6:
 135:.\Generated_Source\PSoC4/Gnd.c **** 		Gnd_INTSTAT = maskedStatus;
 149              		.loc 1 135 0
 150 0008 1060     		str	r0, [r2]
ARM GAS  C:\Users\JEPPES~1\AppData\Local\Temp\ccyXzNs2.s 			page 6


 136:.\Generated_Source\PSoC4/Gnd.c ****         return maskedStatus >> Gnd_SHIFT;
 137:.\Generated_Source\PSoC4/Gnd.c ****     }
 151              		.loc 1 137 0
 152              		@ sp needed
 153 000a 7047     		bx	lr
 154              	.L15:
 155              		.align	2
 156              	.L14:
 157 000c 10020440 		.word	1074004496
 158              		.cfi_endproc
 159              	.LFE4:
 160              		.size	Gnd_ClearInterrupt, .-Gnd_ClearInterrupt
 161              		.text
 162              	.Letext0:
 163              		.file 2 ".\\Generated_Source\\PSoC4\\cytypes.h"
 164              		.section	.debug_info,"",%progbits
 165              	.Ldebug_info0:
 166 0000 4C010000 		.4byte	0x14c
 167 0004 0400     		.2byte	0x4
 168 0006 00000000 		.4byte	.Ldebug_abbrev0
 169 000a 04       		.byte	0x4
 170 000b 01       		.uleb128 0x1
 171 000c 09010000 		.4byte	.LASF24
 172 0010 01       		.byte	0x1
 173 0011 B0010000 		.4byte	.LASF25
 174 0015 A4000000 		.4byte	.LASF26
 175 0019 00000000 		.4byte	.Ldebug_ranges0+0
 176 001d 00000000 		.4byte	0
 177 0021 00000000 		.4byte	.Ldebug_line0
 178 0025 02       		.uleb128 0x2
 179 0026 01       		.byte	0x1
 180 0027 06       		.byte	0x6
 181 0028 CF010000 		.4byte	.LASF0
 182 002c 02       		.uleb128 0x2
 183 002d 01       		.byte	0x1
 184 002e 08       		.byte	0x8
 185 002f 50000000 		.4byte	.LASF1
 186 0033 02       		.uleb128 0x2
 187 0034 02       		.byte	0x2
 188 0035 05       		.byte	0x5
 189 0036 97010000 		.4byte	.LASF2
 190 003a 02       		.uleb128 0x2
 191 003b 02       		.byte	0x2
 192 003c 07       		.byte	0x7
 193 003d 76000000 		.4byte	.LASF3
 194 0041 02       		.uleb128 0x2
 195 0042 04       		.byte	0x4
 196 0043 05       		.byte	0x5
 197 0044 A7010000 		.4byte	.LASF4
 198 0048 02       		.uleb128 0x2
 199 0049 04       		.byte	0x4
 200 004a 07       		.byte	0x7
 201 004b 64000000 		.4byte	.LASF5
 202 004f 02       		.uleb128 0x2
 203 0050 08       		.byte	0x8
 204 0051 05       		.byte	0x5
 205 0052 E9000000 		.4byte	.LASF6
ARM GAS  C:\Users\JEPPES~1\AppData\Local\Temp\ccyXzNs2.s 			page 7


 206 0056 02       		.uleb128 0x2
 207 0057 08       		.byte	0x8
 208 0058 07       		.byte	0x7
 209 0059 CD000000 		.4byte	.LASF7
 210 005d 03       		.uleb128 0x3
 211 005e 04       		.byte	0x4
 212 005f 05       		.byte	0x5
 213 0060 696E7400 		.ascii	"int\000"
 214 0064 02       		.uleb128 0x2
 215 0065 04       		.byte	0x4
 216 0066 07       		.byte	0x7
 217 0067 97000000 		.4byte	.LASF8
 218 006b 04       		.uleb128 0x4
 219 006c A1010000 		.4byte	.LASF9
 220 0070 02       		.byte	0x2
 221 0071 3801     		.2byte	0x138
 222 0073 2C000000 		.4byte	0x2c
 223 0077 04       		.uleb128 0x4
 224 0078 90000000 		.4byte	.LASF10
 225 007c 02       		.byte	0x2
 226 007d 3A01     		.2byte	0x13a
 227 007f 48000000 		.4byte	0x48
 228 0083 02       		.uleb128 0x2
 229 0084 04       		.byte	0x4
 230 0085 04       		.byte	0x4
 231 0086 4A000000 		.4byte	.LASF11
 232 008a 02       		.uleb128 0x2
 233 008b 08       		.byte	0x8
 234 008c 04       		.byte	0x4
 235 008d 89000000 		.4byte	.LASF12
 236 0091 02       		.uleb128 0x2
 237 0092 01       		.byte	0x1
 238 0093 08       		.byte	0x8
 239 0094 04010000 		.4byte	.LASF13
 240 0098 04       		.uleb128 0x4
 241 0099 00000000 		.4byte	.LASF14
 242 009d 02       		.byte	0x2
 243 009e E401     		.2byte	0x1e4
 244 00a0 A4000000 		.4byte	0xa4
 245 00a4 05       		.uleb128 0x5
 246 00a5 77000000 		.4byte	0x77
 247 00a9 06       		.uleb128 0x6
 248 00aa 1D000000 		.4byte	.LASF15
 249 00ae 01       		.byte	0x1
 250 00af 2A       		.byte	0x2a
 251 00b0 00000000 		.4byte	.LFB0
 252 00b4 18000000 		.4byte	.LFE0-.LFB0
 253 00b8 01       		.uleb128 0x1
 254 00b9 9C       		.byte	0x9c
 255 00ba DD000000 		.4byte	0xdd
 256 00be 07       		.uleb128 0x7
 257 00bf 17000000 		.4byte	.LASF17
 258 00c3 01       		.byte	0x1
 259 00c4 2A       		.byte	0x2a
 260 00c5 6B000000 		.4byte	0x6b
 261 00c9 00000000 		.4byte	.LLST0
 262 00cd 08       		.uleb128 0x8
ARM GAS  C:\Users\JEPPES~1\AppData\Local\Temp\ccyXzNs2.s 			page 8


 263 00ce 5E000000 		.4byte	.LASF22
 264 00d2 01       		.byte	0x1
 265 00d3 2C       		.byte	0x2c
 266 00d4 6B000000 		.4byte	0x6b
 267 00d8 21000000 		.4byte	.LLST1
 268 00dc 00       		.byte	0
 269 00dd 06       		.uleb128 0x6
 270 00de 06000000 		.4byte	.LASF16
 271 00e2 01       		.byte	0x1
 272 00e3 40       		.byte	0x40
 273 00e4 00000000 		.4byte	.LFB1
 274 00e8 14000000 		.4byte	.LFE1-.LFB1
 275 00ec 01       		.uleb128 0x1
 276 00ed 9C       		.byte	0x9c
 277 00ee 02010000 		.4byte	0x102
 278 00f2 07       		.uleb128 0x7
 279 00f3 E4000000 		.4byte	.LASF18
 280 00f7 01       		.byte	0x1
 281 00f8 40       		.byte	0x40
 282 00f9 6B000000 		.4byte	0x6b
 283 00fd 3F000000 		.4byte	.LLST2
 284 0101 00       		.byte	0
 285 0102 09       		.uleb128 0x9
 286 0103 DB010000 		.4byte	.LASF19
 287 0107 01       		.byte	0x1
 288 0108 58       		.byte	0x58
 289 0109 6B000000 		.4byte	0x6b
 290 010d 00000000 		.4byte	.LFB2
 291 0111 10000000 		.4byte	.LFE2-.LFB2
 292 0115 01       		.uleb128 0x1
 293 0116 9C       		.byte	0x9c
 294 0117 09       		.uleb128 0x9
 295 0118 27000000 		.4byte	.LASF20
 296 011c 01       		.byte	0x1
 297 011d 6C       		.byte	0x6c
 298 011e 6B000000 		.4byte	0x6b
 299 0122 00000000 		.4byte	.LFB3
 300 0126 10000000 		.4byte	.LFE3-.LFB3
 301 012a 01       		.uleb128 0x1
 302 012b 9C       		.byte	0x9c
 303 012c 0A       		.uleb128 0xa
 304 012d 37000000 		.4byte	.LASF21
 305 0131 01       		.byte	0x1
 306 0132 84       		.byte	0x84
 307 0133 6B000000 		.4byte	0x6b
 308 0137 00000000 		.4byte	.LFB4
 309 013b 10000000 		.4byte	.LFE4-.LFB4
 310 013f 01       		.uleb128 0x1
 311 0140 9C       		.byte	0x9c
 312 0141 0B       		.uleb128 0xb
 313 0142 F7000000 		.4byte	.LASF23
 314 0146 01       		.byte	0x1
 315 0147 86       		.byte	0x86
 316 0148 6B000000 		.4byte	0x6b
 317 014c 01       		.uleb128 0x1
 318 014d 50       		.byte	0x50
 319 014e 00       		.byte	0
ARM GAS  C:\Users\JEPPES~1\AppData\Local\Temp\ccyXzNs2.s 			page 9


 320 014f 00       		.byte	0
 321              		.section	.debug_abbrev,"",%progbits
 322              	.Ldebug_abbrev0:
 323 0000 01       		.uleb128 0x1
 324 0001 11       		.uleb128 0x11
 325 0002 01       		.byte	0x1
 326 0003 25       		.uleb128 0x25
 327 0004 0E       		.uleb128 0xe
 328 0005 13       		.uleb128 0x13
 329 0006 0B       		.uleb128 0xb
 330 0007 03       		.uleb128 0x3
 331 0008 0E       		.uleb128 0xe
 332 0009 1B       		.uleb128 0x1b
 333 000a 0E       		.uleb128 0xe
 334 000b 55       		.uleb128 0x55
 335 000c 17       		.uleb128 0x17
 336 000d 11       		.uleb128 0x11
 337 000e 01       		.uleb128 0x1
 338 000f 10       		.uleb128 0x10
 339 0010 17       		.uleb128 0x17
 340 0011 00       		.byte	0
 341 0012 00       		.byte	0
 342 0013 02       		.uleb128 0x2
 343 0014 24       		.uleb128 0x24
 344 0015 00       		.byte	0
 345 0016 0B       		.uleb128 0xb
 346 0017 0B       		.uleb128 0xb
 347 0018 3E       		.uleb128 0x3e
 348 0019 0B       		.uleb128 0xb
 349 001a 03       		.uleb128 0x3
 350 001b 0E       		.uleb128 0xe
 351 001c 00       		.byte	0
 352 001d 00       		.byte	0
 353 001e 03       		.uleb128 0x3
 354 001f 24       		.uleb128 0x24
 355 0020 00       		.byte	0
 356 0021 0B       		.uleb128 0xb
 357 0022 0B       		.uleb128 0xb
 358 0023 3E       		.uleb128 0x3e
 359 0024 0B       		.uleb128 0xb
 360 0025 03       		.uleb128 0x3
 361 0026 08       		.uleb128 0x8
 362 0027 00       		.byte	0
 363 0028 00       		.byte	0
 364 0029 04       		.uleb128 0x4
 365 002a 16       		.uleb128 0x16
 366 002b 00       		.byte	0
 367 002c 03       		.uleb128 0x3
 368 002d 0E       		.uleb128 0xe
 369 002e 3A       		.uleb128 0x3a
 370 002f 0B       		.uleb128 0xb
 371 0030 3B       		.uleb128 0x3b
 372 0031 05       		.uleb128 0x5
 373 0032 49       		.uleb128 0x49
 374 0033 13       		.uleb128 0x13
 375 0034 00       		.byte	0
 376 0035 00       		.byte	0
ARM GAS  C:\Users\JEPPES~1\AppData\Local\Temp\ccyXzNs2.s 			page 10


 377 0036 05       		.uleb128 0x5
 378 0037 35       		.uleb128 0x35
 379 0038 00       		.byte	0
 380 0039 49       		.uleb128 0x49
 381 003a 13       		.uleb128 0x13
 382 003b 00       		.byte	0
 383 003c 00       		.byte	0
 384 003d 06       		.uleb128 0x6
 385 003e 2E       		.uleb128 0x2e
 386 003f 01       		.byte	0x1
 387 0040 3F       		.uleb128 0x3f
 388 0041 19       		.uleb128 0x19
 389 0042 03       		.uleb128 0x3
 390 0043 0E       		.uleb128 0xe
 391 0044 3A       		.uleb128 0x3a
 392 0045 0B       		.uleb128 0xb
 393 0046 3B       		.uleb128 0x3b
 394 0047 0B       		.uleb128 0xb
 395 0048 27       		.uleb128 0x27
 396 0049 19       		.uleb128 0x19
 397 004a 11       		.uleb128 0x11
 398 004b 01       		.uleb128 0x1
 399 004c 12       		.uleb128 0x12
 400 004d 06       		.uleb128 0x6
 401 004e 40       		.uleb128 0x40
 402 004f 18       		.uleb128 0x18
 403 0050 9742     		.uleb128 0x2117
 404 0052 19       		.uleb128 0x19
 405 0053 01       		.uleb128 0x1
 406 0054 13       		.uleb128 0x13
 407 0055 00       		.byte	0
 408 0056 00       		.byte	0
 409 0057 07       		.uleb128 0x7
 410 0058 05       		.uleb128 0x5
 411 0059 00       		.byte	0
 412 005a 03       		.uleb128 0x3
 413 005b 0E       		.uleb128 0xe
 414 005c 3A       		.uleb128 0x3a
 415 005d 0B       		.uleb128 0xb
 416 005e 3B       		.uleb128 0x3b
 417 005f 0B       		.uleb128 0xb
 418 0060 49       		.uleb128 0x49
 419 0061 13       		.uleb128 0x13
 420 0062 02       		.uleb128 0x2
 421 0063 17       		.uleb128 0x17
 422 0064 00       		.byte	0
 423 0065 00       		.byte	0
 424 0066 08       		.uleb128 0x8
 425 0067 34       		.uleb128 0x34
 426 0068 00       		.byte	0
 427 0069 03       		.uleb128 0x3
 428 006a 0E       		.uleb128 0xe
 429 006b 3A       		.uleb128 0x3a
 430 006c 0B       		.uleb128 0xb
 431 006d 3B       		.uleb128 0x3b
 432 006e 0B       		.uleb128 0xb
 433 006f 49       		.uleb128 0x49
ARM GAS  C:\Users\JEPPES~1\AppData\Local\Temp\ccyXzNs2.s 			page 11


 434 0070 13       		.uleb128 0x13
 435 0071 02       		.uleb128 0x2
 436 0072 17       		.uleb128 0x17
 437 0073 00       		.byte	0
 438 0074 00       		.byte	0
 439 0075 09       		.uleb128 0x9
 440 0076 2E       		.uleb128 0x2e
 441 0077 00       		.byte	0
 442 0078 3F       		.uleb128 0x3f
 443 0079 19       		.uleb128 0x19
 444 007a 03       		.uleb128 0x3
 445 007b 0E       		.uleb128 0xe
 446 007c 3A       		.uleb128 0x3a
 447 007d 0B       		.uleb128 0xb
 448 007e 3B       		.uleb128 0x3b
 449 007f 0B       		.uleb128 0xb
 450 0080 27       		.uleb128 0x27
 451 0081 19       		.uleb128 0x19
 452 0082 49       		.uleb128 0x49
 453 0083 13       		.uleb128 0x13
 454 0084 11       		.uleb128 0x11
 455 0085 01       		.uleb128 0x1
 456 0086 12       		.uleb128 0x12
 457 0087 06       		.uleb128 0x6
 458 0088 40       		.uleb128 0x40
 459 0089 18       		.uleb128 0x18
 460 008a 9742     		.uleb128 0x2117
 461 008c 19       		.uleb128 0x19
 462 008d 00       		.byte	0
 463 008e 00       		.byte	0
 464 008f 0A       		.uleb128 0xa
 465 0090 2E       		.uleb128 0x2e
 466 0091 01       		.byte	0x1
 467 0092 3F       		.uleb128 0x3f
 468 0093 19       		.uleb128 0x19
 469 0094 03       		.uleb128 0x3
 470 0095 0E       		.uleb128 0xe
 471 0096 3A       		.uleb128 0x3a
 472 0097 0B       		.uleb128 0xb
 473 0098 3B       		.uleb128 0x3b
 474 0099 0B       		.uleb128 0xb
 475 009a 27       		.uleb128 0x27
 476 009b 19       		.uleb128 0x19
 477 009c 49       		.uleb128 0x49
 478 009d 13       		.uleb128 0x13
 479 009e 11       		.uleb128 0x11
 480 009f 01       		.uleb128 0x1
 481 00a0 12       		.uleb128 0x12
 482 00a1 06       		.uleb128 0x6
 483 00a2 40       		.uleb128 0x40
 484 00a3 18       		.uleb128 0x18
 485 00a4 9742     		.uleb128 0x2117
 486 00a6 19       		.uleb128 0x19
 487 00a7 00       		.byte	0
 488 00a8 00       		.byte	0
 489 00a9 0B       		.uleb128 0xb
 490 00aa 34       		.uleb128 0x34
ARM GAS  C:\Users\JEPPES~1\AppData\Local\Temp\ccyXzNs2.s 			page 12


 491 00ab 00       		.byte	0
 492 00ac 03       		.uleb128 0x3
 493 00ad 0E       		.uleb128 0xe
 494 00ae 3A       		.uleb128 0x3a
 495 00af 0B       		.uleb128 0xb
 496 00b0 3B       		.uleb128 0x3b
 497 00b1 0B       		.uleb128 0xb
 498 00b2 49       		.uleb128 0x49
 499 00b3 13       		.uleb128 0x13
 500 00b4 02       		.uleb128 0x2
 501 00b5 18       		.uleb128 0x18
 502 00b6 00       		.byte	0
 503 00b7 00       		.byte	0
 504 00b8 00       		.byte	0
 505              		.section	.debug_loc,"",%progbits
 506              	.Ldebug_loc0:
 507              	.LLST0:
 508 0000 00000000 		.4byte	.LVL0
 509 0004 06000000 		.4byte	.LVL1
 510 0008 0100     		.2byte	0x1
 511 000a 50       		.byte	0x50
 512 000b 06000000 		.4byte	.LVL1
 513 000f 18000000 		.4byte	.LFE0
 514 0013 0400     		.2byte	0x4
 515 0015 F3       		.byte	0xf3
 516 0016 01       		.uleb128 0x1
 517 0017 50       		.byte	0x50
 518 0018 9F       		.byte	0x9f
 519 0019 00000000 		.4byte	0
 520 001d 00000000 		.4byte	0
 521              	.LLST1:
 522 0021 0A000000 		.4byte	.LVL2
 523 0025 10000000 		.4byte	.LVL3
 524 0029 0100     		.2byte	0x1
 525 002b 52       		.byte	0x52
 526 002c 10000000 		.4byte	.LVL3
 527 0030 18000000 		.4byte	.LFE0
 528 0034 0100     		.2byte	0x1
 529 0036 50       		.byte	0x50
 530 0037 00000000 		.4byte	0
 531 003b 00000000 		.4byte	0
 532              	.LLST2:
 533 003f 00000000 		.4byte	.LVL4
 534 0043 0A000000 		.4byte	.LVL5
 535 0047 0100     		.2byte	0x1
 536 0049 50       		.byte	0x50
 537 004a 0A000000 		.4byte	.LVL5
 538 004e 14000000 		.4byte	.LFE1
 539 0052 0400     		.2byte	0x4
 540 0054 F3       		.byte	0xf3
 541 0055 01       		.uleb128 0x1
 542 0056 50       		.byte	0x50
 543 0057 9F       		.byte	0x9f
 544 0058 00000000 		.4byte	0
 545 005c 00000000 		.4byte	0
 546              		.section	.debug_aranges,"",%progbits
 547 0000 3C000000 		.4byte	0x3c
ARM GAS  C:\Users\JEPPES~1\AppData\Local\Temp\ccyXzNs2.s 			page 13


 548 0004 0200     		.2byte	0x2
 549 0006 00000000 		.4byte	.Ldebug_info0
 550 000a 04       		.byte	0x4
 551 000b 00       		.byte	0
 552 000c 0000     		.2byte	0
 553 000e 0000     		.2byte	0
 554 0010 00000000 		.4byte	.LFB0
 555 0014 18000000 		.4byte	.LFE0-.LFB0
 556 0018 00000000 		.4byte	.LFB1
 557 001c 14000000 		.4byte	.LFE1-.LFB1
 558 0020 00000000 		.4byte	.LFB2
 559 0024 10000000 		.4byte	.LFE2-.LFB2
 560 0028 00000000 		.4byte	.LFB3
 561 002c 10000000 		.4byte	.LFE3-.LFB3
 562 0030 00000000 		.4byte	.LFB4
 563 0034 10000000 		.4byte	.LFE4-.LFB4
 564 0038 00000000 		.4byte	0
 565 003c 00000000 		.4byte	0
 566              		.section	.debug_ranges,"",%progbits
 567              	.Ldebug_ranges0:
 568 0000 00000000 		.4byte	.LFB0
 569 0004 18000000 		.4byte	.LFE0
 570 0008 00000000 		.4byte	.LFB1
 571 000c 14000000 		.4byte	.LFE1
 572 0010 00000000 		.4byte	.LFB2
 573 0014 10000000 		.4byte	.LFE2
 574 0018 00000000 		.4byte	.LFB3
 575 001c 10000000 		.4byte	.LFE3
 576 0020 00000000 		.4byte	.LFB4
 577 0024 10000000 		.4byte	.LFE4
 578 0028 00000000 		.4byte	0
 579 002c 00000000 		.4byte	0
 580              		.section	.debug_line,"",%progbits
 581              	.Ldebug_line0:
 582 0000 A4000000 		.section	.debug_str,"MS",%progbits,1
 582      02004200 
 582      00000201 
 582      FB0E0D00 
 582      01010101 
 583              	.LASF14:
 584 0000 72656733 		.ascii	"reg32\000"
 584      3200
 585              	.LASF16:
 586 0006 476E645F 		.ascii	"Gnd_SetDriveMode\000"
 586      53657444 
 586      72697665 
 586      4D6F6465 
 586      00
 587              	.LASF17:
 588 0017 76616C75 		.ascii	"value\000"
 588      6500
 589              	.LASF15:
 590 001d 476E645F 		.ascii	"Gnd_Write\000"
 590      57726974 
 590      6500
 591              	.LASF20:
 592 0027 476E645F 		.ascii	"Gnd_ReadDataReg\000"
ARM GAS  C:\Users\JEPPES~1\AppData\Local\Temp\ccyXzNs2.s 			page 14


 592      52656164 
 592      44617461 
 592      52656700 
 593              	.LASF21:
 594 0037 476E645F 		.ascii	"Gnd_ClearInterrupt\000"
 594      436C6561 
 594      72496E74 
 594      65727275 
 594      707400
 595              	.LASF11:
 596 004a 666C6F61 		.ascii	"float\000"
 596      7400
 597              	.LASF1:
 598 0050 756E7369 		.ascii	"unsigned char\000"
 598      676E6564 
 598      20636861 
 598      7200
 599              	.LASF22:
 600 005e 64725661 		.ascii	"drVal\000"
 600      6C00
 601              	.LASF5:
 602 0064 6C6F6E67 		.ascii	"long unsigned int\000"
 602      20756E73 
 602      69676E65 
 602      6420696E 
 602      7400
 603              	.LASF3:
 604 0076 73686F72 		.ascii	"short unsigned int\000"
 604      7420756E 
 604      7369676E 
 604      65642069 
 604      6E7400
 605              	.LASF12:
 606 0089 646F7562 		.ascii	"double\000"
 606      6C6500
 607              	.LASF10:
 608 0090 75696E74 		.ascii	"uint32\000"
 608      333200
 609              	.LASF8:
 610 0097 756E7369 		.ascii	"unsigned int\000"
 610      676E6564 
 610      20696E74 
 610      00
 611              	.LASF26:
 612 00a4 433A5C45 		.ascii	"C:\\E3PRJ3-Gruppe1\\PSoC\\PSoC4Master.cydsn\000"
 612      3350524A 
 612      332D4772 
 612      75707065 
 612      315C5053 
 613              	.LASF7:
 614 00cd 6C6F6E67 		.ascii	"long long unsigned int\000"
 614      206C6F6E 
 614      6720756E 
 614      7369676E 
 614      65642069 
 615              	.LASF18:
 616 00e4 6D6F6465 		.ascii	"mode\000"
ARM GAS  C:\Users\JEPPES~1\AppData\Local\Temp\ccyXzNs2.s 			page 15


 616      00
 617              	.LASF6:
 618 00e9 6C6F6E67 		.ascii	"long long int\000"
 618      206C6F6E 
 618      6720696E 
 618      7400
 619              	.LASF23:
 620 00f7 6D61736B 		.ascii	"maskedStatus\000"
 620      65645374 
 620      61747573 
 620      00
 621              	.LASF13:
 622 0104 63686172 		.ascii	"char\000"
 622      00
 623              	.LASF24:
 624 0109 474E5520 		.ascii	"GNU C 4.9.3 20150303 (release) [ARM/embedded-4_9-br"
 624      4320342E 
 624      392E3320 
 624      32303135 
 624      30333033 
 625 013c 616E6368 		.ascii	"anch revision 221220] -mcpu=cortex-m0 -mthumb -g -O"
 625      20726576 
 625      6973696F 
 625      6E203232 
 625      31323230 
 626 016f 67202D66 		.ascii	"g -ffunction-sections -ffat-lto-objects\000"
 626      66756E63 
 626      74696F6E 
 626      2D736563 
 626      74696F6E 
 627              	.LASF2:
 628 0197 73686F72 		.ascii	"short int\000"
 628      7420696E 
 628      7400
 629              	.LASF9:
 630 01a1 75696E74 		.ascii	"uint8\000"
 630      3800
 631              	.LASF4:
 632 01a7 6C6F6E67 		.ascii	"long int\000"
 632      20696E74 
 632      00
 633              	.LASF25:
 634 01b0 2E5C4765 		.ascii	".\\Generated_Source\\PSoC4\\Gnd.c\000"
 634      6E657261 
 634      7465645F 
 634      536F7572 
 634      63655C50 
 635              	.LASF0:
 636 01cf 7369676E 		.ascii	"signed char\000"
 636      65642063 
 636      68617200 
 637              	.LASF19:
 638 01db 476E645F 		.ascii	"Gnd_Read\000"
 638      52656164 
 638      00
 639              		.ident	"GCC: (GNU Tools for ARM Embedded Processors) 4.9.3 20150303 (release) [ARM/embedded-4_9-br
