ARM GAS  C:\Users\JEPPES~1\AppData\Local\Temp\ccg0iLgx.s 			page 1


   1              		.cpu cortex-m0
   2              		.fpu softvfp
   3              		.eabi_attribute 20, 1
   4              		.eabi_attribute 21, 1
   5              		.eabi_attribute 23, 3
   6              		.eabi_attribute 24, 1
   7              		.eabi_attribute 25, 1
   8              		.eabi_attribute 26, 1
   9              		.eabi_attribute 30, 1
  10              		.eabi_attribute 34, 0
  11              		.eabi_attribute 18, 4
  12              		.code	16
  13              		.file	"handler.c"
  14              		.text
  15              	.Ltext0:
  16              		.cfi_sections	.debug_frame
  17              		.section	.text.handler,"ax",%progbits
  18              		.align	2
  19              		.global	handler
  20              		.code	16
  21              		.thumb_func
  22              		.type	handler, %function
  23              	handler:
  24              	.LFB34:
  25              		.file 1 ".\\handler.c"
   1:.\handler.c   **** /* ========================================
   2:.\handler.c   ****  *
   3:.\handler.c   ****  * File: handler.c
   4:.\handler.c   ****  * Description: 
   5:.\handler.c   ****  *
   6:.\handler.c   ****  * University: AARHUS UNIVERSITY SCHOOL OF ENGINEERING
   7:.\handler.c   ****  * Project: F16 - E3PRJ3-02 Semesterprojekt 3 [240501U178]
   8:.\handler.c   ****  * Group: 1
   9:.\handler.c   ****  * 
  10:.\handler.c   ****  * Author: Jeppe Stærk
  11:.\handler.c   ****  * Matriculation number: 201271201
  12:.\handler.c   ****  *
  13:.\handler.c   ****  * Version: 1.0
  14:.\handler.c   ****  * Date: 13-05-2016
  15:.\handler.c   ****  *
  16:.\handler.c   ****  * ========================================
  17:.\handler.c   **** */
  18:.\handler.c   **** 
  19:.\handler.c   **** #include "handler.h"
  20:.\handler.c   **** 
  21:.\handler.c   **** uint8 xPos = 0;
  22:.\handler.c   **** uint8 xMax = 0;
  23:.\handler.c   **** uint8 yPos = 0;
  24:.\handler.c   **** uint8 yMax = 0;
  25:.\handler.c   **** uint8 zPos = 0;
  26:.\handler.c   **** uint8 zMax = 0;
  27:.\handler.c   **** 
  28:.\handler.c   **** 
  29:.\handler.c   **** void handler(uint8 cmd, uint8 txVal)
  30:.\handler.c   **** {
  26              		.loc 1 30 0
  27              		.cfi_startproc
ARM GAS  C:\Users\JEPPES~1\AppData\Local\Temp\ccg0iLgx.s 			page 2


  28              	.LVL0:
  29 0000 30B5     		push	{r4, r5, lr}
  30              		.cfi_def_cfa_offset 12
  31              		.cfi_offset 4, -12
  32              		.cfi_offset 5, -8
  33              		.cfi_offset 14, -4
  34 0002 83B0     		sub	sp, sp, #12
  35              		.cfi_def_cfa_offset 24
  31:.\handler.c   ****     uint8 rxVal = 0;
  36              		.loc 1 31 0
  37 0004 0025     		mov	r5, #0
  38 0006 6B46     		mov	r3, sp
  39 0008 DD71     		strb	r5, [r3, #7]
  32:.\handler.c   ****     
  33:.\handler.c   ****     switch (cmd)
  40              		.loc 1 33 0
  41 000a 7328     		cmp	r0, #115
  42 000c 00D9     		bls	.LCB17
  43 000e ECE0     		b	.L1	@long jump
  44              	.LCB17:
  45 0010 0C1C     		mov	r4, r1
  46 0012 011C     		mov	r1, r0
  47              	.LVL1:
  48 0014 8300     		lsl	r3, r0, #2
  49 0016 764A     		ldr	r2, .L41
  50 0018 D358     		ldr	r3, [r2, r3]
  51 001a 9F46     		mov	pc, r3
  52              		.section	.rodata
  53              		.align	2
  54              	.L4:
  55 0000 EA010000 		.word	.L1
  56 0004 1C000000 		.word	.L3
  57 0008 3E000000 		.word	.L5
  58 000c EA010000 		.word	.L1
  59 0010 EA010000 		.word	.L1
  60 0014 EA010000 		.word	.L1
  61 0018 EA010000 		.word	.L1
  62 001c EA010000 		.word	.L1
  63 0020 EA010000 		.word	.L1
  64 0024 EA010000 		.word	.L1
  65 0028 EA010000 		.word	.L1
  66 002c EA010000 		.word	.L1
  67 0030 EA010000 		.word	.L1
  68 0034 EA010000 		.word	.L1
  69 0038 EA010000 		.word	.L1
  70 003c EA010000 		.word	.L1
  71 0040 60000000 		.word	.L6
  72 0044 6A000000 		.word	.L7
  73 0048 74000000 		.word	.L8
  74 004c 7E000000 		.word	.L9
  75 0050 88000000 		.word	.L10
  76 0054 92000000 		.word	.L11
  77 0058 9C000000 		.word	.L12
  78 005c A6000000 		.word	.L13
  79 0060 B0000000 		.word	.L14
  80 0064 BA000000 		.word	.L15
  81 0068 EA010000 		.word	.L1
ARM GAS  C:\Users\JEPPES~1\AppData\Local\Temp\ccg0iLgx.s 			page 3


  82 006c EA010000 		.word	.L1
  83 0070 EA010000 		.word	.L1
  84 0074 EA010000 		.word	.L1
  85 0078 EA010000 		.word	.L1
  86 007c EA010000 		.word	.L1
  87 0080 C4000000 		.word	.L16
  88 0084 CE000000 		.word	.L17
  89 0088 D8000000 		.word	.L18
  90 008c E2000000 		.word	.L19
  91 0090 EC000000 		.word	.L20
  92 0094 EA010000 		.word	.L1
  93 0098 EA010000 		.word	.L1
  94 009c EA010000 		.word	.L1
  95 00a0 EA010000 		.word	.L1
  96 00a4 EA010000 		.word	.L1
  97 00a8 EA010000 		.word	.L1
  98 00ac EA010000 		.word	.L1
  99 00b0 EA010000 		.word	.L1
 100 00b4 EA010000 		.word	.L1
 101 00b8 EA010000 		.word	.L1
 102 00bc EA010000 		.word	.L1
 103 00c0 F6000000 		.word	.L21
 104 00c4 00010000 		.word	.L22
 105 00c8 0A010000 		.word	.L23
 106 00cc 14010000 		.word	.L24
 107 00d0 1E010000 		.word	.L25
 108 00d4 28010000 		.word	.L26
 109 00d8 34010000 		.word	.L27
 110 00dc 40010000 		.word	.L28
 111 00e0 4C010000 		.word	.L29
 112 00e4 58010000 		.word	.L30
 113 00e8 EA010000 		.word	.L1
 114 00ec EA010000 		.word	.L1
 115 00f0 EA010000 		.word	.L1
 116 00f4 EA010000 		.word	.L1
 117 00f8 EA010000 		.word	.L1
 118 00fc EA010000 		.word	.L1
 119 0100 64010000 		.word	.L31
 120 0104 6E010000 		.word	.L32
 121 0108 78010000 		.word	.L33
 122 010c 84010000 		.word	.L34
 123 0110 90010000 		.word	.L35
 124 0114 AA010000 		.word	.L36
 125 0118 EA010000 		.word	.L1
 126 011c EA010000 		.word	.L1
 127 0120 EA010000 		.word	.L1
 128 0124 EA010000 		.word	.L1
 129 0128 EA010000 		.word	.L1
 130 012c EA010000 		.word	.L1
 131 0130 EA010000 		.word	.L1
 132 0134 EA010000 		.word	.L1
 133 0138 EA010000 		.word	.L1
 134 013c EA010000 		.word	.L1
 135 0140 EA010000 		.word	.L1
 136 0144 EA010000 		.word	.L1
 137 0148 EA010000 		.word	.L1
 138 014c EA010000 		.word	.L1
ARM GAS  C:\Users\JEPPES~1\AppData\Local\Temp\ccg0iLgx.s 			page 4


 139 0150 EA010000 		.word	.L1
 140 0154 EA010000 		.word	.L1
 141 0158 EA010000 		.word	.L1
 142 015c EA010000 		.word	.L1
 143 0160 EA010000 		.word	.L1
 144 0164 EA010000 		.word	.L1
 145 0168 EA010000 		.word	.L1
 146 016c EA010000 		.word	.L1
 147 0170 EA010000 		.word	.L1
 148 0174 EA010000 		.word	.L1
 149 0178 EA010000 		.word	.L1
 150 017c EA010000 		.word	.L1
 151 0180 EA010000 		.word	.L1
 152 0184 EA010000 		.word	.L1
 153 0188 EA010000 		.word	.L1
 154 018c EA010000 		.word	.L1
 155 0190 EA010000 		.word	.L1
 156 0194 EA010000 		.word	.L1
 157 0198 EA010000 		.word	.L1
 158 019c EA010000 		.word	.L1
 159 01a0 EA010000 		.word	.L1
 160 01a4 EA010000 		.word	.L1
 161 01a8 EA010000 		.word	.L1
 162 01ac EA010000 		.word	.L1
 163 01b0 EA010000 		.word	.L1
 164 01b4 EA010000 		.word	.L1
 165 01b8 EA010000 		.word	.L1
 166 01bc EA010000 		.word	.L1
 167 01c0 B4010000 		.word	.L37
 168 01c4 C2010000 		.word	.L38
 169 01c8 D0010000 		.word	.L39
 170 01cc DE010000 		.word	.L40
 171              		.section	.text.handler
 172              	.L3:
  34:.\handler.c   ****     {
  35:.\handler.c   ****         case 0x01 :
  36:.\handler.c   ****             i2c_rx(PSoC_XY, getXPos, &xPos);
 173              		.loc 1 36 0
 174 001c 754C     		ldr	r4, .L41+4
 175 001e 0820     		mov	r0, #8
 176              	.LVL2:
 177 0020 1221     		mov	r1, #18
 178 0022 221C     		mov	r2, r4
 179 0024 FFF7FEFF 		bl	i2c_rx
 180              	.LVL3:
  37:.\handler.c   ****             i2c_rx(PSoC_XY, getYPos, &yPos);
 181              		.loc 1 37 0
 182 0028 621C     		add	r2, r4, #1
 183 002a 0820     		mov	r0, #8
 184 002c 1321     		mov	r1, #19
 185 002e FFF7FEFF 		bl	i2c_rx
 186              	.LVL4:
  38:.\handler.c   ****             i2c_rx(PSoC_Z, getZPos, &zPos);
 187              		.loc 1 38 0
 188 0032 A21C     		add	r2, r4, #2
 189 0034 0920     		mov	r0, #9
 190 0036 2121     		mov	r1, #33
ARM GAS  C:\Users\JEPPES~1\AppData\Local\Temp\ccg0iLgx.s 			page 5


 191 0038 FFF7FEFF 		bl	i2c_rx
 192              	.LVL5:
  39:.\handler.c   ****             break;
 193              		.loc 1 39 0
 194 003c D5E0     		b	.L1
 195              	.LVL6:
 196              	.L5:
  40:.\handler.c   ****         case 0x02 :
  41:.\handler.c   ****             i2c_rx(PSoC_XY, getXMax, &xMax);
 197              		.loc 1 41 0
 198 003e 6D4C     		ldr	r4, .L41+4
 199 0040 E21C     		add	r2, r4, #3
 200 0042 0820     		mov	r0, #8
 201              	.LVL7:
 202 0044 1421     		mov	r1, #20
 203 0046 FFF7FEFF 		bl	i2c_rx
 204              	.LVL8:
  42:.\handler.c   ****             i2c_rx(PSoC_XY, getYMax, &yMax);
 205              		.loc 1 42 0
 206 004a 221D     		add	r2, r4, #4
 207 004c 0820     		mov	r0, #8
 208 004e 1521     		mov	r1, #21
 209 0050 FFF7FEFF 		bl	i2c_rx
 210              	.LVL9:
  43:.\handler.c   ****             i2c_rx(PSoC_Z, getZMax, &zMax);
 211              		.loc 1 43 0
 212 0054 621D     		add	r2, r4, #5
 213 0056 0920     		mov	r0, #9
 214 0058 2221     		mov	r1, #34
 215 005a FFF7FEFF 		bl	i2c_rx
 216              	.LVL10:
  44:.\handler.c   ****             break;
 217              		.loc 1 44 0
 218 005e C4E0     		b	.L1
 219              	.LVL11:
 220              	.L6:
  45:.\handler.c   ****         case setXPos : 
  46:.\handler.c   ****             i2c_tx(PSoC_XY, cmd, txVal);
 221              		.loc 1 46 0
 222 0060 0820     		mov	r0, #8
 223              	.LVL12:
 224 0062 221C     		mov	r2, r4
 225 0064 FFF7FEFF 		bl	i2c_tx
 226              	.LVL13:
  47:.\handler.c   ****             break;
 227              		.loc 1 47 0
 228 0068 BFE0     		b	.L1
 229              	.LVL14:
 230              	.L7:
  48:.\handler.c   ****         case setYPos : 
  49:.\handler.c   ****             i2c_tx(PSoC_XY, cmd, txVal);
 231              		.loc 1 49 0
 232 006a 0820     		mov	r0, #8
 233              	.LVL15:
 234 006c 221C     		mov	r2, r4
 235 006e FFF7FEFF 		bl	i2c_tx
 236              	.LVL16:
ARM GAS  C:\Users\JEPPES~1\AppData\Local\Temp\ccg0iLgx.s 			page 6


  50:.\handler.c   ****             break;
 237              		.loc 1 50 0
 238 0072 BAE0     		b	.L1
 239              	.LVL17:
 240              	.L8:
  51:.\handler.c   ****         case getXPos : 
  52:.\handler.c   ****             spi_tx(xPos);
 241              		.loc 1 52 0
 242 0074 5F4B     		ldr	r3, .L41+4
 243 0076 1878     		ldrb	r0, [r3]
 244              	.LVL18:
 245 0078 FFF7FEFF 		bl	spi_tx
 246              	.LVL19:
  53:.\handler.c   ****             break;
 247              		.loc 1 53 0
 248 007c B5E0     		b	.L1
 249              	.LVL20:
 250              	.L9:
  54:.\handler.c   ****         case getYPos : 
  55:.\handler.c   ****             spi_tx(yPos);
 251              		.loc 1 55 0
 252 007e 5D4B     		ldr	r3, .L41+4
 253 0080 5878     		ldrb	r0, [r3, #1]
 254              	.LVL21:
 255 0082 FFF7FEFF 		bl	spi_tx
 256              	.LVL22:
  56:.\handler.c   ****             break;
 257              		.loc 1 56 0
 258 0086 B0E0     		b	.L1
 259              	.LVL23:
 260              	.L10:
  57:.\handler.c   ****         case getXMax : 
  58:.\handler.c   ****             spi_tx(xMax);
 261              		.loc 1 58 0
 262 0088 5A4B     		ldr	r3, .L41+4
 263 008a D878     		ldrb	r0, [r3, #3]
 264              	.LVL24:
 265 008c FFF7FEFF 		bl	spi_tx
 266              	.LVL25:
  59:.\handler.c   ****             break;
 267              		.loc 1 59 0
 268 0090 ABE0     		b	.L1
 269              	.LVL26:
 270              	.L11:
  60:.\handler.c   ****         case getYMax : 
  61:.\handler.c   ****             spi_tx(yMax);
 271              		.loc 1 61 0
 272 0092 584B     		ldr	r3, .L41+4
 273 0094 1879     		ldrb	r0, [r3, #4]
 274              	.LVL27:
 275 0096 FFF7FEFF 		bl	spi_tx
 276              	.LVL28:
  62:.\handler.c   ****             break;
 277              		.loc 1 62 0
 278 009a A6E0     		b	.L1
 279              	.LVL29:
 280              	.L12:
ARM GAS  C:\Users\JEPPES~1\AppData\Local\Temp\ccg0iLgx.s 			page 7


  63:.\handler.c   ****         case cmdStopX : 
  64:.\handler.c   ****             i2c_tx(PSoC_XY, cmd, txVal);
 281              		.loc 1 64 0
 282 009c 0820     		mov	r0, #8
 283              	.LVL30:
 284 009e 221C     		mov	r2, r4
 285 00a0 FFF7FEFF 		bl	i2c_tx
 286              	.LVL31:
  65:.\handler.c   ****             break;
 287              		.loc 1 65 0
 288 00a4 A1E0     		b	.L1
 289              	.LVL32:
 290              	.L13:
  66:.\handler.c   ****         case cmdStopY : 
  67:.\handler.c   ****             i2c_tx(PSoC_XY, cmd, txVal);
 291              		.loc 1 67 0
 292 00a6 0820     		mov	r0, #8
 293              	.LVL33:
 294 00a8 221C     		mov	r2, r4
 295 00aa FFF7FEFF 		bl	i2c_tx
 296              	.LVL34:
  68:.\handler.c   ****             break;
 297              		.loc 1 68 0
 298 00ae 9CE0     		b	.L1
 299              	.LVL35:
 300              	.L14:
  69:.\handler.c   ****         case cmdCalibrateX : 
  70:.\handler.c   ****             i2c_tx(PSoC_XY, cmd, txVal);
 301              		.loc 1 70 0
 302 00b0 0820     		mov	r0, #8
 303              	.LVL36:
 304 00b2 221C     		mov	r2, r4
 305 00b4 FFF7FEFF 		bl	i2c_tx
 306              	.LVL37:
  71:.\handler.c   ****             break;
 307              		.loc 1 71 0
 308 00b8 97E0     		b	.L1
 309              	.LVL38:
 310              	.L15:
  72:.\handler.c   ****         case cmdCalibrateY : 
  73:.\handler.c   ****             i2c_tx(PSoC_XY, cmd, txVal);
 311              		.loc 1 73 0
 312 00ba 0820     		mov	r0, #8
 313              	.LVL39:
 314 00bc 221C     		mov	r2, r4
 315 00be FFF7FEFF 		bl	i2c_tx
 316              	.LVL40:
  74:.\handler.c   ****             break;
 317              		.loc 1 74 0
 318 00c2 92E0     		b	.L1
 319              	.LVL41:
 320              	.L16:
  75:.\handler.c   ****         case setZPos : 
  76:.\handler.c   ****             i2c_tx(PSoC_Z, cmd, txVal);
 321              		.loc 1 76 0
 322 00c4 0920     		mov	r0, #9
 323              	.LVL42:
ARM GAS  C:\Users\JEPPES~1\AppData\Local\Temp\ccg0iLgx.s 			page 8


 324 00c6 221C     		mov	r2, r4
 325 00c8 FFF7FEFF 		bl	i2c_tx
 326              	.LVL43:
  77:.\handler.c   ****             break;
 327              		.loc 1 77 0
 328 00cc 8DE0     		b	.L1
 329              	.LVL44:
 330              	.L17:
  78:.\handler.c   ****         case getZPos : 
  79:.\handler.c   ****             spi_tx(zPos);
 331              		.loc 1 79 0
 332 00ce 494B     		ldr	r3, .L41+4
 333 00d0 9878     		ldrb	r0, [r3, #2]
 334              	.LVL45:
 335 00d2 FFF7FEFF 		bl	spi_tx
 336              	.LVL46:
  80:.\handler.c   ****             break;
 337              		.loc 1 80 0
 338 00d6 88E0     		b	.L1
 339              	.LVL47:
 340              	.L18:
  81:.\handler.c   ****         case getZMax : 
  82:.\handler.c   ****             spi_tx(zMax);
 341              		.loc 1 82 0
 342 00d8 464B     		ldr	r3, .L41+4
 343 00da 5879     		ldrb	r0, [r3, #5]
 344              	.LVL48:
 345 00dc FFF7FEFF 		bl	spi_tx
 346              	.LVL49:
  83:.\handler.c   ****             break;
 347              		.loc 1 83 0
 348 00e0 83E0     		b	.L1
 349              	.LVL50:
 350              	.L19:
  84:.\handler.c   ****         case cmdStopZ : 
  85:.\handler.c   ****             i2c_tx(PSoC_Z, cmd, txVal);
 351              		.loc 1 85 0
 352 00e2 0920     		mov	r0, #9
 353              	.LVL51:
 354 00e4 221C     		mov	r2, r4
 355 00e6 FFF7FEFF 		bl	i2c_tx
 356              	.LVL52:
  86:.\handler.c   ****             break;
 357              		.loc 1 86 0
 358 00ea 7EE0     		b	.L1
 359              	.LVL53:
 360              	.L20:
  87:.\handler.c   ****         case cmdCalibrateZ : 
  88:.\handler.c   ****             i2c_tx(PSoC_Z, cmd, txVal);
 361              		.loc 1 88 0
 362 00ec 0920     		mov	r0, #9
 363              	.LVL54:
 364 00ee 221C     		mov	r2, r4
 365 00f0 FFF7FEFF 		bl	i2c_tx
 366              	.LVL55:
  89:.\handler.c   ****             break;
 367              		.loc 1 89 0
ARM GAS  C:\Users\JEPPES~1\AppData\Local\Temp\ccg0iLgx.s 			page 9


 368 00f4 79E0     		b	.L1
 369              	.LVL56:
 370              	.L21:
  90:.\handler.c   ****         case setRed : 
  91:.\handler.c   ****             i2c_tx(PSoC_Sensor, cmd, txVal);
 371              		.loc 1 91 0
 372 00f6 1020     		mov	r0, #16
 373              	.LVL57:
 374 00f8 221C     		mov	r2, r4
 375 00fa FFF7FEFF 		bl	i2c_tx
 376              	.LVL58:
  92:.\handler.c   ****             break;
 377              		.loc 1 92 0
 378 00fe 74E0     		b	.L1
 379              	.LVL59:
 380              	.L22:
  93:.\handler.c   ****         case setGreen : 
  94:.\handler.c   ****             i2c_tx(PSoC_Sensor, cmd, txVal);
 381              		.loc 1 94 0
 382 0100 1020     		mov	r0, #16
 383              	.LVL60:
 384 0102 221C     		mov	r2, r4
 385 0104 FFF7FEFF 		bl	i2c_tx
 386              	.LVL61:
  95:.\handler.c   ****             break;
 387              		.loc 1 95 0
 388 0108 6FE0     		b	.L1
 389              	.LVL62:
 390              	.L23:
  96:.\handler.c   ****         case setBlue : 
  97:.\handler.c   ****             i2c_tx(PSoC_Sensor, cmd, txVal);
 391              		.loc 1 97 0
 392 010a 1020     		mov	r0, #16
 393              	.LVL63:
 394 010c 221C     		mov	r2, r4
 395 010e FFF7FEFF 		bl	i2c_tx
 396              	.LVL64:
  98:.\handler.c   ****             break;
 397              		.loc 1 98 0
 398 0112 6AE0     		b	.L1
 399              	.LVL65:
 400              	.L24:
  99:.\handler.c   ****         case setLumen : 
 100:.\handler.c   ****             i2c_tx(PSoC_Sensor, cmd, txVal);
 401              		.loc 1 100 0
 402 0114 1020     		mov	r0, #16
 403              	.LVL66:
 404 0116 221C     		mov	r2, r4
 405 0118 FFF7FEFF 		bl	i2c_tx
 406              	.LVL67:
 101:.\handler.c   ****             break;
 407              		.loc 1 101 0
 408 011c 65E0     		b	.L1
 409              	.LVL68:
 410              	.L25:
 102:.\handler.c   ****         case setPower : 
 103:.\handler.c   ****             i2c_tx(PSoC_Sensor, cmd, txVal);
ARM GAS  C:\Users\JEPPES~1\AppData\Local\Temp\ccg0iLgx.s 			page 10


 411              		.loc 1 103 0
 412 011e 1020     		mov	r0, #16
 413              	.LVL69:
 414 0120 221C     		mov	r2, r4
 415 0122 FFF7FEFF 		bl	i2c_tx
 416              	.LVL70:
 104:.\handler.c   ****             break;
 417              		.loc 1 104 0
 418 0126 60E0     		b	.L1
 419              	.LVL71:
 420              	.L26:
 105:.\handler.c   ****         case getRed : 
 106:.\handler.c   ****             i2c_rx(PSoC_Sensor, cmd, &rxVal);
 421              		.loc 1 106 0
 422 0128 1020     		mov	r0, #16
 423              	.LVL72:
 424 012a 6B46     		mov	r3, sp
 425 012c DA1D     		add	r2, r3, #7
 426 012e FFF7FEFF 		bl	i2c_rx
 427              	.LVL73:
 107:.\handler.c   ****             break;
 428              		.loc 1 107 0
 429 0132 5AE0     		b	.L1
 430              	.LVL74:
 431              	.L27:
 108:.\handler.c   ****         case getGreen : 
 109:.\handler.c   ****             i2c_rx(PSoC_Sensor, cmd, &rxVal);
 432              		.loc 1 109 0
 433 0134 1020     		mov	r0, #16
 434              	.LVL75:
 435 0136 6B46     		mov	r3, sp
 436 0138 DA1D     		add	r2, r3, #7
 437 013a FFF7FEFF 		bl	i2c_rx
 438              	.LVL76:
 110:.\handler.c   ****             break;
 439              		.loc 1 110 0
 440 013e 54E0     		b	.L1
 441              	.LVL77:
 442              	.L28:
 111:.\handler.c   ****         case getBlue : 
 112:.\handler.c   ****             i2c_rx(PSoC_Sensor, cmd, &rxVal);
 443              		.loc 1 112 0
 444 0140 1020     		mov	r0, #16
 445              	.LVL78:
 446 0142 6B46     		mov	r3, sp
 447 0144 DA1D     		add	r2, r3, #7
 448 0146 FFF7FEFF 		bl	i2c_rx
 449              	.LVL79:
 113:.\handler.c   ****             break;
 450              		.loc 1 113 0
 451 014a 4EE0     		b	.L1
 452              	.LVL80:
 453              	.L29:
 114:.\handler.c   ****         case getLumen : 
 115:.\handler.c   ****             i2c_rx(PSoC_Sensor, cmd, &rxVal);
 454              		.loc 1 115 0
 455 014c 1020     		mov	r0, #16
ARM GAS  C:\Users\JEPPES~1\AppData\Local\Temp\ccg0iLgx.s 			page 11


 456              	.LVL81:
 457 014e 6B46     		mov	r3, sp
 458 0150 DA1D     		add	r2, r3, #7
 459 0152 FFF7FEFF 		bl	i2c_rx
 460              	.LVL82:
 116:.\handler.c   ****             break;
 461              		.loc 1 116 0
 462 0156 48E0     		b	.L1
 463              	.LVL83:
 464              	.L30:
 117:.\handler.c   ****         case getPower : 
 118:.\handler.c   ****             i2c_rx(PSoC_Sensor, cmd, &rxVal);
 465              		.loc 1 118 0
 466 0158 1020     		mov	r0, #16
 467              	.LVL84:
 468 015a 6B46     		mov	r3, sp
 469 015c DA1D     		add	r2, r3, #7
 470 015e FFF7FEFF 		bl	i2c_rx
 471              	.LVL85:
 119:.\handler.c   ****             break;
 472              		.loc 1 119 0
 473 0162 42E0     		b	.L1
 474              	.LVL86:
 475              	.L31:
 120:.\handler.c   ****         case setDistance : 
 121:.\handler.c   ****             i2c_tx(PSoC_Sensor, cmd, txVal);
 476              		.loc 1 121 0
 477 0164 1020     		mov	r0, #16
 478              	.LVL87:
 479 0166 221C     		mov	r2, r4
 480 0168 FFF7FEFF 		bl	i2c_tx
 481              	.LVL88:
 122:.\handler.c   ****             break;
 482              		.loc 1 122 0
 483 016c 3DE0     		b	.L1
 484              	.LVL89:
 485              	.L32:
 123:.\handler.c   ****         case setMovement : 
 124:.\handler.c   ****             i2c_tx(PSoC_Sensor, cmd, txVal);
 486              		.loc 1 124 0
 487 016e 1020     		mov	r0, #16
 488              	.LVL90:
 489 0170 221C     		mov	r2, r4
 490 0172 FFF7FEFF 		bl	i2c_tx
 491              	.LVL91:
 125:.\handler.c   ****             break;
 492              		.loc 1 125 0
 493 0176 38E0     		b	.L1
 494              	.LVL92:
 495              	.L33:
 126:.\handler.c   ****         case getDistance : 
 127:.\handler.c   ****             i2c_rx(PSoC_Sensor, cmd, &rxVal);
 496              		.loc 1 127 0
 497 0178 1020     		mov	r0, #16
 498              	.LVL93:
 499 017a 6B46     		mov	r3, sp
 500 017c DA1D     		add	r2, r3, #7
ARM GAS  C:\Users\JEPPES~1\AppData\Local\Temp\ccg0iLgx.s 			page 12


 501 017e FFF7FEFF 		bl	i2c_rx
 502              	.LVL94:
 128:.\handler.c   ****             break;
 503              		.loc 1 128 0
 504 0182 32E0     		b	.L1
 505              	.LVL95:
 506              	.L34:
 129:.\handler.c   ****         case getMovement : 
 130:.\handler.c   ****             i2c_rx(PSoC_Sensor, cmd, &rxVal);
 507              		.loc 1 130 0
 508 0184 1020     		mov	r0, #16
 509              	.LVL96:
 510 0186 6B46     		mov	r3, sp
 511 0188 DA1D     		add	r2, r3, #7
 512 018a FFF7FEFF 		bl	i2c_rx
 513              	.LVL97:
 131:.\handler.c   ****             break;
 514              		.loc 1 131 0
 515 018e 2CE0     		b	.L1
 516              	.LVL98:
 517              	.L35:
 132:.\handler.c   ****         case cmdDistanceAlert : 
 133:.\handler.c   ****             handler(cmdStopX, txVal);
 518              		.loc 1 133 0
 519 0190 1620     		mov	r0, #22
 520              	.LVL99:
 521 0192 211C     		mov	r1, r4
 522 0194 FFF7FEFF 		bl	handler
 523              	.LVL100:
 134:.\handler.c   ****             handler(cmdStopY, txVal);
 524              		.loc 1 134 0
 525 0198 1720     		mov	r0, #23
 526 019a 211C     		mov	r1, r4
 527 019c FFF7FEFF 		bl	handler
 528              	.LVL101:
 135:.\handler.c   ****             handler(cmdStopZ, txVal);
 529              		.loc 1 135 0
 530 01a0 2320     		mov	r0, #35
 531 01a2 211C     		mov	r1, r4
 532 01a4 FFF7FEFF 		bl	handler
 533              	.LVL102:
 136:.\handler.c   ****             break;
 534              		.loc 1 136 0
 535 01a8 1FE0     		b	.L1
 536              	.LVL103:
 537              	.L36:
 137:.\handler.c   ****         case cmdMovementAlert : 
 138:.\handler.c   ****             handler(setPower, txVal);
 538              		.loc 1 138 0
 539 01aa 3420     		mov	r0, #52
 540              	.LVL104:
 541 01ac 211C     		mov	r1, r4
 542 01ae FFF7FEFF 		bl	handler
 543              	.LVL105:
 139:.\handler.c   ****             break;
 544              		.loc 1 139 0
 545 01b2 1AE0     		b	.L1
ARM GAS  C:\Users\JEPPES~1\AppData\Local\Temp\ccg0iLgx.s 			page 13


 546              	.LVL106:
 547              	.L37:
 140:.\handler.c   ****         case setMasterLedOff :
 141:.\handler.c   ****             setLed(0,0,0,0);
 548              		.loc 1 141 0
 549 01b4 0020     		mov	r0, #0
 550              	.LVL107:
 551 01b6 0021     		mov	r1, #0
 552 01b8 0022     		mov	r2, #0
 553 01ba 0023     		mov	r3, #0
 554 01bc FFF7FEFF 		bl	setLed
 555              	.LVL108:
 142:.\handler.c   ****             break;
 556              		.loc 1 142 0
 557 01c0 13E0     		b	.L1
 558              	.LVL109:
 559              	.L38:
 143:.\handler.c   ****         case setMasterLedRed :
 144:.\handler.c   ****             setLed(1,0,0,txVal);
 560              		.loc 1 144 0
 561 01c2 0120     		mov	r0, #1
 562              	.LVL110:
 563 01c4 0021     		mov	r1, #0
 564 01c6 0022     		mov	r2, #0
 565 01c8 231C     		mov	r3, r4
 566 01ca FFF7FEFF 		bl	setLed
 567              	.LVL111:
 145:.\handler.c   ****             break;
 568              		.loc 1 145 0
 569 01ce 0CE0     		b	.L1
 570              	.LVL112:
 571              	.L39:
 146:.\handler.c   ****         case setMasterLedGreen :
 147:.\handler.c   ****             setLed(0,1,0,txVal);
 572              		.loc 1 147 0
 573 01d0 0020     		mov	r0, #0
 574              	.LVL113:
 575 01d2 0121     		mov	r1, #1
 576 01d4 0022     		mov	r2, #0
 577 01d6 231C     		mov	r3, r4
 578 01d8 FFF7FEFF 		bl	setLed
 579              	.LVL114:
 148:.\handler.c   ****             break;
 580              		.loc 1 148 0
 581 01dc 05E0     		b	.L1
 582              	.LVL115:
 583              	.L40:
 149:.\handler.c   ****         case setMasterLedBlue :
 150:.\handler.c   ****             setLed(0,0,1,txVal);
 584              		.loc 1 150 0
 585 01de 0020     		mov	r0, #0
 586              	.LVL116:
 587 01e0 0021     		mov	r1, #0
 588 01e2 0122     		mov	r2, #1
 589 01e4 231C     		mov	r3, r4
 590 01e6 FFF7FEFF 		bl	setLed
 591              	.LVL117:
ARM GAS  C:\Users\JEPPES~1\AppData\Local\Temp\ccg0iLgx.s 			page 14


 592              	.L1:
 151:.\handler.c   ****             break;            
 152:.\handler.c   ****     }
 153:.\handler.c   **** }
 593              		.loc 1 153 0
 594 01ea 03B0     		add	sp, sp, #12
 595              		@ sp needed
 596 01ec 30BD     		pop	{r4, r5, pc}
 597              	.L42:
 598 01ee C046     		.align	2
 599              	.L41:
 600 01f0 00000000 		.word	.L4
 601 01f4 00000000 		.word	.LANCHOR0
 602              		.cfi_endproc
 603              	.LFE34:
 604              		.size	handler, .-handler
 605              		.global	zMax
 606              		.global	zPos
 607              		.global	yMax
 608              		.global	yPos
 609              		.global	xMax
 610              		.global	xPos
 611              		.bss
 612              		.set	.LANCHOR0,. + 0
 613              		.type	xPos, %object
 614              		.size	xPos, 1
 615              	xPos:
 616 0000 00       		.space	1
 617              		.type	yPos, %object
 618              		.size	yPos, 1
 619              	yPos:
 620 0001 00       		.space	1
 621              		.type	zPos, %object
 622              		.size	zPos, 1
 623              	zPos:
 624 0002 00       		.space	1
 625              		.type	xMax, %object
 626              		.size	xMax, 1
 627              	xMax:
 628 0003 00       		.space	1
 629              		.type	yMax, %object
 630              		.size	yMax, 1
 631              	yMax:
 632 0004 00       		.space	1
 633              		.type	zMax, %object
 634              		.size	zMax, 1
 635              	zMax:
 636 0005 00       		.space	1
 637              		.text
 638              	.Letext0:
 639              		.file 2 ".\\i2c.h"
 640              		.file 3 ".\\spi.h"
 641              		.file 4 "Generated_Source\\PSoC4/cytypes.h"
 642              		.file 5 ".\\led.h"
 643              		.section	.debug_info,"",%progbits
 644              	.Ldebug_info0:
 645 0000 C3050000 		.4byte	0x5c3
ARM GAS  C:\Users\JEPPES~1\AppData\Local\Temp\ccg0iLgx.s 			page 15


 646 0004 0400     		.2byte	0x4
 647 0006 00000000 		.4byte	.Ldebug_abbrev0
 648 000a 04       		.byte	0x4
 649 000b 01       		.uleb128 0x1
 650 000c F2000000 		.4byte	.LASF23
 651 0010 01       		.byte	0x1
 652 0011 98010000 		.4byte	.LASF24
 653 0015 82000000 		.4byte	.LASF25
 654 0019 00000000 		.4byte	.Ldebug_ranges0+0
 655 001d 00000000 		.4byte	0
 656 0021 00000000 		.4byte	.Ldebug_line0
 657 0025 02       		.uleb128 0x2
 658 0026 01       		.byte	0x1
 659 0027 06       		.byte	0x6
 660 0028 AA010000 		.4byte	.LASF0
 661 002c 02       		.uleb128 0x2
 662 002d 01       		.byte	0x1
 663 002e 08       		.byte	0x8
 664 002f 36000000 		.4byte	.LASF1
 665 0033 02       		.uleb128 0x2
 666 0034 02       		.byte	0x2
 667 0035 05       		.byte	0x5
 668 0036 80010000 		.4byte	.LASF2
 669 003a 02       		.uleb128 0x2
 670 003b 02       		.byte	0x2
 671 003c 07       		.byte	0x7
 672 003d 0A000000 		.4byte	.LASF3
 673 0041 02       		.uleb128 0x2
 674 0042 04       		.byte	0x4
 675 0043 05       		.byte	0x5
 676 0044 8F010000 		.4byte	.LASF4
 677 0048 02       		.uleb128 0x2
 678 0049 04       		.byte	0x4
 679 004a 07       		.byte	0x7
 680 004b 44000000 		.4byte	.LASF5
 681 004f 02       		.uleb128 0x2
 682 0050 08       		.byte	0x8
 683 0051 05       		.byte	0x5
 684 0052 DF000000 		.4byte	.LASF6
 685 0056 02       		.uleb128 0x2
 686 0057 08       		.byte	0x8
 687 0058 07       		.byte	0x7
 688 0059 B2000000 		.4byte	.LASF7
 689 005d 03       		.uleb128 0x3
 690 005e 04       		.byte	0x4
 691 005f 05       		.byte	0x5
 692 0060 696E7400 		.ascii	"int\000"
 693 0064 02       		.uleb128 0x2
 694 0065 04       		.byte	0x4
 695 0066 07       		.byte	0x7
 696 0067 75000000 		.4byte	.LASF8
 697 006b 04       		.uleb128 0x4
 698 006c 56000000 		.4byte	.LASF26
 699 0070 04       		.byte	0x4
 700 0071 3801     		.2byte	0x138
 701 0073 2C000000 		.4byte	0x2c
 702 0077 02       		.uleb128 0x2
ARM GAS  C:\Users\JEPPES~1\AppData\Local\Temp\ccg0iLgx.s 			page 16


 703 0078 04       		.byte	0x4
 704 0079 04       		.byte	0x4
 705 007a 29000000 		.4byte	.LASF9
 706 007e 02       		.uleb128 0x2
 707 007f 08       		.byte	0x8
 708 0080 04       		.byte	0x4
 709 0081 67000000 		.4byte	.LASF10
 710 0085 02       		.uleb128 0x2
 711 0086 01       		.byte	0x1
 712 0087 08       		.byte	0x8
 713 0088 ED000000 		.4byte	.LASF11
 714 008c 02       		.uleb128 0x2
 715 008d 04       		.byte	0x4
 716 008e 07       		.byte	0x7
 717 008f D6000000 		.4byte	.LASF12
 718 0093 05       		.uleb128 0x5
 719 0094 04       		.byte	0x4
 720 0095 6B000000 		.4byte	0x6b
 721 0099 06       		.uleb128 0x6
 722 009a CE000000 		.4byte	.LASF27
 723 009e 01       		.byte	0x1
 724 009f 1D       		.byte	0x1d
 725 00a0 00000000 		.4byte	.LFB34
 726 00a4 F8010000 		.4byte	.LFE34-.LFB34
 727 00a8 01       		.uleb128 0x1
 728 00a9 9C       		.byte	0x9c
 729 00aa FD040000 		.4byte	0x4fd
 730 00ae 07       		.uleb128 0x7
 731 00af 636D6400 		.ascii	"cmd\000"
 732 00b3 01       		.byte	0x1
 733 00b4 1D       		.byte	0x1d
 734 00b5 6B000000 		.4byte	0x6b
 735 00b9 00000000 		.4byte	.LLST0
 736 00bd 08       		.uleb128 0x8
 737 00be 5C000000 		.4byte	.LASF13
 738 00c2 01       		.byte	0x1
 739 00c3 1D       		.byte	0x1d
 740 00c4 6B000000 		.4byte	0x6b
 741 00c8 A5030000 		.4byte	.LLST1
 742 00cc 09       		.uleb128 0x9
 743 00cd A4010000 		.4byte	.LASF28
 744 00d1 01       		.byte	0x1
 745 00d2 1F       		.byte	0x1f
 746 00d3 6B000000 		.4byte	0x6b
 747 00d7 02       		.uleb128 0x2
 748 00d8 91       		.byte	0x91
 749 00d9 6F       		.sleb128 -17
 750 00da 0A       		.uleb128 0xa
 751 00db 28000000 		.4byte	.LVL3
 752 00df 63050000 		.4byte	0x563
 753 00e3 F8000000 		.4byte	0xf8
 754 00e7 0B       		.uleb128 0xb
 755 00e8 01       		.uleb128 0x1
 756 00e9 52       		.byte	0x52
 757 00ea 02       		.uleb128 0x2
 758 00eb 74       		.byte	0x74
 759 00ec 00       		.sleb128 0
ARM GAS  C:\Users\JEPPES~1\AppData\Local\Temp\ccg0iLgx.s 			page 17


 760 00ed 0B       		.uleb128 0xb
 761 00ee 01       		.uleb128 0x1
 762 00ef 51       		.byte	0x51
 763 00f0 01       		.uleb128 0x1
 764 00f1 42       		.byte	0x42
 765 00f2 0B       		.uleb128 0xb
 766 00f3 01       		.uleb128 0x1
 767 00f4 50       		.byte	0x50
 768 00f5 01       		.uleb128 0x1
 769 00f6 38       		.byte	0x38
 770 00f7 00       		.byte	0
 771 00f8 0A       		.uleb128 0xa
 772 00f9 32000000 		.4byte	.LVL4
 773 00fd 63050000 		.4byte	0x563
 774 0101 16010000 		.4byte	0x116
 775 0105 0B       		.uleb128 0xb
 776 0106 01       		.uleb128 0x1
 777 0107 52       		.byte	0x52
 778 0108 02       		.uleb128 0x2
 779 0109 74       		.byte	0x74
 780 010a 01       		.sleb128 1
 781 010b 0B       		.uleb128 0xb
 782 010c 01       		.uleb128 0x1
 783 010d 51       		.byte	0x51
 784 010e 01       		.uleb128 0x1
 785 010f 43       		.byte	0x43
 786 0110 0B       		.uleb128 0xb
 787 0111 01       		.uleb128 0x1
 788 0112 50       		.byte	0x50
 789 0113 01       		.uleb128 0x1
 790 0114 38       		.byte	0x38
 791 0115 00       		.byte	0
 792 0116 0A       		.uleb128 0xa
 793 0117 3C000000 		.4byte	.LVL5
 794 011b 63050000 		.4byte	0x563
 795 011f 35010000 		.4byte	0x135
 796 0123 0B       		.uleb128 0xb
 797 0124 01       		.uleb128 0x1
 798 0125 52       		.byte	0x52
 799 0126 02       		.uleb128 0x2
 800 0127 74       		.byte	0x74
 801 0128 02       		.sleb128 2
 802 0129 0B       		.uleb128 0xb
 803 012a 01       		.uleb128 0x1
 804 012b 51       		.byte	0x51
 805 012c 02       		.uleb128 0x2
 806 012d 08       		.byte	0x8
 807 012e 21       		.byte	0x21
 808 012f 0B       		.uleb128 0xb
 809 0130 01       		.uleb128 0x1
 810 0131 50       		.byte	0x50
 811 0132 01       		.uleb128 0x1
 812 0133 39       		.byte	0x39
 813 0134 00       		.byte	0
 814 0135 0A       		.uleb128 0xa
 815 0136 4A000000 		.4byte	.LVL8
 816 013a 63050000 		.4byte	0x563
ARM GAS  C:\Users\JEPPES~1\AppData\Local\Temp\ccg0iLgx.s 			page 18


 817 013e 53010000 		.4byte	0x153
 818 0142 0B       		.uleb128 0xb
 819 0143 01       		.uleb128 0x1
 820 0144 52       		.byte	0x52
 821 0145 02       		.uleb128 0x2
 822 0146 74       		.byte	0x74
 823 0147 03       		.sleb128 3
 824 0148 0B       		.uleb128 0xb
 825 0149 01       		.uleb128 0x1
 826 014a 51       		.byte	0x51
 827 014b 01       		.uleb128 0x1
 828 014c 44       		.byte	0x44
 829 014d 0B       		.uleb128 0xb
 830 014e 01       		.uleb128 0x1
 831 014f 50       		.byte	0x50
 832 0150 01       		.uleb128 0x1
 833 0151 38       		.byte	0x38
 834 0152 00       		.byte	0
 835 0153 0A       		.uleb128 0xa
 836 0154 54000000 		.4byte	.LVL9
 837 0158 63050000 		.4byte	0x563
 838 015c 71010000 		.4byte	0x171
 839 0160 0B       		.uleb128 0xb
 840 0161 01       		.uleb128 0x1
 841 0162 52       		.byte	0x52
 842 0163 02       		.uleb128 0x2
 843 0164 74       		.byte	0x74
 844 0165 04       		.sleb128 4
 845 0166 0B       		.uleb128 0xb
 846 0167 01       		.uleb128 0x1
 847 0168 51       		.byte	0x51
 848 0169 01       		.uleb128 0x1
 849 016a 45       		.byte	0x45
 850 016b 0B       		.uleb128 0xb
 851 016c 01       		.uleb128 0x1
 852 016d 50       		.byte	0x50
 853 016e 01       		.uleb128 0x1
 854 016f 38       		.byte	0x38
 855 0170 00       		.byte	0
 856 0171 0A       		.uleb128 0xa
 857 0172 5E000000 		.4byte	.LVL10
 858 0176 63050000 		.4byte	0x563
 859 017a 90010000 		.4byte	0x190
 860 017e 0B       		.uleb128 0xb
 861 017f 01       		.uleb128 0x1
 862 0180 52       		.byte	0x52
 863 0181 02       		.uleb128 0x2
 864 0182 74       		.byte	0x74
 865 0183 05       		.sleb128 5
 866 0184 0B       		.uleb128 0xb
 867 0185 01       		.uleb128 0x1
 868 0186 51       		.byte	0x51
 869 0187 02       		.uleb128 0x2
 870 0188 08       		.byte	0x8
 871 0189 22       		.byte	0x22
 872 018a 0B       		.uleb128 0xb
 873 018b 01       		.uleb128 0x1
ARM GAS  C:\Users\JEPPES~1\AppData\Local\Temp\ccg0iLgx.s 			page 19


 874 018c 50       		.byte	0x50
 875 018d 01       		.uleb128 0x1
 876 018e 39       		.byte	0x39
 877 018f 00       		.byte	0
 878 0190 0A       		.uleb128 0xa
 879 0191 68000000 		.4byte	.LVL13
 880 0195 7E050000 		.4byte	0x57e
 881 0199 A9010000 		.4byte	0x1a9
 882 019d 0B       		.uleb128 0xb
 883 019e 01       		.uleb128 0x1
 884 019f 52       		.byte	0x52
 885 01a0 02       		.uleb128 0x2
 886 01a1 74       		.byte	0x74
 887 01a2 00       		.sleb128 0
 888 01a3 0B       		.uleb128 0xb
 889 01a4 01       		.uleb128 0x1
 890 01a5 50       		.byte	0x50
 891 01a6 01       		.uleb128 0x1
 892 01a7 38       		.byte	0x38
 893 01a8 00       		.byte	0
 894 01a9 0A       		.uleb128 0xa
 895 01aa 72000000 		.4byte	.LVL16
 896 01ae 7E050000 		.4byte	0x57e
 897 01b2 C2010000 		.4byte	0x1c2
 898 01b6 0B       		.uleb128 0xb
 899 01b7 01       		.uleb128 0x1
 900 01b8 52       		.byte	0x52
 901 01b9 02       		.uleb128 0x2
 902 01ba 74       		.byte	0x74
 903 01bb 00       		.sleb128 0
 904 01bc 0B       		.uleb128 0xb
 905 01bd 01       		.uleb128 0x1
 906 01be 50       		.byte	0x50
 907 01bf 01       		.uleb128 0x1
 908 01c0 38       		.byte	0x38
 909 01c1 00       		.byte	0
 910 01c2 0C       		.uleb128 0xc
 911 01c3 7C000000 		.4byte	.LVL19
 912 01c7 99050000 		.4byte	0x599
 913 01cb 0C       		.uleb128 0xc
 914 01cc 86000000 		.4byte	.LVL22
 915 01d0 99050000 		.4byte	0x599
 916 01d4 0C       		.uleb128 0xc
 917 01d5 90000000 		.4byte	.LVL25
 918 01d9 99050000 		.4byte	0x599
 919 01dd 0C       		.uleb128 0xc
 920 01de 9A000000 		.4byte	.LVL28
 921 01e2 99050000 		.4byte	0x599
 922 01e6 0A       		.uleb128 0xa
 923 01e7 A4000000 		.4byte	.LVL31
 924 01eb 7E050000 		.4byte	0x57e
 925 01ef FF010000 		.4byte	0x1ff
 926 01f3 0B       		.uleb128 0xb
 927 01f4 01       		.uleb128 0x1
 928 01f5 52       		.byte	0x52
 929 01f6 02       		.uleb128 0x2
 930 01f7 74       		.byte	0x74
ARM GAS  C:\Users\JEPPES~1\AppData\Local\Temp\ccg0iLgx.s 			page 20


 931 01f8 00       		.sleb128 0
 932 01f9 0B       		.uleb128 0xb
 933 01fa 01       		.uleb128 0x1
 934 01fb 50       		.byte	0x50
 935 01fc 01       		.uleb128 0x1
 936 01fd 38       		.byte	0x38
 937 01fe 00       		.byte	0
 938 01ff 0A       		.uleb128 0xa
 939 0200 AE000000 		.4byte	.LVL34
 940 0204 7E050000 		.4byte	0x57e
 941 0208 18020000 		.4byte	0x218
 942 020c 0B       		.uleb128 0xb
 943 020d 01       		.uleb128 0x1
 944 020e 52       		.byte	0x52
 945 020f 02       		.uleb128 0x2
 946 0210 74       		.byte	0x74
 947 0211 00       		.sleb128 0
 948 0212 0B       		.uleb128 0xb
 949 0213 01       		.uleb128 0x1
 950 0214 50       		.byte	0x50
 951 0215 01       		.uleb128 0x1
 952 0216 38       		.byte	0x38
 953 0217 00       		.byte	0
 954 0218 0A       		.uleb128 0xa
 955 0219 B8000000 		.4byte	.LVL37
 956 021d 7E050000 		.4byte	0x57e
 957 0221 31020000 		.4byte	0x231
 958 0225 0B       		.uleb128 0xb
 959 0226 01       		.uleb128 0x1
 960 0227 52       		.byte	0x52
 961 0228 02       		.uleb128 0x2
 962 0229 74       		.byte	0x74
 963 022a 00       		.sleb128 0
 964 022b 0B       		.uleb128 0xb
 965 022c 01       		.uleb128 0x1
 966 022d 50       		.byte	0x50
 967 022e 01       		.uleb128 0x1
 968 022f 38       		.byte	0x38
 969 0230 00       		.byte	0
 970 0231 0A       		.uleb128 0xa
 971 0232 C2000000 		.4byte	.LVL40
 972 0236 7E050000 		.4byte	0x57e
 973 023a 4A020000 		.4byte	0x24a
 974 023e 0B       		.uleb128 0xb
 975 023f 01       		.uleb128 0x1
 976 0240 52       		.byte	0x52
 977 0241 02       		.uleb128 0x2
 978 0242 74       		.byte	0x74
 979 0243 00       		.sleb128 0
 980 0244 0B       		.uleb128 0xb
 981 0245 01       		.uleb128 0x1
 982 0246 50       		.byte	0x50
 983 0247 01       		.uleb128 0x1
 984 0248 38       		.byte	0x38
 985 0249 00       		.byte	0
 986 024a 0A       		.uleb128 0xa
 987 024b CC000000 		.4byte	.LVL43
ARM GAS  C:\Users\JEPPES~1\AppData\Local\Temp\ccg0iLgx.s 			page 21


 988 024f 7E050000 		.4byte	0x57e
 989 0253 63020000 		.4byte	0x263
 990 0257 0B       		.uleb128 0xb
 991 0258 01       		.uleb128 0x1
 992 0259 52       		.byte	0x52
 993 025a 02       		.uleb128 0x2
 994 025b 74       		.byte	0x74
 995 025c 00       		.sleb128 0
 996 025d 0B       		.uleb128 0xb
 997 025e 01       		.uleb128 0x1
 998 025f 50       		.byte	0x50
 999 0260 01       		.uleb128 0x1
 1000 0261 39       		.byte	0x39
 1001 0262 00       		.byte	0
 1002 0263 0C       		.uleb128 0xc
 1003 0264 D6000000 		.4byte	.LVL46
 1004 0268 99050000 		.4byte	0x599
 1005 026c 0C       		.uleb128 0xc
 1006 026d E0000000 		.4byte	.LVL49
 1007 0271 99050000 		.4byte	0x599
 1008 0275 0A       		.uleb128 0xa
 1009 0276 EA000000 		.4byte	.LVL52
 1010 027a 7E050000 		.4byte	0x57e
 1011 027e 8E020000 		.4byte	0x28e
 1012 0282 0B       		.uleb128 0xb
 1013 0283 01       		.uleb128 0x1
 1014 0284 52       		.byte	0x52
 1015 0285 02       		.uleb128 0x2
 1016 0286 74       		.byte	0x74
 1017 0287 00       		.sleb128 0
 1018 0288 0B       		.uleb128 0xb
 1019 0289 01       		.uleb128 0x1
 1020 028a 50       		.byte	0x50
 1021 028b 01       		.uleb128 0x1
 1022 028c 39       		.byte	0x39
 1023 028d 00       		.byte	0
 1024 028e 0A       		.uleb128 0xa
 1025 028f F4000000 		.4byte	.LVL55
 1026 0293 7E050000 		.4byte	0x57e
 1027 0297 A7020000 		.4byte	0x2a7
 1028 029b 0B       		.uleb128 0xb
 1029 029c 01       		.uleb128 0x1
 1030 029d 52       		.byte	0x52
 1031 029e 02       		.uleb128 0x2
 1032 029f 74       		.byte	0x74
 1033 02a0 00       		.sleb128 0
 1034 02a1 0B       		.uleb128 0xb
 1035 02a2 01       		.uleb128 0x1
 1036 02a3 50       		.byte	0x50
 1037 02a4 01       		.uleb128 0x1
 1038 02a5 39       		.byte	0x39
 1039 02a6 00       		.byte	0
 1040 02a7 0A       		.uleb128 0xa
 1041 02a8 FE000000 		.4byte	.LVL58
 1042 02ac 7E050000 		.4byte	0x57e
 1043 02b0 C0020000 		.4byte	0x2c0
 1044 02b4 0B       		.uleb128 0xb
ARM GAS  C:\Users\JEPPES~1\AppData\Local\Temp\ccg0iLgx.s 			page 22


 1045 02b5 01       		.uleb128 0x1
 1046 02b6 52       		.byte	0x52
 1047 02b7 02       		.uleb128 0x2
 1048 02b8 74       		.byte	0x74
 1049 02b9 00       		.sleb128 0
 1050 02ba 0B       		.uleb128 0xb
 1051 02bb 01       		.uleb128 0x1
 1052 02bc 50       		.byte	0x50
 1053 02bd 01       		.uleb128 0x1
 1054 02be 40       		.byte	0x40
 1055 02bf 00       		.byte	0
 1056 02c0 0A       		.uleb128 0xa
 1057 02c1 08010000 		.4byte	.LVL61
 1058 02c5 7E050000 		.4byte	0x57e
 1059 02c9 D9020000 		.4byte	0x2d9
 1060 02cd 0B       		.uleb128 0xb
 1061 02ce 01       		.uleb128 0x1
 1062 02cf 52       		.byte	0x52
 1063 02d0 02       		.uleb128 0x2
 1064 02d1 74       		.byte	0x74
 1065 02d2 00       		.sleb128 0
 1066 02d3 0B       		.uleb128 0xb
 1067 02d4 01       		.uleb128 0x1
 1068 02d5 50       		.byte	0x50
 1069 02d6 01       		.uleb128 0x1
 1070 02d7 40       		.byte	0x40
 1071 02d8 00       		.byte	0
 1072 02d9 0A       		.uleb128 0xa
 1073 02da 12010000 		.4byte	.LVL64
 1074 02de 7E050000 		.4byte	0x57e
 1075 02e2 F2020000 		.4byte	0x2f2
 1076 02e6 0B       		.uleb128 0xb
 1077 02e7 01       		.uleb128 0x1
 1078 02e8 52       		.byte	0x52
 1079 02e9 02       		.uleb128 0x2
 1080 02ea 74       		.byte	0x74
 1081 02eb 00       		.sleb128 0
 1082 02ec 0B       		.uleb128 0xb
 1083 02ed 01       		.uleb128 0x1
 1084 02ee 50       		.byte	0x50
 1085 02ef 01       		.uleb128 0x1
 1086 02f0 40       		.byte	0x40
 1087 02f1 00       		.byte	0
 1088 02f2 0A       		.uleb128 0xa
 1089 02f3 1C010000 		.4byte	.LVL67
 1090 02f7 7E050000 		.4byte	0x57e
 1091 02fb 0B030000 		.4byte	0x30b
 1092 02ff 0B       		.uleb128 0xb
 1093 0300 01       		.uleb128 0x1
 1094 0301 52       		.byte	0x52
 1095 0302 02       		.uleb128 0x2
 1096 0303 74       		.byte	0x74
 1097 0304 00       		.sleb128 0
 1098 0305 0B       		.uleb128 0xb
 1099 0306 01       		.uleb128 0x1
 1100 0307 50       		.byte	0x50
 1101 0308 01       		.uleb128 0x1
ARM GAS  C:\Users\JEPPES~1\AppData\Local\Temp\ccg0iLgx.s 			page 23


 1102 0309 40       		.byte	0x40
 1103 030a 00       		.byte	0
 1104 030b 0A       		.uleb128 0xa
 1105 030c 26010000 		.4byte	.LVL70
 1106 0310 7E050000 		.4byte	0x57e
 1107 0314 24030000 		.4byte	0x324
 1108 0318 0B       		.uleb128 0xb
 1109 0319 01       		.uleb128 0x1
 1110 031a 52       		.byte	0x52
 1111 031b 02       		.uleb128 0x2
 1112 031c 74       		.byte	0x74
 1113 031d 00       		.sleb128 0
 1114 031e 0B       		.uleb128 0xb
 1115 031f 01       		.uleb128 0x1
 1116 0320 50       		.byte	0x50
 1117 0321 01       		.uleb128 0x1
 1118 0322 40       		.byte	0x40
 1119 0323 00       		.byte	0
 1120 0324 0A       		.uleb128 0xa
 1121 0325 32010000 		.4byte	.LVL73
 1122 0329 63050000 		.4byte	0x563
 1123 032d 3D030000 		.4byte	0x33d
 1124 0331 0B       		.uleb128 0xb
 1125 0332 01       		.uleb128 0x1
 1126 0333 52       		.byte	0x52
 1127 0334 02       		.uleb128 0x2
 1128 0335 7D       		.byte	0x7d
 1129 0336 07       		.sleb128 7
 1130 0337 0B       		.uleb128 0xb
 1131 0338 01       		.uleb128 0x1
 1132 0339 50       		.byte	0x50
 1133 033a 01       		.uleb128 0x1
 1134 033b 40       		.byte	0x40
 1135 033c 00       		.byte	0
 1136 033d 0A       		.uleb128 0xa
 1137 033e 3E010000 		.4byte	.LVL76
 1138 0342 63050000 		.4byte	0x563
 1139 0346 56030000 		.4byte	0x356
 1140 034a 0B       		.uleb128 0xb
 1141 034b 01       		.uleb128 0x1
 1142 034c 52       		.byte	0x52
 1143 034d 02       		.uleb128 0x2
 1144 034e 7D       		.byte	0x7d
 1145 034f 07       		.sleb128 7
 1146 0350 0B       		.uleb128 0xb
 1147 0351 01       		.uleb128 0x1
 1148 0352 50       		.byte	0x50
 1149 0353 01       		.uleb128 0x1
 1150 0354 40       		.byte	0x40
 1151 0355 00       		.byte	0
 1152 0356 0A       		.uleb128 0xa
 1153 0357 4A010000 		.4byte	.LVL79
 1154 035b 63050000 		.4byte	0x563
 1155 035f 6F030000 		.4byte	0x36f
 1156 0363 0B       		.uleb128 0xb
 1157 0364 01       		.uleb128 0x1
 1158 0365 52       		.byte	0x52
ARM GAS  C:\Users\JEPPES~1\AppData\Local\Temp\ccg0iLgx.s 			page 24


 1159 0366 02       		.uleb128 0x2
 1160 0367 7D       		.byte	0x7d
 1161 0368 07       		.sleb128 7
 1162 0369 0B       		.uleb128 0xb
 1163 036a 01       		.uleb128 0x1
 1164 036b 50       		.byte	0x50
 1165 036c 01       		.uleb128 0x1
 1166 036d 40       		.byte	0x40
 1167 036e 00       		.byte	0
 1168 036f 0A       		.uleb128 0xa
 1169 0370 56010000 		.4byte	.LVL82
 1170 0374 63050000 		.4byte	0x563
 1171 0378 88030000 		.4byte	0x388
 1172 037c 0B       		.uleb128 0xb
 1173 037d 01       		.uleb128 0x1
 1174 037e 52       		.byte	0x52
 1175 037f 02       		.uleb128 0x2
 1176 0380 7D       		.byte	0x7d
 1177 0381 07       		.sleb128 7
 1178 0382 0B       		.uleb128 0xb
 1179 0383 01       		.uleb128 0x1
 1180 0384 50       		.byte	0x50
 1181 0385 01       		.uleb128 0x1
 1182 0386 40       		.byte	0x40
 1183 0387 00       		.byte	0
 1184 0388 0A       		.uleb128 0xa
 1185 0389 62010000 		.4byte	.LVL85
 1186 038d 63050000 		.4byte	0x563
 1187 0391 A1030000 		.4byte	0x3a1
 1188 0395 0B       		.uleb128 0xb
 1189 0396 01       		.uleb128 0x1
 1190 0397 52       		.byte	0x52
 1191 0398 02       		.uleb128 0x2
 1192 0399 7D       		.byte	0x7d
 1193 039a 07       		.sleb128 7
 1194 039b 0B       		.uleb128 0xb
 1195 039c 01       		.uleb128 0x1
 1196 039d 50       		.byte	0x50
 1197 039e 01       		.uleb128 0x1
 1198 039f 40       		.byte	0x40
 1199 03a0 00       		.byte	0
 1200 03a1 0A       		.uleb128 0xa
 1201 03a2 6C010000 		.4byte	.LVL88
 1202 03a6 7E050000 		.4byte	0x57e
 1203 03aa BA030000 		.4byte	0x3ba
 1204 03ae 0B       		.uleb128 0xb
 1205 03af 01       		.uleb128 0x1
 1206 03b0 52       		.byte	0x52
 1207 03b1 02       		.uleb128 0x2
 1208 03b2 74       		.byte	0x74
 1209 03b3 00       		.sleb128 0
 1210 03b4 0B       		.uleb128 0xb
 1211 03b5 01       		.uleb128 0x1
 1212 03b6 50       		.byte	0x50
 1213 03b7 01       		.uleb128 0x1
 1214 03b8 40       		.byte	0x40
 1215 03b9 00       		.byte	0
ARM GAS  C:\Users\JEPPES~1\AppData\Local\Temp\ccg0iLgx.s 			page 25


 1216 03ba 0A       		.uleb128 0xa
 1217 03bb 76010000 		.4byte	.LVL91
 1218 03bf 7E050000 		.4byte	0x57e
 1219 03c3 D3030000 		.4byte	0x3d3
 1220 03c7 0B       		.uleb128 0xb
 1221 03c8 01       		.uleb128 0x1
 1222 03c9 52       		.byte	0x52
 1223 03ca 02       		.uleb128 0x2
 1224 03cb 74       		.byte	0x74
 1225 03cc 00       		.sleb128 0
 1226 03cd 0B       		.uleb128 0xb
 1227 03ce 01       		.uleb128 0x1
 1228 03cf 50       		.byte	0x50
 1229 03d0 01       		.uleb128 0x1
 1230 03d1 40       		.byte	0x40
 1231 03d2 00       		.byte	0
 1232 03d3 0A       		.uleb128 0xa
 1233 03d4 82010000 		.4byte	.LVL94
 1234 03d8 63050000 		.4byte	0x563
 1235 03dc EC030000 		.4byte	0x3ec
 1236 03e0 0B       		.uleb128 0xb
 1237 03e1 01       		.uleb128 0x1
 1238 03e2 52       		.byte	0x52
 1239 03e3 02       		.uleb128 0x2
 1240 03e4 7D       		.byte	0x7d
 1241 03e5 07       		.sleb128 7
 1242 03e6 0B       		.uleb128 0xb
 1243 03e7 01       		.uleb128 0x1
 1244 03e8 50       		.byte	0x50
 1245 03e9 01       		.uleb128 0x1
 1246 03ea 40       		.byte	0x40
 1247 03eb 00       		.byte	0
 1248 03ec 0A       		.uleb128 0xa
 1249 03ed 8E010000 		.4byte	.LVL97
 1250 03f1 63050000 		.4byte	0x563
 1251 03f5 05040000 		.4byte	0x405
 1252 03f9 0B       		.uleb128 0xb
 1253 03fa 01       		.uleb128 0x1
 1254 03fb 52       		.byte	0x52
 1255 03fc 02       		.uleb128 0x2
 1256 03fd 7D       		.byte	0x7d
 1257 03fe 07       		.sleb128 7
 1258 03ff 0B       		.uleb128 0xb
 1259 0400 01       		.uleb128 0x1
 1260 0401 50       		.byte	0x50
 1261 0402 01       		.uleb128 0x1
 1262 0403 40       		.byte	0x40
 1263 0404 00       		.byte	0
 1264 0405 0A       		.uleb128 0xa
 1265 0406 98010000 		.4byte	.LVL100
 1266 040a 99000000 		.4byte	0x99
 1267 040e 1E040000 		.4byte	0x41e
 1268 0412 0B       		.uleb128 0xb
 1269 0413 01       		.uleb128 0x1
 1270 0414 51       		.byte	0x51
 1271 0415 02       		.uleb128 0x2
 1272 0416 74       		.byte	0x74
ARM GAS  C:\Users\JEPPES~1\AppData\Local\Temp\ccg0iLgx.s 			page 26


 1273 0417 00       		.sleb128 0
 1274 0418 0B       		.uleb128 0xb
 1275 0419 01       		.uleb128 0x1
 1276 041a 50       		.byte	0x50
 1277 041b 01       		.uleb128 0x1
 1278 041c 46       		.byte	0x46
 1279 041d 00       		.byte	0
 1280 041e 0A       		.uleb128 0xa
 1281 041f A0010000 		.4byte	.LVL101
 1282 0423 99000000 		.4byte	0x99
 1283 0427 37040000 		.4byte	0x437
 1284 042b 0B       		.uleb128 0xb
 1285 042c 01       		.uleb128 0x1
 1286 042d 51       		.byte	0x51
 1287 042e 02       		.uleb128 0x2
 1288 042f 74       		.byte	0x74
 1289 0430 00       		.sleb128 0
 1290 0431 0B       		.uleb128 0xb
 1291 0432 01       		.uleb128 0x1
 1292 0433 50       		.byte	0x50
 1293 0434 01       		.uleb128 0x1
 1294 0435 47       		.byte	0x47
 1295 0436 00       		.byte	0
 1296 0437 0A       		.uleb128 0xa
 1297 0438 A8010000 		.4byte	.LVL102
 1298 043c 99000000 		.4byte	0x99
 1299 0440 51040000 		.4byte	0x451
 1300 0444 0B       		.uleb128 0xb
 1301 0445 01       		.uleb128 0x1
 1302 0446 51       		.byte	0x51
 1303 0447 02       		.uleb128 0x2
 1304 0448 74       		.byte	0x74
 1305 0449 00       		.sleb128 0
 1306 044a 0B       		.uleb128 0xb
 1307 044b 01       		.uleb128 0x1
 1308 044c 50       		.byte	0x50
 1309 044d 02       		.uleb128 0x2
 1310 044e 08       		.byte	0x8
 1311 044f 23       		.byte	0x23
 1312 0450 00       		.byte	0
 1313 0451 0A       		.uleb128 0xa
 1314 0452 B2010000 		.4byte	.LVL105
 1315 0456 99000000 		.4byte	0x99
 1316 045a 6B040000 		.4byte	0x46b
 1317 045e 0B       		.uleb128 0xb
 1318 045f 01       		.uleb128 0x1
 1319 0460 51       		.byte	0x51
 1320 0461 02       		.uleb128 0x2
 1321 0462 74       		.byte	0x74
 1322 0463 00       		.sleb128 0
 1323 0464 0B       		.uleb128 0xb
 1324 0465 01       		.uleb128 0x1
 1325 0466 50       		.byte	0x50
 1326 0467 02       		.uleb128 0x2
 1327 0468 08       		.byte	0x8
 1328 0469 34       		.byte	0x34
 1329 046a 00       		.byte	0
ARM GAS  C:\Users\JEPPES~1\AppData\Local\Temp\ccg0iLgx.s 			page 27


 1330 046b 0A       		.uleb128 0xa
 1331 046c C0010000 		.4byte	.LVL108
 1332 0470 AA050000 		.4byte	0x5aa
 1333 0474 91040000 		.4byte	0x491
 1334 0478 0B       		.uleb128 0xb
 1335 0479 01       		.uleb128 0x1
 1336 047a 53       		.byte	0x53
 1337 047b 02       		.uleb128 0x2
 1338 047c 75       		.byte	0x75
 1339 047d 00       		.sleb128 0
 1340 047e 0B       		.uleb128 0xb
 1341 047f 01       		.uleb128 0x1
 1342 0480 52       		.byte	0x52
 1343 0481 02       		.uleb128 0x2
 1344 0482 75       		.byte	0x75
 1345 0483 00       		.sleb128 0
 1346 0484 0B       		.uleb128 0xb
 1347 0485 01       		.uleb128 0x1
 1348 0486 51       		.byte	0x51
 1349 0487 02       		.uleb128 0x2
 1350 0488 75       		.byte	0x75
 1351 0489 00       		.sleb128 0
 1352 048a 0B       		.uleb128 0xb
 1353 048b 01       		.uleb128 0x1
 1354 048c 50       		.byte	0x50
 1355 048d 02       		.uleb128 0x2
 1356 048e 75       		.byte	0x75
 1357 048f 00       		.sleb128 0
 1358 0490 00       		.byte	0
 1359 0491 0A       		.uleb128 0xa
 1360 0492 CE010000 		.4byte	.LVL111
 1361 0496 AA050000 		.4byte	0x5aa
 1362 049a B6040000 		.4byte	0x4b6
 1363 049e 0B       		.uleb128 0xb
 1364 049f 01       		.uleb128 0x1
 1365 04a0 53       		.byte	0x53
 1366 04a1 02       		.uleb128 0x2
 1367 04a2 74       		.byte	0x74
 1368 04a3 00       		.sleb128 0
 1369 04a4 0B       		.uleb128 0xb
 1370 04a5 01       		.uleb128 0x1
 1371 04a6 52       		.byte	0x52
 1372 04a7 02       		.uleb128 0x2
 1373 04a8 75       		.byte	0x75
 1374 04a9 00       		.sleb128 0
 1375 04aa 0B       		.uleb128 0xb
 1376 04ab 01       		.uleb128 0x1
 1377 04ac 51       		.byte	0x51
 1378 04ad 02       		.uleb128 0x2
 1379 04ae 75       		.byte	0x75
 1380 04af 00       		.sleb128 0
 1381 04b0 0B       		.uleb128 0xb
 1382 04b1 01       		.uleb128 0x1
 1383 04b2 50       		.byte	0x50
 1384 04b3 01       		.uleb128 0x1
 1385 04b4 31       		.byte	0x31
 1386 04b5 00       		.byte	0
ARM GAS  C:\Users\JEPPES~1\AppData\Local\Temp\ccg0iLgx.s 			page 28


 1387 04b6 0A       		.uleb128 0xa
 1388 04b7 DC010000 		.4byte	.LVL114
 1389 04bb AA050000 		.4byte	0x5aa
 1390 04bf DB040000 		.4byte	0x4db
 1391 04c3 0B       		.uleb128 0xb
 1392 04c4 01       		.uleb128 0x1
 1393 04c5 53       		.byte	0x53
 1394 04c6 02       		.uleb128 0x2
 1395 04c7 74       		.byte	0x74
 1396 04c8 00       		.sleb128 0
 1397 04c9 0B       		.uleb128 0xb
 1398 04ca 01       		.uleb128 0x1
 1399 04cb 52       		.byte	0x52
 1400 04cc 02       		.uleb128 0x2
 1401 04cd 75       		.byte	0x75
 1402 04ce 00       		.sleb128 0
 1403 04cf 0B       		.uleb128 0xb
 1404 04d0 01       		.uleb128 0x1
 1405 04d1 51       		.byte	0x51
 1406 04d2 01       		.uleb128 0x1
 1407 04d3 31       		.byte	0x31
 1408 04d4 0B       		.uleb128 0xb
 1409 04d5 01       		.uleb128 0x1
 1410 04d6 50       		.byte	0x50
 1411 04d7 02       		.uleb128 0x2
 1412 04d8 75       		.byte	0x75
 1413 04d9 00       		.sleb128 0
 1414 04da 00       		.byte	0
 1415 04db 0D       		.uleb128 0xd
 1416 04dc EA010000 		.4byte	.LVL117
 1417 04e0 AA050000 		.4byte	0x5aa
 1418 04e4 0B       		.uleb128 0xb
 1419 04e5 01       		.uleb128 0x1
 1420 04e6 53       		.byte	0x53
 1421 04e7 02       		.uleb128 0x2
 1422 04e8 74       		.byte	0x74
 1423 04e9 00       		.sleb128 0
 1424 04ea 0B       		.uleb128 0xb
 1425 04eb 01       		.uleb128 0x1
 1426 04ec 52       		.byte	0x52
 1427 04ed 01       		.uleb128 0x1
 1428 04ee 31       		.byte	0x31
 1429 04ef 0B       		.uleb128 0xb
 1430 04f0 01       		.uleb128 0x1
 1431 04f1 51       		.byte	0x51
 1432 04f2 02       		.uleb128 0x2
 1433 04f3 75       		.byte	0x75
 1434 04f4 00       		.sleb128 0
 1435 04f5 0B       		.uleb128 0xb
 1436 04f6 01       		.uleb128 0x1
 1437 04f7 50       		.byte	0x50
 1438 04f8 02       		.uleb128 0x2
 1439 04f9 75       		.byte	0x75
 1440 04fa 00       		.sleb128 0
 1441 04fb 00       		.byte	0
 1442 04fc 00       		.byte	0
 1443 04fd 0E       		.uleb128 0xe
ARM GAS  C:\Users\JEPPES~1\AppData\Local\Temp\ccg0iLgx.s 			page 29


 1444 04fe 00000000 		.4byte	.LASF14
 1445 0502 01       		.byte	0x1
 1446 0503 15       		.byte	0x15
 1447 0504 6B000000 		.4byte	0x6b
 1448 0508 05       		.uleb128 0x5
 1449 0509 03       		.byte	0x3
 1450 050a 00000000 		.4byte	xPos
 1451 050e 0E       		.uleb128 0xe
 1452 050f C9000000 		.4byte	.LASF15
 1453 0513 01       		.byte	0x1
 1454 0514 16       		.byte	0x16
 1455 0515 6B000000 		.4byte	0x6b
 1456 0519 05       		.uleb128 0x5
 1457 051a 03       		.byte	0x3
 1458 051b 00000000 		.4byte	xMax
 1459 051f 0E       		.uleb128 0xe
 1460 0520 24000000 		.4byte	.LASF16
 1461 0524 01       		.byte	0x1
 1462 0525 17       		.byte	0x17
 1463 0526 6B000000 		.4byte	0x6b
 1464 052a 05       		.uleb128 0x5
 1465 052b 03       		.byte	0x3
 1466 052c 00000000 		.4byte	yPos
 1467 0530 0E       		.uleb128 0xe
 1468 0531 8A010000 		.4byte	.LASF17
 1469 0535 01       		.byte	0x1
 1470 0536 18       		.byte	0x18
 1471 0537 6B000000 		.4byte	0x6b
 1472 053b 05       		.uleb128 0x5
 1473 053c 03       		.byte	0x3
 1474 053d 00000000 		.4byte	yMax
 1475 0541 0E       		.uleb128 0xe
 1476 0542 62000000 		.4byte	.LASF18
 1477 0546 01       		.byte	0x1
 1478 0547 19       		.byte	0x19
 1479 0548 6B000000 		.4byte	0x6b
 1480 054c 05       		.uleb128 0x5
 1481 054d 03       		.byte	0x3
 1482 054e 00000000 		.4byte	zPos
 1483 0552 0E       		.uleb128 0xe
 1484 0553 05000000 		.4byte	.LASF19
 1485 0557 01       		.byte	0x1
 1486 0558 1A       		.byte	0x1a
 1487 0559 6B000000 		.4byte	0x6b
 1488 055d 05       		.uleb128 0x5
 1489 055e 03       		.byte	0x3
 1490 055f 00000000 		.4byte	zMax
 1491 0563 0F       		.uleb128 0xf
 1492 0564 6E000000 		.4byte	.LASF20
 1493 0568 02       		.byte	0x2
 1494 0569 24       		.byte	0x24
 1495 056a 7E050000 		.4byte	0x57e
 1496 056e 10       		.uleb128 0x10
 1497 056f 6B000000 		.4byte	0x6b
 1498 0573 10       		.uleb128 0x10
 1499 0574 6B000000 		.4byte	0x6b
 1500 0578 10       		.uleb128 0x10
ARM GAS  C:\Users\JEPPES~1\AppData\Local\Temp\ccg0iLgx.s 			page 30


 1501 0579 93000000 		.4byte	0x93
 1502 057d 00       		.byte	0
 1503 057e 0F       		.uleb128 0xf
 1504 057f AB000000 		.4byte	.LASF21
 1505 0583 02       		.byte	0x2
 1506 0584 1B       		.byte	0x1b
 1507 0585 99050000 		.4byte	0x599
 1508 0589 10       		.uleb128 0x10
 1509 058a 6B000000 		.4byte	0x6b
 1510 058e 10       		.uleb128 0x10
 1511 058f 6B000000 		.4byte	0x6b
 1512 0593 10       		.uleb128 0x10
 1513 0594 6B000000 		.4byte	0x6b
 1514 0598 00       		.byte	0
 1515 0599 0F       		.uleb128 0xf
 1516 059a 1D000000 		.4byte	.LASF22
 1517 059e 03       		.byte	0x3
 1518 059f 20       		.byte	0x20
 1519 05a0 AA050000 		.4byte	0x5aa
 1520 05a4 10       		.uleb128 0x10
 1521 05a5 6B000000 		.4byte	0x6b
 1522 05a9 00       		.byte	0
 1523 05aa 11       		.uleb128 0x11
 1524 05ab 2F000000 		.4byte	.LASF29
 1525 05af 05       		.byte	0x5
 1526 05b0 1A       		.byte	0x1a
 1527 05b1 10       		.uleb128 0x10
 1528 05b2 6B000000 		.4byte	0x6b
 1529 05b6 10       		.uleb128 0x10
 1530 05b7 6B000000 		.4byte	0x6b
 1531 05bb 10       		.uleb128 0x10
 1532 05bc 6B000000 		.4byte	0x6b
 1533 05c0 10       		.uleb128 0x10
 1534 05c1 6B000000 		.4byte	0x6b
 1535 05c5 00       		.byte	0
 1536 05c6 00       		.byte	0
 1537              		.section	.debug_abbrev,"",%progbits
 1538              	.Ldebug_abbrev0:
 1539 0000 01       		.uleb128 0x1
 1540 0001 11       		.uleb128 0x11
 1541 0002 01       		.byte	0x1
 1542 0003 25       		.uleb128 0x25
 1543 0004 0E       		.uleb128 0xe
 1544 0005 13       		.uleb128 0x13
 1545 0006 0B       		.uleb128 0xb
 1546 0007 03       		.uleb128 0x3
 1547 0008 0E       		.uleb128 0xe
 1548 0009 1B       		.uleb128 0x1b
 1549 000a 0E       		.uleb128 0xe
 1550 000b 55       		.uleb128 0x55
 1551 000c 17       		.uleb128 0x17
 1552 000d 11       		.uleb128 0x11
 1553 000e 01       		.uleb128 0x1
 1554 000f 10       		.uleb128 0x10
 1555 0010 17       		.uleb128 0x17
 1556 0011 00       		.byte	0
 1557 0012 00       		.byte	0
ARM GAS  C:\Users\JEPPES~1\AppData\Local\Temp\ccg0iLgx.s 			page 31


 1558 0013 02       		.uleb128 0x2
 1559 0014 24       		.uleb128 0x24
 1560 0015 00       		.byte	0
 1561 0016 0B       		.uleb128 0xb
 1562 0017 0B       		.uleb128 0xb
 1563 0018 3E       		.uleb128 0x3e
 1564 0019 0B       		.uleb128 0xb
 1565 001a 03       		.uleb128 0x3
 1566 001b 0E       		.uleb128 0xe
 1567 001c 00       		.byte	0
 1568 001d 00       		.byte	0
 1569 001e 03       		.uleb128 0x3
 1570 001f 24       		.uleb128 0x24
 1571 0020 00       		.byte	0
 1572 0021 0B       		.uleb128 0xb
 1573 0022 0B       		.uleb128 0xb
 1574 0023 3E       		.uleb128 0x3e
 1575 0024 0B       		.uleb128 0xb
 1576 0025 03       		.uleb128 0x3
 1577 0026 08       		.uleb128 0x8
 1578 0027 00       		.byte	0
 1579 0028 00       		.byte	0
 1580 0029 04       		.uleb128 0x4
 1581 002a 16       		.uleb128 0x16
 1582 002b 00       		.byte	0
 1583 002c 03       		.uleb128 0x3
 1584 002d 0E       		.uleb128 0xe
 1585 002e 3A       		.uleb128 0x3a
 1586 002f 0B       		.uleb128 0xb
 1587 0030 3B       		.uleb128 0x3b
 1588 0031 05       		.uleb128 0x5
 1589 0032 49       		.uleb128 0x49
 1590 0033 13       		.uleb128 0x13
 1591 0034 00       		.byte	0
 1592 0035 00       		.byte	0
 1593 0036 05       		.uleb128 0x5
 1594 0037 0F       		.uleb128 0xf
 1595 0038 00       		.byte	0
 1596 0039 0B       		.uleb128 0xb
 1597 003a 0B       		.uleb128 0xb
 1598 003b 49       		.uleb128 0x49
 1599 003c 13       		.uleb128 0x13
 1600 003d 00       		.byte	0
 1601 003e 00       		.byte	0
 1602 003f 06       		.uleb128 0x6
 1603 0040 2E       		.uleb128 0x2e
 1604 0041 01       		.byte	0x1
 1605 0042 3F       		.uleb128 0x3f
 1606 0043 19       		.uleb128 0x19
 1607 0044 03       		.uleb128 0x3
 1608 0045 0E       		.uleb128 0xe
 1609 0046 3A       		.uleb128 0x3a
 1610 0047 0B       		.uleb128 0xb
 1611 0048 3B       		.uleb128 0x3b
 1612 0049 0B       		.uleb128 0xb
 1613 004a 27       		.uleb128 0x27
 1614 004b 19       		.uleb128 0x19
ARM GAS  C:\Users\JEPPES~1\AppData\Local\Temp\ccg0iLgx.s 			page 32


 1615 004c 11       		.uleb128 0x11
 1616 004d 01       		.uleb128 0x1
 1617 004e 12       		.uleb128 0x12
 1618 004f 06       		.uleb128 0x6
 1619 0050 40       		.uleb128 0x40
 1620 0051 18       		.uleb128 0x18
 1621 0052 9742     		.uleb128 0x2117
 1622 0054 19       		.uleb128 0x19
 1623 0055 01       		.uleb128 0x1
 1624 0056 13       		.uleb128 0x13
 1625 0057 00       		.byte	0
 1626 0058 00       		.byte	0
 1627 0059 07       		.uleb128 0x7
 1628 005a 05       		.uleb128 0x5
 1629 005b 00       		.byte	0
 1630 005c 03       		.uleb128 0x3
 1631 005d 08       		.uleb128 0x8
 1632 005e 3A       		.uleb128 0x3a
 1633 005f 0B       		.uleb128 0xb
 1634 0060 3B       		.uleb128 0x3b
 1635 0061 0B       		.uleb128 0xb
 1636 0062 49       		.uleb128 0x49
 1637 0063 13       		.uleb128 0x13
 1638 0064 02       		.uleb128 0x2
 1639 0065 17       		.uleb128 0x17
 1640 0066 00       		.byte	0
 1641 0067 00       		.byte	0
 1642 0068 08       		.uleb128 0x8
 1643 0069 05       		.uleb128 0x5
 1644 006a 00       		.byte	0
 1645 006b 03       		.uleb128 0x3
 1646 006c 0E       		.uleb128 0xe
 1647 006d 3A       		.uleb128 0x3a
 1648 006e 0B       		.uleb128 0xb
 1649 006f 3B       		.uleb128 0x3b
 1650 0070 0B       		.uleb128 0xb
 1651 0071 49       		.uleb128 0x49
 1652 0072 13       		.uleb128 0x13
 1653 0073 02       		.uleb128 0x2
 1654 0074 17       		.uleb128 0x17
 1655 0075 00       		.byte	0
 1656 0076 00       		.byte	0
 1657 0077 09       		.uleb128 0x9
 1658 0078 34       		.uleb128 0x34
 1659 0079 00       		.byte	0
 1660 007a 03       		.uleb128 0x3
 1661 007b 0E       		.uleb128 0xe
 1662 007c 3A       		.uleb128 0x3a
 1663 007d 0B       		.uleb128 0xb
 1664 007e 3B       		.uleb128 0x3b
 1665 007f 0B       		.uleb128 0xb
 1666 0080 49       		.uleb128 0x49
 1667 0081 13       		.uleb128 0x13
 1668 0082 02       		.uleb128 0x2
 1669 0083 18       		.uleb128 0x18
 1670 0084 00       		.byte	0
 1671 0085 00       		.byte	0
ARM GAS  C:\Users\JEPPES~1\AppData\Local\Temp\ccg0iLgx.s 			page 33


 1672 0086 0A       		.uleb128 0xa
 1673 0087 898201   		.uleb128 0x4109
 1674 008a 01       		.byte	0x1
 1675 008b 11       		.uleb128 0x11
 1676 008c 01       		.uleb128 0x1
 1677 008d 31       		.uleb128 0x31
 1678 008e 13       		.uleb128 0x13
 1679 008f 01       		.uleb128 0x1
 1680 0090 13       		.uleb128 0x13
 1681 0091 00       		.byte	0
 1682 0092 00       		.byte	0
 1683 0093 0B       		.uleb128 0xb
 1684 0094 8A8201   		.uleb128 0x410a
 1685 0097 00       		.byte	0
 1686 0098 02       		.uleb128 0x2
 1687 0099 18       		.uleb128 0x18
 1688 009a 9142     		.uleb128 0x2111
 1689 009c 18       		.uleb128 0x18
 1690 009d 00       		.byte	0
 1691 009e 00       		.byte	0
 1692 009f 0C       		.uleb128 0xc
 1693 00a0 898201   		.uleb128 0x4109
 1694 00a3 00       		.byte	0
 1695 00a4 11       		.uleb128 0x11
 1696 00a5 01       		.uleb128 0x1
 1697 00a6 31       		.uleb128 0x31
 1698 00a7 13       		.uleb128 0x13
 1699 00a8 00       		.byte	0
 1700 00a9 00       		.byte	0
 1701 00aa 0D       		.uleb128 0xd
 1702 00ab 898201   		.uleb128 0x4109
 1703 00ae 01       		.byte	0x1
 1704 00af 11       		.uleb128 0x11
 1705 00b0 01       		.uleb128 0x1
 1706 00b1 31       		.uleb128 0x31
 1707 00b2 13       		.uleb128 0x13
 1708 00b3 00       		.byte	0
 1709 00b4 00       		.byte	0
 1710 00b5 0E       		.uleb128 0xe
 1711 00b6 34       		.uleb128 0x34
 1712 00b7 00       		.byte	0
 1713 00b8 03       		.uleb128 0x3
 1714 00b9 0E       		.uleb128 0xe
 1715 00ba 3A       		.uleb128 0x3a
 1716 00bb 0B       		.uleb128 0xb
 1717 00bc 3B       		.uleb128 0x3b
 1718 00bd 0B       		.uleb128 0xb
 1719 00be 49       		.uleb128 0x49
 1720 00bf 13       		.uleb128 0x13
 1721 00c0 3F       		.uleb128 0x3f
 1722 00c1 19       		.uleb128 0x19
 1723 00c2 02       		.uleb128 0x2
 1724 00c3 18       		.uleb128 0x18
 1725 00c4 00       		.byte	0
 1726 00c5 00       		.byte	0
 1727 00c6 0F       		.uleb128 0xf
 1728 00c7 2E       		.uleb128 0x2e
ARM GAS  C:\Users\JEPPES~1\AppData\Local\Temp\ccg0iLgx.s 			page 34


 1729 00c8 01       		.byte	0x1
 1730 00c9 3F       		.uleb128 0x3f
 1731 00ca 19       		.uleb128 0x19
 1732 00cb 03       		.uleb128 0x3
 1733 00cc 0E       		.uleb128 0xe
 1734 00cd 3A       		.uleb128 0x3a
 1735 00ce 0B       		.uleb128 0xb
 1736 00cf 3B       		.uleb128 0x3b
 1737 00d0 0B       		.uleb128 0xb
 1738 00d1 27       		.uleb128 0x27
 1739 00d2 19       		.uleb128 0x19
 1740 00d3 3C       		.uleb128 0x3c
 1741 00d4 19       		.uleb128 0x19
 1742 00d5 01       		.uleb128 0x1
 1743 00d6 13       		.uleb128 0x13
 1744 00d7 00       		.byte	0
 1745 00d8 00       		.byte	0
 1746 00d9 10       		.uleb128 0x10
 1747 00da 05       		.uleb128 0x5
 1748 00db 00       		.byte	0
 1749 00dc 49       		.uleb128 0x49
 1750 00dd 13       		.uleb128 0x13
 1751 00de 00       		.byte	0
 1752 00df 00       		.byte	0
 1753 00e0 11       		.uleb128 0x11
 1754 00e1 2E       		.uleb128 0x2e
 1755 00e2 01       		.byte	0x1
 1756 00e3 3F       		.uleb128 0x3f
 1757 00e4 19       		.uleb128 0x19
 1758 00e5 03       		.uleb128 0x3
 1759 00e6 0E       		.uleb128 0xe
 1760 00e7 3A       		.uleb128 0x3a
 1761 00e8 0B       		.uleb128 0xb
 1762 00e9 3B       		.uleb128 0x3b
 1763 00ea 0B       		.uleb128 0xb
 1764 00eb 27       		.uleb128 0x27
 1765 00ec 19       		.uleb128 0x19
 1766 00ed 3C       		.uleb128 0x3c
 1767 00ee 19       		.uleb128 0x19
 1768 00ef 00       		.byte	0
 1769 00f0 00       		.byte	0
 1770 00f1 00       		.byte	0
 1771              		.section	.debug_loc,"",%progbits
 1772              	.Ldebug_loc0:
 1773              	.LLST0:
 1774 0000 00000000 		.4byte	.LVL0
 1775 0004 20000000 		.4byte	.LVL2
 1776 0008 0100     		.2byte	0x1
 1777 000a 50       		.byte	0x50
 1778 000b 20000000 		.4byte	.LVL2
 1779 000f 3E000000 		.4byte	.LVL6
 1780 0013 0400     		.2byte	0x4
 1781 0015 F3       		.byte	0xf3
 1782 0016 01       		.uleb128 0x1
 1783 0017 50       		.byte	0x50
 1784 0018 9F       		.byte	0x9f
 1785 0019 3E000000 		.4byte	.LVL6
ARM GAS  C:\Users\JEPPES~1\AppData\Local\Temp\ccg0iLgx.s 			page 35


 1786 001d 44000000 		.4byte	.LVL7
 1787 0021 0100     		.2byte	0x1
 1788 0023 50       		.byte	0x50
 1789 0024 44000000 		.4byte	.LVL7
 1790 0028 60000000 		.4byte	.LVL11
 1791 002c 0400     		.2byte	0x4
 1792 002e F3       		.byte	0xf3
 1793 002f 01       		.uleb128 0x1
 1794 0030 50       		.byte	0x50
 1795 0031 9F       		.byte	0x9f
 1796 0032 60000000 		.4byte	.LVL11
 1797 0036 62000000 		.4byte	.LVL12
 1798 003a 0100     		.2byte	0x1
 1799 003c 50       		.byte	0x50
 1800 003d 62000000 		.4byte	.LVL12
 1801 0041 6A000000 		.4byte	.LVL14
 1802 0045 0400     		.2byte	0x4
 1803 0047 F3       		.byte	0xf3
 1804 0048 01       		.uleb128 0x1
 1805 0049 50       		.byte	0x50
 1806 004a 9F       		.byte	0x9f
 1807 004b 6A000000 		.4byte	.LVL14
 1808 004f 6C000000 		.4byte	.LVL15
 1809 0053 0100     		.2byte	0x1
 1810 0055 50       		.byte	0x50
 1811 0056 6C000000 		.4byte	.LVL15
 1812 005a 74000000 		.4byte	.LVL17
 1813 005e 0400     		.2byte	0x4
 1814 0060 F3       		.byte	0xf3
 1815 0061 01       		.uleb128 0x1
 1816 0062 50       		.byte	0x50
 1817 0063 9F       		.byte	0x9f
 1818 0064 74000000 		.4byte	.LVL17
 1819 0068 78000000 		.4byte	.LVL18
 1820 006c 0100     		.2byte	0x1
 1821 006e 50       		.byte	0x50
 1822 006f 78000000 		.4byte	.LVL18
 1823 0073 7E000000 		.4byte	.LVL20
 1824 0077 0400     		.2byte	0x4
 1825 0079 F3       		.byte	0xf3
 1826 007a 01       		.uleb128 0x1
 1827 007b 50       		.byte	0x50
 1828 007c 9F       		.byte	0x9f
 1829 007d 7E000000 		.4byte	.LVL20
 1830 0081 82000000 		.4byte	.LVL21
 1831 0085 0100     		.2byte	0x1
 1832 0087 50       		.byte	0x50
 1833 0088 82000000 		.4byte	.LVL21
 1834 008c 88000000 		.4byte	.LVL23
 1835 0090 0400     		.2byte	0x4
 1836 0092 F3       		.byte	0xf3
 1837 0093 01       		.uleb128 0x1
 1838 0094 50       		.byte	0x50
 1839 0095 9F       		.byte	0x9f
 1840 0096 88000000 		.4byte	.LVL23
 1841 009a 8C000000 		.4byte	.LVL24
 1842 009e 0100     		.2byte	0x1
ARM GAS  C:\Users\JEPPES~1\AppData\Local\Temp\ccg0iLgx.s 			page 36


 1843 00a0 50       		.byte	0x50
 1844 00a1 8C000000 		.4byte	.LVL24
 1845 00a5 92000000 		.4byte	.LVL26
 1846 00a9 0400     		.2byte	0x4
 1847 00ab F3       		.byte	0xf3
 1848 00ac 01       		.uleb128 0x1
 1849 00ad 50       		.byte	0x50
 1850 00ae 9F       		.byte	0x9f
 1851 00af 92000000 		.4byte	.LVL26
 1852 00b3 96000000 		.4byte	.LVL27
 1853 00b7 0100     		.2byte	0x1
 1854 00b9 50       		.byte	0x50
 1855 00ba 96000000 		.4byte	.LVL27
 1856 00be 9C000000 		.4byte	.LVL29
 1857 00c2 0400     		.2byte	0x4
 1858 00c4 F3       		.byte	0xf3
 1859 00c5 01       		.uleb128 0x1
 1860 00c6 50       		.byte	0x50
 1861 00c7 9F       		.byte	0x9f
 1862 00c8 9C000000 		.4byte	.LVL29
 1863 00cc 9E000000 		.4byte	.LVL30
 1864 00d0 0100     		.2byte	0x1
 1865 00d2 50       		.byte	0x50
 1866 00d3 9E000000 		.4byte	.LVL30
 1867 00d7 A6000000 		.4byte	.LVL32
 1868 00db 0400     		.2byte	0x4
 1869 00dd F3       		.byte	0xf3
 1870 00de 01       		.uleb128 0x1
 1871 00df 50       		.byte	0x50
 1872 00e0 9F       		.byte	0x9f
 1873 00e1 A6000000 		.4byte	.LVL32
 1874 00e5 A8000000 		.4byte	.LVL33
 1875 00e9 0100     		.2byte	0x1
 1876 00eb 50       		.byte	0x50
 1877 00ec A8000000 		.4byte	.LVL33
 1878 00f0 B0000000 		.4byte	.LVL35
 1879 00f4 0400     		.2byte	0x4
 1880 00f6 F3       		.byte	0xf3
 1881 00f7 01       		.uleb128 0x1
 1882 00f8 50       		.byte	0x50
 1883 00f9 9F       		.byte	0x9f
 1884 00fa B0000000 		.4byte	.LVL35
 1885 00fe B2000000 		.4byte	.LVL36
 1886 0102 0100     		.2byte	0x1
 1887 0104 50       		.byte	0x50
 1888 0105 B2000000 		.4byte	.LVL36
 1889 0109 BA000000 		.4byte	.LVL38
 1890 010d 0400     		.2byte	0x4
 1891 010f F3       		.byte	0xf3
 1892 0110 01       		.uleb128 0x1
 1893 0111 50       		.byte	0x50
 1894 0112 9F       		.byte	0x9f
 1895 0113 BA000000 		.4byte	.LVL38
 1896 0117 BC000000 		.4byte	.LVL39
 1897 011b 0100     		.2byte	0x1
 1898 011d 50       		.byte	0x50
 1899 011e BC000000 		.4byte	.LVL39
ARM GAS  C:\Users\JEPPES~1\AppData\Local\Temp\ccg0iLgx.s 			page 37


 1900 0122 C4000000 		.4byte	.LVL41
 1901 0126 0400     		.2byte	0x4
 1902 0128 F3       		.byte	0xf3
 1903 0129 01       		.uleb128 0x1
 1904 012a 50       		.byte	0x50
 1905 012b 9F       		.byte	0x9f
 1906 012c C4000000 		.4byte	.LVL41
 1907 0130 C6000000 		.4byte	.LVL42
 1908 0134 0100     		.2byte	0x1
 1909 0136 50       		.byte	0x50
 1910 0137 C6000000 		.4byte	.LVL42
 1911 013b CE000000 		.4byte	.LVL44
 1912 013f 0400     		.2byte	0x4
 1913 0141 F3       		.byte	0xf3
 1914 0142 01       		.uleb128 0x1
 1915 0143 50       		.byte	0x50
 1916 0144 9F       		.byte	0x9f
 1917 0145 CE000000 		.4byte	.LVL44
 1918 0149 D2000000 		.4byte	.LVL45
 1919 014d 0100     		.2byte	0x1
 1920 014f 50       		.byte	0x50
 1921 0150 D2000000 		.4byte	.LVL45
 1922 0154 D8000000 		.4byte	.LVL47
 1923 0158 0400     		.2byte	0x4
 1924 015a F3       		.byte	0xf3
 1925 015b 01       		.uleb128 0x1
 1926 015c 50       		.byte	0x50
 1927 015d 9F       		.byte	0x9f
 1928 015e D8000000 		.4byte	.LVL47
 1929 0162 DC000000 		.4byte	.LVL48
 1930 0166 0100     		.2byte	0x1
 1931 0168 50       		.byte	0x50
 1932 0169 DC000000 		.4byte	.LVL48
 1933 016d E2000000 		.4byte	.LVL50
 1934 0171 0400     		.2byte	0x4
 1935 0173 F3       		.byte	0xf3
 1936 0174 01       		.uleb128 0x1
 1937 0175 50       		.byte	0x50
 1938 0176 9F       		.byte	0x9f
 1939 0177 E2000000 		.4byte	.LVL50
 1940 017b E4000000 		.4byte	.LVL51
 1941 017f 0100     		.2byte	0x1
 1942 0181 50       		.byte	0x50
 1943 0182 E4000000 		.4byte	.LVL51
 1944 0186 EC000000 		.4byte	.LVL53
 1945 018a 0400     		.2byte	0x4
 1946 018c F3       		.byte	0xf3
 1947 018d 01       		.uleb128 0x1
 1948 018e 50       		.byte	0x50
 1949 018f 9F       		.byte	0x9f
 1950 0190 EC000000 		.4byte	.LVL53
 1951 0194 EE000000 		.4byte	.LVL54
 1952 0198 0100     		.2byte	0x1
 1953 019a 50       		.byte	0x50
 1954 019b EE000000 		.4byte	.LVL54
 1955 019f F6000000 		.4byte	.LVL56
 1956 01a3 0400     		.2byte	0x4
ARM GAS  C:\Users\JEPPES~1\AppData\Local\Temp\ccg0iLgx.s 			page 38


 1957 01a5 F3       		.byte	0xf3
 1958 01a6 01       		.uleb128 0x1
 1959 01a7 50       		.byte	0x50
 1960 01a8 9F       		.byte	0x9f
 1961 01a9 F6000000 		.4byte	.LVL56
 1962 01ad F8000000 		.4byte	.LVL57
 1963 01b1 0100     		.2byte	0x1
 1964 01b3 50       		.byte	0x50
 1965 01b4 F8000000 		.4byte	.LVL57
 1966 01b8 00010000 		.4byte	.LVL59
 1967 01bc 0400     		.2byte	0x4
 1968 01be F3       		.byte	0xf3
 1969 01bf 01       		.uleb128 0x1
 1970 01c0 50       		.byte	0x50
 1971 01c1 9F       		.byte	0x9f
 1972 01c2 00010000 		.4byte	.LVL59
 1973 01c6 02010000 		.4byte	.LVL60
 1974 01ca 0100     		.2byte	0x1
 1975 01cc 50       		.byte	0x50
 1976 01cd 02010000 		.4byte	.LVL60
 1977 01d1 0A010000 		.4byte	.LVL62
 1978 01d5 0400     		.2byte	0x4
 1979 01d7 F3       		.byte	0xf3
 1980 01d8 01       		.uleb128 0x1
 1981 01d9 50       		.byte	0x50
 1982 01da 9F       		.byte	0x9f
 1983 01db 0A010000 		.4byte	.LVL62
 1984 01df 0C010000 		.4byte	.LVL63
 1985 01e3 0100     		.2byte	0x1
 1986 01e5 50       		.byte	0x50
 1987 01e6 0C010000 		.4byte	.LVL63
 1988 01ea 14010000 		.4byte	.LVL65
 1989 01ee 0400     		.2byte	0x4
 1990 01f0 F3       		.byte	0xf3
 1991 01f1 01       		.uleb128 0x1
 1992 01f2 50       		.byte	0x50
 1993 01f3 9F       		.byte	0x9f
 1994 01f4 14010000 		.4byte	.LVL65
 1995 01f8 16010000 		.4byte	.LVL66
 1996 01fc 0100     		.2byte	0x1
 1997 01fe 50       		.byte	0x50
 1998 01ff 16010000 		.4byte	.LVL66
 1999 0203 1E010000 		.4byte	.LVL68
 2000 0207 0400     		.2byte	0x4
 2001 0209 F3       		.byte	0xf3
 2002 020a 01       		.uleb128 0x1
 2003 020b 50       		.byte	0x50
 2004 020c 9F       		.byte	0x9f
 2005 020d 1E010000 		.4byte	.LVL68
 2006 0211 20010000 		.4byte	.LVL69
 2007 0215 0100     		.2byte	0x1
 2008 0217 50       		.byte	0x50
 2009 0218 20010000 		.4byte	.LVL69
 2010 021c 28010000 		.4byte	.LVL71
 2011 0220 0400     		.2byte	0x4
 2012 0222 F3       		.byte	0xf3
 2013 0223 01       		.uleb128 0x1
ARM GAS  C:\Users\JEPPES~1\AppData\Local\Temp\ccg0iLgx.s 			page 39


 2014 0224 50       		.byte	0x50
 2015 0225 9F       		.byte	0x9f
 2016 0226 28010000 		.4byte	.LVL71
 2017 022a 2A010000 		.4byte	.LVL72
 2018 022e 0100     		.2byte	0x1
 2019 0230 50       		.byte	0x50
 2020 0231 2A010000 		.4byte	.LVL72
 2021 0235 34010000 		.4byte	.LVL74
 2022 0239 0400     		.2byte	0x4
 2023 023b F3       		.byte	0xf3
 2024 023c 01       		.uleb128 0x1
 2025 023d 50       		.byte	0x50
 2026 023e 9F       		.byte	0x9f
 2027 023f 34010000 		.4byte	.LVL74
 2028 0243 36010000 		.4byte	.LVL75
 2029 0247 0100     		.2byte	0x1
 2030 0249 50       		.byte	0x50
 2031 024a 36010000 		.4byte	.LVL75
 2032 024e 40010000 		.4byte	.LVL77
 2033 0252 0400     		.2byte	0x4
 2034 0254 F3       		.byte	0xf3
 2035 0255 01       		.uleb128 0x1
 2036 0256 50       		.byte	0x50
 2037 0257 9F       		.byte	0x9f
 2038 0258 40010000 		.4byte	.LVL77
 2039 025c 42010000 		.4byte	.LVL78
 2040 0260 0100     		.2byte	0x1
 2041 0262 50       		.byte	0x50
 2042 0263 42010000 		.4byte	.LVL78
 2043 0267 4C010000 		.4byte	.LVL80
 2044 026b 0400     		.2byte	0x4
 2045 026d F3       		.byte	0xf3
 2046 026e 01       		.uleb128 0x1
 2047 026f 50       		.byte	0x50
 2048 0270 9F       		.byte	0x9f
 2049 0271 4C010000 		.4byte	.LVL80
 2050 0275 4E010000 		.4byte	.LVL81
 2051 0279 0100     		.2byte	0x1
 2052 027b 50       		.byte	0x50
 2053 027c 4E010000 		.4byte	.LVL81
 2054 0280 58010000 		.4byte	.LVL83
 2055 0284 0400     		.2byte	0x4
 2056 0286 F3       		.byte	0xf3
 2057 0287 01       		.uleb128 0x1
 2058 0288 50       		.byte	0x50
 2059 0289 9F       		.byte	0x9f
 2060 028a 58010000 		.4byte	.LVL83
 2061 028e 5A010000 		.4byte	.LVL84
 2062 0292 0100     		.2byte	0x1
 2063 0294 50       		.byte	0x50
 2064 0295 5A010000 		.4byte	.LVL84
 2065 0299 64010000 		.4byte	.LVL86
 2066 029d 0400     		.2byte	0x4
 2067 029f F3       		.byte	0xf3
 2068 02a0 01       		.uleb128 0x1
 2069 02a1 50       		.byte	0x50
 2070 02a2 9F       		.byte	0x9f
ARM GAS  C:\Users\JEPPES~1\AppData\Local\Temp\ccg0iLgx.s 			page 40


 2071 02a3 64010000 		.4byte	.LVL86
 2072 02a7 66010000 		.4byte	.LVL87
 2073 02ab 0100     		.2byte	0x1
 2074 02ad 50       		.byte	0x50
 2075 02ae 66010000 		.4byte	.LVL87
 2076 02b2 6E010000 		.4byte	.LVL89
 2077 02b6 0400     		.2byte	0x4
 2078 02b8 F3       		.byte	0xf3
 2079 02b9 01       		.uleb128 0x1
 2080 02ba 50       		.byte	0x50
 2081 02bb 9F       		.byte	0x9f
 2082 02bc 6E010000 		.4byte	.LVL89
 2083 02c0 70010000 		.4byte	.LVL90
 2084 02c4 0100     		.2byte	0x1
 2085 02c6 50       		.byte	0x50
 2086 02c7 70010000 		.4byte	.LVL90
 2087 02cb 78010000 		.4byte	.LVL92
 2088 02cf 0400     		.2byte	0x4
 2089 02d1 F3       		.byte	0xf3
 2090 02d2 01       		.uleb128 0x1
 2091 02d3 50       		.byte	0x50
 2092 02d4 9F       		.byte	0x9f
 2093 02d5 78010000 		.4byte	.LVL92
 2094 02d9 7A010000 		.4byte	.LVL93
 2095 02dd 0100     		.2byte	0x1
 2096 02df 50       		.byte	0x50
 2097 02e0 7A010000 		.4byte	.LVL93
 2098 02e4 84010000 		.4byte	.LVL95
 2099 02e8 0400     		.2byte	0x4
 2100 02ea F3       		.byte	0xf3
 2101 02eb 01       		.uleb128 0x1
 2102 02ec 50       		.byte	0x50
 2103 02ed 9F       		.byte	0x9f
 2104 02ee 84010000 		.4byte	.LVL95
 2105 02f2 86010000 		.4byte	.LVL96
 2106 02f6 0100     		.2byte	0x1
 2107 02f8 50       		.byte	0x50
 2108 02f9 86010000 		.4byte	.LVL96
 2109 02fd 90010000 		.4byte	.LVL98
 2110 0301 0400     		.2byte	0x4
 2111 0303 F3       		.byte	0xf3
 2112 0304 01       		.uleb128 0x1
 2113 0305 50       		.byte	0x50
 2114 0306 9F       		.byte	0x9f
 2115 0307 90010000 		.4byte	.LVL98
 2116 030b 92010000 		.4byte	.LVL99
 2117 030f 0100     		.2byte	0x1
 2118 0311 50       		.byte	0x50
 2119 0312 92010000 		.4byte	.LVL99
 2120 0316 AA010000 		.4byte	.LVL103
 2121 031a 0400     		.2byte	0x4
 2122 031c F3       		.byte	0xf3
 2123 031d 01       		.uleb128 0x1
 2124 031e 50       		.byte	0x50
 2125 031f 9F       		.byte	0x9f
 2126 0320 AA010000 		.4byte	.LVL103
 2127 0324 AC010000 		.4byte	.LVL104
ARM GAS  C:\Users\JEPPES~1\AppData\Local\Temp\ccg0iLgx.s 			page 41


 2128 0328 0100     		.2byte	0x1
 2129 032a 50       		.byte	0x50
 2130 032b AC010000 		.4byte	.LVL104
 2131 032f B4010000 		.4byte	.LVL106
 2132 0333 0400     		.2byte	0x4
 2133 0335 F3       		.byte	0xf3
 2134 0336 01       		.uleb128 0x1
 2135 0337 50       		.byte	0x50
 2136 0338 9F       		.byte	0x9f
 2137 0339 B4010000 		.4byte	.LVL106
 2138 033d B6010000 		.4byte	.LVL107
 2139 0341 0100     		.2byte	0x1
 2140 0343 50       		.byte	0x50
 2141 0344 B6010000 		.4byte	.LVL107
 2142 0348 C2010000 		.4byte	.LVL109
 2143 034c 0400     		.2byte	0x4
 2144 034e F3       		.byte	0xf3
 2145 034f 01       		.uleb128 0x1
 2146 0350 50       		.byte	0x50
 2147 0351 9F       		.byte	0x9f
 2148 0352 C2010000 		.4byte	.LVL109
 2149 0356 C4010000 		.4byte	.LVL110
 2150 035a 0100     		.2byte	0x1
 2151 035c 50       		.byte	0x50
 2152 035d C4010000 		.4byte	.LVL110
 2153 0361 D0010000 		.4byte	.LVL112
 2154 0365 0400     		.2byte	0x4
 2155 0367 F3       		.byte	0xf3
 2156 0368 01       		.uleb128 0x1
 2157 0369 50       		.byte	0x50
 2158 036a 9F       		.byte	0x9f
 2159 036b D0010000 		.4byte	.LVL112
 2160 036f D2010000 		.4byte	.LVL113
 2161 0373 0100     		.2byte	0x1
 2162 0375 50       		.byte	0x50
 2163 0376 D2010000 		.4byte	.LVL113
 2164 037a DE010000 		.4byte	.LVL115
 2165 037e 0400     		.2byte	0x4
 2166 0380 F3       		.byte	0xf3
 2167 0381 01       		.uleb128 0x1
 2168 0382 50       		.byte	0x50
 2169 0383 9F       		.byte	0x9f
 2170 0384 DE010000 		.4byte	.LVL115
 2171 0388 E0010000 		.4byte	.LVL116
 2172 038c 0100     		.2byte	0x1
 2173 038e 50       		.byte	0x50
 2174 038f E0010000 		.4byte	.LVL116
 2175 0393 F8010000 		.4byte	.LFE34
 2176 0397 0400     		.2byte	0x4
 2177 0399 F3       		.byte	0xf3
 2178 039a 01       		.uleb128 0x1
 2179 039b 50       		.byte	0x50
 2180 039c 9F       		.byte	0x9f
 2181 039d 00000000 		.4byte	0
 2182 03a1 00000000 		.4byte	0
 2183              	.LLST1:
 2184 03a5 00000000 		.4byte	.LVL0
ARM GAS  C:\Users\JEPPES~1\AppData\Local\Temp\ccg0iLgx.s 			page 42


 2185 03a9 14000000 		.4byte	.LVL1
 2186 03ad 0100     		.2byte	0x1
 2187 03af 51       		.byte	0x51
 2188 03b0 14000000 		.4byte	.LVL1
 2189 03b4 F8010000 		.4byte	.LFE34
 2190 03b8 0400     		.2byte	0x4
 2191 03ba F3       		.byte	0xf3
 2192 03bb 01       		.uleb128 0x1
 2193 03bc 51       		.byte	0x51
 2194 03bd 9F       		.byte	0x9f
 2195 03be 00000000 		.4byte	0
 2196 03c2 00000000 		.4byte	0
 2197              		.section	.debug_aranges,"",%progbits
 2198 0000 1C000000 		.4byte	0x1c
 2199 0004 0200     		.2byte	0x2
 2200 0006 00000000 		.4byte	.Ldebug_info0
 2201 000a 04       		.byte	0x4
 2202 000b 00       		.byte	0
 2203 000c 0000     		.2byte	0
 2204 000e 0000     		.2byte	0
 2205 0010 00000000 		.4byte	.LFB34
 2206 0014 F8010000 		.4byte	.LFE34-.LFB34
 2207 0018 00000000 		.4byte	0
 2208 001c 00000000 		.4byte	0
 2209              		.section	.debug_ranges,"",%progbits
 2210              	.Ldebug_ranges0:
 2211 0000 00000000 		.4byte	.LFB34
 2212 0004 F8010000 		.4byte	.LFE34
 2213 0008 00000000 		.4byte	0
 2214 000c 00000000 		.4byte	0
 2215              		.section	.debug_line,"",%progbits
 2216              	.Ldebug_line0:
 2217 0000 CE000000 		.section	.debug_str,"MS",%progbits,1
 2217      02006700 
 2217      00000201 
 2217      FB0E0D00 
 2217      01010101 
 2218              	.LASF14:
 2219 0000 78506F73 		.ascii	"xPos\000"
 2219      00
 2220              	.LASF19:
 2221 0005 7A4D6178 		.ascii	"zMax\000"
 2221      00
 2222              	.LASF3:
 2223 000a 73686F72 		.ascii	"short unsigned int\000"
 2223      7420756E 
 2223      7369676E 
 2223      65642069 
 2223      6E7400
 2224              	.LASF22:
 2225 001d 7370695F 		.ascii	"spi_tx\000"
 2225      747800
 2226              	.LASF16:
 2227 0024 79506F73 		.ascii	"yPos\000"
 2227      00
 2228              	.LASF9:
 2229 0029 666C6F61 		.ascii	"float\000"
ARM GAS  C:\Users\JEPPES~1\AppData\Local\Temp\ccg0iLgx.s 			page 43


 2229      7400
 2230              	.LASF29:
 2231 002f 7365744C 		.ascii	"setLed\000"
 2231      656400
 2232              	.LASF1:
 2233 0036 756E7369 		.ascii	"unsigned char\000"
 2233      676E6564 
 2233      20636861 
 2233      7200
 2234              	.LASF5:
 2235 0044 6C6F6E67 		.ascii	"long unsigned int\000"
 2235      20756E73 
 2235      69676E65 
 2235      6420696E 
 2235      7400
 2236              	.LASF26:
 2237 0056 75696E74 		.ascii	"uint8\000"
 2237      3800
 2238              	.LASF13:
 2239 005c 74785661 		.ascii	"txVal\000"
 2239      6C00
 2240              	.LASF18:
 2241 0062 7A506F73 		.ascii	"zPos\000"
 2241      00
 2242              	.LASF10:
 2243 0067 646F7562 		.ascii	"double\000"
 2243      6C6500
 2244              	.LASF20:
 2245 006e 6932635F 		.ascii	"i2c_rx\000"
 2245      727800
 2246              	.LASF8:
 2247 0075 756E7369 		.ascii	"unsigned int\000"
 2247      676E6564 
 2247      20696E74 
 2247      00
 2248              	.LASF25:
 2249 0082 433A5C45 		.ascii	"C:\\E3PRJ3-Gruppe1\\PSoC\\PSoC4Master.cydsn\000"
 2249      3350524A 
 2249      332D4772 
 2249      75707065 
 2249      315C5053 
 2250              	.LASF21:
 2251 00ab 6932635F 		.ascii	"i2c_tx\000"
 2251      747800
 2252              	.LASF7:
 2253 00b2 6C6F6E67 		.ascii	"long long unsigned int\000"
 2253      206C6F6E 
 2253      6720756E 
 2253      7369676E 
 2253      65642069 
 2254              	.LASF15:
 2255 00c9 784D6178 		.ascii	"xMax\000"
 2255      00
 2256              	.LASF27:
 2257 00ce 68616E64 		.ascii	"handler\000"
 2257      6C657200 
 2258              	.LASF12:
ARM GAS  C:\Users\JEPPES~1\AppData\Local\Temp\ccg0iLgx.s 			page 44


 2259 00d6 73697A65 		.ascii	"sizetype\000"
 2259      74797065 
 2259      00
 2260              	.LASF6:
 2261 00df 6C6F6E67 		.ascii	"long long int\000"
 2261      206C6F6E 
 2261      6720696E 
 2261      7400
 2262              	.LASF11:
 2263 00ed 63686172 		.ascii	"char\000"
 2263      00
 2264              	.LASF23:
 2265 00f2 474E5520 		.ascii	"GNU C 4.9.3 20150303 (release) [ARM/embedded-4_9-br"
 2265      4320342E 
 2265      392E3320 
 2265      32303135 
 2265      30333033 
 2266 0125 616E6368 		.ascii	"anch revision 221220] -mcpu=cortex-m0 -mthumb -g -O"
 2266      20726576 
 2266      6973696F 
 2266      6E203232 
 2266      31323230 
 2267 0158 67202D66 		.ascii	"g -ffunction-sections -ffat-lto-objects\000"
 2267      66756E63 
 2267      74696F6E 
 2267      2D736563 
 2267      74696F6E 
 2268              	.LASF2:
 2269 0180 73686F72 		.ascii	"short int\000"
 2269      7420696E 
 2269      7400
 2270              	.LASF17:
 2271 018a 794D6178 		.ascii	"yMax\000"
 2271      00
 2272              	.LASF4:
 2273 018f 6C6F6E67 		.ascii	"long int\000"
 2273      20696E74 
 2273      00
 2274              	.LASF24:
 2275 0198 2E5C6861 		.ascii	".\\handler.c\000"
 2275      6E646C65 
 2275      722E6300 
 2276              	.LASF28:
 2277 01a4 72785661 		.ascii	"rxVal\000"
 2277      6C00
 2278              	.LASF0:
 2279 01aa 7369676E 		.ascii	"signed char\000"
 2279      65642063 
 2279      68617200 
 2280              		.ident	"GCC: (GNU Tools for ARM Embedded Processors) 4.9.3 20150303 (release) [ARM/embedded-4_9-br
