ARM GAS  C:\Users\JEPPES~1\AppData\Local\Temp\ccWrAQPY.s 			page 1


   1              		.cpu cortex-m0
   2              		.fpu softvfp
   3              		.eabi_attribute 20, 1
   4              		.eabi_attribute 21, 1
   5              		.eabi_attribute 23, 3
   6              		.eabi_attribute 24, 1
   7              		.eabi_attribute 25, 1
   8              		.eabi_attribute 26, 1
   9              		.eabi_attribute 30, 1
  10              		.eabi_attribute 34, 0
  11              		.eabi_attribute 18, 4
  12              		.code	16
  13              		.file	"i2c.c"
  14              		.text
  15              	.Ltext0:
  16              		.cfi_sections	.debug_frame
  17              		.section	.text.i2c_init,"ax",%progbits
  18              		.align	2
  19              		.global	i2c_init
  20              		.code	16
  21              		.thumb_func
  22              		.type	i2c_init, %function
  23              	i2c_init:
  24              	.LFB34:
  25              		.file 1 ".\\i2c.c"
   1:.\i2c.c       **** /* ========================================
   2:.\i2c.c       ****  *
   3:.\i2c.c       ****  * File: i2c.c
   4:.\i2c.c       ****  * Description: 
   5:.\i2c.c       ****  *
   6:.\i2c.c       ****  * University: AARHUS UNIVERSITY SCHOOL OF ENGINEERING
   7:.\i2c.c       ****  * Project: F16 - E3PRJ3-02 Semesterprojekt 3 [240501U178]
   8:.\i2c.c       ****  * Group: 1
   9:.\i2c.c       ****  * 
  10:.\i2c.c       ****  * Author: Jeppe Stærk
  11:.\i2c.c       ****  * Matriculation number: 201271201
  12:.\i2c.c       ****  *
  13:.\i2c.c       ****  * Version: 1.0
  14:.\i2c.c       ****  * Date: 13-05-2016
  15:.\i2c.c       ****  *
  16:.\i2c.c       ****  * ========================================
  17:.\i2c.c       **** */
  18:.\i2c.c       **** 
  19:.\i2c.c       **** #include "i2c.h"
  20:.\i2c.c       **** 
  21:.\i2c.c       **** uint8 i2c_slaveBuffer[I2C_BUFFER_SIZE];
  22:.\i2c.c       **** 
  23:.\i2c.c       **** void i2c_init()
  24:.\i2c.c       **** {
  26              		.loc 1 24 0
  27              		.cfi_startproc
  28 0000 08B5     		push	{r3, lr}
  29              		.cfi_def_cfa_offset 8
  30              		.cfi_offset 3, -8
  31              		.cfi_offset 14, -4
  25:.\i2c.c       ****     I2CM_scl_SetDriveMode(I2CM_scl_DM_RES_UP);
  32              		.loc 1 25 0
ARM GAS  C:\Users\JEPPES~1\AppData\Local\Temp\ccWrAQPY.s 			page 2


  33 0002 0220     		mov	r0, #2
  34 0004 FFF7FEFF 		bl	I2CM_scl_SetDriveMode
  35              	.LVL0:
  26:.\i2c.c       ****     I2CM_sda_SetDriveMode(I2CM_sda_DM_RES_UP);
  36              		.loc 1 26 0
  37 0008 0220     		mov	r0, #2
  38 000a FFF7FEFF 		bl	I2CM_sda_SetDriveMode
  39              	.LVL1:
  27:.\i2c.c       ****     
  28:.\i2c.c       ****     I2CM_I2CSlaveInitWriteBuf(i2c_slaveBuffer, I2C_BUFFER_SIZE);
  40              		.loc 1 28 0
  41 000e 0548     		ldr	r0, .L2
  42 0010 0421     		mov	r1, #4
  43 0012 FFF7FEFF 		bl	I2CM_I2CSlaveInitWriteBuf
  44              	.LVL2:
  29:.\i2c.c       ****     I2CM_I2CSlaveClearWriteBuf();
  45              		.loc 1 29 0
  46 0016 FFF7FEFF 		bl	I2CM_I2CSlaveClearWriteBuf
  47              	.LVL3:
  30:.\i2c.c       ****     I2CM_I2CSlaveClearWriteStatus();
  48              		.loc 1 30 0
  49 001a FFF7FEFF 		bl	I2CM_I2CSlaveClearWriteStatus
  50              	.LVL4:
  31:.\i2c.c       ****     
  32:.\i2c.c       ****     I2CM_Start();
  51              		.loc 1 32 0
  52 001e FFF7FEFF 		bl	I2CM_Start
  53              	.LVL5:
  33:.\i2c.c       **** }
  54              		.loc 1 33 0
  55              		@ sp needed
  56 0022 08BD     		pop	{r3, pc}
  57              	.L3:
  58              		.align	2
  59              	.L2:
  60 0024 00000000 		.word	i2c_slaveBuffer
  61              		.cfi_endproc
  62              	.LFE34:
  63              		.size	i2c_init, .-i2c_init
  64              		.section	.text.i2c_tx,"ax",%progbits
  65              		.align	2
  66              		.global	i2c_tx
  67              		.code	16
  68              		.thumb_func
  69              		.type	i2c_tx, %function
  70              	i2c_tx:
  71              	.LFB35:
  34:.\i2c.c       **** 
  35:.\i2c.c       **** void i2c_tx(uint8 i2cTxAddr, uint8 i2cTxCmd, uint8 i2cTxVal)
  36:.\i2c.c       **** {
  72              		.loc 1 36 0
  73              		.cfi_startproc
  74              	.LVL6:
  75 0000 10B5     		push	{r4, lr}
  76              		.cfi_def_cfa_offset 8
  77              		.cfi_offset 4, -8
  78              		.cfi_offset 14, -4
ARM GAS  C:\Users\JEPPES~1\AppData\Local\Temp\ccWrAQPY.s 			page 3


  79 0002 82B0     		sub	sp, sp, #8
  80              		.cfi_def_cfa_offset 16
  37:.\i2c.c       ****     uint8 i2cTxData[I2C_PACKET_SIZE];
  38:.\i2c.c       **** 
  39:.\i2c.c       ****     i2cTxData[I2C_PACKET_SOP_POS] = I2C_PACKET_SOP;
  81              		.loc 1 39 0
  82 0004 01AB     		add	r3, sp, #4
  83 0006 0124     		mov	r4, #1
  84 0008 1C70     		strb	r4, [r3]
  40:.\i2c.c       ****     i2cTxData[I2C_PACKET_CMD_POS] = i2cTxCmd;
  85              		.loc 1 40 0
  86 000a 5970     		strb	r1, [r3, #1]
  41:.\i2c.c       ****     i2cTxData[I2C_PACKET_VAL_POS] = i2cTxVal;
  87              		.loc 1 41 0
  88 000c 9A70     		strb	r2, [r3, #2]
  42:.\i2c.c       ****     i2cTxData[I2C_PACKET_EOP_POS] = I2C_PACKET_EOP;
  89              		.loc 1 42 0
  90 000e 1722     		mov	r2, #23
  91              	.LVL7:
  92 0010 DA70     		strb	r2, [r3, #3]
  43:.\i2c.c       ****     
  44:.\i2c.c       **** //    queueLed(0,0,1, 250);
  45:.\i2c.c       ****     (void) I2CM_I2CMasterWriteBuf(i2cTxAddr, i2cTxData, I2C_PACKET_SIZE, I2CM_I2C_MODE_COMPLETE_XFE
  93              		.loc 1 45 0
  94 0012 191C     		mov	r1, r3
  95              	.LVL8:
  96 0014 133A     		sub	r2, r2, #19
  97 0016 0023     		mov	r3, #0
  98              	.LVL9:
  99 0018 FFF7FEFF 		bl	I2CM_I2CMasterWriteBuf
 100              	.LVL10:
 101              	.L5:
  46:.\i2c.c       ****     while (0u == (I2CM_I2CMasterStatus() & I2CM_I2C_MSTAT_WR_CMPLT))
 102              		.loc 1 46 0 discriminator 1
 103 001c FFF7FEFF 		bl	I2CM_I2CMasterStatus
 104              	.LVL11:
 105 0020 8307     		lsl	r3, r0, #30
 106 0022 FBD5     		bpl	.L5
  47:.\i2c.c       ****     {
  48:.\i2c.c       ****     }
  49:.\i2c.c       ****     if (0u == (I2CM_I2C_MSTAT_ERR_XFER & I2CM_I2CMasterStatus()))
 107              		.loc 1 49 0
 108 0024 FFF7FEFF 		bl	I2CM_I2CMasterStatus
 109              	.LVL12:
 110 0028 8305     		lsl	r3, r0, #22
 111 002a 0AD4     		bmi	.L6
  50:.\i2c.c       ****     {
  51:.\i2c.c       ****         if (I2CM_I2CMasterGetWriteBufSize() == I2C_BUFFER_SIZE)
 112              		.loc 1 51 0
 113 002c FFF7FEFF 		bl	I2CM_I2CMasterGetWriteBufSize
 114              	.LVL13:
 115 0030 0428     		cmp	r0, #4
 116 0032 0CD1     		bne	.L7
  52:.\i2c.c       ****         {
  53:.\i2c.c       ****             setLed(0,1,0,255);
 117              		.loc 1 53 0
 118 0034 0020     		mov	r0, #0
ARM GAS  C:\Users\JEPPES~1\AppData\Local\Temp\ccWrAQPY.s 			page 4


 119 0036 0121     		mov	r1, #1
 120 0038 0022     		mov	r2, #0
 121 003a FF23     		mov	r3, #255
 122 003c FFF7FEFF 		bl	setLed
 123              	.LVL14:
 124 0040 05E0     		b	.L7
 125              	.L6:
  54:.\i2c.c       ****         }
  55:.\i2c.c       ****     }
  56:.\i2c.c       ****     else
  57:.\i2c.c       ****     {
  58:.\i2c.c       ****         setLed(1,0,0,255);
 126              		.loc 1 58 0
 127 0042 0120     		mov	r0, #1
 128 0044 0021     		mov	r1, #0
 129 0046 0022     		mov	r2, #0
 130 0048 FF23     		mov	r3, #255
 131 004a FFF7FEFF 		bl	setLed
 132              	.LVL15:
 133              	.L7:
  59:.\i2c.c       ****     }
  60:.\i2c.c       ****     (void) I2CM_I2CMasterClearStatus();
 134              		.loc 1 60 0
 135 004e FFF7FEFF 		bl	I2CM_I2CMasterClearStatus
 136              	.LVL16:
  61:.\i2c.c       ****     setLed(0,0,0,255);
 137              		.loc 1 61 0
 138 0052 0020     		mov	r0, #0
 139 0054 0021     		mov	r1, #0
 140 0056 0022     		mov	r2, #0
 141 0058 FF23     		mov	r3, #255
 142 005a FFF7FEFF 		bl	setLed
 143              	.LVL17:
  62:.\i2c.c       **** }
 144              		.loc 1 62 0
 145 005e 02B0     		add	sp, sp, #8
 146              		@ sp needed
 147 0060 10BD     		pop	{r4, pc}
 148              		.cfi_endproc
 149              	.LFE35:
 150              		.size	i2c_tx, .-i2c_tx
 151 0062 C046     		.section	.text.i2c_rx,"ax",%progbits
 152              		.align	2
 153              		.global	i2c_rx
 154              		.code	16
 155              		.thumb_func
 156              		.type	i2c_rx, %function
 157              	i2c_rx:
 158              	.LFB36:
  63:.\i2c.c       **** void i2c_rx(uint8 i2cRxAddr, uint8 i2cRxCmd, uint8* i2cRxVal)
  64:.\i2c.c       **** {
 159              		.loc 1 64 0
 160              		.cfi_startproc
 161              	.LVL18:
 162 0000 30B5     		push	{r4, r5, lr}
 163              		.cfi_def_cfa_offset 12
 164              		.cfi_offset 4, -12
ARM GAS  C:\Users\JEPPES~1\AppData\Local\Temp\ccWrAQPY.s 			page 5


 165              		.cfi_offset 5, -8
 166              		.cfi_offset 14, -4
 167 0002 83B0     		sub	sp, sp, #12
 168              		.cfi_def_cfa_offset 24
 169 0004 041C     		mov	r4, r0
 170 0006 151C     		mov	r5, r2
  65:.\i2c.c       ****     uint8 i2cRxData[I2C_PACKET_SIZE];
  66:.\i2c.c       **** 
  67:.\i2c.c       ****     i2c_tx(i2cRxAddr, i2cRxCmd, 0xaau);
 171              		.loc 1 67 0
 172 0008 AA22     		mov	r2, #170
 173              	.LVL19:
 174 000a FFF7FEFF 		bl	i2c_tx
 175              	.LVL20:
  68:.\i2c.c       ****     
  69:.\i2c.c       ****     (void) I2CM_I2CMasterReadBuf(i2cRxAddr, i2cRxData, I2C_PACKET_SIZE, I2CM_I2C_MODE_COMPLETE_XFER
 176              		.loc 1 69 0
 177 000e 201C     		mov	r0, r4
 178 0010 01A9     		add	r1, sp, #4
 179 0012 0422     		mov	r2, #4
 180 0014 0023     		mov	r3, #0
 181 0016 FFF7FEFF 		bl	I2CM_I2CMasterReadBuf
 182              	.LVL21:
 183              	.L9:
  70:.\i2c.c       ****      while (0u == (I2CM_I2CMasterStatus() & I2CM_I2C_MSTAT_RD_CMPLT))
 184              		.loc 1 70 0 discriminator 1
 185 001a FFF7FEFF 		bl	I2CM_I2CMasterStatus
 186              	.LVL22:
 187 001e C307     		lsl	r3, r0, #31
 188 0020 FBD5     		bpl	.L9
  71:.\i2c.c       ****     {
  72:.\i2c.c       ****     }
  73:.\i2c.c       ****     if (0u == (I2CM_I2C_MSTAT_ERR_XFER & I2CM_I2CMasterStatus()))
 189              		.loc 1 73 0
 190 0022 FFF7FEFF 		bl	I2CM_I2CMasterStatus
 191              	.LVL23:
 192 0026 8305     		lsl	r3, r0, #22
 193 0028 15D4     		bmi	.L10
  74:.\i2c.c       ****     {
  75:.\i2c.c       ****         if ((I2CM_I2CMasterGetReadBufSize() == I2C_BUFFER_SIZE))
 194              		.loc 1 75 0
 195 002a FFF7FEFF 		bl	I2CM_I2CMasterGetReadBufSize
 196              	.LVL24:
 197 002e 0428     		cmp	r0, #4
 198 0030 17D1     		bne	.L11
  76:.\i2c.c       ****         {
  77:.\i2c.c       ****             if((i2cRxData[I2C_PACKET_SOP_POS] == I2C_PACKET_SOP) && (i2cRxData[I2C_PACKET_EOP_POS] 
 199              		.loc 1 77 0
 200 0032 01AB     		add	r3, sp, #4
 201 0034 1B78     		ldrb	r3, [r3]
 202 0036 012B     		cmp	r3, #1
 203 0038 13D1     		bne	.L11
 204              		.loc 1 77 0 is_stmt 0 discriminator 1
 205 003a 01AB     		add	r3, sp, #4
 206 003c DB78     		ldrb	r3, [r3, #3]
 207 003e 172B     		cmp	r3, #23
 208 0040 0FD1     		bne	.L11
ARM GAS  C:\Users\JEPPES~1\AppData\Local\Temp\ccWrAQPY.s 			page 6


 209              	.LVL25:
  78:.\i2c.c       ****             {
  79:.\i2c.c       ****                 i2cRxCmd = i2cRxData[1];
  80:.\i2c.c       ****                 *i2cRxVal = i2cRxData[2];
 210              		.loc 1 80 0 is_stmt 1
 211 0042 01AB     		add	r3, sp, #4
 212 0044 9B78     		ldrb	r3, [r3, #2]
 213 0046 2B70     		strb	r3, [r5]
 214              	.LVL26:
  81:.\i2c.c       ****                 setLed(0,1,0,255);
 215              		.loc 1 81 0
 216 0048 0020     		mov	r0, #0
 217 004a 0121     		mov	r1, #1
 218 004c 0022     		mov	r2, #0
 219 004e FF23     		mov	r3, #255
 220 0050 FFF7FEFF 		bl	setLed
 221              	.LVL27:
 222 0054 05E0     		b	.L11
 223              	.LVL28:
 224              	.L10:
  82:.\i2c.c       ****             }
  83:.\i2c.c       ****         }
  84:.\i2c.c       ****     }
  85:.\i2c.c       ****     else
  86:.\i2c.c       ****     {
  87:.\i2c.c       ****         setLed(1,0,0,255);
 225              		.loc 1 87 0
 226 0056 0120     		mov	r0, #1
 227 0058 0021     		mov	r1, #0
 228 005a 0022     		mov	r2, #0
 229 005c FF23     		mov	r3, #255
 230 005e FFF7FEFF 		bl	setLed
 231              	.LVL29:
 232              	.L11:
  88:.\i2c.c       ****     }
  89:.\i2c.c       ****     (void) I2CM_I2CMasterClearStatus(); 
 233              		.loc 1 89 0
 234 0062 FFF7FEFF 		bl	I2CM_I2CMasterClearStatus
 235              	.LVL30:
  90:.\i2c.c       ****     setLed(0,0,0,255);
 236              		.loc 1 90 0
 237 0066 0020     		mov	r0, #0
 238 0068 0021     		mov	r1, #0
 239 006a 0022     		mov	r2, #0
 240 006c FF23     		mov	r3, #255
 241 006e FFF7FEFF 		bl	setLed
 242              	.LVL31:
  91:.\i2c.c       **** }
 243              		.loc 1 91 0
 244 0072 03B0     		add	sp, sp, #12
 245              		@ sp needed
 246              	.LVL32:
 247 0074 30BD     		pop	{r4, r5, pc}
 248              		.cfi_endproc
 249              	.LFE36:
 250              		.size	i2c_rx, .-i2c_rx
 251 0076 C046     		.section	.text.i2c_slave,"ax",%progbits
ARM GAS  C:\Users\JEPPES~1\AppData\Local\Temp\ccWrAQPY.s 			page 7


 252              		.align	2
 253              		.global	i2c_slave
 254              		.code	16
 255              		.thumb_func
 256              		.type	i2c_slave, %function
 257              	i2c_slave:
 258              	.LFB37:
  92:.\i2c.c       **** 
  93:.\i2c.c       **** void i2c_slave()
  94:.\i2c.c       **** {
 259              		.loc 1 94 0
 260              		.cfi_startproc
 261 0000 00B5     		push	{lr}
 262              		.cfi_def_cfa_offset 4
 263              		.cfi_offset 14, -4
 264 0002 83B0     		sub	sp, sp, #12
 265              		.cfi_def_cfa_offset 16
  95:.\i2c.c       ****     if (0u != (I2CM_I2CSlaveStatus() & I2CM_I2C_SSTAT_WR_CMPLT))
 266              		.loc 1 95 0
 267 0004 FFF7FEFF 		bl	I2CM_I2CSlaveStatus
 268              	.LVL33:
 269 0008 C306     		lsl	r3, r0, #27
 270 000a 14D5     		bpl	.L12
  96:.\i2c.c       ****     {
  97:.\i2c.c       ****         if (I2C_PACKET_SIZE == I2CM_I2CSlaveGetWriteBufSize())
 271              		.loc 1 97 0
 272 000c FFF7FEFF 		bl	I2CM_I2CSlaveGetWriteBufSize
 273              	.LVL34:
 274 0010 0428     		cmp	r0, #4
 275 0012 0CD1     		bne	.L14
  98:.\i2c.c       ****         {
  99:.\i2c.c       ****             if ((i2c_slaveBuffer[I2C_PACKET_SOP_POS] == I2C_PACKET_SOP) && (i2c_slaveBuffer[I2C_PAC
 276              		.loc 1 99 0
 277 0014 094B     		ldr	r3, .L15
 278 0016 1B78     		ldrb	r3, [r3]
 279 0018 012B     		cmp	r3, #1
 280 001a 08D1     		bne	.L14
 281              		.loc 1 99 0 is_stmt 0 discriminator 1
 282 001c 074B     		ldr	r3, .L15
 283 001e DB78     		ldrb	r3, [r3, #3]
 284 0020 172B     		cmp	r3, #23
 285 0022 04D1     		bne	.L14
 286              	.LBB2:
 100:.\i2c.c       ****             {
 101:.\i2c.c       ****                 struct Data i2cRxData;
 102:.\i2c.c       ****                 i2cRxData.val_ = i2c_slaveBuffer[2];
 287              		.loc 1 102 0 is_stmt 1
 288 0024 054B     		ldr	r3, .L15
 289 0026 9978     		ldrb	r1, [r3, #2]
 103:.\i2c.c       ****                 i2cRxData.cmd_ = i2c_slaveBuffer[1];
 290              		.loc 1 103 0
 291 0028 5878     		ldrb	r0, [r3, #1]
 104:.\i2c.c       ****     
 105:.\i2c.c       ****                 pushQueue(i2cRxData);
 292              		.loc 1 105 0
 293 002a FFF7FEFF 		bl	pushQueue
 294              	.LVL35:
ARM GAS  C:\Users\JEPPES~1\AppData\Local\Temp\ccWrAQPY.s 			page 8


 295              	.L14:
 296              	.LBE2:
 106:.\i2c.c       ****             }
 107:.\i2c.c       ****         }
 108:.\i2c.c       **** 
 109:.\i2c.c       ****         I2CM_I2CSlaveClearWriteBuf();
 297              		.loc 1 109 0
 298 002e FFF7FEFF 		bl	I2CM_I2CSlaveClearWriteBuf
 299              	.LVL36:
 110:.\i2c.c       ****         (void) I2CM_I2CSlaveClearWriteStatus();
 300              		.loc 1 110 0
 301 0032 FFF7FEFF 		bl	I2CM_I2CSlaveClearWriteStatus
 302              	.LVL37:
 303              	.L12:
 111:.\i2c.c       ****     }
 112:.\i2c.c       **** }
 304              		.loc 1 112 0
 305 0036 03B0     		add	sp, sp, #12
 306              		@ sp needed
 307 0038 00BD     		pop	{pc}
 308              	.L16:
 309 003a C046     		.align	2
 310              	.L15:
 311 003c 00000000 		.word	i2c_slaveBuffer
 312              		.cfi_endproc
 313              	.LFE37:
 314              		.size	i2c_slave, .-i2c_slave
 315              		.comm	i2c_slaveBuffer,4,4
 316              		.comm	rxValZ,1,1
 317              		.comm	rxValY,1,1
 318              		.comm	rxValX,1,1
 319              		.comm	backOfQueuePtr,4,4
 320              		.comm	frontOfQueuePtr,4,4
 321              		.text
 322              	.Letext0:
 323              		.file 2 "Generated_Source\\PSoC4/cytypes.h"
 324              		.file 3 ".\\queue.h"
 325              		.file 4 ".\\handler.h"
 326              		.file 5 "Generated_Source\\PSoC4/I2CM_scl.h"
 327              		.file 6 "Generated_Source\\PSoC4/I2CM_sda.h"
 328              		.file 7 "Generated_Source\\PSoC4/I2CM_I2C.h"
 329              		.file 8 "Generated_Source\\PSoC4/I2CM.h"
 330              		.file 9 ".\\led.h"
 331              		.section	.debug_info,"",%progbits
 332              	.Ldebug_info0:
 333 0000 69050000 		.4byte	0x569
 334 0004 0400     		.2byte	0x4
 335 0006 00000000 		.4byte	.Ldebug_abbrev0
 336 000a 04       		.byte	0x4
 337 000b 01       		.uleb128 0x1
 338 000c 52020000 		.4byte	.LASF56
 339 0010 01       		.byte	0x1
 340 0011 7E030000 		.4byte	.LASF57
 341 0015 74000000 		.4byte	.LASF58
 342 0019 00000000 		.4byte	.Ldebug_ranges0+0
 343 001d 00000000 		.4byte	0
 344 0021 00000000 		.4byte	.Ldebug_line0
ARM GAS  C:\Users\JEPPES~1\AppData\Local\Temp\ccWrAQPY.s 			page 9


 345 0025 02       		.uleb128 0x2
 346 0026 01       		.byte	0x1
 347 0027 06       		.byte	0x6
 348 0028 64030000 		.4byte	.LASF0
 349 002c 02       		.uleb128 0x2
 350 002d 01       		.byte	0x1
 351 002e 08       		.byte	0x8
 352 002f C8000000 		.4byte	.LASF1
 353 0033 02       		.uleb128 0x2
 354 0034 02       		.byte	0x2
 355 0035 05       		.byte	0x5
 356 0036 FA020000 		.4byte	.LASF2
 357 003a 02       		.uleb128 0x2
 358 003b 02       		.byte	0x2
 359 003c 07       		.byte	0x7
 360 003d EF000000 		.4byte	.LASF3
 361 0041 02       		.uleb128 0x2
 362 0042 04       		.byte	0x4
 363 0043 05       		.byte	0x5
 364 0044 39030000 		.4byte	.LASF4
 365 0048 02       		.uleb128 0x2
 366 0049 04       		.byte	0x4
 367 004a 07       		.byte	0x7
 368 004b DD000000 		.4byte	.LASF5
 369 004f 02       		.uleb128 0x2
 370 0050 08       		.byte	0x8
 371 0051 05       		.byte	0x5
 372 0052 31020000 		.4byte	.LASF6
 373 0056 02       		.uleb128 0x2
 374 0057 08       		.byte	0x8
 375 0058 07       		.byte	0x7
 376 0059 D6010000 		.4byte	.LASF7
 377 005d 03       		.uleb128 0x3
 378 005e 04       		.byte	0x4
 379 005f 05       		.byte	0x5
 380 0060 696E7400 		.ascii	"int\000"
 381 0064 02       		.uleb128 0x2
 382 0065 04       		.byte	0x4
 383 0066 07       		.byte	0x7
 384 0067 A4010000 		.4byte	.LASF8
 385 006b 04       		.uleb128 0x4
 386 006c 0D030000 		.4byte	.LASF9
 387 0070 02       		.byte	0x2
 388 0071 3801     		.2byte	0x138
 389 0073 2C000000 		.4byte	0x2c
 390 0077 04       		.uleb128 0x4
 391 0078 7B010000 		.4byte	.LASF10
 392 007c 02       		.byte	0x2
 393 007d 3901     		.2byte	0x139
 394 007f 3A000000 		.4byte	0x3a
 395 0083 04       		.uleb128 0x4
 396 0084 93010000 		.4byte	.LASF11
 397 0088 02       		.byte	0x2
 398 0089 3A01     		.2byte	0x13a
 399 008b 48000000 		.4byte	0x48
 400 008f 02       		.uleb128 0x2
 401 0090 04       		.byte	0x4
ARM GAS  C:\Users\JEPPES~1\AppData\Local\Temp\ccWrAQPY.s 			page 10


 402 0091 04       		.byte	0x4
 403 0092 3F000000 		.4byte	.LASF12
 404 0096 02       		.uleb128 0x2
 405 0097 08       		.byte	0x8
 406 0098 04       		.byte	0x4
 407 0099 4B010000 		.4byte	.LASF13
 408 009d 02       		.uleb128 0x2
 409 009e 01       		.byte	0x1
 410 009f 08       		.byte	0x8
 411 00a0 42030000 		.4byte	.LASF14
 412 00a4 02       		.uleb128 0x2
 413 00a5 04       		.byte	0x4
 414 00a6 07       		.byte	0x7
 415 00a7 22020000 		.4byte	.LASF15
 416 00ab 05       		.uleb128 0x5
 417 00ac 04       		.byte	0x4
 418 00ad 6B000000 		.4byte	0x6b
 419 00b1 06       		.uleb128 0x6
 420 00b2 ED010000 		.4byte	.LASF18
 421 00b6 08       		.byte	0x8
 422 00b7 03       		.byte	0x3
 423 00b8 1A       		.byte	0x1a
 424 00b9 D6000000 		.4byte	0xd6
 425 00bd 07       		.uleb128 0x7
 426 00be 4D020000 		.4byte	.LASF16
 427 00c2 03       		.byte	0x3
 428 00c3 1C       		.byte	0x1c
 429 00c4 5D000000 		.4byte	0x5d
 430 00c8 00       		.byte	0
 431 00c9 07       		.uleb128 0x7
 432 00ca 48020000 		.4byte	.LASF17
 433 00ce 03       		.byte	0x3
 434 00cf 1D       		.byte	0x1d
 435 00d0 5D000000 		.4byte	0x5d
 436 00d4 04       		.byte	0x4
 437 00d5 00       		.byte	0
 438 00d6 06       		.uleb128 0x6
 439 00d7 06000000 		.4byte	.LASF19
 440 00db 0C       		.byte	0xc
 441 00dc 03       		.byte	0x3
 442 00dd 20       		.byte	0x20
 443 00de FB000000 		.4byte	0xfb
 444 00e2 07       		.uleb128 0x7
 445 00e3 00000000 		.4byte	.LASF20
 446 00e7 03       		.byte	0x3
 447 00e8 22       		.byte	0x22
 448 00e9 B1000000 		.4byte	0xb1
 449 00ed 00       		.byte	0
 450 00ee 07       		.uleb128 0x7
 451 00ef 2B020000 		.4byte	.LASF21
 452 00f3 03       		.byte	0x3
 453 00f4 23       		.byte	0x23
 454 00f5 FB000000 		.4byte	0xfb
 455 00f9 08       		.byte	0x8
 456 00fa 00       		.byte	0
 457 00fb 05       		.uleb128 0x5
 458 00fc 04       		.byte	0x4
ARM GAS  C:\Users\JEPPES~1\AppData\Local\Temp\ccWrAQPY.s 			page 11


 459 00fd D6000000 		.4byte	0xd6
 460 0101 08       		.uleb128 0x8
 461 0102 17010000 		.4byte	.LASF32
 462 0106 01       		.byte	0x1
 463 0107 17       		.byte	0x17
 464 0108 00000000 		.4byte	.LFB34
 465 010c 28000000 		.4byte	.LFE34-.LFB34
 466 0110 01       		.uleb128 0x1
 467 0111 9C       		.byte	0x9c
 468 0112 74010000 		.4byte	0x174
 469 0116 09       		.uleb128 0x9
 470 0117 08000000 		.4byte	.LVL0
 471 011b 5B040000 		.4byte	0x45b
 472 011f 29010000 		.4byte	0x129
 473 0123 0A       		.uleb128 0xa
 474 0124 01       		.uleb128 0x1
 475 0125 50       		.byte	0x50
 476 0126 01       		.uleb128 0x1
 477 0127 32       		.byte	0x32
 478 0128 00       		.byte	0
 479 0129 09       		.uleb128 0x9
 480 012a 0E000000 		.4byte	.LVL1
 481 012e 6C040000 		.4byte	0x46c
 482 0132 3C010000 		.4byte	0x13c
 483 0136 0A       		.uleb128 0xa
 484 0137 01       		.uleb128 0x1
 485 0138 50       		.byte	0x50
 486 0139 01       		.uleb128 0x1
 487 013a 32       		.byte	0x32
 488 013b 00       		.byte	0
 489 013c 09       		.uleb128 0x9
 490 013d 16000000 		.4byte	.LVL2
 491 0141 7D040000 		.4byte	0x47d
 492 0145 58010000 		.4byte	0x158
 493 0149 0A       		.uleb128 0xa
 494 014a 01       		.uleb128 0x1
 495 014b 51       		.byte	0x51
 496 014c 01       		.uleb128 0x1
 497 014d 34       		.byte	0x34
 498 014e 0A       		.uleb128 0xa
 499 014f 01       		.uleb128 0x1
 500 0150 50       		.byte	0x50
 501 0151 05       		.uleb128 0x5
 502 0152 03       		.byte	0x3
 503 0153 00000000 		.4byte	i2c_slaveBuffer
 504 0157 00       		.byte	0
 505 0158 0B       		.uleb128 0xb
 506 0159 1A000000 		.4byte	.LVL3
 507 015d 93040000 		.4byte	0x493
 508 0161 0B       		.uleb128 0xb
 509 0162 1E000000 		.4byte	.LVL4
 510 0166 9A040000 		.4byte	0x49a
 511 016a 0B       		.uleb128 0xb
 512 016b 22000000 		.4byte	.LVL5
 513 016f A5040000 		.4byte	0x4a5
 514 0173 00       		.byte	0
 515 0174 0C       		.uleb128 0xc
ARM GAS  C:\Users\JEPPES~1\AppData\Local\Temp\ccWrAQPY.s 			page 12


 516 0175 CF010000 		.4byte	.LASF25
 517 0179 01       		.byte	0x1
 518 017a 23       		.byte	0x23
 519 017b 00000000 		.4byte	.LFB35
 520 017f 62000000 		.4byte	.LFE35-.LFB35
 521 0183 01       		.uleb128 0x1
 522 0184 9C       		.byte	0x9c
 523 0185 6E020000 		.4byte	0x26e
 524 0189 0D       		.uleb128 0xd
 525 018a 02020000 		.4byte	.LASF22
 526 018e 01       		.byte	0x1
 527 018f 23       		.byte	0x23
 528 0190 6B000000 		.4byte	0x6b
 529 0194 00000000 		.4byte	.LLST0
 530 0198 0D       		.uleb128 0xd
 531 0199 90030000 		.4byte	.LASF23
 532 019d 01       		.byte	0x1
 533 019e 23       		.byte	0x23
 534 019f 6B000000 		.4byte	0x6b
 535 01a3 21000000 		.4byte	.LLST1
 536 01a7 0D       		.uleb128 0xd
 537 01a8 20010000 		.4byte	.LASF24
 538 01ac 01       		.byte	0x1
 539 01ad 23       		.byte	0x23
 540 01ae 6B000000 		.4byte	0x6b
 541 01b2 5A000000 		.4byte	.LLST2
 542 01b6 0E       		.uleb128 0xe
 543 01b7 9A010000 		.4byte	.LASF30
 544 01bb 01       		.byte	0x1
 545 01bc 25       		.byte	0x25
 546 01bd 6E020000 		.4byte	0x26e
 547 01c1 02       		.uleb128 0x2
 548 01c2 91       		.byte	0x91
 549 01c3 74       		.sleb128 -12
 550 01c4 09       		.uleb128 0x9
 551 01c5 1C000000 		.4byte	.LVL10
 552 01c9 AC040000 		.4byte	0x4ac
 553 01cd E2010000 		.4byte	0x1e2
 554 01d1 0A       		.uleb128 0xa
 555 01d2 01       		.uleb128 0x1
 556 01d3 53       		.byte	0x53
 557 01d4 01       		.uleb128 0x1
 558 01d5 30       		.byte	0x30
 559 01d6 0A       		.uleb128 0xa
 560 01d7 01       		.uleb128 0x1
 561 01d8 52       		.byte	0x52
 562 01d9 01       		.uleb128 0x1
 563 01da 34       		.byte	0x34
 564 01db 0A       		.uleb128 0xa
 565 01dc 01       		.uleb128 0x1
 566 01dd 51       		.byte	0x51
 567 01de 02       		.uleb128 0x2
 568 01df 91       		.byte	0x91
 569 01e0 74       		.sleb128 -12
 570 01e1 00       		.byte	0
 571 01e2 0B       		.uleb128 0xb
 572 01e3 20000000 		.4byte	.LVL11
ARM GAS  C:\Users\JEPPES~1\AppData\Local\Temp\ccWrAQPY.s 			page 13


 573 01e7 D0040000 		.4byte	0x4d0
 574 01eb 0B       		.uleb128 0xb
 575 01ec 28000000 		.4byte	.LVL12
 576 01f0 D0040000 		.4byte	0x4d0
 577 01f4 0B       		.uleb128 0xb
 578 01f5 30000000 		.4byte	.LVL13
 579 01f9 DB040000 		.4byte	0x4db
 580 01fd 09       		.uleb128 0x9
 581 01fe 40000000 		.4byte	.LVL14
 582 0202 E6040000 		.4byte	0x4e6
 583 0206 21020000 		.4byte	0x221
 584 020a 0A       		.uleb128 0xa
 585 020b 01       		.uleb128 0x1
 586 020c 53       		.byte	0x53
 587 020d 02       		.uleb128 0x2
 588 020e 09       		.byte	0x9
 589 020f FF       		.byte	0xff
 590 0210 0A       		.uleb128 0xa
 591 0211 01       		.uleb128 0x1
 592 0212 52       		.byte	0x52
 593 0213 01       		.uleb128 0x1
 594 0214 30       		.byte	0x30
 595 0215 0A       		.uleb128 0xa
 596 0216 01       		.uleb128 0x1
 597 0217 51       		.byte	0x51
 598 0218 02       		.uleb128 0x2
 599 0219 74       		.byte	0x74
 600 021a 00       		.sleb128 0
 601 021b 0A       		.uleb128 0xa
 602 021c 01       		.uleb128 0x1
 603 021d 50       		.byte	0x50
 604 021e 01       		.uleb128 0x1
 605 021f 30       		.byte	0x30
 606 0220 00       		.byte	0
 607 0221 09       		.uleb128 0x9
 608 0222 4E000000 		.4byte	.LVL15
 609 0226 E6040000 		.4byte	0x4e6
 610 022a 45020000 		.4byte	0x245
 611 022e 0A       		.uleb128 0xa
 612 022f 01       		.uleb128 0x1
 613 0230 53       		.byte	0x53
 614 0231 02       		.uleb128 0x2
 615 0232 09       		.byte	0x9
 616 0233 FF       		.byte	0xff
 617 0234 0A       		.uleb128 0xa
 618 0235 01       		.uleb128 0x1
 619 0236 52       		.byte	0x52
 620 0237 01       		.uleb128 0x1
 621 0238 30       		.byte	0x30
 622 0239 0A       		.uleb128 0xa
 623 023a 01       		.uleb128 0x1
 624 023b 51       		.byte	0x51
 625 023c 01       		.uleb128 0x1
 626 023d 30       		.byte	0x30
 627 023e 0A       		.uleb128 0xa
 628 023f 01       		.uleb128 0x1
 629 0240 50       		.byte	0x50
ARM GAS  C:\Users\JEPPES~1\AppData\Local\Temp\ccWrAQPY.s 			page 14


 630 0241 02       		.uleb128 0x2
 631 0242 74       		.byte	0x74
 632 0243 00       		.sleb128 0
 633 0244 00       		.byte	0
 634 0245 0B       		.uleb128 0xb
 635 0246 52000000 		.4byte	.LVL16
 636 024a 06050000 		.4byte	0x506
 637 024e 0F       		.uleb128 0xf
 638 024f 5E000000 		.4byte	.LVL17
 639 0253 E6040000 		.4byte	0x4e6
 640 0257 0A       		.uleb128 0xa
 641 0258 01       		.uleb128 0x1
 642 0259 53       		.byte	0x53
 643 025a 02       		.uleb128 0x2
 644 025b 09       		.byte	0x9
 645 025c FF       		.byte	0xff
 646 025d 0A       		.uleb128 0xa
 647 025e 01       		.uleb128 0x1
 648 025f 52       		.byte	0x52
 649 0260 01       		.uleb128 0x1
 650 0261 30       		.byte	0x30
 651 0262 0A       		.uleb128 0xa
 652 0263 01       		.uleb128 0x1
 653 0264 51       		.byte	0x51
 654 0265 01       		.uleb128 0x1
 655 0266 30       		.byte	0x30
 656 0267 0A       		.uleb128 0xa
 657 0268 01       		.uleb128 0x1
 658 0269 50       		.byte	0x50
 659 026a 01       		.uleb128 0x1
 660 026b 30       		.byte	0x30
 661 026c 00       		.byte	0
 662 026d 00       		.byte	0
 663 026e 10       		.uleb128 0x10
 664 026f 6B000000 		.4byte	0x6b
 665 0273 7E020000 		.4byte	0x27e
 666 0277 11       		.uleb128 0x11
 667 0278 A4000000 		.4byte	0xa4
 668 027c 03       		.byte	0x3
 669 027d 00       		.byte	0
 670 027e 0C       		.uleb128 0xc
 671 027f 8C010000 		.4byte	.LASF26
 672 0283 01       		.byte	0x1
 673 0284 3F       		.byte	0x3f
 674 0285 00000000 		.4byte	.LFB36
 675 0289 76000000 		.4byte	.LFE36-.LFB36
 676 028d 01       		.uleb128 0x1
 677 028e 9C       		.byte	0x9c
 678 028f 96030000 		.4byte	0x396
 679 0293 0D       		.uleb128 0xd
 680 0294 35000000 		.4byte	.LASF27
 681 0298 01       		.byte	0x1
 682 0299 3F       		.byte	0x3f
 683 029a 6B000000 		.4byte	0x6b
 684 029e 93000000 		.4byte	.LLST3
 685 02a2 0D       		.uleb128 0xd
 686 02a3 3F020000 		.4byte	.LASF28
ARM GAS  C:\Users\JEPPES~1\AppData\Local\Temp\ccWrAQPY.s 			page 15


 687 02a7 01       		.byte	0x1
 688 02a8 3F       		.byte	0x3f
 689 02a9 6B000000 		.4byte	0x6b
 690 02ad B4000000 		.4byte	.LLST4
 691 02b1 0D       		.uleb128 0xd
 692 02b2 04030000 		.4byte	.LASF29
 693 02b6 01       		.byte	0x1
 694 02b7 3F       		.byte	0x3f
 695 02b8 AB000000 		.4byte	0xab
 696 02bc EF000000 		.4byte	.LLST5
 697 02c0 0E       		.uleb128 0xe
 698 02c1 86030000 		.4byte	.LASF31
 699 02c5 01       		.byte	0x1
 700 02c6 41       		.byte	0x41
 701 02c7 6E020000 		.4byte	0x26e
 702 02cb 02       		.uleb128 0x2
 703 02cc 91       		.byte	0x91
 704 02cd 6C       		.sleb128 -20
 705 02ce 09       		.uleb128 0x9
 706 02cf 0E000000 		.4byte	.LVL20
 707 02d3 74010000 		.4byte	0x174
 708 02d7 E8020000 		.4byte	0x2e8
 709 02db 0A       		.uleb128 0xa
 710 02dc 01       		.uleb128 0x1
 711 02dd 52       		.byte	0x52
 712 02de 02       		.uleb128 0x2
 713 02df 09       		.byte	0x9
 714 02e0 AA       		.byte	0xaa
 715 02e1 0A       		.uleb128 0xa
 716 02e2 01       		.uleb128 0x1
 717 02e3 50       		.byte	0x50
 718 02e4 02       		.uleb128 0x2
 719 02e5 74       		.byte	0x74
 720 02e6 00       		.sleb128 0
 721 02e7 00       		.byte	0
 722 02e8 09       		.uleb128 0x9
 723 02e9 1A000000 		.4byte	.LVL21
 724 02ed 11050000 		.4byte	0x511
 725 02f1 0C030000 		.4byte	0x30c
 726 02f5 0A       		.uleb128 0xa
 727 02f6 01       		.uleb128 0x1
 728 02f7 53       		.byte	0x53
 729 02f8 01       		.uleb128 0x1
 730 02f9 30       		.byte	0x30
 731 02fa 0A       		.uleb128 0xa
 732 02fb 01       		.uleb128 0x1
 733 02fc 52       		.byte	0x52
 734 02fd 01       		.uleb128 0x1
 735 02fe 34       		.byte	0x34
 736 02ff 0A       		.uleb128 0xa
 737 0300 01       		.uleb128 0x1
 738 0301 51       		.byte	0x51
 739 0302 02       		.uleb128 0x2
 740 0303 91       		.byte	0x91
 741 0304 6C       		.sleb128 -20
 742 0305 0A       		.uleb128 0xa
 743 0306 01       		.uleb128 0x1
ARM GAS  C:\Users\JEPPES~1\AppData\Local\Temp\ccWrAQPY.s 			page 16


 744 0307 50       		.byte	0x50
 745 0308 02       		.uleb128 0x2
 746 0309 74       		.byte	0x74
 747 030a 00       		.sleb128 0
 748 030b 00       		.byte	0
 749 030c 0B       		.uleb128 0xb
 750 030d 1E000000 		.4byte	.LVL22
 751 0311 D0040000 		.4byte	0x4d0
 752 0315 0B       		.uleb128 0xb
 753 0316 26000000 		.4byte	.LVL23
 754 031a D0040000 		.4byte	0x4d0
 755 031e 0B       		.uleb128 0xb
 756 031f 2E000000 		.4byte	.LVL24
 757 0323 35050000 		.4byte	0x535
 758 0327 09       		.uleb128 0x9
 759 0328 54000000 		.4byte	.LVL27
 760 032c E6040000 		.4byte	0x4e6
 761 0330 4A030000 		.4byte	0x34a
 762 0334 0A       		.uleb128 0xa
 763 0335 01       		.uleb128 0x1
 764 0336 53       		.byte	0x53
 765 0337 02       		.uleb128 0x2
 766 0338 09       		.byte	0x9
 767 0339 FF       		.byte	0xff
 768 033a 0A       		.uleb128 0xa
 769 033b 01       		.uleb128 0x1
 770 033c 52       		.byte	0x52
 771 033d 01       		.uleb128 0x1
 772 033e 30       		.byte	0x30
 773 033f 0A       		.uleb128 0xa
 774 0340 01       		.uleb128 0x1
 775 0341 51       		.byte	0x51
 776 0342 01       		.uleb128 0x1
 777 0343 31       		.byte	0x31
 778 0344 0A       		.uleb128 0xa
 779 0345 01       		.uleb128 0x1
 780 0346 50       		.byte	0x50
 781 0347 01       		.uleb128 0x1
 782 0348 30       		.byte	0x30
 783 0349 00       		.byte	0
 784 034a 09       		.uleb128 0x9
 785 034b 62000000 		.4byte	.LVL29
 786 034f E6040000 		.4byte	0x4e6
 787 0353 6D030000 		.4byte	0x36d
 788 0357 0A       		.uleb128 0xa
 789 0358 01       		.uleb128 0x1
 790 0359 53       		.byte	0x53
 791 035a 02       		.uleb128 0x2
 792 035b 09       		.byte	0x9
 793 035c FF       		.byte	0xff
 794 035d 0A       		.uleb128 0xa
 795 035e 01       		.uleb128 0x1
 796 035f 52       		.byte	0x52
 797 0360 01       		.uleb128 0x1
 798 0361 30       		.byte	0x30
 799 0362 0A       		.uleb128 0xa
 800 0363 01       		.uleb128 0x1
ARM GAS  C:\Users\JEPPES~1\AppData\Local\Temp\ccWrAQPY.s 			page 17


 801 0364 51       		.byte	0x51
 802 0365 01       		.uleb128 0x1
 803 0366 30       		.byte	0x30
 804 0367 0A       		.uleb128 0xa
 805 0368 01       		.uleb128 0x1
 806 0369 50       		.byte	0x50
 807 036a 01       		.uleb128 0x1
 808 036b 31       		.byte	0x31
 809 036c 00       		.byte	0
 810 036d 0B       		.uleb128 0xb
 811 036e 66000000 		.4byte	.LVL30
 812 0372 06050000 		.4byte	0x506
 813 0376 0F       		.uleb128 0xf
 814 0377 72000000 		.4byte	.LVL31
 815 037b E6040000 		.4byte	0x4e6
 816 037f 0A       		.uleb128 0xa
 817 0380 01       		.uleb128 0x1
 818 0381 53       		.byte	0x53
 819 0382 02       		.uleb128 0x2
 820 0383 09       		.byte	0x9
 821 0384 FF       		.byte	0xff
 822 0385 0A       		.uleb128 0xa
 823 0386 01       		.uleb128 0x1
 824 0387 52       		.byte	0x52
 825 0388 01       		.uleb128 0x1
 826 0389 30       		.byte	0x30
 827 038a 0A       		.uleb128 0xa
 828 038b 01       		.uleb128 0x1
 829 038c 51       		.byte	0x51
 830 038d 01       		.uleb128 0x1
 831 038e 30       		.byte	0x30
 832 038f 0A       		.uleb128 0xa
 833 0390 01       		.uleb128 0x1
 834 0391 50       		.byte	0x50
 835 0392 01       		.uleb128 0x1
 836 0393 30       		.byte	0x30
 837 0394 00       		.byte	0
 838 0395 00       		.byte	0
 839 0396 08       		.uleb128 0x8
 840 0397 82010000 		.4byte	.LASF33
 841 039b 01       		.byte	0x1
 842 039c 5D       		.byte	0x5d
 843 039d 00000000 		.4byte	.LFB37
 844 03a1 40000000 		.4byte	.LFE37-.LFB37
 845 03a5 01       		.uleb128 0x1
 846 03a6 9C       		.byte	0x9c
 847 03a7 F5030000 		.4byte	0x3f5
 848 03ab 12       		.uleb128 0x12
 849 03ac 24000000 		.4byte	.LBB2
 850 03b0 0A000000 		.4byte	.LBE2-.LBB2
 851 03b4 D0030000 		.4byte	0x3d0
 852 03b8 0E       		.uleb128 0xe
 853 03b9 86030000 		.4byte	.LASF31
 854 03bd 01       		.byte	0x1
 855 03be 65       		.byte	0x65
 856 03bf B1000000 		.4byte	0xb1
 857 03c3 02       		.uleb128 0x2
ARM GAS  C:\Users\JEPPES~1\AppData\Local\Temp\ccWrAQPY.s 			page 18


 858 03c4 91       		.byte	0x91
 859 03c5 70       		.sleb128 -16
 860 03c6 0B       		.uleb128 0xb
 861 03c7 2E000000 		.4byte	.LVL35
 862 03cb 40050000 		.4byte	0x540
 863 03cf 00       		.byte	0
 864 03d0 0B       		.uleb128 0xb
 865 03d1 08000000 		.4byte	.LVL33
 866 03d5 56050000 		.4byte	0x556
 867 03d9 0B       		.uleb128 0xb
 868 03da 10000000 		.4byte	.LVL34
 869 03de 61050000 		.4byte	0x561
 870 03e2 0B       		.uleb128 0xb
 871 03e3 32000000 		.4byte	.LVL36
 872 03e7 93040000 		.4byte	0x493
 873 03eb 0B       		.uleb128 0xb
 874 03ec 36000000 		.4byte	.LVL37
 875 03f0 9A040000 		.4byte	0x49a
 876 03f4 00       		.byte	0
 877 03f5 13       		.uleb128 0x13
 878 03f6 F2010000 		.4byte	.LASF34
 879 03fa 03       		.byte	0x3
 880 03fb 26       		.byte	0x26
 881 03fc FB000000 		.4byte	0xfb
 882 0400 05       		.uleb128 0x5
 883 0401 03       		.byte	0x3
 884 0402 00000000 		.4byte	frontOfQueuePtr
 885 0406 13       		.uleb128 0x13
 886 0407 52010000 		.4byte	.LASF35
 887 040b 03       		.byte	0x3
 888 040c 27       		.byte	0x27
 889 040d FB000000 		.4byte	0xfb
 890 0411 05       		.uleb128 0x5
 891 0412 03       		.byte	0x3
 892 0413 00000000 		.4byte	backOfQueuePtr
 893 0417 13       		.uleb128 0x13
 894 0418 70030000 		.4byte	.LASF36
 895 041c 04       		.byte	0x4
 896 041d 1B       		.byte	0x1b
 897 041e 6B000000 		.4byte	0x6b
 898 0422 05       		.uleb128 0x5
 899 0423 03       		.byte	0x3
 900 0424 00000000 		.4byte	rxValX
 901 0428 13       		.uleb128 0x13
 902 0429 77030000 		.4byte	.LASF37
 903 042d 04       		.byte	0x4
 904 042e 1C       		.byte	0x1c
 905 042f 6B000000 		.4byte	0x6b
 906 0433 05       		.uleb128 0x5
 907 0434 03       		.byte	0x3
 908 0435 00000000 		.4byte	rxValY
 909 0439 13       		.uleb128 0x13
 910 043a D6000000 		.4byte	.LASF38
 911 043e 04       		.byte	0x4
 912 043f 1D       		.byte	0x1d
 913 0440 6B000000 		.4byte	0x6b
 914 0444 05       		.uleb128 0x5
ARM GAS  C:\Users\JEPPES~1\AppData\Local\Temp\ccWrAQPY.s 			page 19


 915 0445 03       		.byte	0x3
 916 0446 00000000 		.4byte	rxValZ
 917 044a 13       		.uleb128 0x13
 918 044b 13030000 		.4byte	.LASF39
 919 044f 01       		.byte	0x1
 920 0450 15       		.byte	0x15
 921 0451 6E020000 		.4byte	0x26e
 922 0455 05       		.uleb128 0x5
 923 0456 03       		.byte	0x3
 924 0457 00000000 		.4byte	i2c_slaveBuffer
 925 045b 14       		.uleb128 0x14
 926 045c 0C020000 		.4byte	.LASF40
 927 0460 05       		.byte	0x5
 928 0461 36       		.byte	0x36
 929 0462 6C040000 		.4byte	0x46c
 930 0466 15       		.uleb128 0x15
 931 0467 6B000000 		.4byte	0x6b
 932 046b 00       		.byte	0
 933 046c 14       		.uleb128 0x14
 934 046d 23030000 		.4byte	.LASF41
 935 0471 06       		.byte	0x6
 936 0472 36       		.byte	0x36
 937 0473 7D040000 		.4byte	0x47d
 938 0477 15       		.uleb128 0x15
 939 0478 6B000000 		.4byte	0x6b
 940 047c 00       		.byte	0
 941 047d 14       		.uleb128 0x14
 942 047e 61010000 		.4byte	.LASF42
 943 0482 07       		.byte	0x7
 944 0483 E0       		.byte	0xe0
 945 0484 93040000 		.4byte	0x493
 946 0488 15       		.uleb128 0x15
 947 0489 AB000000 		.4byte	0xab
 948 048d 15       		.uleb128 0x15
 949 048e 83000000 		.4byte	0x83
 950 0492 00       		.byte	0
 951 0493 16       		.uleb128 0x16
 952 0494 90000000 		.4byte	.LASF43
 953 0498 07       		.byte	0x7
 954 0499 E4       		.byte	0xe4
 955 049a 17       		.uleb128 0x17
 956 049b B1010000 		.4byte	.LASF45
 957 049f 07       		.byte	0x7
 958 04a0 D8       		.byte	0xd8
 959 04a1 83000000 		.4byte	0x83
 960 04a5 16       		.uleb128 0x16
 961 04a6 29010000 		.4byte	.LASF44
 962 04aa 08       		.byte	0x8
 963 04ab 68       		.byte	0x68
 964 04ac 18       		.uleb128 0x18
 965 04ad 34010000 		.4byte	.LASF50
 966 04b1 07       		.byte	0x7
 967 04b2 C4       		.byte	0xc4
 968 04b3 83000000 		.4byte	0x83
 969 04b7 D0040000 		.4byte	0x4d0
 970 04bb 15       		.uleb128 0x15
 971 04bc 83000000 		.4byte	0x83
ARM GAS  C:\Users\JEPPES~1\AppData\Local\Temp\ccWrAQPY.s 			page 20


 972 04c0 15       		.uleb128 0x15
 973 04c1 AB000000 		.4byte	0xab
 974 04c5 15       		.uleb128 0x15
 975 04c6 83000000 		.4byte	0x83
 976 04ca 15       		.uleb128 0x15
 977 04cb 83000000 		.4byte	0x83
 978 04cf 00       		.byte	0
 979 04d0 17       		.uleb128 0x17
 980 04d1 02010000 		.4byte	.LASF46
 981 04d5 07       		.byte	0x7
 982 04d6 C0       		.byte	0xc0
 983 04d7 83000000 		.4byte	0x83
 984 04db 17       		.uleb128 0x17
 985 04dc 4C000000 		.4byte	.LASF47
 986 04e0 07       		.byte	0x7
 987 04e1 C7       		.byte	0xc7
 988 04e2 83000000 		.4byte	0x83
 989 04e6 14       		.uleb128 0x14
 990 04e7 45000000 		.4byte	.LASF48
 991 04eb 09       		.byte	0x9
 992 04ec 1A       		.byte	0x1a
 993 04ed 06050000 		.4byte	0x506
 994 04f1 15       		.uleb128 0x15
 995 04f2 6B000000 		.4byte	0x6b
 996 04f6 15       		.uleb128 0x15
 997 04f7 6B000000 		.4byte	0x6b
 998 04fb 15       		.uleb128 0x15
 999 04fc 6B000000 		.4byte	0x6b
 1000 0500 15       		.uleb128 0x15
 1001 0501 6B000000 		.4byte	0x6b
 1002 0505 00       		.byte	0
 1003 0506 17       		.uleb128 0x17
 1004 0507 E0020000 		.4byte	.LASF49
 1005 050b 07       		.byte	0x7
 1006 050c C1       		.byte	0xc1
 1007 050d 83000000 		.4byte	0x83
 1008 0511 18       		.uleb128 0x18
 1009 0512 0B000000 		.4byte	.LASF51
 1010 0516 07       		.byte	0x7
 1011 0517 C5       		.byte	0xc5
 1012 0518 83000000 		.4byte	0x83
 1013 051c 35050000 		.4byte	0x535
 1014 0520 15       		.uleb128 0x15
 1015 0521 83000000 		.4byte	0x83
 1016 0525 15       		.uleb128 0x15
 1017 0526 AB000000 		.4byte	0xab
 1018 052a 15       		.uleb128 0x15
 1019 052b 83000000 		.4byte	0x83
 1020 052f 15       		.uleb128 0x15
 1021 0530 83000000 		.4byte	0x83
 1022 0534 00       		.byte	0
 1023 0535 17       		.uleb128 0x17
 1024 0536 47030000 		.4byte	.LASF52
 1025 053a 07       		.byte	0x7
 1026 053b C6       		.byte	0xc6
 1027 053c 83000000 		.4byte	0x83
 1028 0540 14       		.uleb128 0x14
ARM GAS  C:\Users\JEPPES~1\AppData\Local\Temp\ccWrAQPY.s 			page 21


 1029 0541 6A000000 		.4byte	.LASF53
 1030 0545 03       		.byte	0x3
 1031 0546 2A       		.byte	0x2a
 1032 0547 51050000 		.4byte	0x551
 1033 054b 15       		.uleb128 0x15
 1034 054c 51050000 		.4byte	0x551
 1035 0550 00       		.byte	0
 1036 0551 19       		.uleb128 0x19
 1037 0552 B1000000 		.4byte	0xb1
 1038 0556 17       		.uleb128 0x17
 1039 0557 21000000 		.4byte	.LASF54
 1040 055b 07       		.byte	0x7
 1041 055c D6       		.byte	0xd6
 1042 055d 83000000 		.4byte	0x83
 1043 0561 17       		.uleb128 0x17
 1044 0562 AB000000 		.4byte	.LASF55
 1045 0566 07       		.byte	0x7
 1046 0567 E2       		.byte	0xe2
 1047 0568 83000000 		.4byte	0x83
 1048 056c 00       		.byte	0
 1049              		.section	.debug_abbrev,"",%progbits
 1050              	.Ldebug_abbrev0:
 1051 0000 01       		.uleb128 0x1
 1052 0001 11       		.uleb128 0x11
 1053 0002 01       		.byte	0x1
 1054 0003 25       		.uleb128 0x25
 1055 0004 0E       		.uleb128 0xe
 1056 0005 13       		.uleb128 0x13
 1057 0006 0B       		.uleb128 0xb
 1058 0007 03       		.uleb128 0x3
 1059 0008 0E       		.uleb128 0xe
 1060 0009 1B       		.uleb128 0x1b
 1061 000a 0E       		.uleb128 0xe
 1062 000b 55       		.uleb128 0x55
 1063 000c 17       		.uleb128 0x17
 1064 000d 11       		.uleb128 0x11
 1065 000e 01       		.uleb128 0x1
 1066 000f 10       		.uleb128 0x10
 1067 0010 17       		.uleb128 0x17
 1068 0011 00       		.byte	0
 1069 0012 00       		.byte	0
 1070 0013 02       		.uleb128 0x2
 1071 0014 24       		.uleb128 0x24
 1072 0015 00       		.byte	0
 1073 0016 0B       		.uleb128 0xb
 1074 0017 0B       		.uleb128 0xb
 1075 0018 3E       		.uleb128 0x3e
 1076 0019 0B       		.uleb128 0xb
 1077 001a 03       		.uleb128 0x3
 1078 001b 0E       		.uleb128 0xe
 1079 001c 00       		.byte	0
 1080 001d 00       		.byte	0
 1081 001e 03       		.uleb128 0x3
 1082 001f 24       		.uleb128 0x24
 1083 0020 00       		.byte	0
 1084 0021 0B       		.uleb128 0xb
 1085 0022 0B       		.uleb128 0xb
ARM GAS  C:\Users\JEPPES~1\AppData\Local\Temp\ccWrAQPY.s 			page 22


 1086 0023 3E       		.uleb128 0x3e
 1087 0024 0B       		.uleb128 0xb
 1088 0025 03       		.uleb128 0x3
 1089 0026 08       		.uleb128 0x8
 1090 0027 00       		.byte	0
 1091 0028 00       		.byte	0
 1092 0029 04       		.uleb128 0x4
 1093 002a 16       		.uleb128 0x16
 1094 002b 00       		.byte	0
 1095 002c 03       		.uleb128 0x3
 1096 002d 0E       		.uleb128 0xe
 1097 002e 3A       		.uleb128 0x3a
 1098 002f 0B       		.uleb128 0xb
 1099 0030 3B       		.uleb128 0x3b
 1100 0031 05       		.uleb128 0x5
 1101 0032 49       		.uleb128 0x49
 1102 0033 13       		.uleb128 0x13
 1103 0034 00       		.byte	0
 1104 0035 00       		.byte	0
 1105 0036 05       		.uleb128 0x5
 1106 0037 0F       		.uleb128 0xf
 1107 0038 00       		.byte	0
 1108 0039 0B       		.uleb128 0xb
 1109 003a 0B       		.uleb128 0xb
 1110 003b 49       		.uleb128 0x49
 1111 003c 13       		.uleb128 0x13
 1112 003d 00       		.byte	0
 1113 003e 00       		.byte	0
 1114 003f 06       		.uleb128 0x6
 1115 0040 13       		.uleb128 0x13
 1116 0041 01       		.byte	0x1
 1117 0042 03       		.uleb128 0x3
 1118 0043 0E       		.uleb128 0xe
 1119 0044 0B       		.uleb128 0xb
 1120 0045 0B       		.uleb128 0xb
 1121 0046 3A       		.uleb128 0x3a
 1122 0047 0B       		.uleb128 0xb
 1123 0048 3B       		.uleb128 0x3b
 1124 0049 0B       		.uleb128 0xb
 1125 004a 01       		.uleb128 0x1
 1126 004b 13       		.uleb128 0x13
 1127 004c 00       		.byte	0
 1128 004d 00       		.byte	0
 1129 004e 07       		.uleb128 0x7
 1130 004f 0D       		.uleb128 0xd
 1131 0050 00       		.byte	0
 1132 0051 03       		.uleb128 0x3
 1133 0052 0E       		.uleb128 0xe
 1134 0053 3A       		.uleb128 0x3a
 1135 0054 0B       		.uleb128 0xb
 1136 0055 3B       		.uleb128 0x3b
 1137 0056 0B       		.uleb128 0xb
 1138 0057 49       		.uleb128 0x49
 1139 0058 13       		.uleb128 0x13
 1140 0059 38       		.uleb128 0x38
 1141 005a 0B       		.uleb128 0xb
 1142 005b 00       		.byte	0
ARM GAS  C:\Users\JEPPES~1\AppData\Local\Temp\ccWrAQPY.s 			page 23


 1143 005c 00       		.byte	0
 1144 005d 08       		.uleb128 0x8
 1145 005e 2E       		.uleb128 0x2e
 1146 005f 01       		.byte	0x1
 1147 0060 3F       		.uleb128 0x3f
 1148 0061 19       		.uleb128 0x19
 1149 0062 03       		.uleb128 0x3
 1150 0063 0E       		.uleb128 0xe
 1151 0064 3A       		.uleb128 0x3a
 1152 0065 0B       		.uleb128 0xb
 1153 0066 3B       		.uleb128 0x3b
 1154 0067 0B       		.uleb128 0xb
 1155 0068 11       		.uleb128 0x11
 1156 0069 01       		.uleb128 0x1
 1157 006a 12       		.uleb128 0x12
 1158 006b 06       		.uleb128 0x6
 1159 006c 40       		.uleb128 0x40
 1160 006d 18       		.uleb128 0x18
 1161 006e 9742     		.uleb128 0x2117
 1162 0070 19       		.uleb128 0x19
 1163 0071 01       		.uleb128 0x1
 1164 0072 13       		.uleb128 0x13
 1165 0073 00       		.byte	0
 1166 0074 00       		.byte	0
 1167 0075 09       		.uleb128 0x9
 1168 0076 898201   		.uleb128 0x4109
 1169 0079 01       		.byte	0x1
 1170 007a 11       		.uleb128 0x11
 1171 007b 01       		.uleb128 0x1
 1172 007c 31       		.uleb128 0x31
 1173 007d 13       		.uleb128 0x13
 1174 007e 01       		.uleb128 0x1
 1175 007f 13       		.uleb128 0x13
 1176 0080 00       		.byte	0
 1177 0081 00       		.byte	0
 1178 0082 0A       		.uleb128 0xa
 1179 0083 8A8201   		.uleb128 0x410a
 1180 0086 00       		.byte	0
 1181 0087 02       		.uleb128 0x2
 1182 0088 18       		.uleb128 0x18
 1183 0089 9142     		.uleb128 0x2111
 1184 008b 18       		.uleb128 0x18
 1185 008c 00       		.byte	0
 1186 008d 00       		.byte	0
 1187 008e 0B       		.uleb128 0xb
 1188 008f 898201   		.uleb128 0x4109
 1189 0092 00       		.byte	0
 1190 0093 11       		.uleb128 0x11
 1191 0094 01       		.uleb128 0x1
 1192 0095 31       		.uleb128 0x31
 1193 0096 13       		.uleb128 0x13
 1194 0097 00       		.byte	0
 1195 0098 00       		.byte	0
 1196 0099 0C       		.uleb128 0xc
 1197 009a 2E       		.uleb128 0x2e
 1198 009b 01       		.byte	0x1
 1199 009c 3F       		.uleb128 0x3f
ARM GAS  C:\Users\JEPPES~1\AppData\Local\Temp\ccWrAQPY.s 			page 24


 1200 009d 19       		.uleb128 0x19
 1201 009e 03       		.uleb128 0x3
 1202 009f 0E       		.uleb128 0xe
 1203 00a0 3A       		.uleb128 0x3a
 1204 00a1 0B       		.uleb128 0xb
 1205 00a2 3B       		.uleb128 0x3b
 1206 00a3 0B       		.uleb128 0xb
 1207 00a4 27       		.uleb128 0x27
 1208 00a5 19       		.uleb128 0x19
 1209 00a6 11       		.uleb128 0x11
 1210 00a7 01       		.uleb128 0x1
 1211 00a8 12       		.uleb128 0x12
 1212 00a9 06       		.uleb128 0x6
 1213 00aa 40       		.uleb128 0x40
 1214 00ab 18       		.uleb128 0x18
 1215 00ac 9742     		.uleb128 0x2117
 1216 00ae 19       		.uleb128 0x19
 1217 00af 01       		.uleb128 0x1
 1218 00b0 13       		.uleb128 0x13
 1219 00b1 00       		.byte	0
 1220 00b2 00       		.byte	0
 1221 00b3 0D       		.uleb128 0xd
 1222 00b4 05       		.uleb128 0x5
 1223 00b5 00       		.byte	0
 1224 00b6 03       		.uleb128 0x3
 1225 00b7 0E       		.uleb128 0xe
 1226 00b8 3A       		.uleb128 0x3a
 1227 00b9 0B       		.uleb128 0xb
 1228 00ba 3B       		.uleb128 0x3b
 1229 00bb 0B       		.uleb128 0xb
 1230 00bc 49       		.uleb128 0x49
 1231 00bd 13       		.uleb128 0x13
 1232 00be 02       		.uleb128 0x2
 1233 00bf 17       		.uleb128 0x17
 1234 00c0 00       		.byte	0
 1235 00c1 00       		.byte	0
 1236 00c2 0E       		.uleb128 0xe
 1237 00c3 34       		.uleb128 0x34
 1238 00c4 00       		.byte	0
 1239 00c5 03       		.uleb128 0x3
 1240 00c6 0E       		.uleb128 0xe
 1241 00c7 3A       		.uleb128 0x3a
 1242 00c8 0B       		.uleb128 0xb
 1243 00c9 3B       		.uleb128 0x3b
 1244 00ca 0B       		.uleb128 0xb
 1245 00cb 49       		.uleb128 0x49
 1246 00cc 13       		.uleb128 0x13
 1247 00cd 02       		.uleb128 0x2
 1248 00ce 18       		.uleb128 0x18
 1249 00cf 00       		.byte	0
 1250 00d0 00       		.byte	0
 1251 00d1 0F       		.uleb128 0xf
 1252 00d2 898201   		.uleb128 0x4109
 1253 00d5 01       		.byte	0x1
 1254 00d6 11       		.uleb128 0x11
 1255 00d7 01       		.uleb128 0x1
 1256 00d8 31       		.uleb128 0x31
ARM GAS  C:\Users\JEPPES~1\AppData\Local\Temp\ccWrAQPY.s 			page 25


 1257 00d9 13       		.uleb128 0x13
 1258 00da 00       		.byte	0
 1259 00db 00       		.byte	0
 1260 00dc 10       		.uleb128 0x10
 1261 00dd 01       		.uleb128 0x1
 1262 00de 01       		.byte	0x1
 1263 00df 49       		.uleb128 0x49
 1264 00e0 13       		.uleb128 0x13
 1265 00e1 01       		.uleb128 0x1
 1266 00e2 13       		.uleb128 0x13
 1267 00e3 00       		.byte	0
 1268 00e4 00       		.byte	0
 1269 00e5 11       		.uleb128 0x11
 1270 00e6 21       		.uleb128 0x21
 1271 00e7 00       		.byte	0
 1272 00e8 49       		.uleb128 0x49
 1273 00e9 13       		.uleb128 0x13
 1274 00ea 2F       		.uleb128 0x2f
 1275 00eb 0B       		.uleb128 0xb
 1276 00ec 00       		.byte	0
 1277 00ed 00       		.byte	0
 1278 00ee 12       		.uleb128 0x12
 1279 00ef 0B       		.uleb128 0xb
 1280 00f0 01       		.byte	0x1
 1281 00f1 11       		.uleb128 0x11
 1282 00f2 01       		.uleb128 0x1
 1283 00f3 12       		.uleb128 0x12
 1284 00f4 06       		.uleb128 0x6
 1285 00f5 01       		.uleb128 0x1
 1286 00f6 13       		.uleb128 0x13
 1287 00f7 00       		.byte	0
 1288 00f8 00       		.byte	0
 1289 00f9 13       		.uleb128 0x13
 1290 00fa 34       		.uleb128 0x34
 1291 00fb 00       		.byte	0
 1292 00fc 03       		.uleb128 0x3
 1293 00fd 0E       		.uleb128 0xe
 1294 00fe 3A       		.uleb128 0x3a
 1295 00ff 0B       		.uleb128 0xb
 1296 0100 3B       		.uleb128 0x3b
 1297 0101 0B       		.uleb128 0xb
 1298 0102 49       		.uleb128 0x49
 1299 0103 13       		.uleb128 0x13
 1300 0104 3F       		.uleb128 0x3f
 1301 0105 19       		.uleb128 0x19
 1302 0106 02       		.uleb128 0x2
 1303 0107 18       		.uleb128 0x18
 1304 0108 00       		.byte	0
 1305 0109 00       		.byte	0
 1306 010a 14       		.uleb128 0x14
 1307 010b 2E       		.uleb128 0x2e
 1308 010c 01       		.byte	0x1
 1309 010d 3F       		.uleb128 0x3f
 1310 010e 19       		.uleb128 0x19
 1311 010f 03       		.uleb128 0x3
 1312 0110 0E       		.uleb128 0xe
 1313 0111 3A       		.uleb128 0x3a
ARM GAS  C:\Users\JEPPES~1\AppData\Local\Temp\ccWrAQPY.s 			page 26


 1314 0112 0B       		.uleb128 0xb
 1315 0113 3B       		.uleb128 0x3b
 1316 0114 0B       		.uleb128 0xb
 1317 0115 27       		.uleb128 0x27
 1318 0116 19       		.uleb128 0x19
 1319 0117 3C       		.uleb128 0x3c
 1320 0118 19       		.uleb128 0x19
 1321 0119 01       		.uleb128 0x1
 1322 011a 13       		.uleb128 0x13
 1323 011b 00       		.byte	0
 1324 011c 00       		.byte	0
 1325 011d 15       		.uleb128 0x15
 1326 011e 05       		.uleb128 0x5
 1327 011f 00       		.byte	0
 1328 0120 49       		.uleb128 0x49
 1329 0121 13       		.uleb128 0x13
 1330 0122 00       		.byte	0
 1331 0123 00       		.byte	0
 1332 0124 16       		.uleb128 0x16
 1333 0125 2E       		.uleb128 0x2e
 1334 0126 00       		.byte	0
 1335 0127 3F       		.uleb128 0x3f
 1336 0128 19       		.uleb128 0x19
 1337 0129 03       		.uleb128 0x3
 1338 012a 0E       		.uleb128 0xe
 1339 012b 3A       		.uleb128 0x3a
 1340 012c 0B       		.uleb128 0xb
 1341 012d 3B       		.uleb128 0x3b
 1342 012e 0B       		.uleb128 0xb
 1343 012f 27       		.uleb128 0x27
 1344 0130 19       		.uleb128 0x19
 1345 0131 3C       		.uleb128 0x3c
 1346 0132 19       		.uleb128 0x19
 1347 0133 00       		.byte	0
 1348 0134 00       		.byte	0
 1349 0135 17       		.uleb128 0x17
 1350 0136 2E       		.uleb128 0x2e
 1351 0137 00       		.byte	0
 1352 0138 3F       		.uleb128 0x3f
 1353 0139 19       		.uleb128 0x19
 1354 013a 03       		.uleb128 0x3
 1355 013b 0E       		.uleb128 0xe
 1356 013c 3A       		.uleb128 0x3a
 1357 013d 0B       		.uleb128 0xb
 1358 013e 3B       		.uleb128 0x3b
 1359 013f 0B       		.uleb128 0xb
 1360 0140 27       		.uleb128 0x27
 1361 0141 19       		.uleb128 0x19
 1362 0142 49       		.uleb128 0x49
 1363 0143 13       		.uleb128 0x13
 1364 0144 3C       		.uleb128 0x3c
 1365 0145 19       		.uleb128 0x19
 1366 0146 00       		.byte	0
 1367 0147 00       		.byte	0
 1368 0148 18       		.uleb128 0x18
 1369 0149 2E       		.uleb128 0x2e
 1370 014a 01       		.byte	0x1
ARM GAS  C:\Users\JEPPES~1\AppData\Local\Temp\ccWrAQPY.s 			page 27


 1371 014b 3F       		.uleb128 0x3f
 1372 014c 19       		.uleb128 0x19
 1373 014d 03       		.uleb128 0x3
 1374 014e 0E       		.uleb128 0xe
 1375 014f 3A       		.uleb128 0x3a
 1376 0150 0B       		.uleb128 0xb
 1377 0151 3B       		.uleb128 0x3b
 1378 0152 0B       		.uleb128 0xb
 1379 0153 27       		.uleb128 0x27
 1380 0154 19       		.uleb128 0x19
 1381 0155 49       		.uleb128 0x49
 1382 0156 13       		.uleb128 0x13
 1383 0157 3C       		.uleb128 0x3c
 1384 0158 19       		.uleb128 0x19
 1385 0159 01       		.uleb128 0x1
 1386 015a 13       		.uleb128 0x13
 1387 015b 00       		.byte	0
 1388 015c 00       		.byte	0
 1389 015d 19       		.uleb128 0x19
 1390 015e 26       		.uleb128 0x26
 1391 015f 00       		.byte	0
 1392 0160 49       		.uleb128 0x49
 1393 0161 13       		.uleb128 0x13
 1394 0162 00       		.byte	0
 1395 0163 00       		.byte	0
 1396 0164 00       		.byte	0
 1397              		.section	.debug_loc,"",%progbits
 1398              	.Ldebug_loc0:
 1399              	.LLST0:
 1400 0000 00000000 		.4byte	.LVL6
 1401 0004 1B000000 		.4byte	.LVL10-1
 1402 0008 0100     		.2byte	0x1
 1403 000a 50       		.byte	0x50
 1404 000b 1B000000 		.4byte	.LVL10-1
 1405 000f 62000000 		.4byte	.LFE35
 1406 0013 0400     		.2byte	0x4
 1407 0015 F3       		.byte	0xf3
 1408 0016 01       		.uleb128 0x1
 1409 0017 50       		.byte	0x50
 1410 0018 9F       		.byte	0x9f
 1411 0019 00000000 		.4byte	0
 1412 001d 00000000 		.4byte	0
 1413              	.LLST1:
 1414 0021 00000000 		.4byte	.LVL6
 1415 0025 14000000 		.4byte	.LVL8
 1416 0029 0100     		.2byte	0x1
 1417 002b 51       		.byte	0x51
 1418 002c 14000000 		.4byte	.LVL8
 1419 0030 18000000 		.4byte	.LVL9
 1420 0034 0200     		.2byte	0x2
 1421 0036 73       		.byte	0x73
 1422 0037 01       		.sleb128 1
 1423 0038 18000000 		.4byte	.LVL9
 1424 003c 1B000000 		.4byte	.LVL10-1
 1425 0040 0200     		.2byte	0x2
 1426 0042 71       		.byte	0x71
 1427 0043 01       		.sleb128 1
ARM GAS  C:\Users\JEPPES~1\AppData\Local\Temp\ccWrAQPY.s 			page 28


 1428 0044 1B000000 		.4byte	.LVL10-1
 1429 0048 62000000 		.4byte	.LFE35
 1430 004c 0400     		.2byte	0x4
 1431 004e F3       		.byte	0xf3
 1432 004f 01       		.uleb128 0x1
 1433 0050 51       		.byte	0x51
 1434 0051 9F       		.byte	0x9f
 1435 0052 00000000 		.4byte	0
 1436 0056 00000000 		.4byte	0
 1437              	.LLST2:
 1438 005a 00000000 		.4byte	.LVL6
 1439 005e 10000000 		.4byte	.LVL7
 1440 0062 0100     		.2byte	0x1
 1441 0064 52       		.byte	0x52
 1442 0065 10000000 		.4byte	.LVL7
 1443 0069 18000000 		.4byte	.LVL9
 1444 006d 0200     		.2byte	0x2
 1445 006f 73       		.byte	0x73
 1446 0070 02       		.sleb128 2
 1447 0071 18000000 		.4byte	.LVL9
 1448 0075 1B000000 		.4byte	.LVL10-1
 1449 0079 0200     		.2byte	0x2
 1450 007b 71       		.byte	0x71
 1451 007c 02       		.sleb128 2
 1452 007d 1B000000 		.4byte	.LVL10-1
 1453 0081 62000000 		.4byte	.LFE35
 1454 0085 0400     		.2byte	0x4
 1455 0087 F3       		.byte	0xf3
 1456 0088 01       		.uleb128 0x1
 1457 0089 52       		.byte	0x52
 1458 008a 9F       		.byte	0x9f
 1459 008b 00000000 		.4byte	0
 1460 008f 00000000 		.4byte	0
 1461              	.LLST3:
 1462 0093 00000000 		.4byte	.LVL18
 1463 0097 0D000000 		.4byte	.LVL20-1
 1464 009b 0100     		.2byte	0x1
 1465 009d 50       		.byte	0x50
 1466 009e 0D000000 		.4byte	.LVL20-1
 1467 00a2 76000000 		.4byte	.LFE36
 1468 00a6 0400     		.2byte	0x4
 1469 00a8 F3       		.byte	0xf3
 1470 00a9 01       		.uleb128 0x1
 1471 00aa 50       		.byte	0x50
 1472 00ab 9F       		.byte	0x9f
 1473 00ac 00000000 		.4byte	0
 1474 00b0 00000000 		.4byte	0
 1475              	.LLST4:
 1476 00b4 00000000 		.4byte	.LVL18
 1477 00b8 0D000000 		.4byte	.LVL20-1
 1478 00bc 0100     		.2byte	0x1
 1479 00be 51       		.byte	0x51
 1480 00bf 0D000000 		.4byte	.LVL20-1
 1481 00c3 42000000 		.4byte	.LVL25
 1482 00c7 0400     		.2byte	0x4
 1483 00c9 F3       		.byte	0xf3
 1484 00ca 01       		.uleb128 0x1
ARM GAS  C:\Users\JEPPES~1\AppData\Local\Temp\ccWrAQPY.s 			page 29


 1485 00cb 51       		.byte	0x51
 1486 00cc 9F       		.byte	0x9f
 1487 00cd 42000000 		.4byte	.LVL25
 1488 00d1 48000000 		.4byte	.LVL26
 1489 00d5 0200     		.2byte	0x2
 1490 00d7 91       		.byte	0x91
 1491 00d8 6D       		.sleb128 -19
 1492 00d9 56000000 		.4byte	.LVL28
 1493 00dd 62000000 		.4byte	.LVL29
 1494 00e1 0400     		.2byte	0x4
 1495 00e3 F3       		.byte	0xf3
 1496 00e4 01       		.uleb128 0x1
 1497 00e5 51       		.byte	0x51
 1498 00e6 9F       		.byte	0x9f
 1499 00e7 00000000 		.4byte	0
 1500 00eb 00000000 		.4byte	0
 1501              	.LLST5:
 1502 00ef 00000000 		.4byte	.LVL18
 1503 00f3 0A000000 		.4byte	.LVL19
 1504 00f7 0100     		.2byte	0x1
 1505 00f9 52       		.byte	0x52
 1506 00fa 0A000000 		.4byte	.LVL19
 1507 00fe 74000000 		.4byte	.LVL32
 1508 0102 0100     		.2byte	0x1
 1509 0104 55       		.byte	0x55
 1510 0105 74000000 		.4byte	.LVL32
 1511 0109 76000000 		.4byte	.LFE36
 1512 010d 0400     		.2byte	0x4
 1513 010f F3       		.byte	0xf3
 1514 0110 01       		.uleb128 0x1
 1515 0111 52       		.byte	0x52
 1516 0112 9F       		.byte	0x9f
 1517 0113 00000000 		.4byte	0
 1518 0117 00000000 		.4byte	0
 1519              		.section	.debug_aranges,"",%progbits
 1520 0000 34000000 		.4byte	0x34
 1521 0004 0200     		.2byte	0x2
 1522 0006 00000000 		.4byte	.Ldebug_info0
 1523 000a 04       		.byte	0x4
 1524 000b 00       		.byte	0
 1525 000c 0000     		.2byte	0
 1526 000e 0000     		.2byte	0
 1527 0010 00000000 		.4byte	.LFB34
 1528 0014 28000000 		.4byte	.LFE34-.LFB34
 1529 0018 00000000 		.4byte	.LFB35
 1530 001c 62000000 		.4byte	.LFE35-.LFB35
 1531 0020 00000000 		.4byte	.LFB36
 1532 0024 76000000 		.4byte	.LFE36-.LFB36
 1533 0028 00000000 		.4byte	.LFB37
 1534 002c 40000000 		.4byte	.LFE37-.LFB37
 1535 0030 00000000 		.4byte	0
 1536 0034 00000000 		.4byte	0
 1537              		.section	.debug_ranges,"",%progbits
 1538              	.Ldebug_ranges0:
 1539 0000 00000000 		.4byte	.LFB34
 1540 0004 28000000 		.4byte	.LFE34
 1541 0008 00000000 		.4byte	.LFB35
ARM GAS  C:\Users\JEPPES~1\AppData\Local\Temp\ccWrAQPY.s 			page 30


 1542 000c 62000000 		.4byte	.LFE35
 1543 0010 00000000 		.4byte	.LFB36
 1544 0014 76000000 		.4byte	.LFE36
 1545 0018 00000000 		.4byte	.LFB37
 1546 001c 40000000 		.4byte	.LFE37
 1547 0020 00000000 		.4byte	0
 1548 0024 00000000 		.4byte	0
 1549              		.section	.debug_line,"",%progbits
 1550              	.Ldebug_line0:
 1551 0000 1F010000 		.section	.debug_str,"MS",%progbits,1
 1551      02009D00 
 1551      00000201 
 1551      FB0E0D00 
 1551      01010101 
 1552              	.LASF20:
 1553 0000 64617461 		.ascii	"data_\000"
 1553      5F00
 1554              	.LASF19:
 1555 0006 4E6F6465 		.ascii	"Node\000"
 1555      00
 1556              	.LASF51:
 1557 000b 4932434D 		.ascii	"I2CM_I2CMasterReadBuf\000"
 1557      5F493243 
 1557      4D617374 
 1557      65725265 
 1557      61644275 
 1558              	.LASF54:
 1559 0021 4932434D 		.ascii	"I2CM_I2CSlaveStatus\000"
 1559      5F493243 
 1559      536C6176 
 1559      65537461 
 1559      74757300 
 1560              	.LASF27:
 1561 0035 69326352 		.ascii	"i2cRxAddr\000"
 1561      78416464 
 1561      7200
 1562              	.LASF12:
 1563 003f 666C6F61 		.ascii	"float\000"
 1563      7400
 1564              	.LASF48:
 1565 0045 7365744C 		.ascii	"setLed\000"
 1565      656400
 1566              	.LASF47:
 1567 004c 4932434D 		.ascii	"I2CM_I2CMasterGetWriteBufSize\000"
 1567      5F493243 
 1567      4D617374 
 1567      65724765 
 1567      74577269 
 1568              	.LASF53:
 1569 006a 70757368 		.ascii	"pushQueue\000"
 1569      51756575 
 1569      6500
 1570              	.LASF58:
 1571 0074 433A5C45 		.ascii	"C:\\E3PRJ3\\PSoC4Master.cydsn\000"
 1571      3350524A 
 1571      335C5053 
 1571      6F43344D 
ARM GAS  C:\Users\JEPPES~1\AppData\Local\Temp\ccWrAQPY.s 			page 31


 1571      61737465 
 1572              	.LASF43:
 1573 0090 4932434D 		.ascii	"I2CM_I2CSlaveClearWriteBuf\000"
 1573      5F493243 
 1573      536C6176 
 1573      65436C65 
 1573      61725772 
 1574              	.LASF55:
 1575 00ab 4932434D 		.ascii	"I2CM_I2CSlaveGetWriteBufSize\000"
 1575      5F493243 
 1575      536C6176 
 1575      65476574 
 1575      57726974 
 1576              	.LASF1:
 1577 00c8 756E7369 		.ascii	"unsigned char\000"
 1577      676E6564 
 1577      20636861 
 1577      7200
 1578              	.LASF38:
 1579 00d6 72785661 		.ascii	"rxValZ\000"
 1579      6C5A00
 1580              	.LASF5:
 1581 00dd 6C6F6E67 		.ascii	"long unsigned int\000"
 1581      20756E73 
 1581      69676E65 
 1581      6420696E 
 1581      7400
 1582              	.LASF3:
 1583 00ef 73686F72 		.ascii	"short unsigned int\000"
 1583      7420756E 
 1583      7369676E 
 1583      65642069 
 1583      6E7400
 1584              	.LASF46:
 1585 0102 4932434D 		.ascii	"I2CM_I2CMasterStatus\000"
 1585      5F493243 
 1585      4D617374 
 1585      65725374 
 1585      61747573 
 1586              	.LASF32:
 1587 0117 6932635F 		.ascii	"i2c_init\000"
 1587      696E6974 
 1587      00
 1588              	.LASF24:
 1589 0120 69326354 		.ascii	"i2cTxVal\000"
 1589      7856616C 
 1589      00
 1590              	.LASF44:
 1591 0129 4932434D 		.ascii	"I2CM_Start\000"
 1591      5F537461 
 1591      727400
 1592              	.LASF50:
 1593 0134 4932434D 		.ascii	"I2CM_I2CMasterWriteBuf\000"
 1593      5F493243 
 1593      4D617374 
 1593      65725772 
 1593      69746542 
ARM GAS  C:\Users\JEPPES~1\AppData\Local\Temp\ccWrAQPY.s 			page 32


 1594              	.LASF13:
 1595 014b 646F7562 		.ascii	"double\000"
 1595      6C6500
 1596              	.LASF35:
 1597 0152 6261636B 		.ascii	"backOfQueuePtr\000"
 1597      4F665175 
 1597      65756550 
 1597      747200
 1598              	.LASF42:
 1599 0161 4932434D 		.ascii	"I2CM_I2CSlaveInitWriteBuf\000"
 1599      5F493243 
 1599      536C6176 
 1599      65496E69 
 1599      74577269 
 1600              	.LASF10:
 1601 017b 75696E74 		.ascii	"uint16\000"
 1601      313600
 1602              	.LASF33:
 1603 0182 6932635F 		.ascii	"i2c_slave\000"
 1603      736C6176 
 1603      6500
 1604              	.LASF26:
 1605 018c 6932635F 		.ascii	"i2c_rx\000"
 1605      727800
 1606              	.LASF11:
 1607 0193 75696E74 		.ascii	"uint32\000"
 1607      333200
 1608              	.LASF30:
 1609 019a 69326354 		.ascii	"i2cTxData\000"
 1609      78446174 
 1609      6100
 1610              	.LASF8:
 1611 01a4 756E7369 		.ascii	"unsigned int\000"
 1611      676E6564 
 1611      20696E74 
 1611      00
 1612              	.LASF45:
 1613 01b1 4932434D 		.ascii	"I2CM_I2CSlaveClearWriteStatus\000"
 1613      5F493243 
 1613      536C6176 
 1613      65436C65 
 1613      61725772 
 1614              	.LASF25:
 1615 01cf 6932635F 		.ascii	"i2c_tx\000"
 1615      747800
 1616              	.LASF7:
 1617 01d6 6C6F6E67 		.ascii	"long long unsigned int\000"
 1617      206C6F6E 
 1617      6720756E 
 1617      7369676E 
 1617      65642069 
 1618              	.LASF18:
 1619 01ed 44617461 		.ascii	"Data\000"
 1619      00
 1620              	.LASF34:
 1621 01f2 66726F6E 		.ascii	"frontOfQueuePtr\000"
 1621      744F6651 
ARM GAS  C:\Users\JEPPES~1\AppData\Local\Temp\ccWrAQPY.s 			page 33


 1621      75657565 
 1621      50747200 
 1622              	.LASF22:
 1623 0202 69326354 		.ascii	"i2cTxAddr\000"
 1623      78416464 
 1623      7200
 1624              	.LASF40:
 1625 020c 4932434D 		.ascii	"I2CM_scl_SetDriveMode\000"
 1625      5F73636C 
 1625      5F536574 
 1625      44726976 
 1625      654D6F64 
 1626              	.LASF15:
 1627 0222 73697A65 		.ascii	"sizetype\000"
 1627      74797065 
 1627      00
 1628              	.LASF21:
 1629 022b 6E657874 		.ascii	"next_\000"
 1629      5F00
 1630              	.LASF6:
 1631 0231 6C6F6E67 		.ascii	"long long int\000"
 1631      206C6F6E 
 1631      6720696E 
 1631      7400
 1632              	.LASF28:
 1633 023f 69326352 		.ascii	"i2cRxCmd\000"
 1633      78436D64 
 1633      00
 1634              	.LASF17:
 1635 0248 76616C5F 		.ascii	"val_\000"
 1635      00
 1636              	.LASF16:
 1637 024d 636D645F 		.ascii	"cmd_\000"
 1637      00
 1638              	.LASF56:
 1639 0252 474E5520 		.ascii	"GNU C 4.9.3 20150303 (release) [ARM/embedded-4_9-br"
 1639      4320342E 
 1639      392E3320 
 1639      32303135 
 1639      30333033 
 1640 0285 616E6368 		.ascii	"anch revision 221220] -mcpu=cortex-m0 -mthumb -g -O"
 1640      20726576 
 1640      6973696F 
 1640      6E203232 
 1640      31323230 
 1641 02b8 67202D66 		.ascii	"g -ffunction-sections -ffat-lto-objects\000"
 1641      66756E63 
 1641      74696F6E 
 1641      2D736563 
 1641      74696F6E 
 1642              	.LASF49:
 1643 02e0 4932434D 		.ascii	"I2CM_I2CMasterClearStatus\000"
 1643      5F493243 
 1643      4D617374 
 1643      6572436C 
 1643      65617253 
 1644              	.LASF2:
ARM GAS  C:\Users\JEPPES~1\AppData\Local\Temp\ccWrAQPY.s 			page 34


 1645 02fa 73686F72 		.ascii	"short int\000"
 1645      7420696E 
 1645      7400
 1646              	.LASF29:
 1647 0304 69326352 		.ascii	"i2cRxVal\000"
 1647      7856616C 
 1647      00
 1648              	.LASF9:
 1649 030d 75696E74 		.ascii	"uint8\000"
 1649      3800
 1650              	.LASF39:
 1651 0313 6932635F 		.ascii	"i2c_slaveBuffer\000"
 1651      736C6176 
 1651      65427566 
 1651      66657200 
 1652              	.LASF41:
 1653 0323 4932434D 		.ascii	"I2CM_sda_SetDriveMode\000"
 1653      5F736461 
 1653      5F536574 
 1653      44726976 
 1653      654D6F64 
 1654              	.LASF4:
 1655 0339 6C6F6E67 		.ascii	"long int\000"
 1655      20696E74 
 1655      00
 1656              	.LASF14:
 1657 0342 63686172 		.ascii	"char\000"
 1657      00
 1658              	.LASF52:
 1659 0347 4932434D 		.ascii	"I2CM_I2CMasterGetReadBufSize\000"
 1659      5F493243 
 1659      4D617374 
 1659      65724765 
 1659      74526561 
 1660              	.LASF0:
 1661 0364 7369676E 		.ascii	"signed char\000"
 1661      65642063 
 1661      68617200 
 1662              	.LASF36:
 1663 0370 72785661 		.ascii	"rxValX\000"
 1663      6C5800
 1664              	.LASF37:
 1665 0377 72785661 		.ascii	"rxValY\000"
 1665      6C5900
 1666              	.LASF57:
 1667 037e 2E5C6932 		.ascii	".\\i2c.c\000"
 1667      632E6300 
 1668              	.LASF31:
 1669 0386 69326352 		.ascii	"i2cRxData\000"
 1669      78446174 
 1669      6100
 1670              	.LASF23:
 1671 0390 69326354 		.ascii	"i2cTxCmd\000"
 1671      78436D64 
 1671      00
 1672              		.ident	"GCC: (GNU Tools for ARM Embedded Processors) 4.9.3 20150303 (release) [ARM/embedded-4_9-br
