ARM GAS  C:\Users\JEPPES~1\AppData\Local\Temp\ccqF2YbK.s 			page 1


   1              		.cpu cortex-m0
   2              		.fpu softvfp
   3              		.eabi_attribute 20, 1
   4              		.eabi_attribute 21, 1
   5              		.eabi_attribute 23, 3
   6              		.eabi_attribute 24, 1
   7              		.eabi_attribute 25, 1
   8              		.eabi_attribute 26, 1
   9              		.eabi_attribute 30, 1
  10              		.eabi_attribute 34, 0
  11              		.eabi_attribute 18, 4
  12              		.code	16
  13              		.file	"led.c"
  14              		.text
  15              	.Ltext0:
  16              		.cfi_sections	.debug_frame
  17              		.section	.text.setLed,"ax",%progbits
  18              		.align	2
  19              		.global	setLed
  20              		.code	16
  21              		.thumb_func
  22              		.type	setLed, %function
  23              	setLed:
  24              	.LFB34:
  25              		.file 1 ".\\led.c"
   1:.\led.c       **** /* ========================================
   2:.\led.c       ****  *
   3:.\led.c       ****  * File: led.c
   4:.\led.c       ****  * Description: 
   5:.\led.c       ****  *
   6:.\led.c       ****  * University: AARHUS UNIVERSITY SCHOOL OF ENGINEERING
   7:.\led.c       ****  * Project: F16 - E3PRJ3-02 Semesterprojekt 3 [240501U178]
   8:.\led.c       ****  * Group: 1
   9:.\led.c       ****  * 
  10:.\led.c       ****  * Author: Jeppe Stærk
  11:.\led.c       ****  * Matriculation number: 201271201
  12:.\led.c       ****  *
  13:.\led.c       ****  * Version: 1.0
  14:.\led.c       ****  * Date: 13-05-2016
  15:.\led.c       ****  *
  16:.\led.c       ****  * ========================================
  17:.\led.c       **** */
  18:.\led.c       **** 
  19:.\led.c       **** #include "led.h"
  20:.\led.c       **** 
  21:.\led.c       **** void setLed(uint8 red, uint8 green, uint8 blue, uint8 time) 
  22:.\led.c       **** {
  26              		.loc 1 22 0
  27              		.cfi_startproc
  28              	.LVL0:
  29 0000 70B5     		push	{r4, r5, r6, lr}
  30              		.cfi_def_cfa_offset 16
  31              		.cfi_offset 4, -16
  32              		.cfi_offset 5, -12
  33              		.cfi_offset 6, -8
  34              		.cfi_offset 14, -4
  35 0002 0E1C     		mov	r6, r1
ARM GAS  C:\Users\JEPPES~1\AppData\Local\Temp\ccqF2YbK.s 			page 2


  36 0004 151C     		mov	r5, r2
  37 0006 1C1C     		mov	r4, r3
  23:.\led.c       ****     red ? LED_RED_Write(LED_ON) : LED_RED_Write(LED_OFF);
  38              		.loc 1 23 0
  39 0008 0028     		cmp	r0, #0
  40 000a 03D0     		beq	.L2
  41              		.loc 1 23 0 is_stmt 0 discriminator 1
  42 000c 0020     		mov	r0, #0
  43              	.LVL1:
  44 000e FFF7FEFF 		bl	LED_RED_Write
  45              	.LVL2:
  46 0012 02E0     		b	.L3
  47              	.LVL3:
  48              	.L2:
  49              		.loc 1 23 0 discriminator 2
  50 0014 0120     		mov	r0, #1
  51              	.LVL4:
  52 0016 FFF7FEFF 		bl	LED_RED_Write
  53              	.LVL5:
  54              	.L3:
  24:.\led.c       ****     green ? LED_GREEN_Write(LED_ON) : LED_GREEN_Write(LED_OFF);
  55              		.loc 1 24 0 is_stmt 1
  56 001a 002E     		cmp	r6, #0
  57 001c 03D0     		beq	.L4
  58              		.loc 1 24 0 is_stmt 0 discriminator 1
  59 001e 0020     		mov	r0, #0
  60 0020 FFF7FEFF 		bl	LED_GREEN_Write
  61              	.LVL6:
  62 0024 02E0     		b	.L5
  63              	.L4:
  64              		.loc 1 24 0 discriminator 2
  65 0026 0120     		mov	r0, #1
  66 0028 FFF7FEFF 		bl	LED_GREEN_Write
  67              	.LVL7:
  68              	.L5:
  25:.\led.c       ****     blue ? LED_BLUE_Write(LED_ON) : LED_BLUE_Write(LED_OFF);
  69              		.loc 1 25 0 is_stmt 1
  70 002c 002D     		cmp	r5, #0
  71 002e 03D0     		beq	.L6
  72              		.loc 1 25 0 is_stmt 0 discriminator 1
  73 0030 0020     		mov	r0, #0
  74 0032 FFF7FEFF 		bl	LED_BLUE_Write
  75              	.LVL8:
  76 0036 02E0     		b	.L7
  77              	.L6:
  78              		.loc 1 25 0 discriminator 2
  79 0038 0120     		mov	r0, #1
  80 003a FFF7FEFF 		bl	LED_BLUE_Write
  81              	.LVL9:
  82              	.L7:
  26:.\led.c       ****     
  27:.\led.c       ****     CyDelay(time);
  83              		.loc 1 27 0 is_stmt 1
  84 003e 201C     		mov	r0, r4
  85 0040 FFF7FEFF 		bl	CyDelay
  86              	.LVL10:
  28:.\led.c       **** }
ARM GAS  C:\Users\JEPPES~1\AppData\Local\Temp\ccqF2YbK.s 			page 3


  87              		.loc 1 28 0
  88              		@ sp needed
  89 0044 70BD     		pop	{r4, r5, r6, pc}
  90              		.cfi_endproc
  91              	.LFE34:
  92              		.size	setLed, .-setLed
  93 0046 C046     		.section	.text.queueLed,"ax",%progbits
  94              		.align	2
  95              		.global	queueLed
  96              		.code	16
  97              		.thumb_func
  98              		.type	queueLed, %function
  99              	queueLed:
 100              	.LFB35:
  29:.\led.c       **** 
  30:.\led.c       **** void queueLed(uint8 red, uint8 green, uint8 blue, uint8 time) 
  31:.\led.c       **** {
 101              		.loc 1 31 0
 102              		.cfi_startproc
 103              	.LVL11:
 104 0000 00B5     		push	{lr}
 105              		.cfi_def_cfa_offset 4
 106              		.cfi_offset 14, -4
 107 0002 83B0     		sub	sp, sp, #12
 108              		.cfi_def_cfa_offset 16
  32:.\led.c       ****     struct Data ledAction;
  33:.\led.c       ****     
  34:.\led.c       ****     if(red)
 109              		.loc 1 34 0
 110 0004 0028     		cmp	r0, #0
 111 0006 03D0     		beq	.L9
  35:.\led.c       ****     {
  36:.\led.c       ****         ledAction.cmd_ = setMasterLedRed;
 112              		.loc 1 36 0
 113 0008 7122     		mov	r2, #113
 114              	.LVL12:
 115 000a 0092     		str	r2, [sp]
  37:.\led.c       ****         ledAction.val_ = time;
 116              		.loc 1 37 0
 117 000c 0193     		str	r3, [sp, #4]
 118 000e 0EE0     		b	.L10
 119              	.LVL13:
 120              	.L9:
  38:.\led.c       ****     }
  39:.\led.c       ****     else if(green)
 121              		.loc 1 39 0
 122 0010 0029     		cmp	r1, #0
 123 0012 03D0     		beq	.L11
  40:.\led.c       ****     {
  41:.\led.c       ****         ledAction.cmd_ = setMasterLedGreen;
 124              		.loc 1 41 0
 125 0014 7222     		mov	r2, #114
 126              	.LVL14:
 127 0016 0092     		str	r2, [sp]
  42:.\led.c       ****         ledAction.val_ = time;
 128              		.loc 1 42 0
 129 0018 0193     		str	r3, [sp, #4]
ARM GAS  C:\Users\JEPPES~1\AppData\Local\Temp\ccqF2YbK.s 			page 4


 130 001a 08E0     		b	.L10
 131              	.LVL15:
 132              	.L11:
  43:.\led.c       ****     }
  44:.\led.c       ****     else if(blue)
 133              		.loc 1 44 0
 134 001c 002A     		cmp	r2, #0
 135 001e 03D0     		beq	.L12
  45:.\led.c       ****     {
  46:.\led.c       ****         ledAction.cmd_ = setMasterLedBlue;
 136              		.loc 1 46 0
 137 0020 7322     		mov	r2, #115
 138              	.LVL16:
 139 0022 0092     		str	r2, [sp]
  47:.\led.c       ****         ledAction.val_ = time;
 140              		.loc 1 47 0
 141 0024 0193     		str	r3, [sp, #4]
 142 0026 02E0     		b	.L10
 143              	.LVL17:
 144              	.L12:
  48:.\led.c       ****     }
  49:.\led.c       ****     else
  50:.\led.c       ****     {
  51:.\led.c       ****         ledAction.cmd_ = setMasterLedOff;
 145              		.loc 1 51 0
 146 0028 7022     		mov	r2, #112
 147              	.LVL18:
 148 002a 0092     		str	r2, [sp]
  52:.\led.c       ****         ledAction.val_ = time;
 149              		.loc 1 52 0
 150 002c 0193     		str	r3, [sp, #4]
 151              	.L10:
  53:.\led.c       ****     }
  54:.\led.c       ****     
  55:.\led.c       ****     pushQueue(ledAction);
 152              		.loc 1 55 0
 153 002e 0098     		ldr	r0, [sp]
 154              	.LVL19:
 155 0030 0199     		ldr	r1, [sp, #4]
 156              	.LVL20:
 157 0032 FFF7FEFF 		bl	pushQueue
 158              	.LVL21:
  56:.\led.c       **** }
 159              		.loc 1 56 0
 160 0036 03B0     		add	sp, sp, #12
 161              		@ sp needed
 162 0038 00BD     		pop	{pc}
 163              		.cfi_endproc
 164              	.LFE35:
 165              		.size	queueLed, .-queueLed
 166              		.comm	zMax,1,1
 167              		.comm	zPos,1,1
 168              		.comm	yMax,1,1
 169              		.comm	yPos,1,1
 170              		.comm	xMax,1,1
 171              		.comm	xPos,1,1
 172              		.comm	backOfQueuePtr,4,4
ARM GAS  C:\Users\JEPPES~1\AppData\Local\Temp\ccqF2YbK.s 			page 5


 173              		.comm	frontOfQueuePtr,4,4
 174 003a C046     		.text
 175              	.Letext0:
 176              		.file 2 "Generated_Source\\PSoC4/cytypes.h"
 177              		.file 3 ".\\queue.h"
 178              		.file 4 ".\\handler.h"
 179              		.file 5 "Generated_Source\\PSoC4/LED_RED.h"
 180              		.file 6 "Generated_Source\\PSoC4/LED_GREEN.h"
 181              		.file 7 "Generated_Source\\PSoC4/LED_BLUE.h"
 182              		.file 8 "Generated_Source\\PSoC4/CyLib.h"
 183              		.section	.debug_info,"",%progbits
 184              	.Ldebug_info0:
 185 0000 0B030000 		.4byte	0x30b
 186 0004 0400     		.2byte	0x4
 187 0006 00000000 		.4byte	.Ldebug_abbrev0
 188 000a 04       		.byte	0x4
 189 000b 01       		.uleb128 0x1
 190 000c 76010000 		.4byte	.LASF39
 191 0010 01       		.byte	0x1
 192 0011 21020000 		.4byte	.LASF40
 193 0015 FA000000 		.4byte	.LASF41
 194 0019 00000000 		.4byte	.Ldebug_ranges0+0
 195 001d 00000000 		.4byte	0
 196 0021 00000000 		.4byte	.Ldebug_line0
 197 0025 02       		.uleb128 0x2
 198 0026 01       		.byte	0x1
 199 0027 06       		.byte	0x6
 200 0028 63000000 		.4byte	.LASF0
 201 002c 02       		.uleb128 0x2
 202 002d 01       		.byte	0x1
 203 002e 08       		.byte	0x8
 204 002f 6F000000 		.4byte	.LASF1
 205 0033 02       		.uleb128 0x2
 206 0034 02       		.byte	0x2
 207 0035 05       		.byte	0x5
 208 0036 C3000000 		.4byte	.LASF2
 209 003a 02       		.uleb128 0x2
 210 003b 02       		.byte	0x2
 211 003c 07       		.byte	0x7
 212 003d 8F000000 		.4byte	.LASF3
 213 0041 02       		.uleb128 0x2
 214 0042 04       		.byte	0x4
 215 0043 05       		.byte	0x5
 216 0044 18020000 		.4byte	.LASF4
 217 0048 02       		.uleb128 0x2
 218 0049 04       		.byte	0x4
 219 004a 07       		.byte	0x7
 220 004b 7D000000 		.4byte	.LASF5
 221 004f 02       		.uleb128 0x2
 222 0050 08       		.byte	0x8
 223 0051 05       		.byte	0x5
 224 0052 5E010000 		.4byte	.LASF6
 225 0056 02       		.uleb128 0x2
 226 0057 08       		.byte	0x8
 227 0058 07       		.byte	0x7
 228 0059 23010000 		.4byte	.LASF7
 229 005d 03       		.uleb128 0x3
ARM GAS  C:\Users\JEPPES~1\AppData\Local\Temp\ccqF2YbK.s 			page 6


 230 005e 04       		.byte	0x4
 231 005f 05       		.byte	0x5
 232 0060 696E7400 		.ascii	"int\000"
 233 0064 02       		.uleb128 0x2
 234 0065 04       		.byte	0x4
 235 0066 07       		.byte	0x7
 236 0067 ED000000 		.4byte	.LASF8
 237 006b 04       		.uleb128 0x4
 238 006c 0D020000 		.4byte	.LASF9
 239 0070 02       		.byte	0x2
 240 0071 3801     		.2byte	0x138
 241 0073 2C000000 		.4byte	0x2c
 242 0077 04       		.uleb128 0x4
 243 0078 DC000000 		.4byte	.LASF10
 244 007c 02       		.byte	0x2
 245 007d 3A01     		.2byte	0x13a
 246 007f 48000000 		.4byte	0x48
 247 0083 02       		.uleb128 0x2
 248 0084 04       		.byte	0x4
 249 0085 04       		.byte	0x4
 250 0086 5D000000 		.4byte	.LASF11
 251 008a 02       		.uleb128 0x2
 252 008b 08       		.byte	0x8
 253 008c 04       		.byte	0x4
 254 008d AD000000 		.4byte	.LASF12
 255 0091 02       		.uleb128 0x2
 256 0092 01       		.byte	0x1
 257 0093 08       		.byte	0x8
 258 0094 0A000000 		.4byte	.LASF13
 259 0098 02       		.uleb128 0x2
 260 0099 04       		.byte	0x4
 261 009a 07       		.byte	0x7
 262 009b 4F010000 		.4byte	.LASF14
 263 009f 05       		.uleb128 0x5
 264 00a0 14000000 		.4byte	.LASF17
 265 00a4 08       		.byte	0x8
 266 00a5 03       		.byte	0x3
 267 00a6 1A       		.byte	0x1a
 268 00a7 C4000000 		.4byte	0xc4
 269 00ab 06       		.uleb128 0x6
 270 00ac 71010000 		.4byte	.LASF15
 271 00b0 03       		.byte	0x3
 272 00b1 1C       		.byte	0x1c
 273 00b2 5D000000 		.4byte	0x5d
 274 00b6 00       		.byte	0
 275 00b7 06       		.uleb128 0x6
 276 00b8 6C010000 		.4byte	.LASF16
 277 00bc 03       		.byte	0x3
 278 00bd 1D       		.byte	0x1d
 279 00be 5D000000 		.4byte	0x5d
 280 00c2 04       		.byte	0x4
 281 00c3 00       		.byte	0
 282 00c4 05       		.uleb128 0x5
 283 00c5 0F000000 		.4byte	.LASF18
 284 00c9 0C       		.byte	0xc
 285 00ca 03       		.byte	0x3
 286 00cb 20       		.byte	0x20
ARM GAS  C:\Users\JEPPES~1\AppData\Local\Temp\ccqF2YbK.s 			page 7


 287 00cc E9000000 		.4byte	0xe9
 288 00d0 06       		.uleb128 0x6
 289 00d1 2C000000 		.4byte	.LASF19
 290 00d5 03       		.byte	0x3
 291 00d6 22       		.byte	0x22
 292 00d7 9F000000 		.4byte	0x9f
 293 00db 00       		.byte	0
 294 00dc 06       		.uleb128 0x6
 295 00dd 58010000 		.4byte	.LASF20
 296 00e1 03       		.byte	0x3
 297 00e2 23       		.byte	0x23
 298 00e3 E9000000 		.4byte	0xe9
 299 00e7 08       		.byte	0x8
 300 00e8 00       		.byte	0
 301 00e9 07       		.uleb128 0x7
 302 00ea 04       		.byte	0x4
 303 00eb C4000000 		.4byte	0xc4
 304 00ef 08       		.uleb128 0x8
 305 00f0 32000000 		.4byte	.LASF24
 306 00f4 01       		.byte	0x1
 307 00f5 15       		.byte	0x15
 308 00f6 00000000 		.4byte	.LFB34
 309 00fa 46000000 		.4byte	.LFE34-.LFB34
 310 00fe 01       		.uleb128 0x1
 311 00ff 9C       		.byte	0x9c
 312 0100 C3010000 		.4byte	0x1c3
 313 0104 09       		.uleb128 0x9
 314 0105 72656400 		.ascii	"red\000"
 315 0109 01       		.byte	0x1
 316 010a 15       		.byte	0x15
 317 010b 6B000000 		.4byte	0x6b
 318 010f 00000000 		.4byte	.LLST0
 319 0113 0A       		.uleb128 0xa
 320 0114 A2000000 		.4byte	.LASF21
 321 0118 01       		.byte	0x1
 322 0119 15       		.byte	0x15
 323 011a 6B000000 		.4byte	0x6b
 324 011e 3A000000 		.4byte	.LLST1
 325 0122 0A       		.uleb128 0xa
 326 0123 53000000 		.4byte	.LASF22
 327 0127 01       		.byte	0x1
 328 0128 15       		.byte	0x15
 329 0129 6B000000 		.4byte	0x6b
 330 012d 74000000 		.4byte	.LLST2
 331 0131 0A       		.uleb128 0xa
 332 0132 4A010000 		.4byte	.LASF23
 333 0136 01       		.byte	0x1
 334 0137 15       		.byte	0x15
 335 0138 6B000000 		.4byte	0x6b
 336 013c AE000000 		.4byte	.LLST3
 337 0140 0B       		.uleb128 0xb
 338 0141 12000000 		.4byte	.LVL2
 339 0145 B4020000 		.4byte	0x2b4
 340 0149 53010000 		.4byte	0x153
 341 014d 0C       		.uleb128 0xc
 342 014e 01       		.uleb128 0x1
 343 014f 50       		.byte	0x50
ARM GAS  C:\Users\JEPPES~1\AppData\Local\Temp\ccqF2YbK.s 			page 8


 344 0150 01       		.uleb128 0x1
 345 0151 30       		.byte	0x30
 346 0152 00       		.byte	0
 347 0153 0B       		.uleb128 0xb
 348 0154 1A000000 		.4byte	.LVL5
 349 0158 B4020000 		.4byte	0x2b4
 350 015c 66010000 		.4byte	0x166
 351 0160 0C       		.uleb128 0xc
 352 0161 01       		.uleb128 0x1
 353 0162 50       		.byte	0x50
 354 0163 01       		.uleb128 0x1
 355 0164 31       		.byte	0x31
 356 0165 00       		.byte	0
 357 0166 0B       		.uleb128 0xb
 358 0167 24000000 		.4byte	.LVL6
 359 016b C5020000 		.4byte	0x2c5
 360 016f 79010000 		.4byte	0x179
 361 0173 0C       		.uleb128 0xc
 362 0174 01       		.uleb128 0x1
 363 0175 50       		.byte	0x50
 364 0176 01       		.uleb128 0x1
 365 0177 30       		.byte	0x30
 366 0178 00       		.byte	0
 367 0179 0B       		.uleb128 0xb
 368 017a 2C000000 		.4byte	.LVL7
 369 017e C5020000 		.4byte	0x2c5
 370 0182 8C010000 		.4byte	0x18c
 371 0186 0C       		.uleb128 0xc
 372 0187 01       		.uleb128 0x1
 373 0188 50       		.byte	0x50
 374 0189 01       		.uleb128 0x1
 375 018a 31       		.byte	0x31
 376 018b 00       		.byte	0
 377 018c 0B       		.uleb128 0xb
 378 018d 36000000 		.4byte	.LVL8
 379 0191 D6020000 		.4byte	0x2d6
 380 0195 9F010000 		.4byte	0x19f
 381 0199 0C       		.uleb128 0xc
 382 019a 01       		.uleb128 0x1
 383 019b 50       		.byte	0x50
 384 019c 01       		.uleb128 0x1
 385 019d 30       		.byte	0x30
 386 019e 00       		.byte	0
 387 019f 0B       		.uleb128 0xb
 388 01a0 3E000000 		.4byte	.LVL9
 389 01a4 D6020000 		.4byte	0x2d6
 390 01a8 B2010000 		.4byte	0x1b2
 391 01ac 0C       		.uleb128 0xc
 392 01ad 01       		.uleb128 0x1
 393 01ae 50       		.byte	0x50
 394 01af 01       		.uleb128 0x1
 395 01b0 31       		.byte	0x31
 396 01b1 00       		.byte	0
 397 01b2 0D       		.uleb128 0xd
 398 01b3 44000000 		.4byte	.LVL10
 399 01b7 E7020000 		.4byte	0x2e7
 400 01bb 0C       		.uleb128 0xc
ARM GAS  C:\Users\JEPPES~1\AppData\Local\Temp\ccqF2YbK.s 			page 9


 401 01bc 01       		.uleb128 0x1
 402 01bd 50       		.byte	0x50
 403 01be 02       		.uleb128 0x2
 404 01bf 74       		.byte	0x74
 405 01c0 00       		.sleb128 0
 406 01c1 00       		.byte	0
 407 01c2 00       		.byte	0
 408 01c3 08       		.uleb128 0x8
 409 01c4 04020000 		.4byte	.LASF25
 410 01c8 01       		.byte	0x1
 411 01c9 1E       		.byte	0x1e
 412 01ca 00000000 		.4byte	.LFB35
 413 01ce 3A000000 		.4byte	.LFE35-.LFB35
 414 01d2 01       		.uleb128 0x1
 415 01d3 9C       		.byte	0x9c
 416 01d4 2C020000 		.4byte	0x22c
 417 01d8 09       		.uleb128 0x9
 418 01d9 72656400 		.ascii	"red\000"
 419 01dd 01       		.byte	0x1
 420 01de 1E       		.byte	0x1e
 421 01df 6B000000 		.4byte	0x6b
 422 01e3 E8000000 		.4byte	.LLST4
 423 01e7 0A       		.uleb128 0xa
 424 01e8 A2000000 		.4byte	.LASF21
 425 01ec 01       		.byte	0x1
 426 01ed 1E       		.byte	0x1e
 427 01ee 6B000000 		.4byte	0x6b
 428 01f2 09010000 		.4byte	.LLST5
 429 01f6 0A       		.uleb128 0xa
 430 01f7 53000000 		.4byte	.LASF22
 431 01fb 01       		.byte	0x1
 432 01fc 1E       		.byte	0x1e
 433 01fd 6B000000 		.4byte	0x6b
 434 0201 2A010000 		.4byte	.LLST6
 435 0205 0A       		.uleb128 0xa
 436 0206 4A010000 		.4byte	.LASF23
 437 020a 01       		.byte	0x1
 438 020b 1E       		.byte	0x1e
 439 020c 6B000000 		.4byte	0x6b
 440 0210 96010000 		.4byte	.LLST7
 441 0214 0E       		.uleb128 0xe
 442 0215 E3000000 		.4byte	.LASF42
 443 0219 01       		.byte	0x1
 444 021a 20       		.byte	0x20
 445 021b 9F000000 		.4byte	0x9f
 446 021f 02       		.uleb128 0x2
 447 0220 91       		.byte	0x91
 448 0221 70       		.sleb128 -16
 449 0222 0F       		.uleb128 0xf
 450 0223 36000000 		.4byte	.LVL21
 451 0227 F8020000 		.4byte	0x2f8
 452 022b 00       		.byte	0
 453 022c 10       		.uleb128 0x10
 454 022d 3A010000 		.4byte	.LASF26
 455 0231 03       		.byte	0x3
 456 0232 26       		.byte	0x26
 457 0233 E9000000 		.4byte	0xe9
ARM GAS  C:\Users\JEPPES~1\AppData\Local\Temp\ccqF2YbK.s 			page 10


 458 0237 05       		.uleb128 0x5
 459 0238 03       		.byte	0x3
 460 0239 00000000 		.4byte	frontOfQueuePtr
 461 023d 10       		.uleb128 0x10
 462 023e B4000000 		.4byte	.LASF27
 463 0242 03       		.byte	0x3
 464 0243 27       		.byte	0x27
 465 0244 E9000000 		.4byte	0xe9
 466 0248 05       		.uleb128 0x5
 467 0249 03       		.byte	0x3
 468 024a 00000000 		.4byte	backOfQueuePtr
 469 024e 10       		.uleb128 0x10
 470 024f 05000000 		.4byte	.LASF28
 471 0253 04       		.byte	0x4
 472 0254 1B       		.byte	0x1b
 473 0255 6B000000 		.4byte	0x6b
 474 0259 05       		.uleb128 0x5
 475 025a 03       		.byte	0x3
 476 025b 00000000 		.4byte	xPos
 477 025f 10       		.uleb128 0x10
 478 0260 00000000 		.4byte	.LASF29
 479 0264 04       		.byte	0x4
 480 0265 1C       		.byte	0x1c
 481 0266 6B000000 		.4byte	0x6b
 482 026a 05       		.uleb128 0x5
 483 026b 03       		.byte	0x3
 484 026c 00000000 		.4byte	xMax
 485 0270 10       		.uleb128 0x10
 486 0271 58000000 		.4byte	.LASF30
 487 0275 04       		.byte	0x4
 488 0276 1D       		.byte	0x1d
 489 0277 6B000000 		.4byte	0x6b
 490 027b 05       		.uleb128 0x5
 491 027c 03       		.byte	0x3
 492 027d 00000000 		.4byte	yPos
 493 0281 10       		.uleb128 0x10
 494 0282 13020000 		.4byte	.LASF31
 495 0286 04       		.byte	0x4
 496 0287 1E       		.byte	0x1e
 497 0288 6B000000 		.4byte	0x6b
 498 028c 05       		.uleb128 0x5
 499 028d 03       		.byte	0x3
 500 028e 00000000 		.4byte	yMax
 501 0292 10       		.uleb128 0x10
 502 0293 A8000000 		.4byte	.LASF32
 503 0297 04       		.byte	0x4
 504 0298 1F       		.byte	0x1f
 505 0299 6B000000 		.4byte	0x6b
 506 029d 05       		.uleb128 0x5
 507 029e 03       		.byte	0x3
 508 029f 00000000 		.4byte	zPos
 509 02a3 10       		.uleb128 0x10
 510 02a4 19000000 		.4byte	.LASF33
 511 02a8 04       		.byte	0x4
 512 02a9 20       		.byte	0x20
 513 02aa 6B000000 		.4byte	0x6b
 514 02ae 05       		.uleb128 0x5
ARM GAS  C:\Users\JEPPES~1\AppData\Local\Temp\ccqF2YbK.s 			page 11


 515 02af 03       		.byte	0x3
 516 02b0 00000000 		.4byte	zMax
 517 02b4 11       		.uleb128 0x11
 518 02b5 1E000000 		.4byte	.LASF34
 519 02b9 05       		.byte	0x5
 520 02ba 33       		.byte	0x33
 521 02bb C5020000 		.4byte	0x2c5
 522 02bf 12       		.uleb128 0x12
 523 02c0 6B000000 		.4byte	0x6b
 524 02c4 00       		.byte	0
 525 02c5 11       		.uleb128 0x11
 526 02c6 39000000 		.4byte	.LASF35
 527 02ca 06       		.byte	0x6
 528 02cb 33       		.byte	0x33
 529 02cc D6020000 		.4byte	0x2d6
 530 02d0 12       		.uleb128 0x12
 531 02d1 6B000000 		.4byte	0x6b
 532 02d5 00       		.byte	0
 533 02d6 11       		.uleb128 0x11
 534 02d7 CD000000 		.4byte	.LASF36
 535 02db 07       		.byte	0x7
 536 02dc 33       		.byte	0x33
 537 02dd E7020000 		.4byte	0x2e7
 538 02e1 12       		.uleb128 0x12
 539 02e2 6B000000 		.4byte	0x6b
 540 02e6 00       		.byte	0
 541 02e7 11       		.uleb128 0x11
 542 02e8 29020000 		.4byte	.LASF37
 543 02ec 08       		.byte	0x8
 544 02ed 5A       		.byte	0x5a
 545 02ee F8020000 		.4byte	0x2f8
 546 02f2 12       		.uleb128 0x12
 547 02f3 77000000 		.4byte	0x77
 548 02f7 00       		.byte	0
 549 02f8 11       		.uleb128 0x11
 550 02f9 49000000 		.4byte	.LASF38
 551 02fd 03       		.byte	0x3
 552 02fe 2A       		.byte	0x2a
 553 02ff 09030000 		.4byte	0x309
 554 0303 12       		.uleb128 0x12
 555 0304 09030000 		.4byte	0x309
 556 0308 00       		.byte	0
 557 0309 13       		.uleb128 0x13
 558 030a 9F000000 		.4byte	0x9f
 559 030e 00       		.byte	0
 560              		.section	.debug_abbrev,"",%progbits
 561              	.Ldebug_abbrev0:
 562 0000 01       		.uleb128 0x1
 563 0001 11       		.uleb128 0x11
 564 0002 01       		.byte	0x1
 565 0003 25       		.uleb128 0x25
 566 0004 0E       		.uleb128 0xe
 567 0005 13       		.uleb128 0x13
 568 0006 0B       		.uleb128 0xb
 569 0007 03       		.uleb128 0x3
 570 0008 0E       		.uleb128 0xe
 571 0009 1B       		.uleb128 0x1b
ARM GAS  C:\Users\JEPPES~1\AppData\Local\Temp\ccqF2YbK.s 			page 12


 572 000a 0E       		.uleb128 0xe
 573 000b 55       		.uleb128 0x55
 574 000c 17       		.uleb128 0x17
 575 000d 11       		.uleb128 0x11
 576 000e 01       		.uleb128 0x1
 577 000f 10       		.uleb128 0x10
 578 0010 17       		.uleb128 0x17
 579 0011 00       		.byte	0
 580 0012 00       		.byte	0
 581 0013 02       		.uleb128 0x2
 582 0014 24       		.uleb128 0x24
 583 0015 00       		.byte	0
 584 0016 0B       		.uleb128 0xb
 585 0017 0B       		.uleb128 0xb
 586 0018 3E       		.uleb128 0x3e
 587 0019 0B       		.uleb128 0xb
 588 001a 03       		.uleb128 0x3
 589 001b 0E       		.uleb128 0xe
 590 001c 00       		.byte	0
 591 001d 00       		.byte	0
 592 001e 03       		.uleb128 0x3
 593 001f 24       		.uleb128 0x24
 594 0020 00       		.byte	0
 595 0021 0B       		.uleb128 0xb
 596 0022 0B       		.uleb128 0xb
 597 0023 3E       		.uleb128 0x3e
 598 0024 0B       		.uleb128 0xb
 599 0025 03       		.uleb128 0x3
 600 0026 08       		.uleb128 0x8
 601 0027 00       		.byte	0
 602 0028 00       		.byte	0
 603 0029 04       		.uleb128 0x4
 604 002a 16       		.uleb128 0x16
 605 002b 00       		.byte	0
 606 002c 03       		.uleb128 0x3
 607 002d 0E       		.uleb128 0xe
 608 002e 3A       		.uleb128 0x3a
 609 002f 0B       		.uleb128 0xb
 610 0030 3B       		.uleb128 0x3b
 611 0031 05       		.uleb128 0x5
 612 0032 49       		.uleb128 0x49
 613 0033 13       		.uleb128 0x13
 614 0034 00       		.byte	0
 615 0035 00       		.byte	0
 616 0036 05       		.uleb128 0x5
 617 0037 13       		.uleb128 0x13
 618 0038 01       		.byte	0x1
 619 0039 03       		.uleb128 0x3
 620 003a 0E       		.uleb128 0xe
 621 003b 0B       		.uleb128 0xb
 622 003c 0B       		.uleb128 0xb
 623 003d 3A       		.uleb128 0x3a
 624 003e 0B       		.uleb128 0xb
 625 003f 3B       		.uleb128 0x3b
 626 0040 0B       		.uleb128 0xb
 627 0041 01       		.uleb128 0x1
 628 0042 13       		.uleb128 0x13
ARM GAS  C:\Users\JEPPES~1\AppData\Local\Temp\ccqF2YbK.s 			page 13


 629 0043 00       		.byte	0
 630 0044 00       		.byte	0
 631 0045 06       		.uleb128 0x6
 632 0046 0D       		.uleb128 0xd
 633 0047 00       		.byte	0
 634 0048 03       		.uleb128 0x3
 635 0049 0E       		.uleb128 0xe
 636 004a 3A       		.uleb128 0x3a
 637 004b 0B       		.uleb128 0xb
 638 004c 3B       		.uleb128 0x3b
 639 004d 0B       		.uleb128 0xb
 640 004e 49       		.uleb128 0x49
 641 004f 13       		.uleb128 0x13
 642 0050 38       		.uleb128 0x38
 643 0051 0B       		.uleb128 0xb
 644 0052 00       		.byte	0
 645 0053 00       		.byte	0
 646 0054 07       		.uleb128 0x7
 647 0055 0F       		.uleb128 0xf
 648 0056 00       		.byte	0
 649 0057 0B       		.uleb128 0xb
 650 0058 0B       		.uleb128 0xb
 651 0059 49       		.uleb128 0x49
 652 005a 13       		.uleb128 0x13
 653 005b 00       		.byte	0
 654 005c 00       		.byte	0
 655 005d 08       		.uleb128 0x8
 656 005e 2E       		.uleb128 0x2e
 657 005f 01       		.byte	0x1
 658 0060 3F       		.uleb128 0x3f
 659 0061 19       		.uleb128 0x19
 660 0062 03       		.uleb128 0x3
 661 0063 0E       		.uleb128 0xe
 662 0064 3A       		.uleb128 0x3a
 663 0065 0B       		.uleb128 0xb
 664 0066 3B       		.uleb128 0x3b
 665 0067 0B       		.uleb128 0xb
 666 0068 27       		.uleb128 0x27
 667 0069 19       		.uleb128 0x19
 668 006a 11       		.uleb128 0x11
 669 006b 01       		.uleb128 0x1
 670 006c 12       		.uleb128 0x12
 671 006d 06       		.uleb128 0x6
 672 006e 40       		.uleb128 0x40
 673 006f 18       		.uleb128 0x18
 674 0070 9742     		.uleb128 0x2117
 675 0072 19       		.uleb128 0x19
 676 0073 01       		.uleb128 0x1
 677 0074 13       		.uleb128 0x13
 678 0075 00       		.byte	0
 679 0076 00       		.byte	0
 680 0077 09       		.uleb128 0x9
 681 0078 05       		.uleb128 0x5
 682 0079 00       		.byte	0
 683 007a 03       		.uleb128 0x3
 684 007b 08       		.uleb128 0x8
 685 007c 3A       		.uleb128 0x3a
ARM GAS  C:\Users\JEPPES~1\AppData\Local\Temp\ccqF2YbK.s 			page 14


 686 007d 0B       		.uleb128 0xb
 687 007e 3B       		.uleb128 0x3b
 688 007f 0B       		.uleb128 0xb
 689 0080 49       		.uleb128 0x49
 690 0081 13       		.uleb128 0x13
 691 0082 02       		.uleb128 0x2
 692 0083 17       		.uleb128 0x17
 693 0084 00       		.byte	0
 694 0085 00       		.byte	0
 695 0086 0A       		.uleb128 0xa
 696 0087 05       		.uleb128 0x5
 697 0088 00       		.byte	0
 698 0089 03       		.uleb128 0x3
 699 008a 0E       		.uleb128 0xe
 700 008b 3A       		.uleb128 0x3a
 701 008c 0B       		.uleb128 0xb
 702 008d 3B       		.uleb128 0x3b
 703 008e 0B       		.uleb128 0xb
 704 008f 49       		.uleb128 0x49
 705 0090 13       		.uleb128 0x13
 706 0091 02       		.uleb128 0x2
 707 0092 17       		.uleb128 0x17
 708 0093 00       		.byte	0
 709 0094 00       		.byte	0
 710 0095 0B       		.uleb128 0xb
 711 0096 898201   		.uleb128 0x4109
 712 0099 01       		.byte	0x1
 713 009a 11       		.uleb128 0x11
 714 009b 01       		.uleb128 0x1
 715 009c 31       		.uleb128 0x31
 716 009d 13       		.uleb128 0x13
 717 009e 01       		.uleb128 0x1
 718 009f 13       		.uleb128 0x13
 719 00a0 00       		.byte	0
 720 00a1 00       		.byte	0
 721 00a2 0C       		.uleb128 0xc
 722 00a3 8A8201   		.uleb128 0x410a
 723 00a6 00       		.byte	0
 724 00a7 02       		.uleb128 0x2
 725 00a8 18       		.uleb128 0x18
 726 00a9 9142     		.uleb128 0x2111
 727 00ab 18       		.uleb128 0x18
 728 00ac 00       		.byte	0
 729 00ad 00       		.byte	0
 730 00ae 0D       		.uleb128 0xd
 731 00af 898201   		.uleb128 0x4109
 732 00b2 01       		.byte	0x1
 733 00b3 11       		.uleb128 0x11
 734 00b4 01       		.uleb128 0x1
 735 00b5 31       		.uleb128 0x31
 736 00b6 13       		.uleb128 0x13
 737 00b7 00       		.byte	0
 738 00b8 00       		.byte	0
 739 00b9 0E       		.uleb128 0xe
 740 00ba 34       		.uleb128 0x34
 741 00bb 00       		.byte	0
 742 00bc 03       		.uleb128 0x3
ARM GAS  C:\Users\JEPPES~1\AppData\Local\Temp\ccqF2YbK.s 			page 15


 743 00bd 0E       		.uleb128 0xe
 744 00be 3A       		.uleb128 0x3a
 745 00bf 0B       		.uleb128 0xb
 746 00c0 3B       		.uleb128 0x3b
 747 00c1 0B       		.uleb128 0xb
 748 00c2 49       		.uleb128 0x49
 749 00c3 13       		.uleb128 0x13
 750 00c4 02       		.uleb128 0x2
 751 00c5 18       		.uleb128 0x18
 752 00c6 00       		.byte	0
 753 00c7 00       		.byte	0
 754 00c8 0F       		.uleb128 0xf
 755 00c9 898201   		.uleb128 0x4109
 756 00cc 00       		.byte	0
 757 00cd 11       		.uleb128 0x11
 758 00ce 01       		.uleb128 0x1
 759 00cf 31       		.uleb128 0x31
 760 00d0 13       		.uleb128 0x13
 761 00d1 00       		.byte	0
 762 00d2 00       		.byte	0
 763 00d3 10       		.uleb128 0x10
 764 00d4 34       		.uleb128 0x34
 765 00d5 00       		.byte	0
 766 00d6 03       		.uleb128 0x3
 767 00d7 0E       		.uleb128 0xe
 768 00d8 3A       		.uleb128 0x3a
 769 00d9 0B       		.uleb128 0xb
 770 00da 3B       		.uleb128 0x3b
 771 00db 0B       		.uleb128 0xb
 772 00dc 49       		.uleb128 0x49
 773 00dd 13       		.uleb128 0x13
 774 00de 3F       		.uleb128 0x3f
 775 00df 19       		.uleb128 0x19
 776 00e0 02       		.uleb128 0x2
 777 00e1 18       		.uleb128 0x18
 778 00e2 00       		.byte	0
 779 00e3 00       		.byte	0
 780 00e4 11       		.uleb128 0x11
 781 00e5 2E       		.uleb128 0x2e
 782 00e6 01       		.byte	0x1
 783 00e7 3F       		.uleb128 0x3f
 784 00e8 19       		.uleb128 0x19
 785 00e9 03       		.uleb128 0x3
 786 00ea 0E       		.uleb128 0xe
 787 00eb 3A       		.uleb128 0x3a
 788 00ec 0B       		.uleb128 0xb
 789 00ed 3B       		.uleb128 0x3b
 790 00ee 0B       		.uleb128 0xb
 791 00ef 27       		.uleb128 0x27
 792 00f0 19       		.uleb128 0x19
 793 00f1 3C       		.uleb128 0x3c
 794 00f2 19       		.uleb128 0x19
 795 00f3 01       		.uleb128 0x1
 796 00f4 13       		.uleb128 0x13
 797 00f5 00       		.byte	0
 798 00f6 00       		.byte	0
 799 00f7 12       		.uleb128 0x12
ARM GAS  C:\Users\JEPPES~1\AppData\Local\Temp\ccqF2YbK.s 			page 16


 800 00f8 05       		.uleb128 0x5
 801 00f9 00       		.byte	0
 802 00fa 49       		.uleb128 0x49
 803 00fb 13       		.uleb128 0x13
 804 00fc 00       		.byte	0
 805 00fd 00       		.byte	0
 806 00fe 13       		.uleb128 0x13
 807 00ff 26       		.uleb128 0x26
 808 0100 00       		.byte	0
 809 0101 49       		.uleb128 0x49
 810 0102 13       		.uleb128 0x13
 811 0103 00       		.byte	0
 812 0104 00       		.byte	0
 813 0105 00       		.byte	0
 814              		.section	.debug_loc,"",%progbits
 815              	.Ldebug_loc0:
 816              	.LLST0:
 817 0000 00000000 		.4byte	.LVL0
 818 0004 0E000000 		.4byte	.LVL1
 819 0008 0100     		.2byte	0x1
 820 000a 50       		.byte	0x50
 821 000b 0E000000 		.4byte	.LVL1
 822 000f 14000000 		.4byte	.LVL3
 823 0013 0400     		.2byte	0x4
 824 0015 F3       		.byte	0xf3
 825 0016 01       		.uleb128 0x1
 826 0017 50       		.byte	0x50
 827 0018 9F       		.byte	0x9f
 828 0019 14000000 		.4byte	.LVL3
 829 001d 16000000 		.4byte	.LVL4
 830 0021 0100     		.2byte	0x1
 831 0023 50       		.byte	0x50
 832 0024 16000000 		.4byte	.LVL4
 833 0028 46000000 		.4byte	.LFE34
 834 002c 0400     		.2byte	0x4
 835 002e F3       		.byte	0xf3
 836 002f 01       		.uleb128 0x1
 837 0030 50       		.byte	0x50
 838 0031 9F       		.byte	0x9f
 839 0032 00000000 		.4byte	0
 840 0036 00000000 		.4byte	0
 841              	.LLST1:
 842 003a 00000000 		.4byte	.LVL0
 843 003e 11000000 		.4byte	.LVL2-1
 844 0042 0100     		.2byte	0x1
 845 0044 51       		.byte	0x51
 846 0045 11000000 		.4byte	.LVL2-1
 847 0049 14000000 		.4byte	.LVL3
 848 004d 0400     		.2byte	0x4
 849 004f F3       		.byte	0xf3
 850 0050 01       		.uleb128 0x1
 851 0051 51       		.byte	0x51
 852 0052 9F       		.byte	0x9f
 853 0053 14000000 		.4byte	.LVL3
 854 0057 19000000 		.4byte	.LVL5-1
 855 005b 0100     		.2byte	0x1
 856 005d 51       		.byte	0x51
ARM GAS  C:\Users\JEPPES~1\AppData\Local\Temp\ccqF2YbK.s 			page 17


 857 005e 19000000 		.4byte	.LVL5-1
 858 0062 46000000 		.4byte	.LFE34
 859 0066 0400     		.2byte	0x4
 860 0068 F3       		.byte	0xf3
 861 0069 01       		.uleb128 0x1
 862 006a 51       		.byte	0x51
 863 006b 9F       		.byte	0x9f
 864 006c 00000000 		.4byte	0
 865 0070 00000000 		.4byte	0
 866              	.LLST2:
 867 0074 00000000 		.4byte	.LVL0
 868 0078 11000000 		.4byte	.LVL2-1
 869 007c 0100     		.2byte	0x1
 870 007e 52       		.byte	0x52
 871 007f 11000000 		.4byte	.LVL2-1
 872 0083 14000000 		.4byte	.LVL3
 873 0087 0400     		.2byte	0x4
 874 0089 F3       		.byte	0xf3
 875 008a 01       		.uleb128 0x1
 876 008b 52       		.byte	0x52
 877 008c 9F       		.byte	0x9f
 878 008d 14000000 		.4byte	.LVL3
 879 0091 19000000 		.4byte	.LVL5-1
 880 0095 0100     		.2byte	0x1
 881 0097 52       		.byte	0x52
 882 0098 19000000 		.4byte	.LVL5-1
 883 009c 46000000 		.4byte	.LFE34
 884 00a0 0400     		.2byte	0x4
 885 00a2 F3       		.byte	0xf3
 886 00a3 01       		.uleb128 0x1
 887 00a4 52       		.byte	0x52
 888 00a5 9F       		.byte	0x9f
 889 00a6 00000000 		.4byte	0
 890 00aa 00000000 		.4byte	0
 891              	.LLST3:
 892 00ae 00000000 		.4byte	.LVL0
 893 00b2 11000000 		.4byte	.LVL2-1
 894 00b6 0100     		.2byte	0x1
 895 00b8 53       		.byte	0x53
 896 00b9 11000000 		.4byte	.LVL2-1
 897 00bd 14000000 		.4byte	.LVL3
 898 00c1 0400     		.2byte	0x4
 899 00c3 F3       		.byte	0xf3
 900 00c4 01       		.uleb128 0x1
 901 00c5 53       		.byte	0x53
 902 00c6 9F       		.byte	0x9f
 903 00c7 14000000 		.4byte	.LVL3
 904 00cb 19000000 		.4byte	.LVL5-1
 905 00cf 0100     		.2byte	0x1
 906 00d1 53       		.byte	0x53
 907 00d2 19000000 		.4byte	.LVL5-1
 908 00d6 46000000 		.4byte	.LFE34
 909 00da 0400     		.2byte	0x4
 910 00dc F3       		.byte	0xf3
 911 00dd 01       		.uleb128 0x1
 912 00de 53       		.byte	0x53
 913 00df 9F       		.byte	0x9f
ARM GAS  C:\Users\JEPPES~1\AppData\Local\Temp\ccqF2YbK.s 			page 18


 914 00e0 00000000 		.4byte	0
 915 00e4 00000000 		.4byte	0
 916              	.LLST4:
 917 00e8 00000000 		.4byte	.LVL11
 918 00ec 30000000 		.4byte	.LVL19
 919 00f0 0100     		.2byte	0x1
 920 00f2 50       		.byte	0x50
 921 00f3 30000000 		.4byte	.LVL19
 922 00f7 3A000000 		.4byte	.LFE35
 923 00fb 0400     		.2byte	0x4
 924 00fd F3       		.byte	0xf3
 925 00fe 01       		.uleb128 0x1
 926 00ff 50       		.byte	0x50
 927 0100 9F       		.byte	0x9f
 928 0101 00000000 		.4byte	0
 929 0105 00000000 		.4byte	0
 930              	.LLST5:
 931 0109 00000000 		.4byte	.LVL11
 932 010d 32000000 		.4byte	.LVL20
 933 0111 0100     		.2byte	0x1
 934 0113 51       		.byte	0x51
 935 0114 32000000 		.4byte	.LVL20
 936 0118 3A000000 		.4byte	.LFE35
 937 011c 0400     		.2byte	0x4
 938 011e F3       		.byte	0xf3
 939 011f 01       		.uleb128 0x1
 940 0120 51       		.byte	0x51
 941 0121 9F       		.byte	0x9f
 942 0122 00000000 		.4byte	0
 943 0126 00000000 		.4byte	0
 944              	.LLST6:
 945 012a 00000000 		.4byte	.LVL11
 946 012e 0A000000 		.4byte	.LVL12
 947 0132 0100     		.2byte	0x1
 948 0134 52       		.byte	0x52
 949 0135 0A000000 		.4byte	.LVL12
 950 0139 10000000 		.4byte	.LVL13
 951 013d 0400     		.2byte	0x4
 952 013f F3       		.byte	0xf3
 953 0140 01       		.uleb128 0x1
 954 0141 52       		.byte	0x52
 955 0142 9F       		.byte	0x9f
 956 0143 10000000 		.4byte	.LVL13
 957 0147 16000000 		.4byte	.LVL14
 958 014b 0100     		.2byte	0x1
 959 014d 52       		.byte	0x52
 960 014e 16000000 		.4byte	.LVL14
 961 0152 1C000000 		.4byte	.LVL15
 962 0156 0400     		.2byte	0x4
 963 0158 F3       		.byte	0xf3
 964 0159 01       		.uleb128 0x1
 965 015a 52       		.byte	0x52
 966 015b 9F       		.byte	0x9f
 967 015c 1C000000 		.4byte	.LVL15
 968 0160 22000000 		.4byte	.LVL16
 969 0164 0100     		.2byte	0x1
 970 0166 52       		.byte	0x52
ARM GAS  C:\Users\JEPPES~1\AppData\Local\Temp\ccqF2YbK.s 			page 19


 971 0167 22000000 		.4byte	.LVL16
 972 016b 28000000 		.4byte	.LVL17
 973 016f 0400     		.2byte	0x4
 974 0171 F3       		.byte	0xf3
 975 0172 01       		.uleb128 0x1
 976 0173 52       		.byte	0x52
 977 0174 9F       		.byte	0x9f
 978 0175 28000000 		.4byte	.LVL17
 979 0179 2A000000 		.4byte	.LVL18
 980 017d 0100     		.2byte	0x1
 981 017f 52       		.byte	0x52
 982 0180 2A000000 		.4byte	.LVL18
 983 0184 3A000000 		.4byte	.LFE35
 984 0188 0400     		.2byte	0x4
 985 018a F3       		.byte	0xf3
 986 018b 01       		.uleb128 0x1
 987 018c 52       		.byte	0x52
 988 018d 9F       		.byte	0x9f
 989 018e 00000000 		.4byte	0
 990 0192 00000000 		.4byte	0
 991              	.LLST7:
 992 0196 00000000 		.4byte	.LVL11
 993 019a 35000000 		.4byte	.LVL21-1
 994 019e 0100     		.2byte	0x1
 995 01a0 53       		.byte	0x53
 996 01a1 35000000 		.4byte	.LVL21-1
 997 01a5 3A000000 		.4byte	.LFE35
 998 01a9 0400     		.2byte	0x4
 999 01ab F3       		.byte	0xf3
 1000 01ac 01       		.uleb128 0x1
 1001 01ad 53       		.byte	0x53
 1002 01ae 9F       		.byte	0x9f
 1003 01af 00000000 		.4byte	0
 1004 01b3 00000000 		.4byte	0
 1005              		.section	.debug_aranges,"",%progbits
 1006 0000 24000000 		.4byte	0x24
 1007 0004 0200     		.2byte	0x2
 1008 0006 00000000 		.4byte	.Ldebug_info0
 1009 000a 04       		.byte	0x4
 1010 000b 00       		.byte	0
 1011 000c 0000     		.2byte	0
 1012 000e 0000     		.2byte	0
 1013 0010 00000000 		.4byte	.LFB34
 1014 0014 46000000 		.4byte	.LFE34-.LFB34
 1015 0018 00000000 		.4byte	.LFB35
 1016 001c 3A000000 		.4byte	.LFE35-.LFB35
 1017 0020 00000000 		.4byte	0
 1018 0024 00000000 		.4byte	0
 1019              		.section	.debug_ranges,"",%progbits
 1020              	.Ldebug_ranges0:
 1021 0000 00000000 		.4byte	.LFB34
 1022 0004 46000000 		.4byte	.LFE34
 1023 0008 00000000 		.4byte	.LFB35
 1024 000c 3A000000 		.4byte	.LFE35
 1025 0010 00000000 		.4byte	0
 1026 0014 00000000 		.4byte	0
 1027              		.section	.debug_line,"",%progbits
ARM GAS  C:\Users\JEPPES~1\AppData\Local\Temp\ccqF2YbK.s 			page 20


 1028              	.Ldebug_line0:
 1029 0000 ED000000 		.section	.debug_str,"MS",%progbits,1
 1029      02009300 
 1029      00000201 
 1029      FB0E0D00 
 1029      01010101 
 1030              	.LASF29:
 1031 0000 784D6178 		.ascii	"xMax\000"
 1031      00
 1032              	.LASF28:
 1033 0005 78506F73 		.ascii	"xPos\000"
 1033      00
 1034              	.LASF13:
 1035 000a 63686172 		.ascii	"char\000"
 1035      00
 1036              	.LASF18:
 1037 000f 4E6F6465 		.ascii	"Node\000"
 1037      00
 1038              	.LASF17:
 1039 0014 44617461 		.ascii	"Data\000"
 1039      00
 1040              	.LASF33:
 1041 0019 7A4D6178 		.ascii	"zMax\000"
 1041      00
 1042              	.LASF34:
 1043 001e 4C45445F 		.ascii	"LED_RED_Write\000"
 1043      5245445F 
 1043      57726974 
 1043      6500
 1044              	.LASF19:
 1045 002c 64617461 		.ascii	"data_\000"
 1045      5F00
 1046              	.LASF24:
 1047 0032 7365744C 		.ascii	"setLed\000"
 1047      656400
 1048              	.LASF35:
 1049 0039 4C45445F 		.ascii	"LED_GREEN_Write\000"
 1049      47524545 
 1049      4E5F5772 
 1049      69746500 
 1050              	.LASF38:
 1051 0049 70757368 		.ascii	"pushQueue\000"
 1051      51756575 
 1051      6500
 1052              	.LASF22:
 1053 0053 626C7565 		.ascii	"blue\000"
 1053      00
 1054              	.LASF30:
 1055 0058 79506F73 		.ascii	"yPos\000"
 1055      00
 1056              	.LASF11:
 1057 005d 666C6F61 		.ascii	"float\000"
 1057      7400
 1058              	.LASF0:
 1059 0063 7369676E 		.ascii	"signed char\000"
 1059      65642063 
 1059      68617200 
ARM GAS  C:\Users\JEPPES~1\AppData\Local\Temp\ccqF2YbK.s 			page 21


 1060              	.LASF1:
 1061 006f 756E7369 		.ascii	"unsigned char\000"
 1061      676E6564 
 1061      20636861 
 1061      7200
 1062              	.LASF5:
 1063 007d 6C6F6E67 		.ascii	"long unsigned int\000"
 1063      20756E73 
 1063      69676E65 
 1063      6420696E 
 1063      7400
 1064              	.LASF3:
 1065 008f 73686F72 		.ascii	"short unsigned int\000"
 1065      7420756E 
 1065      7369676E 
 1065      65642069 
 1065      6E7400
 1066              	.LASF21:
 1067 00a2 67726565 		.ascii	"green\000"
 1067      6E00
 1068              	.LASF32:
 1069 00a8 7A506F73 		.ascii	"zPos\000"
 1069      00
 1070              	.LASF12:
 1071 00ad 646F7562 		.ascii	"double\000"
 1071      6C6500
 1072              	.LASF27:
 1073 00b4 6261636B 		.ascii	"backOfQueuePtr\000"
 1073      4F665175 
 1073      65756550 
 1073      747200
 1074              	.LASF2:
 1075 00c3 73686F72 		.ascii	"short int\000"
 1075      7420696E 
 1075      7400
 1076              	.LASF36:
 1077 00cd 4C45445F 		.ascii	"LED_BLUE_Write\000"
 1077      424C5545 
 1077      5F577269 
 1077      746500
 1078              	.LASF10:
 1079 00dc 75696E74 		.ascii	"uint32\000"
 1079      333200
 1080              	.LASF42:
 1081 00e3 6C656441 		.ascii	"ledAction\000"
 1081      6374696F 
 1081      6E00
 1082              	.LASF8:
 1083 00ed 756E7369 		.ascii	"unsigned int\000"
 1083      676E6564 
 1083      20696E74 
 1083      00
 1084              	.LASF41:
 1085 00fa 433A5C45 		.ascii	"C:\\E3PRJ3-Gruppe1\\PSoC\\PSoC4Master.cydsn\000"
 1085      3350524A 
 1085      332D4772 
 1085      75707065 
ARM GAS  C:\Users\JEPPES~1\AppData\Local\Temp\ccqF2YbK.s 			page 22


 1085      315C5053 
 1086              	.LASF7:
 1087 0123 6C6F6E67 		.ascii	"long long unsigned int\000"
 1087      206C6F6E 
 1087      6720756E 
 1087      7369676E 
 1087      65642069 
 1088              	.LASF26:
 1089 013a 66726F6E 		.ascii	"frontOfQueuePtr\000"
 1089      744F6651 
 1089      75657565 
 1089      50747200 
 1090              	.LASF23:
 1091 014a 74696D65 		.ascii	"time\000"
 1091      00
 1092              	.LASF14:
 1093 014f 73697A65 		.ascii	"sizetype\000"
 1093      74797065 
 1093      00
 1094              	.LASF20:
 1095 0158 6E657874 		.ascii	"next_\000"
 1095      5F00
 1096              	.LASF6:
 1097 015e 6C6F6E67 		.ascii	"long long int\000"
 1097      206C6F6E 
 1097      6720696E 
 1097      7400
 1098              	.LASF16:
 1099 016c 76616C5F 		.ascii	"val_\000"
 1099      00
 1100              	.LASF15:
 1101 0171 636D645F 		.ascii	"cmd_\000"
 1101      00
 1102              	.LASF39:
 1103 0176 474E5520 		.ascii	"GNU C 4.9.3 20150303 (release) [ARM/embedded-4_9-br"
 1103      4320342E 
 1103      392E3320 
 1103      32303135 
 1103      30333033 
 1104 01a9 616E6368 		.ascii	"anch revision 221220] -mcpu=cortex-m0 -mthumb -g -O"
 1104      20726576 
 1104      6973696F 
 1104      6E203232 
 1104      31323230 
 1105 01dc 67202D66 		.ascii	"g -ffunction-sections -ffat-lto-objects\000"
 1105      66756E63 
 1105      74696F6E 
 1105      2D736563 
 1105      74696F6E 
 1106              	.LASF25:
 1107 0204 71756575 		.ascii	"queueLed\000"
 1107      654C6564 
 1107      00
 1108              	.LASF9:
 1109 020d 75696E74 		.ascii	"uint8\000"
 1109      3800
 1110              	.LASF31:
ARM GAS  C:\Users\JEPPES~1\AppData\Local\Temp\ccqF2YbK.s 			page 23


 1111 0213 794D6178 		.ascii	"yMax\000"
 1111      00
 1112              	.LASF4:
 1113 0218 6C6F6E67 		.ascii	"long int\000"
 1113      20696E74 
 1113      00
 1114              	.LASF40:
 1115 0221 2E5C6C65 		.ascii	".\\led.c\000"
 1115      642E6300 
 1116              	.LASF37:
 1117 0229 43794465 		.ascii	"CyDelay\000"
 1117      6C617900 
 1118              		.ident	"GCC: (GNU Tools for ARM Embedded Processors) 4.9.3 20150303 (release) [ARM/embedded-4_9-br
