ARM GAS  C:\Users\JEPPES~1\AppData\Local\Temp\ccuMQsi0.s 			page 1


   1              		.cpu cortex-m0
   2              		.fpu softvfp
   3              		.eabi_attribute 20, 1
   4              		.eabi_attribute 21, 1
   5              		.eabi_attribute 23, 3
   6              		.eabi_attribute 24, 1
   7              		.eabi_attribute 25, 1
   8              		.eabi_attribute 26, 1
   9              		.eabi_attribute 30, 1
  10              		.eabi_attribute 34, 0
  11              		.eabi_attribute 18, 4
  12              		.code	16
  13              		.file	"main.c"
  14              		.text
  15              	.Ltext0:
  16              		.cfi_sections	.debug_frame
  17              		.section	.text.main,"ax",%progbits
  18              		.align	2
  19              		.global	main
  20              		.code	16
  21              		.thumb_func
  22              		.type	main, %function
  23              	main:
  24              	.LFB34:
  25              		.file 1 ".\\main.c"
   1:.\main.c      **** /* ========================================
   2:.\main.c      ****  *
   3:.\main.c      ****  * File: main.c
   4:.\main.c      ****  * Description: 
   5:.\main.c      ****  *
   6:.\main.c      ****  * University: AARHUS UNIVERSITY SCHOOL OF ENGINEERING
   7:.\main.c      ****  * Project: F16 - E3PRJ3-02 Semesterprojekt 3 [240501U178]
   8:.\main.c      ****  * Group: 1
   9:.\main.c      ****  * 
  10:.\main.c      ****  * Author: Jeppe Stærk
  11:.\main.c      ****  * Matriculation number: 201271201
  12:.\main.c      ****  *
  13:.\main.c      ****  * Version: 1.0
  14:.\main.c      ****  * Date: 13-05-2016
  15:.\main.c      ****  *
  16:.\main.c      ****  * ========================================
  17:.\main.c      **** */
  18:.\main.c      **** 
  19:.\main.c      **** #include <project.h>
  20:.\main.c      **** #include "handler.h"
  21:.\main.c      **** #include "i2c.h"
  22:.\main.c      **** #include "led.h"
  23:.\main.c      **** #include "queue.h"
  24:.\main.c      **** #include "spi.h"
  25:.\main.c      **** 
  26:.\main.c      **** int main()
  27:.\main.c      **** {
  26              		.loc 1 27 0
  27              		.cfi_startproc
  28 0000 00B5     		push	{lr}
  29              		.cfi_def_cfa_offset 4
  30              		.cfi_offset 14, -4
ARM GAS  C:\Users\JEPPES~1\AppData\Local\Temp\ccuMQsi0.s 			page 2


  31 0002 83B0     		sub	sp, sp, #12
  32              		.cfi_def_cfa_offset 16
  28:.\main.c      ****     queue_init(6u);
  33              		.loc 1 28 0
  34 0004 0620     		mov	r0, #6
  35 0006 FFF7FEFF 		bl	queue_init
  36              	.LVL0:
  29:.\main.c      ****     spi_init();
  37              		.loc 1 29 0
  38 000a FFF7FEFF 		bl	spi_init
  39              	.LVL1:
  30:.\main.c      ****     i2c_init();
  40              		.loc 1 30 0
  41 000e FFF7FEFF 		bl	i2c_init
  42              	.LVL2:
  31:.\main.c      ****     
  32:.\main.c      ****     setLed(1,0,0,150);
  43              		.loc 1 32 0
  44 0012 0120     		mov	r0, #1
  45 0014 0021     		mov	r1, #0
  46 0016 0022     		mov	r2, #0
  47 0018 9623     		mov	r3, #150
  48 001a FFF7FEFF 		bl	setLed
  49              	.LVL3:
  33:.\main.c      ****     setLed(0,1,0,150);
  50              		.loc 1 33 0
  51 001e 0020     		mov	r0, #0
  52 0020 0121     		mov	r1, #1
  53 0022 0022     		mov	r2, #0
  54 0024 9623     		mov	r3, #150
  55 0026 FFF7FEFF 		bl	setLed
  56              	.LVL4:
  34:.\main.c      ****     setLed(0,0,1,150);
  57              		.loc 1 34 0
  58 002a 0020     		mov	r0, #0
  59 002c 0021     		mov	r1, #0
  60 002e 0122     		mov	r2, #1
  61 0030 9623     		mov	r3, #150
  62 0032 FFF7FEFF 		bl	setLed
  63              	.LVL5:
  35:.\main.c      ****     
  36:.\main.c      ****     CyGlobalIntEnable; /* Enable global interrupts. */
  64              		.loc 1 36 0
  65              	@ 36 ".\main.c" 1
  66 0036 62B6     		CPSIE   i
  67              	@ 0 "" 2
  68              		.code	16
  69              	.L4:
  37:.\main.c      **** 
  38:.\main.c      ****     for(;;)
  39:.\main.c      ****     {
  40:.\main.c      ****         setLed(0,0,0,0);
  70              		.loc 1 40 0
  71 0038 0020     		mov	r0, #0
  72 003a 0021     		mov	r1, #0
  73 003c 0022     		mov	r2, #0
  74 003e 0023     		mov	r3, #0
ARM GAS  C:\Users\JEPPES~1\AppData\Local\Temp\ccuMQsi0.s 			page 3


  75 0040 FFF7FEFF 		bl	setLed
  76              	.LVL6:
  41:.\main.c      ****         
  42:.\main.c      ****         while(isEmptyQueue() != 1)
  77              		.loc 1 42 0
  78 0044 0AE0     		b	.L2
  79              	.L3:
  80              	.LBB2:
  43:.\main.c      ****         {
  44:.\main.c      ****             struct Data action;
  45:.\main.c      ****             action = frontQueue();
  81              		.loc 1 45 0
  82 0046 6846     		mov	r0, sp
  83 0048 FFF7FEFF 		bl	frontQueue
  84              	.LVL7:
  46:.\main.c      ****             handler(action.cmd_, action.val_);
  85              		.loc 1 46 0
  86 004c 009B     		ldr	r3, [sp]
  87 004e D8B2     		uxtb	r0, r3
  88 0050 6B46     		mov	r3, sp
  89 0052 1979     		ldrb	r1, [r3, #4]
  90 0054 FFF7FEFF 		bl	handler
  91              	.LVL8:
  47:.\main.c      ****             popQueue();
  92              		.loc 1 47 0
  93 0058 FFF7FEFF 		bl	popQueue
  94              	.LVL9:
  95              	.L2:
  96              	.LBE2:
  42:.\main.c      ****         {
  97              		.loc 1 42 0
  98 005c FFF7FEFF 		bl	isEmptyQueue
  99              	.LVL10:
 100 0060 0128     		cmp	r0, #1
 101 0062 F0D1     		bne	.L3
 102 0064 E8E7     		b	.L4
 103              		.cfi_endproc
 104              	.LFE34:
 105              		.size	main, .-main
 106              		.comm	zMax,1,1
 107              		.comm	zPos,1,1
 108              		.comm	yMax,1,1
 109              		.comm	yPos,1,1
 110              		.comm	xMax,1,1
 111              		.comm	xPos,1,1
 112 0066 C046     		.text
 113              	.Letext0:
 114              		.file 2 ".\\queue.h"
 115              		.file 3 ".\\handler.h"
 116              		.file 4 ".\\spi.h"
 117              		.file 5 ".\\i2c.h"
 118              		.file 6 ".\\led.h"
 119              		.file 7 "Generated_Source\\PSoC4/cytypes.h"
 120              		.section	.debug_info,"",%progbits
 121              	.Ldebug_info0:
 122 0000 B7020000 		.4byte	0x2b7
 123 0004 0400     		.2byte	0x4
ARM GAS  C:\Users\JEPPES~1\AppData\Local\Temp\ccuMQsi0.s 			page 4


 124 0006 00000000 		.4byte	.Ldebug_abbrev0
 125 000a 04       		.byte	0x4
 126 000b 01       		.uleb128 0x1
 127 000c 08010000 		.4byte	.LASF29
 128 0010 01       		.byte	0x1
 129 0011 8E000000 		.4byte	.LASF30
 130 0015 A9000000 		.4byte	.LASF31
 131 0019 00000000 		.4byte	.Ldebug_ranges0+0
 132 001d 00000000 		.4byte	0
 133 0021 00000000 		.4byte	.Ldebug_line0
 134 0025 02       		.uleb128 0x2
 135 0026 01       		.byte	0x1
 136 0027 06       		.byte	0x6
 137 0028 D4010000 		.4byte	.LASF0
 138 002c 02       		.uleb128 0x2
 139 002d 01       		.byte	0x1
 140 002e 08       		.byte	0x8
 141 002f 3A000000 		.4byte	.LASF1
 142 0033 02       		.uleb128 0x2
 143 0034 02       		.byte	0x2
 144 0035 05       		.byte	0x5
 145 0036 B7010000 		.4byte	.LASF2
 146 003a 02       		.uleb128 0x2
 147 003b 02       		.byte	0x2
 148 003c 07       		.byte	0x7
 149 003d 0A000000 		.4byte	.LASF3
 150 0041 02       		.uleb128 0x2
 151 0042 04       		.byte	0x4
 152 0043 05       		.byte	0x5
 153 0044 C6010000 		.4byte	.LASF4
 154 0048 02       		.uleb128 0x2
 155 0049 04       		.byte	0x4
 156 004a 07       		.byte	0x7
 157 004b 5C000000 		.4byte	.LASF5
 158 004f 02       		.uleb128 0x2
 159 0050 08       		.byte	0x8
 160 0051 05       		.byte	0x5
 161 0052 96010000 		.4byte	.LASF6
 162 0056 02       		.uleb128 0x2
 163 0057 08       		.byte	0x8
 164 0058 07       		.byte	0x7
 165 0059 D2000000 		.4byte	.LASF7
 166 005d 03       		.uleb128 0x3
 167 005e 04       		.byte	0x4
 168 005f 05       		.byte	0x5
 169 0060 696E7400 		.ascii	"int\000"
 170 0064 02       		.uleb128 0x2
 171 0065 04       		.byte	0x4
 172 0066 07       		.byte	0x7
 173 0067 9C000000 		.4byte	.LASF8
 174 006b 04       		.uleb128 0x4
 175 006c 6E000000 		.4byte	.LASF32
 176 0070 07       		.byte	0x7
 177 0071 3801     		.2byte	0x138
 178 0073 2C000000 		.4byte	0x2c
 179 0077 02       		.uleb128 0x2
 180 0078 04       		.byte	0x4
ARM GAS  C:\Users\JEPPES~1\AppData\Local\Temp\ccuMQsi0.s 			page 5


 181 0079 04       		.byte	0x4
 182 007a 34000000 		.4byte	.LASF9
 183 007e 02       		.uleb128 0x2
 184 007f 08       		.byte	0x8
 185 0080 04       		.byte	0x4
 186 0081 82000000 		.4byte	.LASF10
 187 0085 02       		.uleb128 0x2
 188 0086 01       		.byte	0x1
 189 0087 08       		.byte	0x8
 190 0088 CF010000 		.4byte	.LASF11
 191 008c 02       		.uleb128 0x2
 192 008d 04       		.byte	0x4
 193 008e 07       		.byte	0x7
 194 008f FF000000 		.4byte	.LASF12
 195 0093 05       		.uleb128 0x5
 196 0094 89000000 		.4byte	.LASF33
 197 0098 08       		.byte	0x8
 198 0099 02       		.byte	0x2
 199 009a 19       		.byte	0x19
 200 009b B8000000 		.4byte	0xb8
 201 009f 06       		.uleb128 0x6
 202 00a0 A9010000 		.4byte	.LASF13
 203 00a4 02       		.byte	0x2
 204 00a5 1B       		.byte	0x1b
 205 00a6 5D000000 		.4byte	0x5d
 206 00aa 00       		.byte	0
 207 00ab 06       		.uleb128 0x6
 208 00ac A4010000 		.4byte	.LASF14
 209 00b0 02       		.byte	0x2
 210 00b1 1C       		.byte	0x1c
 211 00b2 5D000000 		.4byte	0x5d
 212 00b6 04       		.byte	0x4
 213 00b7 00       		.byte	0
 214 00b8 07       		.uleb128 0x7
 215 00b9 97000000 		.4byte	.LASF34
 216 00bd 01       		.byte	0x1
 217 00be 1A       		.byte	0x1a
 218 00bf 5D000000 		.4byte	0x5d
 219 00c3 00000000 		.4byte	.LFB34
 220 00c7 66000000 		.4byte	.LFE34-.LFB34
 221 00cb 01       		.uleb128 0x1
 222 00cc 9C       		.byte	0x9c
 223 00cd E2010000 		.4byte	0x1e2
 224 00d1 08       		.uleb128 0x8
 225 00d2 46000000 		.4byte	.LBB2
 226 00d6 16000000 		.4byte	.LBE2-.LBB2
 227 00da 28010000 		.4byte	0x128
 228 00de 09       		.uleb128 0x9
 229 00df 48000000 		.4byte	.LASF35
 230 00e3 01       		.byte	0x1
 231 00e4 2C       		.byte	0x2c
 232 00e5 93000000 		.4byte	0x93
 233 00e9 02       		.uleb128 0x2
 234 00ea 91       		.byte	0x91
 235 00eb 70       		.sleb128 -16
 236 00ec 0A       		.uleb128 0xa
 237 00ed 4C000000 		.4byte	.LVL7
ARM GAS  C:\Users\JEPPES~1\AppData\Local\Temp\ccuMQsi0.s 			page 6


 238 00f1 48020000 		.4byte	0x248
 239 00f5 00010000 		.4byte	0x100
 240 00f9 0B       		.uleb128 0xb
 241 00fa 01       		.uleb128 0x1
 242 00fb 50       		.byte	0x50
 243 00fc 02       		.uleb128 0x2
 244 00fd 7D       		.byte	0x7d
 245 00fe 00       		.sleb128 0
 246 00ff 00       		.byte	0
 247 0100 0A       		.uleb128 0xa
 248 0101 58000000 		.4byte	.LVL8
 249 0105 53020000 		.4byte	0x253
 250 0109 1E010000 		.4byte	0x11e
 251 010d 0B       		.uleb128 0xb
 252 010e 01       		.uleb128 0x1
 253 010f 51       		.byte	0x51
 254 0110 04       		.uleb128 0x4
 255 0111 7D       		.byte	0x7d
 256 0112 04       		.sleb128 4
 257 0113 94       		.byte	0x94
 258 0114 01       		.byte	0x1
 259 0115 0B       		.uleb128 0xb
 260 0116 01       		.uleb128 0x1
 261 0117 50       		.byte	0x50
 262 0118 04       		.uleb128 0x4
 263 0119 7D       		.byte	0x7d
 264 011a 00       		.sleb128 0
 265 011b 94       		.byte	0x94
 266 011c 01       		.byte	0x1
 267 011d 00       		.byte	0
 268 011e 0C       		.uleb128 0xc
 269 011f 5C000000 		.4byte	.LVL9
 270 0123 69020000 		.4byte	0x269
 271 0127 00       		.byte	0
 272 0128 0A       		.uleb128 0xa
 273 0129 0A000000 		.4byte	.LVL0
 274 012d 70020000 		.4byte	0x270
 275 0131 3B010000 		.4byte	0x13b
 276 0135 0B       		.uleb128 0xb
 277 0136 01       		.uleb128 0x1
 278 0137 50       		.byte	0x50
 279 0138 01       		.uleb128 0x1
 280 0139 36       		.byte	0x36
 281 013a 00       		.byte	0
 282 013b 0C       		.uleb128 0xc
 283 013c 0E000000 		.4byte	.LVL1
 284 0140 81020000 		.4byte	0x281
 285 0144 0C       		.uleb128 0xc
 286 0145 12000000 		.4byte	.LVL2
 287 0149 88020000 		.4byte	0x288
 288 014d 0A       		.uleb128 0xa
 289 014e 1E000000 		.4byte	.LVL3
 290 0152 8F020000 		.4byte	0x28f
 291 0156 70010000 		.4byte	0x170
 292 015a 0B       		.uleb128 0xb
 293 015b 01       		.uleb128 0x1
 294 015c 53       		.byte	0x53
ARM GAS  C:\Users\JEPPES~1\AppData\Local\Temp\ccuMQsi0.s 			page 7


 295 015d 02       		.uleb128 0x2
 296 015e 09       		.byte	0x9
 297 015f 96       		.byte	0x96
 298 0160 0B       		.uleb128 0xb
 299 0161 01       		.uleb128 0x1
 300 0162 52       		.byte	0x52
 301 0163 01       		.uleb128 0x1
 302 0164 30       		.byte	0x30
 303 0165 0B       		.uleb128 0xb
 304 0166 01       		.uleb128 0x1
 305 0167 51       		.byte	0x51
 306 0168 01       		.uleb128 0x1
 307 0169 30       		.byte	0x30
 308 016a 0B       		.uleb128 0xb
 309 016b 01       		.uleb128 0x1
 310 016c 50       		.byte	0x50
 311 016d 01       		.uleb128 0x1
 312 016e 31       		.byte	0x31
 313 016f 00       		.byte	0
 314 0170 0A       		.uleb128 0xa
 315 0171 2A000000 		.4byte	.LVL4
 316 0175 8F020000 		.4byte	0x28f
 317 0179 93010000 		.4byte	0x193
 318 017d 0B       		.uleb128 0xb
 319 017e 01       		.uleb128 0x1
 320 017f 53       		.byte	0x53
 321 0180 02       		.uleb128 0x2
 322 0181 09       		.byte	0x9
 323 0182 96       		.byte	0x96
 324 0183 0B       		.uleb128 0xb
 325 0184 01       		.uleb128 0x1
 326 0185 52       		.byte	0x52
 327 0186 01       		.uleb128 0x1
 328 0187 30       		.byte	0x30
 329 0188 0B       		.uleb128 0xb
 330 0189 01       		.uleb128 0x1
 331 018a 51       		.byte	0x51
 332 018b 01       		.uleb128 0x1
 333 018c 31       		.byte	0x31
 334 018d 0B       		.uleb128 0xb
 335 018e 01       		.uleb128 0x1
 336 018f 50       		.byte	0x50
 337 0190 01       		.uleb128 0x1
 338 0191 30       		.byte	0x30
 339 0192 00       		.byte	0
 340 0193 0A       		.uleb128 0xa
 341 0194 36000000 		.4byte	.LVL5
 342 0198 8F020000 		.4byte	0x28f
 343 019c B6010000 		.4byte	0x1b6
 344 01a0 0B       		.uleb128 0xb
 345 01a1 01       		.uleb128 0x1
 346 01a2 53       		.byte	0x53
 347 01a3 02       		.uleb128 0x2
 348 01a4 09       		.byte	0x9
 349 01a5 96       		.byte	0x96
 350 01a6 0B       		.uleb128 0xb
 351 01a7 01       		.uleb128 0x1
ARM GAS  C:\Users\JEPPES~1\AppData\Local\Temp\ccuMQsi0.s 			page 8


 352 01a8 52       		.byte	0x52
 353 01a9 01       		.uleb128 0x1
 354 01aa 31       		.byte	0x31
 355 01ab 0B       		.uleb128 0xb
 356 01ac 01       		.uleb128 0x1
 357 01ad 51       		.byte	0x51
 358 01ae 01       		.uleb128 0x1
 359 01af 30       		.byte	0x30
 360 01b0 0B       		.uleb128 0xb
 361 01b1 01       		.uleb128 0x1
 362 01b2 50       		.byte	0x50
 363 01b3 01       		.uleb128 0x1
 364 01b4 30       		.byte	0x30
 365 01b5 00       		.byte	0
 366 01b6 0A       		.uleb128 0xa
 367 01b7 44000000 		.4byte	.LVL6
 368 01bb 8F020000 		.4byte	0x28f
 369 01bf D8010000 		.4byte	0x1d8
 370 01c3 0B       		.uleb128 0xb
 371 01c4 01       		.uleb128 0x1
 372 01c5 53       		.byte	0x53
 373 01c6 01       		.uleb128 0x1
 374 01c7 30       		.byte	0x30
 375 01c8 0B       		.uleb128 0xb
 376 01c9 01       		.uleb128 0x1
 377 01ca 52       		.byte	0x52
 378 01cb 01       		.uleb128 0x1
 379 01cc 30       		.byte	0x30
 380 01cd 0B       		.uleb128 0xb
 381 01ce 01       		.uleb128 0x1
 382 01cf 51       		.byte	0x51
 383 01d0 01       		.uleb128 0x1
 384 01d1 30       		.byte	0x30
 385 01d2 0B       		.uleb128 0xb
 386 01d3 01       		.uleb128 0x1
 387 01d4 50       		.byte	0x50
 388 01d5 01       		.uleb128 0x1
 389 01d6 30       		.byte	0x30
 390 01d7 00       		.byte	0
 391 01d8 0C       		.uleb128 0xc
 392 01d9 60000000 		.4byte	.LVL10
 393 01dd AF020000 		.4byte	0x2af
 394 01e1 00       		.byte	0
 395 01e2 0D       		.uleb128 0xd
 396 01e3 00000000 		.4byte	.LASF15
 397 01e7 03       		.byte	0x3
 398 01e8 0E       		.byte	0xe
 399 01e9 6B000000 		.4byte	0x6b
 400 01ed 05       		.uleb128 0x5
 401 01ee 03       		.byte	0x3
 402 01ef 00000000 		.4byte	xPos
 403 01f3 0D       		.uleb128 0xd
 404 01f4 E9000000 		.4byte	.LASF16
 405 01f8 03       		.byte	0x3
 406 01f9 0F       		.byte	0xf
 407 01fa 6B000000 		.4byte	0x6b
 408 01fe 05       		.uleb128 0x5
ARM GAS  C:\Users\JEPPES~1\AppData\Local\Temp\ccuMQsi0.s 			page 9


 409 01ff 03       		.byte	0x3
 410 0200 00000000 		.4byte	xMax
 411 0204 0D       		.uleb128 0xd
 412 0205 2F000000 		.4byte	.LASF17
 413 0209 03       		.byte	0x3
 414 020a 10       		.byte	0x10
 415 020b 6B000000 		.4byte	0x6b
 416 020f 05       		.uleb128 0x5
 417 0210 03       		.byte	0x3
 418 0211 00000000 		.4byte	yPos
 419 0215 0D       		.uleb128 0xd
 420 0216 C1010000 		.4byte	.LASF18
 421 021a 03       		.byte	0x3
 422 021b 11       		.byte	0x11
 423 021c 6B000000 		.4byte	0x6b
 424 0220 05       		.uleb128 0x5
 425 0221 03       		.byte	0x3
 426 0222 00000000 		.4byte	yMax
 427 0226 0D       		.uleb128 0xd
 428 0227 7D000000 		.4byte	.LASF19
 429 022b 03       		.byte	0x3
 430 022c 12       		.byte	0x12
 431 022d 6B000000 		.4byte	0x6b
 432 0231 05       		.uleb128 0x5
 433 0232 03       		.byte	0x3
 434 0233 00000000 		.4byte	zPos
 435 0237 0D       		.uleb128 0xd
 436 0238 05000000 		.4byte	.LASF20
 437 023c 03       		.byte	0x3
 438 023d 13       		.byte	0x13
 439 023e 6B000000 		.4byte	0x6b
 440 0242 05       		.uleb128 0x5
 441 0243 03       		.byte	0x3
 442 0244 00000000 		.4byte	zMax
 443 0248 0E       		.uleb128 0xe
 444 0249 E0010000 		.4byte	.LASF27
 445 024d 02       		.byte	0x2
 446 024e 2B       		.byte	0x2b
 447 024f 93000000 		.4byte	0x93
 448 0253 0F       		.uleb128 0xf
 449 0254 F7000000 		.4byte	.LASF21
 450 0258 03       		.byte	0x3
 451 0259 19       		.byte	0x19
 452 025a 69020000 		.4byte	0x269
 453 025e 10       		.uleb128 0x10
 454 025f 6B000000 		.4byte	0x6b
 455 0263 10       		.uleb128 0x10
 456 0264 6B000000 		.4byte	0x6b
 457 0268 00       		.byte	0
 458 0269 11       		.uleb128 0x11
 459 026a EE000000 		.4byte	.LASF23
 460 026e 02       		.byte	0x2
 461 026f 2A       		.byte	0x2a
 462 0270 0F       		.uleb128 0xf
 463 0271 24000000 		.4byte	.LASF22
 464 0275 02       		.byte	0x2
 465 0276 28       		.byte	0x28
ARM GAS  C:\Users\JEPPES~1\AppData\Local\Temp\ccuMQsi0.s 			page 10


 466 0277 81020000 		.4byte	0x281
 467 027b 10       		.uleb128 0x10
 468 027c 6B000000 		.4byte	0x6b
 469 0280 00       		.byte	0
 470 0281 11       		.uleb128 0x11
 471 0282 AE010000 		.4byte	.LASF24
 472 0286 04       		.byte	0x4
 473 0287 15       		.byte	0x15
 474 0288 11       		.uleb128 0x11
 475 0289 74000000 		.4byte	.LASF25
 476 028d 05       		.byte	0x5
 477 028e 13       		.byte	0x13
 478 028f 0F       		.uleb128 0xf
 479 0290 1D000000 		.4byte	.LASF26
 480 0294 06       		.byte	0x6
 481 0295 1A       		.byte	0x1a
 482 0296 AF020000 		.4byte	0x2af
 483 029a 10       		.uleb128 0x10
 484 029b 6B000000 		.4byte	0x6b
 485 029f 10       		.uleb128 0x10
 486 02a0 6B000000 		.4byte	0x6b
 487 02a4 10       		.uleb128 0x10
 488 02a5 6B000000 		.4byte	0x6b
 489 02a9 10       		.uleb128 0x10
 490 02aa 6B000000 		.4byte	0x6b
 491 02ae 00       		.byte	0
 492 02af 0E       		.uleb128 0xe
 493 02b0 4F000000 		.4byte	.LASF28
 494 02b4 02       		.byte	0x2
 495 02b5 2C       		.byte	0x2c
 496 02b6 5D000000 		.4byte	0x5d
 497 02ba 00       		.byte	0
 498              		.section	.debug_abbrev,"",%progbits
 499              	.Ldebug_abbrev0:
 500 0000 01       		.uleb128 0x1
 501 0001 11       		.uleb128 0x11
 502 0002 01       		.byte	0x1
 503 0003 25       		.uleb128 0x25
 504 0004 0E       		.uleb128 0xe
 505 0005 13       		.uleb128 0x13
 506 0006 0B       		.uleb128 0xb
 507 0007 03       		.uleb128 0x3
 508 0008 0E       		.uleb128 0xe
 509 0009 1B       		.uleb128 0x1b
 510 000a 0E       		.uleb128 0xe
 511 000b 55       		.uleb128 0x55
 512 000c 17       		.uleb128 0x17
 513 000d 11       		.uleb128 0x11
 514 000e 01       		.uleb128 0x1
 515 000f 10       		.uleb128 0x10
 516 0010 17       		.uleb128 0x17
 517 0011 00       		.byte	0
 518 0012 00       		.byte	0
 519 0013 02       		.uleb128 0x2
 520 0014 24       		.uleb128 0x24
 521 0015 00       		.byte	0
 522 0016 0B       		.uleb128 0xb
ARM GAS  C:\Users\JEPPES~1\AppData\Local\Temp\ccuMQsi0.s 			page 11


 523 0017 0B       		.uleb128 0xb
 524 0018 3E       		.uleb128 0x3e
 525 0019 0B       		.uleb128 0xb
 526 001a 03       		.uleb128 0x3
 527 001b 0E       		.uleb128 0xe
 528 001c 00       		.byte	0
 529 001d 00       		.byte	0
 530 001e 03       		.uleb128 0x3
 531 001f 24       		.uleb128 0x24
 532 0020 00       		.byte	0
 533 0021 0B       		.uleb128 0xb
 534 0022 0B       		.uleb128 0xb
 535 0023 3E       		.uleb128 0x3e
 536 0024 0B       		.uleb128 0xb
 537 0025 03       		.uleb128 0x3
 538 0026 08       		.uleb128 0x8
 539 0027 00       		.byte	0
 540 0028 00       		.byte	0
 541 0029 04       		.uleb128 0x4
 542 002a 16       		.uleb128 0x16
 543 002b 00       		.byte	0
 544 002c 03       		.uleb128 0x3
 545 002d 0E       		.uleb128 0xe
 546 002e 3A       		.uleb128 0x3a
 547 002f 0B       		.uleb128 0xb
 548 0030 3B       		.uleb128 0x3b
 549 0031 05       		.uleb128 0x5
 550 0032 49       		.uleb128 0x49
 551 0033 13       		.uleb128 0x13
 552 0034 00       		.byte	0
 553 0035 00       		.byte	0
 554 0036 05       		.uleb128 0x5
 555 0037 13       		.uleb128 0x13
 556 0038 01       		.byte	0x1
 557 0039 03       		.uleb128 0x3
 558 003a 0E       		.uleb128 0xe
 559 003b 0B       		.uleb128 0xb
 560 003c 0B       		.uleb128 0xb
 561 003d 3A       		.uleb128 0x3a
 562 003e 0B       		.uleb128 0xb
 563 003f 3B       		.uleb128 0x3b
 564 0040 0B       		.uleb128 0xb
 565 0041 01       		.uleb128 0x1
 566 0042 13       		.uleb128 0x13
 567 0043 00       		.byte	0
 568 0044 00       		.byte	0
 569 0045 06       		.uleb128 0x6
 570 0046 0D       		.uleb128 0xd
 571 0047 00       		.byte	0
 572 0048 03       		.uleb128 0x3
 573 0049 0E       		.uleb128 0xe
 574 004a 3A       		.uleb128 0x3a
 575 004b 0B       		.uleb128 0xb
 576 004c 3B       		.uleb128 0x3b
 577 004d 0B       		.uleb128 0xb
 578 004e 49       		.uleb128 0x49
 579 004f 13       		.uleb128 0x13
ARM GAS  C:\Users\JEPPES~1\AppData\Local\Temp\ccuMQsi0.s 			page 12


 580 0050 38       		.uleb128 0x38
 581 0051 0B       		.uleb128 0xb
 582 0052 00       		.byte	0
 583 0053 00       		.byte	0
 584 0054 07       		.uleb128 0x7
 585 0055 2E       		.uleb128 0x2e
 586 0056 01       		.byte	0x1
 587 0057 3F       		.uleb128 0x3f
 588 0058 19       		.uleb128 0x19
 589 0059 03       		.uleb128 0x3
 590 005a 0E       		.uleb128 0xe
 591 005b 3A       		.uleb128 0x3a
 592 005c 0B       		.uleb128 0xb
 593 005d 3B       		.uleb128 0x3b
 594 005e 0B       		.uleb128 0xb
 595 005f 49       		.uleb128 0x49
 596 0060 13       		.uleb128 0x13
 597 0061 11       		.uleb128 0x11
 598 0062 01       		.uleb128 0x1
 599 0063 12       		.uleb128 0x12
 600 0064 06       		.uleb128 0x6
 601 0065 40       		.uleb128 0x40
 602 0066 18       		.uleb128 0x18
 603 0067 9742     		.uleb128 0x2117
 604 0069 19       		.uleb128 0x19
 605 006a 01       		.uleb128 0x1
 606 006b 13       		.uleb128 0x13
 607 006c 00       		.byte	0
 608 006d 00       		.byte	0
 609 006e 08       		.uleb128 0x8
 610 006f 0B       		.uleb128 0xb
 611 0070 01       		.byte	0x1
 612 0071 11       		.uleb128 0x11
 613 0072 01       		.uleb128 0x1
 614 0073 12       		.uleb128 0x12
 615 0074 06       		.uleb128 0x6
 616 0075 01       		.uleb128 0x1
 617 0076 13       		.uleb128 0x13
 618 0077 00       		.byte	0
 619 0078 00       		.byte	0
 620 0079 09       		.uleb128 0x9
 621 007a 34       		.uleb128 0x34
 622 007b 00       		.byte	0
 623 007c 03       		.uleb128 0x3
 624 007d 0E       		.uleb128 0xe
 625 007e 3A       		.uleb128 0x3a
 626 007f 0B       		.uleb128 0xb
 627 0080 3B       		.uleb128 0x3b
 628 0081 0B       		.uleb128 0xb
 629 0082 49       		.uleb128 0x49
 630 0083 13       		.uleb128 0x13
 631 0084 02       		.uleb128 0x2
 632 0085 18       		.uleb128 0x18
 633 0086 00       		.byte	0
 634 0087 00       		.byte	0
 635 0088 0A       		.uleb128 0xa
 636 0089 898201   		.uleb128 0x4109
ARM GAS  C:\Users\JEPPES~1\AppData\Local\Temp\ccuMQsi0.s 			page 13


 637 008c 01       		.byte	0x1
 638 008d 11       		.uleb128 0x11
 639 008e 01       		.uleb128 0x1
 640 008f 31       		.uleb128 0x31
 641 0090 13       		.uleb128 0x13
 642 0091 01       		.uleb128 0x1
 643 0092 13       		.uleb128 0x13
 644 0093 00       		.byte	0
 645 0094 00       		.byte	0
 646 0095 0B       		.uleb128 0xb
 647 0096 8A8201   		.uleb128 0x410a
 648 0099 00       		.byte	0
 649 009a 02       		.uleb128 0x2
 650 009b 18       		.uleb128 0x18
 651 009c 9142     		.uleb128 0x2111
 652 009e 18       		.uleb128 0x18
 653 009f 00       		.byte	0
 654 00a0 00       		.byte	0
 655 00a1 0C       		.uleb128 0xc
 656 00a2 898201   		.uleb128 0x4109
 657 00a5 00       		.byte	0
 658 00a6 11       		.uleb128 0x11
 659 00a7 01       		.uleb128 0x1
 660 00a8 31       		.uleb128 0x31
 661 00a9 13       		.uleb128 0x13
 662 00aa 00       		.byte	0
 663 00ab 00       		.byte	0
 664 00ac 0D       		.uleb128 0xd
 665 00ad 34       		.uleb128 0x34
 666 00ae 00       		.byte	0
 667 00af 03       		.uleb128 0x3
 668 00b0 0E       		.uleb128 0xe
 669 00b1 3A       		.uleb128 0x3a
 670 00b2 0B       		.uleb128 0xb
 671 00b3 3B       		.uleb128 0x3b
 672 00b4 0B       		.uleb128 0xb
 673 00b5 49       		.uleb128 0x49
 674 00b6 13       		.uleb128 0x13
 675 00b7 3F       		.uleb128 0x3f
 676 00b8 19       		.uleb128 0x19
 677 00b9 02       		.uleb128 0x2
 678 00ba 18       		.uleb128 0x18
 679 00bb 00       		.byte	0
 680 00bc 00       		.byte	0
 681 00bd 0E       		.uleb128 0xe
 682 00be 2E       		.uleb128 0x2e
 683 00bf 00       		.byte	0
 684 00c0 3F       		.uleb128 0x3f
 685 00c1 19       		.uleb128 0x19
 686 00c2 03       		.uleb128 0x3
 687 00c3 0E       		.uleb128 0xe
 688 00c4 3A       		.uleb128 0x3a
 689 00c5 0B       		.uleb128 0xb
 690 00c6 3B       		.uleb128 0x3b
 691 00c7 0B       		.uleb128 0xb
 692 00c8 27       		.uleb128 0x27
 693 00c9 19       		.uleb128 0x19
ARM GAS  C:\Users\JEPPES~1\AppData\Local\Temp\ccuMQsi0.s 			page 14


 694 00ca 49       		.uleb128 0x49
 695 00cb 13       		.uleb128 0x13
 696 00cc 3C       		.uleb128 0x3c
 697 00cd 19       		.uleb128 0x19
 698 00ce 00       		.byte	0
 699 00cf 00       		.byte	0
 700 00d0 0F       		.uleb128 0xf
 701 00d1 2E       		.uleb128 0x2e
 702 00d2 01       		.byte	0x1
 703 00d3 3F       		.uleb128 0x3f
 704 00d4 19       		.uleb128 0x19
 705 00d5 03       		.uleb128 0x3
 706 00d6 0E       		.uleb128 0xe
 707 00d7 3A       		.uleb128 0x3a
 708 00d8 0B       		.uleb128 0xb
 709 00d9 3B       		.uleb128 0x3b
 710 00da 0B       		.uleb128 0xb
 711 00db 27       		.uleb128 0x27
 712 00dc 19       		.uleb128 0x19
 713 00dd 3C       		.uleb128 0x3c
 714 00de 19       		.uleb128 0x19
 715 00df 01       		.uleb128 0x1
 716 00e0 13       		.uleb128 0x13
 717 00e1 00       		.byte	0
 718 00e2 00       		.byte	0
 719 00e3 10       		.uleb128 0x10
 720 00e4 05       		.uleb128 0x5
 721 00e5 00       		.byte	0
 722 00e6 49       		.uleb128 0x49
 723 00e7 13       		.uleb128 0x13
 724 00e8 00       		.byte	0
 725 00e9 00       		.byte	0
 726 00ea 11       		.uleb128 0x11
 727 00eb 2E       		.uleb128 0x2e
 728 00ec 00       		.byte	0
 729 00ed 3F       		.uleb128 0x3f
 730 00ee 19       		.uleb128 0x19
 731 00ef 03       		.uleb128 0x3
 732 00f0 0E       		.uleb128 0xe
 733 00f1 3A       		.uleb128 0x3a
 734 00f2 0B       		.uleb128 0xb
 735 00f3 3B       		.uleb128 0x3b
 736 00f4 0B       		.uleb128 0xb
 737 00f5 27       		.uleb128 0x27
 738 00f6 19       		.uleb128 0x19
 739 00f7 3C       		.uleb128 0x3c
 740 00f8 19       		.uleb128 0x19
 741 00f9 00       		.byte	0
 742 00fa 00       		.byte	0
 743 00fb 00       		.byte	0
 744              		.section	.debug_aranges,"",%progbits
 745 0000 1C000000 		.4byte	0x1c
 746 0004 0200     		.2byte	0x2
 747 0006 00000000 		.4byte	.Ldebug_info0
 748 000a 04       		.byte	0x4
 749 000b 00       		.byte	0
 750 000c 0000     		.2byte	0
ARM GAS  C:\Users\JEPPES~1\AppData\Local\Temp\ccuMQsi0.s 			page 15


 751 000e 0000     		.2byte	0
 752 0010 00000000 		.4byte	.LFB34
 753 0014 66000000 		.4byte	.LFE34-.LFB34
 754 0018 00000000 		.4byte	0
 755 001c 00000000 		.4byte	0
 756              		.section	.debug_ranges,"",%progbits
 757              	.Ldebug_ranges0:
 758 0000 00000000 		.4byte	.LFB34
 759 0004 66000000 		.4byte	.LFE34
 760 0008 00000000 		.4byte	0
 761 000c 00000000 		.4byte	0
 762              		.section	.debug_line,"",%progbits
 763              	.Ldebug_line0:
 764 0000 A2000000 		.section	.debug_str,"MS",%progbits,1
 764      02008000 
 764      00000201 
 764      FB0E0D00 
 764      01010101 
 765              	.LASF15:
 766 0000 78506F73 		.ascii	"xPos\000"
 766      00
 767              	.LASF20:
 768 0005 7A4D6178 		.ascii	"zMax\000"
 768      00
 769              	.LASF3:
 770 000a 73686F72 		.ascii	"short unsigned int\000"
 770      7420756E 
 770      7369676E 
 770      65642069 
 770      6E7400
 771              	.LASF26:
 772 001d 7365744C 		.ascii	"setLed\000"
 772      656400
 773              	.LASF22:
 774 0024 71756575 		.ascii	"queue_init\000"
 774      655F696E 
 774      697400
 775              	.LASF17:
 776 002f 79506F73 		.ascii	"yPos\000"
 776      00
 777              	.LASF9:
 778 0034 666C6F61 		.ascii	"float\000"
 778      7400
 779              	.LASF1:
 780 003a 756E7369 		.ascii	"unsigned char\000"
 780      676E6564 
 780      20636861 
 780      7200
 781              	.LASF35:
 782 0048 61637469 		.ascii	"action\000"
 782      6F6E00
 783              	.LASF28:
 784 004f 6973456D 		.ascii	"isEmptyQueue\000"
 784      70747951 
 784      75657565 
 784      00
 785              	.LASF5:
ARM GAS  C:\Users\JEPPES~1\AppData\Local\Temp\ccuMQsi0.s 			page 16


 786 005c 6C6F6E67 		.ascii	"long unsigned int\000"
 786      20756E73 
 786      69676E65 
 786      6420696E 
 786      7400
 787              	.LASF32:
 788 006e 75696E74 		.ascii	"uint8\000"
 788      3800
 789              	.LASF25:
 790 0074 6932635F 		.ascii	"i2c_init\000"
 790      696E6974 
 790      00
 791              	.LASF19:
 792 007d 7A506F73 		.ascii	"zPos\000"
 792      00
 793              	.LASF10:
 794 0082 646F7562 		.ascii	"double\000"
 794      6C6500
 795              	.LASF33:
 796 0089 44617461 		.ascii	"Data\000"
 796      00
 797              	.LASF30:
 798 008e 2E5C6D61 		.ascii	".\\main.c\000"
 798      696E2E63 
 798      00
 799              	.LASF34:
 800 0097 6D61696E 		.ascii	"main\000"
 800      00
 801              	.LASF8:
 802 009c 756E7369 		.ascii	"unsigned int\000"
 802      676E6564 
 802      20696E74 
 802      00
 803              	.LASF31:
 804 00a9 433A5C45 		.ascii	"C:\\E3PRJ3-Gruppe1\\PSoC\\PSoC4Master.cydsn\000"
 804      3350524A 
 804      332D4772 
 804      75707065 
 804      315C5053 
 805              	.LASF7:
 806 00d2 6C6F6E67 		.ascii	"long long unsigned int\000"
 806      206C6F6E 
 806      6720756E 
 806      7369676E 
 806      65642069 
 807              	.LASF16:
 808 00e9 784D6178 		.ascii	"xMax\000"
 808      00
 809              	.LASF23:
 810 00ee 706F7051 		.ascii	"popQueue\000"
 810      75657565 
 810      00
 811              	.LASF21:
 812 00f7 68616E64 		.ascii	"handler\000"
 812      6C657200 
 813              	.LASF12:
 814 00ff 73697A65 		.ascii	"sizetype\000"
ARM GAS  C:\Users\JEPPES~1\AppData\Local\Temp\ccuMQsi0.s 			page 17


 814      74797065 
 814      00
 815              	.LASF29:
 816 0108 474E5520 		.ascii	"GNU C 4.9.3 20150303 (release) [ARM/embedded-4_9-br"
 816      4320342E 
 816      392E3320 
 816      32303135 
 816      30333033 
 817 013b 616E6368 		.ascii	"anch revision 221220] -mcpu=cortex-m0 -mthumb -g -O"
 817      20726576 
 817      6973696F 
 817      6E203232 
 817      31323230 
 818 016e 67202D66 		.ascii	"g -ffunction-sections -ffat-lto-objects\000"
 818      66756E63 
 818      74696F6E 
 818      2D736563 
 818      74696F6E 
 819              	.LASF6:
 820 0196 6C6F6E67 		.ascii	"long long int\000"
 820      206C6F6E 
 820      6720696E 
 820      7400
 821              	.LASF14:
 822 01a4 76616C5F 		.ascii	"val_\000"
 822      00
 823              	.LASF13:
 824 01a9 636D645F 		.ascii	"cmd_\000"
 824      00
 825              	.LASF24:
 826 01ae 7370695F 		.ascii	"spi_init\000"
 826      696E6974 
 826      00
 827              	.LASF2:
 828 01b7 73686F72 		.ascii	"short int\000"
 828      7420696E 
 828      7400
 829              	.LASF18:
 830 01c1 794D6178 		.ascii	"yMax\000"
 830      00
 831              	.LASF4:
 832 01c6 6C6F6E67 		.ascii	"long int\000"
 832      20696E74 
 832      00
 833              	.LASF11:
 834 01cf 63686172 		.ascii	"char\000"
 834      00
 835              	.LASF0:
 836 01d4 7369676E 		.ascii	"signed char\000"
 836      65642063 
 836      68617200 
 837              	.LASF27:
 838 01e0 66726F6E 		.ascii	"frontQueue\000"
 838      74517565 
 838      756500
 839              		.ident	"GCC: (GNU Tools for ARM Embedded Processors) 4.9.3 20150303 (release) [ARM/embedded-4_9-br
