ARM GAS  C:\Users\JEPPES~1\AppData\Local\Temp\cc0i2YeH.s 			page 1


   1              		.cpu cortex-m0
   2              		.fpu softvfp
   3              		.eabi_attribute 20, 1
   4              		.eabi_attribute 21, 1
   5              		.eabi_attribute 23, 3
   6              		.eabi_attribute 24, 1
   7              		.eabi_attribute 25, 1
   8              		.eabi_attribute 26, 1
   9              		.eabi_attribute 30, 1
  10              		.eabi_attribute 34, 0
  11              		.eabi_attribute 18, 4
  12              		.code	16
  13              		.file	"master.c"
  14              		.text
  15              	.Ltext0:
  16              		.cfi_sections	.debug_frame
  17              		.section	.text.master_init,"ax",%progbits
  18              		.align	2
  19              		.global	master_init
  20              		.code	16
  21              		.thumb_func
  22              		.type	master_init, %function
  23              	master_init:
  24              	.LFB34:
  25              		.file 1 ".\\master.c"
   1:.\master.c    **** /* ========================================
   2:.\master.c    ****  *
   3:.\master.c    ****  * File: master.c
   4:.\master.c    ****  * Description: 
   5:.\master.c    ****  *
   6:.\master.c    ****  * University: AARHUS UNIVERSITY SCHOOL OF ENGINEERING
   7:.\master.c    ****  * Project: F16 - E3PRJ3-02 Semesterprojekt 3 [240501U178]
   8:.\master.c    ****  * Group: 1
   9:.\master.c    ****  * 
  10:.\master.c    ****  * Author: Jeppe Stærk
  11:.\master.c    ****  * Matriculation number: 201271201
  12:.\master.c    ****  *
  13:.\master.c    ****  * Version: 1.0
  14:.\master.c    ****  * Date: 13-05-2016
  15:.\master.c    ****  *
  16:.\master.c    ****  * ========================================
  17:.\master.c    **** */
  18:.\master.c    **** 
  19:.\master.c    **** #include "master.h"
  20:.\master.c    ****    
  21:.\master.c    **** void master_init(void) {
  26              		.loc 1 21 0
  27              		.cfi_startproc
  22:.\master.c    ****     
  23:.\master.c    **** }
  28              		.loc 1 23 0
  29              		@ sp needed
  30 0000 7047     		bx	lr
  31              		.cfi_endproc
  32              	.LFE34:
  33              		.size	master_init, .-master_init
  34 0002 C046     		.section	.text.setMasterLed,"ax",%progbits
ARM GAS  C:\Users\JEPPES~1\AppData\Local\Temp\cc0i2YeH.s 			page 2


  35              		.align	2
  36              		.global	setMasterLed
  37              		.code	16
  38              		.thumb_func
  39              		.type	setMasterLed, %function
  40              	setMasterLed:
  41              	.LFB35:
  24:.\master.c    **** 
  25:.\master.c    **** uint8 setMasterLed(uint8 red, uint8 green, uint8 blue) {
  42              		.loc 1 25 0
  43              		.cfi_startproc
  44              	.LVL0:
  45 0000 38B5     		push	{r3, r4, r5, lr}
  46              		.cfi_def_cfa_offset 16
  47              		.cfi_offset 3, -16
  48              		.cfi_offset 4, -12
  49              		.cfi_offset 5, -8
  50              		.cfi_offset 14, -4
  51 0002 0D1C     		mov	r5, r1
  52 0004 141C     		mov	r4, r2
  26:.\master.c    ****     red ? LED_RED_Write(MASTER_LED_RED_ON) : LED_RED_Write(MASTER_LED_RED_OFF);
  53              		.loc 1 26 0
  54 0006 0028     		cmp	r0, #0
  55 0008 03D0     		beq	.L3
  56              		.loc 1 26 0 is_stmt 0 discriminator 1
  57 000a 0020     		mov	r0, #0
  58              	.LVL1:
  59 000c FFF7FEFF 		bl	LED_RED_Write
  60              	.LVL2:
  61 0010 02E0     		b	.L4
  62              	.LVL3:
  63              	.L3:
  64              		.loc 1 26 0 discriminator 2
  65 0012 0120     		mov	r0, #1
  66              	.LVL4:
  67 0014 FFF7FEFF 		bl	LED_RED_Write
  68              	.LVL5:
  69              	.L4:
  27:.\master.c    ****     green ? LED_GREEN_Write(MASTER_LED_GREEN_ON) : LED_GREEN_Write(MASTER_LED_GREEN_OFF);
  70              		.loc 1 27 0 is_stmt 1
  71 0018 002D     		cmp	r5, #0
  72 001a 03D0     		beq	.L5
  73              		.loc 1 27 0 is_stmt 0 discriminator 1
  74 001c 0020     		mov	r0, #0
  75 001e FFF7FEFF 		bl	LED_GREEN_Write
  76              	.LVL6:
  77 0022 02E0     		b	.L6
  78              	.L5:
  79              		.loc 1 27 0 discriminator 2
  80 0024 0120     		mov	r0, #1
  81 0026 FFF7FEFF 		bl	LED_GREEN_Write
  82              	.LVL7:
  83              	.L6:
  28:.\master.c    ****     blue ? LED_BLUE_Write(MASTER_LED_BLUE_ON) : LED_BLUE_Write(MASTER_LED_BLUE_OFF);
  84              		.loc 1 28 0 is_stmt 1
  85 002a 002C     		cmp	r4, #0
  86 002c 03D0     		beq	.L7
ARM GAS  C:\Users\JEPPES~1\AppData\Local\Temp\cc0i2YeH.s 			page 3


  87              		.loc 1 28 0 is_stmt 0 discriminator 1
  88 002e 0020     		mov	r0, #0
  89 0030 FFF7FEFF 		bl	LED_BLUE_Write
  90              	.LVL8:
  91 0034 02E0     		b	.L8
  92              	.L7:
  93              		.loc 1 28 0 discriminator 2
  94 0036 0120     		mov	r0, #1
  95 0038 FFF7FEFF 		bl	LED_BLUE_Write
  96              	.LVL9:
  97              	.L8:
  29:.\master.c    ****     
  30:.\master.c    ****     return 1;
  31:.\master.c    **** }
  98              		.loc 1 31 0 is_stmt 1
  99 003c 0120     		mov	r0, #1
 100              		@ sp needed
 101 003e 38BD     		pop	{r3, r4, r5, pc}
 102              		.cfi_endproc
 103              	.LFE35:
 104              		.size	setMasterLed, .-setMasterLed
 105              		.text
 106              	.Letext0:
 107              		.file 2 "Generated_Source\\PSoC4/LED_RED.h"
 108              		.file 3 "Generated_Source\\PSoC4/LED_GREEN.h"
 109              		.file 4 "Generated_Source\\PSoC4/cytypes.h"
 110              		.file 5 "Generated_Source\\PSoC4/LED_BLUE.h"
 111              		.section	.debug_info,"",%progbits
 112              	.Ldebug_info0:
 113 0000 85010000 		.4byte	0x185
 114 0004 0400     		.2byte	0x4
 115 0006 00000000 		.4byte	.Ldebug_abbrev0
 116 000a 04       		.byte	0x4
 117 000b 01       		.uleb128 0x1
 118 000c E1000000 		.4byte	.LASF17
 119 0010 01       		.byte	0x1
 120 0011 76000000 		.4byte	.LASF18
 121 0015 37000000 		.4byte	.LASF19
 122 0019 00000000 		.4byte	.Ldebug_ranges0+0
 123 001d 00000000 		.4byte	0
 124 0021 00000000 		.4byte	.Ldebug_line0
 125 0025 02       		.uleb128 0x2
 126 0026 01       		.byte	0x1
 127 0027 06       		.byte	0x6
 128 0028 D5000000 		.4byte	.LASF0
 129 002c 02       		.uleb128 0x2
 130 002d 01       		.byte	0x1
 131 002e 08       		.byte	0x8
 132 002f 81000000 		.4byte	.LASF1
 133 0033 02       		.uleb128 0x2
 134 0034 02       		.byte	0x2
 135 0035 05       		.byte	0x5
 136 0036 6F010000 		.4byte	.LASF2
 137 003a 02       		.uleb128 0x2
 138 003b 02       		.byte	0x2
 139 003c 07       		.byte	0x7
 140 003d C2000000 		.4byte	.LASF3
ARM GAS  C:\Users\JEPPES~1\AppData\Local\Temp\cc0i2YeH.s 			page 4


 141 0041 02       		.uleb128 0x2
 142 0042 04       		.byte	0x4
 143 0043 05       		.byte	0x5
 144 0044 94000000 		.4byte	.LASF4
 145 0048 02       		.uleb128 0x2
 146 0049 04       		.byte	0x4
 147 004a 07       		.byte	0x7
 148 004b 25000000 		.4byte	.LASF5
 149 004f 02       		.uleb128 0x2
 150 0050 08       		.byte	0x8
 151 0051 05       		.byte	0x5
 152 0052 00000000 		.4byte	.LASF6
 153 0056 02       		.uleb128 0x2
 154 0057 08       		.byte	0x8
 155 0058 07       		.byte	0x7
 156 0059 53000000 		.4byte	.LASF7
 157 005d 03       		.uleb128 0x3
 158 005e 04       		.byte	0x4
 159 005f 05       		.byte	0x5
 160 0060 696E7400 		.ascii	"int\000"
 161 0064 02       		.uleb128 0x2
 162 0065 04       		.byte	0x4
 163 0066 07       		.byte	0x7
 164 0067 86010000 		.4byte	.LASF8
 165 006b 04       		.uleb128 0x4
 166 006c 1F000000 		.4byte	.LASF20
 167 0070 04       		.byte	0x4
 168 0071 3801     		.2byte	0x138
 169 0073 2C000000 		.4byte	0x2c
 170 0077 02       		.uleb128 0x2
 171 0078 04       		.byte	0x4
 172 0079 04       		.byte	0x4
 173 007a 70000000 		.4byte	.LASF9
 174 007e 02       		.uleb128 0x2
 175 007f 08       		.byte	0x8
 176 0080 04       		.byte	0x4
 177 0081 BB000000 		.4byte	.LASF10
 178 0085 02       		.uleb128 0x2
 179 0086 01       		.byte	0x1
 180 0087 08       		.byte	0x8
 181 0088 8F000000 		.4byte	.LASF11
 182 008c 02       		.uleb128 0x2
 183 008d 04       		.byte	0x4
 184 008e 07       		.byte	0x7
 185 008f A2010000 		.4byte	.LASF12
 186 0093 05       		.uleb128 0x5
 187 0094 0E000000 		.4byte	.LASF21
 188 0098 01       		.byte	0x1
 189 0099 15       		.byte	0x15
 190 009a 00000000 		.4byte	.LFB34
 191 009e 02000000 		.4byte	.LFE34-.LFB34
 192 00a2 01       		.uleb128 0x1
 193 00a3 9C       		.byte	0x9c
 194 00a4 06       		.uleb128 0x6
 195 00a5 79010000 		.4byte	.LASF22
 196 00a9 01       		.byte	0x1
 197 00aa 19       		.byte	0x19
ARM GAS  C:\Users\JEPPES~1\AppData\Local\Temp\cc0i2YeH.s 			page 5


 198 00ab 6B000000 		.4byte	0x6b
 199 00af 00000000 		.4byte	.LFB35
 200 00b3 40000000 		.4byte	.LFE35-.LFB35
 201 00b7 01       		.uleb128 0x1
 202 00b8 9C       		.byte	0x9c
 203 00b9 59010000 		.4byte	0x159
 204 00bd 07       		.uleb128 0x7
 205 00be 72656400 		.ascii	"red\000"
 206 00c2 01       		.byte	0x1
 207 00c3 19       		.byte	0x19
 208 00c4 6B000000 		.4byte	0x6b
 209 00c8 00000000 		.4byte	.LLST0
 210 00cc 08       		.uleb128 0x8
 211 00cd 6A000000 		.4byte	.LASF13
 212 00d1 01       		.byte	0x1
 213 00d2 19       		.byte	0x19
 214 00d3 6B000000 		.4byte	0x6b
 215 00d7 3A000000 		.4byte	.LLST1
 216 00db 08       		.uleb128 0x8
 217 00dc 1A000000 		.4byte	.LASF14
 218 00e0 01       		.byte	0x1
 219 00e1 19       		.byte	0x19
 220 00e2 6B000000 		.4byte	0x6b
 221 00e6 74000000 		.4byte	.LLST2
 222 00ea 09       		.uleb128 0x9
 223 00eb 10000000 		.4byte	.LVL2
 224 00ef 59010000 		.4byte	0x159
 225 00f3 FD000000 		.4byte	0xfd
 226 00f7 0A       		.uleb128 0xa
 227 00f8 01       		.uleb128 0x1
 228 00f9 50       		.byte	0x50
 229 00fa 01       		.uleb128 0x1
 230 00fb 30       		.byte	0x30
 231 00fc 00       		.byte	0
 232 00fd 09       		.uleb128 0x9
 233 00fe 18000000 		.4byte	.LVL5
 234 0102 59010000 		.4byte	0x159
 235 0106 10010000 		.4byte	0x110
 236 010a 0A       		.uleb128 0xa
 237 010b 01       		.uleb128 0x1
 238 010c 50       		.byte	0x50
 239 010d 01       		.uleb128 0x1
 240 010e 31       		.byte	0x31
 241 010f 00       		.byte	0
 242 0110 09       		.uleb128 0x9
 243 0111 22000000 		.4byte	.LVL6
 244 0115 6A010000 		.4byte	0x16a
 245 0119 23010000 		.4byte	0x123
 246 011d 0A       		.uleb128 0xa
 247 011e 01       		.uleb128 0x1
 248 011f 50       		.byte	0x50
 249 0120 01       		.uleb128 0x1
 250 0121 30       		.byte	0x30
 251 0122 00       		.byte	0
 252 0123 09       		.uleb128 0x9
 253 0124 2A000000 		.4byte	.LVL7
 254 0128 6A010000 		.4byte	0x16a
ARM GAS  C:\Users\JEPPES~1\AppData\Local\Temp\cc0i2YeH.s 			page 6


 255 012c 36010000 		.4byte	0x136
 256 0130 0A       		.uleb128 0xa
 257 0131 01       		.uleb128 0x1
 258 0132 50       		.byte	0x50
 259 0133 01       		.uleb128 0x1
 260 0134 31       		.byte	0x31
 261 0135 00       		.byte	0
 262 0136 09       		.uleb128 0x9
 263 0137 34000000 		.4byte	.LVL8
 264 013b 7B010000 		.4byte	0x17b
 265 013f 49010000 		.4byte	0x149
 266 0143 0A       		.uleb128 0xa
 267 0144 01       		.uleb128 0x1
 268 0145 50       		.byte	0x50
 269 0146 01       		.uleb128 0x1
 270 0147 30       		.byte	0x30
 271 0148 00       		.byte	0
 272 0149 0B       		.uleb128 0xb
 273 014a 3C000000 		.4byte	.LVL9
 274 014e 7B010000 		.4byte	0x17b
 275 0152 0A       		.uleb128 0xa
 276 0153 01       		.uleb128 0x1
 277 0154 50       		.byte	0x50
 278 0155 01       		.uleb128 0x1
 279 0156 31       		.byte	0x31
 280 0157 00       		.byte	0
 281 0158 00       		.byte	0
 282 0159 0C       		.uleb128 0xc
 283 015a 9D000000 		.4byte	.LASF15
 284 015e 02       		.byte	0x2
 285 015f 33       		.byte	0x33
 286 0160 6A010000 		.4byte	0x16a
 287 0164 0D       		.uleb128 0xd
 288 0165 6B000000 		.4byte	0x6b
 289 0169 00       		.byte	0
 290 016a 0C       		.uleb128 0xc
 291 016b AB000000 		.4byte	.LASF16
 292 016f 03       		.byte	0x3
 293 0170 33       		.byte	0x33
 294 0171 7B010000 		.4byte	0x17b
 295 0175 0D       		.uleb128 0xd
 296 0176 6B000000 		.4byte	0x6b
 297 017a 00       		.byte	0
 298 017b 0E       		.uleb128 0xe
 299 017c 93010000 		.4byte	.LASF23
 300 0180 05       		.byte	0x5
 301 0181 33       		.byte	0x33
 302 0182 0D       		.uleb128 0xd
 303 0183 6B000000 		.4byte	0x6b
 304 0187 00       		.byte	0
 305 0188 00       		.byte	0
 306              		.section	.debug_abbrev,"",%progbits
 307              	.Ldebug_abbrev0:
 308 0000 01       		.uleb128 0x1
 309 0001 11       		.uleb128 0x11
 310 0002 01       		.byte	0x1
 311 0003 25       		.uleb128 0x25
ARM GAS  C:\Users\JEPPES~1\AppData\Local\Temp\cc0i2YeH.s 			page 7


 312 0004 0E       		.uleb128 0xe
 313 0005 13       		.uleb128 0x13
 314 0006 0B       		.uleb128 0xb
 315 0007 03       		.uleb128 0x3
 316 0008 0E       		.uleb128 0xe
 317 0009 1B       		.uleb128 0x1b
 318 000a 0E       		.uleb128 0xe
 319 000b 55       		.uleb128 0x55
 320 000c 17       		.uleb128 0x17
 321 000d 11       		.uleb128 0x11
 322 000e 01       		.uleb128 0x1
 323 000f 10       		.uleb128 0x10
 324 0010 17       		.uleb128 0x17
 325 0011 00       		.byte	0
 326 0012 00       		.byte	0
 327 0013 02       		.uleb128 0x2
 328 0014 24       		.uleb128 0x24
 329 0015 00       		.byte	0
 330 0016 0B       		.uleb128 0xb
 331 0017 0B       		.uleb128 0xb
 332 0018 3E       		.uleb128 0x3e
 333 0019 0B       		.uleb128 0xb
 334 001a 03       		.uleb128 0x3
 335 001b 0E       		.uleb128 0xe
 336 001c 00       		.byte	0
 337 001d 00       		.byte	0
 338 001e 03       		.uleb128 0x3
 339 001f 24       		.uleb128 0x24
 340 0020 00       		.byte	0
 341 0021 0B       		.uleb128 0xb
 342 0022 0B       		.uleb128 0xb
 343 0023 3E       		.uleb128 0x3e
 344 0024 0B       		.uleb128 0xb
 345 0025 03       		.uleb128 0x3
 346 0026 08       		.uleb128 0x8
 347 0027 00       		.byte	0
 348 0028 00       		.byte	0
 349 0029 04       		.uleb128 0x4
 350 002a 16       		.uleb128 0x16
 351 002b 00       		.byte	0
 352 002c 03       		.uleb128 0x3
 353 002d 0E       		.uleb128 0xe
 354 002e 3A       		.uleb128 0x3a
 355 002f 0B       		.uleb128 0xb
 356 0030 3B       		.uleb128 0x3b
 357 0031 05       		.uleb128 0x5
 358 0032 49       		.uleb128 0x49
 359 0033 13       		.uleb128 0x13
 360 0034 00       		.byte	0
 361 0035 00       		.byte	0
 362 0036 05       		.uleb128 0x5
 363 0037 2E       		.uleb128 0x2e
 364 0038 00       		.byte	0
 365 0039 3F       		.uleb128 0x3f
 366 003a 19       		.uleb128 0x19
 367 003b 03       		.uleb128 0x3
 368 003c 0E       		.uleb128 0xe
ARM GAS  C:\Users\JEPPES~1\AppData\Local\Temp\cc0i2YeH.s 			page 8


 369 003d 3A       		.uleb128 0x3a
 370 003e 0B       		.uleb128 0xb
 371 003f 3B       		.uleb128 0x3b
 372 0040 0B       		.uleb128 0xb
 373 0041 27       		.uleb128 0x27
 374 0042 19       		.uleb128 0x19
 375 0043 11       		.uleb128 0x11
 376 0044 01       		.uleb128 0x1
 377 0045 12       		.uleb128 0x12
 378 0046 06       		.uleb128 0x6
 379 0047 40       		.uleb128 0x40
 380 0048 18       		.uleb128 0x18
 381 0049 9742     		.uleb128 0x2117
 382 004b 19       		.uleb128 0x19
 383 004c 00       		.byte	0
 384 004d 00       		.byte	0
 385 004e 06       		.uleb128 0x6
 386 004f 2E       		.uleb128 0x2e
 387 0050 01       		.byte	0x1
 388 0051 3F       		.uleb128 0x3f
 389 0052 19       		.uleb128 0x19
 390 0053 03       		.uleb128 0x3
 391 0054 0E       		.uleb128 0xe
 392 0055 3A       		.uleb128 0x3a
 393 0056 0B       		.uleb128 0xb
 394 0057 3B       		.uleb128 0x3b
 395 0058 0B       		.uleb128 0xb
 396 0059 27       		.uleb128 0x27
 397 005a 19       		.uleb128 0x19
 398 005b 49       		.uleb128 0x49
 399 005c 13       		.uleb128 0x13
 400 005d 11       		.uleb128 0x11
 401 005e 01       		.uleb128 0x1
 402 005f 12       		.uleb128 0x12
 403 0060 06       		.uleb128 0x6
 404 0061 40       		.uleb128 0x40
 405 0062 18       		.uleb128 0x18
 406 0063 9742     		.uleb128 0x2117
 407 0065 19       		.uleb128 0x19
 408 0066 01       		.uleb128 0x1
 409 0067 13       		.uleb128 0x13
 410 0068 00       		.byte	0
 411 0069 00       		.byte	0
 412 006a 07       		.uleb128 0x7
 413 006b 05       		.uleb128 0x5
 414 006c 00       		.byte	0
 415 006d 03       		.uleb128 0x3
 416 006e 08       		.uleb128 0x8
 417 006f 3A       		.uleb128 0x3a
 418 0070 0B       		.uleb128 0xb
 419 0071 3B       		.uleb128 0x3b
 420 0072 0B       		.uleb128 0xb
 421 0073 49       		.uleb128 0x49
 422 0074 13       		.uleb128 0x13
 423 0075 02       		.uleb128 0x2
 424 0076 17       		.uleb128 0x17
 425 0077 00       		.byte	0
ARM GAS  C:\Users\JEPPES~1\AppData\Local\Temp\cc0i2YeH.s 			page 9


 426 0078 00       		.byte	0
 427 0079 08       		.uleb128 0x8
 428 007a 05       		.uleb128 0x5
 429 007b 00       		.byte	0
 430 007c 03       		.uleb128 0x3
 431 007d 0E       		.uleb128 0xe
 432 007e 3A       		.uleb128 0x3a
 433 007f 0B       		.uleb128 0xb
 434 0080 3B       		.uleb128 0x3b
 435 0081 0B       		.uleb128 0xb
 436 0082 49       		.uleb128 0x49
 437 0083 13       		.uleb128 0x13
 438 0084 02       		.uleb128 0x2
 439 0085 17       		.uleb128 0x17
 440 0086 00       		.byte	0
 441 0087 00       		.byte	0
 442 0088 09       		.uleb128 0x9
 443 0089 898201   		.uleb128 0x4109
 444 008c 01       		.byte	0x1
 445 008d 11       		.uleb128 0x11
 446 008e 01       		.uleb128 0x1
 447 008f 31       		.uleb128 0x31
 448 0090 13       		.uleb128 0x13
 449 0091 01       		.uleb128 0x1
 450 0092 13       		.uleb128 0x13
 451 0093 00       		.byte	0
 452 0094 00       		.byte	0
 453 0095 0A       		.uleb128 0xa
 454 0096 8A8201   		.uleb128 0x410a
 455 0099 00       		.byte	0
 456 009a 02       		.uleb128 0x2
 457 009b 18       		.uleb128 0x18
 458 009c 9142     		.uleb128 0x2111
 459 009e 18       		.uleb128 0x18
 460 009f 00       		.byte	0
 461 00a0 00       		.byte	0
 462 00a1 0B       		.uleb128 0xb
 463 00a2 898201   		.uleb128 0x4109
 464 00a5 01       		.byte	0x1
 465 00a6 11       		.uleb128 0x11
 466 00a7 01       		.uleb128 0x1
 467 00a8 31       		.uleb128 0x31
 468 00a9 13       		.uleb128 0x13
 469 00aa 00       		.byte	0
 470 00ab 00       		.byte	0
 471 00ac 0C       		.uleb128 0xc
 472 00ad 2E       		.uleb128 0x2e
 473 00ae 01       		.byte	0x1
 474 00af 3F       		.uleb128 0x3f
 475 00b0 19       		.uleb128 0x19
 476 00b1 03       		.uleb128 0x3
 477 00b2 0E       		.uleb128 0xe
 478 00b3 3A       		.uleb128 0x3a
 479 00b4 0B       		.uleb128 0xb
 480 00b5 3B       		.uleb128 0x3b
 481 00b6 0B       		.uleb128 0xb
 482 00b7 27       		.uleb128 0x27
ARM GAS  C:\Users\JEPPES~1\AppData\Local\Temp\cc0i2YeH.s 			page 10


 483 00b8 19       		.uleb128 0x19
 484 00b9 3C       		.uleb128 0x3c
 485 00ba 19       		.uleb128 0x19
 486 00bb 01       		.uleb128 0x1
 487 00bc 13       		.uleb128 0x13
 488 00bd 00       		.byte	0
 489 00be 00       		.byte	0
 490 00bf 0D       		.uleb128 0xd
 491 00c0 05       		.uleb128 0x5
 492 00c1 00       		.byte	0
 493 00c2 49       		.uleb128 0x49
 494 00c3 13       		.uleb128 0x13
 495 00c4 00       		.byte	0
 496 00c5 00       		.byte	0
 497 00c6 0E       		.uleb128 0xe
 498 00c7 2E       		.uleb128 0x2e
 499 00c8 01       		.byte	0x1
 500 00c9 3F       		.uleb128 0x3f
 501 00ca 19       		.uleb128 0x19
 502 00cb 03       		.uleb128 0x3
 503 00cc 0E       		.uleb128 0xe
 504 00cd 3A       		.uleb128 0x3a
 505 00ce 0B       		.uleb128 0xb
 506 00cf 3B       		.uleb128 0x3b
 507 00d0 0B       		.uleb128 0xb
 508 00d1 27       		.uleb128 0x27
 509 00d2 19       		.uleb128 0x19
 510 00d3 3C       		.uleb128 0x3c
 511 00d4 19       		.uleb128 0x19
 512 00d5 00       		.byte	0
 513 00d6 00       		.byte	0
 514 00d7 00       		.byte	0
 515              		.section	.debug_loc,"",%progbits
 516              	.Ldebug_loc0:
 517              	.LLST0:
 518 0000 00000000 		.4byte	.LVL0
 519 0004 0C000000 		.4byte	.LVL1
 520 0008 0100     		.2byte	0x1
 521 000a 50       		.byte	0x50
 522 000b 0C000000 		.4byte	.LVL1
 523 000f 12000000 		.4byte	.LVL3
 524 0013 0400     		.2byte	0x4
 525 0015 F3       		.byte	0xf3
 526 0016 01       		.uleb128 0x1
 527 0017 50       		.byte	0x50
 528 0018 9F       		.byte	0x9f
 529 0019 12000000 		.4byte	.LVL3
 530 001d 14000000 		.4byte	.LVL4
 531 0021 0100     		.2byte	0x1
 532 0023 50       		.byte	0x50
 533 0024 14000000 		.4byte	.LVL4
 534 0028 40000000 		.4byte	.LFE35
 535 002c 0400     		.2byte	0x4
 536 002e F3       		.byte	0xf3
 537 002f 01       		.uleb128 0x1
 538 0030 50       		.byte	0x50
 539 0031 9F       		.byte	0x9f
ARM GAS  C:\Users\JEPPES~1\AppData\Local\Temp\cc0i2YeH.s 			page 11


 540 0032 00000000 		.4byte	0
 541 0036 00000000 		.4byte	0
 542              	.LLST1:
 543 003a 00000000 		.4byte	.LVL0
 544 003e 0F000000 		.4byte	.LVL2-1
 545 0042 0100     		.2byte	0x1
 546 0044 51       		.byte	0x51
 547 0045 0F000000 		.4byte	.LVL2-1
 548 0049 12000000 		.4byte	.LVL3
 549 004d 0400     		.2byte	0x4
 550 004f F3       		.byte	0xf3
 551 0050 01       		.uleb128 0x1
 552 0051 51       		.byte	0x51
 553 0052 9F       		.byte	0x9f
 554 0053 12000000 		.4byte	.LVL3
 555 0057 17000000 		.4byte	.LVL5-1
 556 005b 0100     		.2byte	0x1
 557 005d 51       		.byte	0x51
 558 005e 17000000 		.4byte	.LVL5-1
 559 0062 40000000 		.4byte	.LFE35
 560 0066 0400     		.2byte	0x4
 561 0068 F3       		.byte	0xf3
 562 0069 01       		.uleb128 0x1
 563 006a 51       		.byte	0x51
 564 006b 9F       		.byte	0x9f
 565 006c 00000000 		.4byte	0
 566 0070 00000000 		.4byte	0
 567              	.LLST2:
 568 0074 00000000 		.4byte	.LVL0
 569 0078 0F000000 		.4byte	.LVL2-1
 570 007c 0100     		.2byte	0x1
 571 007e 52       		.byte	0x52
 572 007f 0F000000 		.4byte	.LVL2-1
 573 0083 12000000 		.4byte	.LVL3
 574 0087 0400     		.2byte	0x4
 575 0089 F3       		.byte	0xf3
 576 008a 01       		.uleb128 0x1
 577 008b 52       		.byte	0x52
 578 008c 9F       		.byte	0x9f
 579 008d 12000000 		.4byte	.LVL3
 580 0091 17000000 		.4byte	.LVL5-1
 581 0095 0100     		.2byte	0x1
 582 0097 52       		.byte	0x52
 583 0098 17000000 		.4byte	.LVL5-1
 584 009c 40000000 		.4byte	.LFE35
 585 00a0 0400     		.2byte	0x4
 586 00a2 F3       		.byte	0xf3
 587 00a3 01       		.uleb128 0x1
 588 00a4 52       		.byte	0x52
 589 00a5 9F       		.byte	0x9f
 590 00a6 00000000 		.4byte	0
 591 00aa 00000000 		.4byte	0
 592              		.section	.debug_aranges,"",%progbits
 593 0000 24000000 		.4byte	0x24
 594 0004 0200     		.2byte	0x2
 595 0006 00000000 		.4byte	.Ldebug_info0
 596 000a 04       		.byte	0x4
ARM GAS  C:\Users\JEPPES~1\AppData\Local\Temp\cc0i2YeH.s 			page 12


 597 000b 00       		.byte	0
 598 000c 0000     		.2byte	0
 599 000e 0000     		.2byte	0
 600 0010 00000000 		.4byte	.LFB34
 601 0014 02000000 		.4byte	.LFE34-.LFB34
 602 0018 00000000 		.4byte	.LFB35
 603 001c 40000000 		.4byte	.LFE35-.LFB35
 604 0020 00000000 		.4byte	0
 605 0024 00000000 		.4byte	0
 606              		.section	.debug_ranges,"",%progbits
 607              	.Ldebug_ranges0:
 608 0000 00000000 		.4byte	.LFB34
 609 0004 02000000 		.4byte	.LFE34
 610 0008 00000000 		.4byte	.LFB35
 611 000c 40000000 		.4byte	.LFE35
 612 0010 00000000 		.4byte	0
 613 0014 00000000 		.4byte	0
 614              		.section	.debug_line,"",%progbits
 615              	.Ldebug_line0:
 616 0000 BC000000 		.section	.debug_str,"MS",%progbits,1
 616      02006F00 
 616      00000201 
 616      FB0E0D00 
 616      01010101 
 617              	.LASF6:
 618 0000 6C6F6E67 		.ascii	"long long int\000"
 618      206C6F6E 
 618      6720696E 
 618      7400
 619              	.LASF21:
 620 000e 6D617374 		.ascii	"master_init\000"
 620      65725F69 
 620      6E697400 
 621              	.LASF14:
 622 001a 626C7565 		.ascii	"blue\000"
 622      00
 623              	.LASF20:
 624 001f 75696E74 		.ascii	"uint8\000"
 624      3800
 625              	.LASF5:
 626 0025 6C6F6E67 		.ascii	"long unsigned int\000"
 626      20756E73 
 626      69676E65 
 626      6420696E 
 626      7400
 627              	.LASF19:
 628 0037 433A5C45 		.ascii	"C:\\E3PRJ3\\PSoC4Master.cydsn\000"
 628      3350524A 
 628      335C5053 
 628      6F43344D 
 628      61737465 
 629              	.LASF7:
 630 0053 6C6F6E67 		.ascii	"long long unsigned int\000"
 630      206C6F6E 
 630      6720756E 
 630      7369676E 
 630      65642069 
ARM GAS  C:\Users\JEPPES~1\AppData\Local\Temp\cc0i2YeH.s 			page 13


 631              	.LASF13:
 632 006a 67726565 		.ascii	"green\000"
 632      6E00
 633              	.LASF9:
 634 0070 666C6F61 		.ascii	"float\000"
 634      7400
 635              	.LASF18:
 636 0076 2E5C6D61 		.ascii	".\\master.c\000"
 636      73746572 
 636      2E6300
 637              	.LASF1:
 638 0081 756E7369 		.ascii	"unsigned char\000"
 638      676E6564 
 638      20636861 
 638      7200
 639              	.LASF11:
 640 008f 63686172 		.ascii	"char\000"
 640      00
 641              	.LASF4:
 642 0094 6C6F6E67 		.ascii	"long int\000"
 642      20696E74 
 642      00
 643              	.LASF15:
 644 009d 4C45445F 		.ascii	"LED_RED_Write\000"
 644      5245445F 
 644      57726974 
 644      6500
 645              	.LASF16:
 646 00ab 4C45445F 		.ascii	"LED_GREEN_Write\000"
 646      47524545 
 646      4E5F5772 
 646      69746500 
 647              	.LASF10:
 648 00bb 646F7562 		.ascii	"double\000"
 648      6C6500
 649              	.LASF3:
 650 00c2 73686F72 		.ascii	"short unsigned int\000"
 650      7420756E 
 650      7369676E 
 650      65642069 
 650      6E7400
 651              	.LASF0:
 652 00d5 7369676E 		.ascii	"signed char\000"
 652      65642063 
 652      68617200 
 653              	.LASF17:
 654 00e1 474E5520 		.ascii	"GNU C 4.9.3 20150303 (release) [ARM/embedded-4_9-br"
 654      4320342E 
 654      392E3320 
 654      32303135 
 654      30333033 
 655 0114 616E6368 		.ascii	"anch revision 221220] -mcpu=cortex-m0 -mthumb -g -O"
 655      20726576 
 655      6973696F 
 655      6E203232 
 655      31323230 
 656 0147 67202D66 		.ascii	"g -ffunction-sections -ffat-lto-objects\000"
ARM GAS  C:\Users\JEPPES~1\AppData\Local\Temp\cc0i2YeH.s 			page 14


 656      66756E63 
 656      74696F6E 
 656      2D736563 
 656      74696F6E 
 657              	.LASF2:
 658 016f 73686F72 		.ascii	"short int\000"
 658      7420696E 
 658      7400
 659              	.LASF22:
 660 0179 7365744D 		.ascii	"setMasterLed\000"
 660      61737465 
 660      724C6564 
 660      00
 661              	.LASF8:
 662 0186 756E7369 		.ascii	"unsigned int\000"
 662      676E6564 
 662      20696E74 
 662      00
 663              	.LASF23:
 664 0193 4C45445F 		.ascii	"LED_BLUE_Write\000"
 664      424C5545 
 664      5F577269 
 664      746500
 665              	.LASF12:
 666 01a2 73697A65 		.ascii	"sizetype\000"
 666      74797065 
 666      00
 667              		.ident	"GCC: (GNU Tools for ARM Embedded Processors) 4.9.3 20150303 (release) [ARM/embedded-4_9-br
