ARM GAS  C:\Users\JEPPES~1\AppData\Local\Temp\ccZ1IpmY.s 			page 1


   1              		.cpu cortex-m0
   2              		.fpu softvfp
   3              		.eabi_attribute 20, 1
   4              		.eabi_attribute 21, 1
   5              		.eabi_attribute 23, 3
   6              		.eabi_attribute 24, 1
   7              		.eabi_attribute 25, 1
   8              		.eabi_attribute 26, 1
   9              		.eabi_attribute 30, 1
  10              		.eabi_attribute 34, 0
  11              		.eabi_attribute 18, 4
  12              		.code	16
  13              		.file	"segments.c"
  14              		.text
  15              	.Ltext0:
  16              		.cfi_sections	.debug_frame
  17              		.section	.text.segments_Write,"ax",%progbits
  18              		.align	2
  19              		.global	segments_Write
  20              		.code	16
  21              		.thumb_func
  22              		.type	segments_Write, %function
  23              	segments_Write:
  24              	.LFB0:
  25              		.file 1 ".\\Generated_Source\\PSoC4\\segments.c"
   1:.\Generated_Source\PSoC4/segments.c **** /*******************************************************************************
   2:.\Generated_Source\PSoC4/segments.c **** * File Name: segments.c  
   3:.\Generated_Source\PSoC4/segments.c **** * Version 2.10
   4:.\Generated_Source\PSoC4/segments.c **** *
   5:.\Generated_Source\PSoC4/segments.c **** * Description:
   6:.\Generated_Source\PSoC4/segments.c **** *  This file contains API to enable firmware control of a Pins component.
   7:.\Generated_Source\PSoC4/segments.c **** *
   8:.\Generated_Source\PSoC4/segments.c **** * Note:
   9:.\Generated_Source\PSoC4/segments.c **** *
  10:.\Generated_Source\PSoC4/segments.c **** ********************************************************************************
  11:.\Generated_Source\PSoC4/segments.c **** * Copyright 2008-2014, Cypress Semiconductor Corporation.  All rights reserved.
  12:.\Generated_Source\PSoC4/segments.c **** * You may use this file only in accordance with the license, terms, conditions, 
  13:.\Generated_Source\PSoC4/segments.c **** * disclaimers, and limitations in the end user license agreement accompanying 
  14:.\Generated_Source\PSoC4/segments.c **** * the software package with which this file was provided.
  15:.\Generated_Source\PSoC4/segments.c **** *******************************************************************************/
  16:.\Generated_Source\PSoC4/segments.c **** 
  17:.\Generated_Source\PSoC4/segments.c **** #include "cytypes.h"
  18:.\Generated_Source\PSoC4/segments.c **** #include "segments.h"
  19:.\Generated_Source\PSoC4/segments.c **** 
  20:.\Generated_Source\PSoC4/segments.c **** #define SetP4PinDriveMode(shift, mode)  \
  21:.\Generated_Source\PSoC4/segments.c ****     do { \
  22:.\Generated_Source\PSoC4/segments.c ****         segments_PC =   (segments_PC & \
  23:.\Generated_Source\PSoC4/segments.c ****                                 (uint32)(~(uint32)(segments_DRIVE_MODE_IND_MASK << (segments_DRIVE_
  24:.\Generated_Source\PSoC4/segments.c ****                                 (uint32)((uint32)(mode) << (segments_DRIVE_MODE_BITS * (shift))); \
  25:.\Generated_Source\PSoC4/segments.c ****     } while (0)
  26:.\Generated_Source\PSoC4/segments.c **** 
  27:.\Generated_Source\PSoC4/segments.c **** 
  28:.\Generated_Source\PSoC4/segments.c **** /*******************************************************************************
  29:.\Generated_Source\PSoC4/segments.c **** * Function Name: segments_Write
  30:.\Generated_Source\PSoC4/segments.c **** ********************************************************************************
  31:.\Generated_Source\PSoC4/segments.c **** *
  32:.\Generated_Source\PSoC4/segments.c **** * Summary:
ARM GAS  C:\Users\JEPPES~1\AppData\Local\Temp\ccZ1IpmY.s 			page 2


  33:.\Generated_Source\PSoC4/segments.c **** *  Assign a new value to the digital port's data output register.  
  34:.\Generated_Source\PSoC4/segments.c **** *
  35:.\Generated_Source\PSoC4/segments.c **** * Parameters:  
  36:.\Generated_Source\PSoC4/segments.c **** *  prtValue:  The value to be assigned to the Digital Port. 
  37:.\Generated_Source\PSoC4/segments.c **** *
  38:.\Generated_Source\PSoC4/segments.c **** * Return: 
  39:.\Generated_Source\PSoC4/segments.c **** *  None 
  40:.\Generated_Source\PSoC4/segments.c **** *  
  41:.\Generated_Source\PSoC4/segments.c **** *******************************************************************************/
  42:.\Generated_Source\PSoC4/segments.c **** void segments_Write(uint8 value) 
  43:.\Generated_Source\PSoC4/segments.c **** {
  26              		.loc 1 43 0
  27              		.cfi_startproc
  28              	.LVL0:
  44:.\Generated_Source\PSoC4/segments.c ****     uint8 drVal = (uint8)(segments_DR & (uint8)(~segments_MASK));
  29              		.loc 1 44 0
  30 0000 014B     		ldr	r3, .L2
  31 0002 1A68     		ldr	r2, [r3]
  32              	.LVL1:
  45:.\Generated_Source\PSoC4/segments.c ****     drVal = (drVal | ((uint8)(value << segments_SHIFT) & segments_MASK));
  46:.\Generated_Source\PSoC4/segments.c ****     segments_DR = (uint32)drVal;
  33              		.loc 1 46 0
  34 0004 1860     		str	r0, [r3]
  47:.\Generated_Source\PSoC4/segments.c **** }
  35              		.loc 1 47 0
  36              		@ sp needed
  37 0006 7047     		bx	lr
  38              	.L3:
  39              		.align	2
  40              	.L2:
  41 0008 00020440 		.word	1074004480
  42              		.cfi_endproc
  43              	.LFE0:
  44              		.size	segments_Write, .-segments_Write
  45              		.section	.text.segments_SetDriveMode,"ax",%progbits
  46              		.align	2
  47              		.global	segments_SetDriveMode
  48              		.code	16
  49              		.thumb_func
  50              		.type	segments_SetDriveMode, %function
  51              	segments_SetDriveMode:
  52              	.LFB1:
  48:.\Generated_Source\PSoC4/segments.c **** 
  49:.\Generated_Source\PSoC4/segments.c **** 
  50:.\Generated_Source\PSoC4/segments.c **** /*******************************************************************************
  51:.\Generated_Source\PSoC4/segments.c **** * Function Name: segments_SetDriveMode
  52:.\Generated_Source\PSoC4/segments.c **** ********************************************************************************
  53:.\Generated_Source\PSoC4/segments.c **** *
  54:.\Generated_Source\PSoC4/segments.c **** * Summary:
  55:.\Generated_Source\PSoC4/segments.c **** *  Change the drive mode on the pins of the port.
  56:.\Generated_Source\PSoC4/segments.c **** * 
  57:.\Generated_Source\PSoC4/segments.c **** * Parameters:  
  58:.\Generated_Source\PSoC4/segments.c **** *  mode:  Change the pins to one of the following drive modes.
  59:.\Generated_Source\PSoC4/segments.c **** *
  60:.\Generated_Source\PSoC4/segments.c **** *  segments_DM_STRONG     Strong Drive 
  61:.\Generated_Source\PSoC4/segments.c **** *  segments_DM_OD_HI      Open Drain, Drives High 
  62:.\Generated_Source\PSoC4/segments.c **** *  segments_DM_OD_LO      Open Drain, Drives Low 
ARM GAS  C:\Users\JEPPES~1\AppData\Local\Temp\ccZ1IpmY.s 			page 3


  63:.\Generated_Source\PSoC4/segments.c **** *  segments_DM_RES_UP     Resistive Pull Up 
  64:.\Generated_Source\PSoC4/segments.c **** *  segments_DM_RES_DWN    Resistive Pull Down 
  65:.\Generated_Source\PSoC4/segments.c **** *  segments_DM_RES_UPDWN  Resistive Pull Up/Down 
  66:.\Generated_Source\PSoC4/segments.c **** *  segments_DM_DIG_HIZ    High Impedance Digital 
  67:.\Generated_Source\PSoC4/segments.c **** *  segments_DM_ALG_HIZ    High Impedance Analog 
  68:.\Generated_Source\PSoC4/segments.c **** *
  69:.\Generated_Source\PSoC4/segments.c **** * Return: 
  70:.\Generated_Source\PSoC4/segments.c **** *  None
  71:.\Generated_Source\PSoC4/segments.c **** *
  72:.\Generated_Source\PSoC4/segments.c **** *******************************************************************************/
  73:.\Generated_Source\PSoC4/segments.c **** void segments_SetDriveMode(uint8 mode) 
  74:.\Generated_Source\PSoC4/segments.c **** {
  53              		.loc 1 74 0
  54              		.cfi_startproc
  55              	.LVL2:
  75:.\Generated_Source\PSoC4/segments.c **** 	SetP4PinDriveMode(segments__0__SHIFT, mode);
  56              		.loc 1 75 0
  57 0000 184B     		ldr	r3, .L5
  58 0002 1A68     		ldr	r2, [r3]
  59 0004 0721     		mov	r1, #7
  60 0006 8A43     		bic	r2, r1
  61 0008 0243     		orr	r2, r0
  62 000a 1A60     		str	r2, [r3]
  76:.\Generated_Source\PSoC4/segments.c **** 	SetP4PinDriveMode(segments__1__SHIFT, mode);
  63              		.loc 1 76 0
  64 000c 1A68     		ldr	r2, [r3]
  65 000e 3131     		add	r1, r1, #49
  66 0010 8A43     		bic	r2, r1
  67 0012 C100     		lsl	r1, r0, #3
  68 0014 0A43     		orr	r2, r1
  69 0016 1A60     		str	r2, [r3]
  77:.\Generated_Source\PSoC4/segments.c **** 	SetP4PinDriveMode(segments__2__SHIFT, mode);
  70              		.loc 1 77 0
  71 0018 1968     		ldr	r1, [r3]
  72 001a 134A     		ldr	r2, .L5+4
  73 001c 0A40     		and	r2, r1
  74 001e 8101     		lsl	r1, r0, #6
  75 0020 0A43     		orr	r2, r1
  76 0022 1A60     		str	r2, [r3]
  78:.\Generated_Source\PSoC4/segments.c **** 	SetP4PinDriveMode(segments__3__SHIFT, mode);
  77              		.loc 1 78 0
  78 0024 1968     		ldr	r1, [r3]
  79 0026 114A     		ldr	r2, .L5+8
  80 0028 0A40     		and	r2, r1
  81 002a 4102     		lsl	r1, r0, #9
  82 002c 0A43     		orr	r2, r1
  83 002e 1A60     		str	r2, [r3]
  79:.\Generated_Source\PSoC4/segments.c **** 	SetP4PinDriveMode(segments__4__SHIFT, mode);
  84              		.loc 1 79 0
  85 0030 1968     		ldr	r1, [r3]
  86 0032 0F4A     		ldr	r2, .L5+12
  87 0034 0A40     		and	r2, r1
  88 0036 0103     		lsl	r1, r0, #12
  89 0038 0A43     		orr	r2, r1
  90 003a 1A60     		str	r2, [r3]
  80:.\Generated_Source\PSoC4/segments.c **** 	SetP4PinDriveMode(segments__5__SHIFT, mode);
  91              		.loc 1 80 0
ARM GAS  C:\Users\JEPPES~1\AppData\Local\Temp\ccZ1IpmY.s 			page 4


  92 003c 1968     		ldr	r1, [r3]
  93 003e 0D4A     		ldr	r2, .L5+16
  94 0040 0A40     		and	r2, r1
  95 0042 C103     		lsl	r1, r0, #15
  96 0044 0A43     		orr	r2, r1
  97 0046 1A60     		str	r2, [r3]
  81:.\Generated_Source\PSoC4/segments.c **** 	SetP4PinDriveMode(segments__6__SHIFT, mode);
  98              		.loc 1 81 0
  99 0048 1968     		ldr	r1, [r3]
 100 004a 0B4A     		ldr	r2, .L5+20
 101 004c 0A40     		and	r2, r1
 102 004e 8104     		lsl	r1, r0, #18
 103 0050 0A43     		orr	r2, r1
 104 0052 1A60     		str	r2, [r3]
  82:.\Generated_Source\PSoC4/segments.c **** 	SetP4PinDriveMode(segments__7__SHIFT, mode);
 105              		.loc 1 82 0
 106 0054 1968     		ldr	r1, [r3]
 107 0056 094A     		ldr	r2, .L5+24
 108 0058 0A40     		and	r2, r1
 109 005a 4005     		lsl	r0, r0, #21
 110              	.LVL3:
 111 005c 1043     		orr	r0, r2
 112 005e 1860     		str	r0, [r3]
  83:.\Generated_Source\PSoC4/segments.c **** }
 113              		.loc 1 83 0
 114              		@ sp needed
 115 0060 7047     		bx	lr
 116              	.L6:
 117 0062 C046     		.align	2
 118              	.L5:
 119 0064 08020440 		.word	1074004488
 120 0068 3FFEFFFF 		.word	-449
 121 006c FFF1FFFF 		.word	-3585
 122 0070 FF8FFFFF 		.word	-28673
 123 0074 FF7FFCFF 		.word	-229377
 124 0078 FFFFE3FF 		.word	-1835009
 125 007c FFFF1FFF 		.word	-14680065
 126              		.cfi_endproc
 127              	.LFE1:
 128              		.size	segments_SetDriveMode, .-segments_SetDriveMode
 129              		.section	.text.segments_Read,"ax",%progbits
 130              		.align	2
 131              		.global	segments_Read
 132              		.code	16
 133              		.thumb_func
 134              		.type	segments_Read, %function
 135              	segments_Read:
 136              	.LFB2:
  84:.\Generated_Source\PSoC4/segments.c **** 
  85:.\Generated_Source\PSoC4/segments.c **** 
  86:.\Generated_Source\PSoC4/segments.c **** /*******************************************************************************
  87:.\Generated_Source\PSoC4/segments.c **** * Function Name: segments_Read
  88:.\Generated_Source\PSoC4/segments.c **** ********************************************************************************
  89:.\Generated_Source\PSoC4/segments.c **** *
  90:.\Generated_Source\PSoC4/segments.c **** * Summary:
  91:.\Generated_Source\PSoC4/segments.c **** *  Read the current value on the pins of the Digital Port in right justified 
  92:.\Generated_Source\PSoC4/segments.c **** *  form.
ARM GAS  C:\Users\JEPPES~1\AppData\Local\Temp\ccZ1IpmY.s 			page 5


  93:.\Generated_Source\PSoC4/segments.c **** *
  94:.\Generated_Source\PSoC4/segments.c **** * Parameters:  
  95:.\Generated_Source\PSoC4/segments.c **** *  None 
  96:.\Generated_Source\PSoC4/segments.c **** *
  97:.\Generated_Source\PSoC4/segments.c **** * Return: 
  98:.\Generated_Source\PSoC4/segments.c **** *  Returns the current value of the Digital Port as a right justified number
  99:.\Generated_Source\PSoC4/segments.c **** *  
 100:.\Generated_Source\PSoC4/segments.c **** * Note:
 101:.\Generated_Source\PSoC4/segments.c **** *  Macro segments_ReadPS calls this function. 
 102:.\Generated_Source\PSoC4/segments.c **** *  
 103:.\Generated_Source\PSoC4/segments.c **** *******************************************************************************/
 104:.\Generated_Source\PSoC4/segments.c **** uint8 segments_Read(void) 
 105:.\Generated_Source\PSoC4/segments.c **** {
 137              		.loc 1 105 0
 138              		.cfi_startproc
 106:.\Generated_Source\PSoC4/segments.c ****     return (uint8)((segments_PS & segments_MASK) >> segments_SHIFT);
 139              		.loc 1 106 0
 140 0000 014B     		ldr	r3, .L8
 141 0002 1868     		ldr	r0, [r3]
 142 0004 C0B2     		uxtb	r0, r0
 107:.\Generated_Source\PSoC4/segments.c **** }
 143              		.loc 1 107 0
 144              		@ sp needed
 145 0006 7047     		bx	lr
 146              	.L9:
 147              		.align	2
 148              	.L8:
 149 0008 04020440 		.word	1074004484
 150              		.cfi_endproc
 151              	.LFE2:
 152              		.size	segments_Read, .-segments_Read
 153              		.section	.text.segments_ReadDataReg,"ax",%progbits
 154              		.align	2
 155              		.global	segments_ReadDataReg
 156              		.code	16
 157              		.thumb_func
 158              		.type	segments_ReadDataReg, %function
 159              	segments_ReadDataReg:
 160              	.LFB3:
 108:.\Generated_Source\PSoC4/segments.c **** 
 109:.\Generated_Source\PSoC4/segments.c **** 
 110:.\Generated_Source\PSoC4/segments.c **** /*******************************************************************************
 111:.\Generated_Source\PSoC4/segments.c **** * Function Name: segments_ReadDataReg
 112:.\Generated_Source\PSoC4/segments.c **** ********************************************************************************
 113:.\Generated_Source\PSoC4/segments.c **** *
 114:.\Generated_Source\PSoC4/segments.c **** * Summary:
 115:.\Generated_Source\PSoC4/segments.c **** *  Read the current value assigned to a Digital Port's data output register
 116:.\Generated_Source\PSoC4/segments.c **** *
 117:.\Generated_Source\PSoC4/segments.c **** * Parameters:  
 118:.\Generated_Source\PSoC4/segments.c **** *  None 
 119:.\Generated_Source\PSoC4/segments.c **** *
 120:.\Generated_Source\PSoC4/segments.c **** * Return: 
 121:.\Generated_Source\PSoC4/segments.c **** *  Returns the current value assigned to the Digital Port's data output register
 122:.\Generated_Source\PSoC4/segments.c **** *  
 123:.\Generated_Source\PSoC4/segments.c **** *******************************************************************************/
 124:.\Generated_Source\PSoC4/segments.c **** uint8 segments_ReadDataReg(void) 
 125:.\Generated_Source\PSoC4/segments.c **** {
ARM GAS  C:\Users\JEPPES~1\AppData\Local\Temp\ccZ1IpmY.s 			page 6


 161              		.loc 1 125 0
 162              		.cfi_startproc
 126:.\Generated_Source\PSoC4/segments.c ****     return (uint8)((segments_DR & segments_MASK) >> segments_SHIFT);
 163              		.loc 1 126 0
 164 0000 014B     		ldr	r3, .L11
 165 0002 1868     		ldr	r0, [r3]
 166 0004 C0B2     		uxtb	r0, r0
 127:.\Generated_Source\PSoC4/segments.c **** }
 167              		.loc 1 127 0
 168              		@ sp needed
 169 0006 7047     		bx	lr
 170              	.L12:
 171              		.align	2
 172              	.L11:
 173 0008 00020440 		.word	1074004480
 174              		.cfi_endproc
 175              	.LFE3:
 176              		.size	segments_ReadDataReg, .-segments_ReadDataReg
 177              		.section	.text.segments_ClearInterrupt,"ax",%progbits
 178              		.align	2
 179              		.global	segments_ClearInterrupt
 180              		.code	16
 181              		.thumb_func
 182              		.type	segments_ClearInterrupt, %function
 183              	segments_ClearInterrupt:
 184              	.LFB4:
 128:.\Generated_Source\PSoC4/segments.c **** 
 129:.\Generated_Source\PSoC4/segments.c **** 
 130:.\Generated_Source\PSoC4/segments.c **** /* If Interrupts Are Enabled for this Pins component */ 
 131:.\Generated_Source\PSoC4/segments.c **** #if defined(segments_INTSTAT) 
 132:.\Generated_Source\PSoC4/segments.c **** 
 133:.\Generated_Source\PSoC4/segments.c ****     /*******************************************************************************
 134:.\Generated_Source\PSoC4/segments.c ****     * Function Name: segments_ClearInterrupt
 135:.\Generated_Source\PSoC4/segments.c ****     ********************************************************************************
 136:.\Generated_Source\PSoC4/segments.c ****     *
 137:.\Generated_Source\PSoC4/segments.c ****     * Summary:
 138:.\Generated_Source\PSoC4/segments.c ****     *  Clears any active interrupts attached to port and returns the value of the 
 139:.\Generated_Source\PSoC4/segments.c ****     *  interrupt status register.
 140:.\Generated_Source\PSoC4/segments.c ****     *
 141:.\Generated_Source\PSoC4/segments.c ****     * Parameters:  
 142:.\Generated_Source\PSoC4/segments.c ****     *  None 
 143:.\Generated_Source\PSoC4/segments.c ****     *
 144:.\Generated_Source\PSoC4/segments.c ****     * Return: 
 145:.\Generated_Source\PSoC4/segments.c ****     *  Returns the value of the interrupt status register
 146:.\Generated_Source\PSoC4/segments.c ****     *  
 147:.\Generated_Source\PSoC4/segments.c ****     *******************************************************************************/
 148:.\Generated_Source\PSoC4/segments.c ****     uint8 segments_ClearInterrupt(void) 
 149:.\Generated_Source\PSoC4/segments.c ****     {
 185              		.loc 1 149 0
 186              		.cfi_startproc
 150:.\Generated_Source\PSoC4/segments.c **** 		uint8 maskedStatus = (uint8)(segments_INTSTAT & segments_MASK);
 187              		.loc 1 150 0
 188 0000 034A     		ldr	r2, .L14
 189 0002 1368     		ldr	r3, [r2]
 190 0004 D8B2     		uxtb	r0, r3
 191              	.LVL4:
 151:.\Generated_Source\PSoC4/segments.c **** 		segments_INTSTAT = maskedStatus;
ARM GAS  C:\Users\JEPPES~1\AppData\Local\Temp\ccZ1IpmY.s 			page 7


 192              		.loc 1 151 0
 193 0006 FF21     		mov	r1, #255
 194 0008 0B40     		and	r3, r1
 195 000a 1360     		str	r3, [r2]
 152:.\Generated_Source\PSoC4/segments.c ****         return maskedStatus >> segments_SHIFT;
 153:.\Generated_Source\PSoC4/segments.c ****     }
 196              		.loc 1 153 0
 197              		@ sp needed
 198 000c 7047     		bx	lr
 199              	.L15:
 200 000e C046     		.align	2
 201              	.L14:
 202 0010 10020440 		.word	1074004496
 203              		.cfi_endproc
 204              	.LFE4:
 205              		.size	segments_ClearInterrupt, .-segments_ClearInterrupt
 206              		.text
 207              	.Letext0:
 208              		.file 2 ".\\Generated_Source\\PSoC4\\cytypes.h"
 209              		.section	.debug_info,"",%progbits
 210              	.Ldebug_info0:
 211 0000 48010000 		.4byte	0x148
 212 0004 0400     		.2byte	0x4
 213 0006 00000000 		.4byte	.Ldebug_abbrev0
 214 000a 04       		.byte	0x4
 215 000b 01       		.uleb128 0x1
 216 000c E1000000 		.4byte	.LASF24
 217 0010 01       		.byte	0x1
 218 0011 7F010000 		.4byte	.LASF25
 219 0015 1A000000 		.4byte	.LASF26
 220 0019 00000000 		.4byte	.Ldebug_ranges0+0
 221 001d 00000000 		.4byte	0
 222 0021 00000000 		.4byte	.Ldebug_line0
 223 0025 02       		.uleb128 0x2
 224 0026 01       		.byte	0x1
 225 0027 06       		.byte	0x6
 226 0028 C2010000 		.4byte	.LASF0
 227 002c 02       		.uleb128 0x2
 228 002d 01       		.byte	0x1
 229 002e 08       		.byte	0x8
 230 002f 3C000000 		.4byte	.LASF1
 231 0033 02       		.uleb128 0x2
 232 0034 02       		.byte	0x2
 233 0035 05       		.byte	0x5
 234 0036 6F010000 		.4byte	.LASF2
 235 003a 02       		.uleb128 0x2
 236 003b 02       		.byte	0x2
 237 003c 07       		.byte	0x7
 238 003d 62000000 		.4byte	.LASF3
 239 0041 02       		.uleb128 0x2
 240 0042 04       		.byte	0x4
 241 0043 05       		.byte	0x5
 242 0044 A3010000 		.4byte	.LASF4
 243 0048 02       		.uleb128 0x2
 244 0049 04       		.byte	0x4
 245 004a 07       		.byte	0x7
 246 004b 50000000 		.4byte	.LASF5
ARM GAS  C:\Users\JEPPES~1\AppData\Local\Temp\ccZ1IpmY.s 			page 8


 247 004f 02       		.uleb128 0x2
 248 0050 08       		.byte	0x8
 249 0051 05       		.byte	0x5
 250 0052 C1000000 		.4byte	.LASF6
 251 0056 02       		.uleb128 0x2
 252 0057 08       		.byte	0x8
 253 0058 07       		.byte	0x7
 254 0059 A5000000 		.4byte	.LASF7
 255 005d 03       		.uleb128 0x3
 256 005e 04       		.byte	0x4
 257 005f 05       		.byte	0x5
 258 0060 696E7400 		.ascii	"int\000"
 259 0064 02       		.uleb128 0x2
 260 0065 04       		.byte	0x4
 261 0066 07       		.byte	0x7
 262 0067 98000000 		.4byte	.LASF8
 263 006b 04       		.uleb128 0x4
 264 006c 79010000 		.4byte	.LASF9
 265 0070 02       		.byte	0x2
 266 0071 3801     		.2byte	0x138
 267 0073 2C000000 		.4byte	0x2c
 268 0077 04       		.uleb128 0x4
 269 0078 91000000 		.4byte	.LASF10
 270 007c 02       		.byte	0x2
 271 007d 3A01     		.2byte	0x13a
 272 007f 48000000 		.4byte	0x48
 273 0083 02       		.uleb128 0x2
 274 0084 04       		.byte	0x4
 275 0085 04       		.byte	0x4
 276 0086 36000000 		.4byte	.LASF11
 277 008a 02       		.uleb128 0x2
 278 008b 08       		.byte	0x8
 279 008c 04       		.byte	0x4
 280 008d 8A000000 		.4byte	.LASF12
 281 0091 02       		.uleb128 0x2
 282 0092 01       		.byte	0x1
 283 0093 08       		.byte	0x8
 284 0094 DC000000 		.4byte	.LASF13
 285 0098 04       		.uleb128 0x4
 286 0099 00000000 		.4byte	.LASF14
 287 009d 02       		.byte	0x2
 288 009e E401     		.2byte	0x1e4
 289 00a0 A4000000 		.4byte	0xa4
 290 00a4 05       		.uleb128 0x5
 291 00a5 77000000 		.4byte	0x77
 292 00a9 06       		.uleb128 0x6
 293 00aa CE010000 		.4byte	.LASF15
 294 00ae 01       		.byte	0x1
 295 00af 2A       		.byte	0x2a
 296 00b0 00000000 		.4byte	.LFB0
 297 00b4 0C000000 		.4byte	.LFE0-.LFB0
 298 00b8 01       		.uleb128 0x1
 299 00b9 9C       		.byte	0x9c
 300 00ba D9000000 		.4byte	0xd9
 301 00be 07       		.uleb128 0x7
 302 00bf 06000000 		.4byte	.LASF17
 303 00c3 01       		.byte	0x1
ARM GAS  C:\Users\JEPPES~1\AppData\Local\Temp\ccZ1IpmY.s 			page 9


 304 00c4 2A       		.byte	0x2a
 305 00c5 6B000000 		.4byte	0x6b
 306 00c9 01       		.uleb128 0x1
 307 00ca 50       		.byte	0x50
 308 00cb 08       		.uleb128 0x8
 309 00cc 4A000000 		.4byte	.LASF22
 310 00d0 01       		.byte	0x1
 311 00d1 2C       		.byte	0x2c
 312 00d2 6B000000 		.4byte	0x6b
 313 00d6 01       		.uleb128 0x1
 314 00d7 50       		.byte	0x50
 315 00d8 00       		.byte	0
 316 00d9 06       		.uleb128 0x6
 317 00da AC010000 		.4byte	.LASF16
 318 00de 01       		.byte	0x1
 319 00df 49       		.byte	0x49
 320 00e0 00000000 		.4byte	.LFB1
 321 00e4 80000000 		.4byte	.LFE1-.LFB1
 322 00e8 01       		.uleb128 0x1
 323 00e9 9C       		.byte	0x9c
 324 00ea FE000000 		.4byte	0xfe
 325 00ee 09       		.uleb128 0x9
 326 00ef BC000000 		.4byte	.LASF18
 327 00f3 01       		.byte	0x1
 328 00f4 49       		.byte	0x49
 329 00f5 6B000000 		.4byte	0x6b
 330 00f9 00000000 		.4byte	.LLST0
 331 00fd 00       		.byte	0
 332 00fe 0A       		.uleb128 0xa
 333 00ff 0C000000 		.4byte	.LASF19
 334 0103 01       		.byte	0x1
 335 0104 68       		.byte	0x68
 336 0105 6B000000 		.4byte	0x6b
 337 0109 00000000 		.4byte	.LFB2
 338 010d 0C000000 		.4byte	.LFE2-.LFB2
 339 0111 01       		.uleb128 0x1
 340 0112 9C       		.byte	0x9c
 341 0113 0A       		.uleb128 0xa
 342 0114 75000000 		.4byte	.LASF20
 343 0118 01       		.byte	0x1
 344 0119 7C       		.byte	0x7c
 345 011a 6B000000 		.4byte	0x6b
 346 011e 00000000 		.4byte	.LFB3
 347 0122 0C000000 		.4byte	.LFE3-.LFB3
 348 0126 01       		.uleb128 0x1
 349 0127 9C       		.byte	0x9c
 350 0128 0B       		.uleb128 0xb
 351 0129 DD010000 		.4byte	.LASF21
 352 012d 01       		.byte	0x1
 353 012e 94       		.byte	0x94
 354 012f 6B000000 		.4byte	0x6b
 355 0133 00000000 		.4byte	.LFB4
 356 0137 14000000 		.4byte	.LFE4-.LFB4
 357 013b 01       		.uleb128 0x1
 358 013c 9C       		.byte	0x9c
 359 013d 08       		.uleb128 0x8
 360 013e CF000000 		.4byte	.LASF23
ARM GAS  C:\Users\JEPPES~1\AppData\Local\Temp\ccZ1IpmY.s 			page 10


 361 0142 01       		.byte	0x1
 362 0143 96       		.byte	0x96
 363 0144 6B000000 		.4byte	0x6b
 364 0148 01       		.uleb128 0x1
 365 0149 50       		.byte	0x50
 366 014a 00       		.byte	0
 367 014b 00       		.byte	0
 368              		.section	.debug_abbrev,"",%progbits
 369              	.Ldebug_abbrev0:
 370 0000 01       		.uleb128 0x1
 371 0001 11       		.uleb128 0x11
 372 0002 01       		.byte	0x1
 373 0003 25       		.uleb128 0x25
 374 0004 0E       		.uleb128 0xe
 375 0005 13       		.uleb128 0x13
 376 0006 0B       		.uleb128 0xb
 377 0007 03       		.uleb128 0x3
 378 0008 0E       		.uleb128 0xe
 379 0009 1B       		.uleb128 0x1b
 380 000a 0E       		.uleb128 0xe
 381 000b 55       		.uleb128 0x55
 382 000c 17       		.uleb128 0x17
 383 000d 11       		.uleb128 0x11
 384 000e 01       		.uleb128 0x1
 385 000f 10       		.uleb128 0x10
 386 0010 17       		.uleb128 0x17
 387 0011 00       		.byte	0
 388 0012 00       		.byte	0
 389 0013 02       		.uleb128 0x2
 390 0014 24       		.uleb128 0x24
 391 0015 00       		.byte	0
 392 0016 0B       		.uleb128 0xb
 393 0017 0B       		.uleb128 0xb
 394 0018 3E       		.uleb128 0x3e
 395 0019 0B       		.uleb128 0xb
 396 001a 03       		.uleb128 0x3
 397 001b 0E       		.uleb128 0xe
 398 001c 00       		.byte	0
 399 001d 00       		.byte	0
 400 001e 03       		.uleb128 0x3
 401 001f 24       		.uleb128 0x24
 402 0020 00       		.byte	0
 403 0021 0B       		.uleb128 0xb
 404 0022 0B       		.uleb128 0xb
 405 0023 3E       		.uleb128 0x3e
 406 0024 0B       		.uleb128 0xb
 407 0025 03       		.uleb128 0x3
 408 0026 08       		.uleb128 0x8
 409 0027 00       		.byte	0
 410 0028 00       		.byte	0
 411 0029 04       		.uleb128 0x4
 412 002a 16       		.uleb128 0x16
 413 002b 00       		.byte	0
 414 002c 03       		.uleb128 0x3
 415 002d 0E       		.uleb128 0xe
 416 002e 3A       		.uleb128 0x3a
 417 002f 0B       		.uleb128 0xb
ARM GAS  C:\Users\JEPPES~1\AppData\Local\Temp\ccZ1IpmY.s 			page 11


 418 0030 3B       		.uleb128 0x3b
 419 0031 05       		.uleb128 0x5
 420 0032 49       		.uleb128 0x49
 421 0033 13       		.uleb128 0x13
 422 0034 00       		.byte	0
 423 0035 00       		.byte	0
 424 0036 05       		.uleb128 0x5
 425 0037 35       		.uleb128 0x35
 426 0038 00       		.byte	0
 427 0039 49       		.uleb128 0x49
 428 003a 13       		.uleb128 0x13
 429 003b 00       		.byte	0
 430 003c 00       		.byte	0
 431 003d 06       		.uleb128 0x6
 432 003e 2E       		.uleb128 0x2e
 433 003f 01       		.byte	0x1
 434 0040 3F       		.uleb128 0x3f
 435 0041 19       		.uleb128 0x19
 436 0042 03       		.uleb128 0x3
 437 0043 0E       		.uleb128 0xe
 438 0044 3A       		.uleb128 0x3a
 439 0045 0B       		.uleb128 0xb
 440 0046 3B       		.uleb128 0x3b
 441 0047 0B       		.uleb128 0xb
 442 0048 27       		.uleb128 0x27
 443 0049 19       		.uleb128 0x19
 444 004a 11       		.uleb128 0x11
 445 004b 01       		.uleb128 0x1
 446 004c 12       		.uleb128 0x12
 447 004d 06       		.uleb128 0x6
 448 004e 40       		.uleb128 0x40
 449 004f 18       		.uleb128 0x18
 450 0050 9742     		.uleb128 0x2117
 451 0052 19       		.uleb128 0x19
 452 0053 01       		.uleb128 0x1
 453 0054 13       		.uleb128 0x13
 454 0055 00       		.byte	0
 455 0056 00       		.byte	0
 456 0057 07       		.uleb128 0x7
 457 0058 05       		.uleb128 0x5
 458 0059 00       		.byte	0
 459 005a 03       		.uleb128 0x3
 460 005b 0E       		.uleb128 0xe
 461 005c 3A       		.uleb128 0x3a
 462 005d 0B       		.uleb128 0xb
 463 005e 3B       		.uleb128 0x3b
 464 005f 0B       		.uleb128 0xb
 465 0060 49       		.uleb128 0x49
 466 0061 13       		.uleb128 0x13
 467 0062 02       		.uleb128 0x2
 468 0063 18       		.uleb128 0x18
 469 0064 00       		.byte	0
 470 0065 00       		.byte	0
 471 0066 08       		.uleb128 0x8
 472 0067 34       		.uleb128 0x34
 473 0068 00       		.byte	0
 474 0069 03       		.uleb128 0x3
ARM GAS  C:\Users\JEPPES~1\AppData\Local\Temp\ccZ1IpmY.s 			page 12


 475 006a 0E       		.uleb128 0xe
 476 006b 3A       		.uleb128 0x3a
 477 006c 0B       		.uleb128 0xb
 478 006d 3B       		.uleb128 0x3b
 479 006e 0B       		.uleb128 0xb
 480 006f 49       		.uleb128 0x49
 481 0070 13       		.uleb128 0x13
 482 0071 02       		.uleb128 0x2
 483 0072 18       		.uleb128 0x18
 484 0073 00       		.byte	0
 485 0074 00       		.byte	0
 486 0075 09       		.uleb128 0x9
 487 0076 05       		.uleb128 0x5
 488 0077 00       		.byte	0
 489 0078 03       		.uleb128 0x3
 490 0079 0E       		.uleb128 0xe
 491 007a 3A       		.uleb128 0x3a
 492 007b 0B       		.uleb128 0xb
 493 007c 3B       		.uleb128 0x3b
 494 007d 0B       		.uleb128 0xb
 495 007e 49       		.uleb128 0x49
 496 007f 13       		.uleb128 0x13
 497 0080 02       		.uleb128 0x2
 498 0081 17       		.uleb128 0x17
 499 0082 00       		.byte	0
 500 0083 00       		.byte	0
 501 0084 0A       		.uleb128 0xa
 502 0085 2E       		.uleb128 0x2e
 503 0086 00       		.byte	0
 504 0087 3F       		.uleb128 0x3f
 505 0088 19       		.uleb128 0x19
 506 0089 03       		.uleb128 0x3
 507 008a 0E       		.uleb128 0xe
 508 008b 3A       		.uleb128 0x3a
 509 008c 0B       		.uleb128 0xb
 510 008d 3B       		.uleb128 0x3b
 511 008e 0B       		.uleb128 0xb
 512 008f 27       		.uleb128 0x27
 513 0090 19       		.uleb128 0x19
 514 0091 49       		.uleb128 0x49
 515 0092 13       		.uleb128 0x13
 516 0093 11       		.uleb128 0x11
 517 0094 01       		.uleb128 0x1
 518 0095 12       		.uleb128 0x12
 519 0096 06       		.uleb128 0x6
 520 0097 40       		.uleb128 0x40
 521 0098 18       		.uleb128 0x18
 522 0099 9742     		.uleb128 0x2117
 523 009b 19       		.uleb128 0x19
 524 009c 00       		.byte	0
 525 009d 00       		.byte	0
 526 009e 0B       		.uleb128 0xb
 527 009f 2E       		.uleb128 0x2e
 528 00a0 01       		.byte	0x1
 529 00a1 3F       		.uleb128 0x3f
 530 00a2 19       		.uleb128 0x19
 531 00a3 03       		.uleb128 0x3
ARM GAS  C:\Users\JEPPES~1\AppData\Local\Temp\ccZ1IpmY.s 			page 13


 532 00a4 0E       		.uleb128 0xe
 533 00a5 3A       		.uleb128 0x3a
 534 00a6 0B       		.uleb128 0xb
 535 00a7 3B       		.uleb128 0x3b
 536 00a8 0B       		.uleb128 0xb
 537 00a9 27       		.uleb128 0x27
 538 00aa 19       		.uleb128 0x19
 539 00ab 49       		.uleb128 0x49
 540 00ac 13       		.uleb128 0x13
 541 00ad 11       		.uleb128 0x11
 542 00ae 01       		.uleb128 0x1
 543 00af 12       		.uleb128 0x12
 544 00b0 06       		.uleb128 0x6
 545 00b1 40       		.uleb128 0x40
 546 00b2 18       		.uleb128 0x18
 547 00b3 9742     		.uleb128 0x2117
 548 00b5 19       		.uleb128 0x19
 549 00b6 00       		.byte	0
 550 00b7 00       		.byte	0
 551 00b8 00       		.byte	0
 552              		.section	.debug_loc,"",%progbits
 553              	.Ldebug_loc0:
 554              	.LLST0:
 555 0000 00000000 		.4byte	.LVL2
 556 0004 5C000000 		.4byte	.LVL3
 557 0008 0100     		.2byte	0x1
 558 000a 50       		.byte	0x50
 559 000b 5C000000 		.4byte	.LVL3
 560 000f 80000000 		.4byte	.LFE1
 561 0013 0400     		.2byte	0x4
 562 0015 F3       		.byte	0xf3
 563 0016 01       		.uleb128 0x1
 564 0017 50       		.byte	0x50
 565 0018 9F       		.byte	0x9f
 566 0019 00000000 		.4byte	0
 567 001d 00000000 		.4byte	0
 568              		.section	.debug_aranges,"",%progbits
 569 0000 3C000000 		.4byte	0x3c
 570 0004 0200     		.2byte	0x2
 571 0006 00000000 		.4byte	.Ldebug_info0
 572 000a 04       		.byte	0x4
 573 000b 00       		.byte	0
 574 000c 0000     		.2byte	0
 575 000e 0000     		.2byte	0
 576 0010 00000000 		.4byte	.LFB0
 577 0014 0C000000 		.4byte	.LFE0-.LFB0
 578 0018 00000000 		.4byte	.LFB1
 579 001c 80000000 		.4byte	.LFE1-.LFB1
 580 0020 00000000 		.4byte	.LFB2
 581 0024 0C000000 		.4byte	.LFE2-.LFB2
 582 0028 00000000 		.4byte	.LFB3
 583 002c 0C000000 		.4byte	.LFE3-.LFB3
 584 0030 00000000 		.4byte	.LFB4
 585 0034 14000000 		.4byte	.LFE4-.LFB4
 586 0038 00000000 		.4byte	0
 587 003c 00000000 		.4byte	0
 588              		.section	.debug_ranges,"",%progbits
ARM GAS  C:\Users\JEPPES~1\AppData\Local\Temp\ccZ1IpmY.s 			page 14


 589              	.Ldebug_ranges0:
 590 0000 00000000 		.4byte	.LFB0
 591 0004 0C000000 		.4byte	.LFE0
 592 0008 00000000 		.4byte	.LFB1
 593 000c 80000000 		.4byte	.LFE1
 594 0010 00000000 		.4byte	.LFB2
 595 0014 0C000000 		.4byte	.LFE2
 596 0018 00000000 		.4byte	.LFB3
 597 001c 0C000000 		.4byte	.LFE3
 598 0020 00000000 		.4byte	.LFB4
 599 0024 14000000 		.4byte	.LFE4
 600 0028 00000000 		.4byte	0
 601 002c 00000000 		.4byte	0
 602              		.section	.debug_line,"",%progbits
 603              	.Ldebug_line0:
 604 0000 AF000000 		.section	.debug_str,"MS",%progbits,1
 604      02004700 
 604      00000201 
 604      FB0E0D00 
 604      01010101 
 605              	.LASF14:
 606 0000 72656733 		.ascii	"reg32\000"
 606      3200
 607              	.LASF17:
 608 0006 76616C75 		.ascii	"value\000"
 608      6500
 609              	.LASF19:
 610 000c 7365676D 		.ascii	"segments_Read\000"
 610      656E7473 
 610      5F526561 
 610      6400
 611              	.LASF26:
 612 001a 433A5C45 		.ascii	"C:\\E3PRJ3\\PSoC4Master.cydsn\000"
 612      3350524A 
 612      335C5053 
 612      6F43344D 
 612      61737465 
 613              	.LASF11:
 614 0036 666C6F61 		.ascii	"float\000"
 614      7400
 615              	.LASF1:
 616 003c 756E7369 		.ascii	"unsigned char\000"
 616      676E6564 
 616      20636861 
 616      7200
 617              	.LASF22:
 618 004a 64725661 		.ascii	"drVal\000"
 618      6C00
 619              	.LASF5:
 620 0050 6C6F6E67 		.ascii	"long unsigned int\000"
 620      20756E73 
 620      69676E65 
 620      6420696E 
 620      7400
 621              	.LASF3:
 622 0062 73686F72 		.ascii	"short unsigned int\000"
 622      7420756E 
ARM GAS  C:\Users\JEPPES~1\AppData\Local\Temp\ccZ1IpmY.s 			page 15


 622      7369676E 
 622      65642069 
 622      6E7400
 623              	.LASF20:
 624 0075 7365676D 		.ascii	"segments_ReadDataReg\000"
 624      656E7473 
 624      5F526561 
 624      64446174 
 624      61526567 
 625              	.LASF12:
 626 008a 646F7562 		.ascii	"double\000"
 626      6C6500
 627              	.LASF10:
 628 0091 75696E74 		.ascii	"uint32\000"
 628      333200
 629              	.LASF8:
 630 0098 756E7369 		.ascii	"unsigned int\000"
 630      676E6564 
 630      20696E74 
 630      00
 631              	.LASF7:
 632 00a5 6C6F6E67 		.ascii	"long long unsigned int\000"
 632      206C6F6E 
 632      6720756E 
 632      7369676E 
 632      65642069 
 633              	.LASF18:
 634 00bc 6D6F6465 		.ascii	"mode\000"
 634      00
 635              	.LASF6:
 636 00c1 6C6F6E67 		.ascii	"long long int\000"
 636      206C6F6E 
 636      6720696E 
 636      7400
 637              	.LASF23:
 638 00cf 6D61736B 		.ascii	"maskedStatus\000"
 638      65645374 
 638      61747573 
 638      00
 639              	.LASF13:
 640 00dc 63686172 		.ascii	"char\000"
 640      00
 641              	.LASF24:
 642 00e1 474E5520 		.ascii	"GNU C 4.9.3 20150303 (release) [ARM/embedded-4_9-br"
 642      4320342E 
 642      392E3320 
 642      32303135 
 642      30333033 
 643 0114 616E6368 		.ascii	"anch revision 221220] -mcpu=cortex-m0 -mthumb -g -O"
 643      20726576 
 643      6973696F 
 643      6E203232 
 643      31323230 
 644 0147 67202D66 		.ascii	"g -ffunction-sections -ffat-lto-objects\000"
 644      66756E63 
 644      74696F6E 
 644      2D736563 
ARM GAS  C:\Users\JEPPES~1\AppData\Local\Temp\ccZ1IpmY.s 			page 16


 644      74696F6E 
 645              	.LASF2:
 646 016f 73686F72 		.ascii	"short int\000"
 646      7420696E 
 646      7400
 647              	.LASF9:
 648 0179 75696E74 		.ascii	"uint8\000"
 648      3800
 649              	.LASF25:
 650 017f 2E5C4765 		.ascii	".\\Generated_Source\\PSoC4\\segments.c\000"
 650      6E657261 
 650      7465645F 
 650      536F7572 
 650      63655C50 
 651              	.LASF4:
 652 01a3 6C6F6E67 		.ascii	"long int\000"
 652      20696E74 
 652      00
 653              	.LASF16:
 654 01ac 7365676D 		.ascii	"segments_SetDriveMode\000"
 654      656E7473 
 654      5F536574 
 654      44726976 
 654      654D6F64 
 655              	.LASF0:
 656 01c2 7369676E 		.ascii	"signed char\000"
 656      65642063 
 656      68617200 
 657              	.LASF15:
 658 01ce 7365676D 		.ascii	"segments_Write\000"
 658      656E7473 
 658      5F577269 
 658      746500
 659              	.LASF21:
 660 01dd 7365676D 		.ascii	"segments_ClearInterrupt\000"
 660      656E7473 
 660      5F436C65 
 660      6172496E 
 660      74657272 
 661              		.ident	"GCC: (GNU Tools for ARM Embedded Processors) 4.9.3 20150303 (release) [ARM/embedded-4_9-br
