ARM GAS  C:\Users\JEPPES~1\AppData\Local\Temp\cc6lTHQc.s 			page 1


   1              		.cpu cortex-m0
   2              		.fpu softvfp
   3              		.eabi_attribute 20, 1
   4              		.eabi_attribute 21, 1
   5              		.eabi_attribute 23, 3
   6              		.eabi_attribute 24, 1
   7              		.eabi_attribute 25, 1
   8              		.eabi_attribute 26, 1
   9              		.eabi_attribute 30, 1
  10              		.eabi_attribute 34, 0
  11              		.eabi_attribute 18, 4
  12              		.code	16
  13              		.file	"SPIM_SPI_UART.c"
  14              		.text
  15              	.Ltext0:
  16              		.cfi_sections	.debug_frame
  17              		.section	.text.SPIM_SpiUartReadRxData,"ax",%progbits
  18              		.align	2
  19              		.global	SPIM_SpiUartReadRxData
  20              		.code	16
  21              		.thumb_func
  22              		.type	SPIM_SpiUartReadRxData, %function
  23              	SPIM_SpiUartReadRxData:
  24              	.LFB0:
  25              		.file 1 ".\\Generated_Source\\PSoC4\\SPIM_SPI_UART.c"
   1:.\Generated_Source\PSoC4/SPIM_SPI_UART.c **** /*******************************************************************************
   2:.\Generated_Source\PSoC4/SPIM_SPI_UART.c **** * File Name: SPIM_SPI_UART.c
   3:.\Generated_Source\PSoC4/SPIM_SPI_UART.c **** * Version 3.10
   4:.\Generated_Source\PSoC4/SPIM_SPI_UART.c **** *
   5:.\Generated_Source\PSoC4/SPIM_SPI_UART.c **** * Description:
   6:.\Generated_Source\PSoC4/SPIM_SPI_UART.c **** *  This file provides the source code to the API for the SCB Component in
   7:.\Generated_Source\PSoC4/SPIM_SPI_UART.c **** *  SPI and UART modes.
   8:.\Generated_Source\PSoC4/SPIM_SPI_UART.c **** *
   9:.\Generated_Source\PSoC4/SPIM_SPI_UART.c **** * Note:
  10:.\Generated_Source\PSoC4/SPIM_SPI_UART.c **** *
  11:.\Generated_Source\PSoC4/SPIM_SPI_UART.c **** *******************************************************************************
  12:.\Generated_Source\PSoC4/SPIM_SPI_UART.c **** * Copyright 2013-2015, Cypress Semiconductor Corporation.  All rights reserved.
  13:.\Generated_Source\PSoC4/SPIM_SPI_UART.c **** * You may use this file only in accordance with the license, terms, conditions,
  14:.\Generated_Source\PSoC4/SPIM_SPI_UART.c **** * disclaimers, and limitations in the end user license agreement accompanying
  15:.\Generated_Source\PSoC4/SPIM_SPI_UART.c **** * the software package with which this file was provided.
  16:.\Generated_Source\PSoC4/SPIM_SPI_UART.c **** *******************************************************************************/
  17:.\Generated_Source\PSoC4/SPIM_SPI_UART.c **** 
  18:.\Generated_Source\PSoC4/SPIM_SPI_UART.c **** #include "SPIM_PVT.h"
  19:.\Generated_Source\PSoC4/SPIM_SPI_UART.c **** #include "SPIM_SPI_UART_PVT.h"
  20:.\Generated_Source\PSoC4/SPIM_SPI_UART.c **** 
  21:.\Generated_Source\PSoC4/SPIM_SPI_UART.c **** /***************************************
  22:.\Generated_Source\PSoC4/SPIM_SPI_UART.c **** *        SPI/UART Private Vars
  23:.\Generated_Source\PSoC4/SPIM_SPI_UART.c **** ***************************************/
  24:.\Generated_Source\PSoC4/SPIM_SPI_UART.c **** 
  25:.\Generated_Source\PSoC4/SPIM_SPI_UART.c **** #if(SPIM_INTERNAL_RX_SW_BUFFER_CONST)
  26:.\Generated_Source\PSoC4/SPIM_SPI_UART.c ****     volatile uint32 SPIM_rxBufferHead;
  27:.\Generated_Source\PSoC4/SPIM_SPI_UART.c ****     volatile uint32 SPIM_rxBufferTail;
  28:.\Generated_Source\PSoC4/SPIM_SPI_UART.c ****     volatile uint8  SPIM_rxBufferOverflow;
  29:.\Generated_Source\PSoC4/SPIM_SPI_UART.c **** #endif /* (SPIM_INTERNAL_RX_SW_BUFFER_CONST) */
  30:.\Generated_Source\PSoC4/SPIM_SPI_UART.c **** 
  31:.\Generated_Source\PSoC4/SPIM_SPI_UART.c **** #if(SPIM_INTERNAL_TX_SW_BUFFER_CONST)
  32:.\Generated_Source\PSoC4/SPIM_SPI_UART.c ****     volatile uint32 SPIM_txBufferHead;
ARM GAS  C:\Users\JEPPES~1\AppData\Local\Temp\cc6lTHQc.s 			page 2


  33:.\Generated_Source\PSoC4/SPIM_SPI_UART.c ****     volatile uint32 SPIM_txBufferTail;
  34:.\Generated_Source\PSoC4/SPIM_SPI_UART.c **** #endif /* (SPIM_INTERNAL_TX_SW_BUFFER_CONST) */
  35:.\Generated_Source\PSoC4/SPIM_SPI_UART.c **** 
  36:.\Generated_Source\PSoC4/SPIM_SPI_UART.c **** #if(SPIM_INTERNAL_RX_SW_BUFFER)
  37:.\Generated_Source\PSoC4/SPIM_SPI_UART.c ****     /* Add one element to the buffer to receive full packet. One byte in receive buffer is always e
  38:.\Generated_Source\PSoC4/SPIM_SPI_UART.c ****     volatile uint16 SPIM_rxBufferInternal[SPIM_INTERNAL_RX_BUFFER_SIZE];
  39:.\Generated_Source\PSoC4/SPIM_SPI_UART.c **** #endif /* (SPIM_INTERNAL_RX_SW_BUFFER) */
  40:.\Generated_Source\PSoC4/SPIM_SPI_UART.c **** 
  41:.\Generated_Source\PSoC4/SPIM_SPI_UART.c **** #if(SPIM_INTERNAL_TX_SW_BUFFER)
  42:.\Generated_Source\PSoC4/SPIM_SPI_UART.c ****     volatile uint16 SPIM_txBufferInternal[SPIM_TX_BUFFER_SIZE];
  43:.\Generated_Source\PSoC4/SPIM_SPI_UART.c **** #endif /* (SPIM_INTERNAL_TX_SW_BUFFER) */
  44:.\Generated_Source\PSoC4/SPIM_SPI_UART.c **** 
  45:.\Generated_Source\PSoC4/SPIM_SPI_UART.c **** 
  46:.\Generated_Source\PSoC4/SPIM_SPI_UART.c **** #if(SPIM_RX_DIRECTION)
  47:.\Generated_Source\PSoC4/SPIM_SPI_UART.c ****     /*******************************************************************************
  48:.\Generated_Source\PSoC4/SPIM_SPI_UART.c ****     * Function Name: SPIM_SpiUartReadRxData
  49:.\Generated_Source\PSoC4/SPIM_SPI_UART.c ****     ********************************************************************************
  50:.\Generated_Source\PSoC4/SPIM_SPI_UART.c ****     *
  51:.\Generated_Source\PSoC4/SPIM_SPI_UART.c ****     * Summary:
  52:.\Generated_Source\PSoC4/SPIM_SPI_UART.c ****     *  Retrieves the next data element from the receive buffer.
  53:.\Generated_Source\PSoC4/SPIM_SPI_UART.c ****     *   - RX software buffer is disabled: Returns data element retrieved from
  54:.\Generated_Source\PSoC4/SPIM_SPI_UART.c ****     *     RX FIFO. Undefined data will be returned if the RX FIFO is empty.
  55:.\Generated_Source\PSoC4/SPIM_SPI_UART.c ****     *   - RX software buffer is enabled: Returns data element from the software
  56:.\Generated_Source\PSoC4/SPIM_SPI_UART.c ****     *     receive buffer. Zero value is returned if the software receive buffer
  57:.\Generated_Source\PSoC4/SPIM_SPI_UART.c ****     *     is empty.
  58:.\Generated_Source\PSoC4/SPIM_SPI_UART.c ****     *
  59:.\Generated_Source\PSoC4/SPIM_SPI_UART.c ****     * Parameters:
  60:.\Generated_Source\PSoC4/SPIM_SPI_UART.c ****     *  None
  61:.\Generated_Source\PSoC4/SPIM_SPI_UART.c ****     *
  62:.\Generated_Source\PSoC4/SPIM_SPI_UART.c ****     * Return:
  63:.\Generated_Source\PSoC4/SPIM_SPI_UART.c ****     *  Next data element from the receive buffer.
  64:.\Generated_Source\PSoC4/SPIM_SPI_UART.c ****     *
  65:.\Generated_Source\PSoC4/SPIM_SPI_UART.c ****     * Global Variables:
  66:.\Generated_Source\PSoC4/SPIM_SPI_UART.c ****     *  Look into SPIM_SpiInit for description.
  67:.\Generated_Source\PSoC4/SPIM_SPI_UART.c ****     *
  68:.\Generated_Source\PSoC4/SPIM_SPI_UART.c ****     *******************************************************************************/
  69:.\Generated_Source\PSoC4/SPIM_SPI_UART.c ****     uint32 SPIM_SpiUartReadRxData(void)
  70:.\Generated_Source\PSoC4/SPIM_SPI_UART.c ****     {
  26              		.loc 1 70 0
  27              		.cfi_startproc
  28              	.LVL0:
  71:.\Generated_Source\PSoC4/SPIM_SPI_UART.c ****         uint32 rxData = 0u;
  72:.\Generated_Source\PSoC4/SPIM_SPI_UART.c **** 
  73:.\Generated_Source\PSoC4/SPIM_SPI_UART.c ****     #if (SPIM_INTERNAL_RX_SW_BUFFER_CONST)
  74:.\Generated_Source\PSoC4/SPIM_SPI_UART.c ****         uint32 locTail;
  75:.\Generated_Source\PSoC4/SPIM_SPI_UART.c ****     #endif /* (SPIM_INTERNAL_RX_SW_BUFFER_CONST) */
  76:.\Generated_Source\PSoC4/SPIM_SPI_UART.c **** 
  77:.\Generated_Source\PSoC4/SPIM_SPI_UART.c ****         #if (SPIM_CHECK_RX_SW_BUFFER)
  78:.\Generated_Source\PSoC4/SPIM_SPI_UART.c ****         {
  79:.\Generated_Source\PSoC4/SPIM_SPI_UART.c ****             if (SPIM_rxBufferHead != SPIM_rxBufferTail)
  80:.\Generated_Source\PSoC4/SPIM_SPI_UART.c ****             {
  81:.\Generated_Source\PSoC4/SPIM_SPI_UART.c ****                 /* There is data in RX software buffer */
  82:.\Generated_Source\PSoC4/SPIM_SPI_UART.c **** 
  83:.\Generated_Source\PSoC4/SPIM_SPI_UART.c ****                 /* Calculate index to read from */
  84:.\Generated_Source\PSoC4/SPIM_SPI_UART.c ****                 locTail = (SPIM_rxBufferTail + 1u);
  85:.\Generated_Source\PSoC4/SPIM_SPI_UART.c **** 
  86:.\Generated_Source\PSoC4/SPIM_SPI_UART.c ****                 if (SPIM_INTERNAL_RX_BUFFER_SIZE == locTail)
ARM GAS  C:\Users\JEPPES~1\AppData\Local\Temp\cc6lTHQc.s 			page 3


  87:.\Generated_Source\PSoC4/SPIM_SPI_UART.c ****                 {
  88:.\Generated_Source\PSoC4/SPIM_SPI_UART.c ****                     locTail = 0u;
  89:.\Generated_Source\PSoC4/SPIM_SPI_UART.c ****                 }
  90:.\Generated_Source\PSoC4/SPIM_SPI_UART.c **** 
  91:.\Generated_Source\PSoC4/SPIM_SPI_UART.c ****                 /* Get data from RX software buffer */
  92:.\Generated_Source\PSoC4/SPIM_SPI_UART.c ****                 rxData = SPIM_GetWordFromRxBuffer(locTail);
  93:.\Generated_Source\PSoC4/SPIM_SPI_UART.c **** 
  94:.\Generated_Source\PSoC4/SPIM_SPI_UART.c ****                 /* Change index in the buffer */
  95:.\Generated_Source\PSoC4/SPIM_SPI_UART.c ****                 SPIM_rxBufferTail = locTail;
  96:.\Generated_Source\PSoC4/SPIM_SPI_UART.c **** 
  97:.\Generated_Source\PSoC4/SPIM_SPI_UART.c ****                 #if (SPIM_CHECK_UART_RTS_CONTROL_FLOW)
  98:.\Generated_Source\PSoC4/SPIM_SPI_UART.c ****                 {
  99:.\Generated_Source\PSoC4/SPIM_SPI_UART.c ****                     /* Check if RX Not Empty is disabled in the interrupt */
 100:.\Generated_Source\PSoC4/SPIM_SPI_UART.c ****                     if (0u == (SPIM_INTR_RX_MASK_REG & SPIM_INTR_RX_NOT_EMPTY))
 101:.\Generated_Source\PSoC4/SPIM_SPI_UART.c ****                     {
 102:.\Generated_Source\PSoC4/SPIM_SPI_UART.c ****                         /* Enable RX Not Empty interrupt source to continue
 103:.\Generated_Source\PSoC4/SPIM_SPI_UART.c ****                         * receiving data into software buffer.
 104:.\Generated_Source\PSoC4/SPIM_SPI_UART.c ****                         */
 105:.\Generated_Source\PSoC4/SPIM_SPI_UART.c ****                         SPIM_INTR_RX_MASK_REG |= SPIM_INTR_RX_NOT_EMPTY;
 106:.\Generated_Source\PSoC4/SPIM_SPI_UART.c ****                     }
 107:.\Generated_Source\PSoC4/SPIM_SPI_UART.c ****                 }
 108:.\Generated_Source\PSoC4/SPIM_SPI_UART.c ****                 #endif
 109:.\Generated_Source\PSoC4/SPIM_SPI_UART.c **** 
 110:.\Generated_Source\PSoC4/SPIM_SPI_UART.c ****             }
 111:.\Generated_Source\PSoC4/SPIM_SPI_UART.c ****         }
 112:.\Generated_Source\PSoC4/SPIM_SPI_UART.c ****         #else
 113:.\Generated_Source\PSoC4/SPIM_SPI_UART.c ****         {
 114:.\Generated_Source\PSoC4/SPIM_SPI_UART.c ****             /* Read data from RX FIFO */
 115:.\Generated_Source\PSoC4/SPIM_SPI_UART.c ****             rxData = SPIM_RX_FIFO_RD_REG;
  29              		.loc 1 115 0
  30 0000 014B     		ldr	r3, .L2
  31 0002 1868     		ldr	r0, [r3]
  32              	.LVL1:
 116:.\Generated_Source\PSoC4/SPIM_SPI_UART.c ****         }
 117:.\Generated_Source\PSoC4/SPIM_SPI_UART.c ****         #endif
 118:.\Generated_Source\PSoC4/SPIM_SPI_UART.c **** 
 119:.\Generated_Source\PSoC4/SPIM_SPI_UART.c ****         return (rxData);
 120:.\Generated_Source\PSoC4/SPIM_SPI_UART.c ****     }
  33              		.loc 1 120 0
  34              		@ sp needed
  35 0004 7047     		bx	lr
  36              	.L3:
  37 0006 C046     		.align	2
  38              	.L2:
  39 0008 40030640 		.word	1074135872
  40              		.cfi_endproc
  41              	.LFE0:
  42              		.size	SPIM_SpiUartReadRxData, .-SPIM_SpiUartReadRxData
  43              		.section	.text.SPIM_SpiUartGetRxBufferSize,"ax",%progbits
  44              		.align	2
  45              		.global	SPIM_SpiUartGetRxBufferSize
  46              		.code	16
  47              		.thumb_func
  48              		.type	SPIM_SpiUartGetRxBufferSize, %function
  49              	SPIM_SpiUartGetRxBufferSize:
  50              	.LFB1:
 121:.\Generated_Source\PSoC4/SPIM_SPI_UART.c **** 
ARM GAS  C:\Users\JEPPES~1\AppData\Local\Temp\cc6lTHQc.s 			page 4


 122:.\Generated_Source\PSoC4/SPIM_SPI_UART.c **** 
 123:.\Generated_Source\PSoC4/SPIM_SPI_UART.c ****     /*******************************************************************************
 124:.\Generated_Source\PSoC4/SPIM_SPI_UART.c ****     * Function Name: SPIM_SpiUartGetRxBufferSize
 125:.\Generated_Source\PSoC4/SPIM_SPI_UART.c ****     ********************************************************************************
 126:.\Generated_Source\PSoC4/SPIM_SPI_UART.c ****     *
 127:.\Generated_Source\PSoC4/SPIM_SPI_UART.c ****     * Summary:
 128:.\Generated_Source\PSoC4/SPIM_SPI_UART.c ****     *  Returns the number of received data elements in the receive buffer.
 129:.\Generated_Source\PSoC4/SPIM_SPI_UART.c ****     *   - RX software buffer disabled: returns the number of used entries in
 130:.\Generated_Source\PSoC4/SPIM_SPI_UART.c ****     *     RX FIFO.
 131:.\Generated_Source\PSoC4/SPIM_SPI_UART.c ****     *   - RX software buffer enabled: returns the number of elements which were
 132:.\Generated_Source\PSoC4/SPIM_SPI_UART.c ****     *     placed in the receive buffer. This does not include the hardware RX FIFO.
 133:.\Generated_Source\PSoC4/SPIM_SPI_UART.c ****     *
 134:.\Generated_Source\PSoC4/SPIM_SPI_UART.c ****     * Parameters:
 135:.\Generated_Source\PSoC4/SPIM_SPI_UART.c ****     *  None
 136:.\Generated_Source\PSoC4/SPIM_SPI_UART.c ****     *
 137:.\Generated_Source\PSoC4/SPIM_SPI_UART.c ****     * Return:
 138:.\Generated_Source\PSoC4/SPIM_SPI_UART.c ****     *  Number of received data elements
 139:.\Generated_Source\PSoC4/SPIM_SPI_UART.c ****     *
 140:.\Generated_Source\PSoC4/SPIM_SPI_UART.c ****     *******************************************************************************/
 141:.\Generated_Source\PSoC4/SPIM_SPI_UART.c ****     uint32 SPIM_SpiUartGetRxBufferSize(void)
 142:.\Generated_Source\PSoC4/SPIM_SPI_UART.c ****     {
  51              		.loc 1 142 0
  52              		.cfi_startproc
 143:.\Generated_Source\PSoC4/SPIM_SPI_UART.c ****         uint32 size;
 144:.\Generated_Source\PSoC4/SPIM_SPI_UART.c ****     #if (SPIM_INTERNAL_RX_SW_BUFFER_CONST)
 145:.\Generated_Source\PSoC4/SPIM_SPI_UART.c ****         uint32 locHead;
 146:.\Generated_Source\PSoC4/SPIM_SPI_UART.c ****     #endif /* (SPIM_INTERNAL_RX_SW_BUFFER_CONST) */
 147:.\Generated_Source\PSoC4/SPIM_SPI_UART.c **** 
 148:.\Generated_Source\PSoC4/SPIM_SPI_UART.c ****         #if (SPIM_CHECK_RX_SW_BUFFER)
 149:.\Generated_Source\PSoC4/SPIM_SPI_UART.c ****         {
 150:.\Generated_Source\PSoC4/SPIM_SPI_UART.c ****             locHead = SPIM_rxBufferHead;
 151:.\Generated_Source\PSoC4/SPIM_SPI_UART.c **** 
 152:.\Generated_Source\PSoC4/SPIM_SPI_UART.c ****             if(locHead >= SPIM_rxBufferTail)
 153:.\Generated_Source\PSoC4/SPIM_SPI_UART.c ****             {
 154:.\Generated_Source\PSoC4/SPIM_SPI_UART.c ****                 size = (locHead - SPIM_rxBufferTail);
 155:.\Generated_Source\PSoC4/SPIM_SPI_UART.c ****             }
 156:.\Generated_Source\PSoC4/SPIM_SPI_UART.c ****             else
 157:.\Generated_Source\PSoC4/SPIM_SPI_UART.c ****             {
 158:.\Generated_Source\PSoC4/SPIM_SPI_UART.c ****                 size = (locHead + (SPIM_INTERNAL_RX_BUFFER_SIZE - SPIM_rxBufferTail));
 159:.\Generated_Source\PSoC4/SPIM_SPI_UART.c ****             }
 160:.\Generated_Source\PSoC4/SPIM_SPI_UART.c ****         }
 161:.\Generated_Source\PSoC4/SPIM_SPI_UART.c ****         #else
 162:.\Generated_Source\PSoC4/SPIM_SPI_UART.c ****         {
 163:.\Generated_Source\PSoC4/SPIM_SPI_UART.c ****             size = SPIM_GET_RX_FIFO_ENTRIES;
  53              		.loc 1 163 0
  54 0000 024B     		ldr	r3, .L5
  55 0002 1B68     		ldr	r3, [r3]
  56 0004 0F20     		mov	r0, #15
  57 0006 1840     		and	r0, r3
  58              	.LVL2:
 164:.\Generated_Source\PSoC4/SPIM_SPI_UART.c ****         }
 165:.\Generated_Source\PSoC4/SPIM_SPI_UART.c ****         #endif
 166:.\Generated_Source\PSoC4/SPIM_SPI_UART.c **** 
 167:.\Generated_Source\PSoC4/SPIM_SPI_UART.c ****         return (size);
 168:.\Generated_Source\PSoC4/SPIM_SPI_UART.c ****     }
  59              		.loc 1 168 0
  60              		@ sp needed
ARM GAS  C:\Users\JEPPES~1\AppData\Local\Temp\cc6lTHQc.s 			page 5


  61 0008 7047     		bx	lr
  62              	.L6:
  63 000a C046     		.align	2
  64              	.L5:
  65 000c 08030640 		.word	1074135816
  66              		.cfi_endproc
  67              	.LFE1:
  68              		.size	SPIM_SpiUartGetRxBufferSize, .-SPIM_SpiUartGetRxBufferSize
  69              		.section	.text.SPIM_SpiUartClearRxBuffer,"ax",%progbits
  70              		.align	2
  71              		.global	SPIM_SpiUartClearRxBuffer
  72              		.code	16
  73              		.thumb_func
  74              		.type	SPIM_SpiUartClearRxBuffer, %function
  75              	SPIM_SpiUartClearRxBuffer:
  76              	.LFB2:
 169:.\Generated_Source\PSoC4/SPIM_SPI_UART.c **** 
 170:.\Generated_Source\PSoC4/SPIM_SPI_UART.c **** 
 171:.\Generated_Source\PSoC4/SPIM_SPI_UART.c ****     /*******************************************************************************
 172:.\Generated_Source\PSoC4/SPIM_SPI_UART.c ****     * Function Name: SPIM_SpiUartClearRxBuffer
 173:.\Generated_Source\PSoC4/SPIM_SPI_UART.c ****     ********************************************************************************
 174:.\Generated_Source\PSoC4/SPIM_SPI_UART.c ****     *
 175:.\Generated_Source\PSoC4/SPIM_SPI_UART.c ****     * Summary:
 176:.\Generated_Source\PSoC4/SPIM_SPI_UART.c ****     *  Clears the receive buffer and RX FIFO.
 177:.\Generated_Source\PSoC4/SPIM_SPI_UART.c ****     *
 178:.\Generated_Source\PSoC4/SPIM_SPI_UART.c ****     * Parameters:
 179:.\Generated_Source\PSoC4/SPIM_SPI_UART.c ****     *  None
 180:.\Generated_Source\PSoC4/SPIM_SPI_UART.c ****     *
 181:.\Generated_Source\PSoC4/SPIM_SPI_UART.c ****     * Return:
 182:.\Generated_Source\PSoC4/SPIM_SPI_UART.c ****     *  None
 183:.\Generated_Source\PSoC4/SPIM_SPI_UART.c ****     *
 184:.\Generated_Source\PSoC4/SPIM_SPI_UART.c ****     *******************************************************************************/
 185:.\Generated_Source\PSoC4/SPIM_SPI_UART.c ****     void SPIM_SpiUartClearRxBuffer(void)
 186:.\Generated_Source\PSoC4/SPIM_SPI_UART.c ****     {
  77              		.loc 1 186 0
  78              		.cfi_startproc
 187:.\Generated_Source\PSoC4/SPIM_SPI_UART.c ****         #if (SPIM_CHECK_RX_SW_BUFFER)
 188:.\Generated_Source\PSoC4/SPIM_SPI_UART.c ****         {
 189:.\Generated_Source\PSoC4/SPIM_SPI_UART.c ****             /* Lock from component interruption */
 190:.\Generated_Source\PSoC4/SPIM_SPI_UART.c ****             SPIM_DisableInt();
 191:.\Generated_Source\PSoC4/SPIM_SPI_UART.c **** 
 192:.\Generated_Source\PSoC4/SPIM_SPI_UART.c ****             /* Flush RX software buffer */
 193:.\Generated_Source\PSoC4/SPIM_SPI_UART.c ****             SPIM_rxBufferHead = SPIM_rxBufferTail;
 194:.\Generated_Source\PSoC4/SPIM_SPI_UART.c ****             SPIM_rxBufferOverflow = 0u;
 195:.\Generated_Source\PSoC4/SPIM_SPI_UART.c **** 
 196:.\Generated_Source\PSoC4/SPIM_SPI_UART.c ****             SPIM_CLEAR_RX_FIFO;
 197:.\Generated_Source\PSoC4/SPIM_SPI_UART.c ****             SPIM_ClearRxInterruptSource(SPIM_INTR_RX_ALL);
 198:.\Generated_Source\PSoC4/SPIM_SPI_UART.c **** 
 199:.\Generated_Source\PSoC4/SPIM_SPI_UART.c ****             #if (SPIM_CHECK_UART_RTS_CONTROL_FLOW)
 200:.\Generated_Source\PSoC4/SPIM_SPI_UART.c ****             {
 201:.\Generated_Source\PSoC4/SPIM_SPI_UART.c ****                 /* Enable RX Not Empty interrupt source to continue receiving
 202:.\Generated_Source\PSoC4/SPIM_SPI_UART.c ****                 * data into software buffer.
 203:.\Generated_Source\PSoC4/SPIM_SPI_UART.c ****                 */
 204:.\Generated_Source\PSoC4/SPIM_SPI_UART.c ****                 SPIM_INTR_RX_MASK_REG |= SPIM_INTR_RX_NOT_EMPTY;
 205:.\Generated_Source\PSoC4/SPIM_SPI_UART.c ****             }
 206:.\Generated_Source\PSoC4/SPIM_SPI_UART.c ****             #endif
 207:.\Generated_Source\PSoC4/SPIM_SPI_UART.c **** 
ARM GAS  C:\Users\JEPPES~1\AppData\Local\Temp\cc6lTHQc.s 			page 6


 208:.\Generated_Source\PSoC4/SPIM_SPI_UART.c ****             /* Release lock */
 209:.\Generated_Source\PSoC4/SPIM_SPI_UART.c ****             SPIM_EnableInt();
 210:.\Generated_Source\PSoC4/SPIM_SPI_UART.c ****         }
 211:.\Generated_Source\PSoC4/SPIM_SPI_UART.c ****         #else
 212:.\Generated_Source\PSoC4/SPIM_SPI_UART.c ****         {
 213:.\Generated_Source\PSoC4/SPIM_SPI_UART.c ****             SPIM_CLEAR_RX_FIFO;
  79              		.loc 1 213 0
  80 0000 054B     		ldr	r3, .L8
  81 0002 1A68     		ldr	r2, [r3]
  82 0004 8021     		mov	r1, #128
  83 0006 4902     		lsl	r1, r1, #9
  84 0008 0A43     		orr	r2, r1
  85 000a 1A60     		str	r2, [r3]
  86 000c 1968     		ldr	r1, [r3]
  87 000e 034A     		ldr	r2, .L8+4
  88 0010 0A40     		and	r2, r1
  89 0012 1A60     		str	r2, [r3]
 214:.\Generated_Source\PSoC4/SPIM_SPI_UART.c ****         }
 215:.\Generated_Source\PSoC4/SPIM_SPI_UART.c ****         #endif
 216:.\Generated_Source\PSoC4/SPIM_SPI_UART.c ****     }
  90              		.loc 1 216 0
  91              		@ sp needed
  92 0014 7047     		bx	lr
  93              	.L9:
  94 0016 C046     		.align	2
  95              	.L8:
  96 0018 04030640 		.word	1074135812
  97 001c FFFFFEFF 		.word	-65537
  98              		.cfi_endproc
  99              	.LFE2:
 100              		.size	SPIM_SpiUartClearRxBuffer, .-SPIM_SpiUartClearRxBuffer
 101              		.section	.text.SPIM_SpiUartWriteTxData,"ax",%progbits
 102              		.align	2
 103              		.global	SPIM_SpiUartWriteTxData
 104              		.code	16
 105              		.thumb_func
 106              		.type	SPIM_SpiUartWriteTxData, %function
 107              	SPIM_SpiUartWriteTxData:
 108              	.LFB3:
 217:.\Generated_Source\PSoC4/SPIM_SPI_UART.c **** 
 218:.\Generated_Source\PSoC4/SPIM_SPI_UART.c **** #endif /* (SPIM_RX_DIRECTION) */
 219:.\Generated_Source\PSoC4/SPIM_SPI_UART.c **** 
 220:.\Generated_Source\PSoC4/SPIM_SPI_UART.c **** 
 221:.\Generated_Source\PSoC4/SPIM_SPI_UART.c **** #if(SPIM_TX_DIRECTION)
 222:.\Generated_Source\PSoC4/SPIM_SPI_UART.c ****     /*******************************************************************************
 223:.\Generated_Source\PSoC4/SPIM_SPI_UART.c ****     * Function Name: SPIM_SpiUartWriteTxData
 224:.\Generated_Source\PSoC4/SPIM_SPI_UART.c ****     ********************************************************************************
 225:.\Generated_Source\PSoC4/SPIM_SPI_UART.c ****     *
 226:.\Generated_Source\PSoC4/SPIM_SPI_UART.c ****     * Summary:
 227:.\Generated_Source\PSoC4/SPIM_SPI_UART.c ****     *  Places a data entry into the transmit buffer to be sent at the next available
 228:.\Generated_Source\PSoC4/SPIM_SPI_UART.c ****     *  bus time.
 229:.\Generated_Source\PSoC4/SPIM_SPI_UART.c ****     *  This function is blocking and waits until there is space available to put the
 230:.\Generated_Source\PSoC4/SPIM_SPI_UART.c ****     *  requested data in the transmit buffer.
 231:.\Generated_Source\PSoC4/SPIM_SPI_UART.c ****     *
 232:.\Generated_Source\PSoC4/SPIM_SPI_UART.c ****     * Parameters:
 233:.\Generated_Source\PSoC4/SPIM_SPI_UART.c ****     *  txDataByte: the data to be transmitted.
 234:.\Generated_Source\PSoC4/SPIM_SPI_UART.c ****     *
ARM GAS  C:\Users\JEPPES~1\AppData\Local\Temp\cc6lTHQc.s 			page 7


 235:.\Generated_Source\PSoC4/SPIM_SPI_UART.c ****     * Return:
 236:.\Generated_Source\PSoC4/SPIM_SPI_UART.c ****     *  None
 237:.\Generated_Source\PSoC4/SPIM_SPI_UART.c ****     *
 238:.\Generated_Source\PSoC4/SPIM_SPI_UART.c ****     *******************************************************************************/
 239:.\Generated_Source\PSoC4/SPIM_SPI_UART.c ****     void SPIM_SpiUartWriteTxData(uint32 txData)
 240:.\Generated_Source\PSoC4/SPIM_SPI_UART.c ****     {
 109              		.loc 1 240 0
 110              		.cfi_startproc
 111              	.LVL3:
 112              	.L11:
 241:.\Generated_Source\PSoC4/SPIM_SPI_UART.c ****     #if (SPIM_INTERNAL_TX_SW_BUFFER_CONST)
 242:.\Generated_Source\PSoC4/SPIM_SPI_UART.c ****         uint32 locHead;
 243:.\Generated_Source\PSoC4/SPIM_SPI_UART.c ****     #endif /* (SPIM_INTERNAL_TX_SW_BUFFER_CONST) */
 244:.\Generated_Source\PSoC4/SPIM_SPI_UART.c **** 
 245:.\Generated_Source\PSoC4/SPIM_SPI_UART.c ****         #if (SPIM_CHECK_TX_SW_BUFFER)
 246:.\Generated_Source\PSoC4/SPIM_SPI_UART.c ****         {
 247:.\Generated_Source\PSoC4/SPIM_SPI_UART.c ****             /* Put data directly into the TX FIFO */
 248:.\Generated_Source\PSoC4/SPIM_SPI_UART.c ****             if ((SPIM_txBufferHead == SPIM_txBufferTail) &&
 249:.\Generated_Source\PSoC4/SPIM_SPI_UART.c ****                 (SPIM_SPI_UART_FIFO_SIZE != SPIM_GET_TX_FIFO_ENTRIES))
 250:.\Generated_Source\PSoC4/SPIM_SPI_UART.c ****             {
 251:.\Generated_Source\PSoC4/SPIM_SPI_UART.c ****                 /* TX software buffer is empty: put data directly in TX FIFO */
 252:.\Generated_Source\PSoC4/SPIM_SPI_UART.c ****                 SPIM_TX_FIFO_WR_REG = txData;
 253:.\Generated_Source\PSoC4/SPIM_SPI_UART.c ****             }
 254:.\Generated_Source\PSoC4/SPIM_SPI_UART.c ****             /* Put data into TX software buffer */
 255:.\Generated_Source\PSoC4/SPIM_SPI_UART.c ****             else
 256:.\Generated_Source\PSoC4/SPIM_SPI_UART.c ****             {
 257:.\Generated_Source\PSoC4/SPIM_SPI_UART.c ****                 /* Head index to put data */
 258:.\Generated_Source\PSoC4/SPIM_SPI_UART.c ****                 locHead = (SPIM_txBufferHead + 1u);
 259:.\Generated_Source\PSoC4/SPIM_SPI_UART.c **** 
 260:.\Generated_Source\PSoC4/SPIM_SPI_UART.c ****                 /* Adjust TX software buffer index */
 261:.\Generated_Source\PSoC4/SPIM_SPI_UART.c ****                 if (SPIM_TX_BUFFER_SIZE == locHead)
 262:.\Generated_Source\PSoC4/SPIM_SPI_UART.c ****                 {
 263:.\Generated_Source\PSoC4/SPIM_SPI_UART.c ****                     locHead = 0u;
 264:.\Generated_Source\PSoC4/SPIM_SPI_UART.c ****                 }
 265:.\Generated_Source\PSoC4/SPIM_SPI_UART.c **** 
 266:.\Generated_Source\PSoC4/SPIM_SPI_UART.c ****                 /* Wait for space in TX software buffer */
 267:.\Generated_Source\PSoC4/SPIM_SPI_UART.c ****                 while (locHead == SPIM_txBufferTail)
 268:.\Generated_Source\PSoC4/SPIM_SPI_UART.c ****                 {
 269:.\Generated_Source\PSoC4/SPIM_SPI_UART.c ****                 }
 270:.\Generated_Source\PSoC4/SPIM_SPI_UART.c **** 
 271:.\Generated_Source\PSoC4/SPIM_SPI_UART.c ****                 /* TX software buffer has at least one room */
 272:.\Generated_Source\PSoC4/SPIM_SPI_UART.c **** 
 273:.\Generated_Source\PSoC4/SPIM_SPI_UART.c ****                 /* Clear old status of INTR_TX_NOT_FULL. It sets at the end of transfer when TX FIF
 274:.\Generated_Source\PSoC4/SPIM_SPI_UART.c ****                 SPIM_ClearTxInterruptSource(SPIM_INTR_TX_NOT_FULL);
 275:.\Generated_Source\PSoC4/SPIM_SPI_UART.c **** 
 276:.\Generated_Source\PSoC4/SPIM_SPI_UART.c ****                 SPIM_PutWordInTxBuffer(locHead, txData);
 277:.\Generated_Source\PSoC4/SPIM_SPI_UART.c **** 
 278:.\Generated_Source\PSoC4/SPIM_SPI_UART.c ****                 SPIM_txBufferHead = locHead;
 279:.\Generated_Source\PSoC4/SPIM_SPI_UART.c **** 
 280:.\Generated_Source\PSoC4/SPIM_SPI_UART.c ****                 /* Check if TX Not Full is disabled in interrupt */
 281:.\Generated_Source\PSoC4/SPIM_SPI_UART.c ****                 if (0u == (SPIM_INTR_TX_MASK_REG & SPIM_INTR_TX_NOT_FULL))
 282:.\Generated_Source\PSoC4/SPIM_SPI_UART.c ****                 {
 283:.\Generated_Source\PSoC4/SPIM_SPI_UART.c ****                     /* Enable TX Not Full interrupt source to transmit from software buffer */
 284:.\Generated_Source\PSoC4/SPIM_SPI_UART.c ****                     SPIM_INTR_TX_MASK_REG |= (uint32) SPIM_INTR_TX_NOT_FULL;
 285:.\Generated_Source\PSoC4/SPIM_SPI_UART.c ****                 }
 286:.\Generated_Source\PSoC4/SPIM_SPI_UART.c ****             }
 287:.\Generated_Source\PSoC4/SPIM_SPI_UART.c ****         }
ARM GAS  C:\Users\JEPPES~1\AppData\Local\Temp\cc6lTHQc.s 			page 8


 288:.\Generated_Source\PSoC4/SPIM_SPI_UART.c ****         #else
 289:.\Generated_Source\PSoC4/SPIM_SPI_UART.c ****         {
 290:.\Generated_Source\PSoC4/SPIM_SPI_UART.c ****             /* Wait until TX FIFO has space to put data element */
 291:.\Generated_Source\PSoC4/SPIM_SPI_UART.c ****             while (SPIM_SPI_UART_FIFO_SIZE == SPIM_GET_TX_FIFO_ENTRIES)
 113              		.loc 1 291 0 discriminator 1
 114 0000 044B     		ldr	r3, .L12
 115 0002 1B68     		ldr	r3, [r3]
 116 0004 0F22     		mov	r2, #15
 117 0006 1340     		and	r3, r2
 118 0008 082B     		cmp	r3, #8
 119 000a F9D0     		beq	.L11
 292:.\Generated_Source\PSoC4/SPIM_SPI_UART.c ****             {
 293:.\Generated_Source\PSoC4/SPIM_SPI_UART.c ****             }
 294:.\Generated_Source\PSoC4/SPIM_SPI_UART.c **** 
 295:.\Generated_Source\PSoC4/SPIM_SPI_UART.c ****             SPIM_TX_FIFO_WR_REG = txData;
 120              		.loc 1 295 0
 121 000c 024B     		ldr	r3, .L12+4
 122 000e 1860     		str	r0, [r3]
 296:.\Generated_Source\PSoC4/SPIM_SPI_UART.c ****         }
 297:.\Generated_Source\PSoC4/SPIM_SPI_UART.c ****         #endif
 298:.\Generated_Source\PSoC4/SPIM_SPI_UART.c ****     }
 123              		.loc 1 298 0
 124              		@ sp needed
 125 0010 7047     		bx	lr
 126              	.L13:
 127 0012 C046     		.align	2
 128              	.L12:
 129 0014 08020640 		.word	1074135560
 130 0018 40020640 		.word	1074135616
 131              		.cfi_endproc
 132              	.LFE3:
 133              		.size	SPIM_SpiUartWriteTxData, .-SPIM_SpiUartWriteTxData
 134              		.section	.text.SPIM_SpiUartPutArray,"ax",%progbits
 135              		.align	2
 136              		.global	SPIM_SpiUartPutArray
 137              		.code	16
 138              		.thumb_func
 139              		.type	SPIM_SpiUartPutArray, %function
 140              	SPIM_SpiUartPutArray:
 141              	.LFB4:
 299:.\Generated_Source\PSoC4/SPIM_SPI_UART.c **** 
 300:.\Generated_Source\PSoC4/SPIM_SPI_UART.c **** 
 301:.\Generated_Source\PSoC4/SPIM_SPI_UART.c ****     /*******************************************************************************
 302:.\Generated_Source\PSoC4/SPIM_SPI_UART.c ****     * Function Name: SPIM_SpiUartPutArray
 303:.\Generated_Source\PSoC4/SPIM_SPI_UART.c ****     ********************************************************************************
 304:.\Generated_Source\PSoC4/SPIM_SPI_UART.c ****     *
 305:.\Generated_Source\PSoC4/SPIM_SPI_UART.c ****     * Summary:
 306:.\Generated_Source\PSoC4/SPIM_SPI_UART.c ****     *  Places an array of data into the transmit buffer to be sent.
 307:.\Generated_Source\PSoC4/SPIM_SPI_UART.c ****     *  This function is blocking and waits until there is a space available to put
 308:.\Generated_Source\PSoC4/SPIM_SPI_UART.c ****     *  all the requested data in the transmit buffer. The array size can be greater
 309:.\Generated_Source\PSoC4/SPIM_SPI_UART.c ****     *  than transmit buffer size.
 310:.\Generated_Source\PSoC4/SPIM_SPI_UART.c ****     *
 311:.\Generated_Source\PSoC4/SPIM_SPI_UART.c ****     * Parameters:
 312:.\Generated_Source\PSoC4/SPIM_SPI_UART.c ****     *  wrBuf:  pointer to an array with data to be placed in transmit buffer.
 313:.\Generated_Source\PSoC4/SPIM_SPI_UART.c ****     *  count:  number of data elements to be placed in the transmit buffer.
 314:.\Generated_Source\PSoC4/SPIM_SPI_UART.c ****     *
 315:.\Generated_Source\PSoC4/SPIM_SPI_UART.c ****     * Return:
ARM GAS  C:\Users\JEPPES~1\AppData\Local\Temp\cc6lTHQc.s 			page 9


 316:.\Generated_Source\PSoC4/SPIM_SPI_UART.c ****     *  None
 317:.\Generated_Source\PSoC4/SPIM_SPI_UART.c ****     *
 318:.\Generated_Source\PSoC4/SPIM_SPI_UART.c ****     *******************************************************************************/
 319:.\Generated_Source\PSoC4/SPIM_SPI_UART.c ****     void SPIM_SpiUartPutArray(const uint16 wrBuf[], uint32 count)
 320:.\Generated_Source\PSoC4/SPIM_SPI_UART.c ****     {
 142              		.loc 1 320 0
 143              		.cfi_startproc
 144              	.LVL4:
 145 0000 70B5     		push	{r4, r5, r6, lr}
 146              		.cfi_def_cfa_offset 16
 147              		.cfi_offset 4, -16
 148              		.cfi_offset 5, -12
 149              		.cfi_offset 6, -8
 150              		.cfi_offset 14, -4
 151 0002 061C     		mov	r6, r0
 152 0004 0D1C     		mov	r5, r1
 153              	.LVL5:
 321:.\Generated_Source\PSoC4/SPIM_SPI_UART.c ****         uint32 i;
 322:.\Generated_Source\PSoC4/SPIM_SPI_UART.c **** 
 323:.\Generated_Source\PSoC4/SPIM_SPI_UART.c ****         for (i=0u; i < count; i++)
 154              		.loc 1 323 0
 155 0006 0024     		mov	r4, #0
 156 0008 04E0     		b	.L15
 157              	.LVL6:
 158              	.L16:
 324:.\Generated_Source\PSoC4/SPIM_SPI_UART.c ****         {
 325:.\Generated_Source\PSoC4/SPIM_SPI_UART.c ****             SPIM_SpiUartWriteTxData((uint32) wrBuf[i]);
 159              		.loc 1 325 0 discriminator 3
 160 000a 6300     		lsl	r3, r4, #1
 161 000c 985B     		ldrh	r0, [r3, r6]
 162 000e FFF7FEFF 		bl	SPIM_SpiUartWriteTxData
 163              	.LVL7:
 323:.\Generated_Source\PSoC4/SPIM_SPI_UART.c ****         {
 164              		.loc 1 323 0 discriminator 3
 165 0012 0134     		add	r4, r4, #1
 166              	.LVL8:
 167              	.L15:
 323:.\Generated_Source\PSoC4/SPIM_SPI_UART.c ****         {
 168              		.loc 1 323 0 is_stmt 0 discriminator 1
 169 0014 AC42     		cmp	r4, r5
 170 0016 F8D3     		bcc	.L16
 326:.\Generated_Source\PSoC4/SPIM_SPI_UART.c ****         }
 327:.\Generated_Source\PSoC4/SPIM_SPI_UART.c ****     }
 171              		.loc 1 327 0 is_stmt 1
 172              		@ sp needed
 173              	.LVL9:
 174              	.LVL10:
 175              	.LVL11:
 176 0018 70BD     		pop	{r4, r5, r6, pc}
 177              		.cfi_endproc
 178              	.LFE4:
 179              		.size	SPIM_SpiUartPutArray, .-SPIM_SpiUartPutArray
 180 001a C046     		.section	.text.SPIM_SpiUartGetTxBufferSize,"ax",%progbits
 181              		.align	2
 182              		.global	SPIM_SpiUartGetTxBufferSize
 183              		.code	16
 184              		.thumb_func
ARM GAS  C:\Users\JEPPES~1\AppData\Local\Temp\cc6lTHQc.s 			page 10


 185              		.type	SPIM_SpiUartGetTxBufferSize, %function
 186              	SPIM_SpiUartGetTxBufferSize:
 187              	.LFB5:
 328:.\Generated_Source\PSoC4/SPIM_SPI_UART.c **** 
 329:.\Generated_Source\PSoC4/SPIM_SPI_UART.c **** 
 330:.\Generated_Source\PSoC4/SPIM_SPI_UART.c ****     /*******************************************************************************
 331:.\Generated_Source\PSoC4/SPIM_SPI_UART.c ****     * Function Name: SPIM_SpiUartGetTxBufferSize
 332:.\Generated_Source\PSoC4/SPIM_SPI_UART.c ****     ********************************************************************************
 333:.\Generated_Source\PSoC4/SPIM_SPI_UART.c ****     *
 334:.\Generated_Source\PSoC4/SPIM_SPI_UART.c ****     * Summary:
 335:.\Generated_Source\PSoC4/SPIM_SPI_UART.c ****     * Returns the number of elements currently in the transmit buffer.
 336:.\Generated_Source\PSoC4/SPIM_SPI_UART.c ****     *  - TX software buffer is disabled: returns the number of used entries in
 337:.\Generated_Source\PSoC4/SPIM_SPI_UART.c ****     *    TX FIFO.
 338:.\Generated_Source\PSoC4/SPIM_SPI_UART.c ****     *  - TX software buffer is enabled: returns the number of elements currently
 339:.\Generated_Source\PSoC4/SPIM_SPI_UART.c ****     *    used in the transmit buffer. This number does not include used entries in
 340:.\Generated_Source\PSoC4/SPIM_SPI_UART.c ****     *    the TX FIFO. The transmit buffer size is zero until the TX FIFO is
 341:.\Generated_Source\PSoC4/SPIM_SPI_UART.c ****     *    not full.
 342:.\Generated_Source\PSoC4/SPIM_SPI_UART.c ****     *
 343:.\Generated_Source\PSoC4/SPIM_SPI_UART.c ****     * Parameters:
 344:.\Generated_Source\PSoC4/SPIM_SPI_UART.c ****     *  None
 345:.\Generated_Source\PSoC4/SPIM_SPI_UART.c ****     *
 346:.\Generated_Source\PSoC4/SPIM_SPI_UART.c ****     * Return:
 347:.\Generated_Source\PSoC4/SPIM_SPI_UART.c ****     *  Number of data elements ready to transmit.
 348:.\Generated_Source\PSoC4/SPIM_SPI_UART.c ****     *
 349:.\Generated_Source\PSoC4/SPIM_SPI_UART.c ****     *******************************************************************************/
 350:.\Generated_Source\PSoC4/SPIM_SPI_UART.c ****     uint32 SPIM_SpiUartGetTxBufferSize(void)
 351:.\Generated_Source\PSoC4/SPIM_SPI_UART.c ****     {
 188              		.loc 1 351 0
 189              		.cfi_startproc
 352:.\Generated_Source\PSoC4/SPIM_SPI_UART.c ****         uint32 size;
 353:.\Generated_Source\PSoC4/SPIM_SPI_UART.c ****     #if (SPIM_INTERNAL_TX_SW_BUFFER_CONST)
 354:.\Generated_Source\PSoC4/SPIM_SPI_UART.c ****         uint32 locTail;
 355:.\Generated_Source\PSoC4/SPIM_SPI_UART.c ****     #endif /* (SPIM_INTERNAL_TX_SW_BUFFER_CONST) */
 356:.\Generated_Source\PSoC4/SPIM_SPI_UART.c **** 
 357:.\Generated_Source\PSoC4/SPIM_SPI_UART.c ****         #if (SPIM_CHECK_TX_SW_BUFFER)
 358:.\Generated_Source\PSoC4/SPIM_SPI_UART.c ****         {
 359:.\Generated_Source\PSoC4/SPIM_SPI_UART.c ****             /* Get current Tail index */
 360:.\Generated_Source\PSoC4/SPIM_SPI_UART.c ****             locTail = SPIM_txBufferTail;
 361:.\Generated_Source\PSoC4/SPIM_SPI_UART.c **** 
 362:.\Generated_Source\PSoC4/SPIM_SPI_UART.c ****             if (SPIM_txBufferHead >= locTail)
 363:.\Generated_Source\PSoC4/SPIM_SPI_UART.c ****             {
 364:.\Generated_Source\PSoC4/SPIM_SPI_UART.c ****                 size = (SPIM_txBufferHead - locTail);
 365:.\Generated_Source\PSoC4/SPIM_SPI_UART.c ****             }
 366:.\Generated_Source\PSoC4/SPIM_SPI_UART.c ****             else
 367:.\Generated_Source\PSoC4/SPIM_SPI_UART.c ****             {
 368:.\Generated_Source\PSoC4/SPIM_SPI_UART.c ****                 size = (SPIM_txBufferHead + (SPIM_TX_BUFFER_SIZE - locTail));
 369:.\Generated_Source\PSoC4/SPIM_SPI_UART.c ****             }
 370:.\Generated_Source\PSoC4/SPIM_SPI_UART.c ****         }
 371:.\Generated_Source\PSoC4/SPIM_SPI_UART.c ****         #else
 372:.\Generated_Source\PSoC4/SPIM_SPI_UART.c ****         {
 373:.\Generated_Source\PSoC4/SPIM_SPI_UART.c ****             size = SPIM_GET_TX_FIFO_ENTRIES;
 190              		.loc 1 373 0
 191 0000 024B     		ldr	r3, .L18
 192 0002 1B68     		ldr	r3, [r3]
 193 0004 0F20     		mov	r0, #15
 194 0006 1840     		and	r0, r3
 195              	.LVL12:
ARM GAS  C:\Users\JEPPES~1\AppData\Local\Temp\cc6lTHQc.s 			page 11


 374:.\Generated_Source\PSoC4/SPIM_SPI_UART.c ****         }
 375:.\Generated_Source\PSoC4/SPIM_SPI_UART.c ****         #endif
 376:.\Generated_Source\PSoC4/SPIM_SPI_UART.c **** 
 377:.\Generated_Source\PSoC4/SPIM_SPI_UART.c ****         return (size);
 378:.\Generated_Source\PSoC4/SPIM_SPI_UART.c ****     }
 196              		.loc 1 378 0
 197              		@ sp needed
 198 0008 7047     		bx	lr
 199              	.L19:
 200 000a C046     		.align	2
 201              	.L18:
 202 000c 08020640 		.word	1074135560
 203              		.cfi_endproc
 204              	.LFE5:
 205              		.size	SPIM_SpiUartGetTxBufferSize, .-SPIM_SpiUartGetTxBufferSize
 206              		.section	.text.SPIM_SpiUartClearTxBuffer,"ax",%progbits
 207              		.align	2
 208              		.global	SPIM_SpiUartClearTxBuffer
 209              		.code	16
 210              		.thumb_func
 211              		.type	SPIM_SpiUartClearTxBuffer, %function
 212              	SPIM_SpiUartClearTxBuffer:
 213              	.LFB6:
 379:.\Generated_Source\PSoC4/SPIM_SPI_UART.c **** 
 380:.\Generated_Source\PSoC4/SPIM_SPI_UART.c **** 
 381:.\Generated_Source\PSoC4/SPIM_SPI_UART.c ****     /*******************************************************************************
 382:.\Generated_Source\PSoC4/SPIM_SPI_UART.c ****     * Function Name: SPIM_SpiUartClearTxBuffer
 383:.\Generated_Source\PSoC4/SPIM_SPI_UART.c ****     ********************************************************************************
 384:.\Generated_Source\PSoC4/SPIM_SPI_UART.c ****     *
 385:.\Generated_Source\PSoC4/SPIM_SPI_UART.c ****     * Summary:
 386:.\Generated_Source\PSoC4/SPIM_SPI_UART.c ****     *  Clears the transmit buffer and TX FIFO.
 387:.\Generated_Source\PSoC4/SPIM_SPI_UART.c ****     *
 388:.\Generated_Source\PSoC4/SPIM_SPI_UART.c ****     * Parameters:
 389:.\Generated_Source\PSoC4/SPIM_SPI_UART.c ****     *  None
 390:.\Generated_Source\PSoC4/SPIM_SPI_UART.c ****     *
 391:.\Generated_Source\PSoC4/SPIM_SPI_UART.c ****     * Return:
 392:.\Generated_Source\PSoC4/SPIM_SPI_UART.c ****     *  None
 393:.\Generated_Source\PSoC4/SPIM_SPI_UART.c ****     *
 394:.\Generated_Source\PSoC4/SPIM_SPI_UART.c ****     *******************************************************************************/
 395:.\Generated_Source\PSoC4/SPIM_SPI_UART.c ****     void SPIM_SpiUartClearTxBuffer(void)
 396:.\Generated_Source\PSoC4/SPIM_SPI_UART.c ****     {
 214              		.loc 1 396 0
 215              		.cfi_startproc
 397:.\Generated_Source\PSoC4/SPIM_SPI_UART.c ****         #if (SPIM_CHECK_TX_SW_BUFFER)
 398:.\Generated_Source\PSoC4/SPIM_SPI_UART.c ****         {
 399:.\Generated_Source\PSoC4/SPIM_SPI_UART.c ****             /* Lock from component interruption */
 400:.\Generated_Source\PSoC4/SPIM_SPI_UART.c ****             SPIM_DisableInt();
 401:.\Generated_Source\PSoC4/SPIM_SPI_UART.c **** 
 402:.\Generated_Source\PSoC4/SPIM_SPI_UART.c ****             /* Flush TX software buffer */
 403:.\Generated_Source\PSoC4/SPIM_SPI_UART.c ****             SPIM_txBufferHead = SPIM_txBufferTail;
 404:.\Generated_Source\PSoC4/SPIM_SPI_UART.c **** 
 405:.\Generated_Source\PSoC4/SPIM_SPI_UART.c ****             SPIM_INTR_TX_MASK_REG &= (uint32) ~SPIM_INTR_TX_NOT_FULL;
 406:.\Generated_Source\PSoC4/SPIM_SPI_UART.c ****             SPIM_CLEAR_TX_FIFO;
 407:.\Generated_Source\PSoC4/SPIM_SPI_UART.c ****             SPIM_ClearTxInterruptSource(SPIM_INTR_TX_ALL);
 408:.\Generated_Source\PSoC4/SPIM_SPI_UART.c **** 
 409:.\Generated_Source\PSoC4/SPIM_SPI_UART.c ****             /* Release lock */
 410:.\Generated_Source\PSoC4/SPIM_SPI_UART.c ****             SPIM_EnableInt();
ARM GAS  C:\Users\JEPPES~1\AppData\Local\Temp\cc6lTHQc.s 			page 12


 411:.\Generated_Source\PSoC4/SPIM_SPI_UART.c ****         }
 412:.\Generated_Source\PSoC4/SPIM_SPI_UART.c ****         #else
 413:.\Generated_Source\PSoC4/SPIM_SPI_UART.c ****         {
 414:.\Generated_Source\PSoC4/SPIM_SPI_UART.c ****             SPIM_CLEAR_TX_FIFO;
 216              		.loc 1 414 0
 217 0000 054B     		ldr	r3, .L21
 218 0002 1A68     		ldr	r2, [r3]
 219 0004 8021     		mov	r1, #128
 220 0006 4902     		lsl	r1, r1, #9
 221 0008 0A43     		orr	r2, r1
 222 000a 1A60     		str	r2, [r3]
 223 000c 1968     		ldr	r1, [r3]
 224 000e 034A     		ldr	r2, .L21+4
 225 0010 0A40     		and	r2, r1
 226 0012 1A60     		str	r2, [r3]
 415:.\Generated_Source\PSoC4/SPIM_SPI_UART.c ****         }
 416:.\Generated_Source\PSoC4/SPIM_SPI_UART.c ****         #endif
 417:.\Generated_Source\PSoC4/SPIM_SPI_UART.c ****     }
 227              		.loc 1 417 0
 228              		@ sp needed
 229 0014 7047     		bx	lr
 230              	.L22:
 231 0016 C046     		.align	2
 232              	.L21:
 233 0018 04020640 		.word	1074135556
 234 001c FFFFFEFF 		.word	-65537
 235              		.cfi_endproc
 236              	.LFE6:
 237              		.size	SPIM_SpiUartClearTxBuffer, .-SPIM_SpiUartClearTxBuffer
 238              		.section	.text.SPIM_SpiUartDisableIntRx,"ax",%progbits
 239              		.align	2
 240              		.global	SPIM_SpiUartDisableIntRx
 241              		.code	16
 242              		.thumb_func
 243              		.type	SPIM_SpiUartDisableIntRx, %function
 244              	SPIM_SpiUartDisableIntRx:
 245              	.LFB7:
 418:.\Generated_Source\PSoC4/SPIM_SPI_UART.c **** 
 419:.\Generated_Source\PSoC4/SPIM_SPI_UART.c **** #endif /* (SPIM_TX_DIRECTION) */
 420:.\Generated_Source\PSoC4/SPIM_SPI_UART.c **** 
 421:.\Generated_Source\PSoC4/SPIM_SPI_UART.c **** 
 422:.\Generated_Source\PSoC4/SPIM_SPI_UART.c **** /*******************************************************************************
 423:.\Generated_Source\PSoC4/SPIM_SPI_UART.c **** * Function Name: SPIM_SpiUartDisableIntRx
 424:.\Generated_Source\PSoC4/SPIM_SPI_UART.c **** ********************************************************************************
 425:.\Generated_Source\PSoC4/SPIM_SPI_UART.c **** *
 426:.\Generated_Source\PSoC4/SPIM_SPI_UART.c **** * Summary:
 427:.\Generated_Source\PSoC4/SPIM_SPI_UART.c **** *  Disables the RX interrupt sources.
 428:.\Generated_Source\PSoC4/SPIM_SPI_UART.c **** *
 429:.\Generated_Source\PSoC4/SPIM_SPI_UART.c **** * Parameters:
 430:.\Generated_Source\PSoC4/SPIM_SPI_UART.c **** *  None
 431:.\Generated_Source\PSoC4/SPIM_SPI_UART.c **** *
 432:.\Generated_Source\PSoC4/SPIM_SPI_UART.c **** * Return:
 433:.\Generated_Source\PSoC4/SPIM_SPI_UART.c **** *  Returns the RX interrupt sources enabled before the function call.
 434:.\Generated_Source\PSoC4/SPIM_SPI_UART.c **** *
 435:.\Generated_Source\PSoC4/SPIM_SPI_UART.c **** *******************************************************************************/
 436:.\Generated_Source\PSoC4/SPIM_SPI_UART.c **** uint32 SPIM_SpiUartDisableIntRx(void)
 437:.\Generated_Source\PSoC4/SPIM_SPI_UART.c **** {
ARM GAS  C:\Users\JEPPES~1\AppData\Local\Temp\cc6lTHQc.s 			page 13


 246              		.loc 1 437 0
 247              		.cfi_startproc
 438:.\Generated_Source\PSoC4/SPIM_SPI_UART.c ****     uint32 intSource;
 439:.\Generated_Source\PSoC4/SPIM_SPI_UART.c **** 
 440:.\Generated_Source\PSoC4/SPIM_SPI_UART.c ****     intSource = SPIM_GetRxInterruptMode();
 248              		.loc 1 440 0
 249 0000 024B     		ldr	r3, .L24
 250 0002 1868     		ldr	r0, [r3]
 251              	.LVL13:
 441:.\Generated_Source\PSoC4/SPIM_SPI_UART.c **** 
 442:.\Generated_Source\PSoC4/SPIM_SPI_UART.c ****     SPIM_SetRxInterruptMode(SPIM_NO_INTR_SOURCES);
 252              		.loc 1 442 0
 253 0004 0022     		mov	r2, #0
 254 0006 1A60     		str	r2, [r3]
 443:.\Generated_Source\PSoC4/SPIM_SPI_UART.c **** 
 444:.\Generated_Source\PSoC4/SPIM_SPI_UART.c ****     return (intSource);
 445:.\Generated_Source\PSoC4/SPIM_SPI_UART.c **** }
 255              		.loc 1 445 0
 256              		@ sp needed
 257 0008 7047     		bx	lr
 258              	.L25:
 259 000a C046     		.align	2
 260              	.L24:
 261 000c C80F0640 		.word	1074139080
 262              		.cfi_endproc
 263              	.LFE7:
 264              		.size	SPIM_SpiUartDisableIntRx, .-SPIM_SpiUartDisableIntRx
 265              		.section	.text.SPIM_SpiUartDisableIntTx,"ax",%progbits
 266              		.align	2
 267              		.global	SPIM_SpiUartDisableIntTx
 268              		.code	16
 269              		.thumb_func
 270              		.type	SPIM_SpiUartDisableIntTx, %function
 271              	SPIM_SpiUartDisableIntTx:
 272              	.LFB8:
 446:.\Generated_Source\PSoC4/SPIM_SPI_UART.c **** 
 447:.\Generated_Source\PSoC4/SPIM_SPI_UART.c **** 
 448:.\Generated_Source\PSoC4/SPIM_SPI_UART.c **** /*******************************************************************************
 449:.\Generated_Source\PSoC4/SPIM_SPI_UART.c **** * Function Name: SPIM_SpiUartDisableIntTx
 450:.\Generated_Source\PSoC4/SPIM_SPI_UART.c **** ********************************************************************************
 451:.\Generated_Source\PSoC4/SPIM_SPI_UART.c **** *
 452:.\Generated_Source\PSoC4/SPIM_SPI_UART.c **** * Summary:
 453:.\Generated_Source\PSoC4/SPIM_SPI_UART.c **** *  Disables TX interrupt sources.
 454:.\Generated_Source\PSoC4/SPIM_SPI_UART.c **** *
 455:.\Generated_Source\PSoC4/SPIM_SPI_UART.c **** * Parameters:
 456:.\Generated_Source\PSoC4/SPIM_SPI_UART.c **** *  None
 457:.\Generated_Source\PSoC4/SPIM_SPI_UART.c **** *
 458:.\Generated_Source\PSoC4/SPIM_SPI_UART.c **** * Return:
 459:.\Generated_Source\PSoC4/SPIM_SPI_UART.c **** *  Returns TX interrupt sources enabled before function call.
 460:.\Generated_Source\PSoC4/SPIM_SPI_UART.c **** *
 461:.\Generated_Source\PSoC4/SPIM_SPI_UART.c **** *******************************************************************************/
 462:.\Generated_Source\PSoC4/SPIM_SPI_UART.c **** uint32 SPIM_SpiUartDisableIntTx(void)
 463:.\Generated_Source\PSoC4/SPIM_SPI_UART.c **** {
 273              		.loc 1 463 0
 274              		.cfi_startproc
 464:.\Generated_Source\PSoC4/SPIM_SPI_UART.c ****     uint32 intSourceMask;
 465:.\Generated_Source\PSoC4/SPIM_SPI_UART.c **** 
ARM GAS  C:\Users\JEPPES~1\AppData\Local\Temp\cc6lTHQc.s 			page 14


 466:.\Generated_Source\PSoC4/SPIM_SPI_UART.c ****     intSourceMask = SPIM_GetTxInterruptMode();
 275              		.loc 1 466 0
 276 0000 024B     		ldr	r3, .L27
 277 0002 1868     		ldr	r0, [r3]
 278              	.LVL14:
 467:.\Generated_Source\PSoC4/SPIM_SPI_UART.c **** 
 468:.\Generated_Source\PSoC4/SPIM_SPI_UART.c ****     SPIM_SetTxInterruptMode(SPIM_NO_INTR_SOURCES);
 279              		.loc 1 468 0
 280 0004 0022     		mov	r2, #0
 281 0006 1A60     		str	r2, [r3]
 469:.\Generated_Source\PSoC4/SPIM_SPI_UART.c **** 
 470:.\Generated_Source\PSoC4/SPIM_SPI_UART.c ****     return (intSourceMask);
 471:.\Generated_Source\PSoC4/SPIM_SPI_UART.c **** }
 282              		.loc 1 471 0
 283              		@ sp needed
 284 0008 7047     		bx	lr
 285              	.L28:
 286 000a C046     		.align	2
 287              	.L27:
 288 000c 880F0640 		.word	1074139016
 289              		.cfi_endproc
 290              	.LFE8:
 291              		.size	SPIM_SpiUartDisableIntTx, .-SPIM_SpiUartDisableIntTx
 292              		.text
 293              	.Letext0:
 294              		.file 2 "Generated_Source\\PSoC4/cytypes.h"
 295              		.section	.debug_info,"",%progbits
 296              	.Ldebug_info0:
 297 0000 13020000 		.4byte	0x213
 298 0004 0400     		.2byte	0x4
 299 0006 00000000 		.4byte	.Ldebug_abbrev0
 300 000a 04       		.byte	0x4
 301 000b 01       		.uleb128 0x1
 302 000c 93010000 		.4byte	.LASF32
 303 0010 01       		.byte	0x1
 304 0011 4E010000 		.4byte	.LASF33
 305 0015 3A000000 		.4byte	.LASF34
 306 0019 00000000 		.4byte	.Ldebug_ranges0+0
 307 001d 00000000 		.4byte	0
 308 0021 00000000 		.4byte	.Ldebug_line0
 309 0025 02       		.uleb128 0x2
 310 0026 01       		.byte	0x1
 311 0027 06       		.byte	0x6
 312 0028 61020000 		.4byte	.LASF0
 313 002c 02       		.uleb128 0x2
 314 002d 01       		.byte	0x1
 315 002e 08       		.byte	0x8
 316 002f FC000000 		.4byte	.LASF1
 317 0033 02       		.uleb128 0x2
 318 0034 02       		.byte	0x2
 319 0035 05       		.byte	0x5
 320 0036 2E020000 		.4byte	.LASF2
 321 003a 02       		.uleb128 0x2
 322 003b 02       		.byte	0x2
 323 003c 07       		.byte	0x7
 324 003d C0000000 		.4byte	.LASF3
 325 0041 02       		.uleb128 0x2
ARM GAS  C:\Users\JEPPES~1\AppData\Local\Temp\cc6lTHQc.s 			page 15


 326 0042 04       		.byte	0x4
 327 0043 05       		.byte	0x5
 328 0044 38020000 		.4byte	.LASF4
 329 0048 02       		.uleb128 0x2
 330 0049 04       		.byte	0x4
 331 004a 07       		.byte	0x7
 332 004b AE000000 		.4byte	.LASF5
 333 004f 02       		.uleb128 0x2
 334 0050 08       		.byte	0x8
 335 0051 05       		.byte	0x5
 336 0052 80010000 		.4byte	.LASF6
 337 0056 02       		.uleb128 0x2
 338 0057 08       		.byte	0x8
 339 0058 07       		.byte	0x7
 340 0059 37010000 		.4byte	.LASF7
 341 005d 03       		.uleb128 0x3
 342 005e 04       		.byte	0x4
 343 005f 05       		.byte	0x5
 344 0060 696E7400 		.ascii	"int\000"
 345 0064 02       		.uleb128 0x2
 346 0065 04       		.byte	0x4
 347 0066 07       		.byte	0x7
 348 0067 21020000 		.4byte	.LASF8
 349 006b 04       		.uleb128 0x4
 350 006c 11010000 		.4byte	.LASF9
 351 0070 02       		.byte	0x2
 352 0071 3901     		.2byte	0x139
 353 0073 3A000000 		.4byte	0x3a
 354 0077 04       		.uleb128 0x4
 355 0078 18010000 		.4byte	.LASF10
 356 007c 02       		.byte	0x2
 357 007d 3A01     		.2byte	0x13a
 358 007f 48000000 		.4byte	0x48
 359 0083 02       		.uleb128 0x2
 360 0084 04       		.byte	0x4
 361 0085 04       		.byte	0x4
 362 0086 87000000 		.4byte	.LASF11
 363 008a 02       		.uleb128 0x2
 364 008b 08       		.byte	0x8
 365 008c 04       		.byte	0x4
 366 008d 0A010000 		.4byte	.LASF12
 367 0091 02       		.uleb128 0x2
 368 0092 01       		.byte	0x1
 369 0093 08       		.byte	0x8
 370 0094 8E010000 		.4byte	.LASF13
 371 0098 04       		.uleb128 0x4
 372 0099 41020000 		.4byte	.LASF14
 373 009d 02       		.byte	0x2
 374 009e E401     		.2byte	0x1e4
 375 00a0 A4000000 		.4byte	0xa4
 376 00a4 05       		.uleb128 0x5
 377 00a5 77000000 		.4byte	0x77
 378 00a9 02       		.uleb128 0x2
 379 00aa 04       		.byte	0x4
 380 00ab 07       		.byte	0x7
 381 00ac 77010000 		.4byte	.LASF15
 382 00b0 06       		.uleb128 0x6
ARM GAS  C:\Users\JEPPES~1\AppData\Local\Temp\cc6lTHQc.s 			page 16


 383 00b1 56000000 		.4byte	.LASF16
 384 00b5 01       		.byte	0x1
 385 00b6 45       		.byte	0x45
 386 00b7 77000000 		.4byte	0x77
 387 00bb 00000000 		.4byte	.LFB0
 388 00bf 0C000000 		.4byte	.LFE0-.LFB0
 389 00c3 01       		.uleb128 0x1
 390 00c4 9C       		.byte	0x9c
 391 00c5 D9000000 		.4byte	0xd9
 392 00c9 07       		.uleb128 0x7
 393 00ca EF000000 		.4byte	.LASF18
 394 00ce 01       		.byte	0x1
 395 00cf 47       		.byte	0x47
 396 00d0 77000000 		.4byte	0x77
 397 00d4 00000000 		.4byte	.LLST0
 398 00d8 00       		.byte	0
 399 00d9 06       		.uleb128 0x6
 400 00da 8D000000 		.4byte	.LASF17
 401 00de 01       		.byte	0x1
 402 00df 8D       		.byte	0x8d
 403 00e0 77000000 		.4byte	0x77
 404 00e4 00000000 		.4byte	.LFB1
 405 00e8 10000000 		.4byte	.LFE1-.LFB1
 406 00ec 01       		.uleb128 0x1
 407 00ed 9C       		.byte	0x9c
 408 00ee 00010000 		.4byte	0x100
 409 00f2 08       		.uleb128 0x8
 410 00f3 A9000000 		.4byte	.LASF19
 411 00f7 01       		.byte	0x1
 412 00f8 8F       		.byte	0x8f
 413 00f9 77000000 		.4byte	0x77
 414 00fd 01       		.uleb128 0x1
 415 00fe 50       		.byte	0x50
 416 00ff 00       		.byte	0
 417 0100 09       		.uleb128 0x9
 418 0101 6D000000 		.4byte	.LASF26
 419 0105 01       		.byte	0x1
 420 0106 B9       		.byte	0xb9
 421 0107 00000000 		.4byte	.LFB2
 422 010b 20000000 		.4byte	.LFE2-.LFB2
 423 010f 01       		.uleb128 0x1
 424 0110 9C       		.byte	0x9c
 425 0111 0A       		.uleb128 0xa
 426 0112 00000000 		.4byte	.LASF20
 427 0116 01       		.byte	0x1
 428 0117 EF       		.byte	0xef
 429 0118 00000000 		.4byte	.LFB3
 430 011c 1C000000 		.4byte	.LFE3-.LFB3
 431 0120 01       		.uleb128 0x1
 432 0121 9C       		.byte	0x9c
 433 0122 34010000 		.4byte	0x134
 434 0126 0B       		.uleb128 0xb
 435 0127 1E000000 		.4byte	.LASF22
 436 012b 01       		.byte	0x1
 437 012c EF       		.byte	0xef
 438 012d 77000000 		.4byte	0x77
 439 0131 01       		.uleb128 0x1
ARM GAS  C:\Users\JEPPES~1\AppData\Local\Temp\cc6lTHQc.s 			page 17


 440 0132 50       		.byte	0x50
 441 0133 00       		.byte	0
 442 0134 0C       		.uleb128 0xc
 443 0135 25000000 		.4byte	.LASF21
 444 0139 01       		.byte	0x1
 445 013a 3F01     		.2byte	0x13f
 446 013c 00000000 		.4byte	.LFB4
 447 0140 1A000000 		.4byte	.LFE4-.LFB4
 448 0144 01       		.uleb128 0x1
 449 0145 9C       		.byte	0x9c
 450 0146 82010000 		.4byte	0x182
 451 014a 0D       		.uleb128 0xd
 452 014b F6000000 		.4byte	.LASF23
 453 014f 01       		.byte	0x1
 454 0150 3F01     		.2byte	0x13f
 455 0152 82010000 		.4byte	0x182
 456 0156 1F000000 		.4byte	.LLST1
 457 015a 0D       		.uleb128 0xd
 458 015b 18000000 		.4byte	.LASF24
 459 015f 01       		.byte	0x1
 460 0160 3F01     		.2byte	0x13f
 461 0162 77000000 		.4byte	0x77
 462 0166 4B000000 		.4byte	.LLST2
 463 016a 0E       		.uleb128 0xe
 464 016b 6900     		.ascii	"i\000"
 465 016d 01       		.byte	0x1
 466 016e 4101     		.2byte	0x141
 467 0170 77000000 		.4byte	0x77
 468 0174 77000000 		.4byte	.LLST3
 469 0178 0F       		.uleb128 0xf
 470 0179 12000000 		.4byte	.LVL7
 471 017d 11010000 		.4byte	0x111
 472 0181 00       		.byte	0
 473 0182 10       		.uleb128 0x10
 474 0183 04       		.byte	0x4
 475 0184 88010000 		.4byte	0x188
 476 0188 11       		.uleb128 0x11
 477 0189 6B000000 		.4byte	0x6b
 478 018d 12       		.uleb128 0x12
 479 018e D3000000 		.4byte	.LASF25
 480 0192 01       		.byte	0x1
 481 0193 5E01     		.2byte	0x15e
 482 0195 77000000 		.4byte	0x77
 483 0199 00000000 		.4byte	.LFB5
 484 019d 10000000 		.4byte	.LFE5-.LFB5
 485 01a1 01       		.uleb128 0x1
 486 01a2 9C       		.byte	0x9c
 487 01a3 B6010000 		.4byte	0x1b6
 488 01a7 13       		.uleb128 0x13
 489 01a8 A9000000 		.4byte	.LASF19
 490 01ac 01       		.byte	0x1
 491 01ad 6001     		.2byte	0x160
 492 01af 77000000 		.4byte	0x77
 493 01b3 01       		.uleb128 0x1
 494 01b4 50       		.byte	0x50
 495 01b5 00       		.byte	0
 496 01b6 14       		.uleb128 0x14
ARM GAS  C:\Users\JEPPES~1\AppData\Local\Temp\cc6lTHQc.s 			page 18


 497 01b7 47020000 		.4byte	.LASF27
 498 01bb 01       		.byte	0x1
 499 01bc 8B01     		.2byte	0x18b
 500 01be 00000000 		.4byte	.LFB6
 501 01c2 20000000 		.4byte	.LFE6-.LFB6
 502 01c6 01       		.uleb128 0x1
 503 01c7 9C       		.byte	0x9c
 504 01c8 12       		.uleb128 0x12
 505 01c9 6D020000 		.4byte	.LASF28
 506 01cd 01       		.byte	0x1
 507 01ce B401     		.2byte	0x1b4
 508 01d0 77000000 		.4byte	0x77
 509 01d4 00000000 		.4byte	.LFB7
 510 01d8 10000000 		.4byte	.LFE7-.LFB7
 511 01dc 01       		.uleb128 0x1
 512 01dd 9C       		.byte	0x9c
 513 01de F1010000 		.4byte	0x1f1
 514 01e2 13       		.uleb128 0x13
 515 01e3 2D010000 		.4byte	.LASF29
 516 01e7 01       		.byte	0x1
 517 01e8 B601     		.2byte	0x1b6
 518 01ea 77000000 		.4byte	0x77
 519 01ee 01       		.uleb128 0x1
 520 01ef 50       		.byte	0x50
 521 01f0 00       		.byte	0
 522 01f1 15       		.uleb128 0x15
 523 01f2 86020000 		.4byte	.LASF30
 524 01f6 01       		.byte	0x1
 525 01f7 CE01     		.2byte	0x1ce
 526 01f9 77000000 		.4byte	0x77
 527 01fd 00000000 		.4byte	.LFB8
 528 0201 10000000 		.4byte	.LFE8-.LFB8
 529 0205 01       		.uleb128 0x1
 530 0206 9C       		.byte	0x9c
 531 0207 13       		.uleb128 0x13
 532 0208 1F010000 		.4byte	.LASF31
 533 020c 01       		.byte	0x1
 534 020d D001     		.2byte	0x1d0
 535 020f 77000000 		.4byte	0x77
 536 0213 01       		.uleb128 0x1
 537 0214 50       		.byte	0x50
 538 0215 00       		.byte	0
 539 0216 00       		.byte	0
 540              		.section	.debug_abbrev,"",%progbits
 541              	.Ldebug_abbrev0:
 542 0000 01       		.uleb128 0x1
 543 0001 11       		.uleb128 0x11
 544 0002 01       		.byte	0x1
 545 0003 25       		.uleb128 0x25
 546 0004 0E       		.uleb128 0xe
 547 0005 13       		.uleb128 0x13
 548 0006 0B       		.uleb128 0xb
 549 0007 03       		.uleb128 0x3
 550 0008 0E       		.uleb128 0xe
 551 0009 1B       		.uleb128 0x1b
 552 000a 0E       		.uleb128 0xe
 553 000b 55       		.uleb128 0x55
ARM GAS  C:\Users\JEPPES~1\AppData\Local\Temp\cc6lTHQc.s 			page 19


 554 000c 17       		.uleb128 0x17
 555 000d 11       		.uleb128 0x11
 556 000e 01       		.uleb128 0x1
 557 000f 10       		.uleb128 0x10
 558 0010 17       		.uleb128 0x17
 559 0011 00       		.byte	0
 560 0012 00       		.byte	0
 561 0013 02       		.uleb128 0x2
 562 0014 24       		.uleb128 0x24
 563 0015 00       		.byte	0
 564 0016 0B       		.uleb128 0xb
 565 0017 0B       		.uleb128 0xb
 566 0018 3E       		.uleb128 0x3e
 567 0019 0B       		.uleb128 0xb
 568 001a 03       		.uleb128 0x3
 569 001b 0E       		.uleb128 0xe
 570 001c 00       		.byte	0
 571 001d 00       		.byte	0
 572 001e 03       		.uleb128 0x3
 573 001f 24       		.uleb128 0x24
 574 0020 00       		.byte	0
 575 0021 0B       		.uleb128 0xb
 576 0022 0B       		.uleb128 0xb
 577 0023 3E       		.uleb128 0x3e
 578 0024 0B       		.uleb128 0xb
 579 0025 03       		.uleb128 0x3
 580 0026 08       		.uleb128 0x8
 581 0027 00       		.byte	0
 582 0028 00       		.byte	0
 583 0029 04       		.uleb128 0x4
 584 002a 16       		.uleb128 0x16
 585 002b 00       		.byte	0
 586 002c 03       		.uleb128 0x3
 587 002d 0E       		.uleb128 0xe
 588 002e 3A       		.uleb128 0x3a
 589 002f 0B       		.uleb128 0xb
 590 0030 3B       		.uleb128 0x3b
 591 0031 05       		.uleb128 0x5
 592 0032 49       		.uleb128 0x49
 593 0033 13       		.uleb128 0x13
 594 0034 00       		.byte	0
 595 0035 00       		.byte	0
 596 0036 05       		.uleb128 0x5
 597 0037 35       		.uleb128 0x35
 598 0038 00       		.byte	0
 599 0039 49       		.uleb128 0x49
 600 003a 13       		.uleb128 0x13
 601 003b 00       		.byte	0
 602 003c 00       		.byte	0
 603 003d 06       		.uleb128 0x6
 604 003e 2E       		.uleb128 0x2e
 605 003f 01       		.byte	0x1
 606 0040 3F       		.uleb128 0x3f
 607 0041 19       		.uleb128 0x19
 608 0042 03       		.uleb128 0x3
 609 0043 0E       		.uleb128 0xe
 610 0044 3A       		.uleb128 0x3a
ARM GAS  C:\Users\JEPPES~1\AppData\Local\Temp\cc6lTHQc.s 			page 20


 611 0045 0B       		.uleb128 0xb
 612 0046 3B       		.uleb128 0x3b
 613 0047 0B       		.uleb128 0xb
 614 0048 27       		.uleb128 0x27
 615 0049 19       		.uleb128 0x19
 616 004a 49       		.uleb128 0x49
 617 004b 13       		.uleb128 0x13
 618 004c 11       		.uleb128 0x11
 619 004d 01       		.uleb128 0x1
 620 004e 12       		.uleb128 0x12
 621 004f 06       		.uleb128 0x6
 622 0050 40       		.uleb128 0x40
 623 0051 18       		.uleb128 0x18
 624 0052 9742     		.uleb128 0x2117
 625 0054 19       		.uleb128 0x19
 626 0055 01       		.uleb128 0x1
 627 0056 13       		.uleb128 0x13
 628 0057 00       		.byte	0
 629 0058 00       		.byte	0
 630 0059 07       		.uleb128 0x7
 631 005a 34       		.uleb128 0x34
 632 005b 00       		.byte	0
 633 005c 03       		.uleb128 0x3
 634 005d 0E       		.uleb128 0xe
 635 005e 3A       		.uleb128 0x3a
 636 005f 0B       		.uleb128 0xb
 637 0060 3B       		.uleb128 0x3b
 638 0061 0B       		.uleb128 0xb
 639 0062 49       		.uleb128 0x49
 640 0063 13       		.uleb128 0x13
 641 0064 02       		.uleb128 0x2
 642 0065 17       		.uleb128 0x17
 643 0066 00       		.byte	0
 644 0067 00       		.byte	0
 645 0068 08       		.uleb128 0x8
 646 0069 34       		.uleb128 0x34
 647 006a 00       		.byte	0
 648 006b 03       		.uleb128 0x3
 649 006c 0E       		.uleb128 0xe
 650 006d 3A       		.uleb128 0x3a
 651 006e 0B       		.uleb128 0xb
 652 006f 3B       		.uleb128 0x3b
 653 0070 0B       		.uleb128 0xb
 654 0071 49       		.uleb128 0x49
 655 0072 13       		.uleb128 0x13
 656 0073 02       		.uleb128 0x2
 657 0074 18       		.uleb128 0x18
 658 0075 00       		.byte	0
 659 0076 00       		.byte	0
 660 0077 09       		.uleb128 0x9
 661 0078 2E       		.uleb128 0x2e
 662 0079 00       		.byte	0
 663 007a 3F       		.uleb128 0x3f
 664 007b 19       		.uleb128 0x19
 665 007c 03       		.uleb128 0x3
 666 007d 0E       		.uleb128 0xe
 667 007e 3A       		.uleb128 0x3a
ARM GAS  C:\Users\JEPPES~1\AppData\Local\Temp\cc6lTHQc.s 			page 21


 668 007f 0B       		.uleb128 0xb
 669 0080 3B       		.uleb128 0x3b
 670 0081 0B       		.uleb128 0xb
 671 0082 27       		.uleb128 0x27
 672 0083 19       		.uleb128 0x19
 673 0084 11       		.uleb128 0x11
 674 0085 01       		.uleb128 0x1
 675 0086 12       		.uleb128 0x12
 676 0087 06       		.uleb128 0x6
 677 0088 40       		.uleb128 0x40
 678 0089 18       		.uleb128 0x18
 679 008a 9742     		.uleb128 0x2117
 680 008c 19       		.uleb128 0x19
 681 008d 00       		.byte	0
 682 008e 00       		.byte	0
 683 008f 0A       		.uleb128 0xa
 684 0090 2E       		.uleb128 0x2e
 685 0091 01       		.byte	0x1
 686 0092 3F       		.uleb128 0x3f
 687 0093 19       		.uleb128 0x19
 688 0094 03       		.uleb128 0x3
 689 0095 0E       		.uleb128 0xe
 690 0096 3A       		.uleb128 0x3a
 691 0097 0B       		.uleb128 0xb
 692 0098 3B       		.uleb128 0x3b
 693 0099 0B       		.uleb128 0xb
 694 009a 27       		.uleb128 0x27
 695 009b 19       		.uleb128 0x19
 696 009c 11       		.uleb128 0x11
 697 009d 01       		.uleb128 0x1
 698 009e 12       		.uleb128 0x12
 699 009f 06       		.uleb128 0x6
 700 00a0 40       		.uleb128 0x40
 701 00a1 18       		.uleb128 0x18
 702 00a2 9742     		.uleb128 0x2117
 703 00a4 19       		.uleb128 0x19
 704 00a5 01       		.uleb128 0x1
 705 00a6 13       		.uleb128 0x13
 706 00a7 00       		.byte	0
 707 00a8 00       		.byte	0
 708 00a9 0B       		.uleb128 0xb
 709 00aa 05       		.uleb128 0x5
 710 00ab 00       		.byte	0
 711 00ac 03       		.uleb128 0x3
 712 00ad 0E       		.uleb128 0xe
 713 00ae 3A       		.uleb128 0x3a
 714 00af 0B       		.uleb128 0xb
 715 00b0 3B       		.uleb128 0x3b
 716 00b1 0B       		.uleb128 0xb
 717 00b2 49       		.uleb128 0x49
 718 00b3 13       		.uleb128 0x13
 719 00b4 02       		.uleb128 0x2
 720 00b5 18       		.uleb128 0x18
 721 00b6 00       		.byte	0
 722 00b7 00       		.byte	0
 723 00b8 0C       		.uleb128 0xc
 724 00b9 2E       		.uleb128 0x2e
ARM GAS  C:\Users\JEPPES~1\AppData\Local\Temp\cc6lTHQc.s 			page 22


 725 00ba 01       		.byte	0x1
 726 00bb 3F       		.uleb128 0x3f
 727 00bc 19       		.uleb128 0x19
 728 00bd 03       		.uleb128 0x3
 729 00be 0E       		.uleb128 0xe
 730 00bf 3A       		.uleb128 0x3a
 731 00c0 0B       		.uleb128 0xb
 732 00c1 3B       		.uleb128 0x3b
 733 00c2 05       		.uleb128 0x5
 734 00c3 27       		.uleb128 0x27
 735 00c4 19       		.uleb128 0x19
 736 00c5 11       		.uleb128 0x11
 737 00c6 01       		.uleb128 0x1
 738 00c7 12       		.uleb128 0x12
 739 00c8 06       		.uleb128 0x6
 740 00c9 40       		.uleb128 0x40
 741 00ca 18       		.uleb128 0x18
 742 00cb 9742     		.uleb128 0x2117
 743 00cd 19       		.uleb128 0x19
 744 00ce 01       		.uleb128 0x1
 745 00cf 13       		.uleb128 0x13
 746 00d0 00       		.byte	0
 747 00d1 00       		.byte	0
 748 00d2 0D       		.uleb128 0xd
 749 00d3 05       		.uleb128 0x5
 750 00d4 00       		.byte	0
 751 00d5 03       		.uleb128 0x3
 752 00d6 0E       		.uleb128 0xe
 753 00d7 3A       		.uleb128 0x3a
 754 00d8 0B       		.uleb128 0xb
 755 00d9 3B       		.uleb128 0x3b
 756 00da 05       		.uleb128 0x5
 757 00db 49       		.uleb128 0x49
 758 00dc 13       		.uleb128 0x13
 759 00dd 02       		.uleb128 0x2
 760 00de 17       		.uleb128 0x17
 761 00df 00       		.byte	0
 762 00e0 00       		.byte	0
 763 00e1 0E       		.uleb128 0xe
 764 00e2 34       		.uleb128 0x34
 765 00e3 00       		.byte	0
 766 00e4 03       		.uleb128 0x3
 767 00e5 08       		.uleb128 0x8
 768 00e6 3A       		.uleb128 0x3a
 769 00e7 0B       		.uleb128 0xb
 770 00e8 3B       		.uleb128 0x3b
 771 00e9 05       		.uleb128 0x5
 772 00ea 49       		.uleb128 0x49
 773 00eb 13       		.uleb128 0x13
 774 00ec 02       		.uleb128 0x2
 775 00ed 17       		.uleb128 0x17
 776 00ee 00       		.byte	0
 777 00ef 00       		.byte	0
 778 00f0 0F       		.uleb128 0xf
 779 00f1 898201   		.uleb128 0x4109
 780 00f4 00       		.byte	0
 781 00f5 11       		.uleb128 0x11
ARM GAS  C:\Users\JEPPES~1\AppData\Local\Temp\cc6lTHQc.s 			page 23


 782 00f6 01       		.uleb128 0x1
 783 00f7 31       		.uleb128 0x31
 784 00f8 13       		.uleb128 0x13
 785 00f9 00       		.byte	0
 786 00fa 00       		.byte	0
 787 00fb 10       		.uleb128 0x10
 788 00fc 0F       		.uleb128 0xf
 789 00fd 00       		.byte	0
 790 00fe 0B       		.uleb128 0xb
 791 00ff 0B       		.uleb128 0xb
 792 0100 49       		.uleb128 0x49
 793 0101 13       		.uleb128 0x13
 794 0102 00       		.byte	0
 795 0103 00       		.byte	0
 796 0104 11       		.uleb128 0x11
 797 0105 26       		.uleb128 0x26
 798 0106 00       		.byte	0
 799 0107 49       		.uleb128 0x49
 800 0108 13       		.uleb128 0x13
 801 0109 00       		.byte	0
 802 010a 00       		.byte	0
 803 010b 12       		.uleb128 0x12
 804 010c 2E       		.uleb128 0x2e
 805 010d 01       		.byte	0x1
 806 010e 3F       		.uleb128 0x3f
 807 010f 19       		.uleb128 0x19
 808 0110 03       		.uleb128 0x3
 809 0111 0E       		.uleb128 0xe
 810 0112 3A       		.uleb128 0x3a
 811 0113 0B       		.uleb128 0xb
 812 0114 3B       		.uleb128 0x3b
 813 0115 05       		.uleb128 0x5
 814 0116 27       		.uleb128 0x27
 815 0117 19       		.uleb128 0x19
 816 0118 49       		.uleb128 0x49
 817 0119 13       		.uleb128 0x13
 818 011a 11       		.uleb128 0x11
 819 011b 01       		.uleb128 0x1
 820 011c 12       		.uleb128 0x12
 821 011d 06       		.uleb128 0x6
 822 011e 40       		.uleb128 0x40
 823 011f 18       		.uleb128 0x18
 824 0120 9742     		.uleb128 0x2117
 825 0122 19       		.uleb128 0x19
 826 0123 01       		.uleb128 0x1
 827 0124 13       		.uleb128 0x13
 828 0125 00       		.byte	0
 829 0126 00       		.byte	0
 830 0127 13       		.uleb128 0x13
 831 0128 34       		.uleb128 0x34
 832 0129 00       		.byte	0
 833 012a 03       		.uleb128 0x3
 834 012b 0E       		.uleb128 0xe
 835 012c 3A       		.uleb128 0x3a
 836 012d 0B       		.uleb128 0xb
 837 012e 3B       		.uleb128 0x3b
 838 012f 05       		.uleb128 0x5
ARM GAS  C:\Users\JEPPES~1\AppData\Local\Temp\cc6lTHQc.s 			page 24


 839 0130 49       		.uleb128 0x49
 840 0131 13       		.uleb128 0x13
 841 0132 02       		.uleb128 0x2
 842 0133 18       		.uleb128 0x18
 843 0134 00       		.byte	0
 844 0135 00       		.byte	0
 845 0136 14       		.uleb128 0x14
 846 0137 2E       		.uleb128 0x2e
 847 0138 00       		.byte	0
 848 0139 3F       		.uleb128 0x3f
 849 013a 19       		.uleb128 0x19
 850 013b 03       		.uleb128 0x3
 851 013c 0E       		.uleb128 0xe
 852 013d 3A       		.uleb128 0x3a
 853 013e 0B       		.uleb128 0xb
 854 013f 3B       		.uleb128 0x3b
 855 0140 05       		.uleb128 0x5
 856 0141 27       		.uleb128 0x27
 857 0142 19       		.uleb128 0x19
 858 0143 11       		.uleb128 0x11
 859 0144 01       		.uleb128 0x1
 860 0145 12       		.uleb128 0x12
 861 0146 06       		.uleb128 0x6
 862 0147 40       		.uleb128 0x40
 863 0148 18       		.uleb128 0x18
 864 0149 9742     		.uleb128 0x2117
 865 014b 19       		.uleb128 0x19
 866 014c 00       		.byte	0
 867 014d 00       		.byte	0
 868 014e 15       		.uleb128 0x15
 869 014f 2E       		.uleb128 0x2e
 870 0150 01       		.byte	0x1
 871 0151 3F       		.uleb128 0x3f
 872 0152 19       		.uleb128 0x19
 873 0153 03       		.uleb128 0x3
 874 0154 0E       		.uleb128 0xe
 875 0155 3A       		.uleb128 0x3a
 876 0156 0B       		.uleb128 0xb
 877 0157 3B       		.uleb128 0x3b
 878 0158 05       		.uleb128 0x5
 879 0159 27       		.uleb128 0x27
 880 015a 19       		.uleb128 0x19
 881 015b 49       		.uleb128 0x49
 882 015c 13       		.uleb128 0x13
 883 015d 11       		.uleb128 0x11
 884 015e 01       		.uleb128 0x1
 885 015f 12       		.uleb128 0x12
 886 0160 06       		.uleb128 0x6
 887 0161 40       		.uleb128 0x40
 888 0162 18       		.uleb128 0x18
 889 0163 9742     		.uleb128 0x2117
 890 0165 19       		.uleb128 0x19
 891 0166 00       		.byte	0
 892 0167 00       		.byte	0
 893 0168 00       		.byte	0
 894              		.section	.debug_loc,"",%progbits
 895              	.Ldebug_loc0:
ARM GAS  C:\Users\JEPPES~1\AppData\Local\Temp\cc6lTHQc.s 			page 25


 896              	.LLST0:
 897 0000 00000000 		.4byte	.LVL0
 898 0004 04000000 		.4byte	.LVL1
 899 0008 0200     		.2byte	0x2
 900 000a 30       		.byte	0x30
 901 000b 9F       		.byte	0x9f
 902 000c 04000000 		.4byte	.LVL1
 903 0010 0C000000 		.4byte	.LFE0
 904 0014 0100     		.2byte	0x1
 905 0016 50       		.byte	0x50
 906 0017 00000000 		.4byte	0
 907 001b 00000000 		.4byte	0
 908              	.LLST1:
 909 001f 00000000 		.4byte	.LVL4
 910 0023 0A000000 		.4byte	.LVL6
 911 0027 0100     		.2byte	0x1
 912 0029 50       		.byte	0x50
 913 002a 0A000000 		.4byte	.LVL6
 914 002e 18000000 		.4byte	.LVL11
 915 0032 0100     		.2byte	0x1
 916 0034 56       		.byte	0x56
 917 0035 18000000 		.4byte	.LVL11
 918 0039 1A000000 		.4byte	.LFE4
 919 003d 0400     		.2byte	0x4
 920 003f F3       		.byte	0xf3
 921 0040 01       		.uleb128 0x1
 922 0041 50       		.byte	0x50
 923 0042 9F       		.byte	0x9f
 924 0043 00000000 		.4byte	0
 925 0047 00000000 		.4byte	0
 926              	.LLST2:
 927 004b 00000000 		.4byte	.LVL4
 928 004f 0A000000 		.4byte	.LVL6
 929 0053 0100     		.2byte	0x1
 930 0055 51       		.byte	0x51
 931 0056 0A000000 		.4byte	.LVL6
 932 005a 18000000 		.4byte	.LVL10
 933 005e 0100     		.2byte	0x1
 934 0060 55       		.byte	0x55
 935 0061 18000000 		.4byte	.LVL10
 936 0065 1A000000 		.4byte	.LFE4
 937 0069 0400     		.2byte	0x4
 938 006b F3       		.byte	0xf3
 939 006c 01       		.uleb128 0x1
 940 006d 51       		.byte	0x51
 941 006e 9F       		.byte	0x9f
 942 006f 00000000 		.4byte	0
 943 0073 00000000 		.4byte	0
 944              	.LLST3:
 945 0077 06000000 		.4byte	.LVL5
 946 007b 0A000000 		.4byte	.LVL6
 947 007f 0200     		.2byte	0x2
 948 0081 30       		.byte	0x30
 949 0082 9F       		.byte	0x9f
 950 0083 0A000000 		.4byte	.LVL6
 951 0087 18000000 		.4byte	.LVL9
 952 008b 0100     		.2byte	0x1
ARM GAS  C:\Users\JEPPES~1\AppData\Local\Temp\cc6lTHQc.s 			page 26


 953 008d 54       		.byte	0x54
 954 008e 00000000 		.4byte	0
 955 0092 00000000 		.4byte	0
 956              		.section	.debug_aranges,"",%progbits
 957 0000 5C000000 		.4byte	0x5c
 958 0004 0200     		.2byte	0x2
 959 0006 00000000 		.4byte	.Ldebug_info0
 960 000a 04       		.byte	0x4
 961 000b 00       		.byte	0
 962 000c 0000     		.2byte	0
 963 000e 0000     		.2byte	0
 964 0010 00000000 		.4byte	.LFB0
 965 0014 0C000000 		.4byte	.LFE0-.LFB0
 966 0018 00000000 		.4byte	.LFB1
 967 001c 10000000 		.4byte	.LFE1-.LFB1
 968 0020 00000000 		.4byte	.LFB2
 969 0024 20000000 		.4byte	.LFE2-.LFB2
 970 0028 00000000 		.4byte	.LFB3
 971 002c 1C000000 		.4byte	.LFE3-.LFB3
 972 0030 00000000 		.4byte	.LFB4
 973 0034 1A000000 		.4byte	.LFE4-.LFB4
 974 0038 00000000 		.4byte	.LFB5
 975 003c 10000000 		.4byte	.LFE5-.LFB5
 976 0040 00000000 		.4byte	.LFB6
 977 0044 20000000 		.4byte	.LFE6-.LFB6
 978 0048 00000000 		.4byte	.LFB7
 979 004c 10000000 		.4byte	.LFE7-.LFB7
 980 0050 00000000 		.4byte	.LFB8
 981 0054 10000000 		.4byte	.LFE8-.LFB8
 982 0058 00000000 		.4byte	0
 983 005c 00000000 		.4byte	0
 984              		.section	.debug_ranges,"",%progbits
 985              	.Ldebug_ranges0:
 986 0000 00000000 		.4byte	.LFB0
 987 0004 0C000000 		.4byte	.LFE0
 988 0008 00000000 		.4byte	.LFB1
 989 000c 10000000 		.4byte	.LFE1
 990 0010 00000000 		.4byte	.LFB2
 991 0014 20000000 		.4byte	.LFE2
 992 0018 00000000 		.4byte	.LFB3
 993 001c 1C000000 		.4byte	.LFE3
 994 0020 00000000 		.4byte	.LFB4
 995 0024 1A000000 		.4byte	.LFE4
 996 0028 00000000 		.4byte	.LFB5
 997 002c 10000000 		.4byte	.LFE5
 998 0030 00000000 		.4byte	.LFB6
 999 0034 20000000 		.4byte	.LFE6
 1000 0038 00000000 		.4byte	.LFB7
 1001 003c 10000000 		.4byte	.LFE7
 1002 0040 00000000 		.4byte	.LFB8
 1003 0044 10000000 		.4byte	.LFE8
 1004 0048 00000000 		.4byte	0
 1005 004c 00000000 		.4byte	0
 1006              		.section	.debug_line,"",%progbits
 1007              	.Ldebug_line0:
 1008 0000 2F010000 		.section	.debug_str,"MS",%progbits,1
 1008      02006300 
ARM GAS  C:\Users\JEPPES~1\AppData\Local\Temp\cc6lTHQc.s 			page 27


 1008      00000201 
 1008      FB0E0D00 
 1008      01010101 
 1009              	.LASF20:
 1010 0000 5350494D 		.ascii	"SPIM_SpiUartWriteTxData\000"
 1010      5F537069 
 1010      55617274 
 1010      57726974 
 1010      65547844 
 1011              	.LASF24:
 1012 0018 636F756E 		.ascii	"count\000"
 1012      7400
 1013              	.LASF22:
 1014 001e 74784461 		.ascii	"txData\000"
 1014      746100
 1015              	.LASF21:
 1016 0025 5350494D 		.ascii	"SPIM_SpiUartPutArray\000"
 1016      5F537069 
 1016      55617274 
 1016      50757441 
 1016      72726179 
 1017              	.LASF34:
 1018 003a 433A5C45 		.ascii	"C:\\E3PRJ3\\PSoC4Master.cydsn\000"
 1018      3350524A 
 1018      335C5053 
 1018      6F43344D 
 1018      61737465 
 1019              	.LASF16:
 1020 0056 5350494D 		.ascii	"SPIM_SpiUartReadRxData\000"
 1020      5F537069 
 1020      55617274 
 1020      52656164 
 1020      52784461 
 1021              	.LASF26:
 1022 006d 5350494D 		.ascii	"SPIM_SpiUartClearRxBuffer\000"
 1022      5F537069 
 1022      55617274 
 1022      436C6561 
 1022      72527842 
 1023              	.LASF11:
 1024 0087 666C6F61 		.ascii	"float\000"
 1024      7400
 1025              	.LASF17:
 1026 008d 5350494D 		.ascii	"SPIM_SpiUartGetRxBufferSize\000"
 1026      5F537069 
 1026      55617274 
 1026      47657452 
 1026      78427566 
 1027              	.LASF19:
 1028 00a9 73697A65 		.ascii	"size\000"
 1028      00
 1029              	.LASF5:
 1030 00ae 6C6F6E67 		.ascii	"long unsigned int\000"
 1030      20756E73 
 1030      69676E65 
 1030      6420696E 
 1030      7400
ARM GAS  C:\Users\JEPPES~1\AppData\Local\Temp\cc6lTHQc.s 			page 28


 1031              	.LASF3:
 1032 00c0 73686F72 		.ascii	"short unsigned int\000"
 1032      7420756E 
 1032      7369676E 
 1032      65642069 
 1032      6E7400
 1033              	.LASF25:
 1034 00d3 5350494D 		.ascii	"SPIM_SpiUartGetTxBufferSize\000"
 1034      5F537069 
 1034      55617274 
 1034      47657454 
 1034      78427566 
 1035              	.LASF18:
 1036 00ef 72784461 		.ascii	"rxData\000"
 1036      746100
 1037              	.LASF23:
 1038 00f6 77724275 		.ascii	"wrBuf\000"
 1038      6600
 1039              	.LASF1:
 1040 00fc 756E7369 		.ascii	"unsigned char\000"
 1040      676E6564 
 1040      20636861 
 1040      7200
 1041              	.LASF12:
 1042 010a 646F7562 		.ascii	"double\000"
 1042      6C6500
 1043              	.LASF9:
 1044 0111 75696E74 		.ascii	"uint16\000"
 1044      313600
 1045              	.LASF10:
 1046 0118 75696E74 		.ascii	"uint32\000"
 1046      333200
 1047              	.LASF31:
 1048 011f 696E7453 		.ascii	"intSourceMask\000"
 1048      6F757263 
 1048      654D6173 
 1048      6B00
 1049              	.LASF29:
 1050 012d 696E7453 		.ascii	"intSource\000"
 1050      6F757263 
 1050      6500
 1051              	.LASF7:
 1052 0137 6C6F6E67 		.ascii	"long long unsigned int\000"
 1052      206C6F6E 
 1052      6720756E 
 1052      7369676E 
 1052      65642069 
 1053              	.LASF33:
 1054 014e 2E5C4765 		.ascii	".\\Generated_Source\\PSoC4\\SPIM_SPI_UART.c\000"
 1054      6E657261 
 1054      7465645F 
 1054      536F7572 
 1054      63655C50 
 1055              	.LASF15:
 1056 0177 73697A65 		.ascii	"sizetype\000"
 1056      74797065 
 1056      00
ARM GAS  C:\Users\JEPPES~1\AppData\Local\Temp\cc6lTHQc.s 			page 29


 1057              	.LASF6:
 1058 0180 6C6F6E67 		.ascii	"long long int\000"
 1058      206C6F6E 
 1058      6720696E 
 1058      7400
 1059              	.LASF13:
 1060 018e 63686172 		.ascii	"char\000"
 1060      00
 1061              	.LASF32:
 1062 0193 474E5520 		.ascii	"GNU C 4.9.3 20150303 (release) [ARM/embedded-4_9-br"
 1062      4320342E 
 1062      392E3320 
 1062      32303135 
 1062      30333033 
 1063 01c6 616E6368 		.ascii	"anch revision 221220] -mcpu=cortex-m0 -mthumb -g -O"
 1063      20726576 
 1063      6973696F 
 1063      6E203232 
 1063      31323230 
 1064 01f9 67202D66 		.ascii	"g -ffunction-sections -ffat-lto-objects\000"
 1064      66756E63 
 1064      74696F6E 
 1064      2D736563 
 1064      74696F6E 
 1065              	.LASF8:
 1066 0221 756E7369 		.ascii	"unsigned int\000"
 1066      676E6564 
 1066      20696E74 
 1066      00
 1067              	.LASF2:
 1068 022e 73686F72 		.ascii	"short int\000"
 1068      7420696E 
 1068      7400
 1069              	.LASF4:
 1070 0238 6C6F6E67 		.ascii	"long int\000"
 1070      20696E74 
 1070      00
 1071              	.LASF14:
 1072 0241 72656733 		.ascii	"reg32\000"
 1072      3200
 1073              	.LASF27:
 1074 0247 5350494D 		.ascii	"SPIM_SpiUartClearTxBuffer\000"
 1074      5F537069 
 1074      55617274 
 1074      436C6561 
 1074      72547842 
 1075              	.LASF0:
 1076 0261 7369676E 		.ascii	"signed char\000"
 1076      65642063 
 1076      68617200 
 1077              	.LASF28:
 1078 026d 5350494D 		.ascii	"SPIM_SpiUartDisableIntRx\000"
 1078      5F537069 
 1078      55617274 
 1078      44697361 
 1078      626C6549 
 1079              	.LASF30:
ARM GAS  C:\Users\JEPPES~1\AppData\Local\Temp\cc6lTHQc.s 			page 30


 1080 0286 5350494D 		.ascii	"SPIM_SpiUartDisableIntTx\000"
 1080      5F537069 
 1080      55617274 
 1080      44697361 
 1080      626C6549 
 1081              		.ident	"GCC: (GNU Tools for ARM Embedded Processors) 4.9.3 20150303 (release) [ARM/embedded-4_9-br
