ARM GAS  C:\Users\JEPPES~1\AppData\Local\Temp\ccPJg8sL.s 			page 1


   1              		.cpu cortex-m0
   2              		.fpu softvfp
   3              		.eabi_attribute 20, 1
   4              		.eabi_attribute 21, 1
   5              		.eabi_attribute 23, 3
   6              		.eabi_attribute 24, 1
   7              		.eabi_attribute 25, 1
   8              		.eabi_attribute 26, 1
   9              		.eabi_attribute 30, 1
  10              		.eabi_attribute 34, 0
  11              		.eabi_attribute 18, 4
  12              		.code	16
  13              		.file	"SPIS_SPI_UART_INT.c"
  14              		.text
  15              	.Ltext0:
  16              		.cfi_sections	.debug_frame
  17              		.section	.text.SPIS_SPI_UART_ISR,"ax",%progbits
  18              		.align	2
  19              		.global	SPIS_SPI_UART_ISR
  20              		.code	16
  21              		.thumb_func
  22              		.type	SPIS_SPI_UART_ISR, %function
  23              	SPIS_SPI_UART_ISR:
  24              	.LFB0:
  25              		.file 1 ".\\Generated_Source\\PSoC4\\SPIS_SPI_UART_INT.c"
   1:.\Generated_Source\PSoC4/SPIS_SPI_UART_INT.c **** /*******************************************************************************
   2:.\Generated_Source\PSoC4/SPIS_SPI_UART_INT.c **** * File Name: SPIS_SPI_UART_INT.c
   3:.\Generated_Source\PSoC4/SPIS_SPI_UART_INT.c **** * Version 3.10
   4:.\Generated_Source\PSoC4/SPIS_SPI_UART_INT.c **** *
   5:.\Generated_Source\PSoC4/SPIS_SPI_UART_INT.c **** * Description:
   6:.\Generated_Source\PSoC4/SPIS_SPI_UART_INT.c **** *  This file provides the source code to the Interrupt Service Routine for
   7:.\Generated_Source\PSoC4/SPIS_SPI_UART_INT.c **** *  the SCB Component in SPI and UART modes.
   8:.\Generated_Source\PSoC4/SPIS_SPI_UART_INT.c **** *
   9:.\Generated_Source\PSoC4/SPIS_SPI_UART_INT.c **** * Note:
  10:.\Generated_Source\PSoC4/SPIS_SPI_UART_INT.c **** *
  11:.\Generated_Source\PSoC4/SPIS_SPI_UART_INT.c **** ********************************************************************************
  12:.\Generated_Source\PSoC4/SPIS_SPI_UART_INT.c **** * Copyright 2013-2015, Cypress Semiconductor Corporation.  All rights reserved.
  13:.\Generated_Source\PSoC4/SPIS_SPI_UART_INT.c **** * You may use this file only in accordance with the license, terms, conditions,
  14:.\Generated_Source\PSoC4/SPIS_SPI_UART_INT.c **** * disclaimers, and limitations in the end user license agreement accompanying
  15:.\Generated_Source\PSoC4/SPIS_SPI_UART_INT.c **** * the software package with which this file was provided.
  16:.\Generated_Source\PSoC4/SPIS_SPI_UART_INT.c **** *******************************************************************************/
  17:.\Generated_Source\PSoC4/SPIS_SPI_UART_INT.c **** 
  18:.\Generated_Source\PSoC4/SPIS_SPI_UART_INT.c **** #include "SPIS_PVT.h"
  19:.\Generated_Source\PSoC4/SPIS_SPI_UART_INT.c **** #include "SPIS_SPI_UART_PVT.h"
  20:.\Generated_Source\PSoC4/SPIS_SPI_UART_INT.c **** #include "cyapicallbacks.h"
  21:.\Generated_Source\PSoC4/SPIS_SPI_UART_INT.c **** 
  22:.\Generated_Source\PSoC4/SPIS_SPI_UART_INT.c **** #if (SPIS_SCB_IRQ_INTERNAL)
  23:.\Generated_Source\PSoC4/SPIS_SPI_UART_INT.c **** /*******************************************************************************
  24:.\Generated_Source\PSoC4/SPIS_SPI_UART_INT.c **** * Function Name: SPIS_SPI_UART_ISR
  25:.\Generated_Source\PSoC4/SPIS_SPI_UART_INT.c **** ********************************************************************************
  26:.\Generated_Source\PSoC4/SPIS_SPI_UART_INT.c **** *
  27:.\Generated_Source\PSoC4/SPIS_SPI_UART_INT.c **** * Summary:
  28:.\Generated_Source\PSoC4/SPIS_SPI_UART_INT.c **** *  Handles the Interrupt Service Routine for the SCB SPI or UART modes.
  29:.\Generated_Source\PSoC4/SPIS_SPI_UART_INT.c **** *
  30:.\Generated_Source\PSoC4/SPIS_SPI_UART_INT.c **** * Parameters:
  31:.\Generated_Source\PSoC4/SPIS_SPI_UART_INT.c **** *  None
  32:.\Generated_Source\PSoC4/SPIS_SPI_UART_INT.c **** *
ARM GAS  C:\Users\JEPPES~1\AppData\Local\Temp\ccPJg8sL.s 			page 2


  33:.\Generated_Source\PSoC4/SPIS_SPI_UART_INT.c **** * Return:
  34:.\Generated_Source\PSoC4/SPIS_SPI_UART_INT.c **** *  None
  35:.\Generated_Source\PSoC4/SPIS_SPI_UART_INT.c **** *
  36:.\Generated_Source\PSoC4/SPIS_SPI_UART_INT.c **** *******************************************************************************/
  37:.\Generated_Source\PSoC4/SPIS_SPI_UART_INT.c **** CY_ISR(SPIS_SPI_UART_ISR)
  38:.\Generated_Source\PSoC4/SPIS_SPI_UART_INT.c **** {
  26              		.loc 1 38 0
  27              		.cfi_startproc
  28 0000 08B5     		push	{r3, lr}
  29              		.cfi_def_cfa_offset 8
  30              		.cfi_offset 3, -8
  31              		.cfi_offset 14, -4
  39:.\Generated_Source\PSoC4/SPIS_SPI_UART_INT.c **** #if (SPIS_INTERNAL_RX_SW_BUFFER_CONST)
  40:.\Generated_Source\PSoC4/SPIS_SPI_UART_INT.c ****     uint32 locHead;
  41:.\Generated_Source\PSoC4/SPIS_SPI_UART_INT.c **** #endif /* (SPIS_INTERNAL_RX_SW_BUFFER_CONST) */
  42:.\Generated_Source\PSoC4/SPIS_SPI_UART_INT.c **** 
  43:.\Generated_Source\PSoC4/SPIS_SPI_UART_INT.c **** #if (SPIS_INTERNAL_TX_SW_BUFFER_CONST)
  44:.\Generated_Source\PSoC4/SPIS_SPI_UART_INT.c ****     uint32 locTail;
  45:.\Generated_Source\PSoC4/SPIS_SPI_UART_INT.c **** #endif /* (SPIS_INTERNAL_TX_SW_BUFFER_CONST) */
  46:.\Generated_Source\PSoC4/SPIS_SPI_UART_INT.c **** 
  47:.\Generated_Source\PSoC4/SPIS_SPI_UART_INT.c **** #ifdef SPIS_SPI_UART_ISR_ENTRY_CALLBACK
  48:.\Generated_Source\PSoC4/SPIS_SPI_UART_INT.c ****     SPIS_SPI_UART_ISR_EntryCallback();
  49:.\Generated_Source\PSoC4/SPIS_SPI_UART_INT.c **** #endif /* SPIS_SPI_UART_ISR_ENTRY_CALLBACK */
  50:.\Generated_Source\PSoC4/SPIS_SPI_UART_INT.c **** 
  51:.\Generated_Source\PSoC4/SPIS_SPI_UART_INT.c ****     if (NULL != SPIS_customIntrHandler)
  32              		.loc 1 51 0
  33 0002 284B     		ldr	r3, .L15
  34 0004 1B68     		ldr	r3, [r3]
  35 0006 002B     		cmp	r3, #0
  36 0008 00D0     		beq	.L2
  52:.\Generated_Source\PSoC4/SPIS_SPI_UART_INT.c ****     {
  53:.\Generated_Source\PSoC4/SPIS_SPI_UART_INT.c ****         SPIS_customIntrHandler();
  37              		.loc 1 53 0
  38 000a 9847     		blx	r3
  39              	.LVL0:
  40              	.L2:
  54:.\Generated_Source\PSoC4/SPIS_SPI_UART_INT.c ****     }
  55:.\Generated_Source\PSoC4/SPIS_SPI_UART_INT.c **** 
  56:.\Generated_Source\PSoC4/SPIS_SPI_UART_INT.c ****     #if (SPIS_CHECK_SPI_WAKE_ENABLE)
  57:.\Generated_Source\PSoC4/SPIS_SPI_UART_INT.c ****     {
  58:.\Generated_Source\PSoC4/SPIS_SPI_UART_INT.c ****         /* Clear SPI wakeup source */
  59:.\Generated_Source\PSoC4/SPIS_SPI_UART_INT.c ****         SPIS_ClearSpiExtClkInterruptSource(SPIS_INTR_SPI_EC_WAKE_UP);
  60:.\Generated_Source\PSoC4/SPIS_SPI_UART_INT.c ****     }
  61:.\Generated_Source\PSoC4/SPIS_SPI_UART_INT.c ****     #endif
  62:.\Generated_Source\PSoC4/SPIS_SPI_UART_INT.c **** 
  63:.\Generated_Source\PSoC4/SPIS_SPI_UART_INT.c ****     #if (SPIS_CHECK_RX_SW_BUFFER)
  64:.\Generated_Source\PSoC4/SPIS_SPI_UART_INT.c ****     {
  65:.\Generated_Source\PSoC4/SPIS_SPI_UART_INT.c ****         if (SPIS_CHECK_INTR_RX_MASKED(SPIS_INTR_RX_NOT_EMPTY))
  41              		.loc 1 65 0
  42 000c 264B     		ldr	r3, .L15+4
  43 000e 1B68     		ldr	r3, [r3]
  44 0010 5B07     		lsl	r3, r3, #29
  45 0012 1ED5     		bpl	.L3
  46              	.L7:
  66:.\Generated_Source\PSoC4/SPIS_SPI_UART_INT.c ****         {
  67:.\Generated_Source\PSoC4/SPIS_SPI_UART_INT.c ****             do
  68:.\Generated_Source\PSoC4/SPIS_SPI_UART_INT.c ****             {
ARM GAS  C:\Users\JEPPES~1\AppData\Local\Temp\ccPJg8sL.s 			page 3


  69:.\Generated_Source\PSoC4/SPIS_SPI_UART_INT.c ****                 /* Move local head index */
  70:.\Generated_Source\PSoC4/SPIS_SPI_UART_INT.c ****                 locHead = (SPIS_rxBufferHead + 1u);
  47              		.loc 1 70 0
  48 0014 254B     		ldr	r3, .L15+8
  49 0016 1B68     		ldr	r3, [r3]
  50 0018 0133     		add	r3, r3, #1
  51              	.LVL1:
  71:.\Generated_Source\PSoC4/SPIS_SPI_UART_INT.c **** 
  72:.\Generated_Source\PSoC4/SPIS_SPI_UART_INT.c ****                 /* Adjust local head index */
  73:.\Generated_Source\PSoC4/SPIS_SPI_UART_INT.c ****                 if (SPIS_INTERNAL_RX_BUFFER_SIZE == locHead)
  52              		.loc 1 73 0
  53 001a 102B     		cmp	r3, #16
  54 001c 00D1     		bne	.L4
  74:.\Generated_Source\PSoC4/SPIS_SPI_UART_INT.c ****                 {
  75:.\Generated_Source\PSoC4/SPIS_SPI_UART_INT.c ****                     locHead = 0u;
  55              		.loc 1 75 0
  56 001e 0023     		mov	r3, #0
  57              	.LVL2:
  58              	.L4:
  76:.\Generated_Source\PSoC4/SPIS_SPI_UART_INT.c ****                 }
  77:.\Generated_Source\PSoC4/SPIS_SPI_UART_INT.c **** 
  78:.\Generated_Source\PSoC4/SPIS_SPI_UART_INT.c ****                 if (locHead == SPIS_rxBufferTail)
  59              		.loc 1 78 0
  60 0020 234A     		ldr	r2, .L15+12
  61 0022 1268     		ldr	r2, [r2]
  62 0024 9342     		cmp	r3, r2
  63 0026 05D1     		bne	.L5
  79:.\Generated_Source\PSoC4/SPIS_SPI_UART_INT.c ****                 {
  80:.\Generated_Source\PSoC4/SPIS_SPI_UART_INT.c ****                     #if (SPIS_CHECK_UART_RTS_CONTROL_FLOW)
  81:.\Generated_Source\PSoC4/SPIS_SPI_UART_INT.c ****                     {
  82:.\Generated_Source\PSoC4/SPIS_SPI_UART_INT.c ****                         /* There is no space in the software buffer - disable the
  83:.\Generated_Source\PSoC4/SPIS_SPI_UART_INT.c ****                         * RX Not Empty interrupt source. The data elements are
  84:.\Generated_Source\PSoC4/SPIS_SPI_UART_INT.c ****                         * still being received into the RX FIFO until the RTS signal
  85:.\Generated_Source\PSoC4/SPIS_SPI_UART_INT.c ****                         * stops the transmitter. After the data element is read from the
  86:.\Generated_Source\PSoC4/SPIS_SPI_UART_INT.c ****                         * buffer, the RX Not Empty interrupt source is enabled to
  87:.\Generated_Source\PSoC4/SPIS_SPI_UART_INT.c ****                         * move the next data element in the software buffer.
  88:.\Generated_Source\PSoC4/SPIS_SPI_UART_INT.c ****                         */
  89:.\Generated_Source\PSoC4/SPIS_SPI_UART_INT.c ****                         SPIS_INTR_RX_MASK_REG &= ~SPIS_INTR_RX_NOT_EMPTY;
  90:.\Generated_Source\PSoC4/SPIS_SPI_UART_INT.c ****                         break;
  91:.\Generated_Source\PSoC4/SPIS_SPI_UART_INT.c ****                     }
  92:.\Generated_Source\PSoC4/SPIS_SPI_UART_INT.c ****                     #else
  93:.\Generated_Source\PSoC4/SPIS_SPI_UART_INT.c ****                     {
  94:.\Generated_Source\PSoC4/SPIS_SPI_UART_INT.c ****                         /* Overflow: through away received data element */
  95:.\Generated_Source\PSoC4/SPIS_SPI_UART_INT.c ****                         (void) SPIS_RX_FIFO_RD_REG;
  64              		.loc 1 95 0
  65 0028 224B     		ldr	r3, .L15+16
  66              	.LVL3:
  67 002a 1B68     		ldr	r3, [r3]
  96:.\Generated_Source\PSoC4/SPIS_SPI_UART_INT.c ****                         SPIS_rxBufferOverflow = (uint8) SPIS_INTR_RX_OVERFLOW;
  68              		.loc 1 96 0
  69 002c 2022     		mov	r2, #32
  70 002e 224B     		ldr	r3, .L15+20
  71 0030 1A70     		strb	r2, [r3]
  72 0032 07E0     		b	.L6
  73              	.LVL4:
  74              	.L5:
  97:.\Generated_Source\PSoC4/SPIS_SPI_UART_INT.c ****                     }
ARM GAS  C:\Users\JEPPES~1\AppData\Local\Temp\ccPJg8sL.s 			page 4


  98:.\Generated_Source\PSoC4/SPIS_SPI_UART_INT.c ****                     #endif
  99:.\Generated_Source\PSoC4/SPIS_SPI_UART_INT.c ****                 }
 100:.\Generated_Source\PSoC4/SPIS_SPI_UART_INT.c ****                 else
 101:.\Generated_Source\PSoC4/SPIS_SPI_UART_INT.c ****                 {
 102:.\Generated_Source\PSoC4/SPIS_SPI_UART_INT.c ****                     /* Store received data */
 103:.\Generated_Source\PSoC4/SPIS_SPI_UART_INT.c ****                     SPIS_PutWordInRxBuffer(locHead, SPIS_RX_FIFO_RD_REG);
  75              		.loc 1 103 0
  76 0034 1F4A     		ldr	r2, .L15+16
  77 0036 1268     		ldr	r2, [r2]
  78 0038 92B2     		uxth	r2, r2
  79 003a 5800     		lsl	r0, r3, #1
  80 003c 1F49     		ldr	r1, .L15+24
  81 003e 4252     		strh	r2, [r0, r1]
 104:.\Generated_Source\PSoC4/SPIS_SPI_UART_INT.c **** 
 105:.\Generated_Source\PSoC4/SPIS_SPI_UART_INT.c ****                     /* Move head index */
 106:.\Generated_Source\PSoC4/SPIS_SPI_UART_INT.c ****                     SPIS_rxBufferHead = locHead;
  82              		.loc 1 106 0
  83 0040 1A4A     		ldr	r2, .L15+8
  84 0042 1360     		str	r3, [r2]
  85              	.LVL5:
  86              	.L6:
 107:.\Generated_Source\PSoC4/SPIS_SPI_UART_INT.c ****                 }
 108:.\Generated_Source\PSoC4/SPIS_SPI_UART_INT.c ****             }
 109:.\Generated_Source\PSoC4/SPIS_SPI_UART_INT.c ****             while(0u != SPIS_GET_RX_FIFO_ENTRIES);
  87              		.loc 1 109 0
  88 0044 1E4B     		ldr	r3, .L15+28
  89 0046 1B68     		ldr	r3, [r3]
  90 0048 1B07     		lsl	r3, r3, #28
  91 004a E3D1     		bne	.L7
 110:.\Generated_Source\PSoC4/SPIS_SPI_UART_INT.c **** 
 111:.\Generated_Source\PSoC4/SPIS_SPI_UART_INT.c ****             SPIS_ClearRxInterruptSource(SPIS_INTR_RX_NOT_EMPTY);
  92              		.loc 1 111 0
  93 004c 0422     		mov	r2, #4
  94 004e 1D4B     		ldr	r3, .L15+32
  95 0050 1A60     		str	r2, [r3]
  96              	.L3:
 112:.\Generated_Source\PSoC4/SPIS_SPI_UART_INT.c ****         }
 113:.\Generated_Source\PSoC4/SPIS_SPI_UART_INT.c ****     }
 114:.\Generated_Source\PSoC4/SPIS_SPI_UART_INT.c ****     #endif
 115:.\Generated_Source\PSoC4/SPIS_SPI_UART_INT.c **** 
 116:.\Generated_Source\PSoC4/SPIS_SPI_UART_INT.c **** 
 117:.\Generated_Source\PSoC4/SPIS_SPI_UART_INT.c ****     #if (SPIS_CHECK_TX_SW_BUFFER)
 118:.\Generated_Source\PSoC4/SPIS_SPI_UART_INT.c ****     {
 119:.\Generated_Source\PSoC4/SPIS_SPI_UART_INT.c ****         if (SPIS_CHECK_INTR_TX_MASKED(SPIS_INTR_TX_NOT_FULL))
  97              		.loc 1 119 0
  98 0052 1D4B     		ldr	r3, .L15+36
  99 0054 1B68     		ldr	r3, [r3]
 100 0056 9B07     		lsl	r3, r3, #30
 101 0058 22D5     		bpl	.L1
 102              	.L11:
 120:.\Generated_Source\PSoC4/SPIS_SPI_UART_INT.c ****         {
 121:.\Generated_Source\PSoC4/SPIS_SPI_UART_INT.c ****             do
 122:.\Generated_Source\PSoC4/SPIS_SPI_UART_INT.c ****             {
 123:.\Generated_Source\PSoC4/SPIS_SPI_UART_INT.c ****                 /* Check for room in TX software buffer */
 124:.\Generated_Source\PSoC4/SPIS_SPI_UART_INT.c ****                 if (SPIS_txBufferHead != SPIS_txBufferTail)
 103              		.loc 1 124 0
 104 005a 1C4B     		ldr	r3, .L15+40
ARM GAS  C:\Users\JEPPES~1\AppData\Local\Temp\ccPJg8sL.s 			page 5


 105 005c 1A68     		ldr	r2, [r3]
 106 005e 1C4B     		ldr	r3, .L15+44
 107 0060 1B68     		ldr	r3, [r3]
 108 0062 9A42     		cmp	r2, r3
 109 0064 14D0     		beq	.L9
 125:.\Generated_Source\PSoC4/SPIS_SPI_UART_INT.c ****                 {
 126:.\Generated_Source\PSoC4/SPIS_SPI_UART_INT.c ****                     /* Move local tail index */
 127:.\Generated_Source\PSoC4/SPIS_SPI_UART_INT.c ****                     locTail = (SPIS_txBufferTail + 1u);
 110              		.loc 1 127 0
 111 0066 1A4B     		ldr	r3, .L15+44
 112 0068 1B68     		ldr	r3, [r3]
 113 006a 0133     		add	r3, r3, #1
 114              	.LVL6:
 128:.\Generated_Source\PSoC4/SPIS_SPI_UART_INT.c **** 
 129:.\Generated_Source\PSoC4/SPIS_SPI_UART_INT.c ****                     /* Adjust local tail index */
 130:.\Generated_Source\PSoC4/SPIS_SPI_UART_INT.c ****                     if (SPIS_TX_BUFFER_SIZE == locTail)
 115              		.loc 1 130 0
 116 006c 0F2B     		cmp	r3, #15
 117 006e 00D1     		bne	.L10
 131:.\Generated_Source\PSoC4/SPIS_SPI_UART_INT.c ****                     {
 132:.\Generated_Source\PSoC4/SPIS_SPI_UART_INT.c ****                         locTail = 0u;
 118              		.loc 1 132 0
 119 0070 0023     		mov	r3, #0
 120              	.LVL7:
 121              	.L10:
 133:.\Generated_Source\PSoC4/SPIS_SPI_UART_INT.c ****                     }
 134:.\Generated_Source\PSoC4/SPIS_SPI_UART_INT.c **** 
 135:.\Generated_Source\PSoC4/SPIS_SPI_UART_INT.c ****                     /* Put data into TX FIFO */
 136:.\Generated_Source\PSoC4/SPIS_SPI_UART_INT.c ****                     SPIS_TX_FIFO_WR_REG = SPIS_GetWordFromTxBuffer(locTail);
 122              		.loc 1 136 0
 123 0072 5900     		lsl	r1, r3, #1
 124 0074 174A     		ldr	r2, .L15+48
 125 0076 8A5A     		ldrh	r2, [r1, r2]
 126 0078 92B2     		uxth	r2, r2
 127 007a 1749     		ldr	r1, .L15+52
 128 007c 0A60     		str	r2, [r1]
 137:.\Generated_Source\PSoC4/SPIS_SPI_UART_INT.c **** 
 138:.\Generated_Source\PSoC4/SPIS_SPI_UART_INT.c ****                     /* Move tail index */
 139:.\Generated_Source\PSoC4/SPIS_SPI_UART_INT.c ****                     SPIS_txBufferTail = locTail;
 129              		.loc 1 139 0
 130 007e 144A     		ldr	r2, .L15+44
 131 0080 1360     		str	r3, [r2]
 140:.\Generated_Source\PSoC4/SPIS_SPI_UART_INT.c ****                 }
 141:.\Generated_Source\PSoC4/SPIS_SPI_UART_INT.c ****                 else
 142:.\Generated_Source\PSoC4/SPIS_SPI_UART_INT.c ****                 {
 143:.\Generated_Source\PSoC4/SPIS_SPI_UART_INT.c ****                     /* TX software buffer is empty: complete transfer */
 144:.\Generated_Source\PSoC4/SPIS_SPI_UART_INT.c ****                     SPIS_DISABLE_INTR_TX(SPIS_INTR_TX_NOT_FULL);
 145:.\Generated_Source\PSoC4/SPIS_SPI_UART_INT.c ****                     break;
 146:.\Generated_Source\PSoC4/SPIS_SPI_UART_INT.c ****                 }
 147:.\Generated_Source\PSoC4/SPIS_SPI_UART_INT.c ****             }
 148:.\Generated_Source\PSoC4/SPIS_SPI_UART_INT.c ****             while (SPIS_SPI_UART_FIFO_SIZE != SPIS_GET_TX_FIFO_ENTRIES);
 132              		.loc 1 148 0
 133 0082 164B     		ldr	r3, .L15+56
 134              	.LVL8:
 135 0084 1B68     		ldr	r3, [r3]
 136 0086 0F22     		mov	r2, #15
 137              	.LVL9:
ARM GAS  C:\Users\JEPPES~1\AppData\Local\Temp\ccPJg8sL.s 			page 6


 138 0088 1340     		and	r3, r2
 139 008a 082B     		cmp	r3, #8
 140 008c E5D1     		bne	.L11
 141 008e 04E0     		b	.L12
 142              	.LVL10:
 143              	.L9:
 144:.\Generated_Source\PSoC4/SPIS_SPI_UART_INT.c ****                     break;
 144              		.loc 1 144 0
 145 0090 134A     		ldr	r2, .L15+60
 146 0092 1368     		ldr	r3, [r2]
 147 0094 0221     		mov	r1, #2
 148 0096 8B43     		bic	r3, r1
 149 0098 1360     		str	r3, [r2]
 150              	.L12:
 149:.\Generated_Source\PSoC4/SPIS_SPI_UART_INT.c **** 
 150:.\Generated_Source\PSoC4/SPIS_SPI_UART_INT.c ****             SPIS_ClearTxInterruptSource(SPIS_INTR_TX_NOT_FULL);
 151              		.loc 1 150 0
 152 009a 0222     		mov	r2, #2
 153 009c 114B     		ldr	r3, .L15+64
 154 009e 1A60     		str	r2, [r3]
 155              	.L1:
 151:.\Generated_Source\PSoC4/SPIS_SPI_UART_INT.c ****         }
 152:.\Generated_Source\PSoC4/SPIS_SPI_UART_INT.c ****     }
 153:.\Generated_Source\PSoC4/SPIS_SPI_UART_INT.c ****     #endif
 154:.\Generated_Source\PSoC4/SPIS_SPI_UART_INT.c ****     
 155:.\Generated_Source\PSoC4/SPIS_SPI_UART_INT.c **** #ifdef SPIS_SPI_UART_ISR_EXIT_CALLBACK
 156:.\Generated_Source\PSoC4/SPIS_SPI_UART_INT.c ****     SPIS_SPI_UART_ISR_ExitCallback();
 157:.\Generated_Source\PSoC4/SPIS_SPI_UART_INT.c **** #endif /* SPIS_SPI_UART_ISR_EXIT_CALLBACK */
 158:.\Generated_Source\PSoC4/SPIS_SPI_UART_INT.c ****     
 159:.\Generated_Source\PSoC4/SPIS_SPI_UART_INT.c **** }
 156              		.loc 1 159 0
 157              		@ sp needed
 158 00a0 08BD     		pop	{r3, pc}
 159              	.L16:
 160 00a2 C046     		.align	2
 161              	.L15:
 162 00a4 00000000 		.word	SPIS_customIntrHandler
 163 00a8 CC0F0740 		.word	1074204620
 164 00ac 00000000 		.word	SPIS_rxBufferHead
 165 00b0 00000000 		.word	SPIS_rxBufferTail
 166 00b4 40030740 		.word	1074201408
 167 00b8 00000000 		.word	SPIS_rxBufferOverflow
 168 00bc 00000000 		.word	SPIS_rxBufferInternal
 169 00c0 08030740 		.word	1074201352
 170 00c4 C00F0740 		.word	1074204608
 171 00c8 8C0F0740 		.word	1074204556
 172 00cc 00000000 		.word	SPIS_txBufferHead
 173 00d0 00000000 		.word	SPIS_txBufferTail
 174 00d4 00000000 		.word	SPIS_txBufferInternal
 175 00d8 40020740 		.word	1074201152
 176 00dc 08020740 		.word	1074201096
 177 00e0 880F0740 		.word	1074204552
 178 00e4 800F0740 		.word	1074204544
 179              		.cfi_endproc
 180              	.LFE0:
 181              		.size	SPIS_SPI_UART_ISR, .-SPIS_SPI_UART_ISR
 182              		.text
ARM GAS  C:\Users\JEPPES~1\AppData\Local\Temp\ccPJg8sL.s 			page 7


 183              	.Letext0:
 184              		.file 2 "Generated_Source\\PSoC4/cytypes.h"
 185              		.file 3 ".\\Generated_Source\\PSoC4\\SPIS_PVT.h"
 186              		.file 4 ".\\Generated_Source\\PSoC4\\SPIS_SPI_UART_PVT.h"
 187              		.section	.debug_info,"",%progbits
 188              	.Ldebug_info0:
 189 0000 87010000 		.4byte	0x187
 190 0004 0400     		.2byte	0x4
 191 0006 00000000 		.4byte	.Ldebug_abbrev0
 192 000a 04       		.byte	0x4
 193 000b 01       		.uleb128 0x1
 194 000c A8010000 		.4byte	.LASF28
 195 0010 01       		.byte	0x1
 196 0011 41010000 		.4byte	.LASF29
 197 0015 F4000000 		.4byte	.LASF30
 198 0019 00000000 		.4byte	.Ldebug_ranges0+0
 199 001d 00000000 		.4byte	0
 200 0021 00000000 		.4byte	.Ldebug_line0
 201 0025 02       		.uleb128 0x2
 202 0026 01       		.byte	0x1
 203 0027 06       		.byte	0x6
 204 0028 61020000 		.4byte	.LASF0
 205 002c 02       		.uleb128 0x2
 206 002d 01       		.byte	0x1
 207 002e 08       		.byte	0x8
 208 002f 73000000 		.4byte	.LASF1
 209 0033 02       		.uleb128 0x2
 210 0034 02       		.byte	0x2
 211 0035 05       		.byte	0x5
 212 0036 36020000 		.4byte	.LASF2
 213 003a 02       		.uleb128 0x2
 214 003b 02       		.byte	0x2
 215 003c 07       		.byte	0x7
 216 003d 2A000000 		.4byte	.LASF3
 217 0041 02       		.uleb128 0x2
 218 0042 04       		.byte	0x4
 219 0043 05       		.byte	0x5
 220 0044 58020000 		.4byte	.LASF4
 221 0048 02       		.uleb128 0x2
 222 0049 04       		.byte	0x4
 223 004a 07       		.byte	0x7
 224 004b 98000000 		.4byte	.LASF5
 225 004f 02       		.uleb128 0x2
 226 0050 08       		.byte	0x8
 227 0051 05       		.byte	0x5
 228 0052 95010000 		.4byte	.LASF6
 229 0056 02       		.uleb128 0x2
 230 0057 08       		.byte	0x8
 231 0058 07       		.byte	0x7
 232 0059 1D010000 		.4byte	.LASF7
 233 005d 03       		.uleb128 0x3
 234 005e 04       		.byte	0x4
 235 005f 05       		.byte	0x5
 236 0060 696E7400 		.ascii	"int\000"
 237 0064 02       		.uleb128 0x2
 238 0065 04       		.byte	0x4
 239 0066 07       		.byte	0x7
ARM GAS  C:\Users\JEPPES~1\AppData\Local\Temp\ccPJg8sL.s 			page 8


 240 0067 E7000000 		.4byte	.LASF8
 241 006b 04       		.uleb128 0x4
 242 006c 40020000 		.4byte	.LASF9
 243 0070 02       		.byte	0x2
 244 0071 3801     		.2byte	0x138
 245 0073 2C000000 		.4byte	0x2c
 246 0077 04       		.uleb128 0x4
 247 0078 D9000000 		.4byte	.LASF10
 248 007c 02       		.byte	0x2
 249 007d 3901     		.2byte	0x139
 250 007f 3A000000 		.4byte	0x3a
 251 0083 04       		.uleb128 0x4
 252 0084 E0000000 		.4byte	.LASF11
 253 0088 02       		.byte	0x2
 254 0089 3A01     		.2byte	0x13a
 255 008b 48000000 		.4byte	0x48
 256 008f 02       		.uleb128 0x2
 257 0090 04       		.byte	0x4
 258 0091 04       		.byte	0x4
 259 0092 6D000000 		.4byte	.LASF12
 260 0096 02       		.uleb128 0x2
 261 0097 08       		.byte	0x8
 262 0098 04       		.byte	0x4
 263 0099 D2000000 		.4byte	.LASF13
 264 009d 02       		.uleb128 0x2
 265 009e 01       		.byte	0x1
 266 009f 08       		.byte	0x8
 267 00a0 A3010000 		.4byte	.LASF14
 268 00a4 05       		.uleb128 0x5
 269 00a5 6B000000 		.4byte	0x6b
 270 00a9 04       		.uleb128 0x4
 271 00aa 24000000 		.4byte	.LASF15
 272 00ae 02       		.byte	0x2
 273 00af E401     		.2byte	0x1e4
 274 00b1 B5000000 		.4byte	0xb5
 275 00b5 05       		.uleb128 0x5
 276 00b6 83000000 		.4byte	0x83
 277 00ba 04       		.uleb128 0x4
 278 00bb 34010000 		.4byte	.LASF16
 279 00bf 02       		.byte	0x2
 280 00c0 F401     		.2byte	0x1f4
 281 00c2 C6000000 		.4byte	0xc6
 282 00c6 06       		.uleb128 0x6
 283 00c7 04       		.byte	0x4
 284 00c8 CC000000 		.4byte	0xcc
 285 00cc 07       		.uleb128 0x7
 286 00cd 02       		.uleb128 0x2
 287 00ce 04       		.byte	0x4
 288 00cf 07       		.byte	0x7
 289 00d0 8C010000 		.4byte	.LASF17
 290 00d4 08       		.uleb128 0x8
 291 00d5 00000000 		.4byte	.LASF31
 292 00d9 01       		.byte	0x1
 293 00da 25       		.byte	0x25
 294 00db 00000000 		.4byte	.LFB0
 295 00df E8000000 		.4byte	.LFE0-.LFB0
 296 00e3 01       		.uleb128 0x1
ARM GAS  C:\Users\JEPPES~1\AppData\Local\Temp\ccPJg8sL.s 			page 9


 297 00e4 9C       		.byte	0x9c
 298 00e5 08010000 		.4byte	0x108
 299 00e9 09       		.uleb128 0x9
 300 00ea 65000000 		.4byte	.LASF18
 301 00ee 01       		.byte	0x1
 302 00ef 28       		.byte	0x28
 303 00f0 83000000 		.4byte	0x83
 304 00f4 00000000 		.4byte	.LLST0
 305 00f8 09       		.uleb128 0x9
 306 00f9 84010000 		.4byte	.LASF19
 307 00fd 01       		.byte	0x1
 308 00fe 2C       		.byte	0x2c
 309 00ff 83000000 		.4byte	0x83
 310 0103 1E000000 		.4byte	.LLST1
 311 0107 00       		.byte	0
 312 0108 0A       		.uleb128 0xa
 313 0109 81000000 		.4byte	.LASF20
 314 010d 03       		.byte	0x3
 315 010e 3A       		.byte	0x3a
 316 010f BA000000 		.4byte	0xba
 317 0113 0A       		.uleb128 0xa
 318 0114 53000000 		.4byte	.LASF21
 319 0118 04       		.byte	0x4
 320 0119 1E       		.byte	0x1e
 321 011a B5000000 		.4byte	0xb5
 322 011e 0A       		.uleb128 0xa
 323 011f 12000000 		.4byte	.LASF22
 324 0123 04       		.byte	0x4
 325 0124 1F       		.byte	0x1f
 326 0125 B5000000 		.4byte	0xb5
 327 0129 0A       		.uleb128 0xa
 328 012a AA000000 		.4byte	.LASF23
 329 012e 04       		.byte	0x4
 330 012f 20       		.byte	0x20
 331 0130 A4000000 		.4byte	0xa4
 332 0134 0A       		.uleb128 0xa
 333 0135 C0000000 		.4byte	.LASF24
 334 0139 04       		.byte	0x4
 335 013a 24       		.byte	0x24
 336 013b B5000000 		.4byte	0xb5
 337 013f 0A       		.uleb128 0xa
 338 0140 46020000 		.4byte	.LASF25
 339 0144 04       		.byte	0x4
 340 0145 25       		.byte	0x25
 341 0146 B5000000 		.4byte	0xb5
 342 014a 0B       		.uleb128 0xb
 343 014b 77000000 		.4byte	0x77
 344 014f 5A010000 		.4byte	0x15a
 345 0153 0C       		.uleb128 0xc
 346 0154 CD000000 		.4byte	0xcd
 347 0158 0F       		.byte	0xf
 348 0159 00       		.byte	0
 349 015a 0A       		.uleb128 0xa
 350 015b 3D000000 		.4byte	.LASF26
 351 015f 04       		.byte	0x4
 352 0160 29       		.byte	0x29
 353 0161 65010000 		.4byte	0x165
ARM GAS  C:\Users\JEPPES~1\AppData\Local\Temp\ccPJg8sL.s 			page 10


 354 0165 05       		.uleb128 0x5
 355 0166 4A010000 		.4byte	0x14a
 356 016a 0B       		.uleb128 0xb
 357 016b 77000000 		.4byte	0x77
 358 016f 7A010000 		.4byte	0x17a
 359 0173 0C       		.uleb128 0xc
 360 0174 CD000000 		.4byte	0xcd
 361 0178 0E       		.byte	0xe
 362 0179 00       		.byte	0
 363 017a 0A       		.uleb128 0xa
 364 017b 6E010000 		.4byte	.LASF27
 365 017f 04       		.byte	0x4
 366 0180 2D       		.byte	0x2d
 367 0181 85010000 		.4byte	0x185
 368 0185 05       		.uleb128 0x5
 369 0186 6A010000 		.4byte	0x16a
 370 018a 00       		.byte	0
 371              		.section	.debug_abbrev,"",%progbits
 372              	.Ldebug_abbrev0:
 373 0000 01       		.uleb128 0x1
 374 0001 11       		.uleb128 0x11
 375 0002 01       		.byte	0x1
 376 0003 25       		.uleb128 0x25
 377 0004 0E       		.uleb128 0xe
 378 0005 13       		.uleb128 0x13
 379 0006 0B       		.uleb128 0xb
 380 0007 03       		.uleb128 0x3
 381 0008 0E       		.uleb128 0xe
 382 0009 1B       		.uleb128 0x1b
 383 000a 0E       		.uleb128 0xe
 384 000b 55       		.uleb128 0x55
 385 000c 17       		.uleb128 0x17
 386 000d 11       		.uleb128 0x11
 387 000e 01       		.uleb128 0x1
 388 000f 10       		.uleb128 0x10
 389 0010 17       		.uleb128 0x17
 390 0011 00       		.byte	0
 391 0012 00       		.byte	0
 392 0013 02       		.uleb128 0x2
 393 0014 24       		.uleb128 0x24
 394 0015 00       		.byte	0
 395 0016 0B       		.uleb128 0xb
 396 0017 0B       		.uleb128 0xb
 397 0018 3E       		.uleb128 0x3e
 398 0019 0B       		.uleb128 0xb
 399 001a 03       		.uleb128 0x3
 400 001b 0E       		.uleb128 0xe
 401 001c 00       		.byte	0
 402 001d 00       		.byte	0
 403 001e 03       		.uleb128 0x3
 404 001f 24       		.uleb128 0x24
 405 0020 00       		.byte	0
 406 0021 0B       		.uleb128 0xb
 407 0022 0B       		.uleb128 0xb
 408 0023 3E       		.uleb128 0x3e
 409 0024 0B       		.uleb128 0xb
 410 0025 03       		.uleb128 0x3
ARM GAS  C:\Users\JEPPES~1\AppData\Local\Temp\ccPJg8sL.s 			page 11


 411 0026 08       		.uleb128 0x8
 412 0027 00       		.byte	0
 413 0028 00       		.byte	0
 414 0029 04       		.uleb128 0x4
 415 002a 16       		.uleb128 0x16
 416 002b 00       		.byte	0
 417 002c 03       		.uleb128 0x3
 418 002d 0E       		.uleb128 0xe
 419 002e 3A       		.uleb128 0x3a
 420 002f 0B       		.uleb128 0xb
 421 0030 3B       		.uleb128 0x3b
 422 0031 05       		.uleb128 0x5
 423 0032 49       		.uleb128 0x49
 424 0033 13       		.uleb128 0x13
 425 0034 00       		.byte	0
 426 0035 00       		.byte	0
 427 0036 05       		.uleb128 0x5
 428 0037 35       		.uleb128 0x35
 429 0038 00       		.byte	0
 430 0039 49       		.uleb128 0x49
 431 003a 13       		.uleb128 0x13
 432 003b 00       		.byte	0
 433 003c 00       		.byte	0
 434 003d 06       		.uleb128 0x6
 435 003e 0F       		.uleb128 0xf
 436 003f 00       		.byte	0
 437 0040 0B       		.uleb128 0xb
 438 0041 0B       		.uleb128 0xb
 439 0042 49       		.uleb128 0x49
 440 0043 13       		.uleb128 0x13
 441 0044 00       		.byte	0
 442 0045 00       		.byte	0
 443 0046 07       		.uleb128 0x7
 444 0047 15       		.uleb128 0x15
 445 0048 00       		.byte	0
 446 0049 27       		.uleb128 0x27
 447 004a 19       		.uleb128 0x19
 448 004b 00       		.byte	0
 449 004c 00       		.byte	0
 450 004d 08       		.uleb128 0x8
 451 004e 2E       		.uleb128 0x2e
 452 004f 01       		.byte	0x1
 453 0050 3F       		.uleb128 0x3f
 454 0051 19       		.uleb128 0x19
 455 0052 03       		.uleb128 0x3
 456 0053 0E       		.uleb128 0xe
 457 0054 3A       		.uleb128 0x3a
 458 0055 0B       		.uleb128 0xb
 459 0056 3B       		.uleb128 0x3b
 460 0057 0B       		.uleb128 0xb
 461 0058 27       		.uleb128 0x27
 462 0059 19       		.uleb128 0x19
 463 005a 11       		.uleb128 0x11
 464 005b 01       		.uleb128 0x1
 465 005c 12       		.uleb128 0x12
 466 005d 06       		.uleb128 0x6
 467 005e 40       		.uleb128 0x40
ARM GAS  C:\Users\JEPPES~1\AppData\Local\Temp\ccPJg8sL.s 			page 12


 468 005f 18       		.uleb128 0x18
 469 0060 9642     		.uleb128 0x2116
 470 0062 19       		.uleb128 0x19
 471 0063 01       		.uleb128 0x1
 472 0064 13       		.uleb128 0x13
 473 0065 00       		.byte	0
 474 0066 00       		.byte	0
 475 0067 09       		.uleb128 0x9
 476 0068 34       		.uleb128 0x34
 477 0069 00       		.byte	0
 478 006a 03       		.uleb128 0x3
 479 006b 0E       		.uleb128 0xe
 480 006c 3A       		.uleb128 0x3a
 481 006d 0B       		.uleb128 0xb
 482 006e 3B       		.uleb128 0x3b
 483 006f 0B       		.uleb128 0xb
 484 0070 49       		.uleb128 0x49
 485 0071 13       		.uleb128 0x13
 486 0072 02       		.uleb128 0x2
 487 0073 17       		.uleb128 0x17
 488 0074 00       		.byte	0
 489 0075 00       		.byte	0
 490 0076 0A       		.uleb128 0xa
 491 0077 34       		.uleb128 0x34
 492 0078 00       		.byte	0
 493 0079 03       		.uleb128 0x3
 494 007a 0E       		.uleb128 0xe
 495 007b 3A       		.uleb128 0x3a
 496 007c 0B       		.uleb128 0xb
 497 007d 3B       		.uleb128 0x3b
 498 007e 0B       		.uleb128 0xb
 499 007f 49       		.uleb128 0x49
 500 0080 13       		.uleb128 0x13
 501 0081 3F       		.uleb128 0x3f
 502 0082 19       		.uleb128 0x19
 503 0083 3C       		.uleb128 0x3c
 504 0084 19       		.uleb128 0x19
 505 0085 00       		.byte	0
 506 0086 00       		.byte	0
 507 0087 0B       		.uleb128 0xb
 508 0088 01       		.uleb128 0x1
 509 0089 01       		.byte	0x1
 510 008a 49       		.uleb128 0x49
 511 008b 13       		.uleb128 0x13
 512 008c 01       		.uleb128 0x1
 513 008d 13       		.uleb128 0x13
 514 008e 00       		.byte	0
 515 008f 00       		.byte	0
 516 0090 0C       		.uleb128 0xc
 517 0091 21       		.uleb128 0x21
 518 0092 00       		.byte	0
 519 0093 49       		.uleb128 0x49
 520 0094 13       		.uleb128 0x13
 521 0095 2F       		.uleb128 0x2f
 522 0096 0B       		.uleb128 0xb
 523 0097 00       		.byte	0
 524 0098 00       		.byte	0
ARM GAS  C:\Users\JEPPES~1\AppData\Local\Temp\ccPJg8sL.s 			page 13


 525 0099 00       		.byte	0
 526              		.section	.debug_loc,"",%progbits
 527              	.Ldebug_loc0:
 528              	.LLST0:
 529 0000 1A000000 		.4byte	.LVL1
 530 0004 2A000000 		.4byte	.LVL3
 531 0008 0100     		.2byte	0x1
 532 000a 53       		.byte	0x53
 533 000b 34000000 		.4byte	.LVL4
 534 000f 44000000 		.4byte	.LVL5
 535 0013 0100     		.2byte	0x1
 536 0015 53       		.byte	0x53
 537 0016 00000000 		.4byte	0
 538 001a 00000000 		.4byte	0
 539              	.LLST1:
 540 001e 6C000000 		.4byte	.LVL6
 541 0022 84000000 		.4byte	.LVL8
 542 0026 0100     		.2byte	0x1
 543 0028 53       		.byte	0x53
 544 0029 84000000 		.4byte	.LVL8
 545 002d 88000000 		.4byte	.LVL9
 546 0031 0200     		.2byte	0x2
 547 0033 72       		.byte	0x72
 548 0034 00       		.sleb128 0
 549 0035 00000000 		.4byte	0
 550 0039 00000000 		.4byte	0
 551              		.section	.debug_aranges,"",%progbits
 552 0000 1C000000 		.4byte	0x1c
 553 0004 0200     		.2byte	0x2
 554 0006 00000000 		.4byte	.Ldebug_info0
 555 000a 04       		.byte	0x4
 556 000b 00       		.byte	0
 557 000c 0000     		.2byte	0
 558 000e 0000     		.2byte	0
 559 0010 00000000 		.4byte	.LFB0
 560 0014 E8000000 		.4byte	.LFE0-.LFB0
 561 0018 00000000 		.4byte	0
 562 001c 00000000 		.4byte	0
 563              		.section	.debug_ranges,"",%progbits
 564              	.Ldebug_ranges0:
 565 0000 00000000 		.4byte	.LFB0
 566 0004 E8000000 		.4byte	.LFE0
 567 0008 00000000 		.4byte	0
 568 000c 00000000 		.4byte	0
 569              		.section	.debug_line,"",%progbits
 570              	.Ldebug_line0:
 571 0000 C3000000 		.section	.debug_str,"MS",%progbits,1
 571      02008C00 
 571      00000201 
 571      FB0E0D00 
 571      01010101 
 572              	.LASF31:
 573 0000 53504953 		.ascii	"SPIS_SPI_UART_ISR\000"
 573      5F535049 
 573      5F554152 
 573      545F4953 
 573      5200
ARM GAS  C:\Users\JEPPES~1\AppData\Local\Temp\ccPJg8sL.s 			page 14


 574              	.LASF22:
 575 0012 53504953 		.ascii	"SPIS_rxBufferTail\000"
 575      5F727842 
 575      75666665 
 575      72546169 
 575      6C00
 576              	.LASF15:
 577 0024 72656733 		.ascii	"reg32\000"
 577      3200
 578              	.LASF3:
 579 002a 73686F72 		.ascii	"short unsigned int\000"
 579      7420756E 
 579      7369676E 
 579      65642069 
 579      6E7400
 580              	.LASF26:
 581 003d 53504953 		.ascii	"SPIS_rxBufferInternal\000"
 581      5F727842 
 581      75666665 
 581      72496E74 
 581      65726E61 
 582              	.LASF21:
 583 0053 53504953 		.ascii	"SPIS_rxBufferHead\000"
 583      5F727842 
 583      75666665 
 583      72486561 
 583      6400
 584              	.LASF18:
 585 0065 6C6F6348 		.ascii	"locHead\000"
 585      65616400 
 586              	.LASF12:
 587 006d 666C6F61 		.ascii	"float\000"
 587      7400
 588              	.LASF1:
 589 0073 756E7369 		.ascii	"unsigned char\000"
 589      676E6564 
 589      20636861 
 589      7200
 590              	.LASF20:
 591 0081 53504953 		.ascii	"SPIS_customIntrHandler\000"
 591      5F637573 
 591      746F6D49 
 591      6E747248 
 591      616E646C 
 592              	.LASF5:
 593 0098 6C6F6E67 		.ascii	"long unsigned int\000"
 593      20756E73 
 593      69676E65 
 593      6420696E 
 593      7400
 594              	.LASF23:
 595 00aa 53504953 		.ascii	"SPIS_rxBufferOverflow\000"
 595      5F727842 
 595      75666665 
 595      724F7665 
 595      72666C6F 
 596              	.LASF24:
ARM GAS  C:\Users\JEPPES~1\AppData\Local\Temp\ccPJg8sL.s 			page 15


 597 00c0 53504953 		.ascii	"SPIS_txBufferHead\000"
 597      5F747842 
 597      75666665 
 597      72486561 
 597      6400
 598              	.LASF13:
 599 00d2 646F7562 		.ascii	"double\000"
 599      6C6500
 600              	.LASF10:
 601 00d9 75696E74 		.ascii	"uint16\000"
 601      313600
 602              	.LASF11:
 603 00e0 75696E74 		.ascii	"uint32\000"
 603      333200
 604              	.LASF8:
 605 00e7 756E7369 		.ascii	"unsigned int\000"
 605      676E6564 
 605      20696E74 
 605      00
 606              	.LASF30:
 607 00f4 433A5C45 		.ascii	"C:\\E3PRJ3-Gruppe1\\PSoC\\PSoC4Master.cydsn\000"
 607      3350524A 
 607      332D4772 
 607      75707065 
 607      315C5053 
 608              	.LASF7:
 609 011d 6C6F6E67 		.ascii	"long long unsigned int\000"
 609      206C6F6E 
 609      6720756E 
 609      7369676E 
 609      65642069 
 610              	.LASF16:
 611 0134 63796973 		.ascii	"cyisraddress\000"
 611      72616464 
 611      72657373 
 611      00
 612              	.LASF29:
 613 0141 2E5C4765 		.ascii	".\\Generated_Source\\PSoC4\\SPIS_SPI_UART_INT.c\000"
 613      6E657261 
 613      7465645F 
 613      536F7572 
 613      63655C50 
 614              	.LASF27:
 615 016e 53504953 		.ascii	"SPIS_txBufferInternal\000"
 615      5F747842 
 615      75666665 
 615      72496E74 
 615      65726E61 
 616              	.LASF19:
 617 0184 6C6F6354 		.ascii	"locTail\000"
 617      61696C00 
 618              	.LASF17:
 619 018c 73697A65 		.ascii	"sizetype\000"
 619      74797065 
 619      00
 620              	.LASF6:
 621 0195 6C6F6E67 		.ascii	"long long int\000"
ARM GAS  C:\Users\JEPPES~1\AppData\Local\Temp\ccPJg8sL.s 			page 16


 621      206C6F6E 
 621      6720696E 
 621      7400
 622              	.LASF14:
 623 01a3 63686172 		.ascii	"char\000"
 623      00
 624              	.LASF28:
 625 01a8 474E5520 		.ascii	"GNU C 4.9.3 20150303 (release) [ARM/embedded-4_9-br"
 625      4320342E 
 625      392E3320 
 625      32303135 
 625      30333033 
 626 01db 616E6368 		.ascii	"anch revision 221220] -mcpu=cortex-m0 -mthumb -g -O"
 626      20726576 
 626      6973696F 
 626      6E203232 
 626      31323230 
 627 020e 67202D66 		.ascii	"g -ffunction-sections -ffat-lto-objects\000"
 627      66756E63 
 627      74696F6E 
 627      2D736563 
 627      74696F6E 
 628              	.LASF2:
 629 0236 73686F72 		.ascii	"short int\000"
 629      7420696E 
 629      7400
 630              	.LASF9:
 631 0240 75696E74 		.ascii	"uint8\000"
 631      3800
 632              	.LASF25:
 633 0246 53504953 		.ascii	"SPIS_txBufferTail\000"
 633      5F747842 
 633      75666665 
 633      72546169 
 633      6C00
 634              	.LASF4:
 635 0258 6C6F6E67 		.ascii	"long int\000"
 635      20696E74 
 635      00
 636              	.LASF0:
 637 0261 7369676E 		.ascii	"signed char\000"
 637      65642063 
 637      68617200 
 638              		.ident	"GCC: (GNU Tools for ARM Embedded Processors) 4.9.3 20150303 (release) [ARM/embedded-4_9-br
