ARM GAS  C:\Users\JEPPES~1\AppData\Local\Temp\ccFuDFqT.s 			page 1


   1              		.cpu cortex-m0
   2              		.fpu softvfp
   3              		.eabi_attribute 20, 1
   4              		.eabi_attribute 21, 1
   5              		.eabi_attribute 23, 3
   6              		.eabi_attribute 24, 1
   7              		.eabi_attribute 25, 1
   8              		.eabi_attribute 26, 1
   9              		.eabi_attribute 30, 1
  10              		.eabi_attribute 34, 0
  11              		.eabi_attribute 18, 4
  12              		.code	16
  13              		.file	"xy.c"
  14              		.text
  15              	.Ltext0:
  16              		.cfi_sections	.debug_frame
  17              		.section	.text.setX,"ax",%progbits
  18              		.align	2
  19              		.global	setX
  20              		.code	16
  21              		.thumb_func
  22              		.type	setX, %function
  23              	setX:
  24              	.LFB34:
  25              		.file 1 ".\\xy.c"
   1:.\xy.c        **** /* ========================================
   2:.\xy.c        ****  *
   3:.\xy.c        ****  * File: xy.c
   4:.\xy.c        ****  * Description: 
   5:.\xy.c        ****  *
   6:.\xy.c        ****  * University: AARHUS UNIVERSITY SCHOOL OF ENGINEERING
   7:.\xy.c        ****  * Project: F16 - E3PRJ3-02 Semesterprojekt 3 [240501U178]
   8:.\xy.c        ****  * Group: 1
   9:.\xy.c        ****  * 
  10:.\xy.c        ****  * Author: Jeppe Stærk
  11:.\xy.c        ****  * Matriculation number: 201271201
  12:.\xy.c        ****  *
  13:.\xy.c        ****  * Version: 1.0
  14:.\xy.c        ****  * Date: 13-05-2016
  15:.\xy.c        ****  *
  16:.\xy.c        ****  * ========================================
  17:.\xy.c        **** */
  18:.\xy.c        **** 
  19:.\xy.c        **** #include "xy.h"
  20:.\xy.c        **** 
  21:.\xy.c        **** void setX(uint8 xVal) {
  26              		.loc 1 21 0
  27              		.cfi_startproc
  28              	.LVL0:
  29 0000 08B5     		push	{r3, lr}
  30              		.cfi_def_cfa_offset 8
  31              		.cfi_offset 3, -8
  32              		.cfi_offset 14, -4
  33 0002 011C     		mov	r1, r0
  22:.\xy.c        ****     i2c_handler(I2C_SET_X, xVal);
  34              		.loc 1 22 0
  35 0004 7120     		mov	r0, #113
ARM GAS  C:\Users\JEPPES~1\AppData\Local\Temp\ccFuDFqT.s 			page 2


  36              	.LVL1:
  37 0006 FFF7FEFF 		bl	i2c_handler
  38              	.LVL2:
  23:.\xy.c        **** }
  39              		.loc 1 23 0
  40              		@ sp needed
  41 000a 08BD     		pop	{r3, pc}
  42              		.cfi_endproc
  43              	.LFE34:
  44              		.size	setX, .-setX
  45              		.section	.text.setY,"ax",%progbits
  46              		.align	2
  47              		.global	setY
  48              		.code	16
  49              		.thumb_func
  50              		.type	setY, %function
  51              	setY:
  52              	.LFB35:
  24:.\xy.c        **** 
  25:.\xy.c        **** void setY(uint8 yVal) {
  53              		.loc 1 25 0
  54              		.cfi_startproc
  55              	.LVL3:
  56 0000 08B5     		push	{r3, lr}
  57              		.cfi_def_cfa_offset 8
  58              		.cfi_offset 3, -8
  59              		.cfi_offset 14, -4
  60 0002 011C     		mov	r1, r0
  26:.\xy.c        ****     i2c_handler(I2C_SET_Y, yVal);
  61              		.loc 1 26 0
  62 0004 7220     		mov	r0, #114
  63              	.LVL4:
  64 0006 FFF7FEFF 		bl	i2c_handler
  65              	.LVL5:
  27:.\xy.c        **** }
  66              		.loc 1 27 0
  67              		@ sp needed
  68 000a 08BD     		pop	{r3, pc}
  69              		.cfi_endproc
  70              	.LFE35:
  71              		.size	setY, .-setY
  72              		.text
  73              	.Letext0:
  74              		.file 2 "Generated_Source\\PSoC4/cytypes.h"
  75              		.file 3 ".\\i2c.h"
  76              		.section	.debug_info,"",%progbits
  77              	.Ldebug_info0:
  78 0000 12010000 		.4byte	0x112
  79 0004 0400     		.2byte	0x4
  80 0006 00000000 		.4byte	.Ldebug_abbrev0
  81 000a 04       		.byte	0x4
  82 000b 01       		.uleb128 0x1
  83 000c CB000000 		.4byte	.LASF17
  84 0010 01       		.byte	0x1
  85 0011 20000000 		.4byte	.LASF18
  86 0015 3F000000 		.4byte	.LASF19
  87 0019 00000000 		.4byte	.Ldebug_ranges0+0
ARM GAS  C:\Users\JEPPES~1\AppData\Local\Temp\ccFuDFqT.s 			page 3


  88 001d 00000000 		.4byte	0
  89 0021 00000000 		.4byte	.Ldebug_line0
  90 0025 02       		.uleb128 0x2
  91 0026 01       		.byte	0x1
  92 0027 06       		.byte	0x6
  93 0028 BA000000 		.4byte	.LASF0
  94 002c 02       		.uleb128 0x2
  95 002d 01       		.byte	0x1
  96 002e 08       		.byte	0x8
  97 002f 78000000 		.4byte	.LASF1
  98 0033 02       		.uleb128 0x2
  99 0034 02       		.byte	0x2
 100 0035 05       		.byte	0x5
 101 0036 59010000 		.4byte	.LASF2
 102 003a 02       		.uleb128 0x2
 103 003b 02       		.byte	0x2
 104 003c 07       		.byte	0x7
 105 003d A7000000 		.4byte	.LASF3
 106 0041 02       		.uleb128 0x2
 107 0042 04       		.byte	0x4
 108 0043 05       		.byte	0x5
 109 0044 97000000 		.4byte	.LASF4
 110 0048 02       		.uleb128 0x2
 111 0049 04       		.byte	0x4
 112 004a 07       		.byte	0x7
 113 004b 2D000000 		.4byte	.LASF5
 114 004f 02       		.uleb128 0x2
 115 0050 08       		.byte	0x8
 116 0051 05       		.byte	0x5
 117 0052 00000000 		.4byte	.LASF6
 118 0056 02       		.uleb128 0x2
 119 0057 08       		.byte	0x8
 120 0058 07       		.byte	0x7
 121 0059 5B000000 		.4byte	.LASF7
 122 005d 03       		.uleb128 0x3
 123 005e 04       		.byte	0x4
 124 005f 05       		.byte	0x5
 125 0060 696E7400 		.ascii	"int\000"
 126 0064 02       		.uleb128 0x2
 127 0065 04       		.byte	0x4
 128 0066 07       		.byte	0x7
 129 0067 0E000000 		.4byte	.LASF8
 130 006b 04       		.uleb128 0x4
 131 006c 27000000 		.4byte	.LASF20
 132 0070 02       		.byte	0x2
 133 0071 3801     		.2byte	0x138
 134 0073 2C000000 		.4byte	0x2c
 135 0077 02       		.uleb128 0x2
 136 0078 04       		.byte	0x4
 137 0079 04       		.byte	0x4
 138 007a 72000000 		.4byte	.LASF9
 139 007e 02       		.uleb128 0x2
 140 007f 08       		.byte	0x8
 141 0080 04       		.byte	0x4
 142 0081 A0000000 		.4byte	.LASF10
 143 0085 02       		.uleb128 0x2
 144 0086 01       		.byte	0x1
ARM GAS  C:\Users\JEPPES~1\AppData\Local\Temp\ccFuDFqT.s 			page 4


 145 0087 08       		.byte	0x8
 146 0088 86000000 		.4byte	.LASF11
 147 008c 02       		.uleb128 0x2
 148 008d 04       		.byte	0x4
 149 008e 07       		.byte	0x7
 150 008f 6D010000 		.4byte	.LASF12
 151 0093 05       		.uleb128 0x5
 152 0094 04       		.byte	0x4
 153 0095 6B000000 		.4byte	0x6b
 154 0099 06       		.uleb128 0x6
 155 009a 63010000 		.4byte	.LASF13
 156 009e 01       		.byte	0x1
 157 009f 15       		.byte	0x15
 158 00a0 00000000 		.4byte	.LFB34
 159 00a4 0C000000 		.4byte	.LFE34-.LFB34
 160 00a8 01       		.uleb128 0x1
 161 00a9 9C       		.byte	0x9c
 162 00aa CE000000 		.4byte	0xce
 163 00ae 07       		.uleb128 0x7
 164 00af 1B000000 		.4byte	.LASF15
 165 00b3 01       		.byte	0x1
 166 00b4 15       		.byte	0x15
 167 00b5 6B000000 		.4byte	0x6b
 168 00b9 00000000 		.4byte	.LLST0
 169 00bd 08       		.uleb128 0x8
 170 00be 0A000000 		.4byte	.LVL2
 171 00c2 03010000 		.4byte	0x103
 172 00c6 09       		.uleb128 0x9
 173 00c7 01       		.uleb128 0x1
 174 00c8 50       		.byte	0x50
 175 00c9 02       		.uleb128 0x2
 176 00ca 08       		.byte	0x8
 177 00cb 71       		.byte	0x71
 178 00cc 00       		.byte	0
 179 00cd 00       		.byte	0
 180 00ce 06       		.uleb128 0x6
 181 00cf 68010000 		.4byte	.LASF14
 182 00d3 01       		.byte	0x1
 183 00d4 19       		.byte	0x19
 184 00d5 00000000 		.4byte	.LFB35
 185 00d9 0C000000 		.4byte	.LFE35-.LFB35
 186 00dd 01       		.uleb128 0x1
 187 00de 9C       		.byte	0x9c
 188 00df 03010000 		.4byte	0x103
 189 00e3 07       		.uleb128 0x7
 190 00e4 C6000000 		.4byte	.LASF16
 191 00e8 01       		.byte	0x1
 192 00e9 19       		.byte	0x19
 193 00ea 6B000000 		.4byte	0x6b
 194 00ee 21000000 		.4byte	.LLST1
 195 00f2 08       		.uleb128 0x8
 196 00f3 0A000000 		.4byte	.LVL5
 197 00f7 03010000 		.4byte	0x103
 198 00fb 09       		.uleb128 0x9
 199 00fc 01       		.uleb128 0x1
 200 00fd 50       		.byte	0x50
 201 00fe 02       		.uleb128 0x2
ARM GAS  C:\Users\JEPPES~1\AppData\Local\Temp\ccFuDFqT.s 			page 5


 202 00ff 08       		.byte	0x8
 203 0100 72       		.byte	0x72
 204 0101 00       		.byte	0
 205 0102 00       		.byte	0
 206 0103 0A       		.uleb128 0xa
 207 0104 8B000000 		.4byte	.LASF21
 208 0108 03       		.byte	0x3
 209 0109 20       		.byte	0x20
 210 010a 0B       		.uleb128 0xb
 211 010b 6B000000 		.4byte	0x6b
 212 010f 0B       		.uleb128 0xb
 213 0110 93000000 		.4byte	0x93
 214 0114 00       		.byte	0
 215 0115 00       		.byte	0
 216              		.section	.debug_abbrev,"",%progbits
 217              	.Ldebug_abbrev0:
 218 0000 01       		.uleb128 0x1
 219 0001 11       		.uleb128 0x11
 220 0002 01       		.byte	0x1
 221 0003 25       		.uleb128 0x25
 222 0004 0E       		.uleb128 0xe
 223 0005 13       		.uleb128 0x13
 224 0006 0B       		.uleb128 0xb
 225 0007 03       		.uleb128 0x3
 226 0008 0E       		.uleb128 0xe
 227 0009 1B       		.uleb128 0x1b
 228 000a 0E       		.uleb128 0xe
 229 000b 55       		.uleb128 0x55
 230 000c 17       		.uleb128 0x17
 231 000d 11       		.uleb128 0x11
 232 000e 01       		.uleb128 0x1
 233 000f 10       		.uleb128 0x10
 234 0010 17       		.uleb128 0x17
 235 0011 00       		.byte	0
 236 0012 00       		.byte	0
 237 0013 02       		.uleb128 0x2
 238 0014 24       		.uleb128 0x24
 239 0015 00       		.byte	0
 240 0016 0B       		.uleb128 0xb
 241 0017 0B       		.uleb128 0xb
 242 0018 3E       		.uleb128 0x3e
 243 0019 0B       		.uleb128 0xb
 244 001a 03       		.uleb128 0x3
 245 001b 0E       		.uleb128 0xe
 246 001c 00       		.byte	0
 247 001d 00       		.byte	0
 248 001e 03       		.uleb128 0x3
 249 001f 24       		.uleb128 0x24
 250 0020 00       		.byte	0
 251 0021 0B       		.uleb128 0xb
 252 0022 0B       		.uleb128 0xb
 253 0023 3E       		.uleb128 0x3e
 254 0024 0B       		.uleb128 0xb
 255 0025 03       		.uleb128 0x3
 256 0026 08       		.uleb128 0x8
 257 0027 00       		.byte	0
 258 0028 00       		.byte	0
ARM GAS  C:\Users\JEPPES~1\AppData\Local\Temp\ccFuDFqT.s 			page 6


 259 0029 04       		.uleb128 0x4
 260 002a 16       		.uleb128 0x16
 261 002b 00       		.byte	0
 262 002c 03       		.uleb128 0x3
 263 002d 0E       		.uleb128 0xe
 264 002e 3A       		.uleb128 0x3a
 265 002f 0B       		.uleb128 0xb
 266 0030 3B       		.uleb128 0x3b
 267 0031 05       		.uleb128 0x5
 268 0032 49       		.uleb128 0x49
 269 0033 13       		.uleb128 0x13
 270 0034 00       		.byte	0
 271 0035 00       		.byte	0
 272 0036 05       		.uleb128 0x5
 273 0037 0F       		.uleb128 0xf
 274 0038 00       		.byte	0
 275 0039 0B       		.uleb128 0xb
 276 003a 0B       		.uleb128 0xb
 277 003b 49       		.uleb128 0x49
 278 003c 13       		.uleb128 0x13
 279 003d 00       		.byte	0
 280 003e 00       		.byte	0
 281 003f 06       		.uleb128 0x6
 282 0040 2E       		.uleb128 0x2e
 283 0041 01       		.byte	0x1
 284 0042 3F       		.uleb128 0x3f
 285 0043 19       		.uleb128 0x19
 286 0044 03       		.uleb128 0x3
 287 0045 0E       		.uleb128 0xe
 288 0046 3A       		.uleb128 0x3a
 289 0047 0B       		.uleb128 0xb
 290 0048 3B       		.uleb128 0x3b
 291 0049 0B       		.uleb128 0xb
 292 004a 27       		.uleb128 0x27
 293 004b 19       		.uleb128 0x19
 294 004c 11       		.uleb128 0x11
 295 004d 01       		.uleb128 0x1
 296 004e 12       		.uleb128 0x12
 297 004f 06       		.uleb128 0x6
 298 0050 40       		.uleb128 0x40
 299 0051 18       		.uleb128 0x18
 300 0052 9742     		.uleb128 0x2117
 301 0054 19       		.uleb128 0x19
 302 0055 01       		.uleb128 0x1
 303 0056 13       		.uleb128 0x13
 304 0057 00       		.byte	0
 305 0058 00       		.byte	0
 306 0059 07       		.uleb128 0x7
 307 005a 05       		.uleb128 0x5
 308 005b 00       		.byte	0
 309 005c 03       		.uleb128 0x3
 310 005d 0E       		.uleb128 0xe
 311 005e 3A       		.uleb128 0x3a
 312 005f 0B       		.uleb128 0xb
 313 0060 3B       		.uleb128 0x3b
 314 0061 0B       		.uleb128 0xb
 315 0062 49       		.uleb128 0x49
ARM GAS  C:\Users\JEPPES~1\AppData\Local\Temp\ccFuDFqT.s 			page 7


 316 0063 13       		.uleb128 0x13
 317 0064 02       		.uleb128 0x2
 318 0065 17       		.uleb128 0x17
 319 0066 00       		.byte	0
 320 0067 00       		.byte	0
 321 0068 08       		.uleb128 0x8
 322 0069 898201   		.uleb128 0x4109
 323 006c 01       		.byte	0x1
 324 006d 11       		.uleb128 0x11
 325 006e 01       		.uleb128 0x1
 326 006f 31       		.uleb128 0x31
 327 0070 13       		.uleb128 0x13
 328 0071 00       		.byte	0
 329 0072 00       		.byte	0
 330 0073 09       		.uleb128 0x9
 331 0074 8A8201   		.uleb128 0x410a
 332 0077 00       		.byte	0
 333 0078 02       		.uleb128 0x2
 334 0079 18       		.uleb128 0x18
 335 007a 9142     		.uleb128 0x2111
 336 007c 18       		.uleb128 0x18
 337 007d 00       		.byte	0
 338 007e 00       		.byte	0
 339 007f 0A       		.uleb128 0xa
 340 0080 2E       		.uleb128 0x2e
 341 0081 01       		.byte	0x1
 342 0082 3F       		.uleb128 0x3f
 343 0083 19       		.uleb128 0x19
 344 0084 03       		.uleb128 0x3
 345 0085 0E       		.uleb128 0xe
 346 0086 3A       		.uleb128 0x3a
 347 0087 0B       		.uleb128 0xb
 348 0088 3B       		.uleb128 0x3b
 349 0089 0B       		.uleb128 0xb
 350 008a 27       		.uleb128 0x27
 351 008b 19       		.uleb128 0x19
 352 008c 3C       		.uleb128 0x3c
 353 008d 19       		.uleb128 0x19
 354 008e 00       		.byte	0
 355 008f 00       		.byte	0
 356 0090 0B       		.uleb128 0xb
 357 0091 05       		.uleb128 0x5
 358 0092 00       		.byte	0
 359 0093 49       		.uleb128 0x49
 360 0094 13       		.uleb128 0x13
 361 0095 00       		.byte	0
 362 0096 00       		.byte	0
 363 0097 00       		.byte	0
 364              		.section	.debug_loc,"",%progbits
 365              	.Ldebug_loc0:
 366              	.LLST0:
 367 0000 00000000 		.4byte	.LVL0
 368 0004 06000000 		.4byte	.LVL1
 369 0008 0100     		.2byte	0x1
 370 000a 50       		.byte	0x50
 371 000b 06000000 		.4byte	.LVL1
 372 000f 0C000000 		.4byte	.LFE34
ARM GAS  C:\Users\JEPPES~1\AppData\Local\Temp\ccFuDFqT.s 			page 8


 373 0013 0400     		.2byte	0x4
 374 0015 F3       		.byte	0xf3
 375 0016 01       		.uleb128 0x1
 376 0017 50       		.byte	0x50
 377 0018 9F       		.byte	0x9f
 378 0019 00000000 		.4byte	0
 379 001d 00000000 		.4byte	0
 380              	.LLST1:
 381 0021 00000000 		.4byte	.LVL3
 382 0025 06000000 		.4byte	.LVL4
 383 0029 0100     		.2byte	0x1
 384 002b 50       		.byte	0x50
 385 002c 06000000 		.4byte	.LVL4
 386 0030 0C000000 		.4byte	.LFE35
 387 0034 0400     		.2byte	0x4
 388 0036 F3       		.byte	0xf3
 389 0037 01       		.uleb128 0x1
 390 0038 50       		.byte	0x50
 391 0039 9F       		.byte	0x9f
 392 003a 00000000 		.4byte	0
 393 003e 00000000 		.4byte	0
 394              		.section	.debug_aranges,"",%progbits
 395 0000 24000000 		.4byte	0x24
 396 0004 0200     		.2byte	0x2
 397 0006 00000000 		.4byte	.Ldebug_info0
 398 000a 04       		.byte	0x4
 399 000b 00       		.byte	0
 400 000c 0000     		.2byte	0
 401 000e 0000     		.2byte	0
 402 0010 00000000 		.4byte	.LFB34
 403 0014 0C000000 		.4byte	.LFE34-.LFB34
 404 0018 00000000 		.4byte	.LFB35
 405 001c 0C000000 		.4byte	.LFE35-.LFB35
 406 0020 00000000 		.4byte	0
 407 0024 00000000 		.4byte	0
 408              		.section	.debug_ranges,"",%progbits
 409              	.Ldebug_ranges0:
 410 0000 00000000 		.4byte	.LFB34
 411 0004 0C000000 		.4byte	.LFE34
 412 0008 00000000 		.4byte	.LFB35
 413 000c 0C000000 		.4byte	.LFE35
 414 0010 00000000 		.4byte	0
 415 0014 00000000 		.4byte	0
 416              		.section	.debug_line,"",%progbits
 417              	.Ldebug_line0:
 418 0000 74000000 		.section	.debug_str,"MS",%progbits,1
 418      02004C00 
 418      00000201 
 418      FB0E0D00 
 418      01010101 
 419              	.LASF6:
 420 0000 6C6F6E67 		.ascii	"long long int\000"
 420      206C6F6E 
 420      6720696E 
 420      7400
 421              	.LASF8:
 422 000e 756E7369 		.ascii	"unsigned int\000"
ARM GAS  C:\Users\JEPPES~1\AppData\Local\Temp\ccFuDFqT.s 			page 9


 422      676E6564 
 422      20696E74 
 422      00
 423              	.LASF15:
 424 001b 7856616C 		.ascii	"xVal\000"
 424      00
 425              	.LASF18:
 426 0020 2E5C7879 		.ascii	".\\xy.c\000"
 426      2E6300
 427              	.LASF20:
 428 0027 75696E74 		.ascii	"uint8\000"
 428      3800
 429              	.LASF5:
 430 002d 6C6F6E67 		.ascii	"long unsigned int\000"
 430      20756E73 
 430      69676E65 
 430      6420696E 
 430      7400
 431              	.LASF19:
 432 003f 433A5C45 		.ascii	"C:\\E3PRJ3\\PSoC4Master.cydsn\000"
 432      3350524A 
 432      335C5053 
 432      6F43344D 
 432      61737465 
 433              	.LASF7:
 434 005b 6C6F6E67 		.ascii	"long long unsigned int\000"
 434      206C6F6E 
 434      6720756E 
 434      7369676E 
 434      65642069 
 435              	.LASF9:
 436 0072 666C6F61 		.ascii	"float\000"
 436      7400
 437              	.LASF1:
 438 0078 756E7369 		.ascii	"unsigned char\000"
 438      676E6564 
 438      20636861 
 438      7200
 439              	.LASF11:
 440 0086 63686172 		.ascii	"char\000"
 440      00
 441              	.LASF21:
 442 008b 6932635F 		.ascii	"i2c_handler\000"
 442      68616E64 
 442      6C657200 
 443              	.LASF4:
 444 0097 6C6F6E67 		.ascii	"long int\000"
 444      20696E74 
 444      00
 445              	.LASF10:
 446 00a0 646F7562 		.ascii	"double\000"
 446      6C6500
 447              	.LASF3:
 448 00a7 73686F72 		.ascii	"short unsigned int\000"
 448      7420756E 
 448      7369676E 
 448      65642069 
ARM GAS  C:\Users\JEPPES~1\AppData\Local\Temp\ccFuDFqT.s 			page 10


 448      6E7400
 449              	.LASF0:
 450 00ba 7369676E 		.ascii	"signed char\000"
 450      65642063 
 450      68617200 
 451              	.LASF16:
 452 00c6 7956616C 		.ascii	"yVal\000"
 452      00
 453              	.LASF17:
 454 00cb 474E5520 		.ascii	"GNU C 4.9.3 20150303 (release) [ARM/embedded-4_9-br"
 454      4320342E 
 454      392E3320 
 454      32303135 
 454      30333033 
 455 00fe 616E6368 		.ascii	"anch revision 221220] -mcpu=cortex-m0 -mthumb -g -O"
 455      20726576 
 455      6973696F 
 455      6E203232 
 455      31323230 
 456 0131 67202D66 		.ascii	"g -ffunction-sections -ffat-lto-objects\000"
 456      66756E63 
 456      74696F6E 
 456      2D736563 
 456      74696F6E 
 457              	.LASF2:
 458 0159 73686F72 		.ascii	"short int\000"
 458      7420696E 
 458      7400
 459              	.LASF13:
 460 0163 73657458 		.ascii	"setX\000"
 460      00
 461              	.LASF14:
 462 0168 73657459 		.ascii	"setY\000"
 462      00
 463              	.LASF12:
 464 016d 73697A65 		.ascii	"sizetype\000"
 464      74797065 
 464      00
 465              		.ident	"GCC: (GNU Tools for ARM Embedded Processors) 4.9.3 20150303 (release) [ARM/embedded-4_9-br
