ARM GAS  C:\Users\JEPPES~1\AppData\Local\Temp\ccZC43L9.s 			page 1


   1              		.cpu cortex-m0
   2              		.fpu softvfp
   3              		.eabi_attribute 20, 1
   4              		.eabi_attribute 21, 1
   5              		.eabi_attribute 23, 3
   6              		.eabi_attribute 24, 1
   7              		.eabi_attribute 25, 1
   8              		.eabi_attribute 26, 1
   9              		.eabi_attribute 30, 1
  10              		.eabi_attribute 34, 0
  11              		.eabi_attribute 18, 4
  12              		.code	16
  13              		.file	"z.c"
  14              		.text
  15              	.Ltext0:
  16              		.cfi_sections	.debug_frame
  17              		.section	.text.setZ,"ax",%progbits
  18              		.align	2
  19              		.global	setZ
  20              		.code	16
  21              		.thumb_func
  22              		.type	setZ, %function
  23              	setZ:
  24              	.LFB34:
  25              		.file 1 ".\\z.c"
   1:.\z.c         **** /* ========================================
   2:.\z.c         ****  *
   3:.\z.c         ****  * File: z.c
   4:.\z.c         ****  * Description: 
   5:.\z.c         ****  *
   6:.\z.c         ****  * University: AARHUS UNIVERSITY SCHOOL OF ENGINEERING
   7:.\z.c         ****  * Project: F16 - E3PRJ3-02 Semesterprojekt 3 [240501U178]
   8:.\z.c         ****  * Group: 1
   9:.\z.c         ****  * 
  10:.\z.c         ****  * Author: Jeppe Stærk
  11:.\z.c         ****  * Matriculation number: 201271201
  12:.\z.c         ****  *
  13:.\z.c         ****  * Version: 1.0
  14:.\z.c         ****  * Date: 13-05-2016
  15:.\z.c         ****  *
  16:.\z.c         ****  * ========================================
  17:.\z.c         **** */
  18:.\z.c         **** 
  19:.\z.c         **** #include "z.h"
  20:.\z.c         **** 
  21:.\z.c         **** void setZ(uint8 zVal) {
  26              		.loc 1 21 0
  27              		.cfi_startproc
  28              	.LVL0:
  29 0000 08B5     		push	{r3, lr}
  30              		.cfi_def_cfa_offset 8
  31              		.cfi_offset 3, -8
  32              		.cfi_offset 14, -4
  33 0002 011C     		mov	r1, r0
  22:.\z.c         ****     i2c_handler(I2C_SET_Z, zVal);   
  34              		.loc 1 22 0
  35 0004 8120     		mov	r0, #129
ARM GAS  C:\Users\JEPPES~1\AppData\Local\Temp\ccZC43L9.s 			page 2


  36              	.LVL1:
  37 0006 FFF7FEFF 		bl	i2c_handler
  38              	.LVL2:
  23:.\z.c         **** }
  39              		.loc 1 23 0
  40              		@ sp needed
  41 000a 08BD     		pop	{r3, pc}
  42              		.cfi_endproc
  43              	.LFE34:
  44              		.size	setZ, .-setZ
  45              		.text
  46              	.Letext0:
  47              		.file 2 "Generated_Source\\PSoC4/cytypes.h"
  48              		.file 3 ".\\i2c.h"
  49              		.section	.debug_info,"",%progbits
  50              	.Ldebug_info0:
  51 0000 DD000000 		.4byte	0xdd
  52 0004 0400     		.2byte	0x4
  53 0006 00000000 		.4byte	.Ldebug_abbrev0
  54 000a 04       		.byte	0x4
  55 000b 01       		.uleb128 0x1
  56 000c C0000000 		.4byte	.LASF13
  57 0010 01       		.byte	0x1
  58 0011 94000000 		.4byte	.LASF14
  59 0015 33000000 		.4byte	.LASF15
  60 0019 00000000 		.4byte	.Ldebug_ranges0+0
  61 001d 00000000 		.4byte	0
  62 0021 00000000 		.4byte	.Ldebug_line0
  63 0025 02       		.uleb128 0x2
  64 0026 01       		.byte	0x1
  65 0027 06       		.byte	0x6
  66 0028 B4000000 		.4byte	.LASF0
  67 002c 02       		.uleb128 0x2
  68 002d 01       		.byte	0x1
  69 002e 08       		.byte	0x8
  70 002f 6C000000 		.4byte	.LASF1
  71 0033 02       		.uleb128 0x2
  72 0034 02       		.byte	0x2
  73 0035 05       		.byte	0x5
  74 0036 53010000 		.4byte	.LASF2
  75 003a 02       		.uleb128 0x2
  76 003b 02       		.byte	0x2
  77 003c 07       		.byte	0x7
  78 003d A1000000 		.4byte	.LASF3
  79 0041 02       		.uleb128 0x2
  80 0042 04       		.byte	0x4
  81 0043 05       		.byte	0x5
  82 0044 8B000000 		.4byte	.LASF4
  83 0048 02       		.uleb128 0x2
  84 0049 04       		.byte	0x4
  85 004a 07       		.byte	0x7
  86 004b 21000000 		.4byte	.LASF5
  87 004f 02       		.uleb128 0x2
  88 0050 08       		.byte	0x8
  89 0051 05       		.byte	0x5
  90 0052 00000000 		.4byte	.LASF6
  91 0056 02       		.uleb128 0x2
ARM GAS  C:\Users\JEPPES~1\AppData\Local\Temp\ccZC43L9.s 			page 3


  92 0057 08       		.byte	0x8
  93 0058 07       		.byte	0x7
  94 0059 4F000000 		.4byte	.LASF7
  95 005d 03       		.uleb128 0x3
  96 005e 04       		.byte	0x4
  97 005f 05       		.byte	0x5
  98 0060 696E7400 		.ascii	"int\000"
  99 0064 02       		.uleb128 0x2
 100 0065 04       		.byte	0x4
 101 0066 07       		.byte	0x7
 102 0067 0E000000 		.4byte	.LASF8
 103 006b 04       		.uleb128 0x4
 104 006c 1B000000 		.4byte	.LASF16
 105 0070 02       		.byte	0x2
 106 0071 3801     		.2byte	0x138
 107 0073 2C000000 		.4byte	0x2c
 108 0077 02       		.uleb128 0x2
 109 0078 04       		.byte	0x4
 110 0079 04       		.byte	0x4
 111 007a 66000000 		.4byte	.LASF9
 112 007e 02       		.uleb128 0x2
 113 007f 08       		.byte	0x8
 114 0080 04       		.byte	0x4
 115 0081 9A000000 		.4byte	.LASF10
 116 0085 02       		.uleb128 0x2
 117 0086 01       		.byte	0x1
 118 0087 08       		.byte	0x8
 119 0088 7A000000 		.4byte	.LASF11
 120 008c 02       		.uleb128 0x2
 121 008d 04       		.byte	0x4
 122 008e 07       		.byte	0x7
 123 008f 62010000 		.4byte	.LASF12
 124 0093 05       		.uleb128 0x5
 125 0094 04       		.byte	0x4
 126 0095 6B000000 		.4byte	0x6b
 127 0099 06       		.uleb128 0x6
 128 009a 5D010000 		.4byte	.LASF17
 129 009e 01       		.byte	0x1
 130 009f 15       		.byte	0x15
 131 00a0 00000000 		.4byte	.LFB34
 132 00a4 0C000000 		.4byte	.LFE34-.LFB34
 133 00a8 01       		.uleb128 0x1
 134 00a9 9C       		.byte	0x9c
 135 00aa CE000000 		.4byte	0xce
 136 00ae 07       		.uleb128 0x7
 137 00af 4E010000 		.4byte	.LASF18
 138 00b3 01       		.byte	0x1
 139 00b4 15       		.byte	0x15
 140 00b5 6B000000 		.4byte	0x6b
 141 00b9 00000000 		.4byte	.LLST0
 142 00bd 08       		.uleb128 0x8
 143 00be 0A000000 		.4byte	.LVL2
 144 00c2 CE000000 		.4byte	0xce
 145 00c6 09       		.uleb128 0x9
 146 00c7 01       		.uleb128 0x1
 147 00c8 50       		.byte	0x50
 148 00c9 02       		.uleb128 0x2
ARM GAS  C:\Users\JEPPES~1\AppData\Local\Temp\ccZC43L9.s 			page 4


 149 00ca 09       		.byte	0x9
 150 00cb 81       		.byte	0x81
 151 00cc 00       		.byte	0
 152 00cd 00       		.byte	0
 153 00ce 0A       		.uleb128 0xa
 154 00cf 7F000000 		.4byte	.LASF19
 155 00d3 03       		.byte	0x3
 156 00d4 20       		.byte	0x20
 157 00d5 0B       		.uleb128 0xb
 158 00d6 6B000000 		.4byte	0x6b
 159 00da 0B       		.uleb128 0xb
 160 00db 93000000 		.4byte	0x93
 161 00df 00       		.byte	0
 162 00e0 00       		.byte	0
 163              		.section	.debug_abbrev,"",%progbits
 164              	.Ldebug_abbrev0:
 165 0000 01       		.uleb128 0x1
 166 0001 11       		.uleb128 0x11
 167 0002 01       		.byte	0x1
 168 0003 25       		.uleb128 0x25
 169 0004 0E       		.uleb128 0xe
 170 0005 13       		.uleb128 0x13
 171 0006 0B       		.uleb128 0xb
 172 0007 03       		.uleb128 0x3
 173 0008 0E       		.uleb128 0xe
 174 0009 1B       		.uleb128 0x1b
 175 000a 0E       		.uleb128 0xe
 176 000b 55       		.uleb128 0x55
 177 000c 17       		.uleb128 0x17
 178 000d 11       		.uleb128 0x11
 179 000e 01       		.uleb128 0x1
 180 000f 10       		.uleb128 0x10
 181 0010 17       		.uleb128 0x17
 182 0011 00       		.byte	0
 183 0012 00       		.byte	0
 184 0013 02       		.uleb128 0x2
 185 0014 24       		.uleb128 0x24
 186 0015 00       		.byte	0
 187 0016 0B       		.uleb128 0xb
 188 0017 0B       		.uleb128 0xb
 189 0018 3E       		.uleb128 0x3e
 190 0019 0B       		.uleb128 0xb
 191 001a 03       		.uleb128 0x3
 192 001b 0E       		.uleb128 0xe
 193 001c 00       		.byte	0
 194 001d 00       		.byte	0
 195 001e 03       		.uleb128 0x3
 196 001f 24       		.uleb128 0x24
 197 0020 00       		.byte	0
 198 0021 0B       		.uleb128 0xb
 199 0022 0B       		.uleb128 0xb
 200 0023 3E       		.uleb128 0x3e
 201 0024 0B       		.uleb128 0xb
 202 0025 03       		.uleb128 0x3
 203 0026 08       		.uleb128 0x8
 204 0027 00       		.byte	0
 205 0028 00       		.byte	0
ARM GAS  C:\Users\JEPPES~1\AppData\Local\Temp\ccZC43L9.s 			page 5


 206 0029 04       		.uleb128 0x4
 207 002a 16       		.uleb128 0x16
 208 002b 00       		.byte	0
 209 002c 03       		.uleb128 0x3
 210 002d 0E       		.uleb128 0xe
 211 002e 3A       		.uleb128 0x3a
 212 002f 0B       		.uleb128 0xb
 213 0030 3B       		.uleb128 0x3b
 214 0031 05       		.uleb128 0x5
 215 0032 49       		.uleb128 0x49
 216 0033 13       		.uleb128 0x13
 217 0034 00       		.byte	0
 218 0035 00       		.byte	0
 219 0036 05       		.uleb128 0x5
 220 0037 0F       		.uleb128 0xf
 221 0038 00       		.byte	0
 222 0039 0B       		.uleb128 0xb
 223 003a 0B       		.uleb128 0xb
 224 003b 49       		.uleb128 0x49
 225 003c 13       		.uleb128 0x13
 226 003d 00       		.byte	0
 227 003e 00       		.byte	0
 228 003f 06       		.uleb128 0x6
 229 0040 2E       		.uleb128 0x2e
 230 0041 01       		.byte	0x1
 231 0042 3F       		.uleb128 0x3f
 232 0043 19       		.uleb128 0x19
 233 0044 03       		.uleb128 0x3
 234 0045 0E       		.uleb128 0xe
 235 0046 3A       		.uleb128 0x3a
 236 0047 0B       		.uleb128 0xb
 237 0048 3B       		.uleb128 0x3b
 238 0049 0B       		.uleb128 0xb
 239 004a 27       		.uleb128 0x27
 240 004b 19       		.uleb128 0x19
 241 004c 11       		.uleb128 0x11
 242 004d 01       		.uleb128 0x1
 243 004e 12       		.uleb128 0x12
 244 004f 06       		.uleb128 0x6
 245 0050 40       		.uleb128 0x40
 246 0051 18       		.uleb128 0x18
 247 0052 9742     		.uleb128 0x2117
 248 0054 19       		.uleb128 0x19
 249 0055 01       		.uleb128 0x1
 250 0056 13       		.uleb128 0x13
 251 0057 00       		.byte	0
 252 0058 00       		.byte	0
 253 0059 07       		.uleb128 0x7
 254 005a 05       		.uleb128 0x5
 255 005b 00       		.byte	0
 256 005c 03       		.uleb128 0x3
 257 005d 0E       		.uleb128 0xe
 258 005e 3A       		.uleb128 0x3a
 259 005f 0B       		.uleb128 0xb
 260 0060 3B       		.uleb128 0x3b
 261 0061 0B       		.uleb128 0xb
 262 0062 49       		.uleb128 0x49
ARM GAS  C:\Users\JEPPES~1\AppData\Local\Temp\ccZC43L9.s 			page 6


 263 0063 13       		.uleb128 0x13
 264 0064 02       		.uleb128 0x2
 265 0065 17       		.uleb128 0x17
 266 0066 00       		.byte	0
 267 0067 00       		.byte	0
 268 0068 08       		.uleb128 0x8
 269 0069 898201   		.uleb128 0x4109
 270 006c 01       		.byte	0x1
 271 006d 11       		.uleb128 0x11
 272 006e 01       		.uleb128 0x1
 273 006f 31       		.uleb128 0x31
 274 0070 13       		.uleb128 0x13
 275 0071 00       		.byte	0
 276 0072 00       		.byte	0
 277 0073 09       		.uleb128 0x9
 278 0074 8A8201   		.uleb128 0x410a
 279 0077 00       		.byte	0
 280 0078 02       		.uleb128 0x2
 281 0079 18       		.uleb128 0x18
 282 007a 9142     		.uleb128 0x2111
 283 007c 18       		.uleb128 0x18
 284 007d 00       		.byte	0
 285 007e 00       		.byte	0
 286 007f 0A       		.uleb128 0xa
 287 0080 2E       		.uleb128 0x2e
 288 0081 01       		.byte	0x1
 289 0082 3F       		.uleb128 0x3f
 290 0083 19       		.uleb128 0x19
 291 0084 03       		.uleb128 0x3
 292 0085 0E       		.uleb128 0xe
 293 0086 3A       		.uleb128 0x3a
 294 0087 0B       		.uleb128 0xb
 295 0088 3B       		.uleb128 0x3b
 296 0089 0B       		.uleb128 0xb
 297 008a 27       		.uleb128 0x27
 298 008b 19       		.uleb128 0x19
 299 008c 3C       		.uleb128 0x3c
 300 008d 19       		.uleb128 0x19
 301 008e 00       		.byte	0
 302 008f 00       		.byte	0
 303 0090 0B       		.uleb128 0xb
 304 0091 05       		.uleb128 0x5
 305 0092 00       		.byte	0
 306 0093 49       		.uleb128 0x49
 307 0094 13       		.uleb128 0x13
 308 0095 00       		.byte	0
 309 0096 00       		.byte	0
 310 0097 00       		.byte	0
 311              		.section	.debug_loc,"",%progbits
 312              	.Ldebug_loc0:
 313              	.LLST0:
 314 0000 00000000 		.4byte	.LVL0
 315 0004 06000000 		.4byte	.LVL1
 316 0008 0100     		.2byte	0x1
 317 000a 50       		.byte	0x50
 318 000b 06000000 		.4byte	.LVL1
 319 000f 0C000000 		.4byte	.LFE34
ARM GAS  C:\Users\JEPPES~1\AppData\Local\Temp\ccZC43L9.s 			page 7


 320 0013 0400     		.2byte	0x4
 321 0015 F3       		.byte	0xf3
 322 0016 01       		.uleb128 0x1
 323 0017 50       		.byte	0x50
 324 0018 9F       		.byte	0x9f
 325 0019 00000000 		.4byte	0
 326 001d 00000000 		.4byte	0
 327              		.section	.debug_aranges,"",%progbits
 328 0000 1C000000 		.4byte	0x1c
 329 0004 0200     		.2byte	0x2
 330 0006 00000000 		.4byte	.Ldebug_info0
 331 000a 04       		.byte	0x4
 332 000b 00       		.byte	0
 333 000c 0000     		.2byte	0
 334 000e 0000     		.2byte	0
 335 0010 00000000 		.4byte	.LFB34
 336 0014 0C000000 		.4byte	.LFE34-.LFB34
 337 0018 00000000 		.4byte	0
 338 001c 00000000 		.4byte	0
 339              		.section	.debug_ranges,"",%progbits
 340              	.Ldebug_ranges0:
 341 0000 00000000 		.4byte	.LFB34
 342 0004 0C000000 		.4byte	.LFE34
 343 0008 00000000 		.4byte	0
 344 000c 00000000 		.4byte	0
 345              		.section	.debug_line,"",%progbits
 346              	.Ldebug_line0:
 347 0000 62000000 		.section	.debug_str,"MS",%progbits,1
 347      02004B00 
 347      00000201 
 347      FB0E0D00 
 347      01010101 
 348              	.LASF6:
 349 0000 6C6F6E67 		.ascii	"long long int\000"
 349      206C6F6E 
 349      6720696E 
 349      7400
 350              	.LASF8:
 351 000e 756E7369 		.ascii	"unsigned int\000"
 351      676E6564 
 351      20696E74 
 351      00
 352              	.LASF16:
 353 001b 75696E74 		.ascii	"uint8\000"
 353      3800
 354              	.LASF5:
 355 0021 6C6F6E67 		.ascii	"long unsigned int\000"
 355      20756E73 
 355      69676E65 
 355      6420696E 
 355      7400
 356              	.LASF15:
 357 0033 433A5C45 		.ascii	"C:\\E3PRJ3\\PSoC4Master.cydsn\000"
 357      3350524A 
 357      335C5053 
 357      6F43344D 
 357      61737465 
ARM GAS  C:\Users\JEPPES~1\AppData\Local\Temp\ccZC43L9.s 			page 8


 358              	.LASF7:
 359 004f 6C6F6E67 		.ascii	"long long unsigned int\000"
 359      206C6F6E 
 359      6720756E 
 359      7369676E 
 359      65642069 
 360              	.LASF9:
 361 0066 666C6F61 		.ascii	"float\000"
 361      7400
 362              	.LASF1:
 363 006c 756E7369 		.ascii	"unsigned char\000"
 363      676E6564 
 363      20636861 
 363      7200
 364              	.LASF11:
 365 007a 63686172 		.ascii	"char\000"
 365      00
 366              	.LASF19:
 367 007f 6932635F 		.ascii	"i2c_handler\000"
 367      68616E64 
 367      6C657200 
 368              	.LASF4:
 369 008b 6C6F6E67 		.ascii	"long int\000"
 369      20696E74 
 369      00
 370              	.LASF14:
 371 0094 2E5C7A2E 		.ascii	".\\z.c\000"
 371      6300
 372              	.LASF10:
 373 009a 646F7562 		.ascii	"double\000"
 373      6C6500
 374              	.LASF3:
 375 00a1 73686F72 		.ascii	"short unsigned int\000"
 375      7420756E 
 375      7369676E 
 375      65642069 
 375      6E7400
 376              	.LASF0:
 377 00b4 7369676E 		.ascii	"signed char\000"
 377      65642063 
 377      68617200 
 378              	.LASF13:
 379 00c0 474E5520 		.ascii	"GNU C 4.9.3 20150303 (release) [ARM/embedded-4_9-br"
 379      4320342E 
 379      392E3320 
 379      32303135 
 379      30333033 
 380 00f3 616E6368 		.ascii	"anch revision 221220] -mcpu=cortex-m0 -mthumb -g -O"
 380      20726576 
 380      6973696F 
 380      6E203232 
 380      31323230 
 381 0126 67202D66 		.ascii	"g -ffunction-sections -ffat-lto-objects\000"
 381      66756E63 
 381      74696F6E 
 381      2D736563 
 381      74696F6E 
ARM GAS  C:\Users\JEPPES~1\AppData\Local\Temp\ccZC43L9.s 			page 9


 382              	.LASF18:
 383 014e 7A56616C 		.ascii	"zVal\000"
 383      00
 384              	.LASF2:
 385 0153 73686F72 		.ascii	"short int\000"
 385      7420696E 
 385      7400
 386              	.LASF17:
 387 015d 7365745A 		.ascii	"setZ\000"
 387      00
 388              	.LASF12:
 389 0162 73697A65 		.ascii	"sizetype\000"
 389      74797065 
 389      00
 390              		.ident	"GCC: (GNU Tools for ARM Embedded Processors) 4.9.3 20150303 (release) [ARM/embedded-4_9-br
